-- Boost version: 1.65.1
-- Found the following Boost libraries:
--   system
--   python
--   thread
--   program_options
--   chrono
--   date_time
--   atomic
-- Boost version: 1.65.1
-- Found the following Boost libraries:
--   system
--   filesystem
--   thread
--   date_time
--   iostreams
--   serialization
--   chrono
--   atomic
--   regex
-- Could NOT find ensenso (missing: ENSENSO_LIBRARY ENSENSO_INCLUDE_DIR) 
-- Could NOT find DAVIDSDK (missing: DAVIDSDK_LIBRARY DAVIDSDK_INCLUDE_DIR) 
-- Could NOT find DSSDK (missing: _DSSDK_LIBRARIES) 
-- The imported target "vtkRenderingPythonTkWidgets" references the file
   "/usr/lib/x86_64-linux-gnu/libvtkRenderingPythonTkWidgets.so"
but this file does not exist.  Possible reasons include:
* The file was deleted, renamed, or moved to another location.
* An install or uninstall procedure did not complete successfully.
* The installation package was faulty and contained
   "/usr/lib/cmake/vtk-6.3/VTKTargets.cmake"
but not all the files it references.

-- The imported target "vtk" references the file
   "/usr/bin/vtk"
but this file does not exist.  Possible reasons include:
* The file was deleted, renamed, or moved to another location.
* An install or uninstall procedure did not complete successfully.
* The installation package was faulty and contained
   "/usr/lib/cmake/vtk-6.3/VTKTargets.cmake"
but not all the files it references.

-- Could NOT find ensenso (missing: ENSENSO_LIBRARY ENSENSO_INCLUDE_DIR) 
-- Could NOT find DAVIDSDK (missing: DAVIDSDK_LIBRARY DAVIDSDK_INCLUDE_DIR) 
-- Could NOT find DSSDK (missing: _DSSDK_LIBRARIES) 
-- Could NOT find RSSDK (missing: _RSSDK_LIBRARIES) 
-- looking for PCL_COMMON
-- looking for PCL_OCTREE
-- looking for PCL_IO
-- looking for PCL_KDTREE
-- looking for PCL_SEARCH
-- looking for PCL_SAMPLE_CONSENSUS
-- looking for PCL_FILTERS
-- looking for PCL_2D
-- looking for PCL_GEOMETRY
-- looking for PCL_FEATURES
-- looking for PCL_ML
-- looking for PCL_SEGMENTATION
-- looking for PCL_VISUALIZATION
-- looking for PCL_SURFACE
-- looking for PCL_REGISTRATION
-- looking for PCL_KEYPOINTS
-- looking for PCL_TRACKING
-- looking for PCL_RECOGNITION
-- looking for PCL_STEREO
-- looking for PCL_APPS
-- looking for PCL_IN_HAND_SCANNER
-- looking for PCL_MODELER
-- looking for PCL_POINT_CLOUD_EDITOR
-- looking for PCL_OUTOFCORE
-- looking for PCL_PEOPLE
-- Configuring done
-- Generating done
-- Build files have been written to: /root/crs_ws_fanuc/build/trajopt_sqp
[ 40%] Built target trajopt_sqp
[100%] Built target trajopt_sqp_callbacks
[ 40%] Built target trajopt_sqp
[100%] Built target trajopt_sqp_callbacks
[36mInstall the project...[0m
-- Install configuration: "Debug"
-- Up-to-date: /root/crs_ws_fanuc/install/trajopt_sqp/lib/libtrajopt_sqp.so
-- Up-to-date: /root/crs_ws_fanuc/install/trajopt_sqp/lib/libtrajopt_sqp_callbacks.so
-- Up-to-date: /root/crs_ws_fanuc/install/trajopt_sqp/lib/cmake/trajopt_sqp/trajopt_sqp-targets.cmake
-- Installing: /root/crs_ws_fanuc/install/trajopt_sqp/lib/cmake/trajopt_sqp/trajopt_sqp-targets-debug.cmake
-- Up-to-date: /root/crs_ws_fanuc/install/trajopt_sqp/share/trajopt_sqp/package.xml
-- Up-to-date: /root/crs_ws_fanuc/install/trajopt_sqp/lib/cmake/trajopt_sqp/trajopt_sqp-config.cmake
-- Up-to-date: /root/crs_ws_fanuc/install/trajopt_sqp/lib/cmake/trajopt_sqp/trajopt_sqp-config-version.cmake
-- Up-to-date: /root/crs_ws_fanuc/install/trajopt_sqp/include/trajopt_sqp
-- Up-to-date: /root/crs_ws_fanuc/install/trajopt_sqp/include/trajopt_sqp/osqp_eigen_solver.h
-- Up-to-date: /root/crs_ws_fanuc/install/trajopt_sqp/include/trajopt_sqp/qp_solver.h
-- Up-to-date: /root/crs_ws_fanuc/install/trajopt_sqp/include/trajopt_sqp/types.h
-- Up-to-date: /root/crs_ws_fanuc/install/trajopt_sqp/include/trajopt_sqp/qp_problem.h
-- Up-to-date: /root/crs_ws_fanuc/install/trajopt_sqp/include/trajopt_sqp/callbacks
-- Up-to-date: /root/crs_ws_fanuc/install/trajopt_sqp/include/trajopt_sqp/callbacks/clear_plotter.h
-- Up-to-date: /root/crs_ws_fanuc/install/trajopt_sqp/include/trajopt_sqp/callbacks/collision_plotter.h
-- Up-to-date: /root/crs_ws_fanuc/install/trajopt_sqp/include/trajopt_sqp/callbacks/cartesian_error_plotter.h
-- Up-to-date: /root/crs_ws_fanuc/install/trajopt_sqp/include/trajopt_sqp/callbacks/joint_state_plotter.h
-- Up-to-date: /root/crs_ws_fanuc/install/trajopt_sqp/include/trajopt_sqp/callbacks/wait_for_input.h
-- Up-to-date: /root/crs_ws_fanuc/install/trajopt_sqp/include/trajopt_sqp/sqp_callback.h
-- Up-to-date: /root/crs_ws_fanuc/install/trajopt_sqp/include/trajopt_sqp/trust_region_sqp_solver.h
