Determining if the pthread_create exist failed with the following output:
Change Dir: /root/crs_ws_fanuc/build/crs_motion_planning/CMakeFiles/CMakeTmp

Run Build Command:"/usr/bin/make" "cmTC_38f3d/fast"
/usr/bin/make -f CMakeFiles/cmTC_38f3d.dir/build.make CMakeFiles/cmTC_38f3d.dir/build
make[1]: Entering directory '/root/crs_ws_fanuc/build/crs_motion_planning/CMakeFiles/CMakeTmp'
Building C object CMakeFiles/cmTC_38f3d.dir/CheckSymbolExists.c.o
/usr/bin/cc    -o CMakeFiles/cmTC_38f3d.dir/CheckSymbolExists.c.o   -c /root/crs_ws_fanuc/build/crs_motion_planning/CMakeFiles/CMakeTmp/CheckSymbolExists.c
Linking C executable cmTC_38f3d
/usr/bin/cmake -E cmake_link_script CMakeFiles/cmTC_38f3d.dir/link.txt --verbose=1
/usr/bin/cc      CMakeFiles/cmTC_38f3d.dir/CheckSymbolExists.c.o  -o cmTC_38f3d 
CMakeFiles/cmTC_38f3d.dir/CheckSymbolExists.c.o: In function `main':
CheckSymbolExists.c:(.text+0x1b): undefined reference to `pthread_create'
collect2: error: ld returned 1 exit status
CMakeFiles/cmTC_38f3d.dir/build.make:97: recipe for target 'cmTC_38f3d' failed
make[1]: *** [cmTC_38f3d] Error 1
make[1]: Leaving directory '/root/crs_ws_fanuc/build/crs_motion_planning/CMakeFiles/CMakeTmp'
Makefile:126: recipe for target 'cmTC_38f3d/fast' failed
make: *** [cmTC_38f3d/fast] Error 2

File /root/crs_ws_fanuc/build/crs_motion_planning/CMakeFiles/CMakeTmp/CheckSymbolExists.c:
/* */
#include <pthread.h>

int main(int argc, char** argv)
{
  (void)argv;
#ifndef pthread_create
  return ((int*)(&pthread_create))[argc];
#else
  (void)argc;
  return 0;
#endif
}

Determining if the function pthread_create exists in the pthreads failed with the following output:
Change Dir: /root/crs_ws_fanuc/build/crs_motion_planning/CMakeFiles/CMakeTmp

Run Build Command:"/usr/bin/make" "cmTC_1dc91/fast"
/usr/bin/make -f CMakeFiles/cmTC_1dc91.dir/build.make CMakeFiles/cmTC_1dc91.dir/build
make[1]: Entering directory '/root/crs_ws_fanuc/build/crs_motion_planning/CMakeFiles/CMakeTmp'
Building C object CMakeFiles/cmTC_1dc91.dir/CheckFunctionExists.c.o
/usr/bin/cc   -DCHECK_FUNCTION_EXISTS=pthread_create   -o CMakeFiles/cmTC_1dc91.dir/CheckFunctionExists.c.o   -c /usr/share/cmake-3.10/Modules/CheckFunctionExists.c
Linking C executable cmTC_1dc91
/usr/bin/cmake -E cmake_link_script CMakeFiles/cmTC_1dc91.dir/link.txt --verbose=1
/usr/bin/cc  -DCHECK_FUNCTION_EXISTS=pthread_create    CMakeFiles/cmTC_1dc91.dir/CheckFunctionExists.c.o  -o cmTC_1dc91 -lpthreads 
/usr/bin/ld: cannot find -lpthreads
collect2: error: ld returned 1 exit status
CMakeFiles/cmTC_1dc91.dir/build.make:97: recipe for target 'cmTC_1dc91' failed
make[1]: *** [cmTC_1dc91] Error 1
make[1]: Leaving directory '/root/crs_ws_fanuc/build/crs_motion_planning/CMakeFiles/CMakeTmp'
Makefile:126: recipe for target 'cmTC_1dc91/fast' failed
make: *** [cmTC_1dc91/fast] Error 2


