[0.076s] Invoking command in '/root/crs_ws_fanuc/build/fanuc_r2000ic_moveit_config': CMAKE_PREFIX_PATH=/root/crs_ws_fanuc/install/fanuc_r2000ic_support:/opt/qt513/lib/cmake PKG_CONFIG_PATH=/root/crs_ws_fanuc/install/fanuc_r2000ic_support/lib/x86_64-linux-gnu/pkgconfig:/root/crs_ws_fanuc/install/fanuc_r2000ic_support/lib/pkgconfig ROS_PACKAGE_PATH=/root/crs_ws_fanuc/install/fanuc_r2000ic_support/share /usr/bin/cmake --build /root/crs_ws_fanuc/build/fanuc_r2000ic_moveit_config -- -j8 -l8
[0.136s] Invoked command in '/root/crs_ws_fanuc/build/fanuc_r2000ic_moveit_config' returned '0': CMAKE_PREFIX_PATH=/root/crs_ws_fanuc/install/fanuc_r2000ic_support:/opt/qt513/lib/cmake PKG_CONFIG_PATH=/root/crs_ws_fanuc/install/fanuc_r2000ic_support/lib/x86_64-linux-gnu/pkgconfig:/root/crs_ws_fanuc/install/fanuc_r2000ic_support/lib/pkgconfig ROS_PACKAGE_PATH=/root/crs_ws_fanuc/install/fanuc_r2000ic_support/share /usr/bin/cmake --build /root/crs_ws_fanuc/build/fanuc_r2000ic_moveit_config -- -j8 -l8
[0.237s] Invoking command in '/root/crs_ws_fanuc/build/fanuc_r2000ic_moveit_config': CMAKE_PREFIX_PATH=/root/crs_ws_fanuc/install/fanuc_r2000ic_support:/opt/qt513/lib/cmake PKG_CONFIG_PATH=/root/crs_ws_fanuc/install/fanuc_r2000ic_support/lib/x86_64-linux-gnu/pkgconfig:/root/crs_ws_fanuc/install/fanuc_r2000ic_support/lib/pkgconfig ROS_PACKAGE_PATH=/root/crs_ws_fanuc/install/fanuc_r2000ic_support/share /usr/bin/cmake --build /root/crs_ws_fanuc/build/fanuc_r2000ic_moveit_config --target tests -- -j8 -l8
[0.322s] Built target tests
[0.342s] Invoked command in '/root/crs_ws_fanuc/build/fanuc_r2000ic_moveit_config' returned '0': CMAKE_PREFIX_PATH=/root/crs_ws_fanuc/install/fanuc_r2000ic_support:/opt/qt513/lib/cmake PKG_CONFIG_PATH=/root/crs_ws_fanuc/install/fanuc_r2000ic_support/lib/x86_64-linux-gnu/pkgconfig:/root/crs_ws_fanuc/install/fanuc_r2000ic_support/lib/pkgconfig ROS_PACKAGE_PATH=/root/crs_ws_fanuc/install/fanuc_r2000ic_support/share /usr/bin/cmake --build /root/crs_ws_fanuc/build/fanuc_r2000ic_moveit_config --target tests -- -j8 -l8
[0.432s] Invoking command in '/root/crs_ws_fanuc/build/fanuc_r2000ic_moveit_config': CMAKE_PREFIX_PATH=/root/crs_ws_fanuc/install/fanuc_r2000ic_support:/opt/qt513/lib/cmake PKG_CONFIG_PATH=/root/crs_ws_fanuc/install/fanuc_r2000ic_support/lib/x86_64-linux-gnu/pkgconfig:/root/crs_ws_fanuc/install/fanuc_r2000ic_support/lib/pkgconfig ROS_PACKAGE_PATH=/root/crs_ws_fanuc/install/fanuc_r2000ic_support/share /usr/bin/cmake --build /root/crs_ws_fanuc/build/fanuc_r2000ic_moveit_config --target install -- -j8 -l8
[0.505s] [36mInstall the project...[0m
[0.514s] -- Install configuration: "Debug"
[0.515s] -- Execute custom install script
[0.515s] -- Up-to-date symlink: /root/crs_ws_fanuc/install/fanuc_r2000ic_moveit_config/lib/pkgconfig/fanuc_r2000ic_moveit_config.pc
[0.516s] -- Up-to-date symlink: /root/crs_ws_fanuc/install/fanuc_r2000ic_moveit_config/share/fanuc_r2000ic_moveit_config/cmake/fanuc_r2000ic_moveit_configConfig.cmake
[0.516s] -- Up-to-date symlink: /root/crs_ws_fanuc/install/fanuc_r2000ic_moveit_config/share/fanuc_r2000ic_moveit_config/cmake/fanuc_r2000ic_moveit_configConfig-version.cmake
[0.517s] -- Up-to-date symlink: /root/crs_ws_fanuc/install/fanuc_r2000ic_moveit_config/share/fanuc_r2000ic_moveit_config/package.xml
[0.518s] -- Up-to-date symlink: /root/crs_ws_fanuc/install/fanuc_r2000ic_moveit_config/share/fanuc_r2000ic_moveit_config/launch/chomp_planning_pipeline.launch.xml
[0.518s] -- Up-to-date symlink: /root/crs_ws_fanuc/install/fanuc_r2000ic_moveit_config/share/fanuc_r2000ic_moveit_config/launch/default_warehouse_db.launch
[0.518s] -- Up-to-date symlink: /root/crs_ws_fanuc/install/fanuc_r2000ic_moveit_config/share/fanuc_r2000ic_moveit_config/launch/demo.launch
[0.520s] -- Up-to-date symlink: /root/crs_ws_fanuc/install/fanuc_r2000ic_moveit_config/share/fanuc_r2000ic_moveit_config/launch/demo_gazebo.launch
[0.521s] -- Up-to-date symlink: /root/crs_ws_fanuc/install/fanuc_r2000ic_moveit_config/share/fanuc_r2000ic_moveit_config/launch/fake_moveit_controller_manager.launch.xml
[0.521s] -- Up-to-date symlink: /root/crs_ws_fanuc/install/fanuc_r2000ic_moveit_config/share/fanuc_r2000ic_moveit_config/launch/fanuc_r2000ic165f_moveit_controller_manager.launch
[0.522s] -- Up-to-date symlink: /root/crs_ws_fanuc/install/fanuc_r2000ic_moveit_config/share/fanuc_r2000ic_moveit_config/launch/fanuc_r2000ic165f_moveit_controller_manager.launch.xml
[0.522s] -- Up-to-date symlink: /root/crs_ws_fanuc/install/fanuc_r2000ic_moveit_config/share/fanuc_r2000ic_moveit_config/launch/fanuc_r2000ic165f_moveit_sensor_manager.launch.xml
[0.522s] -- Up-to-date symlink: /root/crs_ws_fanuc/install/fanuc_r2000ic_moveit_config/share/fanuc_r2000ic_moveit_config/launch/gazebo.launch
[0.523s] -- Up-to-date symlink: /root/crs_ws_fanuc/install/fanuc_r2000ic_moveit_config/share/fanuc_r2000ic_moveit_config/launch/joystick_control.launch
[0.525s] -- Up-to-date symlink: /root/crs_ws_fanuc/install/fanuc_r2000ic_moveit_config/share/fanuc_r2000ic_moveit_config/launch/move_group.launch
[0.525s] -- Up-to-date symlink: /root/crs_ws_fanuc/install/fanuc_r2000ic_moveit_config/share/fanuc_r2000ic_moveit_config/launch/moveit.rviz
[0.525s] -- Up-to-date symlink: /root/crs_ws_fanuc/install/fanuc_r2000ic_moveit_config/share/fanuc_r2000ic_moveit_config/launch/moveit_planning_execution.launch
[0.526s] -- Up-to-date symlink: /root/crs_ws_fanuc/install/fanuc_r2000ic_moveit_config/share/fanuc_r2000ic_moveit_config/launch/moveit_rviz.launch
[0.527s] -- Up-to-date symlink: /root/crs_ws_fanuc/install/fanuc_r2000ic_moveit_config/share/fanuc_r2000ic_moveit_config/launch/ompl_planning_pipeline.launch.xml
[0.527s] -- Up-to-date symlink: /root/crs_ws_fanuc/install/fanuc_r2000ic_moveit_config/share/fanuc_r2000ic_moveit_config/launch/planning_context.launch
[0.527s] -- Up-to-date symlink: /root/crs_ws_fanuc/install/fanuc_r2000ic_moveit_config/share/fanuc_r2000ic_moveit_config/launch/planning_pipeline.launch.xml
[0.530s] -- Up-to-date symlink: /root/crs_ws_fanuc/install/fanuc_r2000ic_moveit_config/share/fanuc_r2000ic_moveit_config/launch/ros_controllers.launch
[0.530s] -- Up-to-date symlink: /root/crs_ws_fanuc/install/fanuc_r2000ic_moveit_config/share/fanuc_r2000ic_moveit_config/launch/run_benchmark_ompl.launch
[0.530s] -- Up-to-date symlink: /root/crs_ws_fanuc/install/fanuc_r2000ic_moveit_config/share/fanuc_r2000ic_moveit_config/launch/sensor_manager.launch.xml
[0.531s] -- Up-to-date symlink: /root/crs_ws_fanuc/install/fanuc_r2000ic_moveit_config/share/fanuc_r2000ic_moveit_config/launch/sim_moveit_planning_execution.launch
[0.531s] -- Up-to-date symlink: /root/crs_ws_fanuc/install/fanuc_r2000ic_moveit_config/share/fanuc_r2000ic_moveit_config/launch/trajectory_execution.launch.xml
[0.531s] -- Up-to-date symlink: /root/crs_ws_fanuc/install/fanuc_r2000ic_moveit_config/share/fanuc_r2000ic_moveit_config/launch/warehouse.launch
[0.533s] -- Up-to-date symlink: /root/crs_ws_fanuc/install/fanuc_r2000ic_moveit_config/share/fanuc_r2000ic_moveit_config/launch/warehouse_settings.launch.xml
[0.533s] -- Up-to-date symlink: /root/crs_ws_fanuc/install/fanuc_r2000ic_moveit_config/share/fanuc_r2000ic_moveit_config/config/chomp_planning.yaml
[0.534s] -- Up-to-date symlink: /root/crs_ws_fanuc/install/fanuc_r2000ic_moveit_config/share/fanuc_r2000ic_moveit_config/config/controllers.yaml
[0.534s] -- Up-to-date symlink: /root/crs_ws_fanuc/install/fanuc_r2000ic_moveit_config/share/fanuc_r2000ic_moveit_config/config/fake_controllers.yaml
[0.534s] -- Up-to-date symlink: /root/crs_ws_fanuc/install/fanuc_r2000ic_moveit_config/share/fanuc_r2000ic_moveit_config/config/fanuc_r2000ic165f.srdf
[0.534s] -- Up-to-date symlink: /root/crs_ws_fanuc/install/fanuc_r2000ic_moveit_config/share/fanuc_r2000ic_moveit_config/config/joint_limits.yaml
[0.535s] -- Up-to-date symlink: /root/crs_ws_fanuc/install/fanuc_r2000ic_moveit_config/share/fanuc_r2000ic_moveit_config/config/kinematics.yaml
[0.535s] -- Up-to-date symlink: /root/crs_ws_fanuc/install/fanuc_r2000ic_moveit_config/share/fanuc_r2000ic_moveit_config/config/ompl_planning.yaml
[0.535s] -- Up-to-date symlink: /root/crs_ws_fanuc/install/fanuc_r2000ic_moveit_config/share/fanuc_r2000ic_moveit_config/config/ros_controllers.yaml
[0.535s] -- Up-to-date symlink: /root/crs_ws_fanuc/install/fanuc_r2000ic_moveit_config/share/fanuc_r2000ic_moveit_config/config/sensors_3d.yaml
[0.573s] Invoked command in '/root/crs_ws_fanuc/build/fanuc_r2000ic_moveit_config' returned '0': CMAKE_PREFIX_PATH=/root/crs_ws_fanuc/install/fanuc_r2000ic_support:/opt/qt513/lib/cmake PKG_CONFIG_PATH=/root/crs_ws_fanuc/install/fanuc_r2000ic_support/lib/x86_64-linux-gnu/pkgconfig:/root/crs_ws_fanuc/install/fanuc_r2000ic_support/lib/pkgconfig ROS_PACKAGE_PATH=/root/crs_ws_fanuc/install/fanuc_r2000ic_support/share /usr/bin/cmake --build /root/crs_ws_fanuc/build/fanuc_r2000ic_moveit_config --target install -- -j8 -l8
