[35m[1mScanning dependencies of target region_detection_msgs__cpp[0m
[  1%] [34m[1mGenerating C code for ROS interfaces[0m
[  3%] [34m[1mGenerating C++ code for ROS interfaces[0m
[  3%] Built target region_detection_msgs__cpp
[  4%] [34m[1mGenerating C++ type support for eProsima Fast-RTPS[0m
[  6%] [34m[1mGenerating C++ introspection for ROS interfaces[0m
[35m[1mScanning dependencies of target region_detection_msgs__rosidl_generator_c[0m
[  8%] [32mBuilding C object CMakeFiles/region_detection_msgs__rosidl_generator_c.dir/rosidl_generator_c/region_detection_msgs/srv/detect_regions__functions.c.o[0m
[  9%] [32mBuilding C object CMakeFiles/region_detection_msgs__rosidl_generator_c.dir/rosidl_generator_c/region_detection_msgs/msg/pose_set__functions.c.o[0m
[ 11%] [32mBuilding C object CMakeFiles/region_detection_msgs__rosidl_generator_c.dir/rosidl_generator_c/region_detection_msgs/srv/crop_data__functions.c.o[0m
[ 13%] [32mBuilding C object CMakeFiles/region_detection_msgs__rosidl_generator_c.dir/rosidl_generator_c/region_detection_msgs/srv/show_selectable_regions__functions.c.o[0m
[ 14%] [32mBuilding C object CMakeFiles/region_detection_msgs__rosidl_generator_c.dir/rosidl_generator_c/region_detection_msgs/srv/get_selected_regions__functions.c.o[0m
[ 16%] [32m[1mLinking C shared library libregion_detection_msgs__rosidl_generator_c.so[0m
[ 16%] Built target region_detection_msgs__rosidl_generator_c
[ 18%] [34m[1mGenerating C introspection for ROS interfaces[0m
[35m[1mScanning dependencies of target region_detection_msgs__rosidl_typesupport_introspection_cpp[0m
[35m[1mScanning dependencies of target region_detection_msgs__rosidl_typesupport_fastrtps_cpp[0m
[ 19%] [32mBuilding CXX object CMakeFiles/region_detection_msgs__rosidl_typesupport_introspection_cpp.dir/rosidl_typesupport_introspection_cpp/region_detection_msgs/srv/crop_data__type_support.cpp.o[0m
[ 21%] [32mBuilding CXX object CMakeFiles/region_detection_msgs__rosidl_typesupport_introspection_cpp.dir/rosidl_typesupport_introspection_cpp/region_detection_msgs/msg/pose_set__type_support.cpp.o[0m
[ 22%] [32mBuilding CXX object CMakeFiles/region_detection_msgs__rosidl_typesupport_introspection_cpp.dir/rosidl_typesupport_introspection_cpp/region_detection_msgs/srv/detect_regions__type_support.cpp.o[0m
[ 24%] [32mBuilding CXX object CMakeFiles/region_detection_msgs__rosidl_typesupport_introspection_cpp.dir/rosidl_typesupport_introspection_cpp/region_detection_msgs/srv/show_selectable_regions__type_support.cpp.o[0m
[ 26%] [32mBuilding CXX object CMakeFiles/region_detection_msgs__rosidl_typesupport_introspection_cpp.dir/rosidl_typesupport_introspection_cpp/region_detection_msgs/srv/get_selected_regions__type_support.cpp.o[0m
[ 27%] [32mBuilding CXX object CMakeFiles/region_detection_msgs__rosidl_typesupport_fastrtps_cpp.dir/rosidl_typesupport_fastrtps_cpp/region_detection_msgs/srv/dds_fastrtps/crop_data__type_support.cpp.o[0m
[ 29%] [32mBuilding CXX object CMakeFiles/region_detection_msgs__rosidl_typesupport_fastrtps_cpp.dir/rosidl_typesupport_fastrtps_cpp/region_detection_msgs/msg/dds_fastrtps/pose_set__type_support.cpp.o[0m
[ 31%] [32mBuilding CXX object CMakeFiles/region_detection_msgs__rosidl_typesupport_fastrtps_cpp.dir/rosidl_typesupport_fastrtps_cpp/region_detection_msgs/srv/dds_fastrtps/detect_regions__type_support.cpp.o[0m
[ 32%] [32mBuilding CXX object CMakeFiles/region_detection_msgs__rosidl_typesupport_fastrtps_cpp.dir/rosidl_typesupport_fastrtps_cpp/region_detection_msgs/srv/dds_fastrtps/get_selected_regions__type_support.cpp.o[0m
[ 34%] [32mBuilding CXX object CMakeFiles/region_detection_msgs__rosidl_typesupport_fastrtps_cpp.dir/rosidl_typesupport_fastrtps_cpp/region_detection_msgs/srv/dds_fastrtps/show_selectable_regions__type_support.cpp.o[0m
[ 36%] [32m[1mLinking CXX shared library libregion_detection_msgs__rosidl_typesupport_introspection_cpp.so[0m
[35m[1mScanning dependencies of target region_detection_msgs__rosidl_typesupport_introspection_c[0m
[ 37%] [32mBuilding C object CMakeFiles/region_detection_msgs__rosidl_typesupport_introspection_c.dir/rosidl_typesupport_introspection_c/region_detection_msgs/msg/pose_set__type_support.c.o[0m
[ 39%] [32mBuilding C object CMakeFiles/region_detection_msgs__rosidl_typesupport_introspection_c.dir/rosidl_typesupport_introspection_c/region_detection_msgs/srv/crop_data__type_support.c.o[0m
[ 40%] [32mBuilding C object CMakeFiles/region_detection_msgs__rosidl_typesupport_introspection_c.dir/rosidl_typesupport_introspection_c/region_detection_msgs/srv/show_selectable_regions__type_support.c.o[0m
[ 42%] [32mBuilding C object CMakeFiles/region_detection_msgs__rosidl_typesupport_introspection_c.dir/rosidl_typesupport_introspection_c/region_detection_msgs/srv/detect_regions__type_support.c.o[0m
[ 42%] Built target region_detection_msgs__rosidl_typesupport_introspection_cpp
[ 44%] [32mBuilding C object CMakeFiles/region_detection_msgs__rosidl_typesupport_introspection_c.dir/rosidl_typesupport_introspection_c/region_detection_msgs/srv/get_selected_regions__type_support.c.o[0m
[ 45%] [32m[1mLinking CXX shared library libregion_detection_msgs__rosidl_typesupport_fastrtps_cpp.so[0m
[ 47%] [32m[1mLinking C shared library libregion_detection_msgs__rosidl_typesupport_introspection_c.so[0m
[ 47%] Built target region_detection_msgs__rosidl_typesupport_introspection_c
[ 47%] Built target region_detection_msgs__rosidl_typesupport_fastrtps_cpp
[ 49%] [34m[1mGenerating C++ type support dispatch for ROS interfaces[0m
[ 50%] [34m[1mGenerating C type support for eProsima Fast-RTPS[0m
[35m[1mScanning dependencies of target region_detection_msgs__rosidl_typesupport_cpp[0m
[ 52%] [32mBuilding CXX object CMakeFiles/region_detection_msgs__rosidl_typesupport_cpp.dir/rosidl_typesupport_cpp/region_detection_msgs/srv/show_selectable_regions__type_support.cpp.o[0m
[ 54%] [32mBuilding CXX object CMakeFiles/region_detection_msgs__rosidl_typesupport_cpp.dir/rosidl_typesupport_cpp/region_detection_msgs/srv/get_selected_regions__type_support.cpp.o[0m
[ 55%] [32mBuilding CXX object CMakeFiles/region_detection_msgs__rosidl_typesupport_cpp.dir/rosidl_typesupport_cpp/region_detection_msgs/srv/crop_data__type_support.cpp.o[0m
[ 57%] [32mBuilding CXX object CMakeFiles/region_detection_msgs__rosidl_typesupport_cpp.dir/rosidl_typesupport_cpp/region_detection_msgs/msg/pose_set__type_support.cpp.o[0m
[35m[1mScanning dependencies of target region_detection_msgs__rosidl_typesupport_fastrtps_c[0m
[ 59%] [32mBuilding CXX object CMakeFiles/region_detection_msgs__rosidl_typesupport_cpp.dir/rosidl_typesupport_cpp/region_detection_msgs/srv/detect_regions__type_support.cpp.o[0m
[ 60%] [32mBuilding CXX object CMakeFiles/region_detection_msgs__rosidl_typesupport_fastrtps_c.dir/rosidl_typesupport_fastrtps_c/region_detection_msgs/srv/crop_data__type_support_c.cpp.o[0m
[ 62%] [32mBuilding CXX object CMakeFiles/region_detection_msgs__rosidl_typesupport_fastrtps_c.dir/rosidl_typesupport_fastrtps_c/region_detection_msgs/srv/detect_regions__type_support_c.cpp.o[0m
[ 63%] [32mBuilding CXX object CMakeFiles/region_detection_msgs__rosidl_typesupport_fastrtps_c.dir/rosidl_typesupport_fastrtps_c/region_detection_msgs/msg/pose_set__type_support_c.cpp.o[0m
[ 65%] [32mBuilding CXX object CMakeFiles/region_detection_msgs__rosidl_typesupport_fastrtps_c.dir/rosidl_typesupport_fastrtps_c/region_detection_msgs/srv/show_selectable_regions__type_support_c.cpp.o[0m
[ 67%] [32mBuilding CXX object CMakeFiles/region_detection_msgs__rosidl_typesupport_fastrtps_c.dir/rosidl_typesupport_fastrtps_c/region_detection_msgs/srv/get_selected_regions__type_support_c.cpp.o[0m
[ 68%] [32m[1mLinking CXX shared library libregion_detection_msgs__rosidl_typesupport_cpp.so[0m
[ 68%] Built target region_detection_msgs__rosidl_typesupport_cpp
[ 70%] [32m[1mLinking CXX shared library libregion_detection_msgs__rosidl_typesupport_fastrtps_c.so[0m
[ 70%] Built target region_detection_msgs__rosidl_typesupport_fastrtps_c
[ 72%] [34m[1mGenerating C type support dispatch for ROS interfaces[0m
[35m[1mScanning dependencies of target region_detection_msgs__rosidl_typesupport_c[0m
[ 73%] [32mBuilding CXX object CMakeFiles/region_detection_msgs__rosidl_typesupport_c.dir/rosidl_typesupport_c/region_detection_msgs/srv/detect_regions__type_support.cpp.o[0m
[ 75%] [32mBuilding CXX object CMakeFiles/region_detection_msgs__rosidl_typesupport_c.dir/rosidl_typesupport_c/region_detection_msgs/srv/show_selectable_regions__type_support.cpp.o[0m
[ 77%] [32mBuilding CXX object CMakeFiles/region_detection_msgs__rosidl_typesupport_c.dir/rosidl_typesupport_c/region_detection_msgs/msg/pose_set__type_support.cpp.o[0m
[ 78%] [32mBuilding CXX object CMakeFiles/region_detection_msgs__rosidl_typesupport_c.dir/rosidl_typesupport_c/region_detection_msgs/srv/crop_data__type_support.cpp.o[0m
[ 80%] [32mBuilding CXX object CMakeFiles/region_detection_msgs__rosidl_typesupport_c.dir/rosidl_typesupport_c/region_detection_msgs/srv/get_selected_regions__type_support.cpp.o[0m
[ 81%] [32m[1mLinking CXX shared library libregion_detection_msgs__rosidl_typesupport_c.so[0m
[ 81%] Built target region_detection_msgs__rosidl_typesupport_c
[35m[1mScanning dependencies of target region_detection_msgs[0m
[ 81%] Built target region_detection_msgs
[35m[1mScanning dependencies of target region_detection_msgs__py[0m
[ 83%] [34m[1mGenerating Python code for ROS interfaces[0m
[ 83%] Built target region_detection_msgs__py
[35m[1mScanning dependencies of target region_detection_msgs__python[0m
[ 85%] [32mBuilding C object CMakeFiles/region_detection_msgs__python.dir/rosidl_generator_py/region_detection_msgs/srv/_get_selected_regions_s.c.o[0m
[ 86%] [32mBuilding C object CMakeFiles/region_detection_msgs__python.dir/rosidl_generator_py/region_detection_msgs/msg/_pose_set_s.c.o[0m
[ 88%] [32mBuilding C object CMakeFiles/region_detection_msgs__python.dir/rosidl_generator_py/region_detection_msgs/srv/_detect_regions_s.c.o[0m
[ 90%] [32mBuilding C object CMakeFiles/region_detection_msgs__python.dir/rosidl_generator_py/region_detection_msgs/srv/_crop_data_s.c.o[0m
[ 91%] [32mBuilding C object CMakeFiles/region_detection_msgs__python.dir/rosidl_generator_py/region_detection_msgs/srv/_show_selectable_regions_s.c.o[0m
[ 93%] [32m[1mLinking CXX shared library rosidl_generator_py/region_detection_msgs/libregion_detection_msgs__python.so[0m
[ 93%] Built target region_detection_msgs__python
[35m[1mScanning dependencies of target region_detection_msgs__rosidl_typesupport_fastrtps_c__pyext[0m
[35m[1mScanning dependencies of target region_detection_msgs__rosidl_typesupport_c__pyext[0m
[ 95%] [32mBuilding C object CMakeFiles/region_detection_msgs__rosidl_typesupport_fastrtps_c__pyext.dir/rosidl_generator_py/region_detection_msgs/_region_detection_msgs_s.ep.rosidl_typesupport_fastrtps_c.c.o[0m
[ 96%] [32mBuilding C object CMakeFiles/region_detection_msgs__rosidl_typesupport_c__pyext.dir/rosidl_generator_py/region_detection_msgs/_region_detection_msgs_s.ep.rosidl_typesupport_c.c.o[0m
[ 98%] [32m[1mLinking CXX shared library rosidl_generator_py/region_detection_msgs/region_detection_msgs_s__rosidl_typesupport_fastrtps_c.cpython-36m-x86_64-linux-gnu.so[0m
[100%] [32m[1mLinking CXX shared library rosidl_generator_py/region_detection_msgs/region_detection_msgs_s__rosidl_typesupport_c.cpython-36m-x86_64-linux-gnu.so[0m
[100%] Built target region_detection_msgs__rosidl_typesupport_fastrtps_c__pyext
[100%] Built target region_detection_msgs__rosidl_typesupport_c__pyext
[  1%] Built target region_detection_msgs__cpp
[ 13%] Built target region_detection_msgs__rosidl_generator_c
[ 24%] Built target region_detection_msgs__rosidl_typesupport_introspection_c
[ 36%] Built target region_detection_msgs__rosidl_typesupport_fastrtps_cpp
[ 47%] Built target region_detection_msgs__rosidl_typesupport_introspection_cpp
[ 59%] Built target region_detection_msgs__rosidl_typesupport_cpp
[ 70%] Built target region_detection_msgs__rosidl_typesupport_fastrtps_c
[ 81%] Built target region_detection_msgs__rosidl_typesupport_c
[ 81%] Built target region_detection_msgs
[ 83%] Built target region_detection_msgs__py
[ 93%] Built target region_detection_msgs__python
[ 96%] Built target region_detection_msgs__rosidl_typesupport_c__pyext
[100%] Built target region_detection_msgs__rosidl_typesupport_fastrtps_c__pyext
[36mInstall the project...[0m
-- Install configuration: ""
-- Execute custom install script
-- Symlinking: /root/crs_ws_fanuc/install/region_detection_msgs/share/ament_index/resource_index/rosidl_interfaces/region_detection_msgs
-- Symlinking: /root/crs_ws_fanuc/install/region_detection_msgs/lib/libregion_detection_msgs__rosidl_typesupport_c.so
-- Up-to-date symlink: /root/crs_ws_fanuc/install/region_detection_msgs/share/region_detection_msgs/environment/library_path.sh
-- Symlinking: /root/crs_ws_fanuc/install/region_detection_msgs/share/region_detection_msgs/environment/library_path.dsv
-- Symlinking: /root/crs_ws_fanuc/install/region_detection_msgs/lib/libregion_detection_msgs__rosidl_typesupport_cpp.so
-- Symlinking: /root/crs_ws_fanuc/install/region_detection_msgs/include/region_detection_msgs/msg/pose_set__rosidl_typesupport_fastrtps_c.h
-- Symlinking: /root/crs_ws_fanuc/install/region_detection_msgs/include/region_detection_msgs/msg/rosidl_typesupport_fastrtps_c__visibility_control.h
-- Symlinking: /root/crs_ws_fanuc/install/region_detection_msgs/include/region_detection_msgs/srv/crop_data__rosidl_typesupport_fastrtps_c.h
-- Symlinking: /root/crs_ws_fanuc/install/region_detection_msgs/include/region_detection_msgs/srv/detect_regions__rosidl_typesupport_fastrtps_c.h
-- Symlinking: /root/crs_ws_fanuc/install/region_detection_msgs/include/region_detection_msgs/srv/get_selected_regions__rosidl_typesupport_fastrtps_c.h
-- Symlinking: /root/crs_ws_fanuc/install/region_detection_msgs/include/region_detection_msgs/srv/show_selectable_regions__rosidl_typesupport_fastrtps_c.h
-- Symlinking: /root/crs_ws_fanuc/install/region_detection_msgs/lib/libregion_detection_msgs__rosidl_typesupport_fastrtps_c.so
-- Symlinking: /root/crs_ws_fanuc/install/region_detection_msgs/include/region_detection_msgs/msg/pose_set.h
-- Symlinking: /root/crs_ws_fanuc/install/region_detection_msgs/include/region_detection_msgs/msg/pose_set__functions.h
-- Symlinking: /root/crs_ws_fanuc/install/region_detection_msgs/include/region_detection_msgs/msg/pose_set__struct.h
-- Symlinking: /root/crs_ws_fanuc/install/region_detection_msgs/include/region_detection_msgs/msg/pose_set__type_support.h
-- Symlinking: /root/crs_ws_fanuc/install/region_detection_msgs/include/region_detection_msgs/msg/rosidl_generator_c__visibility_control.h
-- Symlinking: /root/crs_ws_fanuc/install/region_detection_msgs/include/region_detection_msgs/srv/crop_data.h
-- Symlinking: /root/crs_ws_fanuc/install/region_detection_msgs/include/region_detection_msgs/srv/crop_data__functions.h
-- Symlinking: /root/crs_ws_fanuc/install/region_detection_msgs/include/region_detection_msgs/srv/crop_data__struct.h
-- Symlinking: /root/crs_ws_fanuc/install/region_detection_msgs/include/region_detection_msgs/srv/crop_data__type_support.h
-- Symlinking: /root/crs_ws_fanuc/install/region_detection_msgs/include/region_detection_msgs/srv/detect_regions.h
-- Symlinking: /root/crs_ws_fanuc/install/region_detection_msgs/include/region_detection_msgs/srv/detect_regions__functions.h
-- Symlinking: /root/crs_ws_fanuc/install/region_detection_msgs/include/region_detection_msgs/srv/detect_regions__struct.h
-- Symlinking: /root/crs_ws_fanuc/install/region_detection_msgs/include/region_detection_msgs/srv/detect_regions__type_support.h
-- Symlinking: /root/crs_ws_fanuc/install/region_detection_msgs/include/region_detection_msgs/srv/get_selected_regions.h
-- Symlinking: /root/crs_ws_fanuc/install/region_detection_msgs/include/region_detection_msgs/srv/get_selected_regions__functions.h
-- Symlinking: /root/crs_ws_fanuc/install/region_detection_msgs/include/region_detection_msgs/srv/get_selected_regions__struct.h
-- Symlinking: /root/crs_ws_fanuc/install/region_detection_msgs/include/region_detection_msgs/srv/get_selected_regions__type_support.h
-- Symlinking: /root/crs_ws_fanuc/install/region_detection_msgs/include/region_detection_msgs/srv/show_selectable_regions.h
-- Symlinking: /root/crs_ws_fanuc/install/region_detection_msgs/include/region_detection_msgs/srv/show_selectable_regions__functions.h
-- Symlinking: /root/crs_ws_fanuc/install/region_detection_msgs/include/region_detection_msgs/srv/show_selectable_regions__struct.h
-- Symlinking: /root/crs_ws_fanuc/install/region_detection_msgs/include/region_detection_msgs/srv/show_selectable_regions__type_support.h
-- Symlinking: /root/crs_ws_fanuc/install/region_detection_msgs/lib/libregion_detection_msgs__rosidl_generator_c.so
-- Symlinking: /root/crs_ws_fanuc/install/region_detection_msgs/include/region_detection_msgs/msg/pose_set__rosidl_typesupport_fastrtps_cpp.hpp
-- Symlinking: /root/crs_ws_fanuc/install/region_detection_msgs/include/region_detection_msgs/msg/rosidl_typesupport_fastrtps_cpp__visibility_control.h
-- Symlinking: /root/crs_ws_fanuc/install/region_detection_msgs/include/region_detection_msgs/srv/crop_data__rosidl_typesupport_fastrtps_cpp.hpp
-- Symlinking: /root/crs_ws_fanuc/install/region_detection_msgs/include/region_detection_msgs/srv/detect_regions__rosidl_typesupport_fastrtps_cpp.hpp
-- Symlinking: /root/crs_ws_fanuc/install/region_detection_msgs/include/region_detection_msgs/srv/get_selected_regions__rosidl_typesupport_fastrtps_cpp.hpp
-- Symlinking: /root/crs_ws_fanuc/install/region_detection_msgs/include/region_detection_msgs/srv/show_selectable_regions__rosidl_typesupport_fastrtps_cpp.hpp
-- Symlinking: /root/crs_ws_fanuc/install/region_detection_msgs/lib/libregion_detection_msgs__rosidl_typesupport_fastrtps_cpp.so
-- Symlinking: /root/crs_ws_fanuc/install/region_detection_msgs/include/region_detection_msgs/msg/pose_set.hpp
-- Symlinking: /root/crs_ws_fanuc/install/region_detection_msgs/include/region_detection_msgs/msg/pose_set__struct.hpp
-- Symlinking: /root/crs_ws_fanuc/install/region_detection_msgs/include/region_detection_msgs/msg/pose_set__traits.hpp
-- Symlinking: /root/crs_ws_fanuc/install/region_detection_msgs/include/region_detection_msgs/srv/crop_data.hpp
-- Symlinking: /root/crs_ws_fanuc/install/region_detection_msgs/include/region_detection_msgs/srv/crop_data__struct.hpp
-- Symlinking: /root/crs_ws_fanuc/install/region_detection_msgs/include/region_detection_msgs/srv/crop_data__traits.hpp
-- Symlinking: /root/crs_ws_fanuc/install/region_detection_msgs/include/region_detection_msgs/srv/detect_regions.hpp
-- Symlinking: /root/crs_ws_fanuc/install/region_detection_msgs/include/region_detection_msgs/srv/detect_regions__struct.hpp
-- Symlinking: /root/crs_ws_fanuc/install/region_detection_msgs/include/region_detection_msgs/srv/detect_regions__traits.hpp
-- Symlinking: /root/crs_ws_fanuc/install/region_detection_msgs/include/region_detection_msgs/srv/get_selected_regions.hpp
-- Symlinking: /root/crs_ws_fanuc/install/region_detection_msgs/include/region_detection_msgs/srv/get_selected_regions__struct.hpp
-- Symlinking: /root/crs_ws_fanuc/install/region_detection_msgs/include/region_detection_msgs/srv/get_selected_regions__traits.hpp
-- Symlinking: /root/crs_ws_fanuc/install/region_detection_msgs/include/region_detection_msgs/srv/show_selectable_regions.hpp
-- Symlinking: /root/crs_ws_fanuc/install/region_detection_msgs/include/region_detection_msgs/srv/show_selectable_regions__struct.hpp
-- Symlinking: /root/crs_ws_fanuc/install/region_detection_msgs/include/region_detection_msgs/srv/show_selectable_regions__traits.hpp
-- Symlinking: /root/crs_ws_fanuc/install/region_detection_msgs/include/region_detection_msgs/msg/pose_set__rosidl_typesupport_introspection_c.h
-- Symlinking: /root/crs_ws_fanuc/install/region_detection_msgs/include/region_detection_msgs/msg/rosidl_typesupport_introspection_c__visibility_control.h
-- Symlinking: /root/crs_ws_fanuc/install/region_detection_msgs/include/region_detection_msgs/srv/crop_data__rosidl_typesupport_introspection_c.h
-- Symlinking: /root/crs_ws_fanuc/install/region_detection_msgs/include/region_detection_msgs/srv/detect_regions__rosidl_typesupport_introspection_c.h
-- Symlinking: /root/crs_ws_fanuc/install/region_detection_msgs/include/region_detection_msgs/srv/get_selected_regions__rosidl_typesupport_introspection_c.h
-- Symlinking: /root/crs_ws_fanuc/install/region_detection_msgs/include/region_detection_msgs/srv/show_selectable_regions__rosidl_typesupport_introspection_c.h
-- Symlinking: /root/crs_ws_fanuc/install/region_detection_msgs/lib/libregion_detection_msgs__rosidl_typesupport_introspection_c.so
-- Symlinking: /root/crs_ws_fanuc/install/region_detection_msgs/include/region_detection_msgs/msg/pose_set__rosidl_typesupport_introspection_cpp.hpp
-- Symlinking: /root/crs_ws_fanuc/install/region_detection_msgs/include/region_detection_msgs/srv/crop_data__rosidl_typesupport_introspection_cpp.hpp
-- Symlinking: /root/crs_ws_fanuc/install/region_detection_msgs/include/region_detection_msgs/srv/detect_regions__rosidl_typesupport_introspection_cpp.hpp
-- Symlinking: /root/crs_ws_fanuc/install/region_detection_msgs/include/region_detection_msgs/srv/get_selected_regions__rosidl_typesupport_introspection_cpp.hpp
-- Symlinking: /root/crs_ws_fanuc/install/region_detection_msgs/include/region_detection_msgs/srv/show_selectable_regions__rosidl_typesupport_introspection_cpp.hpp
-- Symlinking: /root/crs_ws_fanuc/install/region_detection_msgs/lib/libregion_detection_msgs__rosidl_typesupport_introspection_cpp.so
-- Symlinking: /root/crs_ws_fanuc/install/region_detection_msgs/share/region_detection_msgs/environment/pythonpath.sh
-- Symlinking: /root/crs_ws_fanuc/install/region_detection_msgs/share/region_detection_msgs/environment/pythonpath.dsv
-- Symlinking: /root/crs_ws_fanuc/install/region_detection_msgs/lib/python3.6/site-packages/region_detection_msgs/__init__.py
-- Symlinking: /root/crs_ws_fanuc/install/region_detection_msgs/lib/python3.6/site-packages/region_detection_msgs/msg/__init__.py
-- Symlinking: /root/crs_ws_fanuc/install/region_detection_msgs/lib/python3.6/site-packages/region_detection_msgs/msg/_pose_set.py
-- Symlinking: /root/crs_ws_fanuc/install/region_detection_msgs/lib/python3.6/site-packages/region_detection_msgs/srv/__init__.py
-- Symlinking: /root/crs_ws_fanuc/install/region_detection_msgs/lib/python3.6/site-packages/region_detection_msgs/srv/_crop_data.py
-- Symlinking: /root/crs_ws_fanuc/install/region_detection_msgs/lib/python3.6/site-packages/region_detection_msgs/srv/_detect_regions.py
-- Symlinking: /root/crs_ws_fanuc/install/region_detection_msgs/lib/python3.6/site-packages/region_detection_msgs/srv/_get_selected_regions.py
-- Symlinking: /root/crs_ws_fanuc/install/region_detection_msgs/lib/python3.6/site-packages/region_detection_msgs/srv/_show_selectable_regions.py
-- Symlinking: /root/crs_ws_fanuc/install/region_detection_msgs/lib/python3.6/site-packages/region_detection_msgs/region_detection_msgs_s__rosidl_typesupport_c.cpython-36m-x86_64-linux-gnu.so
-- Symlinking: /root/crs_ws_fanuc/install/region_detection_msgs/lib/python3.6/site-packages/region_detection_msgs/region_detection_msgs_s__rosidl_typesupport_fastrtps_c.cpython-36m-x86_64-linux-gnu.so
-- Symlinking: /root/crs_ws_fanuc/install/region_detection_msgs/lib/libregion_detection_msgs__python.so
-- Symlinking: /root/crs_ws_fanuc/install/region_detection_msgs/share/region_detection_msgs/msg/PoseSet.idl
-- Symlinking: /root/crs_ws_fanuc/install/region_detection_msgs/share/region_detection_msgs/srv/CropData.idl
-- Symlinking: /root/crs_ws_fanuc/install/region_detection_msgs/share/region_detection_msgs/srv/DetectRegions.idl
-- Symlinking: /root/crs_ws_fanuc/install/region_detection_msgs/share/region_detection_msgs/srv/ShowSelectableRegions.idl
-- Symlinking: /root/crs_ws_fanuc/install/region_detection_msgs/share/region_detection_msgs/srv/GetSelectedRegions.idl
-- Symlinking: /root/crs_ws_fanuc/install/region_detection_msgs/share/region_detection_msgs/msg/PoseSet.msg
-- Symlinking: /root/crs_ws_fanuc/install/region_detection_msgs/share/region_detection_msgs/srv/CropData.srv
-- Symlinking: /root/crs_ws_fanuc/install/region_detection_msgs/share/region_detection_msgs/srv/CropData_Request.msg
-- Symlinking: /root/crs_ws_fanuc/install/region_detection_msgs/share/region_detection_msgs/srv/CropData_Response.msg
-- Symlinking: /root/crs_ws_fanuc/install/region_detection_msgs/share/region_detection_msgs/srv/DetectRegions.srv
-- Symlinking: /root/crs_ws_fanuc/install/region_detection_msgs/share/region_detection_msgs/srv/DetectRegions_Request.msg
-- Symlinking: /root/crs_ws_fanuc/install/region_detection_msgs/share/region_detection_msgs/srv/DetectRegions_Response.msg
-- Symlinking: /root/crs_ws_fanuc/install/region_detection_msgs/share/region_detection_msgs/srv/ShowSelectableRegions.srv
-- Symlinking: /root/crs_ws_fanuc/install/region_detection_msgs/share/region_detection_msgs/srv/ShowSelectableRegions_Request.msg
-- Symlinking: /root/crs_ws_fanuc/install/region_detection_msgs/share/region_detection_msgs/srv/ShowSelectableRegions_Response.msg
-- Symlinking: /root/crs_ws_fanuc/install/region_detection_msgs/share/region_detection_msgs/srv/GetSelectedRegions.srv
-- Symlinking: /root/crs_ws_fanuc/install/region_detection_msgs/share/region_detection_msgs/srv/GetSelectedRegions_Request.msg
-- Symlinking: /root/crs_ws_fanuc/install/region_detection_msgs/share/region_detection_msgs/srv/GetSelectedRegions_Response.msg
-- Symlinking: /root/crs_ws_fanuc/install/region_detection_msgs/share/ament_index/resource_index/package_run_dependencies/region_detection_msgs
-- Symlinking: /root/crs_ws_fanuc/install/region_detection_msgs/share/ament_index/resource_index/parent_prefix_path/region_detection_msgs
-- Up-to-date symlink: /root/crs_ws_fanuc/install/region_detection_msgs/share/region_detection_msgs/environment/ament_prefix_path.sh
-- Symlinking: /root/crs_ws_fanuc/install/region_detection_msgs/share/region_detection_msgs/environment/ament_prefix_path.dsv
-- Up-to-date symlink: /root/crs_ws_fanuc/install/region_detection_msgs/share/region_detection_msgs/environment/path.sh
-- Symlinking: /root/crs_ws_fanuc/install/region_detection_msgs/share/region_detection_msgs/environment/path.dsv
-- Symlinking: /root/crs_ws_fanuc/install/region_detection_msgs/share/region_detection_msgs/local_setup.bash
-- Symlinking: /root/crs_ws_fanuc/install/region_detection_msgs/share/region_detection_msgs/local_setup.sh
-- Symlinking: /root/crs_ws_fanuc/install/region_detection_msgs/share/region_detection_msgs/local_setup.zsh
-- Symlinking: /root/crs_ws_fanuc/install/region_detection_msgs/share/region_detection_msgs/local_setup.dsv
-- Symlinking: /root/crs_ws_fanuc/install/region_detection_msgs/share/region_detection_msgs/package.dsv
-- Symlinking: /root/crs_ws_fanuc/install/region_detection_msgs/share/ament_index/resource_index/packages/region_detection_msgs
-- Symlinking: /root/crs_ws_fanuc/install/region_detection_msgs/share/region_detection_msgs/cmake/rosidl_cmake-extras.cmake
-- Symlinking: /root/crs_ws_fanuc/install/region_detection_msgs/share/region_detection_msgs/cmake/ament_cmake_export_dependencies-extras.cmake
-- Symlinking: /root/crs_ws_fanuc/install/region_detection_msgs/share/region_detection_msgs/cmake/ament_cmake_export_libraries-extras.cmake
-- Symlinking: /root/crs_ws_fanuc/install/region_detection_msgs/share/region_detection_msgs/cmake/ament_cmake_export_include_directories-extras.cmake
-- Symlinking: /root/crs_ws_fanuc/install/region_detection_msgs/share/region_detection_msgs/cmake/region_detection_msgsConfig.cmake
-- Symlinking: /root/crs_ws_fanuc/install/region_detection_msgs/share/region_detection_msgs/cmake/region_detection_msgsConfig-version.cmake
-- Symlinking: /root/crs_ws_fanuc/install/region_detection_msgs/share/region_detection_msgs/package.xml
Compiling '/root/crs_ws_fanuc/install/region_detection_msgs/lib/python3.6/site-packages/region_detection_msgs/__init__.py'...
