[0.034s] Invoking command in '/root/crs_ws_fanuc/build/region_detection_msgs': CMAKE_PREFIX_PATH=/root/crs_ws_fanuc/install/crs_utils_py:/opt/ros/eloquent:${CMAKE_PREFIX_PATH} /usr/bin/cmake --build /root/crs_ws_fanuc/build/region_detection_msgs -- -j8 -l8
[0.139s] [35m[1mScanning dependencies of target region_detection_msgs__cpp[0m
[0.146s] [  1%] [34m[1mGenerating C code for ROS interfaces[0m
[0.175s] [  3%] [34m[1mGenerating C++ code for ROS interfaces[0m
[1.694s] [  3%] Built target region_detection_msgs__cpp
[1.912s] [  4%] [34m[1mGenerating C++ type support for eProsima Fast-RTPS[0m
[1.921s] [  6%] [34m[1mGenerating C++ introspection for ROS interfaces[0m
[2.027s] [35m[1mScanning dependencies of target region_detection_msgs__rosidl_generator_c[0m
[2.151s] [  8%] [32mBuilding C object CMakeFiles/region_detection_msgs__rosidl_generator_c.dir/rosidl_generator_c/region_detection_msgs/srv/detect_regions__functions.c.o[0m
[2.173s] [  9%] [32mBuilding C object CMakeFiles/region_detection_msgs__rosidl_generator_c.dir/rosidl_generator_c/region_detection_msgs/msg/pose_set__functions.c.o[0m
[2.180s] [ 11%] [32mBuilding C object CMakeFiles/region_detection_msgs__rosidl_generator_c.dir/rosidl_generator_c/region_detection_msgs/srv/crop_data__functions.c.o[0m
[2.200s] [ 13%] [32mBuilding C object CMakeFiles/region_detection_msgs__rosidl_generator_c.dir/rosidl_generator_c/region_detection_msgs/srv/show_selectable_regions__functions.c.o[0m
[2.224s] [ 14%] [32mBuilding C object CMakeFiles/region_detection_msgs__rosidl_generator_c.dir/rosidl_generator_c/region_detection_msgs/srv/get_selected_regions__functions.c.o[0m
[2.625s] [ 16%] [32m[1mLinking C shared library libregion_detection_msgs__rosidl_generator_c.so[0m
[2.938s] [ 16%] Built target region_detection_msgs__rosidl_generator_c
[3.039s] [ 18%] [34m[1mGenerating C introspection for ROS interfaces[0m
[3.441s] [35m[1mScanning dependencies of target region_detection_msgs__rosidl_typesupport_introspection_cpp[0m
[3.595s] [35m[1mScanning dependencies of target region_detection_msgs__rosidl_typesupport_fastrtps_cpp[0m
[3.635s] [ 19%] [32mBuilding CXX object CMakeFiles/region_detection_msgs__rosidl_typesupport_introspection_cpp.dir/rosidl_typesupport_introspection_cpp/region_detection_msgs/srv/crop_data__type_support.cpp.o[0m
[3.641s] [ 21%] [32mBuilding CXX object CMakeFiles/region_detection_msgs__rosidl_typesupport_introspection_cpp.dir/rosidl_typesupport_introspection_cpp/region_detection_msgs/msg/pose_set__type_support.cpp.o[0m
[3.642s] [ 22%] [32mBuilding CXX object CMakeFiles/region_detection_msgs__rosidl_typesupport_introspection_cpp.dir/rosidl_typesupport_introspection_cpp/region_detection_msgs/srv/detect_regions__type_support.cpp.o[0m
[3.649s] [ 24%] [32mBuilding CXX object CMakeFiles/region_detection_msgs__rosidl_typesupport_introspection_cpp.dir/rosidl_typesupport_introspection_cpp/region_detection_msgs/srv/show_selectable_regions__type_support.cpp.o[0m
[3.671s] [ 26%] [32mBuilding CXX object CMakeFiles/region_detection_msgs__rosidl_typesupport_introspection_cpp.dir/rosidl_typesupport_introspection_cpp/region_detection_msgs/srv/get_selected_regions__type_support.cpp.o[0m
[3.793s] [ 27%] [32mBuilding CXX object CMakeFiles/region_detection_msgs__rosidl_typesupport_fastrtps_cpp.dir/rosidl_typesupport_fastrtps_cpp/region_detection_msgs/srv/dds_fastrtps/crop_data__type_support.cpp.o[0m
[3.830s] [ 29%] [32mBuilding CXX object CMakeFiles/region_detection_msgs__rosidl_typesupport_fastrtps_cpp.dir/rosidl_typesupport_fastrtps_cpp/region_detection_msgs/msg/dds_fastrtps/pose_set__type_support.cpp.o[0m
[4.540s] [ 31%] [32mBuilding CXX object CMakeFiles/region_detection_msgs__rosidl_typesupport_fastrtps_cpp.dir/rosidl_typesupport_fastrtps_cpp/region_detection_msgs/srv/dds_fastrtps/detect_regions__type_support.cpp.o[0m
[4.825s] [ 32%] [32mBuilding CXX object CMakeFiles/region_detection_msgs__rosidl_typesupport_fastrtps_cpp.dir/rosidl_typesupport_fastrtps_cpp/region_detection_msgs/srv/dds_fastrtps/get_selected_regions__type_support.cpp.o[0m
[4.863s] [ 34%] [32mBuilding CXX object CMakeFiles/region_detection_msgs__rosidl_typesupport_fastrtps_cpp.dir/rosidl_typesupport_fastrtps_cpp/region_detection_msgs/srv/dds_fastrtps/show_selectable_regions__type_support.cpp.o[0m
[5.278s] [ 36%] [32m[1mLinking CXX shared library libregion_detection_msgs__rosidl_typesupport_introspection_cpp.so[0m
[5.502s] [35m[1mScanning dependencies of target region_detection_msgs__rosidl_typesupport_introspection_c[0m
[5.596s] [ 37%] [32mBuilding C object CMakeFiles/region_detection_msgs__rosidl_typesupport_introspection_c.dir/rosidl_typesupport_introspection_c/region_detection_msgs/msg/pose_set__type_support.c.o[0m
[5.604s] [ 39%] [32mBuilding C object CMakeFiles/region_detection_msgs__rosidl_typesupport_introspection_c.dir/rosidl_typesupport_introspection_c/region_detection_msgs/srv/crop_data__type_support.c.o[0m
[5.623s] [ 40%] [32mBuilding C object CMakeFiles/region_detection_msgs__rosidl_typesupport_introspection_c.dir/rosidl_typesupport_introspection_c/region_detection_msgs/srv/show_selectable_regions__type_support.c.o[0m
[5.633s] [ 42%] [32mBuilding C object CMakeFiles/region_detection_msgs__rosidl_typesupport_introspection_c.dir/rosidl_typesupport_introspection_c/region_detection_msgs/srv/detect_regions__type_support.c.o[0m
[5.676s] [ 42%] Built target region_detection_msgs__rosidl_typesupport_introspection_cpp
[5.714s] [ 44%] [32mBuilding C object CMakeFiles/region_detection_msgs__rosidl_typesupport_introspection_c.dir/rosidl_typesupport_introspection_c/region_detection_msgs/srv/get_selected_regions__type_support.c.o[0m
[5.753s] [ 45%] [32m[1mLinking CXX shared library libregion_detection_msgs__rosidl_typesupport_fastrtps_cpp.so[0m
[5.799s] [ 47%] [32m[1mLinking C shared library libregion_detection_msgs__rosidl_typesupport_introspection_c.so[0m
[5.931s] [ 47%] Built target region_detection_msgs__rosidl_typesupport_introspection_c
[5.989s] [ 47%] Built target region_detection_msgs__rosidl_typesupport_fastrtps_cpp
[6.030s] [ 49%] [34m[1mGenerating C++ type support dispatch for ROS interfaces[0m
[6.038s] [ 50%] [34m[1mGenerating C type support for eProsima Fast-RTPS[0m
[7.547s] [35m[1mScanning dependencies of target region_detection_msgs__rosidl_typesupport_cpp[0m
[7.637s] [ 52%] [32mBuilding CXX object CMakeFiles/region_detection_msgs__rosidl_typesupport_cpp.dir/rosidl_typesupport_cpp/region_detection_msgs/srv/show_selectable_regions__type_support.cpp.o[0m
[7.639s] [ 54%] [32mBuilding CXX object CMakeFiles/region_detection_msgs__rosidl_typesupport_cpp.dir/rosidl_typesupport_cpp/region_detection_msgs/srv/get_selected_regions__type_support.cpp.o[0m
[7.650s] [ 55%] [32mBuilding CXX object CMakeFiles/region_detection_msgs__rosidl_typesupport_cpp.dir/rosidl_typesupport_cpp/region_detection_msgs/srv/crop_data__type_support.cpp.o[0m
[7.669s] [ 57%] [32mBuilding CXX object CMakeFiles/region_detection_msgs__rosidl_typesupport_cpp.dir/rosidl_typesupport_cpp/region_detection_msgs/msg/pose_set__type_support.cpp.o[0m
[7.686s] [35m[1mScanning dependencies of target region_detection_msgs__rosidl_typesupport_fastrtps_c[0m
[7.693s] [ 59%] [32mBuilding CXX object CMakeFiles/region_detection_msgs__rosidl_typesupport_cpp.dir/rosidl_typesupport_cpp/region_detection_msgs/srv/detect_regions__type_support.cpp.o[0m
[7.832s] [ 60%] [32mBuilding CXX object CMakeFiles/region_detection_msgs__rosidl_typesupport_fastrtps_c.dir/rosidl_typesupport_fastrtps_c/region_detection_msgs/srv/crop_data__type_support_c.cpp.o[0m
[7.891s] [ 62%] [32mBuilding CXX object CMakeFiles/region_detection_msgs__rosidl_typesupport_fastrtps_c.dir/rosidl_typesupport_fastrtps_c/region_detection_msgs/srv/detect_regions__type_support_c.cpp.o[0m
[7.900s] [ 63%] [32mBuilding CXX object CMakeFiles/region_detection_msgs__rosidl_typesupport_fastrtps_c.dir/rosidl_typesupport_fastrtps_c/region_detection_msgs/msg/pose_set__type_support_c.cpp.o[0m
[8.896s] [ 65%] [32mBuilding CXX object CMakeFiles/region_detection_msgs__rosidl_typesupport_fastrtps_c.dir/rosidl_typesupport_fastrtps_c/region_detection_msgs/srv/show_selectable_regions__type_support_c.cpp.o[0m
[9.142s] [ 67%] [32mBuilding CXX object CMakeFiles/region_detection_msgs__rosidl_typesupport_fastrtps_c.dir/rosidl_typesupport_fastrtps_c/region_detection_msgs/srv/get_selected_regions__type_support_c.cpp.o[0m
[9.252s] [ 68%] [32m[1mLinking CXX shared library libregion_detection_msgs__rosidl_typesupport_cpp.so[0m
[9.766s] [ 68%] Built target region_detection_msgs__rosidl_typesupport_cpp
[9.792s] [ 70%] [32m[1mLinking CXX shared library libregion_detection_msgs__rosidl_typesupport_fastrtps_c.so[0m
[10.123s] [ 70%] Built target region_detection_msgs__rosidl_typesupport_fastrtps_c
[10.190s] [ 72%] [34m[1mGenerating C type support dispatch for ROS interfaces[0m
[11.032s] [35m[1mScanning dependencies of target region_detection_msgs__rosidl_typesupport_c[0m
[11.078s] [ 73%] [32mBuilding CXX object CMakeFiles/region_detection_msgs__rosidl_typesupport_c.dir/rosidl_typesupport_c/region_detection_msgs/srv/detect_regions__type_support.cpp.o[0m
[11.083s] [ 75%] [32mBuilding CXX object CMakeFiles/region_detection_msgs__rosidl_typesupport_c.dir/rosidl_typesupport_c/region_detection_msgs/srv/show_selectable_regions__type_support.cpp.o[0m
[11.089s] [ 77%] [32mBuilding CXX object CMakeFiles/region_detection_msgs__rosidl_typesupport_c.dir/rosidl_typesupport_c/region_detection_msgs/msg/pose_set__type_support.cpp.o[0m
[11.091s] [ 78%] [32mBuilding CXX object CMakeFiles/region_detection_msgs__rosidl_typesupport_c.dir/rosidl_typesupport_c/region_detection_msgs/srv/crop_data__type_support.cpp.o[0m
[11.092s] [ 80%] [32mBuilding CXX object CMakeFiles/region_detection_msgs__rosidl_typesupport_c.dir/rosidl_typesupport_c/region_detection_msgs/srv/get_selected_regions__type_support.cpp.o[0m
[11.178s] [ 81%] [32m[1mLinking CXX shared library libregion_detection_msgs__rosidl_typesupport_c.so[0m
[11.323s] [ 81%] Built target region_detection_msgs__rosidl_typesupport_c
[11.357s] [35m[1mScanning dependencies of target region_detection_msgs[0m
[11.392s] [ 81%] Built target region_detection_msgs
[11.422s] [35m[1mScanning dependencies of target region_detection_msgs__py[0m
[11.454s] [ 83%] [34m[1mGenerating Python code for ROS interfaces[0m
[13.582s] [ 83%] Built target region_detection_msgs__py
[13.610s] [35m[1mScanning dependencies of target region_detection_msgs__python[0m
[13.718s] [ 85%] [32mBuilding C object CMakeFiles/region_detection_msgs__python.dir/rosidl_generator_py/region_detection_msgs/srv/_get_selected_regions_s.c.o[0m
[13.724s] [ 86%] [32mBuilding C object CMakeFiles/region_detection_msgs__python.dir/rosidl_generator_py/region_detection_msgs/msg/_pose_set_s.c.o[0m
[13.728s] [ 88%] [32mBuilding C object CMakeFiles/region_detection_msgs__python.dir/rosidl_generator_py/region_detection_msgs/srv/_detect_regions_s.c.o[0m
[13.732s] [ 90%] [32mBuilding C object CMakeFiles/region_detection_msgs__python.dir/rosidl_generator_py/region_detection_msgs/srv/_crop_data_s.c.o[0m
[13.739s] [ 91%] [32mBuilding C object CMakeFiles/region_detection_msgs__python.dir/rosidl_generator_py/region_detection_msgs/srv/_show_selectable_regions_s.c.o[0m
[14.010s] [ 93%] [32m[1mLinking CXX shared library rosidl_generator_py/region_detection_msgs/libregion_detection_msgs__python.so[0m
[14.185s] [ 93%] Built target region_detection_msgs__python
[14.230s] [35m[1mScanning dependencies of target region_detection_msgs__rosidl_typesupport_fastrtps_c__pyext[0m
[14.230s] [35m[1mScanning dependencies of target region_detection_msgs__rosidl_typesupport_c__pyext[0m
[14.293s] [ 95%] [32mBuilding C object CMakeFiles/region_detection_msgs__rosidl_typesupport_fastrtps_c__pyext.dir/rosidl_generator_py/region_detection_msgs/_region_detection_msgs_s.ep.rosidl_typesupport_fastrtps_c.c.o[0m
[14.297s] [ 96%] [32mBuilding C object CMakeFiles/region_detection_msgs__rosidl_typesupport_c__pyext.dir/rosidl_generator_py/region_detection_msgs/_region_detection_msgs_s.ep.rosidl_typesupport_c.c.o[0m
[14.494s] [ 98%] [32m[1mLinking CXX shared library rosidl_generator_py/region_detection_msgs/region_detection_msgs_s__rosidl_typesupport_fastrtps_c.cpython-36m-x86_64-linux-gnu.so[0m
[14.517s] [100%] [32m[1mLinking CXX shared library rosidl_generator_py/region_detection_msgs/region_detection_msgs_s__rosidl_typesupport_c.cpython-36m-x86_64-linux-gnu.so[0m
[14.741s] [100%] Built target region_detection_msgs__rosidl_typesupport_fastrtps_c__pyext
[14.855s] [100%] Built target region_detection_msgs__rosidl_typesupport_c__pyext
[14.930s] Invoked command in '/root/crs_ws_fanuc/build/region_detection_msgs' returned '0': CMAKE_PREFIX_PATH=/root/crs_ws_fanuc/install/crs_utils_py:/opt/ros/eloquent:${CMAKE_PREFIX_PATH} /usr/bin/cmake --build /root/crs_ws_fanuc/build/region_detection_msgs -- -j8 -l8
[17.529s] Invoking command in '/root/crs_ws_fanuc/build/region_detection_msgs': CMAKE_PREFIX_PATH=/root/crs_ws_fanuc/install/crs_utils_py:/opt/ros/eloquent:${CMAKE_PREFIX_PATH} /usr/bin/cmake --build /root/crs_ws_fanuc/build/region_detection_msgs --target install -- -j8 -l8
[18.118s] [  1%] Built target region_detection_msgs__cpp
[18.119s] [ 13%] Built target region_detection_msgs__rosidl_generator_c
[18.413s] [ 24%] Built target region_detection_msgs__rosidl_typesupport_introspection_c
[18.442s] [ 36%] Built target region_detection_msgs__rosidl_typesupport_fastrtps_cpp
[18.447s] [ 47%] Built target region_detection_msgs__rosidl_typesupport_introspection_cpp
[18.797s] [ 59%] Built target region_detection_msgs__rosidl_typesupport_cpp
[18.805s] [ 70%] Built target region_detection_msgs__rosidl_typesupport_fastrtps_c
[19.133s] [ 81%] Built target region_detection_msgs__rosidl_typesupport_c
[19.307s] [ 81%] Built target region_detection_msgs
[19.585s] [ 83%] Built target region_detection_msgs__py
[19.984s] [ 93%] Built target region_detection_msgs__python
[20.251s] [ 96%] Built target region_detection_msgs__rosidl_typesupport_c__pyext
[20.285s] [100%] Built target region_detection_msgs__rosidl_typesupport_fastrtps_c__pyext
[20.486s] [36mInstall the project...[0m
[20.557s] -- Install configuration: ""
[20.558s] -- Execute custom install script
[20.558s] -- Symlinking: /root/crs_ws_fanuc/install/region_detection_msgs/share/ament_index/resource_index/rosidl_interfaces/region_detection_msgs
[20.653s] -- Symlinking: /root/crs_ws_fanuc/install/region_detection_msgs/lib/libregion_detection_msgs__rosidl_typesupport_c.so
[20.772s] -- Up-to-date symlink: /root/crs_ws_fanuc/install/region_detection_msgs/share/region_detection_msgs/environment/library_path.sh
[20.773s] -- Symlinking: /root/crs_ws_fanuc/install/region_detection_msgs/share/region_detection_msgs/environment/library_path.dsv
[20.850s] -- Symlinking: /root/crs_ws_fanuc/install/region_detection_msgs/lib/libregion_detection_msgs__rosidl_typesupport_cpp.so
[20.903s] -- Symlinking: /root/crs_ws_fanuc/install/region_detection_msgs/include/region_detection_msgs/msg/pose_set__rosidl_typesupport_fastrtps_c.h
[21.008s] -- Symlinking: /root/crs_ws_fanuc/install/region_detection_msgs/include/region_detection_msgs/msg/rosidl_typesupport_fastrtps_c__visibility_control.h
[21.155s] -- Symlinking: /root/crs_ws_fanuc/install/region_detection_msgs/include/region_detection_msgs/srv/crop_data__rosidl_typesupport_fastrtps_c.h
[21.247s] -- Symlinking: /root/crs_ws_fanuc/install/region_detection_msgs/include/region_detection_msgs/srv/detect_regions__rosidl_typesupport_fastrtps_c.h
[21.372s] -- Symlinking: /root/crs_ws_fanuc/install/region_detection_msgs/include/region_detection_msgs/srv/get_selected_regions__rosidl_typesupport_fastrtps_c.h
[21.497s] -- Symlinking: /root/crs_ws_fanuc/install/region_detection_msgs/include/region_detection_msgs/srv/show_selectable_regions__rosidl_typesupport_fastrtps_c.h
[21.590s] -- Symlinking: /root/crs_ws_fanuc/install/region_detection_msgs/lib/libregion_detection_msgs__rosidl_typesupport_fastrtps_c.so
[21.684s] -- Symlinking: /root/crs_ws_fanuc/install/region_detection_msgs/include/region_detection_msgs/msg/pose_set.h
[21.816s] -- Symlinking: /root/crs_ws_fanuc/install/region_detection_msgs/include/region_detection_msgs/msg/pose_set__functions.h
[21.906s] -- Symlinking: /root/crs_ws_fanuc/install/region_detection_msgs/include/region_detection_msgs/msg/pose_set__struct.h
[22.001s] -- Symlinking: /root/crs_ws_fanuc/install/region_detection_msgs/include/region_detection_msgs/msg/pose_set__type_support.h
[22.085s] -- Symlinking: /root/crs_ws_fanuc/install/region_detection_msgs/include/region_detection_msgs/msg/rosidl_generator_c__visibility_control.h
[22.162s] -- Symlinking: /root/crs_ws_fanuc/install/region_detection_msgs/include/region_detection_msgs/srv/crop_data.h
[22.220s] -- Symlinking: /root/crs_ws_fanuc/install/region_detection_msgs/include/region_detection_msgs/srv/crop_data__functions.h
[22.303s] -- Symlinking: /root/crs_ws_fanuc/install/region_detection_msgs/include/region_detection_msgs/srv/crop_data__struct.h
[22.455s] -- Symlinking: /root/crs_ws_fanuc/install/region_detection_msgs/include/region_detection_msgs/srv/crop_data__type_support.h
[22.551s] -- Symlinking: /root/crs_ws_fanuc/install/region_detection_msgs/include/region_detection_msgs/srv/detect_regions.h
[22.645s] -- Symlinking: /root/crs_ws_fanuc/install/region_detection_msgs/include/region_detection_msgs/srv/detect_regions__functions.h
[22.739s] -- Symlinking: /root/crs_ws_fanuc/install/region_detection_msgs/include/region_detection_msgs/srv/detect_regions__struct.h
[22.852s] -- Symlinking: /root/crs_ws_fanuc/install/region_detection_msgs/include/region_detection_msgs/srv/detect_regions__type_support.h
[22.952s] -- Symlinking: /root/crs_ws_fanuc/install/region_detection_msgs/include/region_detection_msgs/srv/get_selected_regions.h
[23.047s] -- Symlinking: /root/crs_ws_fanuc/install/region_detection_msgs/include/region_detection_msgs/srv/get_selected_regions__functions.h
[23.147s] -- Symlinking: /root/crs_ws_fanuc/install/region_detection_msgs/include/region_detection_msgs/srv/get_selected_regions__struct.h
[23.214s] -- Symlinking: /root/crs_ws_fanuc/install/region_detection_msgs/include/region_detection_msgs/srv/get_selected_regions__type_support.h
[23.300s] -- Symlinking: /root/crs_ws_fanuc/install/region_detection_msgs/include/region_detection_msgs/srv/show_selectable_regions.h
[23.411s] -- Symlinking: /root/crs_ws_fanuc/install/region_detection_msgs/include/region_detection_msgs/srv/show_selectable_regions__functions.h
[23.508s] -- Symlinking: /root/crs_ws_fanuc/install/region_detection_msgs/include/region_detection_msgs/srv/show_selectable_regions__struct.h
[23.600s] -- Symlinking: /root/crs_ws_fanuc/install/region_detection_msgs/include/region_detection_msgs/srv/show_selectable_regions__type_support.h
[23.675s] -- Symlinking: /root/crs_ws_fanuc/install/region_detection_msgs/lib/libregion_detection_msgs__rosidl_generator_c.so
[23.755s] -- Symlinking: /root/crs_ws_fanuc/install/region_detection_msgs/include/region_detection_msgs/msg/pose_set__rosidl_typesupport_fastrtps_cpp.hpp
[23.825s] -- Symlinking: /root/crs_ws_fanuc/install/region_detection_msgs/include/region_detection_msgs/msg/rosidl_typesupport_fastrtps_cpp__visibility_control.h
[23.889s] -- Symlinking: /root/crs_ws_fanuc/install/region_detection_msgs/include/region_detection_msgs/srv/crop_data__rosidl_typesupport_fastrtps_cpp.hpp
[23.943s] -- Symlinking: /root/crs_ws_fanuc/install/region_detection_msgs/include/region_detection_msgs/srv/detect_regions__rosidl_typesupport_fastrtps_cpp.hpp
[23.998s] -- Symlinking: /root/crs_ws_fanuc/install/region_detection_msgs/include/region_detection_msgs/srv/get_selected_regions__rosidl_typesupport_fastrtps_cpp.hpp
[24.044s] -- Symlinking: /root/crs_ws_fanuc/install/region_detection_msgs/include/region_detection_msgs/srv/show_selectable_regions__rosidl_typesupport_fastrtps_cpp.hpp
[24.098s] -- Symlinking: /root/crs_ws_fanuc/install/region_detection_msgs/lib/libregion_detection_msgs__rosidl_typesupport_fastrtps_cpp.so
[24.192s] -- Symlinking: /root/crs_ws_fanuc/install/region_detection_msgs/include/region_detection_msgs/msg/pose_set.hpp
[24.264s] -- Symlinking: /root/crs_ws_fanuc/install/region_detection_msgs/include/region_detection_msgs/msg/pose_set__struct.hpp
[24.347s] -- Symlinking: /root/crs_ws_fanuc/install/region_detection_msgs/include/region_detection_msgs/msg/pose_set__traits.hpp
[24.407s] -- Symlinking: /root/crs_ws_fanuc/install/region_detection_msgs/include/region_detection_msgs/srv/crop_data.hpp
[24.480s] -- Symlinking: /root/crs_ws_fanuc/install/region_detection_msgs/include/region_detection_msgs/srv/crop_data__struct.hpp
[24.557s] -- Symlinking: /root/crs_ws_fanuc/install/region_detection_msgs/include/region_detection_msgs/srv/crop_data__traits.hpp
[24.670s] -- Symlinking: /root/crs_ws_fanuc/install/region_detection_msgs/include/region_detection_msgs/srv/detect_regions.hpp
[24.773s] -- Symlinking: /root/crs_ws_fanuc/install/region_detection_msgs/include/region_detection_msgs/srv/detect_regions__struct.hpp
[24.847s] -- Symlinking: /root/crs_ws_fanuc/install/region_detection_msgs/include/region_detection_msgs/srv/detect_regions__traits.hpp
[24.952s] -- Symlinking: /root/crs_ws_fanuc/install/region_detection_msgs/include/region_detection_msgs/srv/get_selected_regions.hpp
[25.038s] -- Symlinking: /root/crs_ws_fanuc/install/region_detection_msgs/include/region_detection_msgs/srv/get_selected_regions__struct.hpp
[25.107s] -- Symlinking: /root/crs_ws_fanuc/install/region_detection_msgs/include/region_detection_msgs/srv/get_selected_regions__traits.hpp
[25.177s] -- Symlinking: /root/crs_ws_fanuc/install/region_detection_msgs/include/region_detection_msgs/srv/show_selectable_regions.hpp
[25.251s] -- Symlinking: /root/crs_ws_fanuc/install/region_detection_msgs/include/region_detection_msgs/srv/show_selectable_regions__struct.hpp
[25.362s] -- Symlinking: /root/crs_ws_fanuc/install/region_detection_msgs/include/region_detection_msgs/srv/show_selectable_regions__traits.hpp
[25.472s] -- Symlinking: /root/crs_ws_fanuc/install/region_detection_msgs/include/region_detection_msgs/msg/pose_set__rosidl_typesupport_introspection_c.h
[25.567s] -- Symlinking: /root/crs_ws_fanuc/install/region_detection_msgs/include/region_detection_msgs/msg/rosidl_typesupport_introspection_c__visibility_control.h
[25.675s] -- Symlinking: /root/crs_ws_fanuc/install/region_detection_msgs/include/region_detection_msgs/srv/crop_data__rosidl_typesupport_introspection_c.h
[25.785s] -- Symlinking: /root/crs_ws_fanuc/install/region_detection_msgs/include/region_detection_msgs/srv/detect_regions__rosidl_typesupport_introspection_c.h
[25.887s] -- Symlinking: /root/crs_ws_fanuc/install/region_detection_msgs/include/region_detection_msgs/srv/get_selected_regions__rosidl_typesupport_introspection_c.h
[26.002s] -- Symlinking: /root/crs_ws_fanuc/install/region_detection_msgs/include/region_detection_msgs/srv/show_selectable_regions__rosidl_typesupport_introspection_c.h
[26.090s] -- Symlinking: /root/crs_ws_fanuc/install/region_detection_msgs/lib/libregion_detection_msgs__rosidl_typesupport_introspection_c.so
[26.173s] -- Symlinking: /root/crs_ws_fanuc/install/region_detection_msgs/include/region_detection_msgs/msg/pose_set__rosidl_typesupport_introspection_cpp.hpp
[26.238s] -- Symlinking: /root/crs_ws_fanuc/install/region_detection_msgs/include/region_detection_msgs/srv/crop_data__rosidl_typesupport_introspection_cpp.hpp
[26.326s] -- Symlinking: /root/crs_ws_fanuc/install/region_detection_msgs/include/region_detection_msgs/srv/detect_regions__rosidl_typesupport_introspection_cpp.hpp
[26.408s] -- Symlinking: /root/crs_ws_fanuc/install/region_detection_msgs/include/region_detection_msgs/srv/get_selected_regions__rosidl_typesupport_introspection_cpp.hpp
[26.507s] -- Symlinking: /root/crs_ws_fanuc/install/region_detection_msgs/include/region_detection_msgs/srv/show_selectable_regions__rosidl_typesupport_introspection_cpp.hpp
[26.588s] -- Symlinking: /root/crs_ws_fanuc/install/region_detection_msgs/lib/libregion_detection_msgs__rosidl_typesupport_introspection_cpp.so
[26.713s] -- Symlinking: /root/crs_ws_fanuc/install/region_detection_msgs/share/region_detection_msgs/environment/pythonpath.sh
[26.800s] -- Symlinking: /root/crs_ws_fanuc/install/region_detection_msgs/share/region_detection_msgs/environment/pythonpath.dsv
[26.885s] -- Symlinking: /root/crs_ws_fanuc/install/region_detection_msgs/lib/python3.6/site-packages/region_detection_msgs/__init__.py
[26.973s] -- Symlinking: /root/crs_ws_fanuc/install/region_detection_msgs/lib/python3.6/site-packages/region_detection_msgs/msg/__init__.py
[27.048s] -- Symlinking: /root/crs_ws_fanuc/install/region_detection_msgs/lib/python3.6/site-packages/region_detection_msgs/msg/_pose_set.py
[27.174s] -- Symlinking: /root/crs_ws_fanuc/install/region_detection_msgs/lib/python3.6/site-packages/region_detection_msgs/srv/__init__.py
[27.294s] -- Symlinking: /root/crs_ws_fanuc/install/region_detection_msgs/lib/python3.6/site-packages/region_detection_msgs/srv/_crop_data.py
[27.412s] -- Symlinking: /root/crs_ws_fanuc/install/region_detection_msgs/lib/python3.6/site-packages/region_detection_msgs/srv/_detect_regions.py
[27.466s] -- Symlinking: /root/crs_ws_fanuc/install/region_detection_msgs/lib/python3.6/site-packages/region_detection_msgs/srv/_get_selected_regions.py
[27.549s] -- Symlinking: /root/crs_ws_fanuc/install/region_detection_msgs/lib/python3.6/site-packages/region_detection_msgs/srv/_show_selectable_regions.py
[27.599s] -- Symlinking: /root/crs_ws_fanuc/install/region_detection_msgs/lib/python3.6/site-packages/region_detection_msgs/region_detection_msgs_s__rosidl_typesupport_c.cpython-36m-x86_64-linux-gnu.so
[27.689s] -- Symlinking: /root/crs_ws_fanuc/install/region_detection_msgs/lib/python3.6/site-packages/region_detection_msgs/region_detection_msgs_s__rosidl_typesupport_fastrtps_c.cpython-36m-x86_64-linux-gnu.so
[27.799s] -- Symlinking: /root/crs_ws_fanuc/install/region_detection_msgs/lib/libregion_detection_msgs__python.so
[27.890s] -- Symlinking: /root/crs_ws_fanuc/install/region_detection_msgs/share/region_detection_msgs/msg/PoseSet.idl
[27.961s] -- Symlinking: /root/crs_ws_fanuc/install/region_detection_msgs/share/region_detection_msgs/srv/CropData.idl
[28.058s] -- Symlinking: /root/crs_ws_fanuc/install/region_detection_msgs/share/region_detection_msgs/srv/DetectRegions.idl
[28.158s] -- Symlinking: /root/crs_ws_fanuc/install/region_detection_msgs/share/region_detection_msgs/srv/ShowSelectableRegions.idl
[28.235s] -- Symlinking: /root/crs_ws_fanuc/install/region_detection_msgs/share/region_detection_msgs/srv/GetSelectedRegions.idl
[28.363s] -- Symlinking: /root/crs_ws_fanuc/install/region_detection_msgs/share/region_detection_msgs/msg/PoseSet.msg
[28.441s] -- Symlinking: /root/crs_ws_fanuc/install/region_detection_msgs/share/region_detection_msgs/srv/CropData.srv
[28.537s] -- Symlinking: /root/crs_ws_fanuc/install/region_detection_msgs/share/region_detection_msgs/srv/CropData_Request.msg
[28.640s] -- Symlinking: /root/crs_ws_fanuc/install/region_detection_msgs/share/region_detection_msgs/srv/CropData_Response.msg
[28.743s] -- Symlinking: /root/crs_ws_fanuc/install/region_detection_msgs/share/region_detection_msgs/srv/DetectRegions.srv
[28.811s] -- Symlinking: /root/crs_ws_fanuc/install/region_detection_msgs/share/region_detection_msgs/srv/DetectRegions_Request.msg
[28.907s] -- Symlinking: /root/crs_ws_fanuc/install/region_detection_msgs/share/region_detection_msgs/srv/DetectRegions_Response.msg
[28.977s] -- Symlinking: /root/crs_ws_fanuc/install/region_detection_msgs/share/region_detection_msgs/srv/ShowSelectableRegions.srv
[29.087s] -- Symlinking: /root/crs_ws_fanuc/install/region_detection_msgs/share/region_detection_msgs/srv/ShowSelectableRegions_Request.msg
[29.187s] -- Symlinking: /root/crs_ws_fanuc/install/region_detection_msgs/share/region_detection_msgs/srv/ShowSelectableRegions_Response.msg
[29.278s] -- Symlinking: /root/crs_ws_fanuc/install/region_detection_msgs/share/region_detection_msgs/srv/GetSelectedRegions.srv
[29.412s] -- Symlinking: /root/crs_ws_fanuc/install/region_detection_msgs/share/region_detection_msgs/srv/GetSelectedRegions_Request.msg
[29.478s] -- Symlinking: /root/crs_ws_fanuc/install/region_detection_msgs/share/region_detection_msgs/srv/GetSelectedRegions_Response.msg
[29.568s] -- Symlinking: /root/crs_ws_fanuc/install/region_detection_msgs/share/ament_index/resource_index/package_run_dependencies/region_detection_msgs
[29.742s] -- Symlinking: /root/crs_ws_fanuc/install/region_detection_msgs/share/ament_index/resource_index/parent_prefix_path/region_detection_msgs
[29.853s] -- Up-to-date symlink: /root/crs_ws_fanuc/install/region_detection_msgs/share/region_detection_msgs/environment/ament_prefix_path.sh
[29.853s] -- Symlinking: /root/crs_ws_fanuc/install/region_detection_msgs/share/region_detection_msgs/environment/ament_prefix_path.dsv
[29.974s] -- Up-to-date symlink: /root/crs_ws_fanuc/install/region_detection_msgs/share/region_detection_msgs/environment/path.sh
[29.974s] -- Symlinking: /root/crs_ws_fanuc/install/region_detection_msgs/share/region_detection_msgs/environment/path.dsv
[30.061s] -- Symlinking: /root/crs_ws_fanuc/install/region_detection_msgs/share/region_detection_msgs/local_setup.bash
[30.183s] -- Symlinking: /root/crs_ws_fanuc/install/region_detection_msgs/share/region_detection_msgs/local_setup.sh
[30.279s] -- Symlinking: /root/crs_ws_fanuc/install/region_detection_msgs/share/region_detection_msgs/local_setup.zsh
[30.397s] -- Symlinking: /root/crs_ws_fanuc/install/region_detection_msgs/share/region_detection_msgs/local_setup.dsv
[30.527s] -- Symlinking: /root/crs_ws_fanuc/install/region_detection_msgs/share/region_detection_msgs/package.dsv
[30.636s] -- Symlinking: /root/crs_ws_fanuc/install/region_detection_msgs/share/ament_index/resource_index/packages/region_detection_msgs
[30.742s] -- Symlinking: /root/crs_ws_fanuc/install/region_detection_msgs/share/region_detection_msgs/cmake/rosidl_cmake-extras.cmake
[30.807s] -- Symlinking: /root/crs_ws_fanuc/install/region_detection_msgs/share/region_detection_msgs/cmake/ament_cmake_export_dependencies-extras.cmake
[30.910s] -- Symlinking: /root/crs_ws_fanuc/install/region_detection_msgs/share/region_detection_msgs/cmake/ament_cmake_export_libraries-extras.cmake
[31.059s] -- Symlinking: /root/crs_ws_fanuc/install/region_detection_msgs/share/region_detection_msgs/cmake/ament_cmake_export_include_directories-extras.cmake
[31.137s] -- Symlinking: /root/crs_ws_fanuc/install/region_detection_msgs/share/region_detection_msgs/cmake/region_detection_msgsConfig.cmake
[31.233s] -- Symlinking: /root/crs_ws_fanuc/install/region_detection_msgs/share/region_detection_msgs/cmake/region_detection_msgsConfig-version.cmake
[31.360s] -- Symlinking: /root/crs_ws_fanuc/install/region_detection_msgs/share/region_detection_msgs/package.xml
[31.649s] Compiling '/root/crs_ws_fanuc/install/region_detection_msgs/lib/python3.6/site-packages/region_detection_msgs/__init__.py'...
[31.678s] Invoked command in '/root/crs_ws_fanuc/build/region_detection_msgs' returned '0': CMAKE_PREFIX_PATH=/root/crs_ws_fanuc/install/crs_utils_py:/opt/ros/eloquent:${CMAKE_PREFIX_PATH} /usr/bin/cmake --build /root/crs_ws_fanuc/build/region_detection_msgs --target install -- -j8 -l8
