-- Boost version: 1.65.1
-- Found the following Boost libraries:
--   system
--   python
--   thread
--   program_options
--   chrono
--   date_time
--   atomic
-- Configuring done
-- Generating done
-- Build files have been written to: /root/crs_ws_fanuc/build/trajopt_sco
[ 15%] Built target bpmpd_caller
[100%] Built target trajopt_sco
[ 15%] Built target bpmpd_caller
[100%] Built target trajopt_sco
[36mInstall the project...[0m
-- Install configuration: "Debug"
-- Up-to-date: /root/crs_ws_fanuc/install/trajopt_sco/bin/bpmpd_caller
-- Up-to-date: /root/crs_ws_fanuc/install/trajopt_sco/bin/bpmpd.par
-- Up-to-date: /root/crs_ws_fanuc/install/trajopt_sco/lib/libtrajopt_sco.so
-- Up-to-date: /root/crs_ws_fanuc/install/trajopt_sco/lib/cmake/trajopt_sco/trajopt_sco-targets.cmake
-- Installing: /root/crs_ws_fanuc/install/trajopt_sco/lib/cmake/trajopt_sco/trajopt_sco-targets-debug.cmake
-- Up-to-date: /root/crs_ws_fanuc/install/trajopt_sco/share/trajopt_sco/package.xml
-- Up-to-date: /root/crs_ws_fanuc/install/trajopt_sco/lib/cmake/trajopt_sco/trajopt_sco-config.cmake
-- Up-to-date: /root/crs_ws_fanuc/install/trajopt_sco/lib/cmake/trajopt_sco/trajopt_sco-config-version.cmake
-- Up-to-date: /root/crs_ws_fanuc/install/trajopt_sco/include/trajopt_sco
-- Up-to-date: /root/crs_ws_fanuc/install/trajopt_sco/include/trajopt_sco/optimizers.hpp
-- Up-to-date: /root/crs_ws_fanuc/install/trajopt_sco/include/trajopt_sco/num_diff.hpp
-- Up-to-date: /root/crs_ws_fanuc/install/trajopt_sco/include/trajopt_sco/expr_ops.hpp
-- Up-to-date: /root/crs_ws_fanuc/install/trajopt_sco/include/trajopt_sco/qpoases_interface.hpp
-- Up-to-date: /root/crs_ws_fanuc/install/trajopt_sco/include/trajopt_sco/osqp_interface.hpp
-- Up-to-date: /root/crs_ws_fanuc/install/trajopt_sco/include/trajopt_sco/gurobi_interface.hpp
-- Up-to-date: /root/crs_ws_fanuc/install/trajopt_sco/include/trajopt_sco/modeling_utils.hpp
-- Up-to-date: /root/crs_ws_fanuc/install/trajopt_sco/include/trajopt_sco/solver_utils.hpp
-- Up-to-date: /root/crs_ws_fanuc/install/trajopt_sco/include/trajopt_sco/bpmpd_io.hpp
-- Up-to-date: /root/crs_ws_fanuc/install/trajopt_sco/include/trajopt_sco/modeling.hpp
-- Up-to-date: /root/crs_ws_fanuc/install/trajopt_sco/include/trajopt_sco/expr_op_overloads.hpp
-- Up-to-date: /root/crs_ws_fanuc/install/trajopt_sco/include/trajopt_sco/solver_interface.hpp
-- Up-to-date: /root/crs_ws_fanuc/install/trajopt_sco/include/trajopt_sco/bpmpd_interface.hpp
-- Up-to-date: /root/crs_ws_fanuc/install/trajopt_sco/include/trajopt_sco/expr_vec_ops.hpp
-- Up-to-date: /root/crs_ws_fanuc/install/trajopt_sco/include/trajopt_sco/sco_common.hpp
-- Up-to-date: /root/crs_ws_fanuc/install/trajopt_sco/lib/cmake/trajopt_sco/FindGUROBI.cmake
-- Up-to-date: /root/crs_ws_fanuc/install/trajopt_sco/lib/cmake/trajopt_sco/FindqpOASES.cmake
