[  1%] Built target region_detection_msgs__cpp
[ 13%] Built target region_detection_msgs__rosidl_generator_c
[ 24%] Built target region_detection_msgs__rosidl_typesupport_introspection_cpp
[ 36%] Built target region_detection_msgs__rosidl_typesupport_fastrtps_cpp
[ 47%] Built target region_detection_msgs__rosidl_typesupport_introspection_c
[ 59%] Built target region_detection_msgs__rosidl_typesupport_cpp
[ 70%] Built target region_detection_msgs__rosidl_typesupport_fastrtps_c
[ 81%] Built target region_detection_msgs__rosidl_typesupport_c
[ 81%] Built target region_detection_msgs
[ 83%] Built target region_detection_msgs__py
[ 93%] Built target region_detection_msgs__python
[ 96%] Built target region_detection_msgs__rosidl_typesupport_c__pyext
[100%] Built target region_detection_msgs__rosidl_typesupport_fastrtps_c__pyext
[  1%] Built target region_detection_msgs__cpp
[ 13%] Built target region_detection_msgs__rosidl_generator_c
[ 24%] Built target region_detection_msgs__rosidl_typesupport_introspection_cpp
[ 36%] Built target region_detection_msgs__rosidl_typesupport_fastrtps_cpp
[ 47%] Built target region_detection_msgs__rosidl_typesupport_introspection_c
[ 59%] Built target region_detection_msgs__rosidl_typesupport_cpp
[ 70%] Built target region_detection_msgs__rosidl_typesupport_fastrtps_c
[ 81%] Built target region_detection_msgs__rosidl_typesupport_c
[ 81%] Built target region_detection_msgs
[ 83%] Built target region_detection_msgs__py
[ 93%] Built target region_detection_msgs__python
[ 96%] Built target region_detection_msgs__rosidl_typesupport_c__pyext
[100%] Built target region_detection_msgs__rosidl_typesupport_fastrtps_c__pyext
[36mInstall the project...[0m
-- Install configuration: ""
-- Execute custom install script
-- Up-to-date symlink: /root/crs_ws_fanuc/install/region_detection_msgs/share/ament_index/resource_index/rosidl_interfaces/region_detection_msgs
-- Up-to-date symlink: /root/crs_ws_fanuc/install/region_detection_msgs/lib/libregion_detection_msgs__rosidl_typesupport_c.so
-- Up-to-date symlink: /root/crs_ws_fanuc/install/region_detection_msgs/share/region_detection_msgs/environment/library_path.sh
-- Up-to-date symlink: /root/crs_ws_fanuc/install/region_detection_msgs/share/region_detection_msgs/environment/library_path.dsv
-- Up-to-date symlink: /root/crs_ws_fanuc/install/region_detection_msgs/lib/libregion_detection_msgs__rosidl_typesupport_cpp.so
-- Up-to-date symlink: /root/crs_ws_fanuc/install/region_detection_msgs/include/region_detection_msgs/msg/pose_set__rosidl_typesupport_fastrtps_c.h
-- Up-to-date symlink: /root/crs_ws_fanuc/install/region_detection_msgs/include/region_detection_msgs/msg/rosidl_typesupport_fastrtps_c__visibility_control.h
-- Up-to-date symlink: /root/crs_ws_fanuc/install/region_detection_msgs/include/region_detection_msgs/srv/crop_data__rosidl_typesupport_fastrtps_c.h
-- Up-to-date symlink: /root/crs_ws_fanuc/install/region_detection_msgs/include/region_detection_msgs/srv/detect_regions__rosidl_typesupport_fastrtps_c.h
-- Up-to-date symlink: /root/crs_ws_fanuc/install/region_detection_msgs/include/region_detection_msgs/srv/get_selected_regions__rosidl_typesupport_fastrtps_c.h
-- Up-to-date symlink: /root/crs_ws_fanuc/install/region_detection_msgs/include/region_detection_msgs/srv/show_selectable_regions__rosidl_typesupport_fastrtps_c.h
-- Up-to-date symlink: /root/crs_ws_fanuc/install/region_detection_msgs/lib/libregion_detection_msgs__rosidl_typesupport_fastrtps_c.so
-- Up-to-date symlink: /root/crs_ws_fanuc/install/region_detection_msgs/include/region_detection_msgs/msg/pose_set.h
-- Up-to-date symlink: /root/crs_ws_fanuc/install/region_detection_msgs/include/region_detection_msgs/msg/pose_set__functions.h
-- Up-to-date symlink: /root/crs_ws_fanuc/install/region_detection_msgs/include/region_detection_msgs/msg/pose_set__struct.h
-- Up-to-date symlink: /root/crs_ws_fanuc/install/region_detection_msgs/include/region_detection_msgs/msg/pose_set__type_support.h
-- Up-to-date symlink: /root/crs_ws_fanuc/install/region_detection_msgs/include/region_detection_msgs/msg/rosidl_generator_c__visibility_control.h
-- Up-to-date symlink: /root/crs_ws_fanuc/install/region_detection_msgs/include/region_detection_msgs/srv/crop_data.h
-- Up-to-date symlink: /root/crs_ws_fanuc/install/region_detection_msgs/include/region_detection_msgs/srv/crop_data__functions.h
-- Up-to-date symlink: /root/crs_ws_fanuc/install/region_detection_msgs/include/region_detection_msgs/srv/crop_data__struct.h
-- Up-to-date symlink: /root/crs_ws_fanuc/install/region_detection_msgs/include/region_detection_msgs/srv/crop_data__type_support.h
-- Up-to-date symlink: /root/crs_ws_fanuc/install/region_detection_msgs/include/region_detection_msgs/srv/detect_regions.h
-- Up-to-date symlink: /root/crs_ws_fanuc/install/region_detection_msgs/include/region_detection_msgs/srv/detect_regions__functions.h
-- Up-to-date symlink: /root/crs_ws_fanuc/install/region_detection_msgs/include/region_detection_msgs/srv/detect_regions__struct.h
-- Up-to-date symlink: /root/crs_ws_fanuc/install/region_detection_msgs/include/region_detection_msgs/srv/detect_regions__type_support.h
-- Up-to-date symlink: /root/crs_ws_fanuc/install/region_detection_msgs/include/region_detection_msgs/srv/get_selected_regions.h
-- Up-to-date symlink: /root/crs_ws_fanuc/install/region_detection_msgs/include/region_detection_msgs/srv/get_selected_regions__functions.h
-- Up-to-date symlink: /root/crs_ws_fanuc/install/region_detection_msgs/include/region_detection_msgs/srv/get_selected_regions__struct.h
-- Up-to-date symlink: /root/crs_ws_fanuc/install/region_detection_msgs/include/region_detection_msgs/srv/get_selected_regions__type_support.h
-- Up-to-date symlink: /root/crs_ws_fanuc/install/region_detection_msgs/include/region_detection_msgs/srv/show_selectable_regions.h
-- Up-to-date symlink: /root/crs_ws_fanuc/install/region_detection_msgs/include/region_detection_msgs/srv/show_selectable_regions__functions.h
-- Up-to-date symlink: /root/crs_ws_fanuc/install/region_detection_msgs/include/region_detection_msgs/srv/show_selectable_regions__struct.h
-- Up-to-date symlink: /root/crs_ws_fanuc/install/region_detection_msgs/include/region_detection_msgs/srv/show_selectable_regions__type_support.h
-- Up-to-date symlink: /root/crs_ws_fanuc/install/region_detection_msgs/lib/libregion_detection_msgs__rosidl_generator_c.so
-- Up-to-date symlink: /root/crs_ws_fanuc/install/region_detection_msgs/include/region_detection_msgs/msg/pose_set__rosidl_typesupport_fastrtps_cpp.hpp
-- Up-to-date symlink: /root/crs_ws_fanuc/install/region_detection_msgs/include/region_detection_msgs/msg/rosidl_typesupport_fastrtps_cpp__visibility_control.h
-- Up-to-date symlink: /root/crs_ws_fanuc/install/region_detection_msgs/include/region_detection_msgs/srv/crop_data__rosidl_typesupport_fastrtps_cpp.hpp
-- Up-to-date symlink: /root/crs_ws_fanuc/install/region_detection_msgs/include/region_detection_msgs/srv/detect_regions__rosidl_typesupport_fastrtps_cpp.hpp
-- Up-to-date symlink: /root/crs_ws_fanuc/install/region_detection_msgs/include/region_detection_msgs/srv/get_selected_regions__rosidl_typesupport_fastrtps_cpp.hpp
-- Up-to-date symlink: /root/crs_ws_fanuc/install/region_detection_msgs/include/region_detection_msgs/srv/show_selectable_regions__rosidl_typesupport_fastrtps_cpp.hpp
-- Up-to-date symlink: /root/crs_ws_fanuc/install/region_detection_msgs/lib/libregion_detection_msgs__rosidl_typesupport_fastrtps_cpp.so
-- Up-to-date symlink: /root/crs_ws_fanuc/install/region_detection_msgs/include/region_detection_msgs/msg/pose_set.hpp
-- Up-to-date symlink: /root/crs_ws_fanuc/install/region_detection_msgs/include/region_detection_msgs/msg/pose_set__struct.hpp
-- Up-to-date symlink: /root/crs_ws_fanuc/install/region_detection_msgs/include/region_detection_msgs/msg/pose_set__traits.hpp
-- Up-to-date symlink: /root/crs_ws_fanuc/install/region_detection_msgs/include/region_detection_msgs/srv/crop_data.hpp
-- Up-to-date symlink: /root/crs_ws_fanuc/install/region_detection_msgs/include/region_detection_msgs/srv/crop_data__struct.hpp
-- Up-to-date symlink: /root/crs_ws_fanuc/install/region_detection_msgs/include/region_detection_msgs/srv/crop_data__traits.hpp
-- Up-to-date symlink: /root/crs_ws_fanuc/install/region_detection_msgs/include/region_detection_msgs/srv/detect_regions.hpp
-- Up-to-date symlink: /root/crs_ws_fanuc/install/region_detection_msgs/include/region_detection_msgs/srv/detect_regions__struct.hpp
-- Up-to-date symlink: /root/crs_ws_fanuc/install/region_detection_msgs/include/region_detection_msgs/srv/detect_regions__traits.hpp
-- Up-to-date symlink: /root/crs_ws_fanuc/install/region_detection_msgs/include/region_detection_msgs/srv/get_selected_regions.hpp
-- Up-to-date symlink: /root/crs_ws_fanuc/install/region_detection_msgs/include/region_detection_msgs/srv/get_selected_regions__struct.hpp
-- Up-to-date symlink: /root/crs_ws_fanuc/install/region_detection_msgs/include/region_detection_msgs/srv/get_selected_regions__traits.hpp
-- Up-to-date symlink: /root/crs_ws_fanuc/install/region_detection_msgs/include/region_detection_msgs/srv/show_selectable_regions.hpp
-- Up-to-date symlink: /root/crs_ws_fanuc/install/region_detection_msgs/include/region_detection_msgs/srv/show_selectable_regions__struct.hpp
-- Up-to-date symlink: /root/crs_ws_fanuc/install/region_detection_msgs/include/region_detection_msgs/srv/show_selectable_regions__traits.hpp
-- Up-to-date symlink: /root/crs_ws_fanuc/install/region_detection_msgs/include/region_detection_msgs/msg/pose_set__rosidl_typesupport_introspection_c.h
-- Up-to-date symlink: /root/crs_ws_fanuc/install/region_detection_msgs/include/region_detection_msgs/msg/rosidl_typesupport_introspection_c__visibility_control.h
-- Up-to-date symlink: /root/crs_ws_fanuc/install/region_detection_msgs/include/region_detection_msgs/srv/crop_data__rosidl_typesupport_introspection_c.h
-- Up-to-date symlink: /root/crs_ws_fanuc/install/region_detection_msgs/include/region_detection_msgs/srv/detect_regions__rosidl_typesupport_introspection_c.h
-- Up-to-date symlink: /root/crs_ws_fanuc/install/region_detection_msgs/include/region_detection_msgs/srv/get_selected_regions__rosidl_typesupport_introspection_c.h
-- Up-to-date symlink: /root/crs_ws_fanuc/install/region_detection_msgs/include/region_detection_msgs/srv/show_selectable_regions__rosidl_typesupport_introspection_c.h
-- Up-to-date symlink: /root/crs_ws_fanuc/install/region_detection_msgs/lib/libregion_detection_msgs__rosidl_typesupport_introspection_c.so
-- Up-to-date symlink: /root/crs_ws_fanuc/install/region_detection_msgs/include/region_detection_msgs/msg/pose_set__rosidl_typesupport_introspection_cpp.hpp
-- Up-to-date symlink: /root/crs_ws_fanuc/install/region_detection_msgs/include/region_detection_msgs/srv/crop_data__rosidl_typesupport_introspection_cpp.hpp
-- Up-to-date symlink: /root/crs_ws_fanuc/install/region_detection_msgs/include/region_detection_msgs/srv/detect_regions__rosidl_typesupport_introspection_cpp.hpp
-- Up-to-date symlink: /root/crs_ws_fanuc/install/region_detection_msgs/include/region_detection_msgs/srv/get_selected_regions__rosidl_typesupport_introspection_cpp.hpp
-- Up-to-date symlink: /root/crs_ws_fanuc/install/region_detection_msgs/include/region_detection_msgs/srv/show_selectable_regions__rosidl_typesupport_introspection_cpp.hpp
-- Up-to-date symlink: /root/crs_ws_fanuc/install/region_detection_msgs/lib/libregion_detection_msgs__rosidl_typesupport_introspection_cpp.so
-- Up-to-date symlink: /root/crs_ws_fanuc/install/region_detection_msgs/share/region_detection_msgs/environment/pythonpath.sh
-- Up-to-date symlink: /root/crs_ws_fanuc/install/region_detection_msgs/share/region_detection_msgs/environment/pythonpath.dsv
-- Up-to-date symlink: /root/crs_ws_fanuc/install/region_detection_msgs/lib/python3.6/site-packages/region_detection_msgs/__init__.py
-- Up-to-date symlink: /root/crs_ws_fanuc/install/region_detection_msgs/lib/python3.6/site-packages/region_detection_msgs/msg/__init__.py
-- Up-to-date symlink: /root/crs_ws_fanuc/install/region_detection_msgs/lib/python3.6/site-packages/region_detection_msgs/msg/_pose_set.py
-- Up-to-date symlink: /root/crs_ws_fanuc/install/region_detection_msgs/lib/python3.6/site-packages/region_detection_msgs/srv/__init__.py
-- Up-to-date symlink: /root/crs_ws_fanuc/install/region_detection_msgs/lib/python3.6/site-packages/region_detection_msgs/srv/_crop_data.py
-- Up-to-date symlink: /root/crs_ws_fanuc/install/region_detection_msgs/lib/python3.6/site-packages/region_detection_msgs/srv/_detect_regions.py
-- Up-to-date symlink: /root/crs_ws_fanuc/install/region_detection_msgs/lib/python3.6/site-packages/region_detection_msgs/srv/_get_selected_regions.py
-- Up-to-date symlink: /root/crs_ws_fanuc/install/region_detection_msgs/lib/python3.6/site-packages/region_detection_msgs/srv/_show_selectable_regions.py
-- Up-to-date symlink: /root/crs_ws_fanuc/install/region_detection_msgs/lib/python3.6/site-packages/region_detection_msgs/region_detection_msgs_s__rosidl_typesupport_c.cpython-36m-x86_64-linux-gnu.so
-- Up-to-date symlink: /root/crs_ws_fanuc/install/region_detection_msgs/lib/python3.6/site-packages/region_detection_msgs/region_detection_msgs_s__rosidl_typesupport_fastrtps_c.cpython-36m-x86_64-linux-gnu.so
-- Up-to-date symlink: /root/crs_ws_fanuc/install/region_detection_msgs/lib/libregion_detection_msgs__python.so
-- Up-to-date symlink: /root/crs_ws_fanuc/install/region_detection_msgs/share/region_detection_msgs/msg/PoseSet.idl
-- Up-to-date symlink: /root/crs_ws_fanuc/install/region_detection_msgs/share/region_detection_msgs/srv/CropData.idl
-- Up-to-date symlink: /root/crs_ws_fanuc/install/region_detection_msgs/share/region_detection_msgs/srv/DetectRegions.idl
-- Up-to-date symlink: /root/crs_ws_fanuc/install/region_detection_msgs/share/region_detection_msgs/srv/ShowSelectableRegions.idl
-- Up-to-date symlink: /root/crs_ws_fanuc/install/region_detection_msgs/share/region_detection_msgs/srv/GetSelectedRegions.idl
-- Up-to-date symlink: /root/crs_ws_fanuc/install/region_detection_msgs/share/region_detection_msgs/msg/PoseSet.msg
-- Up-to-date symlink: /root/crs_ws_fanuc/install/region_detection_msgs/share/region_detection_msgs/srv/CropData.srv
-- Up-to-date symlink: /root/crs_ws_fanuc/install/region_detection_msgs/share/region_detection_msgs/srv/CropData_Request.msg
-- Up-to-date symlink: /root/crs_ws_fanuc/install/region_detection_msgs/share/region_detection_msgs/srv/CropData_Response.msg
-- Up-to-date symlink: /root/crs_ws_fanuc/install/region_detection_msgs/share/region_detection_msgs/srv/DetectRegions.srv
-- Up-to-date symlink: /root/crs_ws_fanuc/install/region_detection_msgs/share/region_detection_msgs/srv/DetectRegions_Request.msg
-- Up-to-date symlink: /root/crs_ws_fanuc/install/region_detection_msgs/share/region_detection_msgs/srv/DetectRegions_Response.msg
-- Up-to-date symlink: /root/crs_ws_fanuc/install/region_detection_msgs/share/region_detection_msgs/srv/ShowSelectableRegions.srv
-- Up-to-date symlink: /root/crs_ws_fanuc/install/region_detection_msgs/share/region_detection_msgs/srv/ShowSelectableRegions_Request.msg
-- Up-to-date symlink: /root/crs_ws_fanuc/install/region_detection_msgs/share/region_detection_msgs/srv/ShowSelectableRegions_Response.msg
-- Up-to-date symlink: /root/crs_ws_fanuc/install/region_detection_msgs/share/region_detection_msgs/srv/GetSelectedRegions.srv
-- Up-to-date symlink: /root/crs_ws_fanuc/install/region_detection_msgs/share/region_detection_msgs/srv/GetSelectedRegions_Request.msg
-- Up-to-date symlink: /root/crs_ws_fanuc/install/region_detection_msgs/share/region_detection_msgs/srv/GetSelectedRegions_Response.msg
-- Up-to-date symlink: /root/crs_ws_fanuc/install/region_detection_msgs/share/ament_index/resource_index/package_run_dependencies/region_detection_msgs
-- Up-to-date symlink: /root/crs_ws_fanuc/install/region_detection_msgs/share/ament_index/resource_index/parent_prefix_path/region_detection_msgs
-- Up-to-date symlink: /root/crs_ws_fanuc/install/region_detection_msgs/share/region_detection_msgs/environment/ament_prefix_path.sh
-- Up-to-date symlink: /root/crs_ws_fanuc/install/region_detection_msgs/share/region_detection_msgs/environment/ament_prefix_path.dsv
-- Up-to-date symlink: /root/crs_ws_fanuc/install/region_detection_msgs/share/region_detection_msgs/environment/path.sh
-- Up-to-date symlink: /root/crs_ws_fanuc/install/region_detection_msgs/share/region_detection_msgs/environment/path.dsv
-- Up-to-date symlink: /root/crs_ws_fanuc/install/region_detection_msgs/share/region_detection_msgs/local_setup.bash
-- Up-to-date symlink: /root/crs_ws_fanuc/install/region_detection_msgs/share/region_detection_msgs/local_setup.sh
-- Up-to-date symlink: /root/crs_ws_fanuc/install/region_detection_msgs/share/region_detection_msgs/local_setup.zsh
-- Up-to-date symlink: /root/crs_ws_fanuc/install/region_detection_msgs/share/region_detection_msgs/local_setup.dsv
-- Symlinking: /root/crs_ws_fanuc/install/region_detection_msgs/share/region_detection_msgs/package.dsv
-- Up-to-date symlink: /root/crs_ws_fanuc/install/region_detection_msgs/share/ament_index/resource_index/packages/region_detection_msgs
-- Up-to-date symlink: /root/crs_ws_fanuc/install/region_detection_msgs/share/region_detection_msgs/cmake/rosidl_cmake-extras.cmake
-- Up-to-date symlink: /root/crs_ws_fanuc/install/region_detection_msgs/share/region_detection_msgs/cmake/ament_cmake_export_dependencies-extras.cmake
-- Up-to-date symlink: /root/crs_ws_fanuc/install/region_detection_msgs/share/region_detection_msgs/cmake/ament_cmake_export_libraries-extras.cmake
-- Up-to-date symlink: /root/crs_ws_fanuc/install/region_detection_msgs/share/region_detection_msgs/cmake/ament_cmake_export_include_directories-extras.cmake
-- Up-to-date symlink: /root/crs_ws_fanuc/install/region_detection_msgs/share/region_detection_msgs/cmake/region_detection_msgsConfig.cmake
-- Up-to-date symlink: /root/crs_ws_fanuc/install/region_detection_msgs/share/region_detection_msgs/cmake/region_detection_msgsConfig-version.cmake
-- Up-to-date symlink: /root/crs_ws_fanuc/install/region_detection_msgs/share/region_detection_msgs/package.xml
