[0.032s] Invoking command in '/root/crs_ws_fanuc/build/region_detection_msgs': CMAKE_PREFIX_PATH=${CMAKE_PREFIX_PATH}:/opt/ros/eloquent /usr/bin/cmake --build /root/crs_ws_fanuc/build/region_detection_msgs -- -j8 -l8
[0.121s] [  1%] Built target region_detection_msgs__cpp
[0.130s] [ 13%] Built target region_detection_msgs__rosidl_generator_c
[0.171s] [ 24%] Built target region_detection_msgs__rosidl_typesupport_introspection_cpp
[0.177s] [ 36%] Built target region_detection_msgs__rosidl_typesupport_fastrtps_cpp
[0.179s] [ 47%] Built target region_detection_msgs__rosidl_typesupport_introspection_c
[0.226s] [ 59%] Built target region_detection_msgs__rosidl_typesupport_cpp
[0.227s] [ 70%] Built target region_detection_msgs__rosidl_typesupport_fastrtps_c
[0.276s] [ 81%] Built target region_detection_msgs__rosidl_typesupport_c
[0.304s] [ 81%] Built target region_detection_msgs
[0.341s] [ 83%] Built target region_detection_msgs__py
[0.399s] [ 93%] Built target region_detection_msgs__python
[0.469s] [ 96%] Built target region_detection_msgs__rosidl_typesupport_fastrtps_c__pyext
[0.482s] [100%] Built target region_detection_msgs__rosidl_typesupport_c__pyext
[0.499s] Invoked command in '/root/crs_ws_fanuc/build/region_detection_msgs' returned '0': CMAKE_PREFIX_PATH=${CMAKE_PREFIX_PATH}:/opt/ros/eloquent /usr/bin/cmake --build /root/crs_ws_fanuc/build/region_detection_msgs -- -j8 -l8
[0.893s] Invoking command in '/root/crs_ws_fanuc/build/region_detection_msgs': CMAKE_PREFIX_PATH=${CMAKE_PREFIX_PATH}:/opt/ros/eloquent /usr/bin/cmake --build /root/crs_ws_fanuc/build/region_detection_msgs --target install -- -j8 -l8
[0.993s] [  1%] Built target region_detection_msgs__cpp
[0.995s] [ 13%] Built target region_detection_msgs__rosidl_generator_c
[1.051s] [ 24%] Built target region_detection_msgs__rosidl_typesupport_introspection_c
[1.054s] [ 36%] Built target region_detection_msgs__rosidl_typesupport_introspection_cpp
[1.060s] [ 47%] Built target region_detection_msgs__rosidl_typesupport_fastrtps_cpp
[1.112s] [ 59%] Built target region_detection_msgs__rosidl_typesupport_fastrtps_c
[1.112s] [ 70%] Built target region_detection_msgs__rosidl_typesupport_cpp
[1.170s] [ 81%] Built target region_detection_msgs__rosidl_typesupport_c
[1.187s] [ 81%] Built target region_detection_msgs
[1.228s] [ 83%] Built target region_detection_msgs__py
[1.281s] [ 93%] Built target region_detection_msgs__python
[1.336s] [ 96%] Built target region_detection_msgs__rosidl_typesupport_fastrtps_c__pyext
[1.347s] [100%] Built target region_detection_msgs__rosidl_typesupport_c__pyext
[1.496s] [36mInstall the project...[0m
[1.496s] -- Install configuration: "Debug"
[1.496s] -- Execute custom install script
[1.496s] -- Up-to-date symlink: /root/crs_ws_fanuc/install/region_detection_msgs/share/ament_index/resource_index/rosidl_interfaces/region_detection_msgs
[1.497s] -- Up-to-date symlink: /root/crs_ws_fanuc/install/region_detection_msgs/lib/libregion_detection_msgs__rosidl_typesupport_c.so
[1.497s] -- Up-to-date symlink: /root/crs_ws_fanuc/install/region_detection_msgs/share/region_detection_msgs/environment/library_path.sh
[1.497s] -- Up-to-date symlink: /root/crs_ws_fanuc/install/region_detection_msgs/share/region_detection_msgs/environment/library_path.dsv
[1.497s] -- Up-to-date symlink: /root/crs_ws_fanuc/install/region_detection_msgs/lib/libregion_detection_msgs__rosidl_typesupport_cpp.so
[1.497s] -- Up-to-date symlink: /root/crs_ws_fanuc/install/region_detection_msgs/include/region_detection_msgs/msg/pose_set__rosidl_typesupport_fastrtps_c.h
[1.498s] -- Up-to-date symlink: /root/crs_ws_fanuc/install/region_detection_msgs/include/region_detection_msgs/msg/rosidl_typesupport_fastrtps_c__visibility_control.h
[1.499s] -- Up-to-date symlink: /root/crs_ws_fanuc/install/region_detection_msgs/include/region_detection_msgs/srv/crop_data__rosidl_typesupport_fastrtps_c.h
[1.499s] -- Up-to-date symlink: /root/crs_ws_fanuc/install/region_detection_msgs/include/region_detection_msgs/srv/detect_regions__rosidl_typesupport_fastrtps_c.h
[1.499s] -- Up-to-date symlink: /root/crs_ws_fanuc/install/region_detection_msgs/include/region_detection_msgs/srv/get_selected_regions__rosidl_typesupport_fastrtps_c.h
[1.500s] -- Up-to-date symlink: /root/crs_ws_fanuc/install/region_detection_msgs/include/region_detection_msgs/srv/show_selectable_regions__rosidl_typesupport_fastrtps_c.h
[1.501s] -- Up-to-date symlink: /root/crs_ws_fanuc/install/region_detection_msgs/lib/libregion_detection_msgs__rosidl_typesupport_fastrtps_c.so
[1.504s] -- Up-to-date symlink: /root/crs_ws_fanuc/install/region_detection_msgs/include/region_detection_msgs/msg/pose_set.h
[1.504s] -- Up-to-date symlink: /root/crs_ws_fanuc/install/region_detection_msgs/include/region_detection_msgs/msg/pose_set__functions.h
[1.504s] -- Up-to-date symlink: /root/crs_ws_fanuc/install/region_detection_msgs/include/region_detection_msgs/msg/pose_set__struct.h
[1.505s] -- Up-to-date symlink: /root/crs_ws_fanuc/install/region_detection_msgs/include/region_detection_msgs/msg/pose_set__type_support.h
[1.505s] -- Up-to-date symlink: /root/crs_ws_fanuc/install/region_detection_msgs/include/region_detection_msgs/msg/rosidl_generator_c__visibility_control.h
[1.505s] -- Up-to-date symlink: /root/crs_ws_fanuc/install/region_detection_msgs/include/region_detection_msgs/srv/crop_data.h
[1.505s] -- Up-to-date symlink: /root/crs_ws_fanuc/install/region_detection_msgs/include/region_detection_msgs/srv/crop_data__functions.h
[1.506s] -- Up-to-date symlink: /root/crs_ws_fanuc/install/region_detection_msgs/include/region_detection_msgs/srv/crop_data__struct.h
[1.506s] -- Up-to-date symlink: /root/crs_ws_fanuc/install/region_detection_msgs/include/region_detection_msgs/srv/crop_data__type_support.h
[1.507s] -- Up-to-date symlink: /root/crs_ws_fanuc/install/region_detection_msgs/include/region_detection_msgs/srv/detect_regions.h
[1.507s] -- Up-to-date symlink: /root/crs_ws_fanuc/install/region_detection_msgs/include/region_detection_msgs/srv/detect_regions__functions.h
[1.508s] -- Up-to-date symlink: /root/crs_ws_fanuc/install/region_detection_msgs/include/region_detection_msgs/srv/detect_regions__struct.h
[1.509s] -- Up-to-date symlink: /root/crs_ws_fanuc/install/region_detection_msgs/include/region_detection_msgs/srv/detect_regions__type_support.h
[1.509s] -- Up-to-date symlink: /root/crs_ws_fanuc/install/region_detection_msgs/include/region_detection_msgs/srv/get_selected_regions.h
[1.511s] -- Up-to-date symlink: /root/crs_ws_fanuc/install/region_detection_msgs/include/region_detection_msgs/srv/get_selected_regions__functions.h
[1.511s] -- Up-to-date symlink: /root/crs_ws_fanuc/install/region_detection_msgs/include/region_detection_msgs/srv/get_selected_regions__struct.h
[1.511s] -- Up-to-date symlink: /root/crs_ws_fanuc/install/region_detection_msgs/include/region_detection_msgs/srv/get_selected_regions__type_support.h
[1.512s] -- Up-to-date symlink: /root/crs_ws_fanuc/install/region_detection_msgs/include/region_detection_msgs/srv/show_selectable_regions.h
[1.512s] -- Up-to-date symlink: /root/crs_ws_fanuc/install/region_detection_msgs/include/region_detection_msgs/srv/show_selectable_regions__functions.h
[1.512s] -- Up-to-date symlink: /root/crs_ws_fanuc/install/region_detection_msgs/include/region_detection_msgs/srv/show_selectable_regions__struct.h
[1.513s] -- Up-to-date symlink: /root/crs_ws_fanuc/install/region_detection_msgs/include/region_detection_msgs/srv/show_selectable_regions__type_support.h
[1.515s] -- Up-to-date symlink: /root/crs_ws_fanuc/install/region_detection_msgs/lib/libregion_detection_msgs__rosidl_generator_c.so
[1.518s] -- Up-to-date symlink: /root/crs_ws_fanuc/install/region_detection_msgs/include/region_detection_msgs/msg/pose_set__rosidl_typesupport_fastrtps_cpp.hpp
[1.518s] -- Up-to-date symlink: /root/crs_ws_fanuc/install/region_detection_msgs/include/region_detection_msgs/msg/rosidl_typesupport_fastrtps_cpp__visibility_control.h
[1.519s] -- Up-to-date symlink: /root/crs_ws_fanuc/install/region_detection_msgs/include/region_detection_msgs/srv/crop_data__rosidl_typesupport_fastrtps_cpp.hpp
[1.520s] -- Up-to-date symlink: /root/crs_ws_fanuc/install/region_detection_msgs/include/region_detection_msgs/srv/detect_regions__rosidl_typesupport_fastrtps_cpp.hpp
[1.522s] -- Up-to-date symlink: /root/crs_ws_fanuc/install/region_detection_msgs/include/region_detection_msgs/srv/get_selected_regions__rosidl_typesupport_fastrtps_cpp.hpp
[1.522s] -- Up-to-date symlink: /root/crs_ws_fanuc/install/region_detection_msgs/include/region_detection_msgs/srv/show_selectable_regions__rosidl_typesupport_fastrtps_cpp.hpp
[1.523s] -- Up-to-date symlink: /root/crs_ws_fanuc/install/region_detection_msgs/lib/libregion_detection_msgs__rosidl_typesupport_fastrtps_cpp.so
[1.524s] -- Up-to-date symlink: /root/crs_ws_fanuc/install/region_detection_msgs/include/region_detection_msgs/msg/pose_set.hpp
[1.524s] -- Up-to-date symlink: /root/crs_ws_fanuc/install/region_detection_msgs/include/region_detection_msgs/msg/pose_set__struct.hpp
[1.525s] -- Up-to-date symlink: /root/crs_ws_fanuc/install/region_detection_msgs/include/region_detection_msgs/msg/pose_set__traits.hpp
[1.526s] -- Up-to-date symlink: /root/crs_ws_fanuc/install/region_detection_msgs/include/region_detection_msgs/srv/crop_data.hpp
[1.526s] -- Up-to-date symlink: /root/crs_ws_fanuc/install/region_detection_msgs/include/region_detection_msgs/srv/crop_data__struct.hpp
[1.526s] -- Up-to-date symlink: /root/crs_ws_fanuc/install/region_detection_msgs/include/region_detection_msgs/srv/crop_data__traits.hpp
[1.527s] -- Up-to-date symlink: /root/crs_ws_fanuc/install/region_detection_msgs/include/region_detection_msgs/srv/detect_regions.hpp
[1.528s] -- Up-to-date symlink: /root/crs_ws_fanuc/install/region_detection_msgs/include/region_detection_msgs/srv/detect_regions__struct.hpp
[1.529s] -- Up-to-date symlink: /root/crs_ws_fanuc/install/region_detection_msgs/include/region_detection_msgs/srv/detect_regions__traits.hpp
[1.531s] -- Up-to-date symlink: /root/crs_ws_fanuc/install/region_detection_msgs/include/region_detection_msgs/srv/get_selected_regions.hpp
[1.531s] -- Up-to-date symlink: /root/crs_ws_fanuc/install/region_detection_msgs/include/region_detection_msgs/srv/get_selected_regions__struct.hpp
[1.532s] -- Up-to-date symlink: /root/crs_ws_fanuc/install/region_detection_msgs/include/region_detection_msgs/srv/get_selected_regions__traits.hpp
[1.532s] -- Up-to-date symlink: /root/crs_ws_fanuc/install/region_detection_msgs/include/region_detection_msgs/srv/show_selectable_regions.hpp
[1.533s] -- Up-to-date symlink: /root/crs_ws_fanuc/install/region_detection_msgs/include/region_detection_msgs/srv/show_selectable_regions__struct.hpp
[1.533s] -- Up-to-date symlink: /root/crs_ws_fanuc/install/region_detection_msgs/include/region_detection_msgs/srv/show_selectable_regions__traits.hpp
[1.533s] -- Up-to-date symlink: /root/crs_ws_fanuc/install/region_detection_msgs/include/region_detection_msgs/msg/pose_set__rosidl_typesupport_introspection_c.h
[1.534s] -- Up-to-date symlink: /root/crs_ws_fanuc/install/region_detection_msgs/include/region_detection_msgs/msg/rosidl_typesupport_introspection_c__visibility_control.h
[1.534s] -- Up-to-date symlink: /root/crs_ws_fanuc/install/region_detection_msgs/include/region_detection_msgs/srv/crop_data__rosidl_typesupport_introspection_c.h
[1.534s] -- Up-to-date symlink: /root/crs_ws_fanuc/install/region_detection_msgs/include/region_detection_msgs/srv/detect_regions__rosidl_typesupport_introspection_c.h
[1.534s] -- Up-to-date symlink: /root/crs_ws_fanuc/install/region_detection_msgs/include/region_detection_msgs/srv/get_selected_regions__rosidl_typesupport_introspection_c.h
[1.534s] -- Up-to-date symlink: /root/crs_ws_fanuc/install/region_detection_msgs/include/region_detection_msgs/srv/show_selectable_regions__rosidl_typesupport_introspection_c.h
[1.534s] -- Up-to-date symlink: /root/crs_ws_fanuc/install/region_detection_msgs/lib/libregion_detection_msgs__rosidl_typesupport_introspection_c.so
[1.534s] -- Up-to-date symlink: /root/crs_ws_fanuc/install/region_detection_msgs/include/region_detection_msgs/msg/pose_set__rosidl_typesupport_introspection_cpp.hpp
[1.534s] -- Up-to-date symlink: /root/crs_ws_fanuc/install/region_detection_msgs/include/region_detection_msgs/srv/crop_data__rosidl_typesupport_introspection_cpp.hpp
[1.534s] -- Up-to-date symlink: /root/crs_ws_fanuc/install/region_detection_msgs/include/region_detection_msgs/srv/detect_regions__rosidl_typesupport_introspection_cpp.hpp
[1.535s] -- Up-to-date symlink: /root/crs_ws_fanuc/install/region_detection_msgs/include/region_detection_msgs/srv/get_selected_regions__rosidl_typesupport_introspection_cpp.hpp
[1.535s] -- Up-to-date symlink: /root/crs_ws_fanuc/install/region_detection_msgs/include/region_detection_msgs/srv/show_selectable_regions__rosidl_typesupport_introspection_cpp.hpp
[1.535s] -- Up-to-date symlink: /root/crs_ws_fanuc/install/region_detection_msgs/lib/libregion_detection_msgs__rosidl_typesupport_introspection_cpp.so
[1.535s] -- Up-to-date symlink: /root/crs_ws_fanuc/install/region_detection_msgs/share/region_detection_msgs/environment/pythonpath.sh
[1.535s] -- Up-to-date symlink: /root/crs_ws_fanuc/install/region_detection_msgs/share/region_detection_msgs/environment/pythonpath.dsv
[1.535s] -- Up-to-date symlink: /root/crs_ws_fanuc/install/region_detection_msgs/lib/python3.6/site-packages/region_detection_msgs/__init__.py
[1.535s] -- Up-to-date symlink: /root/crs_ws_fanuc/install/region_detection_msgs/lib/python3.6/site-packages/region_detection_msgs/msg/__init__.py
[1.535s] -- Up-to-date symlink: /root/crs_ws_fanuc/install/region_detection_msgs/lib/python3.6/site-packages/region_detection_msgs/msg/_pose_set.py
[1.535s] -- Up-to-date symlink: /root/crs_ws_fanuc/install/region_detection_msgs/lib/python3.6/site-packages/region_detection_msgs/srv/__init__.py
[1.536s] -- Up-to-date symlink: /root/crs_ws_fanuc/install/region_detection_msgs/lib/python3.6/site-packages/region_detection_msgs/srv/_crop_data.py
[1.536s] -- Up-to-date symlink: /root/crs_ws_fanuc/install/region_detection_msgs/lib/python3.6/site-packages/region_detection_msgs/srv/_detect_regions.py
[1.536s] -- Up-to-date symlink: /root/crs_ws_fanuc/install/region_detection_msgs/lib/python3.6/site-packages/region_detection_msgs/srv/_get_selected_regions.py
[1.536s] -- Up-to-date symlink: /root/crs_ws_fanuc/install/region_detection_msgs/lib/python3.6/site-packages/region_detection_msgs/srv/_show_selectable_regions.py
[1.536s] -- Up-to-date symlink: /root/crs_ws_fanuc/install/region_detection_msgs/lib/python3.6/site-packages/region_detection_msgs/region_detection_msgs_s__rosidl_typesupport_c.cpython-36m-x86_64-linux-gnu.so
[1.536s] -- Up-to-date symlink: /root/crs_ws_fanuc/install/region_detection_msgs/lib/python3.6/site-packages/region_detection_msgs/region_detection_msgs_s__rosidl_typesupport_fastrtps_c.cpython-36m-x86_64-linux-gnu.so
[1.536s] -- Up-to-date symlink: /root/crs_ws_fanuc/install/region_detection_msgs/lib/libregion_detection_msgs__python.so
[1.536s] -- Up-to-date symlink: /root/crs_ws_fanuc/install/region_detection_msgs/share/region_detection_msgs/msg/PoseSet.idl
[1.536s] -- Up-to-date symlink: /root/crs_ws_fanuc/install/region_detection_msgs/share/region_detection_msgs/srv/CropData.idl
[1.537s] -- Up-to-date symlink: /root/crs_ws_fanuc/install/region_detection_msgs/share/region_detection_msgs/srv/DetectRegions.idl
[1.537s] -- Up-to-date symlink: /root/crs_ws_fanuc/install/region_detection_msgs/share/region_detection_msgs/srv/ShowSelectableRegions.idl
[1.537s] -- Up-to-date symlink: /root/crs_ws_fanuc/install/region_detection_msgs/share/region_detection_msgs/srv/GetSelectedRegions.idl
[1.537s] -- Up-to-date symlink: /root/crs_ws_fanuc/install/region_detection_msgs/share/region_detection_msgs/msg/PoseSet.msg
[1.537s] -- Up-to-date symlink: /root/crs_ws_fanuc/install/region_detection_msgs/share/region_detection_msgs/srv/CropData.srv
[1.537s] -- Up-to-date symlink: /root/crs_ws_fanuc/install/region_detection_msgs/share/region_detection_msgs/srv/CropData_Request.msg
[1.537s] -- Up-to-date symlink: /root/crs_ws_fanuc/install/region_detection_msgs/share/region_detection_msgs/srv/CropData_Response.msg
[1.537s] -- Up-to-date symlink: /root/crs_ws_fanuc/install/region_detection_msgs/share/region_detection_msgs/srv/DetectRegions.srv
[1.538s] -- Up-to-date symlink: /root/crs_ws_fanuc/install/region_detection_msgs/share/region_detection_msgs/srv/DetectRegions_Request.msg
[1.538s] -- Up-to-date symlink: /root/crs_ws_fanuc/install/region_detection_msgs/share/region_detection_msgs/srv/DetectRegions_Response.msg
[1.538s] -- Up-to-date symlink: /root/crs_ws_fanuc/install/region_detection_msgs/share/region_detection_msgs/srv/ShowSelectableRegions.srv
[1.538s] -- Up-to-date symlink: /root/crs_ws_fanuc/install/region_detection_msgs/share/region_detection_msgs/srv/ShowSelectableRegions_Request.msg
[1.538s] -- Up-to-date symlink: /root/crs_ws_fanuc/install/region_detection_msgs/share/region_detection_msgs/srv/ShowSelectableRegions_Response.msg
[1.538s] -- Up-to-date symlink: /root/crs_ws_fanuc/install/region_detection_msgs/share/region_detection_msgs/srv/GetSelectedRegions.srv
[1.539s] -- Up-to-date symlink: /root/crs_ws_fanuc/install/region_detection_msgs/share/region_detection_msgs/srv/GetSelectedRegions_Request.msg
[1.539s] -- Up-to-date symlink: /root/crs_ws_fanuc/install/region_detection_msgs/share/region_detection_msgs/srv/GetSelectedRegions_Response.msg
[1.539s] -- Up-to-date symlink: /root/crs_ws_fanuc/install/region_detection_msgs/share/ament_index/resource_index/package_run_dependencies/region_detection_msgs
[1.539s] -- Up-to-date symlink: /root/crs_ws_fanuc/install/region_detection_msgs/share/ament_index/resource_index/parent_prefix_path/region_detection_msgs
[1.539s] -- Up-to-date symlink: /root/crs_ws_fanuc/install/region_detection_msgs/share/region_detection_msgs/environment/ament_prefix_path.sh
[1.539s] -- Up-to-date symlink: /root/crs_ws_fanuc/install/region_detection_msgs/share/region_detection_msgs/environment/ament_prefix_path.dsv
[1.540s] -- Up-to-date symlink: /root/crs_ws_fanuc/install/region_detection_msgs/share/region_detection_msgs/environment/path.sh
[1.540s] -- Up-to-date symlink: /root/crs_ws_fanuc/install/region_detection_msgs/share/region_detection_msgs/environment/path.dsv
[1.540s] -- Up-to-date symlink: /root/crs_ws_fanuc/install/region_detection_msgs/share/region_detection_msgs/local_setup.bash
[1.540s] -- Up-to-date symlink: /root/crs_ws_fanuc/install/region_detection_msgs/share/region_detection_msgs/local_setup.sh
[1.540s] -- Up-to-date symlink: /root/crs_ws_fanuc/install/region_detection_msgs/share/region_detection_msgs/local_setup.zsh
[1.540s] -- Up-to-date symlink: /root/crs_ws_fanuc/install/region_detection_msgs/share/region_detection_msgs/local_setup.dsv
[1.540s] -- Symlinking: /root/crs_ws_fanuc/install/region_detection_msgs/share/region_detection_msgs/package.dsv
[1.541s] -- Up-to-date symlink: /root/crs_ws_fanuc/install/region_detection_msgs/share/ament_index/resource_index/packages/region_detection_msgs
[1.541s] -- Up-to-date symlink: /root/crs_ws_fanuc/install/region_detection_msgs/share/region_detection_msgs/cmake/rosidl_cmake-extras.cmake
[1.542s] -- Up-to-date symlink: /root/crs_ws_fanuc/install/region_detection_msgs/share/region_detection_msgs/cmake/ament_cmake_export_dependencies-extras.cmake
[1.542s] -- Up-to-date symlink: /root/crs_ws_fanuc/install/region_detection_msgs/share/region_detection_msgs/cmake/ament_cmake_export_libraries-extras.cmake
[1.542s] -- Up-to-date symlink: /root/crs_ws_fanuc/install/region_detection_msgs/share/region_detection_msgs/cmake/ament_cmake_export_include_directories-extras.cmake
[1.542s] -- Up-to-date symlink: /root/crs_ws_fanuc/install/region_detection_msgs/share/region_detection_msgs/cmake/region_detection_msgsConfig.cmake
[1.542s] -- Up-to-date symlink: /root/crs_ws_fanuc/install/region_detection_msgs/share/region_detection_msgs/cmake/region_detection_msgsConfig-version.cmake
[1.542s] -- Up-to-date symlink: /root/crs_ws_fanuc/install/region_detection_msgs/share/region_detection_msgs/package.xml
[1.594s] Invoked command in '/root/crs_ws_fanuc/build/region_detection_msgs' returned '0': CMAKE_PREFIX_PATH=${CMAKE_PREFIX_PATH}:/opt/ros/eloquent /usr/bin/cmake --build /root/crs_ws_fanuc/build/region_detection_msgs --target install -- -j8 -l8
