-- Boost version: 1.65.1
-- Found the following Boost libraries:
--   system
--   python
--   thread
--   program_options
--   chrono
--   date_time
--   atomic
-- Boost version: 1.65.1
-- Found the following Boost libraries:
--   system
--   filesystem
--   thread
--   date_time
--   iostreams
--   serialization
--   chrono
--   atomic
--   regex
-- Could NOT find ensenso (missing: ENSENSO_LIBRARY ENSENSO_INCLUDE_DIR) 
-- Could NOT find DAVIDSDK (missing: DAVIDSDK_LIBRARY DAVIDSDK_INCLUDE_DIR) 
-- Could NOT find DSSDK (missing: _DSSDK_LIBRARIES) 
-- The imported target "vtkRenderingPythonTkWidgets" references the file
   "/usr/lib/x86_64-linux-gnu/libvtkRenderingPythonTkWidgets.so"
but this file does not exist.  Possible reasons include:
* The file was deleted, renamed, or moved to another location.
* An install or uninstall procedure did not complete successfully.
* The installation package was faulty and contained
   "/usr/lib/cmake/vtk-6.3/VTKTargets.cmake"
but not all the files it references.

-- The imported target "vtk" references the file
   "/usr/bin/vtk"
but this file does not exist.  Possible reasons include:
* The file was deleted, renamed, or moved to another location.
* An install or uninstall procedure did not complete successfully.
* The installation package was faulty and contained
   "/usr/lib/cmake/vtk-6.3/VTKTargets.cmake"
but not all the files it references.

-- Could NOT find ensenso (missing: ENSENSO_LIBRARY ENSENSO_INCLUDE_DIR) 
-- Could NOT find DAVIDSDK (missing: DAVIDSDK_LIBRARY DAVIDSDK_INCLUDE_DIR) 
-- Could NOT find DSSDK (missing: _DSSDK_LIBRARIES) 
-- Could NOT find RSSDK (missing: _RSSDK_LIBRARIES) 
-- looking for PCL_COMMON
-- looking for PCL_OCTREE
-- looking for PCL_IO
-- looking for PCL_KDTREE
-- looking for PCL_SEARCH
-- looking for PCL_SAMPLE_CONSENSUS
-- looking for PCL_FILTERS
-- looking for PCL_2D
-- looking for PCL_GEOMETRY
-- looking for PCL_FEATURES
-- looking for PCL_ML
-- looking for PCL_SEGMENTATION
-- looking for PCL_VISUALIZATION
-- looking for PCL_SURFACE
-- looking for PCL_REGISTRATION
-- looking for PCL_KEYPOINTS
-- looking for PCL_TRACKING
-- looking for PCL_RECOGNITION
-- looking for PCL_STEREO
-- looking for PCL_APPS
-- looking for PCL_IN_HAND_SCANNER
-- looking for PCL_MODELER
-- looking for PCL_POINT_CLOUD_EDITOR
-- looking for PCL_OUTOFCORE
-- looking for PCL_PEOPLE
-- Configuring done
-- Generating done
-- Build files have been written to: /root/crs_ws_fanuc/build/trajopt_ifopt
Scanning dependencies of target trajopt_ifopt
[ 14%] Building CXX object CMakeFiles/trajopt_ifopt.dir/src/collision_constraint.cpp.o
[ 42%] Building CXX object CMakeFiles/trajopt_ifopt.dir/src/cartesian_position_constraint.cpp.o
[ 42%] Building CXX object CMakeFiles/trajopt_ifopt.dir/src/inverse_kinematics_constraint.cpp.o
[ 57%] Building CXX object CMakeFiles/trajopt_ifopt.dir/src/squared_cost.cpp.o
[ 71%] Building CXX object CMakeFiles/trajopt_ifopt.dir/src/joint_velocity_constraint.cpp.o
[ 85%] Building CXX object CMakeFiles/trajopt_ifopt.dir/src/joint_position_constraint.cpp.o
[100%] Linking CXX shared library libtrajopt_ifopt.so
[100%] Built target trajopt_ifopt
[100%] Built target trajopt_ifopt
Install the project...
-- Install configuration: "Debug"
-- Installing: /root/crs_ws_fanuc/install/trajopt_ifopt/lib/libtrajopt_ifopt.so
-- Set runtime path of "/root/crs_ws_fanuc/install/trajopt_ifopt/lib/libtrajopt_ifopt.so" to ""
-- Up-to-date: /root/crs_ws_fanuc/install/trajopt_ifopt/lib/cmake/trajopt_ifopt/trajopt_ifopt-targets.cmake
-- Installing: /root/crs_ws_fanuc/install/trajopt_ifopt/lib/cmake/trajopt_ifopt/trajopt_ifopt-targets-debug.cmake
-- Up-to-date: /root/crs_ws_fanuc/install/trajopt_ifopt/share/trajopt_ifopt/package.xml
-- Up-to-date: /root/crs_ws_fanuc/install/trajopt_ifopt/lib/cmake/trajopt_ifopt/trajopt_ifopt-config.cmake
-- Up-to-date: /root/crs_ws_fanuc/install/trajopt_ifopt/lib/cmake/trajopt_ifopt/trajopt_ifopt-config-version.cmake
-- Up-to-date: /root/crs_ws_fanuc/install/trajopt_ifopt/include/trajopt_ifopt
-- Up-to-date: /root/crs_ws_fanuc/install/trajopt_ifopt/include/trajopt_ifopt/costs
-- Up-to-date: /root/crs_ws_fanuc/install/trajopt_ifopt/include/trajopt_ifopt/costs/squared_cost.h
-- Up-to-date: /root/crs_ws_fanuc/install/trajopt_ifopt/include/trajopt_ifopt/constraints
-- Up-to-date: /root/crs_ws_fanuc/install/trajopt_ifopt/include/trajopt_ifopt/constraints/collision_constraint.h
-- Up-to-date: /root/crs_ws_fanuc/install/trajopt_ifopt/include/trajopt_ifopt/constraints/joint_velocity_constraint.h
-- Up-to-date: /root/crs_ws_fanuc/install/trajopt_ifopt/include/trajopt_ifopt/constraints/joint_position_constraint.h
-- Up-to-date: /root/crs_ws_fanuc/install/trajopt_ifopt/include/trajopt_ifopt/constraints/inverse_kinematics_constraint.h
-- Up-to-date: /root/crs_ws_fanuc/install/trajopt_ifopt/include/trajopt_ifopt/constraints/cartesian_position_constraint.h
-- Up-to-date: /root/crs_ws_fanuc/install/trajopt_ifopt/include/trajopt_ifopt/variable_sets
-- Up-to-date: /root/crs_ws_fanuc/install/trajopt_ifopt/include/trajopt_ifopt/variable_sets/joint_position_variable.h
-- Up-to-date: /root/crs_ws_fanuc/install/trajopt_ifopt/include/trajopt_ifopt/utils
-- Up-to-date: /root/crs_ws_fanuc/install/trajopt_ifopt/include/trajopt_ifopt/utils/ifopt_utils.h
-- Up-to-date: /root/crs_ws_fanuc/install/trajopt_ifopt/include/trajopt_ifopt/utils/numeric_differentiation.h
-- Up-to-date: /root/crs_ws_fanuc/install/trajopt_ifopt/include/trajopt_ifopt/utils/trajopt_utils.h
