[0.049s] Invoking command in '/root/crs_ws_fanuc/build/crs_gazebo_plugins': CMAKE_PREFIX_PATH=/root/crs_ws_fanuc/install/trajopt_tools:/root/crs_ws_fanuc/install/vhacd:/root/crs_ws_fanuc/install/crs_gui:/root/crs_ws_fanuc/install/crs_application:/root/crs_ws_fanuc/install/crs_motion_planning:/root/crs_ws_fanuc/install/ur_ikfast_kinematics:/root/crs_ws_fanuc/install/crs_robot_comms:/root/crs_ws_fanuc/install/ur_dashboard_msgs:/root/crs_ws_fanuc/install/trajopt_sqp:/root/crs_ws_fanuc/install/trajopt_ifopt:/root/crs_ws_fanuc/install/tesseract_monitoring:/root/crs_ws_fanuc/install/tesseract_rosutils:/root/crs_ws_fanuc/install/tesseract_process_planners:/root/crs_ws_fanuc/install/tesseract_motion_planners:/root/crs_ws_fanuc/install/trajopt:/root/crs_ws_fanuc/install/trajopt_sco:/root/crs_ws_fanuc/install/trajopt_utils:/root/crs_ws_fanuc/install/tesseract_visualization:/root/crs_ws_fanuc/install/tesseract:/root/crs_ws_fanuc/install/tesseract_urdf:/root/crs_ws_fanuc/install/tesseract_plugins:/root/crs_ws_fanuc/install/tesseract_environment:/root/crs_ws_fanuc/install/tesseract_collision:/root/crs_ws_fanuc/install/tesseract_support:/root/crs_ws_fanuc/install/tesseract_kinematics:/root/crs_ws_fanuc/install/tesseract_scene_graph:/root/crs_ws_fanuc/install/tesseract_msgs:/root/crs_ws_fanuc/install/tesseract_geometry:/root/crs_ws_fanuc/install/tesseract_common:/root/crs_ws_fanuc/install/crs_utils_py:/opt/ros/eloquent:/root/crs_ws_fanuc/install/roscpp_scxml_demos:/root/crs_ws_fanuc/install/rclcpp_scxml_demos:/root/crs_ws_fanuc/install/scxml_core:/root/crs_ws_fanuc/install/region_detection_rclcpp:/root/crs_ws_fanuc/install/region_detection_msgs:/root/crs_ws_fanuc/install/region_detection_core:/root/crs_ws_fanuc/install/osqp_eigen:/root/crs_ws_fanuc/install/osqp:/root/crs_ws_fanuc/install/descartes_opw:/root/crs_ws_fanuc/install/opw_kinematics:/root/crs_ws_fanuc/install/octomap_msgs:/root/crs_ws_fanuc/install/fcl:/root/crs_ws_fanuc/install/libccd:/root/crs_ws_fanuc/install/iterative_spline_parameterization:/root/crs_ws_fanuc/install/ifopt:/root/crs_ws_fanuc/install/gtest:/root/crs_ws_fanuc/install/fanuc_resources:/root/crs_ws_fanuc/install/fanuc_r2000ic_moveit_config:/root/crs_ws_fanuc/install/fanuc_r2000ic_support:/root/crs_ws_fanuc/install/fanuc_r2000ic_moveit_plugins:/root/crs_ws_fanuc/install/descartes_samplers:/root/crs_ws_fanuc/install/descartes_ikfast:/root/crs_ws_fanuc/install/descartes_light:/root/crs_ws_fanuc/install/crs_toolpath_gen:/root/crs_ws_fanuc/install/crs_support:/root/crs_ws_fanuc/install/crs_process_data:/root/crs_ws_fanuc/install/crs_perception:/root/crs_ws_fanuc/install/crs_area_selection:/root/crs_ws_fanuc/install/crs_msgs:/root/crs_ws_fanuc/install/crs_gazebo_plugins:/root/crs_ws_fanuc/install/cartesian_trajectory_msgs:/root/crs_ws_fanuc/install/bullet3:/opt/qt513/lib/cmake: /usr/bin/cmake /root/crs_ws_fanuc/src/collaborative-robotic-sanding/crs_gazebo_plugins -DAMENT_CMAKE_SYMLINK_INSTALL=1 -DCMAKE_INSTALL_PREFIX=/root/crs_ws_fanuc/install/crs_gazebo_plugins
[0.077s] -- Found ament_cmake: 0.8.3 (/opt/ros/eloquent/share/ament_cmake/cmake)
[0.120s] -- Using PYTHON_EXECUTABLE: /usr/bin/python3
[0.508s] -- Override CMake install command with custom implementation using symlinks instead of copying resources
[0.517s] -- Found rclcpp: 0.8.5 (/opt/ros/eloquent/share/rclcpp/cmake)
[0.536s] -- Found rosidl_adapter: 0.8.3 (/opt/ros/eloquent/share/rosidl_adapter/cmake)
[0.585s] -- Found rmw_implementation_cmake: 0.8.1 (/opt/ros/eloquent/share/rmw_implementation_cmake/cmake)
[0.588s] -- Using RMW implementation 'rmw_fastrtps_cpp' as default
[0.649s] -- Found rclcpp_action: 0.8.5 (/opt/ros/eloquent/share/rclcpp_action/cmake)
[0.708s] -- Found rclcpp_components: 0.8.5 (/opt/ros/eloquent/share/rclcpp_components/cmake)
[0.710s] -- Found poco_vendor:  (/opt/ros/eloquent/share/poco_vendor/cmake)
[0.750s] -- Found control_msgs: 2.2.0 (/opt/ros/eloquent/share/control_msgs/cmake)
[0.936s] -- Found gazebo_dev: 3.4.4 (/opt/ros/eloquent/share/gazebo_dev/cmake)
[1.443s] -- Boost version: 1.65.1
[1.443s] -- Found the following Boost libraries:
[1.443s] --   thread
[1.444s] --   signals
[1.444s] --   system
[1.444s] --   filesystem
[1.444s] --   program_options
[1.444s] --   regex
[1.444s] --   iostreams
[1.444s] --   date_time
[1.444s] --   chrono
[1.444s] --   atomic
[1.605s] -- Found Protobuf: /usr/lib/x86_64-linux-gnu/libprotobuf.so;-lpthread (found version "3.0.0") 
[1.659s] -- Boost version: 1.65.1
[1.688s] -- Looking for OGRE...
[1.714s] -- Found Ogre Ghadamon (1.9.0)
[1.723s] -- Found OGRE: optimized;/usr/lib/x86_64-linux-gnu/libOgreMain.so;debug;/usr/lib/x86_64-linux-gnu/libOgreMain.so
[1.777s] -- Looking for OGRE_Paging...
[1.777s] -- Found OGRE_Paging: optimized;/usr/lib/x86_64-linux-gnu/libOgrePaging.so;debug;/usr/lib/x86_64-linux-gnu/libOgrePaging.so
[1.777s] -- Looking for OGRE_Terrain...
[1.777s] -- Found OGRE_Terrain: optimized;/usr/lib/x86_64-linux-gnu/libOgreTerrain.so;debug;/usr/lib/x86_64-linux-gnu/libOgreTerrain.so
[1.778s] -- Looking for OGRE_Property...
[1.778s] -- Found OGRE_Property: optimized;/usr/lib/x86_64-linux-gnu/libOgreProperty.so;debug;/usr/lib/x86_64-linux-gnu/libOgreProperty.so
[1.778s] -- Looking for OGRE_RTShaderSystem...
[1.778s] -- Found OGRE_RTShaderSystem: optimized;/usr/lib/x86_64-linux-gnu/libOgreRTShaderSystem.so;debug;/usr/lib/x86_64-linux-gnu/libOgreRTShaderSystem.so
[1.778s] -- Looking for OGRE_Volume...
[1.778s] -- Found OGRE_Volume: optimized;/usr/lib/x86_64-linux-gnu/libOgreVolume.so;debug;/usr/lib/x86_64-linux-gnu/libOgreVolume.so
[1.779s] -- Looking for OGRE_Overlay...
[1.779s] -- Found OGRE_Overlay: optimized;/usr/lib/x86_64-linux-gnu/libOgreOverlay.so;debug;/usr/lib/x86_64-linux-gnu/libOgreOverlay.so
[1.954s] -- Found Protobuf: /usr/lib/x86_64-linux-gnu/libprotobuf.so;-lpthread;-lpthread (found suitable version "3.0.0", minimum required is "2.3.0") 
[1.967s] -- Config-file not installed for ZeroMQ -- checking for pkg-config
[1.971s] -- Checking for module 'libzmq >= 4'
[2.027s] --   Found libzmq , version 4.2.5
[2.080s] -- Checking for module 'uuid'
[2.125s] --   Found uuid, version 2.31.1
[2.189s] -- Checking for module 'tinyxml2'
[2.214s] --   Found tinyxml2, version 6.0.0
[2.260s] -- Looking for dlfcn.h - found
[2.261s] -- Looking for libdl - found
[2.263s] -- FreeImage.pc not found, we will search for FreeImage_INCLUDE_DIRS and FreeImage_LIBRARIES
[2.999s] -- Checking for module 'gts'
[3.112s] --   Found gts, version 0.7.6
[3.275s] -- Checking for module 'libswscale'
[3.342s] --   Found libswscale, version 4.8.100
[3.438s] -- Checking for module 'libavdevice >= 56.4.100'
[3.457s] --   Found libavdevice , version 57.10.100
[3.517s] -- Checking for module 'libavformat'
[3.535s] --   Found libavformat, version 57.83.100
[3.591s] -- Checking for module 'libavcodec'
[3.609s] --   Found libavcodec, version 57.107.100
[3.719s] -- Checking for module 'libavutil'
[3.797s] --   Found libavutil, version 55.78.100
[4.004s] -- Checking for module 'jsoncpp'
[4.058s] --   Found jsoncpp, version 1.7.4
[4.203s] -- Checking for module 'yaml-0.1'
[4.254s] --   Found yaml-0.1, version 0.1.7
[4.389s] -- Checking for module 'libzip'
[4.427s] --   Found libzip, version 1.1.2
[4.498s] -- Gazebo version: 9.0
[4.498s] -- Found gazebo_msgs: 3.4.4 (/opt/ros/eloquent/share/gazebo_msgs/cmake)
[4.538s] -- Found gazebo_ros: 3.4.4 (/opt/ros/eloquent/share/gazebo_ros/cmake)
[4.589s] -- Found gazebo_plugins: 3.4.4 (/opt/ros/eloquent/share/gazebo_plugins/cmake)
[4.835s] -- Found ament_lint_auto: 0.8.2 (/opt/ros/eloquent/share/ament_lint_auto/cmake)
[4.915s] -- Added test 'copyright' to check for copyright in CMake / C / C++ / Python code
[4.919s] -- Added test 'cppcheck' to perform static code analysis on C / C++ code
[4.926s] -- Configured cppcheck include dirs: /root/crs_ws_fanuc/src/collaborative-robotic-sanding/crs_gazebo_plugins/include
[4.929s] -- Added test 'cpplint' to check C / C++ code against the Google style
[4.931s] -- Added test 'lint_cmake' to check CMake code style
[4.934s] -- Added test 'uncrustify' to check C / C++ code style
[4.936s] -- Added test 'xmllint' to check XML markup files
[4.944s] -- Configuring done
[5.229s] -- Generating done
[5.233s] -- Build files have been written to: /root/crs_ws_fanuc/build/crs_gazebo_plugins
