-- The CXX compiler identification is GNU 7.5.0
-- Check for working CXX compiler: /usr/bin/c++
-- Check for working CXX compiler: /usr/bin/c++ -- works
-- Detecting CXX compiler ABI info
-- Detecting CXX compiler ABI info - done
-- Detecting CXX compile features
-- Detecting CXX compile features - done
-- Found Bullet: /root/crs_ws_fanuc/install/bullet3/lib/libBulletDynamics.so  
-- Found OpenMP_CXX: -fopenmp (found version "4.5") 
-- Found OpenMP: TRUE (found version "4.5")  
-- Looking for C++ include pthread.h
-- Looking for C++ include pthread.h - found
-- Looking for pthread_create
-- Looking for pthread_create - not found
-- Looking for pthread_create in pthreads
-- Looking for pthread_create in pthreads - not found
-- Looking for pthread_create in pthread
-- Looking for pthread_create in pthread - found
-- Found Threads: TRUE  
-- Boost version: 1.65.1
-- Found the following Boost libraries:
--   system
--   python
--   thread
--   program_options
--   chrono
--   date_time
--   atomic
NO_OPENCL OFF
-- [VHACD] Generating vhacd...
-- [VHACD] 	 INC_FILES: /root/crs_ws_fanuc/src/trajopt_ros/trajopt_ext/vhacd/include/vhacd/inc/FloatMath.h;/root/crs_ws_fanuc/src/trajopt_ros/trajopt_ext/vhacd/include/vhacd/inc/btAlignedAllocator.h;/root/crs_ws_fanuc/src/trajopt_ros/trajopt_ext/vhacd/include/vhacd/inc/btAlignedObjectArray.h;/root/crs_ws_fanuc/src/trajopt_ros/trajopt_ext/vhacd/include/vhacd/inc/btConvexHullComputer.h;/root/crs_ws_fanuc/src/trajopt_ros/trajopt_ext/vhacd/include/vhacd/inc/btMinMax.h;/root/crs_ws_fanuc/src/trajopt_ros/trajopt_ext/vhacd/include/vhacd/inc/btScalar.h;/root/crs_ws_fanuc/src/trajopt_ros/trajopt_ext/vhacd/include/vhacd/inc/btVector3.h;/root/crs_ws_fanuc/src/trajopt_ros/trajopt_ext/vhacd/include/vhacd/inc/vhacdCircularList.h;/root/crs_ws_fanuc/src/trajopt_ros/trajopt_ext/vhacd/include/vhacd/inc/vhacdICHull.h;/root/crs_ws_fanuc/src/trajopt_ros/trajopt_ext/vhacd/include/vhacd/inc/vhacdManifoldMesh.h;/root/crs_ws_fanuc/src/trajopt_ros/trajopt_ext/vhacd/include/vhacd/inc/vhacdMesh.h;/root/crs_ws_fanuc/src/trajopt_ros/trajopt_ext/vhacd/include/vhacd/inc/vhacdMutex.h;/root/crs_ws_fanuc/src/trajopt_ros/trajopt_ext/vhacd/include/vhacd/inc/vhacdRaycastMesh.h;/root/crs_ws_fanuc/src/trajopt_ros/trajopt_ext/vhacd/include/vhacd/inc/vhacdSArray.h;/root/crs_ws_fanuc/src/trajopt_ros/trajopt_ext/vhacd/include/vhacd/inc/vhacdTimer.h;/root/crs_ws_fanuc/src/trajopt_ros/trajopt_ext/vhacd/include/vhacd/inc/vhacdVHACD.h;/root/crs_ws_fanuc/src/trajopt_ros/trajopt_ext/vhacd/include/vhacd/inc/vhacdVector.h;/root/crs_ws_fanuc/src/trajopt_ros/trajopt_ext/vhacd/include/vhacd/inc/vhacdVolume.h;/root/crs_ws_fanuc/src/trajopt_ros/trajopt_ext/vhacd/include/vhacd/VHACD.h
-- [VHACD] 	 INL_FILES: /root/crs_ws_fanuc/src/trajopt_ros/trajopt_ext/vhacd/include/vhacd/inc/vhacdCircularList.inl;/root/crs_ws_fanuc/src/trajopt_ros/trajopt_ext/vhacd/include/vhacd/inc/vhacdVector.inl
-- [VHACD] 	 CPP_FILES: /root/crs_ws_fanuc/src/trajopt_ros/trajopt_ext/vhacd/src/FloatMath.cpp;/root/crs_ws_fanuc/src/trajopt_ros/trajopt_ext/vhacd/src/VHACD-ASYNC.cpp;/root/crs_ws_fanuc/src/trajopt_ros/trajopt_ext/vhacd/src/VHACD.cpp;/root/crs_ws_fanuc/src/trajopt_ros/trajopt_ext/vhacd/src/btAlignedAllocator.cpp;/root/crs_ws_fanuc/src/trajopt_ros/trajopt_ext/vhacd/src/btConvexHullComputer.cpp;/root/crs_ws_fanuc/src/trajopt_ros/trajopt_ext/vhacd/src/vhacdICHull.cpp;/root/crs_ws_fanuc/src/trajopt_ros/trajopt_ext/vhacd/src/vhacdManifoldMesh.cpp;/root/crs_ws_fanuc/src/trajopt_ros/trajopt_ext/vhacd/src/vhacdMesh.cpp;/root/crs_ws_fanuc/src/trajopt_ros/trajopt_ext/vhacd/src/vhacdRaycastMesh.cpp;/root/crs_ws_fanuc/src/trajopt_ros/trajopt_ext/vhacd/src/vhacdVolume.cpp
-- [VHACD] 	 C_FILES:   
-- [VHACD] 	 CL_FILES:  /root/crs_ws_fanuc/src/trajopt_ros/trajopt_ext/vhacd/include/vhacd/cl/vhacdKernels.cl
-- Looking for CL_VERSION_2_2
-- Looking for CL_VERSION_2_2 - not found
-- Looking for CL_VERSION_2_1
-- Looking for CL_VERSION_2_1 - not found
-- Looking for CL_VERSION_2_0
-- Looking for CL_VERSION_2_0 - not found
-- Looking for CL_VERSION_1_2
-- Looking for CL_VERSION_1_2 - not found
-- Looking for CL_VERSION_1_1
-- Looking for CL_VERSION_1_1 - not found
-- Looking for CL_VERSION_1_0
-- Looking for CL_VERSION_1_0 - not found
-- Could NOT find OpenCL (missing: OpenCL_LIBRARY OpenCL_INCLUDE_DIR) 
-- Configuring done
-- Generating done
-- Build files have been written to: /root/crs_ws_fanuc/build/vhacd
[35m[1mScanning dependencies of target vhacd[0m
[  9%] [32mBuilding CXX object CMakeFiles/vhacd.dir/src/VHACD-ASYNC.cpp.o[0m
[ 18%] [32mBuilding CXX object CMakeFiles/vhacd.dir/src/vhacdMesh.cpp.o[0m
[ 27%] [32mBuilding CXX object CMakeFiles/vhacd.dir/src/FloatMath.cpp.o[0m
[ 36%] [32mBuilding CXX object CMakeFiles/vhacd.dir/src/vhacdManifoldMesh.cpp.o[0m
[ 45%] [32mBuilding CXX object CMakeFiles/vhacd.dir/src/VHACD.cpp.o[0m
[ 54%] [32mBuilding CXX object CMakeFiles/vhacd.dir/src/vhacdICHull.cpp.o[0m
[ 63%] [32mBuilding CXX object CMakeFiles/vhacd.dir/src/btAlignedAllocator.cpp.o[0m
[ 72%] [32mBuilding CXX object CMakeFiles/vhacd.dir/src/btConvexHullComputer.cpp.o[0m
[ 81%] [32mBuilding CXX object CMakeFiles/vhacd.dir/src/vhacdRaycastMesh.cpp.o[0m
[ 90%] [32mBuilding CXX object CMakeFiles/vhacd.dir/src/vhacdVolume.cpp.o[0m
[100%] [32m[1mLinking CXX shared library libvhacd.so[0m
[100%] Built target vhacd
[100%] Built target vhacd
[36mInstall the project...[0m
-- Install configuration: ""
-- Installing: /root/crs_ws_fanuc/install/vhacd/lib/libvhacd.so
-- Set runtime path of "/root/crs_ws_fanuc/install/vhacd/lib/libvhacd.so" to ""
-- Old export file "/root/crs_ws_fanuc/install/vhacd/lib/cmake/vhacd/vhacd-targets.cmake" will be replaced.  Removing files [/root/crs_ws_fanuc/install/vhacd/lib/cmake/vhacd/vhacd-targets-debug.cmake;/root/crs_ws_fanuc/install/vhacd/lib/cmake/vhacd/vhacd-targets-noconfig.cmake].
-- Installing: /root/crs_ws_fanuc/install/vhacd/lib/cmake/vhacd/vhacd-targets.cmake
-- Installing: /root/crs_ws_fanuc/install/vhacd/lib/cmake/vhacd/vhacd-targets-noconfig.cmake
-- Installing: /root/crs_ws_fanuc/install/vhacd/share/vhacd/package.xml
-- Installing: /root/crs_ws_fanuc/install/vhacd/lib/cmake/vhacd/vhacd-config.cmake
-- Installing: /root/crs_ws_fanuc/install/vhacd/lib/cmake/vhacd/vhacd-config-version.cmake
-- Installing: /root/crs_ws_fanuc/install/vhacd/include/vhacd/FloatMath.h
-- Installing: /root/crs_ws_fanuc/install/vhacd/include/vhacd/btAlignedAllocator.h
-- Installing: /root/crs_ws_fanuc/install/vhacd/include/vhacd/btAlignedObjectArray.h
-- Installing: /root/crs_ws_fanuc/install/vhacd/include/vhacd/btConvexHullComputer.h
-- Installing: /root/crs_ws_fanuc/install/vhacd/include/vhacd/btMinMax.h
-- Installing: /root/crs_ws_fanuc/install/vhacd/include/vhacd/btScalar.h
-- Installing: /root/crs_ws_fanuc/install/vhacd/include/vhacd/btVector3.h
-- Installing: /root/crs_ws_fanuc/install/vhacd/include/vhacd/vhacdCircularList.h
-- Installing: /root/crs_ws_fanuc/install/vhacd/include/vhacd/vhacdICHull.h
-- Installing: /root/crs_ws_fanuc/install/vhacd/include/vhacd/vhacdManifoldMesh.h
-- Installing: /root/crs_ws_fanuc/install/vhacd/include/vhacd/vhacdMesh.h
-- Installing: /root/crs_ws_fanuc/install/vhacd/include/vhacd/vhacdMutex.h
-- Installing: /root/crs_ws_fanuc/install/vhacd/include/vhacd/vhacdRaycastMesh.h
-- Installing: /root/crs_ws_fanuc/install/vhacd/include/vhacd/vhacdSArray.h
-- Installing: /root/crs_ws_fanuc/install/vhacd/include/vhacd/vhacdTimer.h
-- Installing: /root/crs_ws_fanuc/install/vhacd/include/vhacd/vhacdVHACD.h
-- Installing: /root/crs_ws_fanuc/install/vhacd/include/vhacd/vhacdVector.h
-- Installing: /root/crs_ws_fanuc/install/vhacd/include/vhacd/vhacdVolume.h
-- Installing: /root/crs_ws_fanuc/install/vhacd/include/vhacd/VHACD.h
-- Installing: /root/crs_ws_fanuc/install/vhacd/include/vhacd/vhacdCircularList.inl
-- Installing: /root/crs_ws_fanuc/install/vhacd/include/vhacd/vhacdVector.inl
