-- The CXX compiler identification is GNU 7.5.0
-- Check for working CXX compiler: /usr/bin/c++
-- Check for working CXX compiler: /usr/bin/c++ -- works
-- Detecting CXX compiler ABI info
-- Detecting CXX compiler ABI info - done
-- Detecting CXX compile features
-- Detecting CXX compile features - done
-- Found Bullet: /root/crs_ws_fanuc/install/bullet3/lib/libBulletDynamics.so  
-- Found OpenMP_CXX: -fopenmp (found version "4.5") 
-- Found OpenMP: TRUE (found version "4.5")  
-- Looking for C++ include pthread.h
-- Looking for C++ include pthread.h - found
-- Looking for pthread_create
-- Looking for pthread_create - not found
-- Looking for pthread_create in pthreads
-- Looking for pthread_create in pthreads - not found
-- Looking for pthread_create in pthread
-- Looking for pthread_create in pthread - found
-- Found Threads: TRUE  
-- Boost version: 1.65.1
-- Found the following Boost libraries:
--   system
--   python
--   thread
--   program_options
--   chrono
--   date_time
--   atomic
-- Boost version: 1.65.1
-- Found the following Boost libraries:
--   system
--   thread
--   program_options
--   chrono
--   date_time
--   atomic
-- Configuring done
-- Generating done
-- Build files have been written to: /root/crs_ws_fanuc/build/trajopt_tools
[35m[1mScanning dependencies of target convex_decomposition_hacd_node[0m
[ 25%] [32mBuilding CXX object CMakeFiles/convex_decomposition_hacd_node.dir/src/convex_decomposition_hacd.cpp.o[0m
[ 50%] [32m[1mLinking CXX executable convex_decomposition_hacd_node[0m
[ 50%] Built target convex_decomposition_hacd_node
[35m[1mScanning dependencies of target convex_decomposition_vhacd_node[0m
[ 75%] [32mBuilding CXX object CMakeFiles/convex_decomposition_vhacd_node.dir/src/convex_decomposition_vhacd.cpp.o[0m
[100%] [32m[1mLinking CXX executable convex_decomposition_vhacd_node[0m
[100%] Built target convex_decomposition_vhacd_node
[ 50%] Built target convex_decomposition_hacd_node
[100%] Built target convex_decomposition_vhacd_node
[36mInstall the project...[0m
-- Install configuration: ""
-- Installing: /root/crs_ws_fanuc/install/trajopt_tools/bin/convex_decomposition_hacd_node
-- Set runtime path of "/root/crs_ws_fanuc/install/trajopt_tools/bin/convex_decomposition_hacd_node" to ""
-- Installing: /root/crs_ws_fanuc/install/trajopt_tools/bin/convex_decomposition_vhacd_node
-- Set runtime path of "/root/crs_ws_fanuc/install/trajopt_tools/bin/convex_decomposition_vhacd_node" to ""
-- Installing: /root/crs_ws_fanuc/install/trajopt_tools/lib/cmake/trajopt_tools/trajopt_tools-targets.cmake
-- Installing: /root/crs_ws_fanuc/install/trajopt_tools/lib/cmake/trajopt_tools/trajopt_tools-targets-noconfig.cmake
-- Installing: /root/crs_ws_fanuc/install/trajopt_tools/share/trajopt_tools/package.xml
-- Installing: /root/crs_ws_fanuc/install/trajopt_tools/lib/cmake/trajopt_tools/trajopt_tools-config.cmake
-- Installing: /root/crs_ws_fanuc/install/trajopt_tools/lib/cmake/trajopt_tools/trajopt_tools-config-version.cmake
