[0.029s] Invoking command in '/root/crs_ws_fanuc/build/trajopt_sco': CMAKE_PREFIX_PATH=/root/crs_ws_fanuc/install/trajopt_utils:/root/crs_ws_fanuc/install/osqp:/opt/qt513/lib/cmake:/opt/ros/eloquent LD_LIBRARY_PATH=/root/crs_ws_fanuc/install/trajopt_utils/lib:/root/crs_ws_fanuc/install/osqp/lib:${LD_LIBRARY_PATH} PKG_CONFIG_PATH=/root/crs_ws_fanuc/install/trajopt_utils/lib/x86_64-linux-gnu/pkgconfig:/root/crs_ws_fanuc/install/trajopt_utils/lib/pkgconfig:/root/crs_ws_fanuc/install/osqp/lib/x86_64-linux-gnu/pkgconfig:/root/crs_ws_fanuc/install/osqp/lib/pkgconfig /usr/bin/cmake --build /root/crs_ws_fanuc/build/trajopt_sco -- -j8 -l8
[0.102s] [ 15%] Built target bpmpd_caller
[0.127s] [100%] Built target trajopt_sco
[0.157s] Invoked command in '/root/crs_ws_fanuc/build/trajopt_sco' returned '0': CMAKE_PREFIX_PATH=/root/crs_ws_fanuc/install/trajopt_utils:/root/crs_ws_fanuc/install/osqp:/opt/qt513/lib/cmake:/opt/ros/eloquent LD_LIBRARY_PATH=/root/crs_ws_fanuc/install/trajopt_utils/lib:/root/crs_ws_fanuc/install/osqp/lib:${LD_LIBRARY_PATH} PKG_CONFIG_PATH=/root/crs_ws_fanuc/install/trajopt_utils/lib/x86_64-linux-gnu/pkgconfig:/root/crs_ws_fanuc/install/trajopt_utils/lib/pkgconfig:/root/crs_ws_fanuc/install/osqp/lib/x86_64-linux-gnu/pkgconfig:/root/crs_ws_fanuc/install/osqp/lib/pkgconfig /usr/bin/cmake --build /root/crs_ws_fanuc/build/trajopt_sco -- -j8 -l8
[0.219s] Invoking command in '/root/crs_ws_fanuc/build/trajopt_sco': CMAKE_PREFIX_PATH=/root/crs_ws_fanuc/install/trajopt_utils:/root/crs_ws_fanuc/install/osqp:/opt/qt513/lib/cmake:/opt/ros/eloquent LD_LIBRARY_PATH=/root/crs_ws_fanuc/install/trajopt_utils/lib:/root/crs_ws_fanuc/install/osqp/lib:${LD_LIBRARY_PATH} PKG_CONFIG_PATH=/root/crs_ws_fanuc/install/trajopt_utils/lib/x86_64-linux-gnu/pkgconfig:/root/crs_ws_fanuc/install/trajopt_utils/lib/pkgconfig:/root/crs_ws_fanuc/install/osqp/lib/x86_64-linux-gnu/pkgconfig:/root/crs_ws_fanuc/install/osqp/lib/pkgconfig /usr/bin/cmake --build /root/crs_ws_fanuc/build/trajopt_sco --target install -- -j8 -l8
[0.285s] [ 15%] Built target bpmpd_caller
[0.302s] [100%] Built target trajopt_sco
[0.322s] [36mInstall the project...[0m
[0.332s] -- Install configuration: "Debug"
[0.332s] -- Up-to-date: /root/crs_ws_fanuc/install/trajopt_sco/bin/bpmpd_caller
[0.585s] -- Up-to-date: /root/crs_ws_fanuc/install/trajopt_sco/bin/bpmpd.par
[0.860s] -- Up-to-date: /root/crs_ws_fanuc/install/trajopt_sco/lib/libtrajopt_sco.so
[1.303s] -- Up-to-date: /root/crs_ws_fanuc/install/trajopt_sco/lib/cmake/trajopt_sco/trajopt_sco-targets.cmake
[1.580s] -- Up-to-date: /root/crs_ws_fanuc/install/trajopt_sco/lib/cmake/trajopt_sco/trajopt_sco-targets-debug.cmake
[2.014s] -- Up-to-date: /root/crs_ws_fanuc/install/trajopt_sco/share/trajopt_sco/package.xml
[2.307s] -- Up-to-date: /root/crs_ws_fanuc/install/trajopt_sco/lib/cmake/trajopt_sco/trajopt_sco-config.cmake
[2.620s] -- Up-to-date: /root/crs_ws_fanuc/install/trajopt_sco/lib/cmake/trajopt_sco/trajopt_sco-config-version.cmake
[2.855s] -- Up-to-date: /root/crs_ws_fanuc/install/trajopt_sco/include/trajopt_sco
[2.856s] -- Up-to-date: /root/crs_ws_fanuc/install/trajopt_sco/include/trajopt_sco/optimizers.hpp
[3.028s] -- Up-to-date: /root/crs_ws_fanuc/install/trajopt_sco/include/trajopt_sco/num_diff.hpp
[3.204s] -- Up-to-date: /root/crs_ws_fanuc/install/trajopt_sco/include/trajopt_sco/expr_ops.hpp
[3.426s] -- Up-to-date: /root/crs_ws_fanuc/install/trajopt_sco/include/trajopt_sco/qpoases_interface.hpp
[3.653s] -- Up-to-date: /root/crs_ws_fanuc/install/trajopt_sco/include/trajopt_sco/osqp_interface.hpp
[3.900s] -- Up-to-date: /root/crs_ws_fanuc/install/trajopt_sco/include/trajopt_sco/gurobi_interface.hpp
[4.249s] -- Up-to-date: /root/crs_ws_fanuc/install/trajopt_sco/include/trajopt_sco/modeling_utils.hpp
[4.472s] -- Up-to-date: /root/crs_ws_fanuc/install/trajopt_sco/include/trajopt_sco/solver_utils.hpp
[4.647s] -- Up-to-date: /root/crs_ws_fanuc/install/trajopt_sco/include/trajopt_sco/bpmpd_io.hpp
[4.848s] -- Up-to-date: /root/crs_ws_fanuc/install/trajopt_sco/include/trajopt_sco/modeling.hpp
[5.069s] -- Up-to-date: /root/crs_ws_fanuc/install/trajopt_sco/include/trajopt_sco/expr_op_overloads.hpp
[5.246s] -- Up-to-date: /root/crs_ws_fanuc/install/trajopt_sco/include/trajopt_sco/solver_interface.hpp
[5.421s] -- Up-to-date: /root/crs_ws_fanuc/install/trajopt_sco/include/trajopt_sco/bpmpd_interface.hpp
[5.645s] -- Up-to-date: /root/crs_ws_fanuc/install/trajopt_sco/include/trajopt_sco/expr_vec_ops.hpp
[5.819s] -- Up-to-date: /root/crs_ws_fanuc/install/trajopt_sco/include/trajopt_sco/sco_common.hpp
[5.995s] -- Up-to-date: /root/crs_ws_fanuc/install/trajopt_sco/lib/cmake/trajopt_sco/FindGUROBI.cmake
[6.168s] -- Up-to-date: /root/crs_ws_fanuc/install/trajopt_sco/lib/cmake/trajopt_sco/FindqpOASES.cmake
[6.545s] Invoked command in '/root/crs_ws_fanuc/build/trajopt_sco' returned '0': CMAKE_PREFIX_PATH=/root/crs_ws_fanuc/install/trajopt_utils:/root/crs_ws_fanuc/install/osqp:/opt/qt513/lib/cmake:/opt/ros/eloquent LD_LIBRARY_PATH=/root/crs_ws_fanuc/install/trajopt_utils/lib:/root/crs_ws_fanuc/install/osqp/lib:${LD_LIBRARY_PATH} PKG_CONFIG_PATH=/root/crs_ws_fanuc/install/trajopt_utils/lib/x86_64-linux-gnu/pkgconfig:/root/crs_ws_fanuc/install/trajopt_utils/lib/pkgconfig:/root/crs_ws_fanuc/install/osqp/lib/x86_64-linux-gnu/pkgconfig:/root/crs_ws_fanuc/install/osqp/lib/pkgconfig /usr/bin/cmake --build /root/crs_ws_fanuc/build/trajopt_sco --target install -- -j8 -l8
