[0.049s] Invoking command in '/root/crs_ws_fanuc/build/fanuc_r2000ic_moveit_plugins': /usr/bin/cmake /root/crs_ws_fanuc/src/collaborative-robotic-sanding/fanuc_r2000ic_moveit_plugins -G CodeBlocks - Unix Makefiles -DCMAKE_BUILD_TYPE=Debug -DCATKIN_INSTALL_INTO_PREFIX_ROOT=0 -DCMAKE_INSTALL_PREFIX=/root/crs_ws_fanuc/install/fanuc_r2000ic_moveit_plugins
[0.094s] -- Using CATKIN_DEVEL_PREFIX: /root/crs_ws_fanuc/build/fanuc_r2000ic_moveit_plugins/devel
[0.095s] -- Using CMAKE_PREFIX_PATH: /root/crs_ws_fanuc/install/trajopt_tools;/root/crs_ws_fanuc/install/vhacd;/root/crs_ws_fanuc/install/crs_gui;/root/crs_ws_fanuc/install/crs_application;/root/crs_ws_fanuc/install/crs_motion_planning;/root/crs_ws_fanuc/install/ur_ikfast_kinematics;/root/crs_ws_fanuc/install/crs_robot_comms;/root/crs_ws_fanuc/install/trajopt_sqp;/root/crs_ws_fanuc/install/trajopt_ifopt;/root/crs_ws_fanuc/install/tesseract_monitoring;/root/crs_ws_fanuc/install/tesseract_rosutils;/root/crs_ws_fanuc/install/tesseract_process_planners;/root/crs_ws_fanuc/install/tesseract_motion_planners;/root/crs_ws_fanuc/install/trajopt;/root/crs_ws_fanuc/install/trajopt_sco;/root/crs_ws_fanuc/install/tesseract_visualization;/root/crs_ws_fanuc/install/tesseract;/root/crs_ws_fanuc/install/tesseract_urdf;/root/crs_ws_fanuc/install/tesseract_plugins;/root/crs_ws_fanuc/install/tesseract_environment;/root/crs_ws_fanuc/install/tesseract_collision;/root/crs_ws_fanuc/install/tesseract_support;/root/crs_ws_fanuc/install/tesseract_kinematics;/root/crs_ws_fanuc/install/tesseract_scene_graph;/root/crs_ws_fanuc/install/tesseract_geometry;/root/crs_ws_fanuc/install/roscpp_scxml_demos;/root/crs_ws_fanuc/install/rclcpp_scxml_demos;/root/crs_ws_fanuc/install/region_detection_rclcpp;/root/crs_ws_fanuc/install/osqp_eigen;/root/crs_ws_fanuc/install/osqp;/root/crs_ws_fanuc/install/descartes_opw;/root/crs_ws_fanuc/install/fcl;/root/crs_ws_fanuc/install/fanuc_resources;/root/crs_ws_fanuc/install/fanuc_r2000ic_moveit_config;/root/crs_ws_fanuc/install/fanuc_r2000ic_moveit_plugins;/root/crs_ws_fanuc/install/descartes_ikfast;/root/crs_ws_fanuc/install/crs_perception;/root/crs_ws_fanuc/install/crs_gazebo_plugins;/root/crs_ws_fanuc/install/bullet3;/root/crs_ws_fanuc/install/ur_dashboard_msgs;/root/crs_ws_fanuc/install/tesseract_msgs;/root/crs_ws_fanuc/install/region_detection_msgs;/root/crs_ws_fanuc/install/libccd;/root/crs_ws_fanuc/install/ifopt;/root/crs_ws_fanuc/install/fanuc_r2000ic_support;/root/crs_ws_fanuc/install/fanuc_driver;/root/crs_ws_fanuc/install/crs_toolpath_gen;/root/crs_ws_fanuc/install/crs_support;/root/crs_ws_fanuc/install/crs_process_data;/root/crs_ws_fanuc/install/crs_area_selection;/root/crs_ws_fanuc/install/crs_msgs;/root/crs_ws_fanuc/install/trajopt_utils;/root/crs_ws_fanuc/install/tesseract_common;/root/crs_ws_fanuc/install/scxml_core;/root/crs_ws_fanuc/install/region_detection_core;/root/crs_ws_fanuc/install/opw_kinematics;/root/crs_ws_fanuc/install/octomap_msgs;/root/crs_ws_fanuc/install/iterative_spline_parameterization;/root/crs_ws_fanuc/install/industrial_msgs;/root/crs_ws_fanuc/install/gtest;/root/crs_ws_fanuc/install/descartes_samplers;/root/crs_ws_fanuc/install/descartes_light;/root/crs_ws_fanuc/install/cartesian_trajectory_msgs;/opt/ros/melodic;/root/crs_ws/install/trajopt_tools;/root/crs_ws/install/vhacd;/root/crs_ws/install/crs_gui;/root/crs_ws/install/crs_application;/root/crs_ws/install/crs_motion_planning;/root/crs_ws/install/ur_ikfast_kinematics;/root/crs_ws/install/crs_robot_comms;/root/crs_ws/install/ur_dashboard_msgs;/root/crs_ws/install/trajopt_sqp;/root/crs_ws/install/trajopt_ifopt;/root/crs_ws/install/tesseract_monitoring;/root/crs_ws/install/tesseract_rosutils;/root/crs_ws/install/tesseract_process_planners;/root/crs_ws/install/tesseract_motion_planners;/root/crs_ws/install/trajopt;/root/crs_ws/install/trajopt_sco;/root/crs_ws/install/trajopt_utils;/root/crs_ws/install/tesseract_visualization;/root/crs_ws/install/tesseract;/root/crs_ws/install/tesseract_urdf;/root/crs_ws/install/tesseract_plugins;/root/crs_ws/install/tesseract_environment;/root/crs_ws/install/tesseract_collision;/root/crs_ws/install/tesseract_support;/root/crs_ws/install/tesseract_kinematics;/root/crs_ws/install/tesseract_scene_graph;/root/crs_ws/install/tesseract_msgs;/root/crs_ws/install/tesseract_geometry;/root/crs_ws/install/tesseract_common;/root/crs_ws/install/rclcpp_scxml_demos;/root/crs_ws/install/scxml_core;/root/crs_ws/install/region_detection_rclcpp;/root/crs_ws/install/region_detection_msgs;/root/crs_ws/install/region_detection_core;/root/crs_ws/install/osqp_eigen;/root/crs_ws/install/osqp;/root/crs_ws/install/descartes_opw;/root/crs_ws/install/opw_kinematics;/root/crs_ws/install/octomap_msgs;/root/crs_ws/install/fcl;/root/crs_ws/install/libccd;/root/crs_ws/install/iterative_spline_parameterization;/root/crs_ws/install/ifopt;/root/crs_ws/install/gtest;/root/crs_ws/install/descartes_samplers;/root/crs_ws/install/descartes_ikfast;/root/crs_ws/install/descartes_light;/root/crs_ws/install/crs_toolpath_gen;/root/crs_ws/install/crs_support;/root/crs_ws/install/crs_process_data;/root/crs_ws/install/crs_perception;/root/crs_ws/install/crs_area_selection;/root/crs_ws/install/crs_msgs;/root/crs_ws/install/crs_gazebo_plugins;/root/crs_ws/install/cartesian_trajectory_msgs;/root/crs_ws/install/bullet3;/opt/qt513/lib/cmake;
[0.097s] -- This workspace overlays: /root/crs_ws_fanuc/install/roscpp_scxml_demos;/root/crs_ws_fanuc/install/fanuc_resources;/root/crs_ws_fanuc/install/fanuc_r2000ic_moveit_config;/root/crs_ws_fanuc/install/fanuc_r2000ic_moveit_plugins;/root/crs_ws_fanuc/install/fanuc_r2000ic_support;/root/crs_ws_fanuc/install/fanuc_driver;/opt/ros/melodic
[0.101s] -- Override CMake install command with custom implementation using symlinks instead of copying resources
[0.197s] -- Found PythonInterp: /usr/bin/python3 (found suitable version "3.6.9", minimum required is "3") 
[0.198s] -- Using PYTHON_EXECUTABLE: /usr/bin/python3
[0.198s] -- Using Debian Python package layout
[0.198s] -- Using empy: /usr/bin/empy
[0.541s] -- Using CATKIN_ENABLE_TESTING: ON
[0.541s] -- Call enable_testing()
[0.549s] -- Using CATKIN_TEST_RESULTS_DIR: /root/crs_ws_fanuc/build/fanuc_r2000ic_moveit_plugins/test_results
[0.628s] -- Forcing gtest/gmock from source, though one was otherwise available.
[0.629s] -- Found gtest sources under '/usr/src/googletest': gtests will be built
[0.630s] -- Found gmock sources under '/usr/src/googletest': gmock will be built
[0.715s] -- Found PythonInterp: /usr/bin/python3 (found version "3.6.9") 
[0.726s] -- Using Python nosetests: /usr/bin/nosetests
[0.966s] -- catkin 0.7.29
[0.966s] -- BUILD_SHARED_LIBS is on
[1.462s] -- Using these message generators: gencpp;geneus;genlisp;gennodejs;genpy
[2.010s] -- A library with BLAS API found.
[2.035s] -- A library with LAPACK API found.
[2.561s] -- Configuring done
[2.692s] -- Generating done
[2.720s] -- Build files have been written to: /root/crs_ws_fanuc/build/fanuc_r2000ic_moveit_plugins
[2.732s] Invoked command in '/root/crs_ws_fanuc/build/fanuc_r2000ic_moveit_plugins' returned '0': /usr/bin/cmake /root/crs_ws_fanuc/src/collaborative-robotic-sanding/fanuc_r2000ic_moveit_plugins -G CodeBlocks - Unix Makefiles -DCMAKE_BUILD_TYPE=Debug -DCATKIN_INSTALL_INTO_PREFIX_ROOT=0 -DCMAKE_INSTALL_PREFIX=/root/crs_ws_fanuc/install/fanuc_r2000ic_moveit_plugins
[2.733s] Invoking command in '/root/crs_ws_fanuc/build/fanuc_r2000ic_moveit_plugins': /usr/bin/cmake --build /root/crs_ws_fanuc/build/fanuc_r2000ic_moveit_plugins -- -j8 -l8
[2.972s] [ 50%] Building CXX object CMakeFiles/fanuc_r2000ic_r2000ic_manipulator_moveit_ikfast_plugin.dir/src/fanuc_r2000ic_r2000ic_manipulator_ikfast_moveit_plugin.cpp.o
[20.147s] [100%] Linking CXX shared library devel/lib/libfanuc_r2000ic_r2000ic_manipulator_moveit_ikfast_plugin.so
[20.904s] [100%] Built target fanuc_r2000ic_r2000ic_manipulator_moveit_ikfast_plugin
[20.941s] Invoked command in '/root/crs_ws_fanuc/build/fanuc_r2000ic_moveit_plugins' returned '0': /usr/bin/cmake --build /root/crs_ws_fanuc/build/fanuc_r2000ic_moveit_plugins -- -j8 -l8
[21.409s] Invoking command in '/root/crs_ws_fanuc/build/fanuc_r2000ic_moveit_plugins': /usr/bin/cmake --build /root/crs_ws_fanuc/build/fanuc_r2000ic_moveit_plugins --target tests -- -j8 -l8
[21.664s] Built target tests
[21.706s] Invoked command in '/root/crs_ws_fanuc/build/fanuc_r2000ic_moveit_plugins' returned '0': /usr/bin/cmake --build /root/crs_ws_fanuc/build/fanuc_r2000ic_moveit_plugins --target tests -- -j8 -l8
[22.252s] Invoking command in '/root/crs_ws_fanuc/build/fanuc_r2000ic_moveit_plugins': /usr/bin/cmake --build /root/crs_ws_fanuc/build/fanuc_r2000ic_moveit_plugins --target install -- -j8 -l8
[22.494s] [100%] Built target fanuc_r2000ic_r2000ic_manipulator_moveit_ikfast_plugin
[22.582s] Install the project...
[22.627s] -- Install configuration: "Debug"
[22.628s] -- Execute custom install script
[22.629s] -- Up-to-date symlink: /root/crs_ws_fanuc/install/fanuc_r2000ic_moveit_plugins/lib/pkgconfig/fanuc_r2000ic_moveit_plugins.pc
[22.630s] -- Up-to-date symlink: /root/crs_ws_fanuc/install/fanuc_r2000ic_moveit_plugins/share/fanuc_r2000ic_moveit_plugins/cmake/fanuc_r2000ic_moveit_pluginsConfig.cmake
[22.631s] -- Up-to-date symlink: /root/crs_ws_fanuc/install/fanuc_r2000ic_moveit_plugins/share/fanuc_r2000ic_moveit_plugins/cmake/fanuc_r2000ic_moveit_pluginsConfig-version.cmake
[22.631s] -- Up-to-date symlink: /root/crs_ws_fanuc/install/fanuc_r2000ic_moveit_plugins/share/fanuc_r2000ic_moveit_plugins/package.xml
[22.632s] -- Up-to-date symlink: /root/crs_ws_fanuc/install/fanuc_r2000ic_moveit_plugins/lib/libfanuc_r2000ic_r2000ic_manipulator_moveit_ikfast_plugin.so
[22.633s] -- Up-to-date symlink: /root/crs_ws_fanuc/install/fanuc_r2000ic_moveit_plugins/share/fanuc_r2000ic_moveit_plugins/fanuc_r2000ic_r2000ic_manipulator_moveit_ikfast_plugin_description.xml
[22.642s] Invoked command in '/root/crs_ws_fanuc/build/fanuc_r2000ic_moveit_plugins' returned '0': /usr/bin/cmake --build /root/crs_ws_fanuc/build/fanuc_r2000ic_moveit_plugins --target install -- -j8 -l8
