[0.033s] Invoking command in '/root/crs_ws_fanuc/build/fanuc_r2000ic_moveit_config': AMENT_PREFIX_PATH=/root/crs_ws_fanuc/install/fanuc_r2000ic_support:${AMENT_PREFIX_PATH} CMAKE_PREFIX_PATH=/root/crs_ws_fanuc/install/fanuc_r2000ic_support:/opt/qt513/lib/cmake /usr/bin/cmake --build /root/crs_ws_fanuc/build/fanuc_r2000ic_moveit_config -- -j8 -l8
[0.101s] Invoked command in '/root/crs_ws_fanuc/build/fanuc_r2000ic_moveit_config' returned '0': AMENT_PREFIX_PATH=/root/crs_ws_fanuc/install/fanuc_r2000ic_support:${AMENT_PREFIX_PATH} CMAKE_PREFIX_PATH=/root/crs_ws_fanuc/install/fanuc_r2000ic_support:/opt/qt513/lib/cmake /usr/bin/cmake --build /root/crs_ws_fanuc/build/fanuc_r2000ic_moveit_config -- -j8 -l8
[0.156s] Invoking command in '/root/crs_ws_fanuc/build/fanuc_r2000ic_moveit_config': AMENT_PREFIX_PATH=/root/crs_ws_fanuc/install/fanuc_r2000ic_support:${AMENT_PREFIX_PATH} CMAKE_PREFIX_PATH=/root/crs_ws_fanuc/install/fanuc_r2000ic_support:/opt/qt513/lib/cmake /usr/bin/cmake --build /root/crs_ws_fanuc/build/fanuc_r2000ic_moveit_config --target tests -- -j8 -l8
[0.266s] Built target tests
[0.290s] Invoked command in '/root/crs_ws_fanuc/build/fanuc_r2000ic_moveit_config' returned '0': AMENT_PREFIX_PATH=/root/crs_ws_fanuc/install/fanuc_r2000ic_support:${AMENT_PREFIX_PATH} CMAKE_PREFIX_PATH=/root/crs_ws_fanuc/install/fanuc_r2000ic_support:/opt/qt513/lib/cmake /usr/bin/cmake --build /root/crs_ws_fanuc/build/fanuc_r2000ic_moveit_config --target tests -- -j8 -l8
[0.396s] Invoking command in '/root/crs_ws_fanuc/build/fanuc_r2000ic_moveit_config': AMENT_PREFIX_PATH=/root/crs_ws_fanuc/install/fanuc_r2000ic_support:${AMENT_PREFIX_PATH} CMAKE_PREFIX_PATH=/root/crs_ws_fanuc/install/fanuc_r2000ic_support:/opt/qt513/lib/cmake /usr/bin/cmake --build /root/crs_ws_fanuc/build/fanuc_r2000ic_moveit_config --target install -- -j8 -l8
[0.460s] [36mInstall the project...[0m
[0.472s] -- Install configuration: "Debug"
[0.473s] -- Execute custom install script
[0.473s] -- Up-to-date symlink: /root/crs_ws_fanuc/install/fanuc_r2000ic_moveit_config/lib/pkgconfig/fanuc_r2000ic_moveit_config.pc
[0.473s] -- Up-to-date symlink: /root/crs_ws_fanuc/install/fanuc_r2000ic_moveit_config/share/fanuc_r2000ic_moveit_config/cmake/fanuc_r2000ic_moveit_configConfig.cmake
[0.477s] -- Up-to-date symlink: /root/crs_ws_fanuc/install/fanuc_r2000ic_moveit_config/share/fanuc_r2000ic_moveit_config/cmake/fanuc_r2000ic_moveit_configConfig-version.cmake
[0.477s] -- Up-to-date symlink: /root/crs_ws_fanuc/install/fanuc_r2000ic_moveit_config/share/fanuc_r2000ic_moveit_config/package.xml
[0.479s] -- Up-to-date symlink: /root/crs_ws_fanuc/install/fanuc_r2000ic_moveit_config/share/fanuc_r2000ic_moveit_config/launch/chomp_planning_pipeline.launch.xml
[0.479s] -- Up-to-date symlink: /root/crs_ws_fanuc/install/fanuc_r2000ic_moveit_config/share/fanuc_r2000ic_moveit_config/launch/default_warehouse_db.launch
[0.480s] -- Up-to-date symlink: /root/crs_ws_fanuc/install/fanuc_r2000ic_moveit_config/share/fanuc_r2000ic_moveit_config/launch/demo.launch
[0.481s] -- Up-to-date symlink: /root/crs_ws_fanuc/install/fanuc_r2000ic_moveit_config/share/fanuc_r2000ic_moveit_config/launch/demo_gazebo.launch
[0.481s] -- Up-to-date symlink: /root/crs_ws_fanuc/install/fanuc_r2000ic_moveit_config/share/fanuc_r2000ic_moveit_config/launch/fake_moveit_controller_manager.launch.xml
[0.485s] -- Up-to-date symlink: /root/crs_ws_fanuc/install/fanuc_r2000ic_moveit_config/share/fanuc_r2000ic_moveit_config/launch/fanuc_r2000ic165f_moveit_controller_manager.launch
[0.486s] -- Up-to-date symlink: /root/crs_ws_fanuc/install/fanuc_r2000ic_moveit_config/share/fanuc_r2000ic_moveit_config/launch/fanuc_r2000ic165f_moveit_controller_manager.launch.xml
[0.486s] -- Up-to-date symlink: /root/crs_ws_fanuc/install/fanuc_r2000ic_moveit_config/share/fanuc_r2000ic_moveit_config/launch/fanuc_r2000ic165f_moveit_sensor_manager.launch.xml
[0.486s] -- Up-to-date symlink: /root/crs_ws_fanuc/install/fanuc_r2000ic_moveit_config/share/fanuc_r2000ic_moveit_config/launch/gazebo.launch
[0.486s] -- Up-to-date symlink: /root/crs_ws_fanuc/install/fanuc_r2000ic_moveit_config/share/fanuc_r2000ic_moveit_config/launch/joystick_control.launch
[0.486s] -- Up-to-date symlink: /root/crs_ws_fanuc/install/fanuc_r2000ic_moveit_config/share/fanuc_r2000ic_moveit_config/launch/move_group.launch
[0.488s] -- Up-to-date symlink: /root/crs_ws_fanuc/install/fanuc_r2000ic_moveit_config/share/fanuc_r2000ic_moveit_config/launch/moveit.rviz
[0.489s] -- Up-to-date symlink: /root/crs_ws_fanuc/install/fanuc_r2000ic_moveit_config/share/fanuc_r2000ic_moveit_config/launch/moveit_planning_execution.launch
[0.490s] -- Up-to-date symlink: /root/crs_ws_fanuc/install/fanuc_r2000ic_moveit_config/share/fanuc_r2000ic_moveit_config/launch/moveit_rviz.launch
[0.491s] -- Up-to-date symlink: /root/crs_ws_fanuc/install/fanuc_r2000ic_moveit_config/share/fanuc_r2000ic_moveit_config/launch/ompl_planning_pipeline.launch.xml
[0.493s] -- Up-to-date symlink: /root/crs_ws_fanuc/install/fanuc_r2000ic_moveit_config/share/fanuc_r2000ic_moveit_config/launch/planning_context.launch
[0.494s] -- Up-to-date symlink: /root/crs_ws_fanuc/install/fanuc_r2000ic_moveit_config/share/fanuc_r2000ic_moveit_config/launch/planning_pipeline.launch.xml
[0.494s] -- Up-to-date symlink: /root/crs_ws_fanuc/install/fanuc_r2000ic_moveit_config/share/fanuc_r2000ic_moveit_config/launch/ros_controllers.launch
[0.494s] -- Up-to-date symlink: /root/crs_ws_fanuc/install/fanuc_r2000ic_moveit_config/share/fanuc_r2000ic_moveit_config/launch/run_benchmark_ompl.launch
[0.494s] -- Up-to-date symlink: /root/crs_ws_fanuc/install/fanuc_r2000ic_moveit_config/share/fanuc_r2000ic_moveit_config/launch/sensor_manager.launch.xml
[0.494s] -- Up-to-date symlink: /root/crs_ws_fanuc/install/fanuc_r2000ic_moveit_config/share/fanuc_r2000ic_moveit_config/launch/sim_moveit_planning_execution.launch
[0.494s] -- Up-to-date symlink: /root/crs_ws_fanuc/install/fanuc_r2000ic_moveit_config/share/fanuc_r2000ic_moveit_config/launch/trajectory_execution.launch.xml
[0.494s] -- Up-to-date symlink: /root/crs_ws_fanuc/install/fanuc_r2000ic_moveit_config/share/fanuc_r2000ic_moveit_config/launch/warehouse.launch
[0.494s] -- Up-to-date symlink: /root/crs_ws_fanuc/install/fanuc_r2000ic_moveit_config/share/fanuc_r2000ic_moveit_config/launch/warehouse_settings.launch.xml
[0.494s] -- Up-to-date symlink: /root/crs_ws_fanuc/install/fanuc_r2000ic_moveit_config/share/fanuc_r2000ic_moveit_config/config/chomp_planning.yaml
[0.495s] -- Up-to-date symlink: /root/crs_ws_fanuc/install/fanuc_r2000ic_moveit_config/share/fanuc_r2000ic_moveit_config/config/controllers.yaml
[0.495s] -- Up-to-date symlink: /root/crs_ws_fanuc/install/fanuc_r2000ic_moveit_config/share/fanuc_r2000ic_moveit_config/config/fake_controllers.yaml
[0.497s] -- Up-to-date symlink: /root/crs_ws_fanuc/install/fanuc_r2000ic_moveit_config/share/fanuc_r2000ic_moveit_config/config/fanuc_r2000ic165f.srdf
[0.497s] -- Up-to-date symlink: /root/crs_ws_fanuc/install/fanuc_r2000ic_moveit_config/share/fanuc_r2000ic_moveit_config/config/joint_limits.yaml
[0.499s] -- Up-to-date symlink: /root/crs_ws_fanuc/install/fanuc_r2000ic_moveit_config/share/fanuc_r2000ic_moveit_config/config/kinematics.yaml
[0.500s] -- Up-to-date symlink: /root/crs_ws_fanuc/install/fanuc_r2000ic_moveit_config/share/fanuc_r2000ic_moveit_config/config/ompl_planning.yaml
[0.500s] -- Up-to-date symlink: /root/crs_ws_fanuc/install/fanuc_r2000ic_moveit_config/share/fanuc_r2000ic_moveit_config/config/ros_controllers.yaml
[0.500s] -- Up-to-date symlink: /root/crs_ws_fanuc/install/fanuc_r2000ic_moveit_config/share/fanuc_r2000ic_moveit_config/config/sensors_3d.yaml
[0.508s] Invoked command in '/root/crs_ws_fanuc/build/fanuc_r2000ic_moveit_config' returned '0': AMENT_PREFIX_PATH=/root/crs_ws_fanuc/install/fanuc_r2000ic_support:${AMENT_PREFIX_PATH} CMAKE_PREFIX_PATH=/root/crs_ws_fanuc/install/fanuc_r2000ic_support:/opt/qt513/lib/cmake /usr/bin/cmake --build /root/crs_ws_fanuc/build/fanuc_r2000ic_moveit_config --target install -- -j8 -l8
