Determining if the pthread_create exist failed with the following output:
Change Dir: /root/crs_ws_fanuc/build/crs_area_selection/CMakeFiles/CMakeTmp

Run Build Command:"/usr/bin/make" "cmTC_ffd44/fast"
/usr/bin/make -f CMakeFiles/cmTC_ffd44.dir/build.make CMakeFiles/cmTC_ffd44.dir/build
make[1]: Entering directory '/root/crs_ws_fanuc/build/crs_area_selection/CMakeFiles/CMakeTmp'
Building CXX object CMakeFiles/cmTC_ffd44.dir/CheckSymbolExists.cxx.o
/usr/bin/c++     -o CMakeFiles/cmTC_ffd44.dir/CheckSymbolExists.cxx.o -c /root/crs_ws_fanuc/build/crs_area_selection/CMakeFiles/CMakeTmp/CheckSymbolExists.cxx
Linking CXX executable cmTC_ffd44
/usr/bin/cmake -E cmake_link_script CMakeFiles/cmTC_ffd44.dir/link.txt --verbose=1
/usr/bin/c++       CMakeFiles/cmTC_ffd44.dir/CheckSymbolExists.cxx.o  -o cmTC_ffd44 
CMakeFiles/cmTC_ffd44.dir/CheckSymbolExists.cxx.o: In function `main':
CheckSymbolExists.cxx:(.text+0x1b): undefined reference to `pthread_create'
collect2: error: ld returned 1 exit status
CMakeFiles/cmTC_ffd44.dir/build.make:97: recipe for target 'cmTC_ffd44' failed
make[1]: *** [cmTC_ffd44] Error 1
make[1]: Leaving directory '/root/crs_ws_fanuc/build/crs_area_selection/CMakeFiles/CMakeTmp'
Makefile:126: recipe for target 'cmTC_ffd44/fast' failed
make: *** [cmTC_ffd44/fast] Error 2

File /root/crs_ws_fanuc/build/crs_area_selection/CMakeFiles/CMakeTmp/CheckSymbolExists.cxx:
/* */
#include <pthread.h>

int main(int argc, char** argv)
{
  (void)argv;
#ifndef pthread_create
  return ((int*)(&pthread_create))[argc];
#else
  (void)argc;
  return 0;
#endif
}

Determining if the function pthread_create exists in the pthreads failed with the following output:
Change Dir: /root/crs_ws_fanuc/build/crs_area_selection/CMakeFiles/CMakeTmp

Run Build Command:"/usr/bin/make" "cmTC_4ed2a/fast"
/usr/bin/make -f CMakeFiles/cmTC_4ed2a.dir/build.make CMakeFiles/cmTC_4ed2a.dir/build
make[1]: Entering directory '/root/crs_ws_fanuc/build/crs_area_selection/CMakeFiles/CMakeTmp'
Building CXX object CMakeFiles/cmTC_4ed2a.dir/CheckFunctionExists.cxx.o
/usr/bin/c++    -DCHECK_FUNCTION_EXISTS=pthread_create   -o CMakeFiles/cmTC_4ed2a.dir/CheckFunctionExists.cxx.o -c /root/crs_ws_fanuc/build/crs_area_selection/CMakeFiles/CheckLibraryExists/CheckFunctionExists.cxx
Linking CXX executable cmTC_4ed2a
/usr/bin/cmake -E cmake_link_script CMakeFiles/cmTC_4ed2a.dir/link.txt --verbose=1
/usr/bin/c++   -DCHECK_FUNCTION_EXISTS=pthread_create    CMakeFiles/cmTC_4ed2a.dir/CheckFunctionExists.cxx.o  -o cmTC_4ed2a -lpthreads 
/usr/bin/ld: cannot find -lpthreads
collect2: error: ld returned 1 exit status
CMakeFiles/cmTC_4ed2a.dir/build.make:97: recipe for target 'cmTC_4ed2a' failed
make[1]: *** [cmTC_4ed2a] Error 1
make[1]: Leaving directory '/root/crs_ws_fanuc/build/crs_area_selection/CMakeFiles/CMakeTmp'
Makefile:126: recipe for target 'cmTC_4ed2a/fast' failed
make: *** [cmTC_4ed2a/fast] Error 2


