[0.112s] Invoking command in '/root/crs_ws_fanuc/build/trajopt': CMAKE_PREFIX_PATH=/root/crs_ws_fanuc/install/trajopt_sco:/root/crs_ws_fanuc/install/trajopt_utils:/root/crs_ws_fanuc/install/osqp:/opt/qt513/lib/cmake:/opt/ros/eloquent LD_LIBRARY_PATH=/root/crs_ws_fanuc/install/trajopt_sco/lib:/root/crs_ws_fanuc/install/trajopt_utils/lib:/root/crs_ws_fanuc/install/osqp/lib:${LD_LIBRARY_PATH} PATH=/root/crs_ws_fanuc/install/trajopt_sco/bin:${PATH} PKG_CONFIG_PATH=/root/crs_ws_fanuc/install/trajopt_sco/lib/x86_64-linux-gnu/pkgconfig:/root/crs_ws_fanuc/install/trajopt_sco/lib/pkgconfig:/root/crs_ws_fanuc/install/trajopt_utils/lib/x86_64-linux-gnu/pkgconfig:/root/crs_ws_fanuc/install/trajopt_utils/lib/pkgconfig:/root/crs_ws_fanuc/install/osqp/lib/x86_64-linux-gnu/pkgconfig:/root/crs_ws_fanuc/install/osqp/lib/pkgconfig /usr/bin/cmake --build /root/crs_ws_fanuc/build/trajopt -- -j8 -l8
[0.413s] [100%] Built target trajopt
[0.479s] Invoked command in '/root/crs_ws_fanuc/build/trajopt' returned '0': CMAKE_PREFIX_PATH=/root/crs_ws_fanuc/install/trajopt_sco:/root/crs_ws_fanuc/install/trajopt_utils:/root/crs_ws_fanuc/install/osqp:/opt/qt513/lib/cmake:/opt/ros/eloquent LD_LIBRARY_PATH=/root/crs_ws_fanuc/install/trajopt_sco/lib:/root/crs_ws_fanuc/install/trajopt_utils/lib:/root/crs_ws_fanuc/install/osqp/lib:${LD_LIBRARY_PATH} PATH=/root/crs_ws_fanuc/install/trajopt_sco/bin:${PATH} PKG_CONFIG_PATH=/root/crs_ws_fanuc/install/trajopt_sco/lib/x86_64-linux-gnu/pkgconfig:/root/crs_ws_fanuc/install/trajopt_sco/lib/pkgconfig:/root/crs_ws_fanuc/install/trajopt_utils/lib/x86_64-linux-gnu/pkgconfig:/root/crs_ws_fanuc/install/trajopt_utils/lib/pkgconfig:/root/crs_ws_fanuc/install/osqp/lib/x86_64-linux-gnu/pkgconfig:/root/crs_ws_fanuc/install/osqp/lib/pkgconfig /usr/bin/cmake --build /root/crs_ws_fanuc/build/trajopt -- -j8 -l8
[0.801s] Invoking command in '/root/crs_ws_fanuc/build/trajopt': CMAKE_PREFIX_PATH=/root/crs_ws_fanuc/install/trajopt_sco:/root/crs_ws_fanuc/install/trajopt_utils:/root/crs_ws_fanuc/install/osqp:/opt/qt513/lib/cmake:/opt/ros/eloquent LD_LIBRARY_PATH=/root/crs_ws_fanuc/install/trajopt_sco/lib:/root/crs_ws_fanuc/install/trajopt_utils/lib:/root/crs_ws_fanuc/install/osqp/lib:${LD_LIBRARY_PATH} PATH=/root/crs_ws_fanuc/install/trajopt_sco/bin:${PATH} PKG_CONFIG_PATH=/root/crs_ws_fanuc/install/trajopt_sco/lib/x86_64-linux-gnu/pkgconfig:/root/crs_ws_fanuc/install/trajopt_sco/lib/pkgconfig:/root/crs_ws_fanuc/install/trajopt_utils/lib/x86_64-linux-gnu/pkgconfig:/root/crs_ws_fanuc/install/trajopt_utils/lib/pkgconfig:/root/crs_ws_fanuc/install/osqp/lib/x86_64-linux-gnu/pkgconfig:/root/crs_ws_fanuc/install/osqp/lib/pkgconfig /usr/bin/cmake --build /root/crs_ws_fanuc/build/trajopt --target install -- -j8 -l8
[1.054s] [100%] Built target trajopt
[1.103s] [36mInstall the project...[0m
[1.143s] -- Install configuration: "Debug"
[1.144s] -- Up-to-date: /root/crs_ws_fanuc/install/trajopt/lib/libtrajopt.so
[1.144s] -- Up-to-date: /root/crs_ws_fanuc/install/trajopt/lib/cmake/trajopt/trajopt-targets.cmake
[1.144s] -- Up-to-date: /root/crs_ws_fanuc/install/trajopt/lib/cmake/trajopt/trajopt-targets-debug.cmake
[1.144s] -- Up-to-date: /root/crs_ws_fanuc/install/trajopt/share/trajopt/package.xml
[1.148s] -- Up-to-date: /root/crs_ws_fanuc/install/trajopt/lib/cmake/trajopt/trajopt-config.cmake
[1.150s] -- Up-to-date: /root/crs_ws_fanuc/install/trajopt/lib/cmake/trajopt/trajopt-config-version.cmake
[1.151s] -- Up-to-date: /root/crs_ws_fanuc/install/trajopt/lib/cmake/trajopt/trajopt-targets.cmake
[1.152s] -- Up-to-date: /root/crs_ws_fanuc/install/trajopt/lib/cmake/trajopt/trajopt-targets-debug.cmake
[1.152s] -- Up-to-date: /root/crs_ws_fanuc/install/trajopt/share/trajopt/package.xml
[1.153s] -- Up-to-date: /root/crs_ws_fanuc/install/trajopt/lib/cmake/trajopt/trajopt-config.cmake
[1.153s] -- Up-to-date: /root/crs_ws_fanuc/install/trajopt/lib/cmake/trajopt/trajopt-config-version.cmake
[1.154s] -- Up-to-date: /root/crs_ws_fanuc/install/trajopt/share/trajopt/test/data
[1.155s] -- Up-to-date: /root/crs_ws_fanuc/install/trajopt/share/trajopt/test/data/meshes
[1.155s] -- Up-to-date: /root/crs_ws_fanuc/install/trajopt/share/trajopt/test/data/meshes/Table.stl
[1.155s] -- Up-to-date: /root/crs_ws_fanuc/install/trajopt/share/trajopt/test/data/boxbot.urdf
[1.156s] -- Up-to-date: /root/crs_ws_fanuc/install/trajopt/share/trajopt/test/data/pr2.urdf
[1.157s] -- Up-to-date: /root/crs_ws_fanuc/install/trajopt/share/trajopt/test/data/boxbot_world.urdf
[1.157s] -- Up-to-date: /root/crs_ws_fanuc/install/trajopt/share/trajopt/test/data/pr2
[1.157s] -- Up-to-date: /root/crs_ws_fanuc/install/trajopt/share/trajopt/test/data/pr2/meshes
[1.157s] -- Up-to-date: /root/crs_ws_fanuc/install/trajopt/share/trajopt/test/data/pr2/meshes/tilting_laser_v0
[1.157s] -- Up-to-date: /root/crs_ws_fanuc/install/trajopt/share/trajopt/test/data/pr2/meshes/tilting_laser_v0/tilting_hokuyo_color.tif
[1.157s] -- Up-to-date: /root/crs_ws_fanuc/install/trajopt/share/trajopt/test/data/pr2/meshes/tilting_laser_v0/iv
[1.157s] -- Up-to-date: /root/crs_ws_fanuc/install/trajopt/share/trajopt/test/data/pr2/meshes/tilting_laser_v0/iv/hok_tilt.iv
[1.157s] -- Up-to-date: /root/crs_ws_fanuc/install/trajopt/share/trajopt/test/data/pr2/meshes/tilting_laser_v0/iv/tilting_hokuyo_L.iv
[1.158s] -- Up-to-date: /root/crs_ws_fanuc/install/trajopt/share/trajopt/test/data/pr2/meshes/tilting_laser_v0/iv/tilting_hokuyo.iv
[1.158s] -- Up-to-date: /root/crs_ws_fanuc/install/trajopt/share/trajopt/test/data/pr2/meshes/tilting_laser_v0/tilting_hokuyo_L.stl
[1.158s] -- Up-to-date: /root/crs_ws_fanuc/install/trajopt/share/trajopt/test/data/pr2/meshes/tilting_laser_v0/tilting_hokuyo.stl
[1.158s] -- Up-to-date: /root/crs_ws_fanuc/install/trajopt/share/trajopt/test/data/pr2/meshes/tilting_laser_v0/hok_tilt.stl
[1.158s] -- Up-to-date: /root/crs_ws_fanuc/install/trajopt/share/trajopt/test/data/pr2/meshes/tilting_laser_v0/tilting_hokuyo_normals.tif
[1.158s] -- Up-to-date: /root/crs_ws_fanuc/install/trajopt/share/trajopt/test/data/pr2/meshes/tilting_laser_v0/convex
[1.158s] -- Up-to-date: /root/crs_ws_fanuc/install/trajopt/share/trajopt/test/data/pr2/meshes/tilting_laser_v0/convex/hok_tilt_convex.stlb
[1.159s] -- Up-to-date: /root/crs_ws_fanuc/install/trajopt/share/trajopt/test/data/pr2/meshes/tilting_laser_v0/convex/hok_tilt_convex.stla
[1.159s] -- Up-to-date: /root/crs_ws_fanuc/install/trajopt/share/trajopt/test/data/pr2/meshes/tilting_laser_v0/convex/hok_tilt.xml
[1.159s] -- Up-to-date: /root/crs_ws_fanuc/install/trajopt/share/trajopt/test/data/pr2/meshes/tilting_laser_v0/convex/hok_tilt_convex.iv
[1.159s] -- Up-to-date: /root/crs_ws_fanuc/install/trajopt/share/trajopt/test/data/pr2/meshes/tilting_laser_v0/convex/tilting_hokuyo_L_convex.stla
[1.159s] -- Up-to-date: /root/crs_ws_fanuc/install/trajopt/share/trajopt/test/data/pr2/meshes/tilting_laser_v0/convex/tilting_hokuyo_L_convex.stlb
[1.159s] -- Up-to-date: /root/crs_ws_fanuc/install/trajopt/share/trajopt/test/data/pr2/meshes/tilting_laser_v0/convex/tilting_hokuyo_L.dae
[1.159s] -- Up-to-date: /root/crs_ws_fanuc/install/trajopt/share/trajopt/test/data/pr2/meshes/tilting_laser_v0/convex/tilting_hokuyo_convex.obj
[1.159s] -- Up-to-date: /root/crs_ws_fanuc/install/trajopt/share/trajopt/test/data/pr2/meshes/tilting_laser_v0/convex/hok_tilt_convex.obj
[1.159s] -- Up-to-date: /root/crs_ws_fanuc/install/trajopt/share/trajopt/test/data/pr2/meshes/tilting_laser_v0/convex/tilting_hokuyo_convex.stlb
[1.160s] -- Up-to-date: /root/crs_ws_fanuc/install/trajopt/share/trajopt/test/data/pr2/meshes/tilting_laser_v0/convex/hok_tilt.dae
[1.160s] -- Up-to-date: /root/crs_ws_fanuc/install/trajopt/share/trajopt/test/data/pr2/meshes/tilting_laser_v0/convex/tilting_hokuyo_L.obj
[1.160s] -- Up-to-date: /root/crs_ws_fanuc/install/trajopt/share/trajopt/test/data/pr2/meshes/tilting_laser_v0/convex/tilting_hokuyo_L_convex.iv
[1.160s] -- Up-to-date: /root/crs_ws_fanuc/install/trajopt/share/trajopt/test/data/pr2/meshes/tilting_laser_v0/convex/tilting_hokuyo_L.xml
[1.160s] -- Up-to-date: /root/crs_ws_fanuc/install/trajopt/share/trajopt/test/data/pr2/meshes/tilting_laser_v0/convex/tilting_hokuyo_L_convex.obj
[1.160s] -- Up-to-date: /root/crs_ws_fanuc/install/trajopt/share/trajopt/test/data/pr2/meshes/tilting_laser_v0/convex/hok_tilt.obj
[1.161s] -- Up-to-date: /root/crs_ws_fanuc/install/trajopt/share/trajopt/test/data/pr2/meshes/tilting_laser_v0/convex/tilting_hokuyo.dae
[1.161s] -- Up-to-date: /root/crs_ws_fanuc/install/trajopt/share/trajopt/test/data/pr2/meshes/tilting_laser_v0/convex/tilting_hokuyo_convex.iv
[1.161s] -- Up-to-date: /root/crs_ws_fanuc/install/trajopt/share/trajopt/test/data/pr2/meshes/tilting_laser_v0/convex/tilting_hokuyo.xml
[1.161s] -- Up-to-date: /root/crs_ws_fanuc/install/trajopt/share/trajopt/test/data/pr2/meshes/tilting_laser_v0/convex/tilting_hokuyo.obj
[1.161s] -- Up-to-date: /root/crs_ws_fanuc/install/trajopt/share/trajopt/test/data/pr2/meshes/tilting_laser_v0/convex/tilting_hokuyo_convex.stla
[1.161s] -- Up-to-date: /root/crs_ws_fanuc/install/trajopt/share/trajopt/test/data/pr2/meshes/tilting_laser_v0/tilting_hokuyo.dae
[1.162s] -- Up-to-date: /root/crs_ws_fanuc/install/trajopt/share/trajopt/test/data/pr2/meshes/torso_v0
[1.162s] -- Up-to-date: /root/crs_ws_fanuc/install/trajopt/share/trajopt/test/data/pr2/meshes/torso_v0/torso_lift.dae
[1.162s] -- Up-to-date: /root/crs_ws_fanuc/install/trajopt/share/trajopt/test/data/pr2/meshes/torso_v0/iv
[1.162s] -- Up-to-date: /root/crs_ws_fanuc/install/trajopt/share/trajopt/test/data/pr2/meshes/torso_v0/iv/torso_lift_L.iv
[1.162s] -- Up-to-date: /root/crs_ws_fanuc/install/trajopt/share/trajopt/test/data/pr2/meshes/torso_v0/iv/torso.iv
[1.162s] -- Up-to-date: /root/crs_ws_fanuc/install/trajopt/share/trajopt/test/data/pr2/meshes/torso_v0/iv/torso_lift.iv
[1.162s] -- Up-to-date: /root/crs_ws_fanuc/install/trajopt/share/trajopt/test/data/pr2/meshes/torso_v0/torso_lift_normals.tif
[1.162s] -- Up-to-date: /root/crs_ws_fanuc/install/trajopt/share/trajopt/test/data/pr2/meshes/torso_v0/torso.stl
[1.163s] -- Up-to-date: /root/crs_ws_fanuc/install/trajopt/share/trajopt/test/data/pr2/meshes/torso_v0/torso_lift_L.stl
[1.163s] -- Up-to-date: /root/crs_ws_fanuc/install/trajopt/share/trajopt/test/data/pr2/meshes/torso_v0/convex
[1.163s] -- Up-to-date: /root/crs_ws_fanuc/install/trajopt/share/trajopt/test/data/pr2/meshes/torso_v0/convex/torso_convex.obj
[1.163s] -- Up-to-date: /root/crs_ws_fanuc/install/trajopt/share/trajopt/test/data/pr2/meshes/torso_v0/convex/torso_lift.dae
[1.163s] -- Up-to-date: /root/crs_ws_fanuc/install/trajopt/share/trajopt/test/data/pr2/meshes/torso_v0/convex/torso_convex.stla
[1.164s] -- Up-to-date: /root/crs_ws_fanuc/install/trajopt/share/trajopt/test/data/pr2/meshes/torso_v0/convex/torso_lift.obj
[1.164s] -- Up-to-date: /root/crs_ws_fanuc/install/trajopt/share/trajopt/test/data/pr2/meshes/torso_v0/convex/torso_lift_L_convex.obj
[1.164s] -- Up-to-date: /root/crs_ws_fanuc/install/trajopt/share/trajopt/test/data/pr2/meshes/torso_v0/convex/torso_lift_convex.stlb
[1.164s] -- Up-to-date: /root/crs_ws_fanuc/install/trajopt/share/trajopt/test/data/pr2/meshes/torso_v0/convex/torso_lift_L_convex.iv
[1.164s] -- Up-to-date: /root/crs_ws_fanuc/install/trajopt/share/trajopt/test/data/pr2/meshes/torso_v0/convex/torso.obj
[1.164s] -- Up-to-date: /root/crs_ws_fanuc/install/trajopt/share/trajopt/test/data/pr2/meshes/torso_v0/convex/torso_lift_L.obj
[1.164s] -- Up-to-date: /root/crs_ws_fanuc/install/trajopt/share/trajopt/test/data/pr2/meshes/torso_v0/convex/torso_lift_convex.stla
[1.164s] -- Up-to-date: /root/crs_ws_fanuc/install/trajopt/share/trajopt/test/data/pr2/meshes/torso_v0/convex/torso_convex.stlb
[1.164s] -- Up-to-date: /root/crs_ws_fanuc/install/trajopt/share/trajopt/test/data/pr2/meshes/torso_v0/convex/torso_lift_L_convex.stlb
[1.165s] -- Up-to-date: /root/crs_ws_fanuc/install/trajopt/share/trajopt/test/data/pr2/meshes/torso_v0/convex/torso.xml
[1.165s] -- Up-to-date: /root/crs_ws_fanuc/install/trajopt/share/trajopt/test/data/pr2/meshes/torso_v0/convex/torso.dae
[1.165s] -- Up-to-date: /root/crs_ws_fanuc/install/trajopt/share/trajopt/test/data/pr2/meshes/torso_v0/convex/torso_lift_L.dae
[1.165s] -- Up-to-date: /root/crs_ws_fanuc/install/trajopt/share/trajopt/test/data/pr2/meshes/torso_v0/convex/torso_lift_L.xml
[1.165s] -- Up-to-date: /root/crs_ws_fanuc/install/trajopt/share/trajopt/test/data/pr2/meshes/torso_v0/convex/torso_convex.iv
[1.165s] -- Up-to-date: /root/crs_ws_fanuc/install/trajopt/share/trajopt/test/data/pr2/meshes/torso_v0/convex/torso_lift.xml
[1.165s] -- Up-to-date: /root/crs_ws_fanuc/install/trajopt/share/trajopt/test/data/pr2/meshes/torso_v0/convex/torso_lift_L_convex.stla
[1.165s] -- Up-to-date: /root/crs_ws_fanuc/install/trajopt/share/trajopt/test/data/pr2/meshes/torso_v0/convex/torso_lift_convex.iv
[1.165s] -- Up-to-date: /root/crs_ws_fanuc/install/trajopt/share/trajopt/test/data/pr2/meshes/torso_v0/convex/torso_lift_convex.obj
[1.166s] -- Up-to-date: /root/crs_ws_fanuc/install/trajopt/share/trajopt/test/data/pr2/meshes/torso_v0/torso_lift.stl
[1.166s] -- Up-to-date: /root/crs_ws_fanuc/install/trajopt/share/trajopt/test/data/pr2/meshes/torso_v0/torso_lift_color.tif
[1.166s] -- Up-to-date: /root/crs_ws_fanuc/install/trajopt/share/trajopt/test/data/pr2/meshes/gripper_v0
[1.166s] -- Up-to-date: /root/crs_ws_fanuc/install/trajopt/share/trajopt/test/data/pr2/meshes/gripper_v0/l_finger_tip.dae
[1.166s] -- Up-to-date: /root/crs_ws_fanuc/install/trajopt/share/trajopt/test/data/pr2/meshes/gripper_v0/palm_H_UV_100430.dae
[1.166s] -- Up-to-date: /root/crs_ws_fanuc/install/trajopt/share/trajopt/test/data/pr2/meshes/gripper_v0/finger_tip_l.stl
[1.166s] -- Up-to-date: /root/crs_ws_fanuc/install/trajopt/share/trajopt/test/data/pr2/meshes/gripper_v0/l_floating.stl
[1.167s] -- Up-to-date: /root/crs_ws_fanuc/install/trajopt/share/trajopt/test/data/pr2/meshes/gripper_v0/float_H_UV_100430.dae
[1.167s] -- Up-to-date: /root/crs_ws_fanuc/install/trajopt/share/trajopt/test/data/pr2/meshes/gripper_v0/l_finger_tip_normals.tif
[1.167s] -- Up-to-date: /root/crs_ws_fanuc/install/trajopt/share/trajopt/test/data/pr2/meshes/gripper_v0/finger_tip_H_UV_100430.dae
[1.167s] -- Up-to-date: /root/crs_ws_fanuc/install/trajopt/share/trajopt/test/data/pr2/meshes/gripper_v0/gripper_palm.dae
[1.167s] -- Up-to-date: /root/crs_ws_fanuc/install/trajopt/share/trajopt/test/data/pr2/meshes/gripper_v0/finger_tip_pad2_l.stl
[1.167s] -- Up-to-date: /root/crs_ws_fanuc/install/trajopt/share/trajopt/test/data/pr2/meshes/gripper_v0/finger_H_Color_100430.tif
[1.167s] -- Up-to-date: /root/crs_ws_fanuc/install/trajopt/share/trajopt/test/data/pr2/meshes/gripper_v0/fingertip_H_Color_100430.tif
[1.168s] -- Up-to-date: /root/crs_ws_fanuc/install/trajopt/share/trajopt/test/data/pr2/meshes/gripper_v0/upper_finger_r.stl
[1.168s] -- Up-to-date: /root/crs_ws_fanuc/install/trajopt/share/trajopt/test/data/pr2/meshes/gripper_v0/iv
[1.168s] -- Up-to-date: /root/crs_ws_fanuc/install/trajopt/share/trajopt/test/data/pr2/meshes/gripper_v0/iv/l_finger_tip.iv
[1.168s] -- Up-to-date: /root/crs_ws_fanuc/install/trajopt/share/trajopt/test/data/pr2/meshes/gripper_v0/iv/upper_finger_l.iv
[1.168s] -- Up-to-date: /root/crs_ws_fanuc/install/trajopt/share/trajopt/test/data/pr2/meshes/gripper_v0/iv/l_finger.iv
[1.168s] -- Up-to-date: /root/crs_ws_fanuc/install/trajopt/share/trajopt/test/data/pr2/meshes/gripper_v0/iv/finger_tip_r.iv
[1.168s] -- Up-to-date: /root/crs_ws_fanuc/install/trajopt/share/trajopt/test/data/pr2/meshes/gripper_v0/iv/l_floating.iv
[1.169s] -- Up-to-date: /root/crs_ws_fanuc/install/trajopt/share/trajopt/test/data/pr2/meshes/gripper_v0/iv/finger_tip_l.iv
[1.169s] -- Up-to-date: /root/crs_ws_fanuc/install/trajopt/share/trajopt/test/data/pr2/meshes/gripper_v0/iv/gripper_palm.iv
[1.169s] -- Up-to-date: /root/crs_ws_fanuc/install/trajopt/share/trajopt/test/data/pr2/meshes/gripper_v0/iv/finger_tip_pad2_r.iv
[1.169s] -- Up-to-date: /root/crs_ws_fanuc/install/trajopt/share/trajopt/test/data/pr2/meshes/gripper_v0/iv/upper_finger_r.iv
[1.170s] -- Up-to-date: /root/crs_ws_fanuc/install/trajopt/share/trajopt/test/data/pr2/meshes/gripper_v0/iv/finger_tip_pad2_l.iv
[1.170s] -- Up-to-date: /root/crs_ws_fanuc/install/trajopt/share/trajopt/test/data/pr2/meshes/gripper_v0/l_float_color.tif
[1.171s] -- Up-to-date: /root/crs_ws_fanuc/install/trajopt/share/trajopt/test/data/pr2/meshes/gripper_v0/l_float.dae
[1.171s] -- Up-to-date: /root/crs_ws_fanuc/install/trajopt/share/trajopt/test/data/pr2/meshes/gripper_v0/upper_finger_l.stl
[1.172s] -- Up-to-date: /root/crs_ws_fanuc/install/trajopt/share/trajopt/test/data/pr2/meshes/gripper_v0/finger_H_UV_100430.dae
[1.174s] -- Up-to-date: /root/crs_ws_fanuc/install/trajopt/share/trajopt/test/data/pr2/meshes/gripper_v0/l_float_normals.tif
[1.177s] -- Up-to-date: /root/crs_ws_fanuc/install/trajopt/share/trajopt/test/data/pr2/meshes/gripper_v0/gripper_palm_color.tif
[1.178s] -- Up-to-date: /root/crs_ws_fanuc/install/trajopt/share/trajopt/test/data/pr2/meshes/gripper_v0/l_finger.dae
[1.178s] -- Up-to-date: /root/crs_ws_fanuc/install/trajopt/share/trajopt/test/data/pr2/meshes/gripper_v0/l_finger_color.tif
[1.178s] -- Up-to-date: /root/crs_ws_fanuc/install/trajopt/share/trajopt/test/data/pr2/meshes/gripper_v0/l_finger_tip.stl
[1.179s] -- Up-to-date: /root/crs_ws_fanuc/install/trajopt/share/trajopt/test/data/pr2/meshes/gripper_v0/l_finger_normals.tif
[1.180s] -- Up-to-date: /root/crs_ws_fanuc/install/trajopt/share/trajopt/test/data/pr2/meshes/gripper_v0/l_finger.stl
[1.180s] -- Up-to-date: /root/crs_ws_fanuc/install/trajopt/share/trajopt/test/data/pr2/meshes/gripper_v0/convex
[1.181s] -- Up-to-date: /root/crs_ws_fanuc/install/trajopt/share/trajopt/test/data/pr2/meshes/gripper_v0/convex/finger_tip_r.obj
[1.181s] -- Up-to-date: /root/crs_ws_fanuc/install/trajopt/share/trajopt/test/data/pr2/meshes/gripper_v0/convex/l_finger_tip.dae
[1.181s] -- Up-to-date: /root/crs_ws_fanuc/install/trajopt/share/trajopt/test/data/pr2/meshes/gripper_v0/convex/finger_tip_l_convex.iv
[1.182s] -- Up-to-date: /root/crs_ws_fanuc/install/trajopt/share/trajopt/test/data/pr2/meshes/gripper_v0/convex/gripper_palm_convex.stlb
[1.182s] -- Up-to-date: /root/crs_ws_fanuc/install/trajopt/share/trajopt/test/data/pr2/meshes/gripper_v0/convex/finger_tip_pad2_l_convex.stla
[1.184s] -- Up-to-date: /root/crs_ws_fanuc/install/trajopt/share/trajopt/test/data/pr2/meshes/gripper_v0/convex/l_floating.obj
[1.185s] -- Up-to-date: /root/crs_ws_fanuc/install/trajopt/share/trajopt/test/data/pr2/meshes/gripper_v0/convex/gripper_palm.dae
[1.185s] -- Up-to-date: /root/crs_ws_fanuc/install/trajopt/share/trajopt/test/data/pr2/meshes/gripper_v0/convex/upper_finger_r_convex.obj
[1.185s] -- Up-to-date: /root/crs_ws_fanuc/install/trajopt/share/trajopt/test/data/pr2/meshes/gripper_v0/convex/finger_tip_l_convex.stlb
[1.186s] -- Up-to-date: /root/crs_ws_fanuc/install/trajopt/share/trajopt/test/data/pr2/meshes/gripper_v0/convex/finger_tip_pad2_l_convex.stlb
[1.186s] -- Up-to-date: /root/crs_ws_fanuc/install/trajopt/share/trajopt/test/data/pr2/meshes/gripper_v0/convex/gripper_palm_convex.iv
[1.186s] -- Up-to-date: /root/crs_ws_fanuc/install/trajopt/share/trajopt/test/data/pr2/meshes/gripper_v0/convex/l_finger_tip.xml
[1.186s] -- Up-to-date: /root/crs_ws_fanuc/install/trajopt/share/trajopt/test/data/pr2/meshes/gripper_v0/convex/finger_tip_pad2_r.obj
[1.188s] -- Up-to-date: /root/crs_ws_fanuc/install/trajopt/share/trajopt/test/data/pr2/meshes/gripper_v0/convex/finger_tip_pad2_l.xml
[1.190s] -- Up-to-date: /root/crs_ws_fanuc/install/trajopt/share/trajopt/test/data/pr2/meshes/gripper_v0/convex/finger_tip_r.xml
[1.191s] -- Up-to-date: /root/crs_ws_fanuc/install/trajopt/share/trajopt/test/data/pr2/meshes/gripper_v0/convex/finger_tip_r.dae
[1.191s] -- Up-to-date: /root/crs_ws_fanuc/install/trajopt/share/trajopt/test/data/pr2/meshes/gripper_v0/convex/upper_finger_r_convex.stla
[1.191s] -- Up-to-date: /root/crs_ws_fanuc/install/trajopt/share/trajopt/test/data/pr2/meshes/gripper_v0/convex/l_floating_convex.obj
[1.191s] -- Up-to-date: /root/crs_ws_fanuc/install/trajopt/share/trajopt/test/data/pr2/meshes/gripper_v0/convex/upper_finger_r_convex.iv
[1.192s] -- Up-to-date: /root/crs_ws_fanuc/install/trajopt/share/trajopt/test/data/pr2/meshes/gripper_v0/convex/l_finger_tip_convex.obj
[1.192s] -- Up-to-date: /root/crs_ws_fanuc/install/trajopt/share/trajopt/test/data/pr2/meshes/gripper_v0/convex/l_floating_convex.iv
[1.192s] -- Up-to-date: /root/crs_ws_fanuc/install/trajopt/share/trajopt/test/data/pr2/meshes/gripper_v0/convex/l_floating.dae
[1.195s] -- Up-to-date: /root/crs_ws_fanuc/install/trajopt/share/trajopt/test/data/pr2/meshes/gripper_v0/convex/finger_tip_l.dae
[1.196s] -- Up-to-date: /root/crs_ws_fanuc/install/trajopt/share/trajopt/test/data/pr2/meshes/gripper_v0/convex/finger_tip_l.xml
[1.196s] -- Up-to-date: /root/crs_ws_fanuc/install/trajopt/share/trajopt/test/data/pr2/meshes/gripper_v0/convex/l_finger_convex.stla
[1.196s] -- Up-to-date: /root/crs_ws_fanuc/install/trajopt/share/trajopt/test/data/pr2/meshes/gripper_v0/convex/finger_tip_pad2_r_convex.stla
[1.197s] -- Up-to-date: /root/crs_ws_fanuc/install/trajopt/share/trajopt/test/data/pr2/meshes/gripper_v0/convex/finger_tip_pad2_r_convex.iv
[1.202s] -- Up-to-date: /root/crs_ws_fanuc/install/trajopt/share/trajopt/test/data/pr2/meshes/gripper_v0/convex/finger_tip_r_convex.stlb
[1.203s] -- Up-to-date: /root/crs_ws_fanuc/install/trajopt/share/trajopt/test/data/pr2/meshes/gripper_v0/convex/finger_tip_l_convex.stla
[1.203s] -- Up-to-date: /root/crs_ws_fanuc/install/trajopt/share/trajopt/test/data/pr2/meshes/gripper_v0/convex/finger_tip_r_convex.iv
[1.204s] -- Up-to-date: /root/crs_ws_fanuc/install/trajopt/share/trajopt/test/data/pr2/meshes/gripper_v0/convex/l_finger_convex.iv
[1.204s] -- Up-to-date: /root/crs_ws_fanuc/install/trajopt/share/trajopt/test/data/pr2/meshes/gripper_v0/convex/upper_finger_r.obj
[1.205s] -- Up-to-date: /root/crs_ws_fanuc/install/trajopt/share/trajopt/test/data/pr2/meshes/gripper_v0/convex/l_finger.dae
[1.205s] -- Up-to-date: /root/crs_ws_fanuc/install/trajopt/share/trajopt/test/data/pr2/meshes/gripper_v0/convex/finger_tip_pad2_l_convex.iv
[1.205s] -- Up-to-date: /root/crs_ws_fanuc/install/trajopt/share/trajopt/test/data/pr2/meshes/gripper_v0/convex/l_finger.obj
[1.205s] -- Up-to-date: /root/crs_ws_fanuc/install/trajopt/share/trajopt/test/data/pr2/meshes/gripper_v0/convex/finger_tip_pad2_r_convex.stlb
[1.209s] -- Up-to-date: /root/crs_ws_fanuc/install/trajopt/share/trajopt/test/data/pr2/meshes/gripper_v0/convex/l_finger_convex.obj
[1.215s] -- Up-to-date: /root/crs_ws_fanuc/install/trajopt/share/trajopt/test/data/pr2/meshes/gripper_v0/convex/finger_tip_pad2_l_convex.obj
[1.216s] -- Up-to-date: /root/crs_ws_fanuc/install/trajopt/share/trajopt/test/data/pr2/meshes/gripper_v0/convex/upper_finger_l.obj
[1.216s] -- Up-to-date: /root/crs_ws_fanuc/install/trajopt/share/trajopt/test/data/pr2/meshes/gripper_v0/convex/finger_tip_pad2_r.xml
[1.217s] -- Up-to-date: /root/crs_ws_fanuc/install/trajopt/share/trajopt/test/data/pr2/meshes/gripper_v0/convex/upper_finger_l_convex.stla
[1.217s] -- Up-to-date: /root/crs_ws_fanuc/install/trajopt/share/trajopt/test/data/pr2/meshes/gripper_v0/convex/finger_tip_r_convex.stla
[1.218s] -- Up-to-date: /root/crs_ws_fanuc/install/trajopt/share/trajopt/test/data/pr2/meshes/gripper_v0/convex/finger_tip_l.obj
[1.219s] -- Up-to-date: /root/crs_ws_fanuc/install/trajopt/share/trajopt/test/data/pr2/meshes/gripper_v0/convex/l_finger_convex.stlb
[1.222s] -- Up-to-date: /root/crs_ws_fanuc/install/trajopt/share/trajopt/test/data/pr2/meshes/gripper_v0/convex/finger_tip_pad2_r.dae
[1.222s] -- Up-to-date: /root/crs_ws_fanuc/install/trajopt/share/trajopt/test/data/pr2/meshes/gripper_v0/convex/upper_finger_r.xml
[1.223s] -- Up-to-date: /root/crs_ws_fanuc/install/trajopt/share/trajopt/test/data/pr2/meshes/gripper_v0/convex/l_finger_tip_convex.iv
[1.223s] -- Up-to-date: /root/crs_ws_fanuc/install/trajopt/share/trajopt/test/data/pr2/meshes/gripper_v0/convex/l_floating_convex.stla
[1.223s] -- Up-to-date: /root/crs_ws_fanuc/install/trajopt/share/trajopt/test/data/pr2/meshes/gripper_v0/convex/gripper_palm_convex.stla
[1.223s] -- Up-to-date: /root/crs_ws_fanuc/install/trajopt/share/trajopt/test/data/pr2/meshes/gripper_v0/convex/gripper_palm_convex.obj
[1.223s] -- Up-to-date: /root/crs_ws_fanuc/install/trajopt/share/trajopt/test/data/pr2/meshes/gripper_v0/convex/gripper_palm.obj
[1.224s] -- Up-to-date: /root/crs_ws_fanuc/install/trajopt/share/trajopt/test/data/pr2/meshes/gripper_v0/convex/gripper_palm.xml
[1.224s] -- Up-to-date: /root/crs_ws_fanuc/install/trajopt/share/trajopt/test/data/pr2/meshes/gripper_v0/convex/upper_finger_r.dae
[1.224s] -- Up-to-date: /root/crs_ws_fanuc/install/trajopt/share/trajopt/test/data/pr2/meshes/gripper_v0/convex/l_finger_tip_convex.stla
[1.224s] -- Up-to-date: /root/crs_ws_fanuc/install/trajopt/share/trajopt/test/data/pr2/meshes/gripper_v0/convex/upper_finger_r_convex.stlb
[1.224s] -- Up-to-date: /root/crs_ws_fanuc/install/trajopt/share/trajopt/test/data/pr2/meshes/gripper_v0/convex/finger_tip_pad2_l.obj
[1.224s] -- Up-to-date: /root/crs_ws_fanuc/install/trajopt/share/trajopt/test/data/pr2/meshes/gripper_v0/convex/upper_finger_l.dae
[1.225s] -- Up-to-date: /root/crs_ws_fanuc/install/trajopt/share/trajopt/test/data/pr2/meshes/gripper_v0/convex/l_floating_convex.stlb
[1.225s] -- Up-to-date: /root/crs_ws_fanuc/install/trajopt/share/trajopt/test/data/pr2/meshes/gripper_v0/convex/l_finger_tip.obj
[1.225s] -- Up-to-date: /root/crs_ws_fanuc/install/trajopt/share/trajopt/test/data/pr2/meshes/gripper_v0/convex/finger_tip_r_convex.obj
[1.225s] -- Up-to-date: /root/crs_ws_fanuc/install/trajopt/share/trajopt/test/data/pr2/meshes/gripper_v0/convex/finger_tip_pad2_l.dae
[1.229s] -- Up-to-date: /root/crs_ws_fanuc/install/trajopt/share/trajopt/test/data/pr2/meshes/gripper_v0/convex/upper_finger_l_convex.stlb
[1.230s] -- Up-to-date: /root/crs_ws_fanuc/install/trajopt/share/trajopt/test/data/pr2/meshes/gripper_v0/convex/upper_finger_l_convex.obj
[1.230s] -- Up-to-date: /root/crs_ws_fanuc/install/trajopt/share/trajopt/test/data/pr2/meshes/gripper_v0/convex/l_finger_tip_convex.stlb
[1.230s] -- Up-to-date: /root/crs_ws_fanuc/install/trajopt/share/trajopt/test/data/pr2/meshes/gripper_v0/convex/upper_finger_l.xml
[1.230s] -- Up-to-date: /root/crs_ws_fanuc/install/trajopt/share/trajopt/test/data/pr2/meshes/gripper_v0/convex/upper_finger_l_convex.iv
[1.231s] -- Up-to-date: /root/crs_ws_fanuc/install/trajopt/share/trajopt/test/data/pr2/meshes/gripper_v0/convex/finger_tip_pad2_r_convex.obj
[1.231s] -- Up-to-date: /root/crs_ws_fanuc/install/trajopt/share/trajopt/test/data/pr2/meshes/gripper_v0/convex/l_floating.xml
[1.231s] -- Up-to-date: /root/crs_ws_fanuc/install/trajopt/share/trajopt/test/data/pr2/meshes/gripper_v0/convex/finger_tip_l_convex.obj
[1.232s] -- Up-to-date: /root/crs_ws_fanuc/install/trajopt/share/trajopt/test/data/pr2/meshes/gripper_v0/convex/l_finger.xml
[1.232s] -- Up-to-date: /root/crs_ws_fanuc/install/trajopt/share/trajopt/test/data/pr2/meshes/gripper_v0/l_finger_tip_color.tif
[1.232s] -- Up-to-date: /root/crs_ws_fanuc/install/trajopt/share/trajopt/test/data/pr2/meshes/gripper_v0/finger_tip_pad2_r.stl
[1.232s] -- Up-to-date: /root/crs_ws_fanuc/install/trajopt/share/trajopt/test/data/pr2/meshes/gripper_v0/palm_H_Color_100430.tif
[1.232s] -- Up-to-date: /root/crs_ws_fanuc/install/trajopt/share/trajopt/test/data/pr2/meshes/gripper_v0/gripper_palm_normals.tif
[1.232s] -- Up-to-date: /root/crs_ws_fanuc/install/trajopt/share/trajopt/test/data/pr2/meshes/gripper_v0/float_H_Color_100430.tif
[1.232s] -- Up-to-date: /root/crs_ws_fanuc/install/trajopt/share/trajopt/test/data/pr2/meshes/gripper_v0/gripper_palm.stl
[1.233s] -- Up-to-date: /root/crs_ws_fanuc/install/trajopt/share/trajopt/test/data/pr2/meshes/gripper_v0/finger_tip_r.stl
[1.233s] -- Up-to-date: /root/crs_ws_fanuc/install/trajopt/share/trajopt/test/data/pr2/meshes/head_v0
[1.233s] -- Up-to-date: /root/crs_ws_fanuc/install/trajopt/share/trajopt/test/data/pr2/meshes/head_v0/head_tilt_normals.tif
[1.233s] -- Up-to-date: /root/crs_ws_fanuc/install/trajopt/share/trajopt/test/data/pr2/meshes/head_v0/head_tilt_color_red.tif
[1.233s] -- Up-to-date: /root/crs_ws_fanuc/install/trajopt/share/trajopt/test/data/pr2/meshes/head_v0/head_tilt_L.stl
[1.233s] -- Up-to-date: /root/crs_ws_fanuc/install/trajopt/share/trajopt/test/data/pr2/meshes/head_v0/head_pan_L.stl
[1.234s] -- Up-to-date: /root/crs_ws_fanuc/install/trajopt/share/trajopt/test/data/pr2/meshes/head_v0/iv
[1.234s] -- Up-to-date: /root/crs_ws_fanuc/install/trajopt/share/trajopt/test/data/pr2/meshes/head_v0/iv/head_pan_L.iv
[1.234s] -- Up-to-date: /root/crs_ws_fanuc/install/trajopt/share/trajopt/test/data/pr2/meshes/head_v0/iv/head_tilt_L.iv
[1.234s] -- Up-to-date: /root/crs_ws_fanuc/install/trajopt/share/trajopt/test/data/pr2/meshes/head_v0/iv/head_pan.iv
[1.234s] -- Up-to-date: /root/crs_ws_fanuc/install/trajopt/share/trajopt/test/data/pr2/meshes/head_v0/iv/head_tilt.iv
[1.234s] -- Up-to-date: /root/crs_ws_fanuc/install/trajopt/share/trajopt/test/data/pr2/meshes/head_v0/head_pan.dae
[1.235s] -- Up-to-date: /root/crs_ws_fanuc/install/trajopt/share/trajopt/test/data/pr2/meshes/head_v0/head_tilt_green.tif
[1.235s] -- Up-to-date: /root/crs_ws_fanuc/install/trajopt/share/trajopt/test/data/pr2/meshes/head_v0/head_pan_color.tif
[1.235s] -- Up-to-date: /root/crs_ws_fanuc/install/trajopt/share/trajopt/test/data/pr2/meshes/head_v0/head_tilt.stl
[1.235s] -- Up-to-date: /root/crs_ws_fanuc/install/trajopt/share/trajopt/test/data/pr2/meshes/head_v0/head_tilt.dae
[1.235s] -- Up-to-date: /root/crs_ws_fanuc/install/trajopt/share/trajopt/test/data/pr2/meshes/head_v0/head_tilt_color.tif
[1.235s] -- Up-to-date: /root/crs_ws_fanuc/install/trajopt/share/trajopt/test/data/pr2/meshes/head_v0/head_pan_normals.tif
[1.236s] -- Up-to-date: /root/crs_ws_fanuc/install/trajopt/share/trajopt/test/data/pr2/meshes/head_v0/convex
[1.236s] -- Up-to-date: /root/crs_ws_fanuc/install/trajopt/share/trajopt/test/data/pr2/meshes/head_v0/convex/head_tilt_L_convex.stlb
[1.236s] -- Up-to-date: /root/crs_ws_fanuc/install/trajopt/share/trajopt/test/data/pr2/meshes/head_v0/convex/head_pan_convex.stla
[1.236s] -- Up-to-date: /root/crs_ws_fanuc/install/trajopt/share/trajopt/test/data/pr2/meshes/head_v0/convex/head_tilt_convex.stla
[1.236s] -- Up-to-date: /root/crs_ws_fanuc/install/trajopt/share/trajopt/test/data/pr2/meshes/head_v0/convex/head_pan_convex.iv
[1.236s] -- Up-to-date: /root/crs_ws_fanuc/install/trajopt/share/trajopt/test/data/pr2/meshes/head_v0/convex/head_pan_L.xml
[1.236s] -- Up-to-date: /root/crs_ws_fanuc/install/trajopt/share/trajopt/test/data/pr2/meshes/head_v0/convex/head_tilt_L.dae
[1.237s] -- Up-to-date: /root/crs_ws_fanuc/install/trajopt/share/trajopt/test/data/pr2/meshes/head_v0/convex/head_pan_L_convex.stlb
[1.237s] -- Up-to-date: /root/crs_ws_fanuc/install/trajopt/share/trajopt/test/data/pr2/meshes/head_v0/convex/head_tilt.obj
[1.237s] -- Up-to-date: /root/crs_ws_fanuc/install/trajopt/share/trajopt/test/data/pr2/meshes/head_v0/convex/head_pan.dae
[1.237s] -- Up-to-date: /root/crs_ws_fanuc/install/trajopt/share/trajopt/test/data/pr2/meshes/head_v0/convex/head_tilt_convex.stlb
[1.237s] -- Up-to-date: /root/crs_ws_fanuc/install/trajopt/share/trajopt/test/data/pr2/meshes/head_v0/convex/head_pan_L.dae
[1.237s] -- Up-to-date: /root/crs_ws_fanuc/install/trajopt/share/trajopt/test/data/pr2/meshes/head_v0/convex/head_pan.obj
[1.238s] -- Up-to-date: /root/crs_ws_fanuc/install/trajopt/share/trajopt/test/data/pr2/meshes/head_v0/convex/head_pan_convex.stlb
[1.238s] -- Up-to-date: /root/crs_ws_fanuc/install/trajopt/share/trajopt/test/data/pr2/meshes/head_v0/convex/head_tilt_convex.obj
[1.238s] -- Up-to-date: /root/crs_ws_fanuc/install/trajopt/share/trajopt/test/data/pr2/meshes/head_v0/convex/head_tilt.dae
[1.238s] -- Up-to-date: /root/crs_ws_fanuc/install/trajopt/share/trajopt/test/data/pr2/meshes/head_v0/convex/head_tilt_convex.iv
[1.238s] -- Up-to-date: /root/crs_ws_fanuc/install/trajopt/share/trajopt/test/data/pr2/meshes/head_v0/convex/head_pan.xml
[1.238s] -- Up-to-date: /root/crs_ws_fanuc/install/trajopt/share/trajopt/test/data/pr2/meshes/head_v0/convex/head_pan_L_convex.obj
[1.239s] -- Up-to-date: /root/crs_ws_fanuc/install/trajopt/share/trajopt/test/data/pr2/meshes/head_v0/convex/head_pan_L_convex.iv
[1.239s] -- Up-to-date: /root/crs_ws_fanuc/install/trajopt/share/trajopt/test/data/pr2/meshes/head_v0/convex/head_pan_L_convex.stla
[1.239s] -- Up-to-date: /root/crs_ws_fanuc/install/trajopt/share/trajopt/test/data/pr2/meshes/head_v0/convex/head_pan_L.obj
[1.239s] -- Up-to-date: /root/crs_ws_fanuc/install/trajopt/share/trajopt/test/data/pr2/meshes/head_v0/convex/head_tilt.xml
[1.239s] -- Up-to-date: /root/crs_ws_fanuc/install/trajopt/share/trajopt/test/data/pr2/meshes/head_v0/convex/head_tilt_L.obj
[1.239s] -- Up-to-date: /root/crs_ws_fanuc/install/trajopt/share/trajopt/test/data/pr2/meshes/head_v0/convex/head_tilt_L.xml
[1.239s] -- Up-to-date: /root/crs_ws_fanuc/install/trajopt/share/trajopt/test/data/pr2/meshes/head_v0/convex/head_tilt_L_convex.obj
[1.240s] -- Up-to-date: /root/crs_ws_fanuc/install/trajopt/share/trajopt/test/data/pr2/meshes/head_v0/convex/head_pan_convex.obj
[1.240s] -- Up-to-date: /root/crs_ws_fanuc/install/trajopt/share/trajopt/test/data/pr2/meshes/head_v0/convex/head_tilt_L_convex.stla
[1.240s] -- Up-to-date: /root/crs_ws_fanuc/install/trajopt/share/trajopt/test/data/pr2/meshes/head_v0/convex/head_tilt_L_convex.iv
[1.240s] -- Up-to-date: /root/crs_ws_fanuc/install/trajopt/share/trajopt/test/data/pr2/meshes/head_v0/head_pan.stl
[1.240s] -- Up-to-date: /root/crs_ws_fanuc/install/trajopt/share/trajopt/test/data/pr2/meshes/head_v0/head_tilt_color_yellow.tif
[1.240s] -- Up-to-date: /root/crs_ws_fanuc/install/trajopt/share/trajopt/test/data/pr2/meshes/base_v0
[1.241s] -- Up-to-date: /root/crs_ws_fanuc/install/trajopt/share/trajopt/test/data/pr2/meshes/base_v0/wheel_color.tif
[1.241s] -- Up-to-date: /root/crs_ws_fanuc/install/trajopt/share/trajopt/test/data/pr2/meshes/base_v0/base.dae
[1.241s] -- Up-to-date: /root/crs_ws_fanuc/install/trajopt/share/trajopt/test/data/pr2/meshes/base_v0/pr2_wheel.stl
[1.241s] -- Up-to-date: /root/crs_ws_fanuc/install/trajopt/share/trajopt/test/data/pr2/meshes/base_v0/base_color.tif
[1.241s] -- Up-to-date: /root/crs_ws_fanuc/install/trajopt/share/trajopt/test/data/pr2/meshes/base_v0/wheel_h_color.tif
[1.241s] -- Up-to-date: /root/crs_ws_fanuc/install/trajopt/share/trajopt/test/data/pr2/meshes/base_v0/iv
[1.242s] -- Up-to-date: /root/crs_ws_fanuc/install/trajopt/share/trajopt/test/data/pr2/meshes/base_v0/iv/base_L.iv
[1.242s] -- Up-to-date: /root/crs_ws_fanuc/install/trajopt/share/trajopt/test/data/pr2/meshes/base_v0/iv/base.iv
[1.242s] -- Up-to-date: /root/crs_ws_fanuc/install/trajopt/share/trajopt/test/data/pr2/meshes/base_v0/iv/pr2_wheel.iv
[1.242s] -- Up-to-date: /root/crs_ws_fanuc/install/trajopt/share/trajopt/test/data/pr2/meshes/base_v0/iv/caster_L.iv
[1.242s] -- Up-to-date: /root/crs_ws_fanuc/install/trajopt/share/trajopt/test/data/pr2/meshes/base_v0/iv/wheel.iv
[1.242s] -- Up-to-date: /root/crs_ws_fanuc/install/trajopt/share/trajopt/test/data/pr2/meshes/base_v0/iv/caster.iv
[1.243s] -- Up-to-date: /root/crs_ws_fanuc/install/trajopt/share/trajopt/test/data/pr2/meshes/base_v0/caster_L.stl
[1.243s] -- Up-to-date: /root/crs_ws_fanuc/install/trajopt/share/trajopt/test/data/pr2/meshes/base_v0/wheel_normals.tif
[1.243s] -- Up-to-date: /root/crs_ws_fanuc/install/trajopt/share/trajopt/test/data/pr2/meshes/base_v0/wheel.dae
[1.244s] -- Up-to-date: /root/crs_ws_fanuc/install/trajopt/share/trajopt/test/data/pr2/meshes/base_v0/wheel_h.dae
[1.244s] -- Up-to-date: /root/crs_ws_fanuc/install/trajopt/share/trajopt/test/data/pr2/meshes/base_v0/base_L.stl
[1.244s] -- Up-to-date: /root/crs_ws_fanuc/install/trajopt/share/trajopt/test/data/pr2/meshes/base_v0/convex
[1.245s] -- Up-to-date: /root/crs_ws_fanuc/install/trajopt/share/trajopt/test/data/pr2/meshes/base_v0/convex/caster_convex.stla
[1.245s] -- Up-to-date: /root/crs_ws_fanuc/install/trajopt/share/trajopt/test/data/pr2/meshes/base_v0/convex/caster.dae
[1.245s] -- Up-to-date: /root/crs_ws_fanuc/install/trajopt/share/trajopt/test/data/pr2/meshes/base_v0/convex/base_L.dae
[1.245s] -- Up-to-date: /root/crs_ws_fanuc/install/trajopt/share/trajopt/test/data/pr2/meshes/base_v0/convex/pr2_wheel_convex.stlb
[1.245s] -- Up-to-date: /root/crs_ws_fanuc/install/trajopt/share/trajopt/test/data/pr2/meshes/base_v0/convex/base_L.obj
[1.245s] -- Up-to-date: /root/crs_ws_fanuc/install/trajopt/share/trajopt/test/data/pr2/meshes/base_v0/convex/base_convex.stla
[1.246s] -- Up-to-date: /root/crs_ws_fanuc/install/trajopt/share/trajopt/test/data/pr2/meshes/base_v0/convex/base_convex.obj
[1.246s] -- Up-to-date: /root/crs_ws_fanuc/install/trajopt/share/trajopt/test/data/pr2/meshes/base_v0/convex/caster_convex.obj
[1.246s] -- Up-to-date: /root/crs_ws_fanuc/install/trajopt/share/trajopt/test/data/pr2/meshes/base_v0/convex/caster_L.dae
[1.246s] -- Up-to-date: /root/crs_ws_fanuc/install/trajopt/share/trajopt/test/data/pr2/meshes/base_v0/convex/caster.xml
[1.246s] -- Up-to-date: /root/crs_ws_fanuc/install/trajopt/share/trajopt/test/data/pr2/meshes/base_v0/convex/base.dae
[1.247s] -- Up-to-date: /root/crs_ws_fanuc/install/trajopt/share/trajopt/test/data/pr2/meshes/base_v0/convex/wheel_convex.iv
[1.247s] -- Up-to-date: /root/crs_ws_fanuc/install/trajopt/share/trajopt/test/data/pr2/meshes/base_v0/convex/pr2_wheel.obj
[1.248s] -- Up-to-date: /root/crs_ws_fanuc/install/trajopt/share/trajopt/test/data/pr2/meshes/base_v0/convex/wheel.xml
[1.248s] -- Up-to-date: /root/crs_ws_fanuc/install/trajopt/share/trajopt/test/data/pr2/meshes/base_v0/convex/pr2_wheel.xml
[1.248s] -- Up-to-date: /root/crs_ws_fanuc/install/trajopt/share/trajopt/test/data/pr2/meshes/base_v0/convex/caster.obj
[1.248s] -- Up-to-date: /root/crs_ws_fanuc/install/trajopt/share/trajopt/test/data/pr2/meshes/base_v0/convex/base_L_convex.iv
[1.248s] -- Up-to-date: /root/crs_ws_fanuc/install/trajopt/share/trajopt/test/data/pr2/meshes/base_v0/convex/caster_L_convex.stlb
[1.249s] -- Up-to-date: /root/crs_ws_fanuc/install/trajopt/share/trajopt/test/data/pr2/meshes/base_v0/convex/caster_L_convex.stla
[1.250s] -- Up-to-date: /root/crs_ws_fanuc/install/trajopt/share/trajopt/test/data/pr2/meshes/base_v0/convex/caster_L.obj
[1.250s] -- Up-to-date: /root/crs_ws_fanuc/install/trajopt/share/trajopt/test/data/pr2/meshes/base_v0/convex/base_L_convex.stla
[1.250s] -- Up-to-date: /root/crs_ws_fanuc/install/trajopt/share/trajopt/test/data/pr2/meshes/base_v0/convex/base_L.xml
[1.250s] -- Up-to-date: /root/crs_ws_fanuc/install/trajopt/share/trajopt/test/data/pr2/meshes/base_v0/convex/base.xml
[1.251s] -- Up-to-date: /root/crs_ws_fanuc/install/trajopt/share/trajopt/test/data/pr2/meshes/base_v0/convex/wheel_convex.stlb
[1.251s] -- Up-to-date: /root/crs_ws_fanuc/install/trajopt/share/trajopt/test/data/pr2/meshes/base_v0/convex/caster_convex.iv
[1.251s] -- Up-to-date: /root/crs_ws_fanuc/install/trajopt/share/trajopt/test/data/pr2/meshes/base_v0/convex/wheel.dae
[1.251s] -- Up-to-date: /root/crs_ws_fanuc/install/trajopt/share/trajopt/test/data/pr2/meshes/base_v0/convex/caster_L.xml
[1.252s] -- Up-to-date: /root/crs_ws_fanuc/install/trajopt/share/trajopt/test/data/pr2/meshes/base_v0/convex/pr2_wheel_convex.stla
[1.252s] -- Up-to-date: /root/crs_ws_fanuc/install/trajopt/share/trajopt/test/data/pr2/meshes/base_v0/convex/caster_L_convex.obj
[1.252s] -- Up-to-date: /root/crs_ws_fanuc/install/trajopt/share/trajopt/test/data/pr2/meshes/base_v0/convex/base_L_convex.stlb
[1.252s] -- Up-to-date: /root/crs_ws_fanuc/install/trajopt/share/trajopt/test/data/pr2/meshes/base_v0/convex/base_convex.stlb
[1.252s] -- Up-to-date: /root/crs_ws_fanuc/install/trajopt/share/trajopt/test/data/pr2/meshes/base_v0/convex/caster_L_convex.iv
[1.252s] -- Up-to-date: /root/crs_ws_fanuc/install/trajopt/share/trajopt/test/data/pr2/meshes/base_v0/convex/wheel_convex.obj
[1.253s] -- Up-to-date: /root/crs_ws_fanuc/install/trajopt/share/trajopt/test/data/pr2/meshes/base_v0/convex/base.obj
[1.253s] -- Up-to-date: /root/crs_ws_fanuc/install/trajopt/share/trajopt/test/data/pr2/meshes/base_v0/convex/base_L_convex.obj
[1.253s] -- Up-to-date: /root/crs_ws_fanuc/install/trajopt/share/trajopt/test/data/pr2/meshes/base_v0/convex/base_convex.iv
[1.253s] -- Up-to-date: /root/crs_ws_fanuc/install/trajopt/share/trajopt/test/data/pr2/meshes/base_v0/convex/wheel_convex.stla
[1.253s] -- Up-to-date: /root/crs_ws_fanuc/install/trajopt/share/trajopt/test/data/pr2/meshes/base_v0/convex/wheel.obj
[1.253s] -- Up-to-date: /root/crs_ws_fanuc/install/trajopt/share/trajopt/test/data/pr2/meshes/base_v0/convex/caster_convex.stlb
[1.253s] -- Up-to-date: /root/crs_ws_fanuc/install/trajopt/share/trajopt/test/data/pr2/meshes/base_v0/convex/pr2_wheel_convex.obj
[1.254s] -- Up-to-date: /root/crs_ws_fanuc/install/trajopt/share/trajopt/test/data/pr2/meshes/base_v0/convex/pr2_wheel_convex.iv
[1.254s] -- Up-to-date: /root/crs_ws_fanuc/install/trajopt/share/trajopt/test/data/pr2/meshes/base_v0/convex/pr2_wheel.dae
[1.254s] -- Up-to-date: /root/crs_ws_fanuc/install/trajopt/share/trajopt/test/data/pr2/meshes/base_v0/base.stl
[1.254s] -- Up-to-date: /root/crs_ws_fanuc/install/trajopt/share/trajopt/test/data/pr2/meshes/base_v0/base_normals.tif
[1.254s] -- Up-to-date: /root/crs_ws_fanuc/install/trajopt/share/trajopt/test/data/pr2/meshes/base_v0/wheel.stl
[1.255s] -- Up-to-date: /root/crs_ws_fanuc/install/trajopt/share/trajopt/test/data/pr2/meshes/base_v0/caster.stl
[1.255s] -- Up-to-date: /root/crs_ws_fanuc/install/trajopt/share/trajopt/test/data/pr2/meshes/upper_arm_v0
[1.255s] -- Up-to-date: /root/crs_ws_fanuc/install/trajopt/share/trajopt/test/data/pr2/meshes/upper_arm_v0/forearm_roll.stl
[1.255s] -- Up-to-date: /root/crs_ws_fanuc/install/trajopt/share/trajopt/test/data/pr2/meshes/upper_arm_v0/elbow_flex_normals.tif
[1.255s] -- Up-to-date: /root/crs_ws_fanuc/install/trajopt/share/trajopt/test/data/pr2/meshes/upper_arm_v0/iv
[1.255s] -- Up-to-date: /root/crs_ws_fanuc/install/trajopt/share/trajopt/test/data/pr2/meshes/upper_arm_v0/iv/forearm_roll_L.iv
[1.256s] -- Up-to-date: /root/crs_ws_fanuc/install/trajopt/share/trajopt/test/data/pr2/meshes/upper_arm_v0/iv/elbow_flex.iv
[1.256s] -- Up-to-date: /root/crs_ws_fanuc/install/trajopt/share/trajopt/test/data/pr2/meshes/upper_arm_v0/iv/forearm_roll.iv
[1.256s] -- Up-to-date: /root/crs_ws_fanuc/install/trajopt/share/trajopt/test/data/pr2/meshes/upper_arm_v0/iv/upper_arm.iv
[1.256s] -- Up-to-date: /root/crs_ws_fanuc/install/trajopt/share/trajopt/test/data/pr2/meshes/upper_arm_v0/upper_arm.jpg
[1.256s] -- Up-to-date: /root/crs_ws_fanuc/install/trajopt/share/trajopt/test/data/pr2/meshes/upper_arm_v0/elbow_flex.stl
[1.256s] -- Up-to-date: /root/crs_ws_fanuc/install/trajopt/share/trajopt/test/data/pr2/meshes/upper_arm_v0/upper_arm.stl
[1.257s] -- Up-to-date: /root/crs_ws_fanuc/install/trajopt/share/trajopt/test/data/pr2/meshes/upper_arm_v0/upper_arm.dae
[1.257s] -- Up-to-date: /root/crs_ws_fanuc/install/trajopt/share/trajopt/test/data/pr2/meshes/upper_arm_v0/upper_arm_color.tif
[1.257s] -- Up-to-date: /root/crs_ws_fanuc/install/trajopt/share/trajopt/test/data/pr2/meshes/upper_arm_v0/elbow_flex_color.tif
[1.257s] -- Up-to-date: /root/crs_ws_fanuc/install/trajopt/share/trajopt/test/data/pr2/meshes/upper_arm_v0/upper_arm_normals.tif
[1.257s] -- Up-to-date: /root/crs_ws_fanuc/install/trajopt/share/trajopt/test/data/pr2/meshes/upper_arm_v0/elbow_flex.dae
[1.258s] -- Up-to-date: /root/crs_ws_fanuc/install/trajopt/share/trajopt/test/data/pr2/meshes/upper_arm_v0/convex
[1.258s] -- Up-to-date: /root/crs_ws_fanuc/install/trajopt/share/trajopt/test/data/pr2/meshes/upper_arm_v0/convex/forearm_roll_L.obj
[1.258s] -- Up-to-date: /root/crs_ws_fanuc/install/trajopt/share/trajopt/test/data/pr2/meshes/upper_arm_v0/convex/upper_arm_convex.stla
[1.258s] -- Up-to-date: /root/crs_ws_fanuc/install/trajopt/share/trajopt/test/data/pr2/meshes/upper_arm_v0/convex/forearm_roll_L.dae
[1.258s] -- Up-to-date: /root/crs_ws_fanuc/install/trajopt/share/trajopt/test/data/pr2/meshes/upper_arm_v0/convex/forearm_roll.dae
[1.258s] -- Up-to-date: /root/crs_ws_fanuc/install/trajopt/share/trajopt/test/data/pr2/meshes/upper_arm_v0/convex/elbow_flex_convex.stlb
[1.259s] -- Up-to-date: /root/crs_ws_fanuc/install/trajopt/share/trajopt/test/data/pr2/meshes/upper_arm_v0/convex/upper_arm_convex.iv
[1.259s] -- Up-to-date: /root/crs_ws_fanuc/install/trajopt/share/trajopt/test/data/pr2/meshes/upper_arm_v0/convex/forearm_roll_L_convex.iv
[1.259s] -- Up-to-date: /root/crs_ws_fanuc/install/trajopt/share/trajopt/test/data/pr2/meshes/upper_arm_v0/convex/elbow_flex.obj
[1.259s] -- Up-to-date: /root/crs_ws_fanuc/install/trajopt/share/trajopt/test/data/pr2/meshes/upper_arm_v0/convex/upper_arm.obj
[1.259s] -- Up-to-date: /root/crs_ws_fanuc/install/trajopt/share/trajopt/test/data/pr2/meshes/upper_arm_v0/convex/upper_arm_convex.obj
[1.260s] -- Up-to-date: /root/crs_ws_fanuc/install/trajopt/share/trajopt/test/data/pr2/meshes/upper_arm_v0/convex/forearm_roll_convex.stlb
[1.260s] -- Up-to-date: /root/crs_ws_fanuc/install/trajopt/share/trajopt/test/data/pr2/meshes/upper_arm_v0/convex/elbow_flex_convex.iv
[1.260s] -- Up-to-date: /root/crs_ws_fanuc/install/trajopt/share/trajopt/test/data/pr2/meshes/upper_arm_v0/convex/forearm_roll_L.xml
[1.260s] -- Up-to-date: /root/crs_ws_fanuc/install/trajopt/share/trajopt/test/data/pr2/meshes/upper_arm_v0/convex/upper_arm_convex.stlb
[1.260s] -- Up-to-date: /root/crs_ws_fanuc/install/trajopt/share/trajopt/test/data/pr2/meshes/upper_arm_v0/convex/forearm_roll.obj
[1.260s] -- Up-to-date: /root/crs_ws_fanuc/install/trajopt/share/trajopt/test/data/pr2/meshes/upper_arm_v0/convex/upper_arm.dae
[1.261s] -- Up-to-date: /root/crs_ws_fanuc/install/trajopt/share/trajopt/test/data/pr2/meshes/upper_arm_v0/convex/upper_arm.xml
[1.261s] -- Up-to-date: /root/crs_ws_fanuc/install/trajopt/share/trajopt/test/data/pr2/meshes/upper_arm_v0/convex/forearm_roll.xml
[1.261s] -- Up-to-date: /root/crs_ws_fanuc/install/trajopt/share/trajopt/test/data/pr2/meshes/upper_arm_v0/convex/elbow_flex.dae
[1.261s] -- Up-to-date: /root/crs_ws_fanuc/install/trajopt/share/trajopt/test/data/pr2/meshes/upper_arm_v0/convex/elbow_flex_convex.obj
[1.262s] -- Up-to-date: /root/crs_ws_fanuc/install/trajopt/share/trajopt/test/data/pr2/meshes/upper_arm_v0/convex/elbow_flex_convex.stla
[1.262s] -- Up-to-date: /root/crs_ws_fanuc/install/trajopt/share/trajopt/test/data/pr2/meshes/upper_arm_v0/convex/forearm_roll_convex.iv
[1.262s] -- Up-to-date: /root/crs_ws_fanuc/install/trajopt/share/trajopt/test/data/pr2/meshes/upper_arm_v0/convex/elbow_flex.xml
[1.262s] -- Up-to-date: /root/crs_ws_fanuc/install/trajopt/share/trajopt/test/data/pr2/meshes/upper_arm_v0/convex/forearm_roll_L_convex.stla
[1.262s] -- Up-to-date: /root/crs_ws_fanuc/install/trajopt/share/trajopt/test/data/pr2/meshes/upper_arm_v0/convex/forearm_roll_convex.stla
[1.262s] -- Up-to-date: /root/crs_ws_fanuc/install/trajopt/share/trajopt/test/data/pr2/meshes/upper_arm_v0/convex/forearm_roll_L_convex.stlb
[1.263s] -- Up-to-date: /root/crs_ws_fanuc/install/trajopt/share/trajopt/test/data/pr2/meshes/upper_arm_v0/convex/forearm_roll_convex.obj
[1.263s] -- Up-to-date: /root/crs_ws_fanuc/install/trajopt/share/trajopt/test/data/pr2/meshes/upper_arm_v0/convex/forearm_roll_L_convex.obj
[1.263s] -- Up-to-date: /root/crs_ws_fanuc/install/trajopt/share/trajopt/test/data/pr2/meshes/upper_arm_v0/forearm_roll_L.stl
[1.263s] -- Up-to-date: /root/crs_ws_fanuc/install/trajopt/share/trajopt/test/data/pr2/meshes/forearm_v0
[1.263s] -- Up-to-date: /root/crs_ws_fanuc/install/trajopt/share/trajopt/test/data/pr2/meshes/forearm_v0/forearm.stl
[1.263s] -- Up-to-date: /root/crs_ws_fanuc/install/trajopt/share/trajopt/test/data/pr2/meshes/forearm_v0/iv
[1.264s] -- Up-to-date: /root/crs_ws_fanuc/install/trajopt/share/trajopt/test/data/pr2/meshes/forearm_v0/iv/wrist_roll.iv
[1.264s] -- Up-to-date: /root/crs_ws_fanuc/install/trajopt/share/trajopt/test/data/pr2/meshes/forearm_v0/iv/wrist_roll_L.iv
[1.264s] -- Up-to-date: /root/crs_ws_fanuc/install/trajopt/share/trajopt/test/data/pr2/meshes/forearm_v0/iv/wrist_flex.iv
[1.264s] -- Up-to-date: /root/crs_ws_fanuc/install/trajopt/share/trajopt/test/data/pr2/meshes/forearm_v0/iv/forearm.iv
[1.264s] -- Up-to-date: /root/crs_ws_fanuc/install/trajopt/share/trajopt/test/data/pr2/meshes/forearm_v0/forearm.dae
[1.264s] -- Up-to-date: /root/crs_ws_fanuc/install/trajopt/share/trajopt/test/data/pr2/meshes/forearm_v0/wrist_flex.stl
[1.264s] -- Up-to-date: /root/crs_ws_fanuc/install/trajopt/share/trajopt/test/data/pr2/meshes/forearm_v0/forearm.jpg
[1.265s] -- Up-to-date: /root/crs_ws_fanuc/install/trajopt/share/trajopt/test/data/pr2/meshes/forearm_v0/wrist_roll.stl
[1.266s] -- Up-to-date: /root/crs_ws_fanuc/install/trajopt/share/trajopt/test/data/pr2/meshes/forearm_v0/wrist_normals.tif
[1.266s] -- Up-to-date: /root/crs_ws_fanuc/install/trajopt/share/trajopt/test/data/pr2/meshes/forearm_v0/wrist_color.tif
[1.267s] -- Up-to-date: /root/crs_ws_fanuc/install/trajopt/share/trajopt/test/data/pr2/meshes/forearm_v0/forearm_normals.tif
[1.267s] -- Up-to-date: /root/crs_ws_fanuc/install/trajopt/share/trajopt/test/data/pr2/meshes/forearm_v0/wrist_roll_L.stl
[1.267s] -- Up-to-date: /root/crs_ws_fanuc/install/trajopt/share/trajopt/test/data/pr2/meshes/forearm_v0/convex
[1.267s] -- Up-to-date: /root/crs_ws_fanuc/install/trajopt/share/trajopt/test/data/pr2/meshes/forearm_v0/convex/wrist_flex_convex.iv
[1.267s] -- Up-to-date: /root/crs_ws_fanuc/install/trajopt/share/trajopt/test/data/pr2/meshes/forearm_v0/convex/forearm_convex.stla
[1.268s] -- Up-to-date: /root/crs_ws_fanuc/install/trajopt/share/trajopt/test/data/pr2/meshes/forearm_v0/convex/wrist_roll_L_convex.obj
[1.268s] -- Up-to-date: /root/crs_ws_fanuc/install/trajopt/share/trajopt/test/data/pr2/meshes/forearm_v0/convex/wrist_roll_L.obj
[1.268s] -- Up-to-date: /root/crs_ws_fanuc/install/trajopt/share/trajopt/test/data/pr2/meshes/forearm_v0/convex/wrist_roll.xml
[1.268s] -- Up-to-date: /root/crs_ws_fanuc/install/trajopt/share/trajopt/test/data/pr2/meshes/forearm_v0/convex/wrist_flex.xml
[1.268s] -- Up-to-date: /root/crs_ws_fanuc/install/trajopt/share/trajopt/test/data/pr2/meshes/forearm_v0/convex/wrist_roll_L_convex.stlb
[1.268s] -- Up-to-date: /root/crs_ws_fanuc/install/trajopt/share/trajopt/test/data/pr2/meshes/forearm_v0/convex/forearm_convex.iv
[1.269s] -- Up-to-date: /root/crs_ws_fanuc/install/trajopt/share/trajopt/test/data/pr2/meshes/forearm_v0/convex/wrist_roll.obj
[1.269s] -- Up-to-date: /root/crs_ws_fanuc/install/trajopt/share/trajopt/test/data/pr2/meshes/forearm_v0/convex/forearm.obj
[1.269s] -- Up-to-date: /root/crs_ws_fanuc/install/trajopt/share/trajopt/test/data/pr2/meshes/forearm_v0/convex/wrist_roll_L.dae
[1.269s] -- Up-to-date: /root/crs_ws_fanuc/install/trajopt/share/trajopt/test/data/pr2/meshes/forearm_v0/convex/forearm.dae
[1.269s] -- Up-to-date: /root/crs_ws_fanuc/install/trajopt/share/trajopt/test/data/pr2/meshes/forearm_v0/convex/wrist_roll_L_convex.iv
[1.269s] -- Up-to-date: /root/crs_ws_fanuc/install/trajopt/share/trajopt/test/data/pr2/meshes/forearm_v0/convex/wrist_roll_L_convex.stla
[1.270s] -- Up-to-date: /root/crs_ws_fanuc/install/trajopt/share/trajopt/test/data/pr2/meshes/forearm_v0/convex/forearm_convex.obj
[1.270s] -- Up-to-date: /root/crs_ws_fanuc/install/trajopt/share/trajopt/test/data/pr2/meshes/forearm_v0/convex/wrist_roll_L.xml
[1.270s] -- Up-to-date: /root/crs_ws_fanuc/install/trajopt/share/trajopt/test/data/pr2/meshes/forearm_v0/convex/forearm.xml
[1.270s] -- Up-to-date: /root/crs_ws_fanuc/install/trajopt/share/trajopt/test/data/pr2/meshes/forearm_v0/convex/wrist_roll.dae
[1.270s] -- Up-to-date: /root/crs_ws_fanuc/install/trajopt/share/trajopt/test/data/pr2/meshes/forearm_v0/convex/forearm_convex.stlb
[1.271s] -- Up-to-date: /root/crs_ws_fanuc/install/trajopt/share/trajopt/test/data/pr2/meshes/forearm_v0/convex/wrist_roll_convex.stla
[1.271s] -- Up-to-date: /root/crs_ws_fanuc/install/trajopt/share/trajopt/test/data/pr2/meshes/forearm_v0/convex/wrist_roll_convex.stlb
[1.271s] -- Up-to-date: /root/crs_ws_fanuc/install/trajopt/share/trajopt/test/data/pr2/meshes/forearm_v0/convex/wrist_flex.dae
[1.271s] -- Up-to-date: /root/crs_ws_fanuc/install/trajopt/share/trajopt/test/data/pr2/meshes/forearm_v0/convex/wrist_flex.obj
[1.271s] -- Up-to-date: /root/crs_ws_fanuc/install/trajopt/share/trajopt/test/data/pr2/meshes/forearm_v0/convex/wrist_flex_convex.obj
[1.271s] -- Up-to-date: /root/crs_ws_fanuc/install/trajopt/share/trajopt/test/data/pr2/meshes/forearm_v0/convex/wrist_flex_convex.stlb
[1.272s] -- Up-to-date: /root/crs_ws_fanuc/install/trajopt/share/trajopt/test/data/pr2/meshes/forearm_v0/convex/wrist_flex_convex.stla
[1.272s] -- Up-to-date: /root/crs_ws_fanuc/install/trajopt/share/trajopt/test/data/pr2/meshes/forearm_v0/convex/wrist_roll_convex.iv
[1.272s] -- Up-to-date: /root/crs_ws_fanuc/install/trajopt/share/trajopt/test/data/pr2/meshes/forearm_v0/convex/wrist_roll_convex.obj
[1.272s] -- Up-to-date: /root/crs_ws_fanuc/install/trajopt/share/trajopt/test/data/pr2/meshes/forearm_v0/wrist_flex.dae
[1.272s] -- Up-to-date: /root/crs_ws_fanuc/install/trajopt/share/trajopt/test/data/pr2/meshes/forearm_v0/forearm_color.tif
[1.272s] -- Up-to-date: /root/crs_ws_fanuc/install/trajopt/share/trajopt/test/data/pr2/meshes/shoulder_v0
[1.272s] -- Up-to-date: /root/crs_ws_fanuc/install/trajopt/share/trajopt/test/data/pr2/meshes/shoulder_v0/iv
[1.273s] -- Up-to-date: /root/crs_ws_fanuc/install/trajopt/share/trajopt/test/data/pr2/meshes/shoulder_v0/iv/shoulder_pan.iv
[1.273s] -- Up-to-date: /root/crs_ws_fanuc/install/trajopt/share/trajopt/test/data/pr2/meshes/shoulder_v0/iv/upper_arm_roll.iv
[1.273s] -- Up-to-date: /root/crs_ws_fanuc/install/trajopt/share/trajopt/test/data/pr2/meshes/shoulder_v0/iv/shoulder_lift.iv
[1.273s] -- Up-to-date: /root/crs_ws_fanuc/install/trajopt/share/trajopt/test/data/pr2/meshes/shoulder_v0/iv/upper_arm_roll_L.iv
[1.273s] -- Up-to-date: /root/crs_ws_fanuc/install/trajopt/share/trajopt/test/data/pr2/meshes/shoulder_v0/iv/shoulder_yaw.iv
[1.273s] -- Up-to-date: /root/crs_ws_fanuc/install/trajopt/share/trajopt/test/data/pr2/meshes/shoulder_v0/upper_arm_roll_normals.tif
[1.274s] -- Up-to-date: /root/crs_ws_fanuc/install/trajopt/share/trajopt/test/data/pr2/meshes/shoulder_v0/upper_arm_roll.stl
[1.274s] -- Up-to-date: /root/crs_ws_fanuc/install/trajopt/share/trajopt/test/data/pr2/meshes/shoulder_v0/shoulder_lift_color.tif
[1.274s] -- Up-to-date: /root/crs_ws_fanuc/install/trajopt/share/trajopt/test/data/pr2/meshes/shoulder_v0/shoulder_lift_normals.tif
[1.274s] -- Up-to-date: /root/crs_ws_fanuc/install/trajopt/share/trajopt/test/data/pr2/meshes/shoulder_v0/shoulder_pan.stl
[1.274s] -- Up-to-date: /root/crs_ws_fanuc/install/trajopt/share/trajopt/test/data/pr2/meshes/shoulder_v0/upper_arm_roll_color.tif
[1.274s] -- Up-to-date: /root/crs_ws_fanuc/install/trajopt/share/trajopt/test/data/pr2/meshes/shoulder_v0/shoulder_pan_normals.tif
[1.274s] -- Up-to-date: /root/crs_ws_fanuc/install/trajopt/share/trajopt/test/data/pr2/meshes/shoulder_v0/shoulder_lift.stl
[1.274s] -- Up-to-date: /root/crs_ws_fanuc/install/trajopt/share/trajopt/test/data/pr2/meshes/shoulder_v0/shoulder_pan.dae
[1.275s] -- Up-to-date: /root/crs_ws_fanuc/install/trajopt/share/trajopt/test/data/pr2/meshes/shoulder_v0/upper_arm_roll_L.stl
[1.275s] -- Up-to-date: /root/crs_ws_fanuc/install/trajopt/share/trajopt/test/data/pr2/meshes/shoulder_v0/shoulder_yaw.stl
[1.275s] -- Up-to-date: /root/crs_ws_fanuc/install/trajopt/share/trajopt/test/data/pr2/meshes/shoulder_v0/convex
[1.275s] -- Up-to-date: /root/crs_ws_fanuc/install/trajopt/share/trajopt/test/data/pr2/meshes/shoulder_v0/convex/upper_arm_roll_L_convex.obj
[1.275s] -- Up-to-date: /root/crs_ws_fanuc/install/trajopt/share/trajopt/test/data/pr2/meshes/shoulder_v0/convex/upper_arm_roll_L.dae
[1.275s] -- Up-to-date: /root/crs_ws_fanuc/install/trajopt/share/trajopt/test/data/pr2/meshes/shoulder_v0/convex/shoulder_pan_convex.iv
[1.275s] -- Up-to-date: /root/crs_ws_fanuc/install/trajopt/share/trajopt/test/data/pr2/meshes/shoulder_v0/convex/shoulder_pan.obj
[1.275s] -- Up-to-date: /root/crs_ws_fanuc/install/trajopt/share/trajopt/test/data/pr2/meshes/shoulder_v0/convex/shoulder_pan_convex.stla
[1.275s] -- Up-to-date: /root/crs_ws_fanuc/install/trajopt/share/trajopt/test/data/pr2/meshes/shoulder_v0/convex/upper_arm_roll_L_convex.stla
[1.276s] -- Up-to-date: /root/crs_ws_fanuc/install/trajopt/share/trajopt/test/data/pr2/meshes/shoulder_v0/convex/shoulder_lift_convex.stlb
[1.276s] -- Up-to-date: /root/crs_ws_fanuc/install/trajopt/share/trajopt/test/data/pr2/meshes/shoulder_v0/convex/upper_arm_roll_convex.obj
[1.276s] -- Up-to-date: /root/crs_ws_fanuc/install/trajopt/share/trajopt/test/data/pr2/meshes/shoulder_v0/convex/shoulder_lift.obj
[1.276s] -- Up-to-date: /root/crs_ws_fanuc/install/trajopt/share/trajopt/test/data/pr2/meshes/shoulder_v0/convex/upper_arm_roll_convex.iv
[1.276s] -- Up-to-date: /root/crs_ws_fanuc/install/trajopt/share/trajopt/test/data/pr2/meshes/shoulder_v0/convex/shoulder_yaw.xml
[1.276s] -- Up-to-date: /root/crs_ws_fanuc/install/trajopt/share/trajopt/test/data/pr2/meshes/shoulder_v0/convex/shoulder_pan_convex.stlb
[1.276s] -- Up-to-date: /root/crs_ws_fanuc/install/trajopt/share/trajopt/test/data/pr2/meshes/shoulder_v0/convex/shoulder_yaw_convex.obj
[1.277s] -- Up-to-date: /root/crs_ws_fanuc/install/trajopt/share/trajopt/test/data/pr2/meshes/shoulder_v0/convex/shoulder_lift.xml
[1.277s] -- Up-to-date: /root/crs_ws_fanuc/install/trajopt/share/trajopt/test/data/pr2/meshes/shoulder_v0/convex/upper_arm_roll.obj
[1.277s] -- Up-to-date: /root/crs_ws_fanuc/install/trajopt/share/trajopt/test/data/pr2/meshes/shoulder_v0/convex/shoulder_yaw.obj
[1.277s] -- Up-to-date: /root/crs_ws_fanuc/install/trajopt/share/trajopt/test/data/pr2/meshes/shoulder_v0/convex/upper_arm_roll_L.obj
[1.277s] -- Up-to-date: /root/crs_ws_fanuc/install/trajopt/share/trajopt/test/data/pr2/meshes/shoulder_v0/convex/shoulder_lift_convex.stla
[1.278s] -- Up-to-date: /root/crs_ws_fanuc/install/trajopt/share/trajopt/test/data/pr2/meshes/shoulder_v0/convex/upper_arm_roll_convex.stlb
[1.278s] -- Up-to-date: /root/crs_ws_fanuc/install/trajopt/share/trajopt/test/data/pr2/meshes/shoulder_v0/convex/upper_arm_roll_L.xml
[1.278s] -- Up-to-date: /root/crs_ws_fanuc/install/trajopt/share/trajopt/test/data/pr2/meshes/shoulder_v0/convex/shoulder_lift_convex.iv
[1.281s] -- Up-to-date: /root/crs_ws_fanuc/install/trajopt/share/trajopt/test/data/pr2/meshes/shoulder_v0/convex/upper_arm_roll_L_convex.stlb
[1.281s] -- Up-to-date: /root/crs_ws_fanuc/install/trajopt/share/trajopt/test/data/pr2/meshes/shoulder_v0/convex/shoulder_yaw_convex.stla
[1.281s] -- Up-to-date: /root/crs_ws_fanuc/install/trajopt/share/trajopt/test/data/pr2/meshes/shoulder_v0/convex/shoulder_pan.dae
[1.281s] -- Up-to-date: /root/crs_ws_fanuc/install/trajopt/share/trajopt/test/data/pr2/meshes/shoulder_v0/convex/shoulder_yaw_convex.stlb
[1.281s] -- Up-to-date: /root/crs_ws_fanuc/install/trajopt/share/trajopt/test/data/pr2/meshes/shoulder_v0/convex/shoulder_pan_convex.obj
[1.281s] -- Up-to-date: /root/crs_ws_fanuc/install/trajopt/share/trajopt/test/data/pr2/meshes/shoulder_v0/convex/shoulder_yaw.dae
[1.281s] -- Up-to-date: /root/crs_ws_fanuc/install/trajopt/share/trajopt/test/data/pr2/meshes/shoulder_v0/convex/shoulder_pan.xml
[1.282s] -- Up-to-date: /root/crs_ws_fanuc/install/trajopt/share/trajopt/test/data/pr2/meshes/shoulder_v0/convex/shoulder_lift_convex.obj
[1.282s] -- Up-to-date: /root/crs_ws_fanuc/install/trajopt/share/trajopt/test/data/pr2/meshes/shoulder_v0/convex/upper_arm_roll.xml
[1.282s] -- Up-to-date: /root/crs_ws_fanuc/install/trajopt/share/trajopt/test/data/pr2/meshes/shoulder_v0/convex/upper_arm_roll.dae
[1.282s] -- Up-to-date: /root/crs_ws_fanuc/install/trajopt/share/trajopt/test/data/pr2/meshes/shoulder_v0/convex/upper_arm_roll_convex.stla
[1.282s] -- Up-to-date: /root/crs_ws_fanuc/install/trajopt/share/trajopt/test/data/pr2/meshes/shoulder_v0/convex/shoulder_yaw_convex.iv
[1.282s] -- Up-to-date: /root/crs_ws_fanuc/install/trajopt/share/trajopt/test/data/pr2/meshes/shoulder_v0/convex/shoulder_lift.dae
[1.282s] -- Up-to-date: /root/crs_ws_fanuc/install/trajopt/share/trajopt/test/data/pr2/meshes/shoulder_v0/convex/upper_arm_roll_L_convex.iv
[1.282s] -- Up-to-date: /root/crs_ws_fanuc/install/trajopt/share/trajopt/test/data/pr2/meshes/shoulder_v0/upper_arm_roll.dae
[1.283s] -- Up-to-date: /root/crs_ws_fanuc/install/trajopt/share/trajopt/test/data/pr2/meshes/shoulder_v0/shoulder_pan_color.tif
[1.283s] -- Up-to-date: /root/crs_ws_fanuc/install/trajopt/share/trajopt/test/data/pr2/meshes/shoulder_v0/shoulder_lift.dae
[1.283s] -- Up-to-date: /root/crs_ws_fanuc/install/trajopt/share/trajopt/test/data/pr2/meshes/sensors
[1.283s] -- Up-to-date: /root/crs_ws_fanuc/install/trajopt/share/trajopt/test/data/pr2/meshes/sensors/kinect2_v0
[1.283s] -- Up-to-date: /root/crs_ws_fanuc/install/trajopt/share/trajopt/test/data/pr2/meshes/sensors/kinect2_v0/kinect2_assembly.STL
[1.283s] -- Up-to-date: /root/crs_ws_fanuc/install/trajopt/share/trajopt/test/data/pr2/meshes/sensors/kinect_prosilica_v0
[1.283s] -- Up-to-date: /root/crs_ws_fanuc/install/trajopt/share/trajopt/test/data/pr2/meshes/sensors/kinect_prosilica_v0/115x100_swept_back_no_sensors--coarse.STL
[1.283s] -- Up-to-date: /root/crs_ws_fanuc/install/trajopt/share/trajopt/test/data/pr2/meshes/sensors/kinect_prosilica_v0/68-04546_Kinect_Sensor--coarse.STL
[1.284s] -- Up-to-date: /root/crs_ws_fanuc/install/trajopt/share/trajopt/test/data/pr2/meshes/sensors/kinect_prosilica_v0/115x100_swept_fwd--coarse.STL
[1.284s] -- Up-to-date: /root/crs_ws_fanuc/install/trajopt/share/trajopt/test/data/pr2/meshes/sensors/kinect_prosilica_v0/115x100_swept_back--coarse.STL
[1.284s] -- Up-to-date: /root/crs_ws_fanuc/install/trajopt/share/trajopt/test/data/pr2/meshes/sensors/kinect_prosilica_v0/Prosilica_w_Lens--coarse.STL
[1.284s] -- Up-to-date: /root/crs_ws_fanuc/install/trajopt/share/trajopt/test/data/pr2/meshes/sensors/kinect_prosilica_v0/115x100_swept_fwd_no_sensors--coarse.STL
[1.284s] -- Up-to-date: /root/crs_ws_fanuc/install/trajopt/share/trajopt/test/data/pr2/meshes/sensors/kinect_v0
[1.284s] -- Up-to-date: /root/crs_ws_fanuc/install/trajopt/share/trajopt/test/data/pr2/meshes/sensors/kinect_v0/kinect.dae
[1.284s] -- Up-to-date: /root/crs_ws_fanuc/install/trajopt/share/trajopt/test/data/pr2/meshes/sensors/kinect_v0/kinect.tga
[1.284s] -- Up-to-date: /root/crs_ws_fanuc/install/trajopt/share/trajopt/test/data/pr2/meshes/sensors/kinect_v0/kinect_color.tga
[1.285s] -- Up-to-date: /root/crs_ws_fanuc/install/trajopt/share/trajopt/test/data/pr2/meshes/sensors/kinect_v0/kinect_mount.stl
[1.285s] -- Up-to-date: /root/crs_ws_fanuc/install/trajopt/share/trajopt/test/data/pr2/materials
[1.285s] -- Up-to-date: /root/crs_ws_fanuc/install/trajopt/share/trajopt/test/data/pr2/materials/textures
[1.285s] -- Up-to-date: /root/crs_ws_fanuc/install/trajopt/share/trajopt/test/data/pr2/materials/textures/pr2_wheel_right.png
[1.285s] -- Up-to-date: /root/crs_ws_fanuc/install/trajopt/share/trajopt/test/data/pr2/materials/textures/pr2_wheel_left.png
[1.285s] -- Up-to-date: /root/crs_ws_fanuc/install/trajopt/share/trajopt/test/data/pr2/materials/textures/pr2_caster_texture.png
[1.285s] -- Up-to-date: /root/crs_ws_fanuc/install/trajopt/share/trajopt/test/data/boxbot.srdf
[1.285s] -- Up-to-date: /root/crs_ws_fanuc/install/trajopt/share/trajopt/test/data/boxbot_macro.xacro
[1.285s] -- Up-to-date: /root/crs_ws_fanuc/install/trajopt/share/trajopt/test/data/box_1m_macro.xacro
[1.286s] -- Up-to-date: /root/crs_ws_fanuc/install/trajopt/share/trajopt/test/data/pr2.srdf
[1.286s] -- Up-to-date: /root/crs_ws_fanuc/install/trajopt/share/trajopt/test/data/arm_around_table.urdf
[1.286s] -- Up-to-date: /root/crs_ws_fanuc/install/trajopt/share/trajopt/test/data/boxbot.xacro
[1.286s] -- Up-to-date: /root/crs_ws_fanuc/install/trajopt/share/trajopt/test/data/config
[1.286s] -- Up-to-date: /root/crs_ws_fanuc/install/trajopt/share/trajopt/test/data/config/numerical_ik1.json
[1.286s] -- Up-to-date: /root/crs_ws_fanuc/install/trajopt/share/trajopt/test/data/config/arm_around_table_continuous.json
[1.286s] -- Up-to-date: /root/crs_ws_fanuc/install/trajopt/share/trajopt/test/data/config/arm_around_table_time.json
[1.286s] -- Up-to-date: /root/crs_ws_fanuc/install/trajopt/share/trajopt/test/data/config/box_cast_test.json
[1.287s] -- Up-to-date: /root/crs_ws_fanuc/install/trajopt/share/trajopt/test/data/config/arm_around_table.json
[1.287s] -- Up-to-date: /root/crs_ws_fanuc/install/trajopt/share/trajopt/test/data/config/boxbot_kinematics.yaml
[1.287s] -- Up-to-date: /root/crs_ws_fanuc/install/trajopt/share/trajopt/test/data/config/boxbot_joint_limits.yaml
[1.287s] -- Up-to-date: /root/crs_ws_fanuc/install/trajopt/share/trajopt/test/data/config/pr2_kinematics.yaml
[1.287s] -- Up-to-date: /root/crs_ws_fanuc/install/trajopt/share/trajopt/test/data/config/pr2_joint_limits.yaml
[1.287s] -- Up-to-date: /root/crs_ws_fanuc/install/trajopt/share/trajopt/test/data/boxbot_world.xacro
[1.287s] -- Up-to-date: /root/crs_ws_fanuc/install/trajopt/include/trajopt
[1.287s] -- Up-to-date: /root/crs_ws_fanuc/install/trajopt/include/trajopt/kinematic_terms.hpp
[1.287s] -- Up-to-date: /root/crs_ws_fanuc/install/trajopt/include/trajopt/json_marshal.hpp
[1.288s] -- Up-to-date: /root/crs_ws_fanuc/install/trajopt/include/trajopt/common.hpp
[1.288s] -- Up-to-date: /root/crs_ws_fanuc/install/trajopt/include/trajopt/plot_callback.hpp
[1.288s] -- Up-to-date: /root/crs_ws_fanuc/install/trajopt/include/trajopt/collision_terms.hpp
[1.288s] -- Up-to-date: /root/crs_ws_fanuc/install/trajopt/include/trajopt/utils.hpp
[1.288s] -- Up-to-date: /root/crs_ws_fanuc/install/trajopt/include/trajopt/problem_description.hpp
[1.288s] -- Up-to-date: /root/crs_ws_fanuc/install/trajopt/include/trajopt/cache.hxx
[1.288s] -- Up-to-date: /root/crs_ws_fanuc/install/trajopt/include/trajopt/typedefs.hpp
[1.288s] -- Up-to-date: /root/crs_ws_fanuc/install/trajopt/include/trajopt/file_write_callback.hpp
[1.288s] -- Up-to-date: /root/crs_ws_fanuc/install/trajopt/include/trajopt/trajectory_costs.hpp
[1.587s] Invoked command in '/root/crs_ws_fanuc/build/trajopt' returned '0': CMAKE_PREFIX_PATH=/root/crs_ws_fanuc/install/trajopt_sco:/root/crs_ws_fanuc/install/trajopt_utils:/root/crs_ws_fanuc/install/osqp:/opt/qt513/lib/cmake:/opt/ros/eloquent LD_LIBRARY_PATH=/root/crs_ws_fanuc/install/trajopt_sco/lib:/root/crs_ws_fanuc/install/trajopt_utils/lib:/root/crs_ws_fanuc/install/osqp/lib:${LD_LIBRARY_PATH} PATH=/root/crs_ws_fanuc/install/trajopt_sco/bin:${PATH} PKG_CONFIG_PATH=/root/crs_ws_fanuc/install/trajopt_sco/lib/x86_64-linux-gnu/pkgconfig:/root/crs_ws_fanuc/install/trajopt_sco/lib/pkgconfig:/root/crs_ws_fanuc/install/trajopt_utils/lib/x86_64-linux-gnu/pkgconfig:/root/crs_ws_fanuc/install/trajopt_utils/lib/pkgconfig:/root/crs_ws_fanuc/install/osqp/lib/x86_64-linux-gnu/pkgconfig:/root/crs_ws_fanuc/install/osqp/lib/pkgconfig /usr/bin/cmake --build /root/crs_ws_fanuc/build/trajopt --target install -- -j8 -l8
