-- The C compiler identification is GNU 7.5.0
-- The CXX compiler identification is GNU 7.5.0
-- Check for working C compiler: /usr/bin/cc
-- Check for working C compiler: /usr/bin/cc -- works
-- Detecting C compiler ABI info
-- Detecting C compiler ABI info - done
-- Detecting C compile features
-- Detecting C compile features - done
-- Check for working CXX compiler: /usr/bin/c++
-- Check for working CXX compiler: /usr/bin/c++ -- works
-- Detecting CXX compiler ABI info
-- Detecting CXX compiler ABI info - done
-- Detecting CXX compile features
-- Detecting CXX compile features - done
-- Found ament_cmake: 0.8.3 (/opt/ros/eloquent/share/ament_cmake/cmake)
-- Found PythonInterp: /usr/bin/python3 (found suitable version "3.6.9", minimum required is "3") 
-- Using PYTHON_EXECUTABLE: /usr/bin/python3
-- Override CMake install command with custom implementation using symlinks instead of copying resources
-- Found ament_lint_auto: 0.8.2 (/opt/ros/eloquent/share/ament_lint_auto/cmake)
-- Added test 'lint_cmake' to check CMake code style
-- Added test 'xmllint' to check XML markup files
-- Configuring done
-- Generating done
-- Build files have been written to: /root/crs_ws_fanuc/build/crs_process_data
[36mInstall the project...[0m
-- Install configuration: ""
-- Execute custom install script
-- Symlinking: /root/crs_ws_fanuc/install/crs_process_data/share/crs_process_data//data/main/toolpaths/part_1/crs.yaml
-- Symlinking: /root/crs_ws_fanuc/install/crs_process_data/share/crs_process_data//data/main/toolpaths/part_1/job_toolpath_ls10cm_ps15cm_r0d.yaml
-- Symlinking: /root/crs_ws_fanuc/install/crs_process_data/share/crs_process_data//data/main/toolpaths/part_1/job_toolpath_ls10cm_ps20cm_r0d.yaml
-- Symlinking: /root/crs_ws_fanuc/install/crs_process_data/share/crs_process_data//data/main/toolpaths/part_1/job_toolpath_ls20cm_ps20cm_r90d.yaml
-- Symlinking: /root/crs_ws_fanuc/install/crs_process_data/share/crs_process_data//data/main/toolpaths/part_1/part_1.stl
-- Symlinking: /root/crs_ws_fanuc/install/crs_process_data/share/crs_process_data//data/main/toolpaths/part_2/configs/job_0_degrees_20200520T192241.997282_config.yaml
-- Symlinking: /root/crs_ws_fanuc/install/crs_process_data/share/crs_process_data//data/main/toolpaths/part_2/crs.yaml
-- Symlinking: /root/crs_ws_fanuc/install/crs_process_data/share/crs_process_data//data/main/toolpaths/part_2/job_0_degrees_20200520T192241.997282.yaml
-- Symlinking: /root/crs_ws_fanuc/install/crs_process_data/share/crs_process_data//data/main/toolpaths/part_2/job_45_degrees_20200520T192321.124980.yaml
-- Symlinking: /root/crs_ws_fanuc/install/crs_process_data/share/crs_process_data//data/main/toolpaths/part_2/job_90_degrees_20200520T192342.971284.yaml
-- Symlinking: /root/crs_ws_fanuc/install/crs_process_data/share/crs_process_data//data/main/toolpaths/part_2/job_neg_45_degrees_20200520T192431.034149.yaml
-- Symlinking: /root/crs_ws_fanuc/install/crs_process_data/share/crs_process_data//data/main/toolpaths/part_2/job_neg_90_degrees_20200520T192403.508846.yaml
-- Symlinking: /root/crs_ws_fanuc/install/crs_process_data/share/crs_process_data//data/main/toolpaths/part_2/part_2.stl
-- Symlinking: /root/crs_ws_fanuc/install/crs_process_data/share/crs_process_data//data/main/toolpaths/part_3/crs.yaml
-- Symlinking: /root/crs_ws_fanuc/install/crs_process_data/share/crs_process_data//data/main/toolpaths/part_3/job_0_degrees_20200520T192928.608964.yaml
-- Symlinking: /root/crs_ws_fanuc/install/crs_process_data/share/crs_process_data//data/main/toolpaths/part_3/job_45_degrees_20200520T193117.992144.yaml
-- Symlinking: /root/crs_ws_fanuc/install/crs_process_data/share/crs_process_data//data/main/toolpaths/part_3/job_90_degrees_20200520T193139.616155.yaml
-- Symlinking: /root/crs_ws_fanuc/install/crs_process_data/share/crs_process_data//data/main/toolpaths/part_3/job_neg_45_degrees_20200520T193244.746333.yaml
-- Symlinking: /root/crs_ws_fanuc/install/crs_process_data/share/crs_process_data//data/main/toolpaths/part_3/job_neg_90_degrees_20200520T193201.590978.yaml
-- Symlinking: /root/crs_ws_fanuc/install/crs_process_data/share/crs_process_data//data/main/toolpaths/part_3/part_3.stl
-- Symlinking: /root/crs_ws_fanuc/install/crs_process_data/share/crs_process_data//data/main/toolpaths/part_5/crs.yaml
-- Symlinking: /root/crs_ws_fanuc/install/crs_process_data/share/crs_process_data//data/main/toolpaths/part_5/job_toolpath_ls10cm_ps10cm_r0d.yaml
-- Symlinking: /root/crs_ws_fanuc/install/crs_process_data/share/crs_process_data//data/main/toolpaths/part_5/job_toolpath_ls20cm_ps10cm_r0d.yaml
-- Symlinking: /root/crs_ws_fanuc/install/crs_process_data/share/crs_process_data//data/main/toolpaths/part_5/job_toolpath_ls20cm_ps15cm_r-20d.yaml
-- Symlinking: /root/crs_ws_fanuc/install/crs_process_data/share/crs_process_data//data/main/toolpaths/part_5/job_toolpath_ls20cm_ps15cm_r0d.yaml
-- Symlinking: /root/crs_ws_fanuc/install/crs_process_data/share/crs_process_data//data/main/toolpaths/part_5/job_toolpath_ls20cm_ps15cm_r60d.yaml
-- Symlinking: /root/crs_ws_fanuc/install/crs_process_data/share/crs_process_data//data/main/toolpaths/part_5/part_5.stl
-- Symlinking: /root/crs_ws_fanuc/install/crs_process_data/share/crs_process_data//data/surrogate1/toolpaths/fake_part/configs/fake_toolpath_config.yaml
-- Symlinking: /root/crs_ws_fanuc/install/crs_process_data/share/crs_process_data//data/surrogate1/toolpaths/fake_part/crs.yaml
-- Symlinking: /root/crs_ws_fanuc/install/crs_process_data/share/crs_process_data//data/surrogate1/toolpaths/fake_part/fake_part.stl
-- Symlinking: /root/crs_ws_fanuc/install/crs_process_data/share/crs_process_data//data/surrogate1/toolpaths/fake_part/fake_toolpath.yaml
-- Symlinking: /root/crs_ws_fanuc/install/crs_process_data/share/crs_process_data//data/surrogate1/toolpaths/part_2/crs.yaml
-- Symlinking: /root/crs_ws_fanuc/install/crs_process_data/share/crs_process_data//data/surrogate1/toolpaths/part_2/job_0_degrees_20200520T192241.997282.yaml
-- Symlinking: /root/crs_ws_fanuc/install/crs_process_data/share/crs_process_data//data/surrogate1/toolpaths/part_2/job_45_degrees_20200520T192321.124980.yaml
-- Symlinking: /root/crs_ws_fanuc/install/crs_process_data/share/crs_process_data//data/surrogate1/toolpaths/part_2/job_90_degrees_20200520T192342.971284.yaml
-- Symlinking: /root/crs_ws_fanuc/install/crs_process_data/share/crs_process_data//data/surrogate1/toolpaths/part_2/job_90_mid.yaml
-- Symlinking: /root/crs_ws_fanuc/install/crs_process_data/share/crs_process_data//data/surrogate1/toolpaths/part_2/job_90_red.yaml
-- Symlinking: /root/crs_ws_fanuc/install/crs_process_data/share/crs_process_data//data/surrogate1/toolpaths/part_2/job_90_red_red.yaml
-- Symlinking: /root/crs_ws_fanuc/install/crs_process_data/share/crs_process_data//data/surrogate1/toolpaths/part_2/job_neg_45_degrees_20200520T192431.034149.yaml
-- Symlinking: /root/crs_ws_fanuc/install/crs_process_data/share/crs_process_data//data/surrogate1/toolpaths/part_2/job_neg_90_degrees_20200520T192403.508846.yaml
-- Symlinking: /root/crs_ws_fanuc/install/crs_process_data/share/crs_process_data//data/surrogate1/toolpaths/part_2/part_2.stl
-- Symlinking: /root/crs_ws_fanuc/install/crs_process_data/share/crs_process_data//data/surrogate1/toolpaths/part_2/part_2_original.stl
-- Symlinking: /root/crs_ws_fanuc/install/crs_process_data/share/crs_process_data//data/surrogate1/toolpaths/swri_part/crs.yaml
-- Symlinking: /root/crs_ws_fanuc/install/crs_process_data/share/crs_process_data//data/surrogate1/toolpaths/swri_part/job_job_ls10cm_ps10cm_r0d_20200804T170757.524898.yaml
-- Symlinking: /root/crs_ws_fanuc/install/crs_process_data/share/crs_process_data//data/surrogate1/toolpaths/swri_part/job_reduced.yaml
-- Symlinking: /root/crs_ws_fanuc/install/crs_process_data/share/crs_process_data//data/surrogate1/toolpaths/swri_part/job_toolpath_ls10cm_ps10cm_r90d_20200804T194320.202533.yaml
-- Symlinking: /root/crs_ws_fanuc/install/crs_process_data/share/crs_process_data//data/surrogate1/toolpaths/swri_part/swri_part.stl
-- Symlinking: /root/crs_ws_fanuc/install/crs_process_data/share/ament_index/resource_index/package_run_dependencies/crs_process_data
-- Symlinking: /root/crs_ws_fanuc/install/crs_process_data/share/ament_index/resource_index/parent_prefix_path/crs_process_data
-- Up-to-date symlink: /root/crs_ws_fanuc/install/crs_process_data/share/crs_process_data/environment/ament_prefix_path.sh
-- Symlinking: /root/crs_ws_fanuc/install/crs_process_data/share/crs_process_data/environment/ament_prefix_path.dsv
-- Up-to-date symlink: /root/crs_ws_fanuc/install/crs_process_data/share/crs_process_data/environment/path.sh
-- Symlinking: /root/crs_ws_fanuc/install/crs_process_data/share/crs_process_data/environment/path.dsv
-- Symlinking: /root/crs_ws_fanuc/install/crs_process_data/share/crs_process_data/local_setup.bash
-- Symlinking: /root/crs_ws_fanuc/install/crs_process_data/share/crs_process_data/local_setup.sh
-- Symlinking: /root/crs_ws_fanuc/install/crs_process_data/share/crs_process_data/local_setup.zsh
-- Symlinking: /root/crs_ws_fanuc/install/crs_process_data/share/crs_process_data/local_setup.dsv
-- Symlinking: /root/crs_ws_fanuc/install/crs_process_data/share/crs_process_data/package.dsv
-- Symlinking: /root/crs_ws_fanuc/install/crs_process_data/share/ament_index/resource_index/packages/crs_process_data
-- Symlinking: /root/crs_ws_fanuc/install/crs_process_data/share/crs_process_data/cmake/crs_process_dataConfig.cmake
-- Symlinking: /root/crs_ws_fanuc/install/crs_process_data/share/crs_process_data/cmake/crs_process_dataConfig-version.cmake
-- Symlinking: /root/crs_ws_fanuc/install/crs_process_data/share/crs_process_data/package.xml
