[0.031s] Invoking command in '/root/crs_ws_fanuc/build/crs_process_data': CMAKE_PREFIX_PATH=/root/crs_ws_fanuc/install/crs_utils_py:/opt/ros/eloquent:${CMAKE_PREFIX_PATH} /usr/bin/cmake /root/crs_ws_fanuc/src/collaborative-robotic-sanding/crs_process_data -DAMENT_CMAKE_SYMLINK_INSTALL=1 -DCMAKE_INSTALL_PREFIX=/root/crs_ws_fanuc/install/crs_process_data
[0.217s] -- The C compiler identification is GNU 7.5.0
[0.334s] -- The CXX compiler identification is GNU 7.5.0
[0.342s] -- Check for working C compiler: /usr/bin/cc
[0.970s] -- Check for working C compiler: /usr/bin/cc -- works
[0.971s] -- Detecting C compiler ABI info
[1.680s] -- Detecting C compiler ABI info - done
[1.685s] -- Detecting C compile features
[3.136s] -- Detecting C compile features - done
[3.136s] -- Check for working CXX compiler: /usr/bin/c++
[3.573s] -- Check for working CXX compiler: /usr/bin/c++ -- works
[3.574s] -- Detecting CXX compiler ABI info
[4.093s] -- Detecting CXX compiler ABI info - done
[4.101s] -- Detecting CXX compile features
[6.930s] -- Detecting CXX compile features - done
[6.936s] -- Found ament_cmake: 0.8.3 (/opt/ros/eloquent/share/ament_cmake/cmake)
[7.185s] -- Found PythonInterp: /usr/bin/python3 (found suitable version "3.6.9", minimum required is "3") 
[7.186s] -- Using PYTHON_EXECUTABLE: /usr/bin/python3
[8.301s] -- Override CMake install command with custom implementation using symlinks instead of copying resources
[8.453s] -- Found ament_lint_auto: 0.8.2 (/opt/ros/eloquent/share/ament_lint_auto/cmake)
[9.040s] -- Added test 'lint_cmake' to check CMake code style
[9.079s] -- Added test 'xmllint' to check XML markup files
[9.096s] -- Configuring done
[9.102s] -- Generating done
[9.105s] -- Build files have been written to: /root/crs_ws_fanuc/build/crs_process_data
[9.114s] Invoked command in '/root/crs_ws_fanuc/build/crs_process_data' returned '0': CMAKE_PREFIX_PATH=/root/crs_ws_fanuc/install/crs_utils_py:/opt/ros/eloquent:${CMAKE_PREFIX_PATH} /usr/bin/cmake /root/crs_ws_fanuc/src/collaborative-robotic-sanding/crs_process_data -DAMENT_CMAKE_SYMLINK_INSTALL=1 -DCMAKE_INSTALL_PREFIX=/root/crs_ws_fanuc/install/crs_process_data
[9.115s] Invoking command in '/root/crs_ws_fanuc/build/crs_process_data': CMAKE_PREFIX_PATH=/root/crs_ws_fanuc/install/crs_utils_py:/opt/ros/eloquent:${CMAKE_PREFIX_PATH} /usr/bin/cmake --build /root/crs_ws_fanuc/build/crs_process_data -- -j8 -l8
[9.553s] Invoked command in '/root/crs_ws_fanuc/build/crs_process_data' returned '0': CMAKE_PREFIX_PATH=/root/crs_ws_fanuc/install/crs_utils_py:/opt/ros/eloquent:${CMAKE_PREFIX_PATH} /usr/bin/cmake --build /root/crs_ws_fanuc/build/crs_process_data -- -j8 -l8
[9.936s] Invoking command in '/root/crs_ws_fanuc/build/crs_process_data': CMAKE_PREFIX_PATH=/root/crs_ws_fanuc/install/crs_utils_py:/opt/ros/eloquent:${CMAKE_PREFIX_PATH} /usr/bin/cmake --build /root/crs_ws_fanuc/build/crs_process_data --target install -- -j8 -l8
[10.328s] [36mInstall the project...[0m
[10.412s] -- Install configuration: ""
[10.413s] -- Execute custom install script
[10.416s] -- Symlinking: /root/crs_ws_fanuc/install/crs_process_data/share/crs_process_data//data/main/toolpaths/part_1/crs.yaml
[10.516s] -- Symlinking: /root/crs_ws_fanuc/install/crs_process_data/share/crs_process_data//data/main/toolpaths/part_1/job_toolpath_ls10cm_ps15cm_r0d.yaml
[10.590s] -- Symlinking: /root/crs_ws_fanuc/install/crs_process_data/share/crs_process_data//data/main/toolpaths/part_1/job_toolpath_ls10cm_ps20cm_r0d.yaml
[10.704s] -- Symlinking: /root/crs_ws_fanuc/install/crs_process_data/share/crs_process_data//data/main/toolpaths/part_1/job_toolpath_ls20cm_ps20cm_r90d.yaml
[10.780s] -- Symlinking: /root/crs_ws_fanuc/install/crs_process_data/share/crs_process_data//data/main/toolpaths/part_1/part_1.stl
[10.810s] -- Symlinking: /root/crs_ws_fanuc/install/crs_process_data/share/crs_process_data//data/main/toolpaths/part_2/configs/job_0_degrees_20200520T192241.997282_config.yaml
[10.872s] -- Symlinking: /root/crs_ws_fanuc/install/crs_process_data/share/crs_process_data//data/main/toolpaths/part_2/crs.yaml
[10.908s] -- Symlinking: /root/crs_ws_fanuc/install/crs_process_data/share/crs_process_data//data/main/toolpaths/part_2/job_0_degrees_20200520T192241.997282.yaml
[10.965s] -- Symlinking: /root/crs_ws_fanuc/install/crs_process_data/share/crs_process_data//data/main/toolpaths/part_2/job_45_degrees_20200520T192321.124980.yaml
[11.025s] -- Symlinking: /root/crs_ws_fanuc/install/crs_process_data/share/crs_process_data//data/main/toolpaths/part_2/job_90_degrees_20200520T192342.971284.yaml
[11.124s] -- Symlinking: /root/crs_ws_fanuc/install/crs_process_data/share/crs_process_data//data/main/toolpaths/part_2/job_neg_45_degrees_20200520T192431.034149.yaml
[11.228s] -- Symlinking: /root/crs_ws_fanuc/install/crs_process_data/share/crs_process_data//data/main/toolpaths/part_2/job_neg_90_degrees_20200520T192403.508846.yaml
[11.319s] -- Symlinking: /root/crs_ws_fanuc/install/crs_process_data/share/crs_process_data//data/main/toolpaths/part_2/part_2.stl
[11.424s] -- Symlinking: /root/crs_ws_fanuc/install/crs_process_data/share/crs_process_data//data/main/toolpaths/part_3/crs.yaml
[11.534s] -- Symlinking: /root/crs_ws_fanuc/install/crs_process_data/share/crs_process_data//data/main/toolpaths/part_3/job_0_degrees_20200520T192928.608964.yaml
[11.591s] -- Symlinking: /root/crs_ws_fanuc/install/crs_process_data/share/crs_process_data//data/main/toolpaths/part_3/job_45_degrees_20200520T193117.992144.yaml
[11.648s] -- Symlinking: /root/crs_ws_fanuc/install/crs_process_data/share/crs_process_data//data/main/toolpaths/part_3/job_90_degrees_20200520T193139.616155.yaml
[11.730s] -- Symlinking: /root/crs_ws_fanuc/install/crs_process_data/share/crs_process_data//data/main/toolpaths/part_3/job_neg_45_degrees_20200520T193244.746333.yaml
[11.795s] -- Symlinking: /root/crs_ws_fanuc/install/crs_process_data/share/crs_process_data//data/main/toolpaths/part_3/job_neg_90_degrees_20200520T193201.590978.yaml
[11.865s] -- Symlinking: /root/crs_ws_fanuc/install/crs_process_data/share/crs_process_data//data/main/toolpaths/part_3/part_3.stl
[11.926s] -- Symlinking: /root/crs_ws_fanuc/install/crs_process_data/share/crs_process_data//data/main/toolpaths/part_5/crs.yaml
[12.012s] -- Symlinking: /root/crs_ws_fanuc/install/crs_process_data/share/crs_process_data//data/main/toolpaths/part_5/job_toolpath_ls10cm_ps10cm_r0d.yaml
[12.129s] -- Symlinking: /root/crs_ws_fanuc/install/crs_process_data/share/crs_process_data//data/main/toolpaths/part_5/job_toolpath_ls20cm_ps10cm_r0d.yaml
[12.212s] -- Symlinking: /root/crs_ws_fanuc/install/crs_process_data/share/crs_process_data//data/main/toolpaths/part_5/job_toolpath_ls20cm_ps15cm_r-20d.yaml
[12.328s] -- Symlinking: /root/crs_ws_fanuc/install/crs_process_data/share/crs_process_data//data/main/toolpaths/part_5/job_toolpath_ls20cm_ps15cm_r0d.yaml
[12.457s] -- Symlinking: /root/crs_ws_fanuc/install/crs_process_data/share/crs_process_data//data/main/toolpaths/part_5/job_toolpath_ls20cm_ps15cm_r60d.yaml
[12.555s] -- Symlinking: /root/crs_ws_fanuc/install/crs_process_data/share/crs_process_data//data/main/toolpaths/part_5/part_5.stl
[12.614s] -- Symlinking: /root/crs_ws_fanuc/install/crs_process_data/share/crs_process_data//data/surrogate1/toolpaths/fake_part/configs/fake_toolpath_config.yaml
[12.739s] -- Symlinking: /root/crs_ws_fanuc/install/crs_process_data/share/crs_process_data//data/surrogate1/toolpaths/fake_part/crs.yaml
[12.872s] -- Symlinking: /root/crs_ws_fanuc/install/crs_process_data/share/crs_process_data//data/surrogate1/toolpaths/fake_part/fake_part.stl
[12.980s] -- Symlinking: /root/crs_ws_fanuc/install/crs_process_data/share/crs_process_data//data/surrogate1/toolpaths/fake_part/fake_toolpath.yaml
[13.060s] -- Symlinking: /root/crs_ws_fanuc/install/crs_process_data/share/crs_process_data//data/surrogate1/toolpaths/part_2/crs.yaml
[13.181s] -- Symlinking: /root/crs_ws_fanuc/install/crs_process_data/share/crs_process_data//data/surrogate1/toolpaths/part_2/job_0_degrees_20200520T192241.997282.yaml
[13.289s] -- Symlinking: /root/crs_ws_fanuc/install/crs_process_data/share/crs_process_data//data/surrogate1/toolpaths/part_2/job_45_degrees_20200520T192321.124980.yaml
[13.352s] -- Symlinking: /root/crs_ws_fanuc/install/crs_process_data/share/crs_process_data//data/surrogate1/toolpaths/part_2/job_90_degrees_20200520T192342.971284.yaml
[13.439s] -- Symlinking: /root/crs_ws_fanuc/install/crs_process_data/share/crs_process_data//data/surrogate1/toolpaths/part_2/job_90_mid.yaml
[13.576s] -- Symlinking: /root/crs_ws_fanuc/install/crs_process_data/share/crs_process_data//data/surrogate1/toolpaths/part_2/job_90_red.yaml
[13.657s] -- Symlinking: /root/crs_ws_fanuc/install/crs_process_data/share/crs_process_data//data/surrogate1/toolpaths/part_2/job_90_red_red.yaml
[13.717s] -- Symlinking: /root/crs_ws_fanuc/install/crs_process_data/share/crs_process_data//data/surrogate1/toolpaths/part_2/job_neg_45_degrees_20200520T192431.034149.yaml
[13.795s] -- Symlinking: /root/crs_ws_fanuc/install/crs_process_data/share/crs_process_data//data/surrogate1/toolpaths/part_2/job_neg_90_degrees_20200520T192403.508846.yaml
[13.865s] -- Symlinking: /root/crs_ws_fanuc/install/crs_process_data/share/crs_process_data//data/surrogate1/toolpaths/part_2/part_2.stl
[13.940s] -- Symlinking: /root/crs_ws_fanuc/install/crs_process_data/share/crs_process_data//data/surrogate1/toolpaths/part_2/part_2_original.stl
[14.007s] -- Symlinking: /root/crs_ws_fanuc/install/crs_process_data/share/crs_process_data//data/surrogate1/toolpaths/swri_part/crs.yaml
[14.115s] -- Symlinking: /root/crs_ws_fanuc/install/crs_process_data/share/crs_process_data//data/surrogate1/toolpaths/swri_part/job_job_ls10cm_ps10cm_r0d_20200804T170757.524898.yaml
[14.191s] -- Symlinking: /root/crs_ws_fanuc/install/crs_process_data/share/crs_process_data//data/surrogate1/toolpaths/swri_part/job_reduced.yaml
[14.250s] -- Symlinking: /root/crs_ws_fanuc/install/crs_process_data/share/crs_process_data//data/surrogate1/toolpaths/swri_part/job_toolpath_ls10cm_ps10cm_r90d_20200804T194320.202533.yaml
[14.360s] -- Symlinking: /root/crs_ws_fanuc/install/crs_process_data/share/crs_process_data//data/surrogate1/toolpaths/swri_part/swri_part.stl
[14.423s] -- Symlinking: /root/crs_ws_fanuc/install/crs_process_data/share/ament_index/resource_index/package_run_dependencies/crs_process_data
[14.514s] -- Symlinking: /root/crs_ws_fanuc/install/crs_process_data/share/ament_index/resource_index/parent_prefix_path/crs_process_data
[14.628s] -- Up-to-date symlink: /root/crs_ws_fanuc/install/crs_process_data/share/crs_process_data/environment/ament_prefix_path.sh
[14.629s] -- Symlinking: /root/crs_ws_fanuc/install/crs_process_data/share/crs_process_data/environment/ament_prefix_path.dsv
[14.707s] -- Up-to-date symlink: /root/crs_ws_fanuc/install/crs_process_data/share/crs_process_data/environment/path.sh
[14.708s] -- Symlinking: /root/crs_ws_fanuc/install/crs_process_data/share/crs_process_data/environment/path.dsv
[14.774s] -- Symlinking: /root/crs_ws_fanuc/install/crs_process_data/share/crs_process_data/local_setup.bash
[14.884s] -- Symlinking: /root/crs_ws_fanuc/install/crs_process_data/share/crs_process_data/local_setup.sh
[14.974s] -- Symlinking: /root/crs_ws_fanuc/install/crs_process_data/share/crs_process_data/local_setup.zsh
[15.084s] -- Symlinking: /root/crs_ws_fanuc/install/crs_process_data/share/crs_process_data/local_setup.dsv
[15.198s] -- Symlinking: /root/crs_ws_fanuc/install/crs_process_data/share/crs_process_data/package.dsv
[15.321s] -- Symlinking: /root/crs_ws_fanuc/install/crs_process_data/share/ament_index/resource_index/packages/crs_process_data
[15.499s] -- Symlinking: /root/crs_ws_fanuc/install/crs_process_data/share/crs_process_data/cmake/crs_process_dataConfig.cmake
[15.606s] -- Symlinking: /root/crs_ws_fanuc/install/crs_process_data/share/crs_process_data/cmake/crs_process_dataConfig-version.cmake
[15.724s] -- Symlinking: /root/crs_ws_fanuc/install/crs_process_data/share/crs_process_data/package.xml
[15.799s] Invoked command in '/root/crs_ws_fanuc/build/crs_process_data' returned '0': CMAKE_PREFIX_PATH=/root/crs_ws_fanuc/install/crs_utils_py:/opt/ros/eloquent:${CMAKE_PREFIX_PATH} /usr/bin/cmake --build /root/crs_ws_fanuc/build/crs_process_data --target install -- -j8 -l8
