[0.072s] Invoking command in '/root/crs_ws_fanuc/build/region_detection_core': CMAKE_PREFIX_PATH=/root/crs_ws_fanuc/install/crs_utils_py:/opt/ros/eloquent:${CMAKE_PREFIX_PATH} /usr/bin/cmake --build /root/crs_ws_fanuc/build/region_detection_core -- -j8 -l8
[0.224s] [ 18%] Built target adaptive_threshold_test
[0.227s] [ 36%] Built target threshold_in_range_test
[0.247s] [ 54%] Built target threshold_grayscale_test
[0.259s] [ 81%] Built target region_detection_core
[0.337s] [100%] Built target region_detection_test
[0.369s] Invoked command in '/root/crs_ws_fanuc/build/region_detection_core' returned '0': CMAKE_PREFIX_PATH=/root/crs_ws_fanuc/install/crs_utils_py:/opt/ros/eloquent:${CMAKE_PREFIX_PATH} /usr/bin/cmake --build /root/crs_ws_fanuc/build/region_detection_core -- -j8 -l8
[0.547s] Invoking command in '/root/crs_ws_fanuc/build/region_detection_core': CMAKE_PREFIX_PATH=/root/crs_ws_fanuc/install/crs_utils_py:/opt/ros/eloquent:${CMAKE_PREFIX_PATH} /usr/bin/cmake --build /root/crs_ws_fanuc/build/region_detection_core --target install -- -j8 -l8
[0.715s] [ 18%] Built target adaptive_threshold_test
[0.722s] [ 36%] Built target threshold_grayscale_test
[0.727s] [ 63%] Built target region_detection_core
[0.736s] [ 81%] Built target threshold_in_range_test
[0.820s] [100%] Built target region_detection_test
[0.862s] [36mInstall the project...[0m
[0.883s] -- Install configuration: ""
[0.883s] -- Up-to-date: /root/crs_ws_fanuc/install/region_detection_core/include/region_detection_core
[0.883s] -- Up-to-date: /root/crs_ws_fanuc/install/region_detection_core/include/region_detection_core/config_types.h
[0.883s] -- Up-to-date: /root/crs_ws_fanuc/install/region_detection_core/include/region_detection_core/region_crop.h
[0.883s] -- Up-to-date: /root/crs_ws_fanuc/install/region_detection_core/include/region_detection_core/region_detector.h
[0.884s] -- Installing: /root/crs_ws_fanuc/install/region_detection_core/bin/threshold_grayscale_test
[0.884s] -- Installing: /root/crs_ws_fanuc/install/region_detection_core/bin/threshold_in_range_test
[0.884s] -- Installing: /root/crs_ws_fanuc/install/region_detection_core/bin/adaptive_threshold_test
[0.884s] -- Installing: /root/crs_ws_fanuc/install/region_detection_core/bin/region_detection_test
[0.885s] -- Set runtime path of "/root/crs_ws_fanuc/install/region_detection_core/bin/region_detection_test" to ""
[0.885s] -- Installing: /root/crs_ws_fanuc/install/region_detection_core/lib/libregion_detection_core.so
[0.898s] -- Set runtime path of "/root/crs_ws_fanuc/install/region_detection_core/lib/libregion_detection_core.so" to ""
[0.898s] -- Installing: /root/crs_ws_fanuc/install/region_detection_core/lib/cmake/region_detection_core/region_detection_core-targets.cmake
[0.900s] -- Installing: /root/crs_ws_fanuc/install/region_detection_core/lib/cmake/region_detection_core/region_detection_core-targets-noconfig.cmake
[0.900s] -- Up-to-date: /root/crs_ws_fanuc/install/region_detection_core/share/region_detection_core/package.xml
[0.900s] -- Up-to-date: /root/crs_ws_fanuc/install/region_detection_core/share/region_detection_core//config
[0.901s] -- Up-to-date: /root/crs_ws_fanuc/install/region_detection_core/share/region_detection_core//config/config.yaml
[0.901s] -- Installing: /root/crs_ws_fanuc/install/region_detection_core/lib/cmake/region_detection_core/region_detection_core-config.cmake
[0.901s] -- Installing: /root/crs_ws_fanuc/install/region_detection_core/lib/cmake/region_detection_core/region_detection_core-config-version.cmake
[0.924s] Invoked command in '/root/crs_ws_fanuc/build/region_detection_core' returned '0': CMAKE_PREFIX_PATH=/root/crs_ws_fanuc/install/crs_utils_py:/opt/ros/eloquent:${CMAKE_PREFIX_PATH} /usr/bin/cmake --build /root/crs_ws_fanuc/build/region_detection_core --target install -- -j8 -l8
