-- The C compiler identification is GNU 7.5.0
-- The CXX compiler identification is GNU 7.5.0
-- Check for working C compiler: /usr/bin/cc
-- Check for working C compiler: /usr/bin/cc -- works
-- Detecting C compiler ABI info
-- Detecting C compiler ABI info - done
-- Detecting C compile features
-- Detecting C compile features - done
-- Check for working CXX compiler: /usr/bin/c++
-- Check for working CXX compiler: /usr/bin/c++ -- works
-- Detecting CXX compiler ABI info
-- Detecting CXX compiler ABI info - done
-- Detecting CXX compile features
-- Detecting CXX compile features - done
-- Boost version: 1.65.1
-- Found the following Boost libraries:
--   system
--   filesystem
-- Found ament_cmake: 0.8.3 (/opt/ros/eloquent/share/ament_cmake/cmake)
-- Found PythonInterp: /usr/bin/python3 (found suitable version "3.6.9", minimum required is "3") 
-- Using PYTHON_EXECUTABLE: /usr/bin/python3
-- Override CMake install command with custom implementation using symlinks instead of copying resources
-- Found rclcpp: 0.8.5 (/opt/ros/eloquent/share/rclcpp/cmake)
-- Found rosidl_adapter: 0.8.3 (/opt/ros/eloquent/share/rosidl_adapter/cmake)
-- Found rmw_implementation_cmake: 0.8.1 (/opt/ros/eloquent/share/rmw_implementation_cmake/cmake)
-- Using RMW implementation 'rmw_fastrtps_cpp' as default
-- Looking for pthread.h
-- Looking for pthread.h - found
-- Looking for pthread_create
-- Looking for pthread_create - not found
-- Looking for pthread_create in pthreads
-- Looking for pthread_create in pthreads - not found
-- Looking for pthread_create in pthread
-- Looking for pthread_create in pthread - found
-- Found Threads: TRUE  
-- Found rclcpp_components: 0.8.5 (/opt/ros/eloquent/share/rclcpp_components/cmake)
-- Found poco_vendor:  (/opt/ros/eloquent/share/poco_vendor/cmake)
-- Found crs_msgs: 0.0.0 (/root/crs_ws_fanuc/install/crs_msgs/share/crs_msgs/cmake)
-- Found control_msgs: 2.2.0 (/opt/ros/eloquent/share/control_msgs/cmake)
-- Found tf2_eigen: 0.12.6 (/opt/ros/eloquent/share/tf2_eigen/cmake)
-- Found rclcpp_action: 0.8.5 (/opt/ros/eloquent/share/rclcpp_action/cmake)
-- Found crs_motion_planning: 0.0.0 (/root/crs_ws_fanuc/install/crs_motion_planning/share/crs_motion_planning/cmake)
-- Found OpenSSL: /usr/lib/x86_64-linux-gnu/libcrypto.so (found version "1.1.1") 
-- Found FastRTPS: /opt/ros/eloquent/include  
-- Found OMPL: /usr/lib/x86_64-linux-gnu/libompl.so  
-- Checking for module 'eigen3'
--   Found eigen3, version 3.3.4
-- Found eigen: /usr/include/eigen3  
-- Checking for module 'libopenni'
--   Found libopenni, version 1.5.4.0
-- Found openni: /usr/lib/libOpenNI.so  
-- The imported target "vtkRenderingPythonTkWidgets" references the file
   "/usr/lib/x86_64-linux-gnu/libvtkRenderingPythonTkWidgets.so"
but this file does not exist.  Possible reasons include:
* The file was deleted, renamed, or moved to another location.
* An install or uninstall procedure did not complete successfully.
* The installation package was faulty and contained
   "/usr/lib/cmake/vtk-6.3/VTKTargets.cmake"
but not all the files it references.

-- The imported target "vtk" references the file
   "/usr/bin/vtk"
but this file does not exist.  Possible reasons include:
* The file was deleted, renamed, or moved to another location.
* An install or uninstall procedure did not complete successfully.
* The installation package was faulty and contained
   "/usr/lib/cmake/vtk-6.3/VTKTargets.cmake"
but not all the files it references.

-- Found libusb-1.0: /usr/include  
-- Checking for module 'flann'
--   Found flann, version 1.9.1
-- Found Flann: /usr/lib/x86_64-linux-gnu/libflann_cpp_s.a  
-- Found qhull: /usr/lib/x86_64-linux-gnu/libqhull.so  
-- Found PCL_COMMON: /usr/lib/x86_64-linux-gnu/libpcl_common.so  
-- Found PCL_OCTREE: /usr/lib/x86_64-linux-gnu/libpcl_octree.so  
-- Found PCL_IO: /usr/lib/x86_64-linux-gnu/libpcl_io.so  
-- Found PCL_KDTREE: /usr/lib/x86_64-linux-gnu/libpcl_kdtree.so  
-- Found PCL_SEARCH: /usr/lib/x86_64-linux-gnu/libpcl_search.so  
-- Found PCL_SAMPLE_CONSENSUS: /usr/lib/x86_64-linux-gnu/libpcl_sample_consensus.so  
-- Found PCL_FILTERS: /usr/lib/x86_64-linux-gnu/libpcl_filters.so  
-- Found PCL_2D: /usr/include/pcl-1.8  
-- Found PCL_GEOMETRY: /usr/include/pcl-1.8  
-- Found PCL_FEATURES: /usr/lib/x86_64-linux-gnu/libpcl_features.so  
-- Found PCL_ML: /usr/lib/x86_64-linux-gnu/libpcl_ml.so  
-- Found PCL_SEGMENTATION: /usr/lib/x86_64-linux-gnu/libpcl_segmentation.so  
-- Found PCL_VISUALIZATION: /usr/lib/x86_64-linux-gnu/libpcl_visualization.so  
-- Found PCL_SURFACE: /usr/lib/x86_64-linux-gnu/libpcl_surface.so  
-- Found PCL_REGISTRATION: /usr/lib/x86_64-linux-gnu/libpcl_registration.so  
-- Found PCL_KEYPOINTS: /usr/lib/x86_64-linux-gnu/libpcl_keypoints.so  
-- Found PCL_TRACKING: /usr/lib/x86_64-linux-gnu/libpcl_tracking.so  
-- Found PCL_RECOGNITION: /usr/lib/x86_64-linux-gnu/libpcl_recognition.so  
-- Found PCL_STEREO: /usr/lib/x86_64-linux-gnu/libpcl_stereo.so  
-- Found PCL_APPS: /usr/lib/x86_64-linux-gnu/libpcl_apps.so  
-- Found PCL_IN_HAND_SCANNER: /usr/include/pcl-1.8  
-- Found PCL_MODELER: /usr/include/pcl-1.8  
-- Found PCL_POINT_CLOUD_EDITOR: /usr/include/pcl-1.8  
-- Found PCL_OUTOFCORE: /usr/lib/x86_64-linux-gnu/libpcl_outofcore.so  
-- Found PCL_PEOPLE: /usr/lib/x86_64-linux-gnu/libpcl_people.so  
-- Looking for sgemm_
-- Looking for sgemm_ - found
-- A library with BLAS API found.
-- Setting yaml-cpp_DIR to: '/opt/ros/eloquent/share/yaml_cpp_vendor/cmake/../../../opt/yaml_cpp_vendor/lib/cmake/yaml-cpp'
-- Found gazebo_msgs: 3.4.4 (/opt/ros/eloquent/share/gazebo_msgs/cmake)
-- Found region_detection_msgs: 0.0.0 (/root/crs_ws_fanuc/install/region_detection_msgs/share/region_detection_msgs/cmake)
-- Found ament_lint_auto: 0.8.2 (/opt/ros/eloquent/share/ament_lint_auto/cmake)
-- Added test 'copyright' to check for copyright in CMake / C / C++ / Python code
-- Added test 'cppcheck' to perform static code analysis on C / C++ code
-- Configured cppcheck include dirs: $<BUILD_INTERFACE:/root/crs_ws_fanuc/src/collaborative-robotic-sanding/crs_application/include>
-- Added test 'cpplint' to check C / C++ code against the Google style
-- Added test 'flake8' to check Python code syntax and style conventions
-- Added test 'lint_cmake' to check CMake code style
-- Added test 'pep257' to check Python code against some of the style conventions in PEP 257
-- Added test 'uncrustify' to check C / C++ code style
-- Added test 'xmllint' to check XML markup files
-- Configuring done
CMake Warning at CMakeLists.txt:39 (add_library):
  Cannot generate a safe runtime search path for target crs_application
  because files in some directories may conflict with libraries in implicit
  directories:

    runtime library [libQt5OpenGL.so.5] in /usr/lib/x86_64-linux-gnu may be hidden by files in:
      /opt/qt513/lib
    runtime library [libQt5Sql.so.5] in /usr/lib/x86_64-linux-gnu may be hidden by files in:
      /opt/qt513/lib

  Some of these libraries may not be found correctly.


CMake Warning at CMakeLists.txt:69 (add_executable):
  Cannot generate a safe runtime search path for target crs_application_node
  because files in some directories may conflict with libraries in implicit
  directories:

    runtime library [libQt5OpenGL.so.5] in /usr/lib/x86_64-linux-gnu may be hidden by files in:
      /opt/qt513/lib
    runtime library [libQt5Sql.so.5] in /usr/lib/x86_64-linux-gnu may be hidden by files in:
      /opt/qt513/lib

  Some of these libraries may not be found correctly.


-- Generating done
-- Build files have been written to: /root/crs_ws_fanuc/build/crs_application
[35m[1mScanning dependencies of target crs_application[0m
[  9%] [32mBuilding CXX object CMakeFiles/crs_application.dir/src/common/simulation_object_spawner.cpp.o[0m
[ 18%] [32mBuilding CXX object CMakeFiles/crs_application.dir/src/task_managers/scan_acquisition_manager.cpp.o[0m
[ 27%] [32mBuilding CXX object CMakeFiles/crs_application.dir/src/task_managers/part_registration_manager.cpp.o[0m
[ 45%] [32mBuilding CXX object CMakeFiles/crs_application.dir/src/task_managers/part_rework_manager.cpp.o[0m
[ 45%] [32mBuilding CXX object CMakeFiles/crs_application.dir/src/common/config.cpp.o[0m
[ 54%] [32mBuilding CXX object CMakeFiles/crs_application.dir/src/task_managers/process_execution_manager.cpp.o[0m
[ 63%] [32mBuilding CXX object CMakeFiles/crs_application.dir/src/crs_executive.cpp.o[0m
[ 72%] [32mBuilding CXX object CMakeFiles/crs_application.dir/src/task_managers/motion_planning_manager.cpp.o[0m
[ 81%] [32m[1mLinking CXX shared library libcrs_application.so[0m
[ 81%] Built target crs_application
[35m[1mScanning dependencies of target crs_application_node[0m
[ 90%] [32mBuilding CXX object CMakeFiles/crs_application_node.dir/src/crs_application.cpp.o[0m
[100%] [32m[1mLinking CXX executable crs_application_node[0m
[100%] Built target crs_application_node
[ 81%] Built target crs_application
[100%] Built target crs_application_node
[36mInstall the project...[0m
-- Install configuration: ""
-- Execute custom install script
-- Symlinking: /root/crs_ws_fanuc/install/crs_application/lib/crs_application/crs_application_node
-- Symlinking: /root/crs_ws_fanuc/install/crs_application/share/crs_application//resources/crs.rviz
-- Symlinking: /root/crs_ws_fanuc/install/crs_application/share/crs_application//resources/crs_process.scxml
-- Symlinking: /root/crs_ws_fanuc/install/crs_application/share/crs_application//launch/crs.launch.py
-- Symlinking: /root/crs_ws_fanuc/install/crs_application/share/crs_application//launch/crs.launch.xml
-- Symlinking: /root/crs_ws_fanuc/install/crs_application/share/crs_application//launch/load_fanuc_robot_model.launch.xml
-- Symlinking: /root/crs_ws_fanuc/install/crs_application/share/crs_application//launch/load_preview_robot_model.launch.xml
-- Symlinking: /root/crs_ws_fanuc/install/crs_application/share/crs_application//launch/load_robot_model.launch.xml
-- Symlinking: /root/crs_ws_fanuc/install/crs_application/share/crs_application//launch/registration_startup.launch.py
-- Symlinking: /root/crs_ws_fanuc/install/crs_application/share/crs_application//launch/rework_startup.launch.py
-- Symlinking: /root/crs_ws_fanuc/install/crs_application/share/crs_application//config/main/crs.yaml
-- Symlinking: /root/crs_ws_fanuc/install/crs_application/share/crs_application//config/main/motion_planning/MP_config.yaml
-- Symlinking: /root/crs_ws_fanuc/install/crs_application/share/crs_application//config/main/part_localization.yaml
-- Symlinking: /root/crs_ws_fanuc/install/crs_application/share/crs_application//config/main/rework/region_crop.yaml
-- Symlinking: /root/crs_ws_fanuc/install/crs_application/share/crs_application//config/main/rework/region_detection.yaml
-- Symlinking: /root/crs_ws_fanuc/install/crs_application/share/crs_application//config/swri/crs.yaml
-- Symlinking: /root/crs_ws_fanuc/install/crs_application/share/crs_application//config/swri/motion_planning/MP_config.yaml
-- Symlinking: /root/crs_ws_fanuc/install/crs_application/share/crs_application//config/swri/part_localization.yaml
-- Symlinking: /root/crs_ws_fanuc/install/crs_application/share/crs_application//config/swri/rework/region_crop.yaml
-- Symlinking: /root/crs_ws_fanuc/install/crs_application/share/crs_application//config/swri/rework/region_detection.yaml
-- Symlinking: /root/crs_ws_fanuc/install/crs_application/share/ament_index/resource_index/package_run_dependencies/crs_application
-- Symlinking: /root/crs_ws_fanuc/install/crs_application/share/ament_index/resource_index/parent_prefix_path/crs_application
-- Up-to-date symlink: /root/crs_ws_fanuc/install/crs_application/share/crs_application/environment/ament_prefix_path.sh
-- Symlinking: /root/crs_ws_fanuc/install/crs_application/share/crs_application/environment/ament_prefix_path.dsv
-- Up-to-date symlink: /root/crs_ws_fanuc/install/crs_application/share/crs_application/environment/path.sh
-- Symlinking: /root/crs_ws_fanuc/install/crs_application/share/crs_application/environment/path.dsv
-- Symlinking: /root/crs_ws_fanuc/install/crs_application/share/crs_application/local_setup.bash
-- Symlinking: /root/crs_ws_fanuc/install/crs_application/share/crs_application/local_setup.sh
-- Symlinking: /root/crs_ws_fanuc/install/crs_application/share/crs_application/local_setup.zsh
-- Symlinking: /root/crs_ws_fanuc/install/crs_application/share/crs_application/local_setup.dsv
-- Symlinking: /root/crs_ws_fanuc/install/crs_application/share/crs_application/package.dsv
-- Symlinking: /root/crs_ws_fanuc/install/crs_application/share/ament_index/resource_index/packages/crs_application
-- Symlinking: /root/crs_ws_fanuc/install/crs_application/share/crs_application/cmake/crs_applicationConfig.cmake
-- Symlinking: /root/crs_ws_fanuc/install/crs_application/share/crs_application/cmake/crs_applicationConfig-version.cmake
-- Symlinking: /root/crs_ws_fanuc/install/crs_application/share/crs_application/package.xml
-- Installing: /root/crs_ws_fanuc/install/crs_application/lib/libcrs_application.so
-- Set runtime path of "/root/crs_ws_fanuc/install/crs_application/lib/libcrs_application.so" to ""
