[0.059s] Invoking command in '/root/crs_ws_fanuc/build/crs_application': CMAKE_PREFIX_PATH=/root/crs_ws_fanuc/install/crs_motion_planning:/root/crs_ws_fanuc/install/ur_ikfast_kinematics:/root/crs_ws_fanuc/install/trajopt:/root/crs_ws_fanuc/install/trajopt_sco:/root/crs_ws_fanuc/install/descartes_samplers:/root/crs_ws_fanuc/install/descartes_ikfast:/root/crs_ws_fanuc/install/crs_msgs:/root/crs_ws_fanuc/install/trajopt_utils:/root/crs_ws_fanuc/install/scxml_core:/root/crs_ws_fanuc/install/region_detection_msgs:/root/crs_ws_fanuc/install/osqp:/root/crs_ws_fanuc/install/iterative_spline_parameterization:/root/crs_ws_fanuc/install/descartes_light:/root/crs_ws_fanuc/install/cartesian_trajectory_msgs:/root/crs_ws_fanuc/install/crs_utils_py:/opt/ros/eloquent:/opt/ros/melodic:/root/crs_ws_fanuc/install/trajopt_tools:/root/crs_ws_fanuc/install/vhacd:/root/crs_ws_fanuc/install/crs_gui:/root/crs_ws_fanuc/install/crs_application:/root/crs_ws_fanuc/install/crs_robot_comms:/root/crs_ws_fanuc/install/ur_dashboard_msgs:/root/crs_ws_fanuc/install/trajopt_sqp:/root/crs_ws_fanuc/install/trajopt_ifopt:/root/crs_ws_fanuc/install/tesseract_monitoring:/root/crs_ws_fanuc/install/tesseract_rosutils:/root/crs_ws_fanuc/install/tesseract_process_planners:/root/crs_ws_fanuc/install/tesseract_motion_planners:/root/crs_ws_fanuc/install/tesseract_visualization:/root/crs_ws_fanuc/install/tesseract:/root/crs_ws_fanuc/install/tesseract_urdf:/root/crs_ws_fanuc/install/tesseract_plugins:/root/crs_ws_fanuc/install/tesseract_environment:/root/crs_ws_fanuc/install/tesseract_collision:/root/crs_ws_fanuc/install/tesseract_support:/root/crs_ws_fanuc/install/tesseract_kinematics:/root/crs_ws_fanuc/install/tesseract_scene_graph:/root/crs_ws_fanuc/install/tesseract_msgs:/root/crs_ws_fanuc/install/tesseract_geometry:/root/crs_ws_fanuc/install/tesseract_common:/root/crs_ws_fanuc/install/rclcpp_scxml_demos:/root/crs_ws_fanuc/install/region_detection_rclcpp:/root/crs_ws_fanuc/install/region_detection_core:/root/crs_ws_fanuc/install/osqp_eigen:/root/crs_ws_fanuc/install/descartes_opw:/root/crs_ws_fanuc/install/opw_kinematics:/root/crs_ws_fanuc/install/octomap_msgs:/root/crs_ws_fanuc/install/fcl:/root/crs_ws_fanuc/install/libccd:/root/crs_ws_fanuc/install/ifopt:/root/crs_ws_fanuc/install/gtest:/root/crs_ws_fanuc/install/crs_toolpath_gen:/root/crs_ws_fanuc/install/crs_support:/root/crs_ws_fanuc/install/crs_process_data:/root/crs_ws_fanuc/install/crs_perception:/root/crs_ws_fanuc/install/crs_area_selection:/root/crs_ws_fanuc/install/crs_gazebo_plugins:/root/crs_ws_fanuc/install/bullet3:/opt/qt513/lib/cmake LD_LIBRARY_PATH=/root/crs_ws_fanuc/install/crs_motion_planning/lib:/root/crs_ws_fanuc/install/ur_ikfast_kinematics/lib:/root/crs_ws_fanuc/install/trajopt/lib:/root/crs_ws_fanuc/install/trajopt_sco/lib:/root/crs_ws_fanuc/install/descartes_samplers/lib:/root/crs_ws_fanuc/install/crs_msgs/lib:/root/crs_ws_fanuc/install/trajopt_utils/lib:/root/crs_ws_fanuc/install/scxml_core/lib:/root/crs_ws_fanuc/install/region_detection_msgs/lib:/root/crs_ws_fanuc/install/osqp/lib:/root/crs_ws_fanuc/install/descartes_light/lib:/root/crs_ws_fanuc/install/cartesian_trajectory_msgs/lib:/opt/ros/melodic/lib:/root/crs_ws_fanuc/install/vhacd/lib:/root/crs_ws_fanuc/install/crs_gui/lib:/root/crs_ws_fanuc/install/crs_application/lib:/root/crs_ws_fanuc/install/ur_dashboard_msgs/lib:/root/crs_ws_fanuc/install/trajopt_sqp/lib:/root/crs_ws_fanuc/install/trajopt_ifopt/lib:/root/crs_ws_fanuc/install/tesseract_monitoring/lib:/root/crs_ws_fanuc/install/tesseract_process_planners/lib:/root/crs_ws_fanuc/install/tesseract_motion_planners/lib:/root/crs_ws_fanuc/install/tesseract/lib:/root/crs_ws_fanuc/install/tesseract_urdf/lib:/root/crs_ws_fanuc/install/tesseract_plugins/lib:/root/crs_ws_fanuc/install/tesseract_environment/lib:/root/crs_ws_fanuc/install/tesseract_collision/lib:/root/crs_ws_fanuc/install/tesseract_kinematics/lib:/root/crs_ws_fanuc/install/tesseract_scene_graph/lib:/root/crs_ws_fanuc/install/tesseract_msgs/lib:/root/crs_ws_fanuc/install/region_detection_core/lib:/root/crs_ws_fanuc/install/osqp_eigen/lib:/root/crs_ws_fanuc/install/descartes_opw/lib:/root/crs_ws_fanuc/install/octomap_msgs/lib:/root/crs_ws_fanuc/install/fcl/lib:/root/crs_ws_fanuc/install/libccd/lib:/root/crs_ws_fanuc/install/ifopt/lib:/root/crs_ws_fanuc/install/gtest/lib:/root/crs_ws_fanuc/install/crs_perception/lib:/root/crs_ws_fanuc/install/crs_area_selection/lib:/root/crs_ws_fanuc/install/crs_gazebo_plugins/lib:/root/crs_ws_fanuc/install/bullet3/lib:/opt/qt513/plugins:/opt/qt513/lib:/usr/lib/x86_64-linux-gnu/gazebo-9/plugins:/opt/ros/eloquent/opt/yaml_cpp_vendor/lib:/opt/ros/eloquent/opt/rviz_ogre_vendor/lib:/opt/ros/eloquent/lib/x86_64-linux-gnu:/opt/ros/eloquent/lib PATH=/root/crs_ws_fanuc/install/trajopt_sco/bin:/opt/ros/melodic/bin:/root/crs_ws_fanuc/install/trajopt_tools/bin:/root/crs_ws_fanuc/install/tesseract_urdf/bin:/root/crs_ws_fanuc/install/tesseract_collision/bin:/root/crs_ws_fanuc/install/tesseract_scene_graph/bin:/root/crs_ws_fanuc/install/tesseract_geometry/bin:/root/crs_ws_fanuc/install/swig/bin:/root/crs_ws_fanuc/install/region_detection_core/bin:/opt/ros/eloquent/bin:/usr/local/sbin:/usr/local/bin:/usr/sbin:/usr/bin:/sbin:/bin PKG_CONFIG_PATH=/root/crs_ws_fanuc/install/ur_ikfast_kinematics/lib/x86_64-linux-gnu/pkgconfig:/root/crs_ws_fanuc/install/ur_ikfast_kinematics/lib/pkgconfig:/root/crs_ws_fanuc/install/trajopt/lib/x86_64-linux-gnu/pkgconfig:/root/crs_ws_fanuc/install/trajopt/lib/pkgconfig:/root/crs_ws_fanuc/install/trajopt_sco/lib/x86_64-linux-gnu/pkgconfig:/root/crs_ws_fanuc/install/trajopt_sco/lib/pkgconfig:/root/crs_ws_fanuc/install/descartes_samplers/lib/x86_64-linux-gnu/pkgconfig:/root/crs_ws_fanuc/install/descartes_samplers/lib/pkgconfig:/root/crs_ws_fanuc/install/descartes_ikfast/lib/x86_64-linux-gnu/pkgconfig:/root/crs_ws_fanuc/install/descartes_ikfast/lib/pkgconfig:/root/crs_ws_fanuc/install/trajopt_utils/lib/x86_64-linux-gnu/pkgconfig:/root/crs_ws_fanuc/install/trajopt_utils/lib/pkgconfig:/root/crs_ws_fanuc/install/scxml_core/lib/x86_64-linux-gnu/pkgconfig:/root/crs_ws_fanuc/install/scxml_core/lib/pkgconfig:/root/crs_ws_fanuc/install/osqp/lib/x86_64-linux-gnu/pkgconfig:/root/crs_ws_fanuc/install/osqp/lib/pkgconfig:/root/crs_ws_fanuc/install/iterative_spline_parameterization/lib/x86_64-linux-gnu/pkgconfig:/root/crs_ws_fanuc/install/iterative_spline_parameterization/lib/pkgconfig:/root/crs_ws_fanuc/install/descartes_light/lib/x86_64-linux-gnu/pkgconfig:/root/crs_ws_fanuc/install/descartes_light/lib/pkgconfig:/opt/ros/melodic/lib/pkgconfig:/root/crs_ws_fanuc/install/trajopt_tools/lib/x86_64-linux-gnu/pkgconfig:/root/crs_ws_fanuc/install/trajopt_tools/lib/pkgconfig:/root/crs_ws_fanuc/install/vhacd/lib/x86_64-linux-gnu/pkgconfig:/root/crs_ws_fanuc/install/vhacd/lib/pkgconfig:/root/crs_ws_fanuc/install/trajopt_sqp/lib/x86_64-linux-gnu/pkgconfig:/root/crs_ws_fanuc/install/trajopt_sqp/lib/pkgconfig:/root/crs_ws_fanuc/install/trajopt_ifopt/lib/x86_64-linux-gnu/pkgconfig:/root/crs_ws_fanuc/install/trajopt_ifopt/lib/pkgconfig:/root/crs_ws_fanuc/install/tesseract_viewer_python/lib/x86_64-linux-gnu/pkgconfig:/root/crs_ws_fanuc/install/tesseract_viewer_python/lib/pkgconfig:/root/crs_ws_fanuc/install/tesseract_python/lib/x86_64-linux-gnu/pkgconfig:/root/crs_ws_fanuc/install/tesseract_python/lib/pkgconfig:/root/crs_ws_fanuc/install/tesseract_process_planners/lib/x86_64-linux-gnu/pkgconfig:/root/crs_ws_fanuc/install/tesseract_process_planners/lib/pkgconfig:/root/crs_ws_fanuc/install/tesseract_motion_planners/lib/x86_64-linux-gnu/pkgconfig:/root/crs_ws_fanuc/install/tesseract_motion_planners/lib/pkgconfig:/root/crs_ws_fanuc/install/tesseract_visualization/lib/x86_64-linux-gnu/pkgconfig:/root/crs_ws_fanuc/install/tesseract_visualization/lib/pkgconfig:/root/crs_ws_fanuc/install/tesseract/lib/x86_64-linux-gnu/pkgconfig:/root/crs_ws_fanuc/install/tesseract/lib/pkgconfig:/root/crs_ws_fanuc/install/tesseract_urdf/lib/x86_64-linux-gnu/pkgconfig:/root/crs_ws_fanuc/install/tesseract_urdf/lib/pkgconfig:/root/crs_ws_fanuc/install/tesseract_environment/lib/x86_64-linux-gnu/pkgconfig:/root/crs_ws_fanuc/install/tesseract_environment/lib/pkgconfig:/root/crs_ws_fanuc/install/tesseract_collision/lib/x86_64-linux-gnu/pkgconfig:/root/crs_ws_fanuc/install/tesseract_collision/lib/pkgconfig:/root/crs_ws_fanuc/install/tesseract_support/lib/x86_64-linux-gnu/pkgconfig:/root/crs_ws_fanuc/install/tesseract_support/lib/pkgconfig:/root/crs_ws_fanuc/install/tesseract_kinematics/lib/x86_64-linux-gnu/pkgconfig:/root/crs_ws_fanuc/install/tesseract_kinematics/lib/pkgconfig:/root/crs_ws_fanuc/install/tesseract_scene_graph/lib/x86_64-linux-gnu/pkgconfig:/root/crs_ws_fanuc/install/tesseract_scene_graph/lib/pkgconfig:/root/crs_ws_fanuc/install/tesseract_geometry/lib/x86_64-linux-gnu/pkgconfig:/root/crs_ws_fanuc/install/tesseract_geometry/lib/pkgconfig:/root/crs_ws_fanuc/install/tesseract_common/lib/x86_64-linux-gnu/pkgconfig:/root/crs_ws_fanuc/install/tesseract_common/lib/pkgconfig:/root/crs_ws_fanuc/install/swig/lib/x86_64-linux-gnu/pkgconfig:/root/crs_ws_fanuc/install/swig/lib/pkgconfig:/root/crs_ws_fanuc/install/region_detection_core/lib/x86_64-linux-gnu/pkgconfig:/root/crs_ws_fanuc/install/region_detection_core/lib/pkgconfig:/root/crs_ws_fanuc/install/osqp_eigen/lib/x86_64-linux-gnu/pkgconfig:/root/crs_ws_fanuc/install/osqp_eigen/lib/pkgconfig:/root/crs_ws_fanuc/install/orocos_kdl/lib/x86_64-linux-gnu/pkgconfig:/root/crs_ws_fanuc/install/orocos_kdl/lib/pkgconfig:/root/crs_ws_fanuc/install/descartes_opw/lib/x86_64-linux-gnu/pkgconfig:/root/crs_ws_fanuc/install/descartes_opw/lib/pkgconfig:/root/crs_ws_fanuc/install/opw_kinematics/lib/x86_64-linux-gnu/pkgconfig:/root/crs_ws_fanuc/install/opw_kinematics/lib/pkgconfig:/root/crs_ws_fanuc/install/fcl/lib/x86_64-linux-gnu/pkgconfig:/root/crs_ws_fanuc/install/fcl/lib/pkgconfig:/root/crs_ws_fanuc/install/libccd/lib/x86_64-linux-gnu/pkgconfig:/root/crs_ws_fanuc/install/libccd/lib/pkgconfig:/root/crs_ws_fanuc/install/ifopt/lib/x86_64-linux-gnu/pkgconfig:/root/crs_ws_fanuc/install/ifopt/lib/pkgconfig:/root/crs_ws_fanuc/install/gtest/lib/x86_64-linux-gnu/pkgconfig:/root/crs_ws_fanuc/install/gtest/lib/pkgconfig:/root/crs_ws_fanuc/install/eigen/lib/x86_64-linux-gnu/pkgconfig:/root/crs_ws_fanuc/install/eigen/lib/pkgconfig:/root/crs_ws_fanuc/install/bullet3/lib/x86_64-linux-gnu/pkgconfig:/root/crs_ws_fanuc/install/bullet3/lib/pkgconfig PYTHONPATH=/root/crs_ws_fanuc/install/crs_msgs/lib/python3.6/site-packages:/root/crs_ws_fanuc/install/region_detection_msgs/lib/python3.6/site-packages:/root/crs_ws_fanuc/install/cartesian_trajectory_msgs/lib/python3.6/site-packages:/opt/ros/melodic/lib/python2.7/dist-packages:/root/crs_ws_fanuc/install/ur_dashboard_msgs/lib/python3.6/site-packages:/root/crs_ws_fanuc/install/tesseract_msgs/lib/python3.6/site-packages:/root/crs_ws_fanuc/install/octomap_msgs/lib/python3.6/site-packages:/root/crs_ws_fanuc/install/crs_utils_py/lib/python3.6/site-packages:/opt/ros/eloquent/lib/python3.6/site-packages /usr/bin/cmake /root/crs_ws_fanuc/src/collaborative-robotic-sanding/crs_application -DAMENT_CMAKE_SYMLINK_INSTALL=1 -DCMAKE_INSTALL_PREFIX=/root/crs_ws_fanuc/install/crs_application
[0.124s] -- The C compiler identification is GNU 7.5.0
[0.184s] -- The CXX compiler identification is GNU 7.5.0
[0.188s] -- Check for working C compiler: /usr/bin/cc
[0.279s] -- Check for working C compiler: /usr/bin/cc -- works
[0.280s] -- Detecting C compiler ABI info
[0.370s] -- Detecting C compiler ABI info - done
[0.375s] -- Detecting C compile features
[0.637s] -- Detecting C compile features - done
[0.639s] -- Check for working CXX compiler: /usr/bin/c++
[0.738s] -- Check for working CXX compiler: /usr/bin/c++ -- works
[0.739s] -- Detecting CXX compiler ABI info
[0.833s] -- Detecting CXX compiler ABI info - done
[0.837s] -- Detecting CXX compile features
[1.261s] -- Detecting CXX compile features - done
[1.393s] -- Boost version: 1.65.1
[1.393s] -- Found the following Boost libraries:
[1.393s] --   system
[1.393s] --   filesystem
[1.398s] -- Found ament_cmake: 0.8.3 (/opt/ros/eloquent/share/ament_cmake/cmake)
[1.444s] -- Found PythonInterp: /usr/bin/python3 (found suitable version "3.6.9", minimum required is "3") 
[1.444s] -- Using PYTHON_EXECUTABLE: /usr/bin/python3
[1.639s] -- Override CMake install command with custom implementation using symlinks instead of copying resources
[1.685s] -- Found rclcpp: 0.8.5 (/opt/ros/eloquent/share/rclcpp/cmake)
[1.714s] -- Found rosidl_adapter: 0.8.3 (/opt/ros/eloquent/share/rosidl_adapter/cmake)
[1.767s] -- Found rmw_implementation_cmake: 0.8.1 (/opt/ros/eloquent/share/rmw_implementation_cmake/cmake)
[1.769s] -- Using RMW implementation 'rmw_fastrtps_cpp' as default
[1.770s] -- Looking for pthread.h
[1.856s] -- Looking for pthread.h - found
[1.857s] -- Looking for pthread_create
[1.952s] -- Looking for pthread_create - not found
[1.952s] -- Looking for pthread_create in pthreads
[2.025s] -- Looking for pthread_create in pthreads - not found
[2.025s] -- Looking for pthread_create in pthread
[2.115s] -- Looking for pthread_create in pthread - found
[2.116s] -- Found Threads: TRUE  
[2.161s] -- Found rclcpp_components: 0.8.5 (/opt/ros/eloquent/share/rclcpp_components/cmake)
[2.168s] -- Found poco_vendor:  (/opt/ros/eloquent/share/poco_vendor/cmake)
[2.196s] -- Found crs_msgs: 0.0.0 (/root/crs_ws_fanuc/install/crs_msgs/share/crs_msgs/cmake)
[2.316s] -- Found control_msgs: 2.2.0 (/opt/ros/eloquent/share/control_msgs/cmake)
[2.345s] -- Found tf2_eigen: 0.12.6 (/opt/ros/eloquent/share/tf2_eigen/cmake)
[2.421s] -- Found rclcpp_action: 0.8.5 (/opt/ros/eloquent/share/rclcpp_action/cmake)
[2.504s] -- Found crs_motion_planning: 0.0.0 (/root/crs_ws_fanuc/install/crs_motion_planning/share/crs_motion_planning/cmake)
[2.656s] -- Found OpenSSL: /usr/lib/x86_64-linux-gnu/libcrypto.so (found version "1.1.1") 
[2.686s] -- Found FastRTPS: /opt/ros/eloquent/include  
[2.894s] -- Found OMPL: /usr/lib/x86_64-linux-gnu/libompl.so  
[3.054s] -- Checking for module 'eigen3'
[3.075s] --   Found eigen3, version 3.3.4
[3.130s] -- Found eigen: /usr/include/eigen3  
[3.242s] -- Checking for module 'libopenni'
[3.262s] --   Found libopenni, version 1.5.4.0
[3.322s] -- Found openni: /usr/lib/libOpenNI.so  
[3.483s] -- The imported target "vtkRenderingPythonTkWidgets" references the file
[3.483s]    "/usr/lib/x86_64-linux-gnu/libvtkRenderingPythonTkWidgets.so"
[3.484s] but this file does not exist.  Possible reasons include:
[3.484s] * The file was deleted, renamed, or moved to another location.
[3.484s] * An install or uninstall procedure did not complete successfully.
[3.484s] * The installation package was faulty and contained
[3.484s]    "/usr/lib/cmake/vtk-6.3/VTKTargets.cmake"
[3.484s] but not all the files it references.
[3.485s] 
[3.485s] -- The imported target "vtk" references the file
[3.485s]    "/usr/bin/vtk"
[3.485s] but this file does not exist.  Possible reasons include:
[3.485s] * The file was deleted, renamed, or moved to another location.
[3.485s] * An install or uninstall procedure did not complete successfully.
[3.485s] * The installation package was faulty and contained
[3.486s]    "/usr/lib/cmake/vtk-6.3/VTKTargets.cmake"
[3.486s] but not all the files it references.
[3.486s] 
[3.533s] -- Found libusb-1.0: /usr/include  
[3.533s] -- Checking for module 'flann'
[3.558s] --   Found flann, version 1.9.1
[3.630s] -- Found Flann: /usr/lib/x86_64-linux-gnu/libflann_cpp_s.a  
[3.696s] -- Found qhull: /usr/lib/x86_64-linux-gnu/libqhull.so  
[3.716s] -- Found PCL_COMMON: /usr/lib/x86_64-linux-gnu/libpcl_common.so  
[3.717s] -- Found PCL_OCTREE: /usr/lib/x86_64-linux-gnu/libpcl_octree.so  
[3.718s] -- Found PCL_IO: /usr/lib/x86_64-linux-gnu/libpcl_io.so  
[3.719s] -- Found PCL_KDTREE: /usr/lib/x86_64-linux-gnu/libpcl_kdtree.so  
[3.720s] -- Found PCL_SEARCH: /usr/lib/x86_64-linux-gnu/libpcl_search.so  
[3.721s] -- Found PCL_SAMPLE_CONSENSUS: /usr/lib/x86_64-linux-gnu/libpcl_sample_consensus.so  
[3.722s] -- Found PCL_FILTERS: /usr/lib/x86_64-linux-gnu/libpcl_filters.so  
[3.723s] -- Found PCL_2D: /usr/include/pcl-1.8  
[3.723s] -- Found PCL_GEOMETRY: /usr/include/pcl-1.8  
[3.724s] -- Found PCL_FEATURES: /usr/lib/x86_64-linux-gnu/libpcl_features.so  
[3.726s] -- Found PCL_ML: /usr/lib/x86_64-linux-gnu/libpcl_ml.so  
[3.727s] -- Found PCL_SEGMENTATION: /usr/lib/x86_64-linux-gnu/libpcl_segmentation.so  
[3.728s] -- Found PCL_VISUALIZATION: /usr/lib/x86_64-linux-gnu/libpcl_visualization.so  
[3.729s] -- Found PCL_SURFACE: /usr/lib/x86_64-linux-gnu/libpcl_surface.so  
[3.730s] -- Found PCL_REGISTRATION: /usr/lib/x86_64-linux-gnu/libpcl_registration.so  
[3.731s] -- Found PCL_KEYPOINTS: /usr/lib/x86_64-linux-gnu/libpcl_keypoints.so  
[3.732s] -- Found PCL_TRACKING: /usr/lib/x86_64-linux-gnu/libpcl_tracking.so  
[3.733s] -- Found PCL_RECOGNITION: /usr/lib/x86_64-linux-gnu/libpcl_recognition.so  
[3.734s] -- Found PCL_STEREO: /usr/lib/x86_64-linux-gnu/libpcl_stereo.so  
[3.735s] -- Found PCL_APPS: /usr/lib/x86_64-linux-gnu/libpcl_apps.so  
[3.738s] -- Found PCL_IN_HAND_SCANNER: /usr/include/pcl-1.8  
[3.738s] -- Found PCL_MODELER: /usr/include/pcl-1.8  
[3.739s] -- Found PCL_POINT_CLOUD_EDITOR: /usr/include/pcl-1.8  
[3.740s] -- Found PCL_OUTOFCORE: /usr/lib/x86_64-linux-gnu/libpcl_outofcore.so  
[3.741s] -- Found PCL_PEOPLE: /usr/lib/x86_64-linux-gnu/libpcl_people.so  
[4.333s] -- Looking for sgemm_
[4.432s] -- Looking for sgemm_ - found
[4.434s] -- A library with BLAS API found.
[4.683s] -- Setting yaml-cpp_DIR to: '/opt/ros/eloquent/share/yaml_cpp_vendor/cmake/../../../opt/yaml_cpp_vendor/lib/cmake/yaml-cpp'
[4.698s] -- Found gazebo_msgs: 3.4.4 (/opt/ros/eloquent/share/gazebo_msgs/cmake)
[4.716s] -- Found region_detection_msgs: 0.0.0 (/root/crs_ws_fanuc/install/region_detection_msgs/share/region_detection_msgs/cmake)
[6.272s] -- Found ament_lint_auto: 0.8.2 (/opt/ros/eloquent/share/ament_lint_auto/cmake)
[6.459s] -- Added test 'copyright' to check for copyright in CMake / C / C++ / Python code
[6.491s] -- Added test 'cppcheck' to perform static code analysis on C / C++ code
[6.493s] -- Configured cppcheck include dirs: $<BUILD_INTERFACE:/root/crs_ws_fanuc/src/collaborative-robotic-sanding/crs_application/include>
[6.507s] -- Added test 'cpplint' to check C / C++ code against the Google style
[6.511s] -- Added test 'flake8' to check Python code syntax and style conventions
[6.515s] -- Added test 'lint_cmake' to check CMake code style
[6.518s] -- Added test 'pep257' to check Python code against some of the style conventions in PEP 257
[6.535s] -- Added test 'uncrustify' to check C / C++ code style
[6.538s] -- Added test 'xmllint' to check XML markup files
[6.547s] -- Configuring done
[6.763s] CMake Warning at CMakeLists.txt:39 (add_library):
[6.764s]   Cannot generate a safe runtime search path for target crs_application
[6.764s]   because files in some directories may conflict with libraries in implicit
[6.764s]   directories:
[6.764s] 
[6.764s]     runtime library [libQt5OpenGL.so.5] in /usr/lib/x86_64-linux-gnu may be hidden by files in:
[6.765s]       /opt/qt513/lib
[6.765s]     runtime library [libQt5Sql.so.5] in /usr/lib/x86_64-linux-gnu may be hidden by files in:
[6.765s]       /opt/qt513/lib
[6.765s] 
[6.765s]   Some of these libraries may not be found correctly.
[6.766s] 
[6.766s] 
[6.969s] CMake Warning at CMakeLists.txt:69 (add_executable):
[6.969s]   Cannot generate a safe runtime search path for target crs_application_node
[6.969s]   because files in some directories may conflict with libraries in implicit
[6.969s]   directories:
[6.969s] 
[6.969s]     runtime library [libQt5OpenGL.so.5] in /usr/lib/x86_64-linux-gnu may be hidden by files in:
[6.969s]       /opt/qt513/lib
[6.969s]     runtime library [libQt5Sql.so.5] in /usr/lib/x86_64-linux-gnu may be hidden by files in:
[6.970s]       /opt/qt513/lib
[6.970s] 
[6.970s]   Some of these libraries may not be found correctly.
[6.970s] 
[6.970s] 
[6.987s] -- Generating done
[6.992s] -- Build files have been written to: /root/crs_ws_fanuc/build/crs_application
[7.008s] Invoked command in '/root/crs_ws_fanuc/build/crs_application' returned '0': CMAKE_PREFIX_PATH=/root/crs_ws_fanuc/install/crs_motion_planning:/root/crs_ws_fanuc/install/ur_ikfast_kinematics:/root/crs_ws_fanuc/install/trajopt:/root/crs_ws_fanuc/install/trajopt_sco:/root/crs_ws_fanuc/install/descartes_samplers:/root/crs_ws_fanuc/install/descartes_ikfast:/root/crs_ws_fanuc/install/crs_msgs:/root/crs_ws_fanuc/install/trajopt_utils:/root/crs_ws_fanuc/install/scxml_core:/root/crs_ws_fanuc/install/region_detection_msgs:/root/crs_ws_fanuc/install/osqp:/root/crs_ws_fanuc/install/iterative_spline_parameterization:/root/crs_ws_fanuc/install/descartes_light:/root/crs_ws_fanuc/install/cartesian_trajectory_msgs:/root/crs_ws_fanuc/install/crs_utils_py:/opt/ros/eloquent:/opt/ros/melodic:/root/crs_ws_fanuc/install/trajopt_tools:/root/crs_ws_fanuc/install/vhacd:/root/crs_ws_fanuc/install/crs_gui:/root/crs_ws_fanuc/install/crs_application:/root/crs_ws_fanuc/install/crs_robot_comms:/root/crs_ws_fanuc/install/ur_dashboard_msgs:/root/crs_ws_fanuc/install/trajopt_sqp:/root/crs_ws_fanuc/install/trajopt_ifopt:/root/crs_ws_fanuc/install/tesseract_monitoring:/root/crs_ws_fanuc/install/tesseract_rosutils:/root/crs_ws_fanuc/install/tesseract_process_planners:/root/crs_ws_fanuc/install/tesseract_motion_planners:/root/crs_ws_fanuc/install/tesseract_visualization:/root/crs_ws_fanuc/install/tesseract:/root/crs_ws_fanuc/install/tesseract_urdf:/root/crs_ws_fanuc/install/tesseract_plugins:/root/crs_ws_fanuc/install/tesseract_environment:/root/crs_ws_fanuc/install/tesseract_collision:/root/crs_ws_fanuc/install/tesseract_support:/root/crs_ws_fanuc/install/tesseract_kinematics:/root/crs_ws_fanuc/install/tesseract_scene_graph:/root/crs_ws_fanuc/install/tesseract_msgs:/root/crs_ws_fanuc/install/tesseract_geometry:/root/crs_ws_fanuc/install/tesseract_common:/root/crs_ws_fanuc/install/rclcpp_scxml_demos:/root/crs_ws_fanuc/install/region_detection_rclcpp:/root/crs_ws_fanuc/install/region_detection_core:/root/crs_ws_fanuc/install/osqp_eigen:/root/crs_ws_fanuc/install/descartes_opw:/root/crs_ws_fanuc/install/opw_kinematics:/root/crs_ws_fanuc/install/octomap_msgs:/root/crs_ws_fanuc/install/fcl:/root/crs_ws_fanuc/install/libccd:/root/crs_ws_fanuc/install/ifopt:/root/crs_ws_fanuc/install/gtest:/root/crs_ws_fanuc/install/crs_toolpath_gen:/root/crs_ws_fanuc/install/crs_support:/root/crs_ws_fanuc/install/crs_process_data:/root/crs_ws_fanuc/install/crs_perception:/root/crs_ws_fanuc/install/crs_area_selection:/root/crs_ws_fanuc/install/crs_gazebo_plugins:/root/crs_ws_fanuc/install/bullet3:/opt/qt513/lib/cmake LD_LIBRARY_PATH=/root/crs_ws_fanuc/install/crs_motion_planning/lib:/root/crs_ws_fanuc/install/ur_ikfast_kinematics/lib:/root/crs_ws_fanuc/install/trajopt/lib:/root/crs_ws_fanuc/install/trajopt_sco/lib:/root/crs_ws_fanuc/install/descartes_samplers/lib:/root/crs_ws_fanuc/install/crs_msgs/lib:/root/crs_ws_fanuc/install/trajopt_utils/lib:/root/crs_ws_fanuc/install/scxml_core/lib:/root/crs_ws_fanuc/install/region_detection_msgs/lib:/root/crs_ws_fanuc/install/osqp/lib:/root/crs_ws_fanuc/install/descartes_light/lib:/root/crs_ws_fanuc/install/cartesian_trajectory_msgs/lib:/opt/ros/melodic/lib:/root/crs_ws_fanuc/install/vhacd/lib:/root/crs_ws_fanuc/install/crs_gui/lib:/root/crs_ws_fanuc/install/crs_application/lib:/root/crs_ws_fanuc/install/ur_dashboard_msgs/lib:/root/crs_ws_fanuc/install/trajopt_sqp/lib:/root/crs_ws_fanuc/install/trajopt_ifopt/lib:/root/crs_ws_fanuc/install/tesseract_monitoring/lib:/root/crs_ws_fanuc/install/tesseract_process_planners/lib:/root/crs_ws_fanuc/install/tesseract_motion_planners/lib:/root/crs_ws_fanuc/install/tesseract/lib:/root/crs_ws_fanuc/install/tesseract_urdf/lib:/root/crs_ws_fanuc/install/tesseract_plugins/lib:/root/crs_ws_fanuc/install/tesseract_environment/lib:/root/crs_ws_fanuc/install/tesseract_collision/lib:/root/crs_ws_fanuc/install/tesseract_kinematics/lib:/root/crs_ws_fanuc/install/tesseract_scene_graph/lib:/root/crs_ws_fanuc/install/tesseract_msgs/lib:/root/crs_ws_fanuc/install/region_detection_core/lib:/root/crs_ws_fanuc/install/osqp_eigen/lib:/root/crs_ws_fanuc/install/descartes_opw/lib:/root/crs_ws_fanuc/install/octomap_msgs/lib:/root/crs_ws_fanuc/install/fcl/lib:/root/crs_ws_fanuc/install/libccd/lib:/root/crs_ws_fanuc/install/ifopt/lib:/root/crs_ws_fanuc/install/gtest/lib:/root/crs_ws_fanuc/install/crs_perception/lib:/root/crs_ws_fanuc/install/crs_area_selection/lib:/root/crs_ws_fanuc/install/crs_gazebo_plugins/lib:/root/crs_ws_fanuc/install/bullet3/lib:/opt/qt513/plugins:/opt/qt513/lib:/usr/lib/x86_64-linux-gnu/gazebo-9/plugins:/opt/ros/eloquent/opt/yaml_cpp_vendor/lib:/opt/ros/eloquent/opt/rviz_ogre_vendor/lib:/opt/ros/eloquent/lib/x86_64-linux-gnu:/opt/ros/eloquent/lib PATH=/root/crs_ws_fanuc/install/trajopt_sco/bin:/opt/ros/melodic/bin:/root/crs_ws_fanuc/install/trajopt_tools/bin:/root/crs_ws_fanuc/install/tesseract_urdf/bin:/root/crs_ws_fanuc/install/tesseract_collision/bin:/root/crs_ws_fanuc/install/tesseract_scene_graph/bin:/root/crs_ws_fanuc/install/tesseract_geometry/bin:/root/crs_ws_fanuc/install/swig/bin:/root/crs_ws_fanuc/install/region_detection_core/bin:/opt/ros/eloquent/bin:/usr/local/sbin:/usr/local/bin:/usr/sbin:/usr/bin:/sbin:/bin PKG_CONFIG_PATH=/root/crs_ws_fanuc/install/ur_ikfast_kinematics/lib/x86_64-linux-gnu/pkgconfig:/root/crs_ws_fanuc/install/ur_ikfast_kinematics/lib/pkgconfig:/root/crs_ws_fanuc/install/trajopt/lib/x86_64-linux-gnu/pkgconfig:/root/crs_ws_fanuc/install/trajopt/lib/pkgconfig:/root/crs_ws_fanuc/install/trajopt_sco/lib/x86_64-linux-gnu/pkgconfig:/root/crs_ws_fanuc/install/trajopt_sco/lib/pkgconfig:/root/crs_ws_fanuc/install/descartes_samplers/lib/x86_64-linux-gnu/pkgconfig:/root/crs_ws_fanuc/install/descartes_samplers/lib/pkgconfig:/root/crs_ws_fanuc/install/descartes_ikfast/lib/x86_64-linux-gnu/pkgconfig:/root/crs_ws_fanuc/install/descartes_ikfast/lib/pkgconfig:/root/crs_ws_fanuc/install/trajopt_utils/lib/x86_64-linux-gnu/pkgconfig:/root/crs_ws_fanuc/install/trajopt_utils/lib/pkgconfig:/root/crs_ws_fanuc/install/scxml_core/lib/x86_64-linux-gnu/pkgconfig:/root/crs_ws_fanuc/install/scxml_core/lib/pkgconfig:/root/crs_ws_fanuc/install/osqp/lib/x86_64-linux-gnu/pkgconfig:/root/crs_ws_fanuc/install/osqp/lib/pkgconfig:/root/crs_ws_fanuc/install/iterative_spline_parameterization/lib/x86_64-linux-gnu/pkgconfig:/root/crs_ws_fanuc/install/iterative_spline_parameterization/lib/pkgconfig:/root/crs_ws_fanuc/install/descartes_light/lib/x86_64-linux-gnu/pkgconfig:/root/crs_ws_fanuc/install/descartes_light/lib/pkgconfig:/opt/ros/melodic/lib/pkgconfig:/root/crs_ws_fanuc/install/trajopt_tools/lib/x86_64-linux-gnu/pkgconfig:/root/crs_ws_fanuc/install/trajopt_tools/lib/pkgconfig:/root/crs_ws_fanuc/install/vhacd/lib/x86_64-linux-gnu/pkgconfig:/root/crs_ws_fanuc/install/vhacd/lib/pkgconfig:/root/crs_ws_fanuc/install/trajopt_sqp/lib/x86_64-linux-gnu/pkgconfig:/root/crs_ws_fanuc/install/trajopt_sqp/lib/pkgconfig:/root/crs_ws_fanuc/install/trajopt_ifopt/lib/x86_64-linux-gnu/pkgconfig:/root/crs_ws_fanuc/install/trajopt_ifopt/lib/pkgconfig:/root/crs_ws_fanuc/install/tesseract_viewer_python/lib/x86_64-linux-gnu/pkgconfig:/root/crs_ws_fanuc/install/tesseract_viewer_python/lib/pkgconfig:/root/crs_ws_fanuc/install/tesseract_python/lib/x86_64-linux-gnu/pkgconfig:/root/crs_ws_fanuc/install/tesseract_python/lib/pkgconfig:/root/crs_ws_fanuc/install/tesseract_process_planners/lib/x86_64-linux-gnu/pkgconfig:/root/crs_ws_fanuc/install/tesseract_process_planners/lib/pkgconfig:/root/crs_ws_fanuc/install/tesseract_motion_planners/lib/x86_64-linux-gnu/pkgconfig:/root/crs_ws_fanuc/install/tesseract_motion_planners/lib/pkgconfig:/root/crs_ws_fanuc/install/tesseract_visualization/lib/x86_64-linux-gnu/pkgconfig:/root/crs_ws_fanuc/install/tesseract_visualization/lib/pkgconfig:/root/crs_ws_fanuc/install/tesseract/lib/x86_64-linux-gnu/pkgconfig:/root/crs_ws_fanuc/install/tesseract/lib/pkgconfig:/root/crs_ws_fanuc/install/tesseract_urdf/lib/x86_64-linux-gnu/pkgconfig:/root/crs_ws_fanuc/install/tesseract_urdf/lib/pkgconfig:/root/crs_ws_fanuc/install/tesseract_environment/lib/x86_64-linux-gnu/pkgconfig:/root/crs_ws_fanuc/install/tesseract_environment/lib/pkgconfig:/root/crs_ws_fanuc/install/tesseract_collision/lib/x86_64-linux-gnu/pkgconfig:/root/crs_ws_fanuc/install/tesseract_collision/lib/pkgconfig:/root/crs_ws_fanuc/install/tesseract_support/lib/x86_64-linux-gnu/pkgconfig:/root/crs_ws_fanuc/install/tesseract_support/lib/pkgconfig:/root/crs_ws_fanuc/install/tesseract_kinematics/lib/x86_64-linux-gnu/pkgconfig:/root/crs_ws_fanuc/install/tesseract_kinematics/lib/pkgconfig:/root/crs_ws_fanuc/install/tesseract_scene_graph/lib/x86_64-linux-gnu/pkgconfig:/root/crs_ws_fanuc/install/tesseract_scene_graph/lib/pkgconfig:/root/crs_ws_fanuc/install/tesseract_geometry/lib/x86_64-linux-gnu/pkgconfig:/root/crs_ws_fanuc/install/tesseract_geometry/lib/pkgconfig:/root/crs_ws_fanuc/install/tesseract_common/lib/x86_64-linux-gnu/pkgconfig:/root/crs_ws_fanuc/install/tesseract_common/lib/pkgconfig:/root/crs_ws_fanuc/install/swig/lib/x86_64-linux-gnu/pkgconfig:/root/crs_ws_fanuc/install/swig/lib/pkgconfig:/root/crs_ws_fanuc/install/region_detection_core/lib/x86_64-linux-gnu/pkgconfig:/root/crs_ws_fanuc/install/region_detection_core/lib/pkgconfig:/root/crs_ws_fanuc/install/osqp_eigen/lib/x86_64-linux-gnu/pkgconfig:/root/crs_ws_fanuc/install/osqp_eigen/lib/pkgconfig:/root/crs_ws_fanuc/install/orocos_kdl/lib/x86_64-linux-gnu/pkgconfig:/root/crs_ws_fanuc/install/orocos_kdl/lib/pkgconfig:/root/crs_ws_fanuc/install/descartes_opw/lib/x86_64-linux-gnu/pkgconfig:/root/crs_ws_fanuc/install/descartes_opw/lib/pkgconfig:/root/crs_ws_fanuc/install/opw_kinematics/lib/x86_64-linux-gnu/pkgconfig:/root/crs_ws_fanuc/install/opw_kinematics/lib/pkgconfig:/root/crs_ws_fanuc/install/fcl/lib/x86_64-linux-gnu/pkgconfig:/root/crs_ws_fanuc/install/fcl/lib/pkgconfig:/root/crs_ws_fanuc/install/libccd/lib/x86_64-linux-gnu/pkgconfig:/root/crs_ws_fanuc/install/libccd/lib/pkgconfig:/root/crs_ws_fanuc/install/ifopt/lib/x86_64-linux-gnu/pkgconfig:/root/crs_ws_fanuc/install/ifopt/lib/pkgconfig:/root/crs_ws_fanuc/install/gtest/lib/x86_64-linux-gnu/pkgconfig:/root/crs_ws_fanuc/install/gtest/lib/pkgconfig:/root/crs_ws_fanuc/install/eigen/lib/x86_64-linux-gnu/pkgconfig:/root/crs_ws_fanuc/install/eigen/lib/pkgconfig:/root/crs_ws_fanuc/install/bullet3/lib/x86_64-linux-gnu/pkgconfig:/root/crs_ws_fanuc/install/bullet3/lib/pkgconfig PYTHONPATH=/root/crs_ws_fanuc/install/crs_msgs/lib/python3.6/site-packages:/root/crs_ws_fanuc/install/region_detection_msgs/lib/python3.6/site-packages:/root/crs_ws_fanuc/install/cartesian_trajectory_msgs/lib/python3.6/site-packages:/opt/ros/melodic/lib/python2.7/dist-packages:/root/crs_ws_fanuc/install/ur_dashboard_msgs/lib/python3.6/site-packages:/root/crs_ws_fanuc/install/tesseract_msgs/lib/python3.6/site-packages:/root/crs_ws_fanuc/install/octomap_msgs/lib/python3.6/site-packages:/root/crs_ws_fanuc/install/crs_utils_py/lib/python3.6/site-packages:/opt/ros/eloquent/lib/python3.6/site-packages /usr/bin/cmake /root/crs_ws_fanuc/src/collaborative-robotic-sanding/crs_application -DAMENT_CMAKE_SYMLINK_INSTALL=1 -DCMAKE_INSTALL_PREFIX=/root/crs_ws_fanuc/install/crs_application
[7.012s] Invoking command in '/root/crs_ws_fanuc/build/crs_application': CMAKE_PREFIX_PATH=/root/crs_ws_fanuc/install/crs_motion_planning:/root/crs_ws_fanuc/install/ur_ikfast_kinematics:/root/crs_ws_fanuc/install/trajopt:/root/crs_ws_fanuc/install/trajopt_sco:/root/crs_ws_fanuc/install/descartes_samplers:/root/crs_ws_fanuc/install/descartes_ikfast:/root/crs_ws_fanuc/install/crs_msgs:/root/crs_ws_fanuc/install/trajopt_utils:/root/crs_ws_fanuc/install/scxml_core:/root/crs_ws_fanuc/install/region_detection_msgs:/root/crs_ws_fanuc/install/osqp:/root/crs_ws_fanuc/install/iterative_spline_parameterization:/root/crs_ws_fanuc/install/descartes_light:/root/crs_ws_fanuc/install/cartesian_trajectory_msgs:/root/crs_ws_fanuc/install/crs_utils_py:/opt/ros/eloquent:/opt/ros/melodic:/root/crs_ws_fanuc/install/trajopt_tools:/root/crs_ws_fanuc/install/vhacd:/root/crs_ws_fanuc/install/crs_gui:/root/crs_ws_fanuc/install/crs_application:/root/crs_ws_fanuc/install/crs_robot_comms:/root/crs_ws_fanuc/install/ur_dashboard_msgs:/root/crs_ws_fanuc/install/trajopt_sqp:/root/crs_ws_fanuc/install/trajopt_ifopt:/root/crs_ws_fanuc/install/tesseract_monitoring:/root/crs_ws_fanuc/install/tesseract_rosutils:/root/crs_ws_fanuc/install/tesseract_process_planners:/root/crs_ws_fanuc/install/tesseract_motion_planners:/root/crs_ws_fanuc/install/tesseract_visualization:/root/crs_ws_fanuc/install/tesseract:/root/crs_ws_fanuc/install/tesseract_urdf:/root/crs_ws_fanuc/install/tesseract_plugins:/root/crs_ws_fanuc/install/tesseract_environment:/root/crs_ws_fanuc/install/tesseract_collision:/root/crs_ws_fanuc/install/tesseract_support:/root/crs_ws_fanuc/install/tesseract_kinematics:/root/crs_ws_fanuc/install/tesseract_scene_graph:/root/crs_ws_fanuc/install/tesseract_msgs:/root/crs_ws_fanuc/install/tesseract_geometry:/root/crs_ws_fanuc/install/tesseract_common:/root/crs_ws_fanuc/install/rclcpp_scxml_demos:/root/crs_ws_fanuc/install/region_detection_rclcpp:/root/crs_ws_fanuc/install/region_detection_core:/root/crs_ws_fanuc/install/osqp_eigen:/root/crs_ws_fanuc/install/descartes_opw:/root/crs_ws_fanuc/install/opw_kinematics:/root/crs_ws_fanuc/install/octomap_msgs:/root/crs_ws_fanuc/install/fcl:/root/crs_ws_fanuc/install/libccd:/root/crs_ws_fanuc/install/ifopt:/root/crs_ws_fanuc/install/gtest:/root/crs_ws_fanuc/install/crs_toolpath_gen:/root/crs_ws_fanuc/install/crs_support:/root/crs_ws_fanuc/install/crs_process_data:/root/crs_ws_fanuc/install/crs_perception:/root/crs_ws_fanuc/install/crs_area_selection:/root/crs_ws_fanuc/install/crs_gazebo_plugins:/root/crs_ws_fanuc/install/bullet3:/opt/qt513/lib/cmake LD_LIBRARY_PATH=/root/crs_ws_fanuc/install/crs_motion_planning/lib:/root/crs_ws_fanuc/install/ur_ikfast_kinematics/lib:/root/crs_ws_fanuc/install/trajopt/lib:/root/crs_ws_fanuc/install/trajopt_sco/lib:/root/crs_ws_fanuc/install/descartes_samplers/lib:/root/crs_ws_fanuc/install/crs_msgs/lib:/root/crs_ws_fanuc/install/trajopt_utils/lib:/root/crs_ws_fanuc/install/scxml_core/lib:/root/crs_ws_fanuc/install/region_detection_msgs/lib:/root/crs_ws_fanuc/install/osqp/lib:/root/crs_ws_fanuc/install/descartes_light/lib:/root/crs_ws_fanuc/install/cartesian_trajectory_msgs/lib:/opt/ros/melodic/lib:/root/crs_ws_fanuc/install/vhacd/lib:/root/crs_ws_fanuc/install/crs_gui/lib:/root/crs_ws_fanuc/install/crs_application/lib:/root/crs_ws_fanuc/install/ur_dashboard_msgs/lib:/root/crs_ws_fanuc/install/trajopt_sqp/lib:/root/crs_ws_fanuc/install/trajopt_ifopt/lib:/root/crs_ws_fanuc/install/tesseract_monitoring/lib:/root/crs_ws_fanuc/install/tesseract_process_planners/lib:/root/crs_ws_fanuc/install/tesseract_motion_planners/lib:/root/crs_ws_fanuc/install/tesseract/lib:/root/crs_ws_fanuc/install/tesseract_urdf/lib:/root/crs_ws_fanuc/install/tesseract_plugins/lib:/root/crs_ws_fanuc/install/tesseract_environment/lib:/root/crs_ws_fanuc/install/tesseract_collision/lib:/root/crs_ws_fanuc/install/tesseract_kinematics/lib:/root/crs_ws_fanuc/install/tesseract_scene_graph/lib:/root/crs_ws_fanuc/install/tesseract_msgs/lib:/root/crs_ws_fanuc/install/region_detection_core/lib:/root/crs_ws_fanuc/install/osqp_eigen/lib:/root/crs_ws_fanuc/install/descartes_opw/lib:/root/crs_ws_fanuc/install/octomap_msgs/lib:/root/crs_ws_fanuc/install/fcl/lib:/root/crs_ws_fanuc/install/libccd/lib:/root/crs_ws_fanuc/install/ifopt/lib:/root/crs_ws_fanuc/install/gtest/lib:/root/crs_ws_fanuc/install/crs_perception/lib:/root/crs_ws_fanuc/install/crs_area_selection/lib:/root/crs_ws_fanuc/install/crs_gazebo_plugins/lib:/root/crs_ws_fanuc/install/bullet3/lib:/opt/qt513/plugins:/opt/qt513/lib:/usr/lib/x86_64-linux-gnu/gazebo-9/plugins:/opt/ros/eloquent/opt/yaml_cpp_vendor/lib:/opt/ros/eloquent/opt/rviz_ogre_vendor/lib:/opt/ros/eloquent/lib/x86_64-linux-gnu:/opt/ros/eloquent/lib PATH=/root/crs_ws_fanuc/install/trajopt_sco/bin:/opt/ros/melodic/bin:/root/crs_ws_fanuc/install/trajopt_tools/bin:/root/crs_ws_fanuc/install/tesseract_urdf/bin:/root/crs_ws_fanuc/install/tesseract_collision/bin:/root/crs_ws_fanuc/install/tesseract_scene_graph/bin:/root/crs_ws_fanuc/install/tesseract_geometry/bin:/root/crs_ws_fanuc/install/swig/bin:/root/crs_ws_fanuc/install/region_detection_core/bin:/opt/ros/eloquent/bin:/usr/local/sbin:/usr/local/bin:/usr/sbin:/usr/bin:/sbin:/bin PKG_CONFIG_PATH=/root/crs_ws_fanuc/install/ur_ikfast_kinematics/lib/x86_64-linux-gnu/pkgconfig:/root/crs_ws_fanuc/install/ur_ikfast_kinematics/lib/pkgconfig:/root/crs_ws_fanuc/install/trajopt/lib/x86_64-linux-gnu/pkgconfig:/root/crs_ws_fanuc/install/trajopt/lib/pkgconfig:/root/crs_ws_fanuc/install/trajopt_sco/lib/x86_64-linux-gnu/pkgconfig:/root/crs_ws_fanuc/install/trajopt_sco/lib/pkgconfig:/root/crs_ws_fanuc/install/descartes_samplers/lib/x86_64-linux-gnu/pkgconfig:/root/crs_ws_fanuc/install/descartes_samplers/lib/pkgconfig:/root/crs_ws_fanuc/install/descartes_ikfast/lib/x86_64-linux-gnu/pkgconfig:/root/crs_ws_fanuc/install/descartes_ikfast/lib/pkgconfig:/root/crs_ws_fanuc/install/trajopt_utils/lib/x86_64-linux-gnu/pkgconfig:/root/crs_ws_fanuc/install/trajopt_utils/lib/pkgconfig:/root/crs_ws_fanuc/install/scxml_core/lib/x86_64-linux-gnu/pkgconfig:/root/crs_ws_fanuc/install/scxml_core/lib/pkgconfig:/root/crs_ws_fanuc/install/osqp/lib/x86_64-linux-gnu/pkgconfig:/root/crs_ws_fanuc/install/osqp/lib/pkgconfig:/root/crs_ws_fanuc/install/iterative_spline_parameterization/lib/x86_64-linux-gnu/pkgconfig:/root/crs_ws_fanuc/install/iterative_spline_parameterization/lib/pkgconfig:/root/crs_ws_fanuc/install/descartes_light/lib/x86_64-linux-gnu/pkgconfig:/root/crs_ws_fanuc/install/descartes_light/lib/pkgconfig:/opt/ros/melodic/lib/pkgconfig:/root/crs_ws_fanuc/install/trajopt_tools/lib/x86_64-linux-gnu/pkgconfig:/root/crs_ws_fanuc/install/trajopt_tools/lib/pkgconfig:/root/crs_ws_fanuc/install/vhacd/lib/x86_64-linux-gnu/pkgconfig:/root/crs_ws_fanuc/install/vhacd/lib/pkgconfig:/root/crs_ws_fanuc/install/trajopt_sqp/lib/x86_64-linux-gnu/pkgconfig:/root/crs_ws_fanuc/install/trajopt_sqp/lib/pkgconfig:/root/crs_ws_fanuc/install/trajopt_ifopt/lib/x86_64-linux-gnu/pkgconfig:/root/crs_ws_fanuc/install/trajopt_ifopt/lib/pkgconfig:/root/crs_ws_fanuc/install/tesseract_viewer_python/lib/x86_64-linux-gnu/pkgconfig:/root/crs_ws_fanuc/install/tesseract_viewer_python/lib/pkgconfig:/root/crs_ws_fanuc/install/tesseract_python/lib/x86_64-linux-gnu/pkgconfig:/root/crs_ws_fanuc/install/tesseract_python/lib/pkgconfig:/root/crs_ws_fanuc/install/tesseract_process_planners/lib/x86_64-linux-gnu/pkgconfig:/root/crs_ws_fanuc/install/tesseract_process_planners/lib/pkgconfig:/root/crs_ws_fanuc/install/tesseract_motion_planners/lib/x86_64-linux-gnu/pkgconfig:/root/crs_ws_fanuc/install/tesseract_motion_planners/lib/pkgconfig:/root/crs_ws_fanuc/install/tesseract_visualization/lib/x86_64-linux-gnu/pkgconfig:/root/crs_ws_fanuc/install/tesseract_visualization/lib/pkgconfig:/root/crs_ws_fanuc/install/tesseract/lib/x86_64-linux-gnu/pkgconfig:/root/crs_ws_fanuc/install/tesseract/lib/pkgconfig:/root/crs_ws_fanuc/install/tesseract_urdf/lib/x86_64-linux-gnu/pkgconfig:/root/crs_ws_fanuc/install/tesseract_urdf/lib/pkgconfig:/root/crs_ws_fanuc/install/tesseract_environment/lib/x86_64-linux-gnu/pkgconfig:/root/crs_ws_fanuc/install/tesseract_environment/lib/pkgconfig:/root/crs_ws_fanuc/install/tesseract_collision/lib/x86_64-linux-gnu/pkgconfig:/root/crs_ws_fanuc/install/tesseract_collision/lib/pkgconfig:/root/crs_ws_fanuc/install/tesseract_support/lib/x86_64-linux-gnu/pkgconfig:/root/crs_ws_fanuc/install/tesseract_support/lib/pkgconfig:/root/crs_ws_fanuc/install/tesseract_kinematics/lib/x86_64-linux-gnu/pkgconfig:/root/crs_ws_fanuc/install/tesseract_kinematics/lib/pkgconfig:/root/crs_ws_fanuc/install/tesseract_scene_graph/lib/x86_64-linux-gnu/pkgconfig:/root/crs_ws_fanuc/install/tesseract_scene_graph/lib/pkgconfig:/root/crs_ws_fanuc/install/tesseract_geometry/lib/x86_64-linux-gnu/pkgconfig:/root/crs_ws_fanuc/install/tesseract_geometry/lib/pkgconfig:/root/crs_ws_fanuc/install/tesseract_common/lib/x86_64-linux-gnu/pkgconfig:/root/crs_ws_fanuc/install/tesseract_common/lib/pkgconfig:/root/crs_ws_fanuc/install/swig/lib/x86_64-linux-gnu/pkgconfig:/root/crs_ws_fanuc/install/swig/lib/pkgconfig:/root/crs_ws_fanuc/install/region_detection_core/lib/x86_64-linux-gnu/pkgconfig:/root/crs_ws_fanuc/install/region_detection_core/lib/pkgconfig:/root/crs_ws_fanuc/install/osqp_eigen/lib/x86_64-linux-gnu/pkgconfig:/root/crs_ws_fanuc/install/osqp_eigen/lib/pkgconfig:/root/crs_ws_fanuc/install/orocos_kdl/lib/x86_64-linux-gnu/pkgconfig:/root/crs_ws_fanuc/install/orocos_kdl/lib/pkgconfig:/root/crs_ws_fanuc/install/descartes_opw/lib/x86_64-linux-gnu/pkgconfig:/root/crs_ws_fanuc/install/descartes_opw/lib/pkgconfig:/root/crs_ws_fanuc/install/opw_kinematics/lib/x86_64-linux-gnu/pkgconfig:/root/crs_ws_fanuc/install/opw_kinematics/lib/pkgconfig:/root/crs_ws_fanuc/install/fcl/lib/x86_64-linux-gnu/pkgconfig:/root/crs_ws_fanuc/install/fcl/lib/pkgconfig:/root/crs_ws_fanuc/install/libccd/lib/x86_64-linux-gnu/pkgconfig:/root/crs_ws_fanuc/install/libccd/lib/pkgconfig:/root/crs_ws_fanuc/install/ifopt/lib/x86_64-linux-gnu/pkgconfig:/root/crs_ws_fanuc/install/ifopt/lib/pkgconfig:/root/crs_ws_fanuc/install/gtest/lib/x86_64-linux-gnu/pkgconfig:/root/crs_ws_fanuc/install/gtest/lib/pkgconfig:/root/crs_ws_fanuc/install/eigen/lib/x86_64-linux-gnu/pkgconfig:/root/crs_ws_fanuc/install/eigen/lib/pkgconfig:/root/crs_ws_fanuc/install/bullet3/lib/x86_64-linux-gnu/pkgconfig:/root/crs_ws_fanuc/install/bullet3/lib/pkgconfig PYTHONPATH=/root/crs_ws_fanuc/install/crs_msgs/lib/python3.6/site-packages:/root/crs_ws_fanuc/install/region_detection_msgs/lib/python3.6/site-packages:/root/crs_ws_fanuc/install/cartesian_trajectory_msgs/lib/python3.6/site-packages:/opt/ros/melodic/lib/python2.7/dist-packages:/root/crs_ws_fanuc/install/ur_dashboard_msgs/lib/python3.6/site-packages:/root/crs_ws_fanuc/install/tesseract_msgs/lib/python3.6/site-packages:/root/crs_ws_fanuc/install/octomap_msgs/lib/python3.6/site-packages:/root/crs_ws_fanuc/install/crs_utils_py/lib/python3.6/site-packages:/opt/ros/eloquent/lib/python3.6/site-packages /usr/bin/cmake --build /root/crs_ws_fanuc/build/crs_application -- -j8 -l8
[7.315s] [35m[1mScanning dependencies of target crs_application[0m
[7.881s] [  9%] [32mBuilding CXX object CMakeFiles/crs_application.dir/src/common/simulation_object_spawner.cpp.o[0m
[7.886s] [ 18%] [32mBuilding CXX object CMakeFiles/crs_application.dir/src/task_managers/scan_acquisition_manager.cpp.o[0m
[7.892s] [ 27%] [32mBuilding CXX object CMakeFiles/crs_application.dir/src/task_managers/part_registration_manager.cpp.o[0m
[7.901s] [ 45%] [32mBuilding CXX object CMakeFiles/crs_application.dir/src/task_managers/part_rework_manager.cpp.o[0m
[7.901s] [ 45%] [32mBuilding CXX object CMakeFiles/crs_application.dir/src/common/config.cpp.o[0m
[7.913s] [ 54%] [32mBuilding CXX object CMakeFiles/crs_application.dir/src/task_managers/process_execution_manager.cpp.o[0m
[7.921s] [ 63%] [32mBuilding CXX object CMakeFiles/crs_application.dir/src/crs_executive.cpp.o[0m
[7.926s] [ 72%] [32mBuilding CXX object CMakeFiles/crs_application.dir/src/task_managers/motion_planning_manager.cpp.o[0m
[42.396s] [ 81%] [32m[1mLinking CXX shared library libcrs_application.so[0m
[49.602s] [ 81%] Built target crs_application
[49.619s] [35m[1mScanning dependencies of target crs_application_node[0m
[49.794s] [ 90%] [32mBuilding CXX object CMakeFiles/crs_application_node.dir/src/crs_application.cpp.o[0m
[65.468s] [100%] [32m[1mLinking CXX executable crs_application_node[0m
[71.647s] [100%] Built target crs_application_node
[71.662s] Invoked command in '/root/crs_ws_fanuc/build/crs_application' returned '0': CMAKE_PREFIX_PATH=/root/crs_ws_fanuc/install/crs_motion_planning:/root/crs_ws_fanuc/install/ur_ikfast_kinematics:/root/crs_ws_fanuc/install/trajopt:/root/crs_ws_fanuc/install/trajopt_sco:/root/crs_ws_fanuc/install/descartes_samplers:/root/crs_ws_fanuc/install/descartes_ikfast:/root/crs_ws_fanuc/install/crs_msgs:/root/crs_ws_fanuc/install/trajopt_utils:/root/crs_ws_fanuc/install/scxml_core:/root/crs_ws_fanuc/install/region_detection_msgs:/root/crs_ws_fanuc/install/osqp:/root/crs_ws_fanuc/install/iterative_spline_parameterization:/root/crs_ws_fanuc/install/descartes_light:/root/crs_ws_fanuc/install/cartesian_trajectory_msgs:/root/crs_ws_fanuc/install/crs_utils_py:/opt/ros/eloquent:/opt/ros/melodic:/root/crs_ws_fanuc/install/trajopt_tools:/root/crs_ws_fanuc/install/vhacd:/root/crs_ws_fanuc/install/crs_gui:/root/crs_ws_fanuc/install/crs_application:/root/crs_ws_fanuc/install/crs_robot_comms:/root/crs_ws_fanuc/install/ur_dashboard_msgs:/root/crs_ws_fanuc/install/trajopt_sqp:/root/crs_ws_fanuc/install/trajopt_ifopt:/root/crs_ws_fanuc/install/tesseract_monitoring:/root/crs_ws_fanuc/install/tesseract_rosutils:/root/crs_ws_fanuc/install/tesseract_process_planners:/root/crs_ws_fanuc/install/tesseract_motion_planners:/root/crs_ws_fanuc/install/tesseract_visualization:/root/crs_ws_fanuc/install/tesseract:/root/crs_ws_fanuc/install/tesseract_urdf:/root/crs_ws_fanuc/install/tesseract_plugins:/root/crs_ws_fanuc/install/tesseract_environment:/root/crs_ws_fanuc/install/tesseract_collision:/root/crs_ws_fanuc/install/tesseract_support:/root/crs_ws_fanuc/install/tesseract_kinematics:/root/crs_ws_fanuc/install/tesseract_scene_graph:/root/crs_ws_fanuc/install/tesseract_msgs:/root/crs_ws_fanuc/install/tesseract_geometry:/root/crs_ws_fanuc/install/tesseract_common:/root/crs_ws_fanuc/install/rclcpp_scxml_demos:/root/crs_ws_fanuc/install/region_detection_rclcpp:/root/crs_ws_fanuc/install/region_detection_core:/root/crs_ws_fanuc/install/osqp_eigen:/root/crs_ws_fanuc/install/descartes_opw:/root/crs_ws_fanuc/install/opw_kinematics:/root/crs_ws_fanuc/install/octomap_msgs:/root/crs_ws_fanuc/install/fcl:/root/crs_ws_fanuc/install/libccd:/root/crs_ws_fanuc/install/ifopt:/root/crs_ws_fanuc/install/gtest:/root/crs_ws_fanuc/install/crs_toolpath_gen:/root/crs_ws_fanuc/install/crs_support:/root/crs_ws_fanuc/install/crs_process_data:/root/crs_ws_fanuc/install/crs_perception:/root/crs_ws_fanuc/install/crs_area_selection:/root/crs_ws_fanuc/install/crs_gazebo_plugins:/root/crs_ws_fanuc/install/bullet3:/opt/qt513/lib/cmake LD_LIBRARY_PATH=/root/crs_ws_fanuc/install/crs_motion_planning/lib:/root/crs_ws_fanuc/install/ur_ikfast_kinematics/lib:/root/crs_ws_fanuc/install/trajopt/lib:/root/crs_ws_fanuc/install/trajopt_sco/lib:/root/crs_ws_fanuc/install/descartes_samplers/lib:/root/crs_ws_fanuc/install/crs_msgs/lib:/root/crs_ws_fanuc/install/trajopt_utils/lib:/root/crs_ws_fanuc/install/scxml_core/lib:/root/crs_ws_fanuc/install/region_detection_msgs/lib:/root/crs_ws_fanuc/install/osqp/lib:/root/crs_ws_fanuc/install/descartes_light/lib:/root/crs_ws_fanuc/install/cartesian_trajectory_msgs/lib:/opt/ros/melodic/lib:/root/crs_ws_fanuc/install/vhacd/lib:/root/crs_ws_fanuc/install/crs_gui/lib:/root/crs_ws_fanuc/install/crs_application/lib:/root/crs_ws_fanuc/install/ur_dashboard_msgs/lib:/root/crs_ws_fanuc/install/trajopt_sqp/lib:/root/crs_ws_fanuc/install/trajopt_ifopt/lib:/root/crs_ws_fanuc/install/tesseract_monitoring/lib:/root/crs_ws_fanuc/install/tesseract_process_planners/lib:/root/crs_ws_fanuc/install/tesseract_motion_planners/lib:/root/crs_ws_fanuc/install/tesseract/lib:/root/crs_ws_fanuc/install/tesseract_urdf/lib:/root/crs_ws_fanuc/install/tesseract_plugins/lib:/root/crs_ws_fanuc/install/tesseract_environment/lib:/root/crs_ws_fanuc/install/tesseract_collision/lib:/root/crs_ws_fanuc/install/tesseract_kinematics/lib:/root/crs_ws_fanuc/install/tesseract_scene_graph/lib:/root/crs_ws_fanuc/install/tesseract_msgs/lib:/root/crs_ws_fanuc/install/region_detection_core/lib:/root/crs_ws_fanuc/install/osqp_eigen/lib:/root/crs_ws_fanuc/install/descartes_opw/lib:/root/crs_ws_fanuc/install/octomap_msgs/lib:/root/crs_ws_fanuc/install/fcl/lib:/root/crs_ws_fanuc/install/libccd/lib:/root/crs_ws_fanuc/install/ifopt/lib:/root/crs_ws_fanuc/install/gtest/lib:/root/crs_ws_fanuc/install/crs_perception/lib:/root/crs_ws_fanuc/install/crs_area_selection/lib:/root/crs_ws_fanuc/install/crs_gazebo_plugins/lib:/root/crs_ws_fanuc/install/bullet3/lib:/opt/qt513/plugins:/opt/qt513/lib:/usr/lib/x86_64-linux-gnu/gazebo-9/plugins:/opt/ros/eloquent/opt/yaml_cpp_vendor/lib:/opt/ros/eloquent/opt/rviz_ogre_vendor/lib:/opt/ros/eloquent/lib/x86_64-linux-gnu:/opt/ros/eloquent/lib PATH=/root/crs_ws_fanuc/install/trajopt_sco/bin:/opt/ros/melodic/bin:/root/crs_ws_fanuc/install/trajopt_tools/bin:/root/crs_ws_fanuc/install/tesseract_urdf/bin:/root/crs_ws_fanuc/install/tesseract_collision/bin:/root/crs_ws_fanuc/install/tesseract_scene_graph/bin:/root/crs_ws_fanuc/install/tesseract_geometry/bin:/root/crs_ws_fanuc/install/swig/bin:/root/crs_ws_fanuc/install/region_detection_core/bin:/opt/ros/eloquent/bin:/usr/local/sbin:/usr/local/bin:/usr/sbin:/usr/bin:/sbin:/bin PKG_CONFIG_PATH=/root/crs_ws_fanuc/install/ur_ikfast_kinematics/lib/x86_64-linux-gnu/pkgconfig:/root/crs_ws_fanuc/install/ur_ikfast_kinematics/lib/pkgconfig:/root/crs_ws_fanuc/install/trajopt/lib/x86_64-linux-gnu/pkgconfig:/root/crs_ws_fanuc/install/trajopt/lib/pkgconfig:/root/crs_ws_fanuc/install/trajopt_sco/lib/x86_64-linux-gnu/pkgconfig:/root/crs_ws_fanuc/install/trajopt_sco/lib/pkgconfig:/root/crs_ws_fanuc/install/descartes_samplers/lib/x86_64-linux-gnu/pkgconfig:/root/crs_ws_fanuc/install/descartes_samplers/lib/pkgconfig:/root/crs_ws_fanuc/install/descartes_ikfast/lib/x86_64-linux-gnu/pkgconfig:/root/crs_ws_fanuc/install/descartes_ikfast/lib/pkgconfig:/root/crs_ws_fanuc/install/trajopt_utils/lib/x86_64-linux-gnu/pkgconfig:/root/crs_ws_fanuc/install/trajopt_utils/lib/pkgconfig:/root/crs_ws_fanuc/install/scxml_core/lib/x86_64-linux-gnu/pkgconfig:/root/crs_ws_fanuc/install/scxml_core/lib/pkgconfig:/root/crs_ws_fanuc/install/osqp/lib/x86_64-linux-gnu/pkgconfig:/root/crs_ws_fanuc/install/osqp/lib/pkgconfig:/root/crs_ws_fanuc/install/iterative_spline_parameterization/lib/x86_64-linux-gnu/pkgconfig:/root/crs_ws_fanuc/install/iterative_spline_parameterization/lib/pkgconfig:/root/crs_ws_fanuc/install/descartes_light/lib/x86_64-linux-gnu/pkgconfig:/root/crs_ws_fanuc/install/descartes_light/lib/pkgconfig:/opt/ros/melodic/lib/pkgconfig:/root/crs_ws_fanuc/install/trajopt_tools/lib/x86_64-linux-gnu/pkgconfig:/root/crs_ws_fanuc/install/trajopt_tools/lib/pkgconfig:/root/crs_ws_fanuc/install/vhacd/lib/x86_64-linux-gnu/pkgconfig:/root/crs_ws_fanuc/install/vhacd/lib/pkgconfig:/root/crs_ws_fanuc/install/trajopt_sqp/lib/x86_64-linux-gnu/pkgconfig:/root/crs_ws_fanuc/install/trajopt_sqp/lib/pkgconfig:/root/crs_ws_fanuc/install/trajopt_ifopt/lib/x86_64-linux-gnu/pkgconfig:/root/crs_ws_fanuc/install/trajopt_ifopt/lib/pkgconfig:/root/crs_ws_fanuc/install/tesseract_viewer_python/lib/x86_64-linux-gnu/pkgconfig:/root/crs_ws_fanuc/install/tesseract_viewer_python/lib/pkgconfig:/root/crs_ws_fanuc/install/tesseract_python/lib/x86_64-linux-gnu/pkgconfig:/root/crs_ws_fanuc/install/tesseract_python/lib/pkgconfig:/root/crs_ws_fanuc/install/tesseract_process_planners/lib/x86_64-linux-gnu/pkgconfig:/root/crs_ws_fanuc/install/tesseract_process_planners/lib/pkgconfig:/root/crs_ws_fanuc/install/tesseract_motion_planners/lib/x86_64-linux-gnu/pkgconfig:/root/crs_ws_fanuc/install/tesseract_motion_planners/lib/pkgconfig:/root/crs_ws_fanuc/install/tesseract_visualization/lib/x86_64-linux-gnu/pkgconfig:/root/crs_ws_fanuc/install/tesseract_visualization/lib/pkgconfig:/root/crs_ws_fanuc/install/tesseract/lib/x86_64-linux-gnu/pkgconfig:/root/crs_ws_fanuc/install/tesseract/lib/pkgconfig:/root/crs_ws_fanuc/install/tesseract_urdf/lib/x86_64-linux-gnu/pkgconfig:/root/crs_ws_fanuc/install/tesseract_urdf/lib/pkgconfig:/root/crs_ws_fanuc/install/tesseract_environment/lib/x86_64-linux-gnu/pkgconfig:/root/crs_ws_fanuc/install/tesseract_environment/lib/pkgconfig:/root/crs_ws_fanuc/install/tesseract_collision/lib/x86_64-linux-gnu/pkgconfig:/root/crs_ws_fanuc/install/tesseract_collision/lib/pkgconfig:/root/crs_ws_fanuc/install/tesseract_support/lib/x86_64-linux-gnu/pkgconfig:/root/crs_ws_fanuc/install/tesseract_support/lib/pkgconfig:/root/crs_ws_fanuc/install/tesseract_kinematics/lib/x86_64-linux-gnu/pkgconfig:/root/crs_ws_fanuc/install/tesseract_kinematics/lib/pkgconfig:/root/crs_ws_fanuc/install/tesseract_scene_graph/lib/x86_64-linux-gnu/pkgconfig:/root/crs_ws_fanuc/install/tesseract_scene_graph/lib/pkgconfig:/root/crs_ws_fanuc/install/tesseract_geometry/lib/x86_64-linux-gnu/pkgconfig:/root/crs_ws_fanuc/install/tesseract_geometry/lib/pkgconfig:/root/crs_ws_fanuc/install/tesseract_common/lib/x86_64-linux-gnu/pkgconfig:/root/crs_ws_fanuc/install/tesseract_common/lib/pkgconfig:/root/crs_ws_fanuc/install/swig/lib/x86_64-linux-gnu/pkgconfig:/root/crs_ws_fanuc/install/swig/lib/pkgconfig:/root/crs_ws_fanuc/install/region_detection_core/lib/x86_64-linux-gnu/pkgconfig:/root/crs_ws_fanuc/install/region_detection_core/lib/pkgconfig:/root/crs_ws_fanuc/install/osqp_eigen/lib/x86_64-linux-gnu/pkgconfig:/root/crs_ws_fanuc/install/osqp_eigen/lib/pkgconfig:/root/crs_ws_fanuc/install/orocos_kdl/lib/x86_64-linux-gnu/pkgconfig:/root/crs_ws_fanuc/install/orocos_kdl/lib/pkgconfig:/root/crs_ws_fanuc/install/descartes_opw/lib/x86_64-linux-gnu/pkgconfig:/root/crs_ws_fanuc/install/descartes_opw/lib/pkgconfig:/root/crs_ws_fanuc/install/opw_kinematics/lib/x86_64-linux-gnu/pkgconfig:/root/crs_ws_fanuc/install/opw_kinematics/lib/pkgconfig:/root/crs_ws_fanuc/install/fcl/lib/x86_64-linux-gnu/pkgconfig:/root/crs_ws_fanuc/install/fcl/lib/pkgconfig:/root/crs_ws_fanuc/install/libccd/lib/x86_64-linux-gnu/pkgconfig:/root/crs_ws_fanuc/install/libccd/lib/pkgconfig:/root/crs_ws_fanuc/install/ifopt/lib/x86_64-linux-gnu/pkgconfig:/root/crs_ws_fanuc/install/ifopt/lib/pkgconfig:/root/crs_ws_fanuc/install/gtest/lib/x86_64-linux-gnu/pkgconfig:/root/crs_ws_fanuc/install/gtest/lib/pkgconfig:/root/crs_ws_fanuc/install/eigen/lib/x86_64-linux-gnu/pkgconfig:/root/crs_ws_fanuc/install/eigen/lib/pkgconfig:/root/crs_ws_fanuc/install/bullet3/lib/x86_64-linux-gnu/pkgconfig:/root/crs_ws_fanuc/install/bullet3/lib/pkgconfig PYTHONPATH=/root/crs_ws_fanuc/install/crs_msgs/lib/python3.6/site-packages:/root/crs_ws_fanuc/install/region_detection_msgs/lib/python3.6/site-packages:/root/crs_ws_fanuc/install/cartesian_trajectory_msgs/lib/python3.6/site-packages:/opt/ros/melodic/lib/python2.7/dist-packages:/root/crs_ws_fanuc/install/ur_dashboard_msgs/lib/python3.6/site-packages:/root/crs_ws_fanuc/install/tesseract_msgs/lib/python3.6/site-packages:/root/crs_ws_fanuc/install/octomap_msgs/lib/python3.6/site-packages:/root/crs_ws_fanuc/install/crs_utils_py/lib/python3.6/site-packages:/opt/ros/eloquent/lib/python3.6/site-packages /usr/bin/cmake --build /root/crs_ws_fanuc/build/crs_application -- -j8 -l8
[71.736s] Invoking command in '/root/crs_ws_fanuc/build/crs_application': CMAKE_PREFIX_PATH=/root/crs_ws_fanuc/install/crs_motion_planning:/root/crs_ws_fanuc/install/ur_ikfast_kinematics:/root/crs_ws_fanuc/install/trajopt:/root/crs_ws_fanuc/install/trajopt_sco:/root/crs_ws_fanuc/install/descartes_samplers:/root/crs_ws_fanuc/install/descartes_ikfast:/root/crs_ws_fanuc/install/crs_msgs:/root/crs_ws_fanuc/install/trajopt_utils:/root/crs_ws_fanuc/install/scxml_core:/root/crs_ws_fanuc/install/region_detection_msgs:/root/crs_ws_fanuc/install/osqp:/root/crs_ws_fanuc/install/iterative_spline_parameterization:/root/crs_ws_fanuc/install/descartes_light:/root/crs_ws_fanuc/install/cartesian_trajectory_msgs:/root/crs_ws_fanuc/install/crs_utils_py:/opt/ros/eloquent:/opt/ros/melodic:/root/crs_ws_fanuc/install/trajopt_tools:/root/crs_ws_fanuc/install/vhacd:/root/crs_ws_fanuc/install/crs_gui:/root/crs_ws_fanuc/install/crs_application:/root/crs_ws_fanuc/install/crs_robot_comms:/root/crs_ws_fanuc/install/ur_dashboard_msgs:/root/crs_ws_fanuc/install/trajopt_sqp:/root/crs_ws_fanuc/install/trajopt_ifopt:/root/crs_ws_fanuc/install/tesseract_monitoring:/root/crs_ws_fanuc/install/tesseract_rosutils:/root/crs_ws_fanuc/install/tesseract_process_planners:/root/crs_ws_fanuc/install/tesseract_motion_planners:/root/crs_ws_fanuc/install/tesseract_visualization:/root/crs_ws_fanuc/install/tesseract:/root/crs_ws_fanuc/install/tesseract_urdf:/root/crs_ws_fanuc/install/tesseract_plugins:/root/crs_ws_fanuc/install/tesseract_environment:/root/crs_ws_fanuc/install/tesseract_collision:/root/crs_ws_fanuc/install/tesseract_support:/root/crs_ws_fanuc/install/tesseract_kinematics:/root/crs_ws_fanuc/install/tesseract_scene_graph:/root/crs_ws_fanuc/install/tesseract_msgs:/root/crs_ws_fanuc/install/tesseract_geometry:/root/crs_ws_fanuc/install/tesseract_common:/root/crs_ws_fanuc/install/rclcpp_scxml_demos:/root/crs_ws_fanuc/install/region_detection_rclcpp:/root/crs_ws_fanuc/install/region_detection_core:/root/crs_ws_fanuc/install/osqp_eigen:/root/crs_ws_fanuc/install/descartes_opw:/root/crs_ws_fanuc/install/opw_kinematics:/root/crs_ws_fanuc/install/octomap_msgs:/root/crs_ws_fanuc/install/fcl:/root/crs_ws_fanuc/install/libccd:/root/crs_ws_fanuc/install/ifopt:/root/crs_ws_fanuc/install/gtest:/root/crs_ws_fanuc/install/crs_toolpath_gen:/root/crs_ws_fanuc/install/crs_support:/root/crs_ws_fanuc/install/crs_process_data:/root/crs_ws_fanuc/install/crs_perception:/root/crs_ws_fanuc/install/crs_area_selection:/root/crs_ws_fanuc/install/crs_gazebo_plugins:/root/crs_ws_fanuc/install/bullet3:/opt/qt513/lib/cmake LD_LIBRARY_PATH=/root/crs_ws_fanuc/install/crs_motion_planning/lib:/root/crs_ws_fanuc/install/ur_ikfast_kinematics/lib:/root/crs_ws_fanuc/install/trajopt/lib:/root/crs_ws_fanuc/install/trajopt_sco/lib:/root/crs_ws_fanuc/install/descartes_samplers/lib:/root/crs_ws_fanuc/install/crs_msgs/lib:/root/crs_ws_fanuc/install/trajopt_utils/lib:/root/crs_ws_fanuc/install/scxml_core/lib:/root/crs_ws_fanuc/install/region_detection_msgs/lib:/root/crs_ws_fanuc/install/osqp/lib:/root/crs_ws_fanuc/install/descartes_light/lib:/root/crs_ws_fanuc/install/cartesian_trajectory_msgs/lib:/opt/ros/melodic/lib:/root/crs_ws_fanuc/install/vhacd/lib:/root/crs_ws_fanuc/install/crs_gui/lib:/root/crs_ws_fanuc/install/crs_application/lib:/root/crs_ws_fanuc/install/ur_dashboard_msgs/lib:/root/crs_ws_fanuc/install/trajopt_sqp/lib:/root/crs_ws_fanuc/install/trajopt_ifopt/lib:/root/crs_ws_fanuc/install/tesseract_monitoring/lib:/root/crs_ws_fanuc/install/tesseract_process_planners/lib:/root/crs_ws_fanuc/install/tesseract_motion_planners/lib:/root/crs_ws_fanuc/install/tesseract/lib:/root/crs_ws_fanuc/install/tesseract_urdf/lib:/root/crs_ws_fanuc/install/tesseract_plugins/lib:/root/crs_ws_fanuc/install/tesseract_environment/lib:/root/crs_ws_fanuc/install/tesseract_collision/lib:/root/crs_ws_fanuc/install/tesseract_kinematics/lib:/root/crs_ws_fanuc/install/tesseract_scene_graph/lib:/root/crs_ws_fanuc/install/tesseract_msgs/lib:/root/crs_ws_fanuc/install/region_detection_core/lib:/root/crs_ws_fanuc/install/osqp_eigen/lib:/root/crs_ws_fanuc/install/descartes_opw/lib:/root/crs_ws_fanuc/install/octomap_msgs/lib:/root/crs_ws_fanuc/install/fcl/lib:/root/crs_ws_fanuc/install/libccd/lib:/root/crs_ws_fanuc/install/ifopt/lib:/root/crs_ws_fanuc/install/gtest/lib:/root/crs_ws_fanuc/install/crs_perception/lib:/root/crs_ws_fanuc/install/crs_area_selection/lib:/root/crs_ws_fanuc/install/crs_gazebo_plugins/lib:/root/crs_ws_fanuc/install/bullet3/lib:/opt/qt513/plugins:/opt/qt513/lib:/usr/lib/x86_64-linux-gnu/gazebo-9/plugins:/opt/ros/eloquent/opt/yaml_cpp_vendor/lib:/opt/ros/eloquent/opt/rviz_ogre_vendor/lib:/opt/ros/eloquent/lib/x86_64-linux-gnu:/opt/ros/eloquent/lib PATH=/root/crs_ws_fanuc/install/trajopt_sco/bin:/opt/ros/melodic/bin:/root/crs_ws_fanuc/install/trajopt_tools/bin:/root/crs_ws_fanuc/install/tesseract_urdf/bin:/root/crs_ws_fanuc/install/tesseract_collision/bin:/root/crs_ws_fanuc/install/tesseract_scene_graph/bin:/root/crs_ws_fanuc/install/tesseract_geometry/bin:/root/crs_ws_fanuc/install/swig/bin:/root/crs_ws_fanuc/install/region_detection_core/bin:/opt/ros/eloquent/bin:/usr/local/sbin:/usr/local/bin:/usr/sbin:/usr/bin:/sbin:/bin PKG_CONFIG_PATH=/root/crs_ws_fanuc/install/ur_ikfast_kinematics/lib/x86_64-linux-gnu/pkgconfig:/root/crs_ws_fanuc/install/ur_ikfast_kinematics/lib/pkgconfig:/root/crs_ws_fanuc/install/trajopt/lib/x86_64-linux-gnu/pkgconfig:/root/crs_ws_fanuc/install/trajopt/lib/pkgconfig:/root/crs_ws_fanuc/install/trajopt_sco/lib/x86_64-linux-gnu/pkgconfig:/root/crs_ws_fanuc/install/trajopt_sco/lib/pkgconfig:/root/crs_ws_fanuc/install/descartes_samplers/lib/x86_64-linux-gnu/pkgconfig:/root/crs_ws_fanuc/install/descartes_samplers/lib/pkgconfig:/root/crs_ws_fanuc/install/descartes_ikfast/lib/x86_64-linux-gnu/pkgconfig:/root/crs_ws_fanuc/install/descartes_ikfast/lib/pkgconfig:/root/crs_ws_fanuc/install/trajopt_utils/lib/x86_64-linux-gnu/pkgconfig:/root/crs_ws_fanuc/install/trajopt_utils/lib/pkgconfig:/root/crs_ws_fanuc/install/scxml_core/lib/x86_64-linux-gnu/pkgconfig:/root/crs_ws_fanuc/install/scxml_core/lib/pkgconfig:/root/crs_ws_fanuc/install/osqp/lib/x86_64-linux-gnu/pkgconfig:/root/crs_ws_fanuc/install/osqp/lib/pkgconfig:/root/crs_ws_fanuc/install/iterative_spline_parameterization/lib/x86_64-linux-gnu/pkgconfig:/root/crs_ws_fanuc/install/iterative_spline_parameterization/lib/pkgconfig:/root/crs_ws_fanuc/install/descartes_light/lib/x86_64-linux-gnu/pkgconfig:/root/crs_ws_fanuc/install/descartes_light/lib/pkgconfig:/opt/ros/melodic/lib/pkgconfig:/root/crs_ws_fanuc/install/trajopt_tools/lib/x86_64-linux-gnu/pkgconfig:/root/crs_ws_fanuc/install/trajopt_tools/lib/pkgconfig:/root/crs_ws_fanuc/install/vhacd/lib/x86_64-linux-gnu/pkgconfig:/root/crs_ws_fanuc/install/vhacd/lib/pkgconfig:/root/crs_ws_fanuc/install/trajopt_sqp/lib/x86_64-linux-gnu/pkgconfig:/root/crs_ws_fanuc/install/trajopt_sqp/lib/pkgconfig:/root/crs_ws_fanuc/install/trajopt_ifopt/lib/x86_64-linux-gnu/pkgconfig:/root/crs_ws_fanuc/install/trajopt_ifopt/lib/pkgconfig:/root/crs_ws_fanuc/install/tesseract_viewer_python/lib/x86_64-linux-gnu/pkgconfig:/root/crs_ws_fanuc/install/tesseract_viewer_python/lib/pkgconfig:/root/crs_ws_fanuc/install/tesseract_python/lib/x86_64-linux-gnu/pkgconfig:/root/crs_ws_fanuc/install/tesseract_python/lib/pkgconfig:/root/crs_ws_fanuc/install/tesseract_process_planners/lib/x86_64-linux-gnu/pkgconfig:/root/crs_ws_fanuc/install/tesseract_process_planners/lib/pkgconfig:/root/crs_ws_fanuc/install/tesseract_motion_planners/lib/x86_64-linux-gnu/pkgconfig:/root/crs_ws_fanuc/install/tesseract_motion_planners/lib/pkgconfig:/root/crs_ws_fanuc/install/tesseract_visualization/lib/x86_64-linux-gnu/pkgconfig:/root/crs_ws_fanuc/install/tesseract_visualization/lib/pkgconfig:/root/crs_ws_fanuc/install/tesseract/lib/x86_64-linux-gnu/pkgconfig:/root/crs_ws_fanuc/install/tesseract/lib/pkgconfig:/root/crs_ws_fanuc/install/tesseract_urdf/lib/x86_64-linux-gnu/pkgconfig:/root/crs_ws_fanuc/install/tesseract_urdf/lib/pkgconfig:/root/crs_ws_fanuc/install/tesseract_environment/lib/x86_64-linux-gnu/pkgconfig:/root/crs_ws_fanuc/install/tesseract_environment/lib/pkgconfig:/root/crs_ws_fanuc/install/tesseract_collision/lib/x86_64-linux-gnu/pkgconfig:/root/crs_ws_fanuc/install/tesseract_collision/lib/pkgconfig:/root/crs_ws_fanuc/install/tesseract_support/lib/x86_64-linux-gnu/pkgconfig:/root/crs_ws_fanuc/install/tesseract_support/lib/pkgconfig:/root/crs_ws_fanuc/install/tesseract_kinematics/lib/x86_64-linux-gnu/pkgconfig:/root/crs_ws_fanuc/install/tesseract_kinematics/lib/pkgconfig:/root/crs_ws_fanuc/install/tesseract_scene_graph/lib/x86_64-linux-gnu/pkgconfig:/root/crs_ws_fanuc/install/tesseract_scene_graph/lib/pkgconfig:/root/crs_ws_fanuc/install/tesseract_geometry/lib/x86_64-linux-gnu/pkgconfig:/root/crs_ws_fanuc/install/tesseract_geometry/lib/pkgconfig:/root/crs_ws_fanuc/install/tesseract_common/lib/x86_64-linux-gnu/pkgconfig:/root/crs_ws_fanuc/install/tesseract_common/lib/pkgconfig:/root/crs_ws_fanuc/install/swig/lib/x86_64-linux-gnu/pkgconfig:/root/crs_ws_fanuc/install/swig/lib/pkgconfig:/root/crs_ws_fanuc/install/region_detection_core/lib/x86_64-linux-gnu/pkgconfig:/root/crs_ws_fanuc/install/region_detection_core/lib/pkgconfig:/root/crs_ws_fanuc/install/osqp_eigen/lib/x86_64-linux-gnu/pkgconfig:/root/crs_ws_fanuc/install/osqp_eigen/lib/pkgconfig:/root/crs_ws_fanuc/install/orocos_kdl/lib/x86_64-linux-gnu/pkgconfig:/root/crs_ws_fanuc/install/orocos_kdl/lib/pkgconfig:/root/crs_ws_fanuc/install/descartes_opw/lib/x86_64-linux-gnu/pkgconfig:/root/crs_ws_fanuc/install/descartes_opw/lib/pkgconfig:/root/crs_ws_fanuc/install/opw_kinematics/lib/x86_64-linux-gnu/pkgconfig:/root/crs_ws_fanuc/install/opw_kinematics/lib/pkgconfig:/root/crs_ws_fanuc/install/fcl/lib/x86_64-linux-gnu/pkgconfig:/root/crs_ws_fanuc/install/fcl/lib/pkgconfig:/root/crs_ws_fanuc/install/libccd/lib/x86_64-linux-gnu/pkgconfig:/root/crs_ws_fanuc/install/libccd/lib/pkgconfig:/root/crs_ws_fanuc/install/ifopt/lib/x86_64-linux-gnu/pkgconfig:/root/crs_ws_fanuc/install/ifopt/lib/pkgconfig:/root/crs_ws_fanuc/install/gtest/lib/x86_64-linux-gnu/pkgconfig:/root/crs_ws_fanuc/install/gtest/lib/pkgconfig:/root/crs_ws_fanuc/install/eigen/lib/x86_64-linux-gnu/pkgconfig:/root/crs_ws_fanuc/install/eigen/lib/pkgconfig:/root/crs_ws_fanuc/install/bullet3/lib/x86_64-linux-gnu/pkgconfig:/root/crs_ws_fanuc/install/bullet3/lib/pkgconfig PYTHONPATH=/root/crs_ws_fanuc/install/crs_msgs/lib/python3.6/site-packages:/root/crs_ws_fanuc/install/region_detection_msgs/lib/python3.6/site-packages:/root/crs_ws_fanuc/install/cartesian_trajectory_msgs/lib/python3.6/site-packages:/opt/ros/melodic/lib/python2.7/dist-packages:/root/crs_ws_fanuc/install/ur_dashboard_msgs/lib/python3.6/site-packages:/root/crs_ws_fanuc/install/tesseract_msgs/lib/python3.6/site-packages:/root/crs_ws_fanuc/install/octomap_msgs/lib/python3.6/site-packages:/root/crs_ws_fanuc/install/crs_utils_py/lib/python3.6/site-packages:/opt/ros/eloquent/lib/python3.6/site-packages /usr/bin/cmake --build /root/crs_ws_fanuc/build/crs_application --target install -- -j8 -l8
[71.893s] [ 81%] Built target crs_application
[71.964s] [100%] Built target crs_application_node
[71.993s] [36mInstall the project...[0m
[72.006s] -- Install configuration: ""
[72.006s] -- Execute custom install script
[72.007s] -- Symlinking: /root/crs_ws_fanuc/install/crs_application/lib/crs_application/crs_application_node
[72.020s] -- Symlinking: /root/crs_ws_fanuc/install/crs_application/share/crs_application//resources/crs.rviz
[72.032s] -- Symlinking: /root/crs_ws_fanuc/install/crs_application/share/crs_application//resources/crs_process.scxml
[72.046s] -- Symlinking: /root/crs_ws_fanuc/install/crs_application/share/crs_application//launch/crs.launch.py
[72.059s] -- Symlinking: /root/crs_ws_fanuc/install/crs_application/share/crs_application//launch/crs.launch.xml
[72.072s] -- Symlinking: /root/crs_ws_fanuc/install/crs_application/share/crs_application//launch/load_fanuc_robot_model.launch.xml
[72.085s] -- Symlinking: /root/crs_ws_fanuc/install/crs_application/share/crs_application//launch/load_preview_robot_model.launch.xml
[72.098s] -- Symlinking: /root/crs_ws_fanuc/install/crs_application/share/crs_application//launch/load_robot_model.launch.xml
[72.111s] -- Symlinking: /root/crs_ws_fanuc/install/crs_application/share/crs_application//launch/registration_startup.launch.py
[72.124s] -- Symlinking: /root/crs_ws_fanuc/install/crs_application/share/crs_application//launch/rework_startup.launch.py
[72.138s] -- Symlinking: /root/crs_ws_fanuc/install/crs_application/share/crs_application//config/main/crs.yaml
[72.151s] -- Symlinking: /root/crs_ws_fanuc/install/crs_application/share/crs_application//config/main/motion_planning/MP_config.yaml
[72.164s] -- Symlinking: /root/crs_ws_fanuc/install/crs_application/share/crs_application//config/main/part_localization.yaml
[72.177s] -- Symlinking: /root/crs_ws_fanuc/install/crs_application/share/crs_application//config/main/rework/region_crop.yaml
[72.190s] -- Symlinking: /root/crs_ws_fanuc/install/crs_application/share/crs_application//config/main/rework/region_detection.yaml
[72.202s] -- Symlinking: /root/crs_ws_fanuc/install/crs_application/share/crs_application//config/swri/crs.yaml
[72.215s] -- Symlinking: /root/crs_ws_fanuc/install/crs_application/share/crs_application//config/swri/motion_planning/MP_config.yaml
[72.228s] -- Symlinking: /root/crs_ws_fanuc/install/crs_application/share/crs_application//config/swri/part_localization.yaml
[72.241s] -- Symlinking: /root/crs_ws_fanuc/install/crs_application/share/crs_application//config/swri/rework/region_crop.yaml
[72.254s] -- Symlinking: /root/crs_ws_fanuc/install/crs_application/share/crs_application//config/swri/rework/region_detection.yaml
[72.267s] -- Symlinking: /root/crs_ws_fanuc/install/crs_application/share/ament_index/resource_index/package_run_dependencies/crs_application
[72.280s] -- Symlinking: /root/crs_ws_fanuc/install/crs_application/share/ament_index/resource_index/parent_prefix_path/crs_application
[72.293s] -- Up-to-date symlink: /root/crs_ws_fanuc/install/crs_application/share/crs_application/environment/ament_prefix_path.sh
[72.293s] -- Symlinking: /root/crs_ws_fanuc/install/crs_application/share/crs_application/environment/ament_prefix_path.dsv
[72.306s] -- Up-to-date symlink: /root/crs_ws_fanuc/install/crs_application/share/crs_application/environment/path.sh
[72.306s] -- Symlinking: /root/crs_ws_fanuc/install/crs_application/share/crs_application/environment/path.dsv
[72.319s] -- Symlinking: /root/crs_ws_fanuc/install/crs_application/share/crs_application/local_setup.bash
[72.332s] -- Symlinking: /root/crs_ws_fanuc/install/crs_application/share/crs_application/local_setup.sh
[72.345s] -- Symlinking: /root/crs_ws_fanuc/install/crs_application/share/crs_application/local_setup.zsh
[72.358s] -- Symlinking: /root/crs_ws_fanuc/install/crs_application/share/crs_application/local_setup.dsv
[72.371s] -- Symlinking: /root/crs_ws_fanuc/install/crs_application/share/crs_application/package.dsv
[72.384s] -- Symlinking: /root/crs_ws_fanuc/install/crs_application/share/ament_index/resource_index/packages/crs_application
[72.396s] -- Symlinking: /root/crs_ws_fanuc/install/crs_application/share/crs_application/cmake/crs_applicationConfig.cmake
[72.409s] -- Symlinking: /root/crs_ws_fanuc/install/crs_application/share/crs_application/cmake/crs_applicationConfig-version.cmake
[72.422s] -- Symlinking: /root/crs_ws_fanuc/install/crs_application/share/crs_application/package.xml
[72.436s] -- Installing: /root/crs_ws_fanuc/install/crs_application/lib/libcrs_application.so
[72.454s] -- Set runtime path of "/root/crs_ws_fanuc/install/crs_application/lib/libcrs_application.so" to ""
[72.459s] Invoked command in '/root/crs_ws_fanuc/build/crs_application' returned '0': CMAKE_PREFIX_PATH=/root/crs_ws_fanuc/install/crs_motion_planning:/root/crs_ws_fanuc/install/ur_ikfast_kinematics:/root/crs_ws_fanuc/install/trajopt:/root/crs_ws_fanuc/install/trajopt_sco:/root/crs_ws_fanuc/install/descartes_samplers:/root/crs_ws_fanuc/install/descartes_ikfast:/root/crs_ws_fanuc/install/crs_msgs:/root/crs_ws_fanuc/install/trajopt_utils:/root/crs_ws_fanuc/install/scxml_core:/root/crs_ws_fanuc/install/region_detection_msgs:/root/crs_ws_fanuc/install/osqp:/root/crs_ws_fanuc/install/iterative_spline_parameterization:/root/crs_ws_fanuc/install/descartes_light:/root/crs_ws_fanuc/install/cartesian_trajectory_msgs:/root/crs_ws_fanuc/install/crs_utils_py:/opt/ros/eloquent:/opt/ros/melodic:/root/crs_ws_fanuc/install/trajopt_tools:/root/crs_ws_fanuc/install/vhacd:/root/crs_ws_fanuc/install/crs_gui:/root/crs_ws_fanuc/install/crs_application:/root/crs_ws_fanuc/install/crs_robot_comms:/root/crs_ws_fanuc/install/ur_dashboard_msgs:/root/crs_ws_fanuc/install/trajopt_sqp:/root/crs_ws_fanuc/install/trajopt_ifopt:/root/crs_ws_fanuc/install/tesseract_monitoring:/root/crs_ws_fanuc/install/tesseract_rosutils:/root/crs_ws_fanuc/install/tesseract_process_planners:/root/crs_ws_fanuc/install/tesseract_motion_planners:/root/crs_ws_fanuc/install/tesseract_visualization:/root/crs_ws_fanuc/install/tesseract:/root/crs_ws_fanuc/install/tesseract_urdf:/root/crs_ws_fanuc/install/tesseract_plugins:/root/crs_ws_fanuc/install/tesseract_environment:/root/crs_ws_fanuc/install/tesseract_collision:/root/crs_ws_fanuc/install/tesseract_support:/root/crs_ws_fanuc/install/tesseract_kinematics:/root/crs_ws_fanuc/install/tesseract_scene_graph:/root/crs_ws_fanuc/install/tesseract_msgs:/root/crs_ws_fanuc/install/tesseract_geometry:/root/crs_ws_fanuc/install/tesseract_common:/root/crs_ws_fanuc/install/rclcpp_scxml_demos:/root/crs_ws_fanuc/install/region_detection_rclcpp:/root/crs_ws_fanuc/install/region_detection_core:/root/crs_ws_fanuc/install/osqp_eigen:/root/crs_ws_fanuc/install/descartes_opw:/root/crs_ws_fanuc/install/opw_kinematics:/root/crs_ws_fanuc/install/octomap_msgs:/root/crs_ws_fanuc/install/fcl:/root/crs_ws_fanuc/install/libccd:/root/crs_ws_fanuc/install/ifopt:/root/crs_ws_fanuc/install/gtest:/root/crs_ws_fanuc/install/crs_toolpath_gen:/root/crs_ws_fanuc/install/crs_support:/root/crs_ws_fanuc/install/crs_process_data:/root/crs_ws_fanuc/install/crs_perception:/root/crs_ws_fanuc/install/crs_area_selection:/root/crs_ws_fanuc/install/crs_gazebo_plugins:/root/crs_ws_fanuc/install/bullet3:/opt/qt513/lib/cmake LD_LIBRARY_PATH=/root/crs_ws_fanuc/install/crs_motion_planning/lib:/root/crs_ws_fanuc/install/ur_ikfast_kinematics/lib:/root/crs_ws_fanuc/install/trajopt/lib:/root/crs_ws_fanuc/install/trajopt_sco/lib:/root/crs_ws_fanuc/install/descartes_samplers/lib:/root/crs_ws_fanuc/install/crs_msgs/lib:/root/crs_ws_fanuc/install/trajopt_utils/lib:/root/crs_ws_fanuc/install/scxml_core/lib:/root/crs_ws_fanuc/install/region_detection_msgs/lib:/root/crs_ws_fanuc/install/osqp/lib:/root/crs_ws_fanuc/install/descartes_light/lib:/root/crs_ws_fanuc/install/cartesian_trajectory_msgs/lib:/opt/ros/melodic/lib:/root/crs_ws_fanuc/install/vhacd/lib:/root/crs_ws_fanuc/install/crs_gui/lib:/root/crs_ws_fanuc/install/crs_application/lib:/root/crs_ws_fanuc/install/ur_dashboard_msgs/lib:/root/crs_ws_fanuc/install/trajopt_sqp/lib:/root/crs_ws_fanuc/install/trajopt_ifopt/lib:/root/crs_ws_fanuc/install/tesseract_monitoring/lib:/root/crs_ws_fanuc/install/tesseract_process_planners/lib:/root/crs_ws_fanuc/install/tesseract_motion_planners/lib:/root/crs_ws_fanuc/install/tesseract/lib:/root/crs_ws_fanuc/install/tesseract_urdf/lib:/root/crs_ws_fanuc/install/tesseract_plugins/lib:/root/crs_ws_fanuc/install/tesseract_environment/lib:/root/crs_ws_fanuc/install/tesseract_collision/lib:/root/crs_ws_fanuc/install/tesseract_kinematics/lib:/root/crs_ws_fanuc/install/tesseract_scene_graph/lib:/root/crs_ws_fanuc/install/tesseract_msgs/lib:/root/crs_ws_fanuc/install/region_detection_core/lib:/root/crs_ws_fanuc/install/osqp_eigen/lib:/root/crs_ws_fanuc/install/descartes_opw/lib:/root/crs_ws_fanuc/install/octomap_msgs/lib:/root/crs_ws_fanuc/install/fcl/lib:/root/crs_ws_fanuc/install/libccd/lib:/root/crs_ws_fanuc/install/ifopt/lib:/root/crs_ws_fanuc/install/gtest/lib:/root/crs_ws_fanuc/install/crs_perception/lib:/root/crs_ws_fanuc/install/crs_area_selection/lib:/root/crs_ws_fanuc/install/crs_gazebo_plugins/lib:/root/crs_ws_fanuc/install/bullet3/lib:/opt/qt513/plugins:/opt/qt513/lib:/usr/lib/x86_64-linux-gnu/gazebo-9/plugins:/opt/ros/eloquent/opt/yaml_cpp_vendor/lib:/opt/ros/eloquent/opt/rviz_ogre_vendor/lib:/opt/ros/eloquent/lib/x86_64-linux-gnu:/opt/ros/eloquent/lib PATH=/root/crs_ws_fanuc/install/trajopt_sco/bin:/opt/ros/melodic/bin:/root/crs_ws_fanuc/install/trajopt_tools/bin:/root/crs_ws_fanuc/install/tesseract_urdf/bin:/root/crs_ws_fanuc/install/tesseract_collision/bin:/root/crs_ws_fanuc/install/tesseract_scene_graph/bin:/root/crs_ws_fanuc/install/tesseract_geometry/bin:/root/crs_ws_fanuc/install/swig/bin:/root/crs_ws_fanuc/install/region_detection_core/bin:/opt/ros/eloquent/bin:/usr/local/sbin:/usr/local/bin:/usr/sbin:/usr/bin:/sbin:/bin PKG_CONFIG_PATH=/root/crs_ws_fanuc/install/ur_ikfast_kinematics/lib/x86_64-linux-gnu/pkgconfig:/root/crs_ws_fanuc/install/ur_ikfast_kinematics/lib/pkgconfig:/root/crs_ws_fanuc/install/trajopt/lib/x86_64-linux-gnu/pkgconfig:/root/crs_ws_fanuc/install/trajopt/lib/pkgconfig:/root/crs_ws_fanuc/install/trajopt_sco/lib/x86_64-linux-gnu/pkgconfig:/root/crs_ws_fanuc/install/trajopt_sco/lib/pkgconfig:/root/crs_ws_fanuc/install/descartes_samplers/lib/x86_64-linux-gnu/pkgconfig:/root/crs_ws_fanuc/install/descartes_samplers/lib/pkgconfig:/root/crs_ws_fanuc/install/descartes_ikfast/lib/x86_64-linux-gnu/pkgconfig:/root/crs_ws_fanuc/install/descartes_ikfast/lib/pkgconfig:/root/crs_ws_fanuc/install/trajopt_utils/lib/x86_64-linux-gnu/pkgconfig:/root/crs_ws_fanuc/install/trajopt_utils/lib/pkgconfig:/root/crs_ws_fanuc/install/scxml_core/lib/x86_64-linux-gnu/pkgconfig:/root/crs_ws_fanuc/install/scxml_core/lib/pkgconfig:/root/crs_ws_fanuc/install/osqp/lib/x86_64-linux-gnu/pkgconfig:/root/crs_ws_fanuc/install/osqp/lib/pkgconfig:/root/crs_ws_fanuc/install/iterative_spline_parameterization/lib/x86_64-linux-gnu/pkgconfig:/root/crs_ws_fanuc/install/iterative_spline_parameterization/lib/pkgconfig:/root/crs_ws_fanuc/install/descartes_light/lib/x86_64-linux-gnu/pkgconfig:/root/crs_ws_fanuc/install/descartes_light/lib/pkgconfig:/opt/ros/melodic/lib/pkgconfig:/root/crs_ws_fanuc/install/trajopt_tools/lib/x86_64-linux-gnu/pkgconfig:/root/crs_ws_fanuc/install/trajopt_tools/lib/pkgconfig:/root/crs_ws_fanuc/install/vhacd/lib/x86_64-linux-gnu/pkgconfig:/root/crs_ws_fanuc/install/vhacd/lib/pkgconfig:/root/crs_ws_fanuc/install/trajopt_sqp/lib/x86_64-linux-gnu/pkgconfig:/root/crs_ws_fanuc/install/trajopt_sqp/lib/pkgconfig:/root/crs_ws_fanuc/install/trajopt_ifopt/lib/x86_64-linux-gnu/pkgconfig:/root/crs_ws_fanuc/install/trajopt_ifopt/lib/pkgconfig:/root/crs_ws_fanuc/install/tesseract_viewer_python/lib/x86_64-linux-gnu/pkgconfig:/root/crs_ws_fanuc/install/tesseract_viewer_python/lib/pkgconfig:/root/crs_ws_fanuc/install/tesseract_python/lib/x86_64-linux-gnu/pkgconfig:/root/crs_ws_fanuc/install/tesseract_python/lib/pkgconfig:/root/crs_ws_fanuc/install/tesseract_process_planners/lib/x86_64-linux-gnu/pkgconfig:/root/crs_ws_fanuc/install/tesseract_process_planners/lib/pkgconfig:/root/crs_ws_fanuc/install/tesseract_motion_planners/lib/x86_64-linux-gnu/pkgconfig:/root/crs_ws_fanuc/install/tesseract_motion_planners/lib/pkgconfig:/root/crs_ws_fanuc/install/tesseract_visualization/lib/x86_64-linux-gnu/pkgconfig:/root/crs_ws_fanuc/install/tesseract_visualization/lib/pkgconfig:/root/crs_ws_fanuc/install/tesseract/lib/x86_64-linux-gnu/pkgconfig:/root/crs_ws_fanuc/install/tesseract/lib/pkgconfig:/root/crs_ws_fanuc/install/tesseract_urdf/lib/x86_64-linux-gnu/pkgconfig:/root/crs_ws_fanuc/install/tesseract_urdf/lib/pkgconfig:/root/crs_ws_fanuc/install/tesseract_environment/lib/x86_64-linux-gnu/pkgconfig:/root/crs_ws_fanuc/install/tesseract_environment/lib/pkgconfig:/root/crs_ws_fanuc/install/tesseract_collision/lib/x86_64-linux-gnu/pkgconfig:/root/crs_ws_fanuc/install/tesseract_collision/lib/pkgconfig:/root/crs_ws_fanuc/install/tesseract_support/lib/x86_64-linux-gnu/pkgconfig:/root/crs_ws_fanuc/install/tesseract_support/lib/pkgconfig:/root/crs_ws_fanuc/install/tesseract_kinematics/lib/x86_64-linux-gnu/pkgconfig:/root/crs_ws_fanuc/install/tesseract_kinematics/lib/pkgconfig:/root/crs_ws_fanuc/install/tesseract_scene_graph/lib/x86_64-linux-gnu/pkgconfig:/root/crs_ws_fanuc/install/tesseract_scene_graph/lib/pkgconfig:/root/crs_ws_fanuc/install/tesseract_geometry/lib/x86_64-linux-gnu/pkgconfig:/root/crs_ws_fanuc/install/tesseract_geometry/lib/pkgconfig:/root/crs_ws_fanuc/install/tesseract_common/lib/x86_64-linux-gnu/pkgconfig:/root/crs_ws_fanuc/install/tesseract_common/lib/pkgconfig:/root/crs_ws_fanuc/install/swig/lib/x86_64-linux-gnu/pkgconfig:/root/crs_ws_fanuc/install/swig/lib/pkgconfig:/root/crs_ws_fanuc/install/region_detection_core/lib/x86_64-linux-gnu/pkgconfig:/root/crs_ws_fanuc/install/region_detection_core/lib/pkgconfig:/root/crs_ws_fanuc/install/osqp_eigen/lib/x86_64-linux-gnu/pkgconfig:/root/crs_ws_fanuc/install/osqp_eigen/lib/pkgconfig:/root/crs_ws_fanuc/install/orocos_kdl/lib/x86_64-linux-gnu/pkgconfig:/root/crs_ws_fanuc/install/orocos_kdl/lib/pkgconfig:/root/crs_ws_fanuc/install/descartes_opw/lib/x86_64-linux-gnu/pkgconfig:/root/crs_ws_fanuc/install/descartes_opw/lib/pkgconfig:/root/crs_ws_fanuc/install/opw_kinematics/lib/x86_64-linux-gnu/pkgconfig:/root/crs_ws_fanuc/install/opw_kinematics/lib/pkgconfig:/root/crs_ws_fanuc/install/fcl/lib/x86_64-linux-gnu/pkgconfig:/root/crs_ws_fanuc/install/fcl/lib/pkgconfig:/root/crs_ws_fanuc/install/libccd/lib/x86_64-linux-gnu/pkgconfig:/root/crs_ws_fanuc/install/libccd/lib/pkgconfig:/root/crs_ws_fanuc/install/ifopt/lib/x86_64-linux-gnu/pkgconfig:/root/crs_ws_fanuc/install/ifopt/lib/pkgconfig:/root/crs_ws_fanuc/install/gtest/lib/x86_64-linux-gnu/pkgconfig:/root/crs_ws_fanuc/install/gtest/lib/pkgconfig:/root/crs_ws_fanuc/install/eigen/lib/x86_64-linux-gnu/pkgconfig:/root/crs_ws_fanuc/install/eigen/lib/pkgconfig:/root/crs_ws_fanuc/install/bullet3/lib/x86_64-linux-gnu/pkgconfig:/root/crs_ws_fanuc/install/bullet3/lib/pkgconfig PYTHONPATH=/root/crs_ws_fanuc/install/crs_msgs/lib/python3.6/site-packages:/root/crs_ws_fanuc/install/region_detection_msgs/lib/python3.6/site-packages:/root/crs_ws_fanuc/install/cartesian_trajectory_msgs/lib/python3.6/site-packages:/opt/ros/melodic/lib/python2.7/dist-packages:/root/crs_ws_fanuc/install/ur_dashboard_msgs/lib/python3.6/site-packages:/root/crs_ws_fanuc/install/tesseract_msgs/lib/python3.6/site-packages:/root/crs_ws_fanuc/install/octomap_msgs/lib/python3.6/site-packages:/root/crs_ws_fanuc/install/crs_utils_py/lib/python3.6/site-packages:/opt/ros/eloquent/lib/python3.6/site-packages /usr/bin/cmake --build /root/crs_ws_fanuc/build/crs_application --target install -- -j8 -l8
