[0.011s] Invoking command in '/root/crs_ws_fanuc/build/crs_msgs': AMENT_PREFIX_PATH=/root/crs_ws_fanuc/install/cartesian_trajectory_msgs:${AMENT_PREFIX_PATH} CMAKE_PREFIX_PATH=/root/crs_ws_fanuc/install/cartesian_trajectory_msgs:/opt/qt513/lib/cmake:/opt/ros/eloquent LD_LIBRARY_PATH=/root/crs_ws_fanuc/install/cartesian_trajectory_msgs/lib:${LD_LIBRARY_PATH} PYTHONPATH=/root/crs_ws_fanuc/install/cartesian_trajectory_msgs/lib/python3.6/site-packages:${PYTHONPATH} /usr/bin/cmake --build /root/crs_ws_fanuc/build/crs_msgs -- -j8 -l8
[0.081s] [  0%] Built target crs_msgs__cpp
[0.096s] [ 12%] Built target crs_msgs__rosidl_generator_c
[0.129s] [ 25%] Built target crs_msgs__rosidl_typesupport_introspection_cpp
[0.134s] [ 37%] Built target crs_msgs__rosidl_typesupport_fastrtps_cpp
[0.141s] [ 49%] Built target crs_msgs__rosidl_typesupport_introspection_c
[0.176s] [ 61%] Built target crs_msgs__rosidl_typesupport_cpp
[0.184s] [ 73%] Built target crs_msgs__rosidl_typesupport_fastrtps_c
[0.222s] [ 85%] Built target crs_msgs__rosidl_typesupport_c
[0.244s] [ 85%] Built target crs_msgs
[0.268s] [ 86%] Built target crs_msgs__py
[0.311s] [ 97%] Built target crs_msgs__python
[0.345s] [100%] Built target crs_msgs__rosidl_typesupport_c__pyext
[0.345s] [100%] Built target crs_msgs__rosidl_typesupport_fastrtps_c__pyext
[0.357s] Invoked command in '/root/crs_ws_fanuc/build/crs_msgs' returned '0': AMENT_PREFIX_PATH=/root/crs_ws_fanuc/install/cartesian_trajectory_msgs:${AMENT_PREFIX_PATH} CMAKE_PREFIX_PATH=/root/crs_ws_fanuc/install/cartesian_trajectory_msgs:/opt/qt513/lib/cmake:/opt/ros/eloquent LD_LIBRARY_PATH=/root/crs_ws_fanuc/install/cartesian_trajectory_msgs/lib:${LD_LIBRARY_PATH} PYTHONPATH=/root/crs_ws_fanuc/install/cartesian_trajectory_msgs/lib/python3.6/site-packages:${PYTHONPATH} /usr/bin/cmake --build /root/crs_ws_fanuc/build/crs_msgs -- -j8 -l8
[0.583s] Invoking command in '/root/crs_ws_fanuc/build/crs_msgs': AMENT_PREFIX_PATH=/root/crs_ws_fanuc/install/cartesian_trajectory_msgs:${AMENT_PREFIX_PATH} CMAKE_PREFIX_PATH=/root/crs_ws_fanuc/install/cartesian_trajectory_msgs:/opt/qt513/lib/cmake:/opt/ros/eloquent LD_LIBRARY_PATH=/root/crs_ws_fanuc/install/cartesian_trajectory_msgs/lib:${LD_LIBRARY_PATH} PYTHONPATH=/root/crs_ws_fanuc/install/cartesian_trajectory_msgs/lib/python3.6/site-packages:${PYTHONPATH} /usr/bin/cmake --build /root/crs_ws_fanuc/build/crs_msgs --target install -- -j8 -l8
[0.648s] [  0%] Built target crs_msgs__cpp
[0.663s] [ 12%] Built target crs_msgs__rosidl_generator_c
[0.690s] [ 25%] Built target crs_msgs__rosidl_typesupport_introspection_cpp
[0.705s] [ 37%] Built target crs_msgs__rosidl_typesupport_fastrtps_cpp
[0.707s] [ 49%] Built target crs_msgs__rosidl_typesupport_introspection_c
[0.753s] [ 62%] Built target crs_msgs__rosidl_typesupport_fastrtps_c
[0.753s] [ 73%] Built target crs_msgs__rosidl_typesupport_cpp
[0.795s] [ 85%] Built target crs_msgs__rosidl_typesupport_c
[0.817s] [ 85%] Built target crs_msgs
[0.840s] [ 86%] Built target crs_msgs__py
[0.883s] [ 97%] Built target crs_msgs__python
[0.916s] [ 99%] Built target crs_msgs__rosidl_typesupport_fastrtps_c__pyext
[0.916s] [100%] Built target crs_msgs__rosidl_typesupport_c__pyext
[0.937s] [36mInstall the project...[0m
[0.946s] -- Install configuration: "Debug"
[1.136s] -- Execute custom install script
[1.136s] -- Up-to-date symlink: /root/crs_ws_fanuc/install/crs_msgs/share/ament_index/resource_index/rosidl_interfaces/crs_msgs
[1.136s] -- Up-to-date symlink: /root/crs_ws_fanuc/install/crs_msgs/lib/libcrs_msgs__rosidl_typesupport_c.so
[1.137s] -- Up-to-date symlink: /root/crs_ws_fanuc/install/crs_msgs/share/crs_msgs/environment/library_path.sh
[1.137s] -- Up-to-date symlink: /root/crs_ws_fanuc/install/crs_msgs/share/crs_msgs/environment/library_path.dsv
[1.138s] -- Up-to-date symlink: /root/crs_ws_fanuc/install/crs_msgs/lib/libcrs_msgs__rosidl_typesupport_cpp.so
[1.139s] -- Up-to-date symlink: /root/crs_ws_fanuc/install/crs_msgs/include/crs_msgs/msg/process_configuration__rosidl_typesupport_fastrtps_c.h
[1.139s] -- Up-to-date symlink: /root/crs_ws_fanuc/install/crs_msgs/include/crs_msgs/msg/process_motion_plan__rosidl_typesupport_fastrtps_c.h
[1.139s] -- Up-to-date symlink: /root/crs_ws_fanuc/install/crs_msgs/include/crs_msgs/msg/rosidl_typesupport_fastrtps_c__visibility_control.h
[1.140s] -- Up-to-date symlink: /root/crs_ws_fanuc/install/crs_msgs/include/crs_msgs/msg/tool_process_path__rosidl_typesupport_fastrtps_c.h
[1.140s] -- Up-to-date symlink: /root/crs_ws_fanuc/install/crs_msgs/include/crs_msgs/srv/call_freespace_motion__rosidl_typesupport_fastrtps_c.h
[1.141s] -- Up-to-date symlink: /root/crs_ws_fanuc/install/crs_msgs/include/crs_msgs/srv/crop_toolpaths__rosidl_typesupport_fastrtps_c.h
[1.141s] -- Up-to-date symlink: /root/crs_ws_fanuc/install/crs_msgs/include/crs_msgs/srv/execute_action__rosidl_typesupport_fastrtps_c.h
[1.141s] -- Up-to-date symlink: /root/crs_ws_fanuc/install/crs_msgs/include/crs_msgs/srv/get_available_actions__rosidl_typesupport_fastrtps_c.h
[1.142s] -- Up-to-date symlink: /root/crs_ws_fanuc/install/crs_msgs/include/crs_msgs/srv/get_configuration__rosidl_typesupport_fastrtps_c.h
[1.142s] -- Up-to-date symlink: /root/crs_ws_fanuc/install/crs_msgs/include/crs_msgs/srv/get_roi_selection__rosidl_typesupport_fastrtps_c.h
[1.143s] -- Up-to-date symlink: /root/crs_ws_fanuc/install/crs_msgs/include/crs_msgs/srv/load_part__rosidl_typesupport_fastrtps_c.h
[1.143s] -- Up-to-date symlink: /root/crs_ws_fanuc/install/crs_msgs/include/crs_msgs/srv/localize_to_part__rosidl_typesupport_fastrtps_c.h
[1.144s] -- Up-to-date symlink: /root/crs_ws_fanuc/install/crs_msgs/include/crs_msgs/srv/plan_process_motions__rosidl_typesupport_fastrtps_c.h
[1.144s] -- Up-to-date symlink: /root/crs_ws_fanuc/install/crs_msgs/include/crs_msgs/srv/robot_positioner__rosidl_typesupport_fastrtps_c.h
[1.144s] -- Up-to-date symlink: /root/crs_ws_fanuc/install/crs_msgs/include/crs_msgs/srv/run_robot_script__rosidl_typesupport_fastrtps_c.h
[1.145s] -- Up-to-date symlink: /root/crs_ws_fanuc/install/crs_msgs/lib/libcrs_msgs__rosidl_typesupport_fastrtps_c.so
[1.145s] -- Up-to-date symlink: /root/crs_ws_fanuc/install/crs_msgs/include/crs_msgs/msg/process_configuration.h
[1.145s] -- Up-to-date symlink: /root/crs_ws_fanuc/install/crs_msgs/include/crs_msgs/msg/process_configuration__functions.h
[1.146s] -- Up-to-date symlink: /root/crs_ws_fanuc/install/crs_msgs/include/crs_msgs/msg/process_configuration__struct.h
[1.146s] -- Up-to-date symlink: /root/crs_ws_fanuc/install/crs_msgs/include/crs_msgs/msg/process_configuration__type_support.h
[1.146s] -- Up-to-date symlink: /root/crs_ws_fanuc/install/crs_msgs/include/crs_msgs/msg/process_motion_plan.h
[1.146s] -- Up-to-date symlink: /root/crs_ws_fanuc/install/crs_msgs/include/crs_msgs/msg/process_motion_plan__functions.h
[1.148s] -- Up-to-date symlink: /root/crs_ws_fanuc/install/crs_msgs/include/crs_msgs/msg/process_motion_plan__struct.h
[1.149s] -- Up-to-date symlink: /root/crs_ws_fanuc/install/crs_msgs/include/crs_msgs/msg/process_motion_plan__type_support.h
[1.149s] -- Up-to-date symlink: /root/crs_ws_fanuc/install/crs_msgs/include/crs_msgs/msg/rosidl_generator_c__visibility_control.h
[1.149s] -- Up-to-date symlink: /root/crs_ws_fanuc/install/crs_msgs/include/crs_msgs/msg/tool_process_path.h
[1.149s] -- Up-to-date symlink: /root/crs_ws_fanuc/install/crs_msgs/include/crs_msgs/msg/tool_process_path__functions.h
[1.150s] -- Up-to-date symlink: /root/crs_ws_fanuc/install/crs_msgs/include/crs_msgs/msg/tool_process_path__struct.h
[1.150s] -- Up-to-date symlink: /root/crs_ws_fanuc/install/crs_msgs/include/crs_msgs/msg/tool_process_path__type_support.h
[1.151s] -- Up-to-date symlink: /root/crs_ws_fanuc/install/crs_msgs/include/crs_msgs/srv/call_freespace_motion.h
[1.151s] -- Up-to-date symlink: /root/crs_ws_fanuc/install/crs_msgs/include/crs_msgs/srv/call_freespace_motion__functions.h
[1.152s] -- Up-to-date symlink: /root/crs_ws_fanuc/install/crs_msgs/include/crs_msgs/srv/call_freespace_motion__struct.h
[1.152s] -- Up-to-date symlink: /root/crs_ws_fanuc/install/crs_msgs/include/crs_msgs/srv/call_freespace_motion__type_support.h
[1.153s] -- Up-to-date symlink: /root/crs_ws_fanuc/install/crs_msgs/include/crs_msgs/srv/crop_toolpaths.h
[1.153s] -- Up-to-date symlink: /root/crs_ws_fanuc/install/crs_msgs/include/crs_msgs/srv/crop_toolpaths__functions.h
[1.154s] -- Up-to-date symlink: /root/crs_ws_fanuc/install/crs_msgs/include/crs_msgs/srv/crop_toolpaths__struct.h
[1.154s] -- Up-to-date symlink: /root/crs_ws_fanuc/install/crs_msgs/include/crs_msgs/srv/crop_toolpaths__type_support.h
[1.154s] -- Up-to-date symlink: /root/crs_ws_fanuc/install/crs_msgs/include/crs_msgs/srv/execute_action.h
[1.155s] -- Up-to-date symlink: /root/crs_ws_fanuc/install/crs_msgs/include/crs_msgs/srv/execute_action__functions.h
[1.155s] -- Up-to-date symlink: /root/crs_ws_fanuc/install/crs_msgs/include/crs_msgs/srv/execute_action__struct.h
[1.155s] -- Up-to-date symlink: /root/crs_ws_fanuc/install/crs_msgs/include/crs_msgs/srv/execute_action__type_support.h
[1.155s] -- Up-to-date symlink: /root/crs_ws_fanuc/install/crs_msgs/include/crs_msgs/srv/get_available_actions.h
[1.156s] -- Up-to-date symlink: /root/crs_ws_fanuc/install/crs_msgs/include/crs_msgs/srv/get_available_actions__functions.h
[1.156s] -- Up-to-date symlink: /root/crs_ws_fanuc/install/crs_msgs/include/crs_msgs/srv/get_available_actions__struct.h
[1.156s] -- Up-to-date symlink: /root/crs_ws_fanuc/install/crs_msgs/include/crs_msgs/srv/get_available_actions__type_support.h
[1.157s] -- Up-to-date symlink: /root/crs_ws_fanuc/install/crs_msgs/include/crs_msgs/srv/get_configuration.h
[1.159s] -- Up-to-date symlink: /root/crs_ws_fanuc/install/crs_msgs/include/crs_msgs/srv/get_configuration__functions.h
[1.160s] -- Up-to-date symlink: /root/crs_ws_fanuc/install/crs_msgs/include/crs_msgs/srv/get_configuration__struct.h
[1.160s] -- Up-to-date symlink: /root/crs_ws_fanuc/install/crs_msgs/include/crs_msgs/srv/get_configuration__type_support.h
[1.160s] -- Up-to-date symlink: /root/crs_ws_fanuc/install/crs_msgs/include/crs_msgs/srv/get_roi_selection.h
[1.160s] -- Up-to-date symlink: /root/crs_ws_fanuc/install/crs_msgs/include/crs_msgs/srv/get_roi_selection__functions.h
[1.161s] -- Up-to-date symlink: /root/crs_ws_fanuc/install/crs_msgs/include/crs_msgs/srv/get_roi_selection__struct.h
[1.161s] -- Up-to-date symlink: /root/crs_ws_fanuc/install/crs_msgs/include/crs_msgs/srv/get_roi_selection__type_support.h
[1.161s] -- Up-to-date symlink: /root/crs_ws_fanuc/install/crs_msgs/include/crs_msgs/srv/load_part.h
[1.163s] -- Up-to-date symlink: /root/crs_ws_fanuc/install/crs_msgs/include/crs_msgs/srv/load_part__functions.h
[1.163s] -- Up-to-date symlink: /root/crs_ws_fanuc/install/crs_msgs/include/crs_msgs/srv/load_part__struct.h
[1.163s] -- Up-to-date symlink: /root/crs_ws_fanuc/install/crs_msgs/include/crs_msgs/srv/load_part__type_support.h
[1.164s] -- Up-to-date symlink: /root/crs_ws_fanuc/install/crs_msgs/include/crs_msgs/srv/localize_to_part.h
[1.164s] -- Up-to-date symlink: /root/crs_ws_fanuc/install/crs_msgs/include/crs_msgs/srv/localize_to_part__functions.h
[1.165s] -- Up-to-date symlink: /root/crs_ws_fanuc/install/crs_msgs/include/crs_msgs/srv/localize_to_part__struct.h
[1.165s] -- Up-to-date symlink: /root/crs_ws_fanuc/install/crs_msgs/include/crs_msgs/srv/localize_to_part__type_support.h
[1.166s] -- Up-to-date symlink: /root/crs_ws_fanuc/install/crs_msgs/include/crs_msgs/srv/plan_process_motions.h
[1.166s] -- Up-to-date symlink: /root/crs_ws_fanuc/install/crs_msgs/include/crs_msgs/srv/plan_process_motions__functions.h
[1.166s] -- Up-to-date symlink: /root/crs_ws_fanuc/install/crs_msgs/include/crs_msgs/srv/plan_process_motions__struct.h
[1.167s] -- Up-to-date symlink: /root/crs_ws_fanuc/install/crs_msgs/include/crs_msgs/srv/plan_process_motions__type_support.h
[1.167s] -- Up-to-date symlink: /root/crs_ws_fanuc/install/crs_msgs/include/crs_msgs/srv/robot_positioner.h
[1.167s] -- Up-to-date symlink: /root/crs_ws_fanuc/install/crs_msgs/include/crs_msgs/srv/robot_positioner__functions.h
[1.170s] -- Up-to-date symlink: /root/crs_ws_fanuc/install/crs_msgs/include/crs_msgs/srv/robot_positioner__struct.h
[1.170s] -- Up-to-date symlink: /root/crs_ws_fanuc/install/crs_msgs/include/crs_msgs/srv/robot_positioner__type_support.h
[1.171s] -- Up-to-date symlink: /root/crs_ws_fanuc/install/crs_msgs/include/crs_msgs/srv/run_robot_script.h
[1.171s] -- Up-to-date symlink: /root/crs_ws_fanuc/install/crs_msgs/include/crs_msgs/srv/run_robot_script__functions.h
[1.171s] -- Up-to-date symlink: /root/crs_ws_fanuc/install/crs_msgs/include/crs_msgs/srv/run_robot_script__struct.h
[1.171s] -- Up-to-date symlink: /root/crs_ws_fanuc/install/crs_msgs/include/crs_msgs/srv/run_robot_script__type_support.h
[1.174s] -- Up-to-date symlink: /root/crs_ws_fanuc/install/crs_msgs/lib/libcrs_msgs__rosidl_generator_c.so
[1.174s] -- Up-to-date symlink: /root/crs_ws_fanuc/install/crs_msgs/include/crs_msgs/msg/process_configuration__rosidl_typesupport_fastrtps_cpp.hpp
[1.174s] -- Up-to-date symlink: /root/crs_ws_fanuc/install/crs_msgs/include/crs_msgs/msg/process_motion_plan__rosidl_typesupport_fastrtps_cpp.hpp
[1.175s] -- Up-to-date symlink: /root/crs_ws_fanuc/install/crs_msgs/include/crs_msgs/msg/rosidl_typesupport_fastrtps_cpp__visibility_control.h
[1.175s] -- Up-to-date symlink: /root/crs_ws_fanuc/install/crs_msgs/include/crs_msgs/msg/tool_process_path__rosidl_typesupport_fastrtps_cpp.hpp
[1.175s] -- Up-to-date symlink: /root/crs_ws_fanuc/install/crs_msgs/include/crs_msgs/srv/call_freespace_motion__rosidl_typesupport_fastrtps_cpp.hpp
[1.176s] -- Up-to-date symlink: /root/crs_ws_fanuc/install/crs_msgs/include/crs_msgs/srv/crop_toolpaths__rosidl_typesupport_fastrtps_cpp.hpp
[1.176s] -- Up-to-date symlink: /root/crs_ws_fanuc/install/crs_msgs/include/crs_msgs/srv/execute_action__rosidl_typesupport_fastrtps_cpp.hpp
[1.178s] -- Up-to-date symlink: /root/crs_ws_fanuc/install/crs_msgs/include/crs_msgs/srv/get_available_actions__rosidl_typesupport_fastrtps_cpp.hpp
[1.179s] -- Up-to-date symlink: /root/crs_ws_fanuc/install/crs_msgs/include/crs_msgs/srv/get_configuration__rosidl_typesupport_fastrtps_cpp.hpp
[1.180s] -- Up-to-date symlink: /root/crs_ws_fanuc/install/crs_msgs/include/crs_msgs/srv/get_roi_selection__rosidl_typesupport_fastrtps_cpp.hpp
[1.180s] -- Up-to-date symlink: /root/crs_ws_fanuc/install/crs_msgs/include/crs_msgs/srv/load_part__rosidl_typesupport_fastrtps_cpp.hpp
[1.180s] -- Up-to-date symlink: /root/crs_ws_fanuc/install/crs_msgs/include/crs_msgs/srv/localize_to_part__rosidl_typesupport_fastrtps_cpp.hpp
[1.180s] -- Up-to-date symlink: /root/crs_ws_fanuc/install/crs_msgs/include/crs_msgs/srv/plan_process_motions__rosidl_typesupport_fastrtps_cpp.hpp
[1.180s] -- Up-to-date symlink: /root/crs_ws_fanuc/install/crs_msgs/include/crs_msgs/srv/robot_positioner__rosidl_typesupport_fastrtps_cpp.hpp
[1.181s] -- Up-to-date symlink: /root/crs_ws_fanuc/install/crs_msgs/include/crs_msgs/srv/run_robot_script__rosidl_typesupport_fastrtps_cpp.hpp
[1.181s] -- Up-to-date symlink: /root/crs_ws_fanuc/install/crs_msgs/lib/libcrs_msgs__rosidl_typesupport_fastrtps_cpp.so
[1.181s] -- Up-to-date symlink: /root/crs_ws_fanuc/install/crs_msgs/include/crs_msgs/msg/process_configuration.hpp
[1.181s] -- Up-to-date symlink: /root/crs_ws_fanuc/install/crs_msgs/include/crs_msgs/msg/process_configuration__struct.hpp
[1.181s] -- Up-to-date symlink: /root/crs_ws_fanuc/install/crs_msgs/include/crs_msgs/msg/process_configuration__traits.hpp
[1.182s] -- Up-to-date symlink: /root/crs_ws_fanuc/install/crs_msgs/include/crs_msgs/msg/process_motion_plan.hpp
[1.182s] -- Up-to-date symlink: /root/crs_ws_fanuc/install/crs_msgs/include/crs_msgs/msg/process_motion_plan__struct.hpp
[1.182s] -- Up-to-date symlink: /root/crs_ws_fanuc/install/crs_msgs/include/crs_msgs/msg/process_motion_plan__traits.hpp
[1.182s] -- Up-to-date symlink: /root/crs_ws_fanuc/install/crs_msgs/include/crs_msgs/msg/tool_process_path.hpp
[1.182s] -- Up-to-date symlink: /root/crs_ws_fanuc/install/crs_msgs/include/crs_msgs/msg/tool_process_path__struct.hpp
[1.183s] -- Up-to-date symlink: /root/crs_ws_fanuc/install/crs_msgs/include/crs_msgs/msg/tool_process_path__traits.hpp
[1.183s] -- Up-to-date symlink: /root/crs_ws_fanuc/install/crs_msgs/include/crs_msgs/srv/call_freespace_motion.hpp
[1.183s] -- Up-to-date symlink: /root/crs_ws_fanuc/install/crs_msgs/include/crs_msgs/srv/call_freespace_motion__struct.hpp
[1.183s] -- Up-to-date symlink: /root/crs_ws_fanuc/install/crs_msgs/include/crs_msgs/srv/call_freespace_motion__traits.hpp
[1.183s] -- Up-to-date symlink: /root/crs_ws_fanuc/install/crs_msgs/include/crs_msgs/srv/crop_toolpaths.hpp
[1.183s] -- Up-to-date symlink: /root/crs_ws_fanuc/install/crs_msgs/include/crs_msgs/srv/crop_toolpaths__struct.hpp
[1.183s] -- Up-to-date symlink: /root/crs_ws_fanuc/install/crs_msgs/include/crs_msgs/srv/crop_toolpaths__traits.hpp
[1.184s] -- Up-to-date symlink: /root/crs_ws_fanuc/install/crs_msgs/include/crs_msgs/srv/execute_action.hpp
[1.184s] -- Up-to-date symlink: /root/crs_ws_fanuc/install/crs_msgs/include/crs_msgs/srv/execute_action__struct.hpp
[1.184s] -- Up-to-date symlink: /root/crs_ws_fanuc/install/crs_msgs/include/crs_msgs/srv/execute_action__traits.hpp
[1.184s] -- Up-to-date symlink: /root/crs_ws_fanuc/install/crs_msgs/include/crs_msgs/srv/get_available_actions.hpp
[1.184s] -- Up-to-date symlink: /root/crs_ws_fanuc/install/crs_msgs/include/crs_msgs/srv/get_available_actions__struct.hpp
[1.184s] -- Up-to-date symlink: /root/crs_ws_fanuc/install/crs_msgs/include/crs_msgs/srv/get_available_actions__traits.hpp
[1.184s] -- Up-to-date symlink: /root/crs_ws_fanuc/install/crs_msgs/include/crs_msgs/srv/get_configuration.hpp
[1.185s] -- Up-to-date symlink: /root/crs_ws_fanuc/install/crs_msgs/include/crs_msgs/srv/get_configuration__struct.hpp
[1.185s] -- Up-to-date symlink: /root/crs_ws_fanuc/install/crs_msgs/include/crs_msgs/srv/get_configuration__traits.hpp
[1.185s] -- Up-to-date symlink: /root/crs_ws_fanuc/install/crs_msgs/include/crs_msgs/srv/get_roi_selection.hpp
[1.185s] -- Up-to-date symlink: /root/crs_ws_fanuc/install/crs_msgs/include/crs_msgs/srv/get_roi_selection__struct.hpp
[1.185s] -- Up-to-date symlink: /root/crs_ws_fanuc/install/crs_msgs/include/crs_msgs/srv/get_roi_selection__traits.hpp
[1.185s] -- Up-to-date symlink: /root/crs_ws_fanuc/install/crs_msgs/include/crs_msgs/srv/load_part.hpp
[1.186s] -- Up-to-date symlink: /root/crs_ws_fanuc/install/crs_msgs/include/crs_msgs/srv/load_part__struct.hpp
[1.186s] -- Up-to-date symlink: /root/crs_ws_fanuc/install/crs_msgs/include/crs_msgs/srv/load_part__traits.hpp
[1.186s] -- Up-to-date symlink: /root/crs_ws_fanuc/install/crs_msgs/include/crs_msgs/srv/localize_to_part.hpp
[1.187s] -- Up-to-date symlink: /root/crs_ws_fanuc/install/crs_msgs/include/crs_msgs/srv/localize_to_part__struct.hpp
[1.187s] -- Up-to-date symlink: /root/crs_ws_fanuc/install/crs_msgs/include/crs_msgs/srv/localize_to_part__traits.hpp
[1.188s] -- Up-to-date symlink: /root/crs_ws_fanuc/install/crs_msgs/include/crs_msgs/srv/plan_process_motions.hpp
[1.188s] -- Up-to-date symlink: /root/crs_ws_fanuc/install/crs_msgs/include/crs_msgs/srv/plan_process_motions__struct.hpp
[1.188s] -- Up-to-date symlink: /root/crs_ws_fanuc/install/crs_msgs/include/crs_msgs/srv/plan_process_motions__traits.hpp
[1.188s] -- Up-to-date symlink: /root/crs_ws_fanuc/install/crs_msgs/include/crs_msgs/srv/robot_positioner.hpp
[1.188s] -- Up-to-date symlink: /root/crs_ws_fanuc/install/crs_msgs/include/crs_msgs/srv/robot_positioner__struct.hpp
[1.188s] -- Up-to-date symlink: /root/crs_ws_fanuc/install/crs_msgs/include/crs_msgs/srv/robot_positioner__traits.hpp
[1.188s] -- Up-to-date symlink: /root/crs_ws_fanuc/install/crs_msgs/include/crs_msgs/srv/run_robot_script.hpp
[1.189s] -- Up-to-date symlink: /root/crs_ws_fanuc/install/crs_msgs/include/crs_msgs/srv/run_robot_script__struct.hpp
[1.189s] -- Up-to-date symlink: /root/crs_ws_fanuc/install/crs_msgs/include/crs_msgs/srv/run_robot_script__traits.hpp
[1.189s] -- Up-to-date symlink: /root/crs_ws_fanuc/install/crs_msgs/include/crs_msgs/msg/process_configuration__rosidl_typesupport_introspection_c.h
[1.189s] -- Up-to-date symlink: /root/crs_ws_fanuc/install/crs_msgs/include/crs_msgs/msg/process_motion_plan__rosidl_typesupport_introspection_c.h
[1.189s] -- Up-to-date symlink: /root/crs_ws_fanuc/install/crs_msgs/include/crs_msgs/msg/rosidl_typesupport_introspection_c__visibility_control.h
[1.189s] -- Up-to-date symlink: /root/crs_ws_fanuc/install/crs_msgs/include/crs_msgs/msg/tool_process_path__rosidl_typesupport_introspection_c.h
[1.189s] -- Up-to-date symlink: /root/crs_ws_fanuc/install/crs_msgs/include/crs_msgs/srv/call_freespace_motion__rosidl_typesupport_introspection_c.h
[1.190s] -- Up-to-date symlink: /root/crs_ws_fanuc/install/crs_msgs/include/crs_msgs/srv/crop_toolpaths__rosidl_typesupport_introspection_c.h
[1.190s] -- Up-to-date symlink: /root/crs_ws_fanuc/install/crs_msgs/include/crs_msgs/srv/execute_action__rosidl_typesupport_introspection_c.h
[1.190s] -- Up-to-date symlink: /root/crs_ws_fanuc/install/crs_msgs/include/crs_msgs/srv/get_available_actions__rosidl_typesupport_introspection_c.h
[1.190s] -- Up-to-date symlink: /root/crs_ws_fanuc/install/crs_msgs/include/crs_msgs/srv/get_configuration__rosidl_typesupport_introspection_c.h
[1.190s] -- Up-to-date symlink: /root/crs_ws_fanuc/install/crs_msgs/include/crs_msgs/srv/get_roi_selection__rosidl_typesupport_introspection_c.h
[1.190s] -- Up-to-date symlink: /root/crs_ws_fanuc/install/crs_msgs/include/crs_msgs/srv/load_part__rosidl_typesupport_introspection_c.h
[1.190s] -- Up-to-date symlink: /root/crs_ws_fanuc/install/crs_msgs/include/crs_msgs/srv/localize_to_part__rosidl_typesupport_introspection_c.h
[1.191s] -- Up-to-date symlink: /root/crs_ws_fanuc/install/crs_msgs/include/crs_msgs/srv/plan_process_motions__rosidl_typesupport_introspection_c.h
[1.191s] -- Up-to-date symlink: /root/crs_ws_fanuc/install/crs_msgs/include/crs_msgs/srv/robot_positioner__rosidl_typesupport_introspection_c.h
[1.191s] -- Up-to-date symlink: /root/crs_ws_fanuc/install/crs_msgs/include/crs_msgs/srv/run_robot_script__rosidl_typesupport_introspection_c.h
[1.191s] -- Up-to-date symlink: /root/crs_ws_fanuc/install/crs_msgs/lib/libcrs_msgs__rosidl_typesupport_introspection_c.so
[1.191s] -- Up-to-date symlink: /root/crs_ws_fanuc/install/crs_msgs/include/crs_msgs/msg/process_configuration__rosidl_typesupport_introspection_cpp.hpp
[1.191s] -- Up-to-date symlink: /root/crs_ws_fanuc/install/crs_msgs/include/crs_msgs/msg/process_motion_plan__rosidl_typesupport_introspection_cpp.hpp
[1.192s] -- Up-to-date symlink: /root/crs_ws_fanuc/install/crs_msgs/include/crs_msgs/msg/tool_process_path__rosidl_typesupport_introspection_cpp.hpp
[1.192s] -- Up-to-date symlink: /root/crs_ws_fanuc/install/crs_msgs/include/crs_msgs/srv/call_freespace_motion__rosidl_typesupport_introspection_cpp.hpp
[1.192s] -- Up-to-date symlink: /root/crs_ws_fanuc/install/crs_msgs/include/crs_msgs/srv/crop_toolpaths__rosidl_typesupport_introspection_cpp.hpp
[1.192s] -- Up-to-date symlink: /root/crs_ws_fanuc/install/crs_msgs/include/crs_msgs/srv/execute_action__rosidl_typesupport_introspection_cpp.hpp
[1.192s] -- Up-to-date symlink: /root/crs_ws_fanuc/install/crs_msgs/include/crs_msgs/srv/get_available_actions__rosidl_typesupport_introspection_cpp.hpp
[1.192s] -- Up-to-date symlink: /root/crs_ws_fanuc/install/crs_msgs/include/crs_msgs/srv/get_configuration__rosidl_typesupport_introspection_cpp.hpp
[1.192s] -- Up-to-date symlink: /root/crs_ws_fanuc/install/crs_msgs/include/crs_msgs/srv/get_roi_selection__rosidl_typesupport_introspection_cpp.hpp
[1.193s] -- Up-to-date symlink: /root/crs_ws_fanuc/install/crs_msgs/include/crs_msgs/srv/load_part__rosidl_typesupport_introspection_cpp.hpp
[1.193s] -- Up-to-date symlink: /root/crs_ws_fanuc/install/crs_msgs/include/crs_msgs/srv/localize_to_part__rosidl_typesupport_introspection_cpp.hpp
[1.193s] -- Up-to-date symlink: /root/crs_ws_fanuc/install/crs_msgs/include/crs_msgs/srv/plan_process_motions__rosidl_typesupport_introspection_cpp.hpp
[1.194s] -- Up-to-date symlink: /root/crs_ws_fanuc/install/crs_msgs/include/crs_msgs/srv/robot_positioner__rosidl_typesupport_introspection_cpp.hpp
[1.194s] -- Up-to-date symlink: /root/crs_ws_fanuc/install/crs_msgs/include/crs_msgs/srv/run_robot_script__rosidl_typesupport_introspection_cpp.hpp
[1.194s] -- Up-to-date symlink: /root/crs_ws_fanuc/install/crs_msgs/lib/libcrs_msgs__rosidl_typesupport_introspection_cpp.so
[1.194s] -- Up-to-date symlink: /root/crs_ws_fanuc/install/crs_msgs/share/crs_msgs/environment/pythonpath.sh
[1.194s] -- Up-to-date symlink: /root/crs_ws_fanuc/install/crs_msgs/share/crs_msgs/environment/pythonpath.dsv
[1.194s] -- Up-to-date symlink: /root/crs_ws_fanuc/install/crs_msgs/lib/python3.6/site-packages/crs_msgs/__init__.py
[1.194s] -- Up-to-date symlink: /root/crs_ws_fanuc/install/crs_msgs/lib/python3.6/site-packages/crs_msgs/msg/__init__.py
[1.194s] -- Up-to-date symlink: /root/crs_ws_fanuc/install/crs_msgs/lib/python3.6/site-packages/crs_msgs/msg/_process_configuration.py
[1.195s] -- Up-to-date symlink: /root/crs_ws_fanuc/install/crs_msgs/lib/python3.6/site-packages/crs_msgs/msg/_process_motion_plan.py
[1.195s] -- Up-to-date symlink: /root/crs_ws_fanuc/install/crs_msgs/lib/python3.6/site-packages/crs_msgs/msg/_tool_process_path.py
[1.195s] -- Up-to-date symlink: /root/crs_ws_fanuc/install/crs_msgs/lib/python3.6/site-packages/crs_msgs/srv/__init__.py
[1.195s] -- Up-to-date symlink: /root/crs_ws_fanuc/install/crs_msgs/lib/python3.6/site-packages/crs_msgs/srv/_call_freespace_motion.py
[1.195s] -- Up-to-date symlink: /root/crs_ws_fanuc/install/crs_msgs/lib/python3.6/site-packages/crs_msgs/srv/_crop_toolpaths.py
[1.195s] -- Up-to-date symlink: /root/crs_ws_fanuc/install/crs_msgs/lib/python3.6/site-packages/crs_msgs/srv/_execute_action.py
[1.195s] -- Up-to-date symlink: /root/crs_ws_fanuc/install/crs_msgs/lib/python3.6/site-packages/crs_msgs/srv/_get_available_actions.py
[1.195s] -- Up-to-date symlink: /root/crs_ws_fanuc/install/crs_msgs/lib/python3.6/site-packages/crs_msgs/srv/_get_configuration.py
[1.195s] -- Up-to-date symlink: /root/crs_ws_fanuc/install/crs_msgs/lib/python3.6/site-packages/crs_msgs/srv/_get_roi_selection.py
[1.195s] -- Up-to-date symlink: /root/crs_ws_fanuc/install/crs_msgs/lib/python3.6/site-packages/crs_msgs/srv/_load_part.py
[1.196s] -- Up-to-date symlink: /root/crs_ws_fanuc/install/crs_msgs/lib/python3.6/site-packages/crs_msgs/srv/_localize_to_part.py
[1.196s] -- Up-to-date symlink: /root/crs_ws_fanuc/install/crs_msgs/lib/python3.6/site-packages/crs_msgs/srv/_plan_process_motions.py
[1.196s] -- Up-to-date symlink: /root/crs_ws_fanuc/install/crs_msgs/lib/python3.6/site-packages/crs_msgs/srv/_robot_positioner.py
[1.196s] -- Up-to-date symlink: /root/crs_ws_fanuc/install/crs_msgs/lib/python3.6/site-packages/crs_msgs/srv/_run_robot_script.py
[1.196s] -- Up-to-date symlink: /root/crs_ws_fanuc/install/crs_msgs/lib/python3.6/site-packages/crs_msgs/crs_msgs_s__rosidl_typesupport_c.cpython-36m-x86_64-linux-gnu.so
[1.196s] -- Up-to-date symlink: /root/crs_ws_fanuc/install/crs_msgs/lib/python3.6/site-packages/crs_msgs/crs_msgs_s__rosidl_typesupport_fastrtps_c.cpython-36m-x86_64-linux-gnu.so
[1.196s] -- Up-to-date symlink: /root/crs_ws_fanuc/install/crs_msgs/lib/libcrs_msgs__python.so
[1.196s] -- Up-to-date symlink: /root/crs_ws_fanuc/install/crs_msgs/share/crs_msgs/msg/ProcessConfiguration.idl
[1.196s] -- Up-to-date symlink: /root/crs_ws_fanuc/install/crs_msgs/share/crs_msgs/msg/ProcessMotionPlan.idl
[1.196s] -- Up-to-date symlink: /root/crs_ws_fanuc/install/crs_msgs/share/crs_msgs/msg/ToolProcessPath.idl
[1.197s] -- Up-to-date symlink: /root/crs_ws_fanuc/install/crs_msgs/share/crs_msgs/srv/CallFreespaceMotion.idl
[1.197s] -- Up-to-date symlink: /root/crs_ws_fanuc/install/crs_msgs/share/crs_msgs/srv/GetROISelection.idl
[1.197s] -- Up-to-date symlink: /root/crs_ws_fanuc/install/crs_msgs/share/crs_msgs/srv/LoadPart.idl
[1.197s] -- Up-to-date symlink: /root/crs_ws_fanuc/install/crs_msgs/share/crs_msgs/srv/LocalizeToPart.idl
[1.197s] -- Up-to-date symlink: /root/crs_ws_fanuc/install/crs_msgs/share/crs_msgs/srv/ExecuteAction.idl
[1.197s] -- Up-to-date symlink: /root/crs_ws_fanuc/install/crs_msgs/share/crs_msgs/srv/GetAvailableActions.idl
[1.197s] -- Up-to-date symlink: /root/crs_ws_fanuc/install/crs_msgs/share/crs_msgs/srv/PlanProcessMotions.idl
[1.197s] -- Up-to-date symlink: /root/crs_ws_fanuc/install/crs_msgs/share/crs_msgs/srv/GetConfiguration.idl
[1.197s] -- Up-to-date symlink: /root/crs_ws_fanuc/install/crs_msgs/share/crs_msgs/srv/RobotPositioner.idl
[1.198s] -- Up-to-date symlink: /root/crs_ws_fanuc/install/crs_msgs/share/crs_msgs/srv/CropToolpaths.idl
[1.198s] -- Up-to-date symlink: /root/crs_ws_fanuc/install/crs_msgs/share/crs_msgs/srv/RunRobotScript.idl
[1.198s] -- Up-to-date symlink: /root/crs_ws_fanuc/install/crs_msgs/share/crs_msgs/msg/ProcessConfiguration.msg
[1.198s] -- Up-to-date symlink: /root/crs_ws_fanuc/install/crs_msgs/share/crs_msgs/msg/ProcessMotionPlan.msg
[1.198s] -- Up-to-date symlink: /root/crs_ws_fanuc/install/crs_msgs/share/crs_msgs/msg/ToolProcessPath.msg
[1.198s] -- Up-to-date symlink: /root/crs_ws_fanuc/install/crs_msgs/share/crs_msgs/srv/CallFreespaceMotion.srv
[1.198s] -- Up-to-date symlink: /root/crs_ws_fanuc/install/crs_msgs/share/crs_msgs/srv/CallFreespaceMotion_Request.msg
[1.198s] -- Up-to-date symlink: /root/crs_ws_fanuc/install/crs_msgs/share/crs_msgs/srv/CallFreespaceMotion_Response.msg
[1.198s] -- Up-to-date symlink: /root/crs_ws_fanuc/install/crs_msgs/share/crs_msgs/srv/GetROISelection.srv
[1.198s] -- Up-to-date symlink: /root/crs_ws_fanuc/install/crs_msgs/share/crs_msgs/srv/GetROISelection_Request.msg
[1.198s] -- Up-to-date symlink: /root/crs_ws_fanuc/install/crs_msgs/share/crs_msgs/srv/GetROISelection_Response.msg
[1.199s] -- Up-to-date symlink: /root/crs_ws_fanuc/install/crs_msgs/share/crs_msgs/srv/LoadPart.srv
[1.199s] -- Up-to-date symlink: /root/crs_ws_fanuc/install/crs_msgs/share/crs_msgs/srv/LoadPart_Request.msg
[1.199s] -- Up-to-date symlink: /root/crs_ws_fanuc/install/crs_msgs/share/crs_msgs/srv/LoadPart_Response.msg
[1.199s] -- Up-to-date symlink: /root/crs_ws_fanuc/install/crs_msgs/share/crs_msgs/srv/LocalizeToPart.srv
[1.199s] -- Up-to-date symlink: /root/crs_ws_fanuc/install/crs_msgs/share/crs_msgs/srv/LocalizeToPart_Request.msg
[1.199s] -- Up-to-date symlink: /root/crs_ws_fanuc/install/crs_msgs/share/crs_msgs/srv/LocalizeToPart_Response.msg
[1.199s] -- Up-to-date symlink: /root/crs_ws_fanuc/install/crs_msgs/share/crs_msgs/srv/ExecuteAction.srv
[1.199s] -- Up-to-date symlink: /root/crs_ws_fanuc/install/crs_msgs/share/crs_msgs/srv/ExecuteAction_Request.msg
[1.199s] -- Up-to-date symlink: /root/crs_ws_fanuc/install/crs_msgs/share/crs_msgs/srv/ExecuteAction_Response.msg
[1.199s] -- Up-to-date symlink: /root/crs_ws_fanuc/install/crs_msgs/share/crs_msgs/srv/GetAvailableActions.srv
[1.200s] -- Up-to-date symlink: /root/crs_ws_fanuc/install/crs_msgs/share/crs_msgs/srv/GetAvailableActions_Request.msg
[1.200s] -- Up-to-date symlink: /root/crs_ws_fanuc/install/crs_msgs/share/crs_msgs/srv/GetAvailableActions_Response.msg
[1.200s] -- Up-to-date symlink: /root/crs_ws_fanuc/install/crs_msgs/share/crs_msgs/srv/PlanProcessMotions.srv
[1.200s] -- Up-to-date symlink: /root/crs_ws_fanuc/install/crs_msgs/share/crs_msgs/srv/PlanProcessMotions_Request.msg
[1.200s] -- Up-to-date symlink: /root/crs_ws_fanuc/install/crs_msgs/share/crs_msgs/srv/PlanProcessMotions_Response.msg
[1.200s] -- Up-to-date symlink: /root/crs_ws_fanuc/install/crs_msgs/share/crs_msgs/srv/GetConfiguration.srv
[1.200s] -- Up-to-date symlink: /root/crs_ws_fanuc/install/crs_msgs/share/crs_msgs/srv/GetConfiguration_Request.msg
[1.200s] -- Up-to-date symlink: /root/crs_ws_fanuc/install/crs_msgs/share/crs_msgs/srv/GetConfiguration_Response.msg
[1.200s] -- Up-to-date symlink: /root/crs_ws_fanuc/install/crs_msgs/share/crs_msgs/srv/RobotPositioner.srv
[1.200s] -- Up-to-date symlink: /root/crs_ws_fanuc/install/crs_msgs/share/crs_msgs/srv/RobotPositioner_Request.msg
[1.200s] -- Up-to-date symlink: /root/crs_ws_fanuc/install/crs_msgs/share/crs_msgs/srv/RobotPositioner_Response.msg
[1.201s] -- Up-to-date symlink: /root/crs_ws_fanuc/install/crs_msgs/share/crs_msgs/srv/CropToolpaths.srv
[1.201s] -- Up-to-date symlink: /root/crs_ws_fanuc/install/crs_msgs/share/crs_msgs/srv/CropToolpaths_Request.msg
[1.201s] -- Up-to-date symlink: /root/crs_ws_fanuc/install/crs_msgs/share/crs_msgs/srv/CropToolpaths_Response.msg
[1.201s] -- Up-to-date symlink: /root/crs_ws_fanuc/install/crs_msgs/share/crs_msgs/srv/RunRobotScript.srv
[1.201s] -- Up-to-date symlink: /root/crs_ws_fanuc/install/crs_msgs/share/crs_msgs/srv/RunRobotScript_Request.msg
[1.201s] -- Up-to-date symlink: /root/crs_ws_fanuc/install/crs_msgs/share/crs_msgs/srv/RunRobotScript_Response.msg
[1.201s] -- Up-to-date symlink: /root/crs_ws_fanuc/install/crs_msgs/share/ament_index/resource_index/package_run_dependencies/crs_msgs
[1.201s] -- Up-to-date symlink: /root/crs_ws_fanuc/install/crs_msgs/share/ament_index/resource_index/parent_prefix_path/crs_msgs
[1.201s] -- Up-to-date symlink: /root/crs_ws_fanuc/install/crs_msgs/share/crs_msgs/environment/ament_prefix_path.sh
[1.202s] -- Up-to-date symlink: /root/crs_ws_fanuc/install/crs_msgs/share/crs_msgs/environment/ament_prefix_path.dsv
[1.202s] -- Up-to-date symlink: /root/crs_ws_fanuc/install/crs_msgs/share/crs_msgs/environment/path.sh
[1.202s] -- Up-to-date symlink: /root/crs_ws_fanuc/install/crs_msgs/share/crs_msgs/environment/path.dsv
[1.202s] -- Up-to-date symlink: /root/crs_ws_fanuc/install/crs_msgs/share/crs_msgs/local_setup.bash
[1.202s] -- Up-to-date symlink: /root/crs_ws_fanuc/install/crs_msgs/share/crs_msgs/local_setup.sh
[1.202s] -- Up-to-date symlink: /root/crs_ws_fanuc/install/crs_msgs/share/crs_msgs/local_setup.zsh
[1.202s] -- Up-to-date symlink: /root/crs_ws_fanuc/install/crs_msgs/share/crs_msgs/local_setup.dsv
[1.203s] -- Symlinking: /root/crs_ws_fanuc/install/crs_msgs/share/crs_msgs/package.dsv
[1.213s] -- Up-to-date symlink: /root/crs_ws_fanuc/install/crs_msgs/share/ament_index/resource_index/packages/crs_msgs
[1.214s] -- Up-to-date symlink: /root/crs_ws_fanuc/install/crs_msgs/share/crs_msgs/cmake/rosidl_cmake-extras.cmake
[1.214s] -- Up-to-date symlink: /root/crs_ws_fanuc/install/crs_msgs/share/crs_msgs/cmake/ament_cmake_export_dependencies-extras.cmake
[1.214s] -- Up-to-date symlink: /root/crs_ws_fanuc/install/crs_msgs/share/crs_msgs/cmake/ament_cmake_export_libraries-extras.cmake
[1.215s] -- Up-to-date symlink: /root/crs_ws_fanuc/install/crs_msgs/share/crs_msgs/cmake/ament_cmake_export_include_directories-extras.cmake
[1.215s] -- Up-to-date symlink: /root/crs_ws_fanuc/install/crs_msgs/share/crs_msgs/cmake/crs_msgsConfig.cmake
[1.215s] -- Up-to-date symlink: /root/crs_ws_fanuc/install/crs_msgs/share/crs_msgs/cmake/crs_msgsConfig-version.cmake
[1.215s] -- Up-to-date symlink: /root/crs_ws_fanuc/install/crs_msgs/share/crs_msgs/package.xml
[1.268s] Invoked command in '/root/crs_ws_fanuc/build/crs_msgs' returned '0': AMENT_PREFIX_PATH=/root/crs_ws_fanuc/install/cartesian_trajectory_msgs:${AMENT_PREFIX_PATH} CMAKE_PREFIX_PATH=/root/crs_ws_fanuc/install/cartesian_trajectory_msgs:/opt/qt513/lib/cmake:/opt/ros/eloquent LD_LIBRARY_PATH=/root/crs_ws_fanuc/install/cartesian_trajectory_msgs/lib:${LD_LIBRARY_PATH} PYTHONPATH=/root/crs_ws_fanuc/install/cartesian_trajectory_msgs/lib/python3.6/site-packages:${PYTHONPATH} /usr/bin/cmake --build /root/crs_ws_fanuc/build/crs_msgs --target install -- -j8 -l8
