-- Found ament_cmake: 0.8.3 (/opt/ros/eloquent/share/ament_cmake/cmake)
-- Using PYTHON_EXECUTABLE: /usr/bin/python3
-- Override CMake install command with custom implementation using symlinks instead of copying resources
-- Found ament_lint_auto: 0.8.2 (/opt/ros/eloquent/share/ament_lint_auto/cmake)
-- Added test 'lint_cmake' to check CMake code style
-- Added test 'xmllint' to check XML markup files
-- Configuring done
-- Generating done
-- Build files have been written to: /root/crs_ws_fanuc/build/crs_toolpath_gen
[36mInstall the project...[0m
-- Install configuration: "Debug"
-- Execute custom install script
-- Up-to-date symlink: /root/crs_ws_fanuc/install/crs_toolpath_gen/share/ament_index/resource_index/package_run_dependencies/crs_toolpath_gen
-- Up-to-date symlink: /root/crs_ws_fanuc/install/crs_toolpath_gen/share/ament_index/resource_index/parent_prefix_path/crs_toolpath_gen
-- Up-to-date symlink: /root/crs_ws_fanuc/install/crs_toolpath_gen/share/crs_toolpath_gen/environment/ament_prefix_path.sh
-- Up-to-date symlink: /root/crs_ws_fanuc/install/crs_toolpath_gen/share/crs_toolpath_gen/environment/ament_prefix_path.dsv
-- Up-to-date symlink: /root/crs_ws_fanuc/install/crs_toolpath_gen/share/crs_toolpath_gen/environment/path.sh
-- Up-to-date symlink: /root/crs_ws_fanuc/install/crs_toolpath_gen/share/crs_toolpath_gen/environment/path.dsv
-- Up-to-date symlink: /root/crs_ws_fanuc/install/crs_toolpath_gen/share/crs_toolpath_gen/local_setup.bash
-- Up-to-date symlink: /root/crs_ws_fanuc/install/crs_toolpath_gen/share/crs_toolpath_gen/local_setup.sh
-- Up-to-date symlink: /root/crs_ws_fanuc/install/crs_toolpath_gen/share/crs_toolpath_gen/local_setup.zsh
-- Up-to-date symlink: /root/crs_ws_fanuc/install/crs_toolpath_gen/share/crs_toolpath_gen/local_setup.dsv
-- Symlinking: /root/crs_ws_fanuc/install/crs_toolpath_gen/share/crs_toolpath_gen/package.dsv
-- Up-to-date symlink: /root/crs_ws_fanuc/install/crs_toolpath_gen/share/ament_index/resource_index/packages/crs_toolpath_gen
-- Up-to-date symlink: /root/crs_ws_fanuc/install/crs_toolpath_gen/share/crs_toolpath_gen/cmake/crs_toolpath_genConfig.cmake
-- Up-to-date symlink: /root/crs_ws_fanuc/install/crs_toolpath_gen/share/crs_toolpath_gen/cmake/crs_toolpath_genConfig-version.cmake
-- Up-to-date symlink: /root/crs_ws_fanuc/install/crs_toolpath_gen/share/crs_toolpath_gen/package.xml
