-- The CXX compiler identification is GNU 7.5.0
-- Check for working CXX compiler: /usr/bin/c++
-- Check for working CXX compiler: /usr/bin/c++ -- works
-- Detecting CXX compiler ABI info
-- Detecting CXX compiler ABI info - done
-- Detecting CXX compile features
-- Detecting CXX compile features - done
-- Looking for C++ include pthread.h
-- Looking for C++ include pthread.h - found
-- Looking for pthread_create
-- Looking for pthread_create - not found
-- Looking for pthread_create in pthreads
-- Looking for pthread_create in pthreads - not found
-- Looking for pthread_create in pthread
-- Looking for pthread_create in pthread - found
-- Found Threads: TRUE  
-- Boost version: 1.65.1
-- Found the following Boost libraries:
--   system
--   python
--   thread
--   program_options
--   chrono
--   date_time
--   atomic
-- Found TinyXML2: /usr/lib/x86_64-linux-gnu/libtinyxml2.so  
-- Found Bullet: /root/crs_ws_fanuc/install/bullet3/lib/libBulletDynamics.so  
-- Checking for module 'eigen3'
--   Found eigen3, version 3.3.4
-- Found eigen: /usr/include/eigen3  
-- Boost version: 1.65.1
-- Found the following Boost libraries:
--   system
--   filesystem
--   thread
--   date_time
--   iostreams
--   serialization
--   chrono
--   atomic
--   regex
-- Checking for module 'libopenni'
--   Found libopenni, version 1.5.4.0
-- Found openni: /usr/lib/libOpenNI.so  
-- Checking for module 'libopenni2'
--   Found libopenni2, version 2.2.0.3
-- Found OpenNI2: /usr/lib/libOpenNI2.so  
-- Could NOT find ensenso (missing: ENSENSO_LIBRARY ENSENSO_INCLUDE_DIR) 
-- Could NOT find DAVIDSDK (missing: DAVIDSDK_LIBRARY DAVIDSDK_INCLUDE_DIR) 
-- Could NOT find DSSDK (missing: _DSSDK_LIBRARIES) 
-- The imported target "vtkRenderingPythonTkWidgets" references the file
   "/usr/lib/x86_64-linux-gnu/libvtkRenderingPythonTkWidgets.so"
but this file does not exist.  Possible reasons include:
* The file was deleted, renamed, or moved to another location.
* An install or uninstall procedure did not complete successfully.
* The installation package was faulty and contained
   "/usr/lib/cmake/vtk-6.3/VTKTargets.cmake"
but not all the files it references.

-- The imported target "vtk" references the file
   "/usr/bin/vtk"
but this file does not exist.  Possible reasons include:
* The file was deleted, renamed, or moved to another location.
* An install or uninstall procedure did not complete successfully.
* The installation package was faulty and contained
   "/usr/lib/cmake/vtk-6.3/VTKTargets.cmake"
but not all the files it references.

-- Found libusb-1.0: /usr/include  
-- Checking for module 'flann'
--   Found flann, version 1.9.1
-- Found Flann: /usr/lib/x86_64-linux-gnu/libflann_cpp_s.a  
-- Could NOT find ensenso (missing: ENSENSO_LIBRARY ENSENSO_INCLUDE_DIR) 
-- Could NOT find DAVIDSDK (missing: DAVIDSDK_LIBRARY DAVIDSDK_INCLUDE_DIR) 
-- Could NOT find DSSDK (missing: _DSSDK_LIBRARIES) 
-- Could NOT find RSSDK (missing: _RSSDK_LIBRARIES) 
-- Found qhull: /usr/lib/x86_64-linux-gnu/libqhull.so  
-- looking for PCL_COMMON
-- Found PCL_COMMON: /usr/lib/x86_64-linux-gnu/libpcl_common.so  
-- looking for PCL_OCTREE
-- Found PCL_OCTREE: /usr/lib/x86_64-linux-gnu/libpcl_octree.so  
-- looking for PCL_IO
-- Found PCL_IO: /usr/lib/x86_64-linux-gnu/libpcl_io.so  
-- looking for PCL_KDTREE
-- Found PCL_KDTREE: /usr/lib/x86_64-linux-gnu/libpcl_kdtree.so  
-- looking for PCL_SEARCH
-- Found PCL_SEARCH: /usr/lib/x86_64-linux-gnu/libpcl_search.so  
-- looking for PCL_SAMPLE_CONSENSUS
-- Found PCL_SAMPLE_CONSENSUS: /usr/lib/x86_64-linux-gnu/libpcl_sample_consensus.so  
-- looking for PCL_FILTERS
-- Found PCL_FILTERS: /usr/lib/x86_64-linux-gnu/libpcl_filters.so  
-- looking for PCL_2D
-- Found PCL_2D: /usr/include/pcl-1.8  
-- looking for PCL_GEOMETRY
-- Found PCL_GEOMETRY: /usr/include/pcl-1.8  
-- looking for PCL_FEATURES
-- Found PCL_FEATURES: /usr/lib/x86_64-linux-gnu/libpcl_features.so  
-- looking for PCL_ML
-- Found PCL_ML: /usr/lib/x86_64-linux-gnu/libpcl_ml.so  
-- looking for PCL_SEGMENTATION
-- Found PCL_SEGMENTATION: /usr/lib/x86_64-linux-gnu/libpcl_segmentation.so  
-- looking for PCL_VISUALIZATION
-- Found PCL_VISUALIZATION: /usr/lib/x86_64-linux-gnu/libpcl_visualization.so  
-- looking for PCL_SURFACE
-- Found PCL_SURFACE: /usr/lib/x86_64-linux-gnu/libpcl_surface.so  
-- looking for PCL_REGISTRATION
-- Found PCL_REGISTRATION: /usr/lib/x86_64-linux-gnu/libpcl_registration.so  
-- looking for PCL_KEYPOINTS
-- Found PCL_KEYPOINTS: /usr/lib/x86_64-linux-gnu/libpcl_keypoints.so  
-- looking for PCL_TRACKING
-- Found PCL_TRACKING: /usr/lib/x86_64-linux-gnu/libpcl_tracking.so  
-- looking for PCL_RECOGNITION
-- Found PCL_RECOGNITION: /usr/lib/x86_64-linux-gnu/libpcl_recognition.so  
-- looking for PCL_STEREO
-- Found PCL_STEREO: /usr/lib/x86_64-linux-gnu/libpcl_stereo.so  
-- looking for PCL_APPS
-- Found PCL_APPS: /usr/lib/x86_64-linux-gnu/libpcl_apps.so  
-- looking for PCL_IN_HAND_SCANNER
-- Found PCL_IN_HAND_SCANNER: /usr/include/pcl-1.8  
-- looking for PCL_MODELER
-- Found PCL_MODELER: /usr/include/pcl-1.8  
-- looking for PCL_POINT_CLOUD_EDITOR
-- Found PCL_POINT_CLOUD_EDITOR: /usr/include/pcl-1.8  
-- looking for PCL_OUTOFCORE
-- Found PCL_OUTOFCORE: /usr/lib/x86_64-linux-gnu/libpcl_outofcore.so  
-- looking for PCL_PEOPLE
-- Found PCL_PEOPLE: /usr/lib/x86_64-linux-gnu/libpcl_people.so  
-- Found PCL: /usr/lib/x86_64-linux-gnu/libboost_system.so;/usr/lib/x86_64-linux-gnu/libboost_filesystem.so;/usr/lib/x86_64-linux-gnu/libboost_thread.so;/usr/lib/x86_64-linux-gnu/libboost_date_time.so;/usr/lib/x86_64-linux-gnu/libboost_iostreams.so;/usr/lib/x86_64-linux-gnu/libboost_serialization.so;/usr/lib/x86_64-linux-gnu/libboost_chrono.so;/usr/lib/x86_64-linux-gnu/libboost_atomic.so;/usr/lib/x86_64-linux-gnu/libboost_regex.so;/usr/lib/x86_64-linux-gnu/libpthread.so;optimized;/usr/lib/x86_64-linux-gnu/libpcl_common.so;debug;/usr/lib/x86_64-linux-gnu/libpcl_common.so;optimized;/usr/lib/x86_64-linux-gnu/libpcl_octree.so;debug;/usr/lib/x86_64-linux-gnu/libpcl_octree.so;/usr/lib/libOpenNI.so;/usr/lib/libOpenNI2.so;vtkChartsCore;vtkCommonColor;vtkCommonDataModel;vtkCommonMath;vtkCommonCore;vtksys;vtkCommonMisc;vtkCommonSystem;vtkCommonTransforms;vtkInfovisCore;vtkFiltersExtraction;vtkCommonExecutionModel;vtkFiltersCore;vtkFiltersGeneral;vtkCommonComputationalGeometry;vtkFiltersStatistics;vtkImagingFourier;vtkImagingCore;vtkalglib;vtkRenderingContext2D;vtkRenderingCore;vtkFiltersGeometry;vtkFiltersSources;vtkRenderingFreeType;/usr/lib/x86_64-linux-gnu/libfreetype.so;/usr/lib/x86_64-linux-gnu/libz.so;vtkftgl;vtkDICOMParser;vtkDomainsChemistry;vtkIOXML;vtkIOGeometry;vtkIOCore;vtkIOXMLParser;/usr/lib/x86_64-linux-gnu/libexpat.so;vtkFiltersAMR;vtkParallelCore;vtkIOLegacy;vtkFiltersFlowPaths;vtkFiltersGeneric;vtkFiltersHybrid;vtkImagingSources;vtkFiltersHyperTree;vtkFiltersImaging;vtkImagingGeneral;vtkFiltersModeling;vtkFiltersParallel;vtkFiltersParallelFlowPaths;vtkParallelMPI;vtkFiltersParallelGeometry;vtkFiltersParallelImaging;vtkFiltersParallelMPI;vtkFiltersParallelStatistics;vtkFiltersProgrammable;vtkFiltersPython;/usr/lib/x86_64-linux-gnu/libpython2.7.so;vtkWrappingPythonCore;vtkWrappingTools;vtkFiltersReebGraph;vtkFiltersSMP;vtkFiltersSelection;vtkFiltersTexture;vtkFiltersVerdict;verdict;vtkGUISupportQt;vtkInteractionStyle;vtkRenderingOpenGL;vtkImagingHybrid;vtkIOImage;vtkmetaio;/usr/lib/x86_64-linux-gnu/libjpeg.so;/usr/lib/x86_64-linux-gnu/libpng.so;/usr/lib/x86_64-linux-gnu/libtiff.so;vtkGUISupportQtOpenGL;vtkGUISupportQtSQL;vtkIOSQL;sqlite3;vtkGUISupportQtWebkit;vtkViewsQt;vtkViewsInfovis;vtkInfovisLayout;vtkInfovisBoostGraphAlgorithms;vtkRenderingLabel;vtkViewsCore;vtkInteractionWidgets;vtkRenderingAnnotation;vtkImagingColor;vtkRenderingVolume;vtkGeovisCore;/usr/lib/x86_64-linux-gnu/libproj.so;vtkIOAMR;/usr/lib/x86_64-linux-gnu/hdf5/openmpi/libhdf5.so;/usr/lib/x86_64-linux-gnu/libsz.so;/usr/lib/x86_64-linux-gnu/libdl.so;/usr/lib/x86_64-linux-gnu/libm.so;/usr/lib/x86_64-linux-gnu/openmpi/lib/libmpi.so;vtkIOEnSight;vtkIOExodus;vtkexoIIc;/usr/lib/x86_64-linux-gnu/libnetcdf_c++.so;/usr/lib/x86_64-linux-gnu/libnetcdf.so;vtkIOExport;vtkRenderingGL2PS;vtkRenderingContextOpenGL;/usr/lib/x86_64-linux-gnu/libgl2ps.so;vtkIOFFMPEG;vtkIOMovie;/usr/lib/x86_64-linux-gnu/libtheoraenc.so;/usr/lib/x86_64-linux-gnu/libtheoradec.so;/usr/lib/x86_64-linux-gnu/libogg.so;vtkIOGDAL;vtkIOGeoJSON;vtkIOImport;vtkIOInfovis;/usr/lib/x86_64-linux-gnu/libxml2.so;vtkIOLSDyna;vtkIOMINC;vtkIOMPIImage;vtkIOMPIParallel;vtkIOParallel;vtkIONetCDF;/usr/lib/x86_64-linux-gnu/libjsoncpp.so;vtkIOMySQL;vtkIOODBC;vtkIOPLY;vtkIOParallelExodus;vtkIOParallelLSDyna;vtkIOParallelNetCDF;vtkIOParallelXML;vtkIOPostgreSQL;vtkIOVPIC;VPIC;vtkIOVideo;vtkIOXdmf2;vtkxdmf2;vtkImagingMath;vtkImagingMorphological;vtkImagingStatistics;vtkImagingStencil;vtkInteractionImage;vtkLocalExample;vtkParallelMPI4Py;vtkPythonInterpreter;vtkRenderingExternal;vtkRenderingFreeTypeFontConfig;vtkRenderingImage;vtkRenderingLIC;vtkRenderingLOD;vtkRenderingMatplotlib;vtkRenderingParallel;vtkRenderingParallelLIC;vtkRenderingQt;vtkRenderingVolumeAMR;vtkRenderingVolumeOpenGL;vtkTestingGenericBridge;vtkTestingIOSQL;vtkTestingRendering;vtkViewsContext2D;vtkViewsGeovis;vtkWrappingJava;optimized;/usr/lib/x86_64-linux-gnu/libpcl_io.so;debug;/usr/lib/x86_64-linux-gnu/libpcl_io.so;optimized;/usr/lib/x86_64-linux-gnu/libflann_cpp_s.a;debug;/usr/lib/x86_64-linux-gnu/libflann_cpp_s.a;optimized;/usr/lib/x86_64-linux-gnu/libpcl_kdtree.so;debug;/usr/lib/x86_64-linux-gnu/libpcl_kdtree.so;optimized;/usr/lib/x86_64-linux-gnu/libpcl_search.so;debug;/usr/lib/x86_64-linux-gnu/libpcl_search.so;optimized;/usr/lib/x86_64-linux-gnu/libpcl_sample_consensus.so;debug;/usr/lib/x86_64-linux-gnu/libpcl_sample_consensus.so;optimized;/usr/lib/x86_64-linux-gnu/libpcl_filters.so;debug;/usr/lib/x86_64-linux-gnu/libpcl_filters.so;optimized;/usr/lib/x86_64-linux-gnu/libpcl_features.so;debug;/usr/lib/x86_64-linux-gnu/libpcl_features.so;optimized;/usr/lib/x86_64-linux-gnu/libpcl_ml.so;debug;/usr/lib/x86_64-linux-gnu/libpcl_ml.so;optimized;/usr/lib/x86_64-linux-gnu/libpcl_segmentation.so;debug;/usr/lib/x86_64-linux-gnu/libpcl_segmentation.so;optimized;/usr/lib/x86_64-linux-gnu/libpcl_visualization.so;debug;/usr/lib/x86_64-linux-gnu/libpcl_visualization.so;optimized;/usr/lib/x86_64-linux-gnu/libqhull.so;debug;/usr/lib/x86_64-linux-gnu/libqhull.so;optimized;/usr/lib/x86_64-linux-gnu/libpcl_surface.so;debug;/usr/lib/x86_64-linux-gnu/libpcl_surface.so;optimized;/usr/lib/x86_64-linux-gnu/libpcl_registration.so;debug;/usr/lib/x86_64-linux-gnu/libpcl_registration.so;optimized;/usr/lib/x86_64-linux-gnu/libpcl_keypoints.so;debug;/usr/lib/x86_64-linux-gnu/libpcl_keypoints.so;optimized;/usr/lib/x86_64-linux-gnu/libpcl_tracking.so;debug;/usr/lib/x86_64-linux-gnu/libpcl_tracking.so;optimized;/usr/lib/x86_64-linux-gnu/libpcl_recognition.so;debug;/usr/lib/x86_64-linux-gnu/libpcl_recognition.so;optimized;/usr/lib/x86_64-linux-gnu/libpcl_stereo.so;debug;/usr/lib/x86_64-linux-gnu/libpcl_stereo.so;optimized;/usr/lib/x86_64-linux-gnu/libpcl_apps.so;debug;/usr/lib/x86_64-linux-gnu/libpcl_apps.so;optimized;/usr/lib/x86_64-linux-gnu/libpcl_outofcore.so;debug;/usr/lib/x86_64-linux-gnu/libpcl_outofcore.so;optimized;/usr/lib/x86_64-linux-gnu/libpcl_people.so;debug;/usr/lib/x86_64-linux-gnu/libpcl_people.so;/usr/lib/x86_64-linux-gnu/libboost_system.so;/usr/lib/x86_64-linux-gnu/libboost_filesystem.so;/usr/lib/x86_64-linux-gnu/libboost_thread.so;/usr/lib/x86_64-linux-gnu/libboost_date_time.so;/usr/lib/x86_64-linux-gnu/libboost_iostreams.so;/usr/lib/x86_64-linux-gnu/libboost_serialization.so;/usr/lib/x86_64-linux-gnu/libboost_chrono.so;/usr/lib/x86_64-linux-gnu/libboost_atomic.so;/usr/lib/x86_64-linux-gnu/libboost_regex.so;/usr/lib/x86_64-linux-gnu/libpthread.so;optimized;/usr/lib/x86_64-linux-gnu/libqhull.so;debug;/usr/lib/x86_64-linux-gnu/libqhull.so;/usr/lib/libOpenNI.so;/usr/lib/libOpenNI2.so;optimized;/usr/lib/x86_64-linux-gnu/libflann_cpp_s.a;debug;/usr/lib/x86_64-linux-gnu/libflann_cpp_s.a;vtkChartsCore;vtkCommonColor;vtkCommonDataModel;vtkCommonMath;vtkCommonCore;vtksys;vtkCommonMisc;vtkCommonSystem;vtkCommonTransforms;vtkInfovisCore;vtkFiltersExtraction;vtkCommonExecutionModel;vtkFiltersCore;vtkFiltersGeneral;vtkCommonComputationalGeometry;vtkFiltersStatistics;vtkImagingFourier;vtkImagingCore;vtkalglib;vtkRenderingContext2D;vtkRenderingCore;vtkFiltersGeometry;vtkFiltersSources;vtkRenderingFreeType;/usr/lib/x86_64-linux-gnu/libfreetype.so;/usr/lib/x86_64-linux-gnu/libz.so;vtkftgl;vtkDICOMParser;vtkDomainsChemistry;vtkIOXML;vtkIOGeometry;vtkIOCore;vtkIOXMLParser;/usr/lib/x86_64-linux-gnu/libexpat.so;vtkFiltersAMR;vtkParallelCore;vtkIOLegacy;vtkFiltersFlowPaths;vtkFiltersGeneric;vtkFiltersHybrid;vtkImagingSources;vtkFiltersHyperTree;vtkFiltersImaging;vtkImagingGeneral;vtkFiltersModeling;vtkFiltersParallel;vtkFiltersParallelFlowPaths;vtkParallelMPI;vtkFiltersParallelGeometry;vtkFiltersParallelImaging;vtkFiltersParallelMPI;vtkFiltersParallelStatistics;vtkFiltersProgrammable;vtkFiltersPython;/usr/lib/x86_64-linux-gnu/libpython2.7.so;vtkWrappingPythonCore;vtkWrappingTools;vtkFiltersReebGraph;vtkFiltersSMP;vtkFiltersSelection;vtkFiltersTexture;vtkFiltersVerdict;verdict;vtkGUISupportQt;vtkInteractionStyle;vtkRenderingOpenGL;vtkImagingHybrid;vtkIOImage;vtkmetaio;/usr/lib/x86_64-linux-gnu/libjpeg.so;/usr/lib/x86_64-linux-gnu/libpng.so;/usr/lib/x86_64-linux-gnu/libtiff.so;vtkGUISupportQtOpenGL;vtkGUISupportQtSQL;vtkIOSQL;sqlite3;vtkGUISupportQtWebkit;vtkViewsQt;vtkViewsInfovis;vtkInfovisLayout;vtkInfovisBoostGraphAlgorithms;vtkRenderingLabel;vtkViewsCore;vtkInteractionWidgets;vtkRenderingAnnotation;vtkImagingColor;vtkRenderingVolume;vtkGeovisCore;/usr/lib/x86_64-linux-gnu/libproj.so;vtkIOAMR;/usr/lib/x86_64-linux-gnu/hdf5/openmpi/libhdf5.so;/usr/lib/x86_64-linux-gnu/libsz.so;/usr/lib/x86_64-linux-gnu/libdl.so;/usr/lib/x86_64-linux-gnu/libm.so;/usr/lib/x86_64-linux-gnu/openmpi/lib/libmpi.so;vtkIOEnSight;vtkIOExodus;vtkexoIIc;/usr/lib/x86_64-linux-gnu/libnetcdf_c++.so;/usr/lib/x86_64-linux-gnu/libnetcdf.so;vtkIOExport;vtkRenderingGL2PS;vtkRenderingContextOpenGL;/usr/lib/x86_64-linux-gnu/libgl2ps.so;vtkIOFFMPEG;vtkIOMovie;/usr/lib/x86_64-linux-gnu/libtheoraenc.so;/usr/lib/x86_64-linux-gnu/libtheoradec.so;/usr/lib/x86_64-linux-gnu/libogg.so;vtkIOGDAL;vtkIOGeoJSON;vtkIOImport;vtkIOInfovis;/usr/lib/x86_64-linux-gnu/libxml2.so;vtkIOLSDyna;vtkIOMINC;vtkIOMPIImage;vtkIOMPIParallel;vtkIOParallel;vtkIONetCDF;/usr/lib/x86_64-linux-gnu/libjsoncpp.so;vtkIOMySQL;vtkIOODBC;vtkIOPLY;vtkIOParallelExodus;vtkIOParallelLSDyna;vtkIOParallelNetCDF;vtkIOParallelXML;vtkIOPostgreSQL;vtkIOVPIC;VPIC;vtkIOVideo;vtkIOXdmf2;vtkxdmf2;vtkImagingMath;vtkImagingMorphological;vtkImagingStatistics;vtkImagingStencil;vtkInteractionImage;vtkLocalExample;vtkParallelMPI4Py;vtkPythonInterpreter;vtkRenderingExternal;vtkRenderingFreeTypeFontConfig;vtkRenderingImage;vtkRenderingLIC;vtkRenderingLOD;vtkRenderingMatplotlib;vtkRenderingParallel;vtkRenderingParallelLIC;vtkRenderingQt;vtkRenderingVolumeAMR;vtkRenderingVolumeOpenGL;vtkTestingGenericBridge;vtkTestingIOSQL;vtkTestingRendering;vtkViewsContext2D;vtkViewsGeovis;vtkWrappingJava  
-- Configuring done
-- Generating done
-- Build files have been written to: /root/crs_ws_fanuc/build/trajopt
[35m[1mScanning dependencies of target trajopt[0m
[ 11%] [32mBuilding CXX object CMakeFiles/trajopt.dir/src/trajectory_costs.cpp.o[0m
[ 22%] [32mBuilding CXX object CMakeFiles/trajopt.dir/src/plot_callback.cpp.o[0m
[ 33%] [32mBuilding CXX object CMakeFiles/trajopt.dir/src/problem_description.cpp.o[0m
[ 44%] [32mBuilding CXX object CMakeFiles/trajopt.dir/src/json_marshal.cpp.o[0m
[ 55%] [32mBuilding CXX object CMakeFiles/trajopt.dir/src/collision_terms.cpp.o[0m
[ 66%] [32mBuilding CXX object CMakeFiles/trajopt.dir/src/kinematic_terms.cpp.o[0m
[ 77%] [32mBuilding CXX object CMakeFiles/trajopt.dir/src/utils.cpp.o[0m
[ 88%] [32mBuilding CXX object CMakeFiles/trajopt.dir/src/file_write_callback.cpp.o[0m
[100%] [32m[1mLinking CXX shared library libtrajopt.so[0m
[100%] Built target trajopt
[100%] Built target trajopt
[36mInstall the project...[0m
-- Install configuration: ""
-- Installing: /root/crs_ws_fanuc/install/trajopt/lib/libtrajopt.so
-- Set runtime path of "/root/crs_ws_fanuc/install/trajopt/lib/libtrajopt.so" to ""
-- Old export file "/root/crs_ws_fanuc/install/trajopt/lib/cmake/trajopt/trajopt-targets.cmake" will be replaced.  Removing files [/root/crs_ws_fanuc/install/trajopt/lib/cmake/trajopt/trajopt-targets-debug.cmake;/root/crs_ws_fanuc/install/trajopt/lib/cmake/trajopt/trajopt-targets-noconfig.cmake].
-- Installing: /root/crs_ws_fanuc/install/trajopt/lib/cmake/trajopt/trajopt-targets.cmake
-- Installing: /root/crs_ws_fanuc/install/trajopt/lib/cmake/trajopt/trajopt-targets-noconfig.cmake
-- Installing: /root/crs_ws_fanuc/install/trajopt/share/trajopt/package.xml
-- Installing: /root/crs_ws_fanuc/install/trajopt/lib/cmake/trajopt/trajopt-config.cmake
-- Installing: /root/crs_ws_fanuc/install/trajopt/lib/cmake/trajopt/trajopt-config-version.cmake
-- Up-to-date: /root/crs_ws_fanuc/install/trajopt/lib/cmake/trajopt/trajopt-targets.cmake
-- Up-to-date: /root/crs_ws_fanuc/install/trajopt/lib/cmake/trajopt/trajopt-targets-noconfig.cmake
-- Up-to-date: /root/crs_ws_fanuc/install/trajopt/share/trajopt/package.xml
-- Up-to-date: /root/crs_ws_fanuc/install/trajopt/lib/cmake/trajopt/trajopt-config.cmake
-- Up-to-date: /root/crs_ws_fanuc/install/trajopt/lib/cmake/trajopt/trajopt-config-version.cmake
-- Up-to-date: /root/crs_ws_fanuc/install/trajopt/share/trajopt/test/data
-- Up-to-date: /root/crs_ws_fanuc/install/trajopt/share/trajopt/test/data/meshes
-- Installing: /root/crs_ws_fanuc/install/trajopt/share/trajopt/test/data/meshes/Table.stl
-- Installing: /root/crs_ws_fanuc/install/trajopt/share/trajopt/test/data/boxbot.urdf
-- Installing: /root/crs_ws_fanuc/install/trajopt/share/trajopt/test/data/pr2.urdf
-- Installing: /root/crs_ws_fanuc/install/trajopt/share/trajopt/test/data/boxbot_world.urdf
-- Up-to-date: /root/crs_ws_fanuc/install/trajopt/share/trajopt/test/data/pr2
-- Up-to-date: /root/crs_ws_fanuc/install/trajopt/share/trajopt/test/data/pr2/meshes
-- Up-to-date: /root/crs_ws_fanuc/install/trajopt/share/trajopt/test/data/pr2/meshes/tilting_laser_v0
-- Installing: /root/crs_ws_fanuc/install/trajopt/share/trajopt/test/data/pr2/meshes/tilting_laser_v0/tilting_hokuyo_color.tif
-- Up-to-date: /root/crs_ws_fanuc/install/trajopt/share/trajopt/test/data/pr2/meshes/tilting_laser_v0/iv
-- Installing: /root/crs_ws_fanuc/install/trajopt/share/trajopt/test/data/pr2/meshes/tilting_laser_v0/iv/hok_tilt.iv
-- Installing: /root/crs_ws_fanuc/install/trajopt/share/trajopt/test/data/pr2/meshes/tilting_laser_v0/iv/tilting_hokuyo_L.iv
-- Installing: /root/crs_ws_fanuc/install/trajopt/share/trajopt/test/data/pr2/meshes/tilting_laser_v0/iv/tilting_hokuyo.iv
-- Installing: /root/crs_ws_fanuc/install/trajopt/share/trajopt/test/data/pr2/meshes/tilting_laser_v0/tilting_hokuyo_L.stl
-- Installing: /root/crs_ws_fanuc/install/trajopt/share/trajopt/test/data/pr2/meshes/tilting_laser_v0/tilting_hokuyo.stl
-- Installing: /root/crs_ws_fanuc/install/trajopt/share/trajopt/test/data/pr2/meshes/tilting_laser_v0/hok_tilt.stl
-- Installing: /root/crs_ws_fanuc/install/trajopt/share/trajopt/test/data/pr2/meshes/tilting_laser_v0/tilting_hokuyo_normals.tif
-- Up-to-date: /root/crs_ws_fanuc/install/trajopt/share/trajopt/test/data/pr2/meshes/tilting_laser_v0/convex
-- Installing: /root/crs_ws_fanuc/install/trajopt/share/trajopt/test/data/pr2/meshes/tilting_laser_v0/convex/hok_tilt_convex.stlb
-- Installing: /root/crs_ws_fanuc/install/trajopt/share/trajopt/test/data/pr2/meshes/tilting_laser_v0/convex/hok_tilt_convex.stla
-- Installing: /root/crs_ws_fanuc/install/trajopt/share/trajopt/test/data/pr2/meshes/tilting_laser_v0/convex/hok_tilt.xml
-- Installing: /root/crs_ws_fanuc/install/trajopt/share/trajopt/test/data/pr2/meshes/tilting_laser_v0/convex/hok_tilt_convex.iv
-- Installing: /root/crs_ws_fanuc/install/trajopt/share/trajopt/test/data/pr2/meshes/tilting_laser_v0/convex/tilting_hokuyo_L_convex.stla
-- Installing: /root/crs_ws_fanuc/install/trajopt/share/trajopt/test/data/pr2/meshes/tilting_laser_v0/convex/tilting_hokuyo_L_convex.stlb
-- Installing: /root/crs_ws_fanuc/install/trajopt/share/trajopt/test/data/pr2/meshes/tilting_laser_v0/convex/tilting_hokuyo_L.dae
-- Installing: /root/crs_ws_fanuc/install/trajopt/share/trajopt/test/data/pr2/meshes/tilting_laser_v0/convex/tilting_hokuyo_convex.obj
-- Installing: /root/crs_ws_fanuc/install/trajopt/share/trajopt/test/data/pr2/meshes/tilting_laser_v0/convex/hok_tilt_convex.obj
-- Installing: /root/crs_ws_fanuc/install/trajopt/share/trajopt/test/data/pr2/meshes/tilting_laser_v0/convex/tilting_hokuyo_convex.stlb
-- Installing: /root/crs_ws_fanuc/install/trajopt/share/trajopt/test/data/pr2/meshes/tilting_laser_v0/convex/hok_tilt.dae
-- Installing: /root/crs_ws_fanuc/install/trajopt/share/trajopt/test/data/pr2/meshes/tilting_laser_v0/convex/tilting_hokuyo_L.obj
-- Installing: /root/crs_ws_fanuc/install/trajopt/share/trajopt/test/data/pr2/meshes/tilting_laser_v0/convex/tilting_hokuyo_L_convex.iv
-- Installing: /root/crs_ws_fanuc/install/trajopt/share/trajopt/test/data/pr2/meshes/tilting_laser_v0/convex/tilting_hokuyo_L.xml
-- Installing: /root/crs_ws_fanuc/install/trajopt/share/trajopt/test/data/pr2/meshes/tilting_laser_v0/convex/tilting_hokuyo_L_convex.obj
-- Installing: /root/crs_ws_fanuc/install/trajopt/share/trajopt/test/data/pr2/meshes/tilting_laser_v0/convex/hok_tilt.obj
-- Installing: /root/crs_ws_fanuc/install/trajopt/share/trajopt/test/data/pr2/meshes/tilting_laser_v0/convex/tilting_hokuyo.dae
-- Installing: /root/crs_ws_fanuc/install/trajopt/share/trajopt/test/data/pr2/meshes/tilting_laser_v0/convex/tilting_hokuyo_convex.iv
-- Installing: /root/crs_ws_fanuc/install/trajopt/share/trajopt/test/data/pr2/meshes/tilting_laser_v0/convex/tilting_hokuyo.xml
-- Installing: /root/crs_ws_fanuc/install/trajopt/share/trajopt/test/data/pr2/meshes/tilting_laser_v0/convex/tilting_hokuyo.obj
-- Installing: /root/crs_ws_fanuc/install/trajopt/share/trajopt/test/data/pr2/meshes/tilting_laser_v0/convex/tilting_hokuyo_convex.stla
-- Installing: /root/crs_ws_fanuc/install/trajopt/share/trajopt/test/data/pr2/meshes/tilting_laser_v0/tilting_hokuyo.dae
-- Up-to-date: /root/crs_ws_fanuc/install/trajopt/share/trajopt/test/data/pr2/meshes/torso_v0
-- Installing: /root/crs_ws_fanuc/install/trajopt/share/trajopt/test/data/pr2/meshes/torso_v0/torso_lift.dae
-- Up-to-date: /root/crs_ws_fanuc/install/trajopt/share/trajopt/test/data/pr2/meshes/torso_v0/iv
-- Installing: /root/crs_ws_fanuc/install/trajopt/share/trajopt/test/data/pr2/meshes/torso_v0/iv/torso_lift_L.iv
-- Installing: /root/crs_ws_fanuc/install/trajopt/share/trajopt/test/data/pr2/meshes/torso_v0/iv/torso.iv
-- Installing: /root/crs_ws_fanuc/install/trajopt/share/trajopt/test/data/pr2/meshes/torso_v0/iv/torso_lift.iv
-- Installing: /root/crs_ws_fanuc/install/trajopt/share/trajopt/test/data/pr2/meshes/torso_v0/torso_lift_normals.tif
-- Installing: /root/crs_ws_fanuc/install/trajopt/share/trajopt/test/data/pr2/meshes/torso_v0/torso.stl
-- Installing: /root/crs_ws_fanuc/install/trajopt/share/trajopt/test/data/pr2/meshes/torso_v0/torso_lift_L.stl
-- Up-to-date: /root/crs_ws_fanuc/install/trajopt/share/trajopt/test/data/pr2/meshes/torso_v0/convex
-- Installing: /root/crs_ws_fanuc/install/trajopt/share/trajopt/test/data/pr2/meshes/torso_v0/convex/torso_convex.obj
-- Installing: /root/crs_ws_fanuc/install/trajopt/share/trajopt/test/data/pr2/meshes/torso_v0/convex/torso_lift.dae
-- Installing: /root/crs_ws_fanuc/install/trajopt/share/trajopt/test/data/pr2/meshes/torso_v0/convex/torso_convex.stla
-- Installing: /root/crs_ws_fanuc/install/trajopt/share/trajopt/test/data/pr2/meshes/torso_v0/convex/torso_lift.obj
-- Installing: /root/crs_ws_fanuc/install/trajopt/share/trajopt/test/data/pr2/meshes/torso_v0/convex/torso_lift_L_convex.obj
-- Installing: /root/crs_ws_fanuc/install/trajopt/share/trajopt/test/data/pr2/meshes/torso_v0/convex/torso_lift_convex.stlb
-- Installing: /root/crs_ws_fanuc/install/trajopt/share/trajopt/test/data/pr2/meshes/torso_v0/convex/torso_lift_L_convex.iv
-- Installing: /root/crs_ws_fanuc/install/trajopt/share/trajopt/test/data/pr2/meshes/torso_v0/convex/torso.obj
-- Installing: /root/crs_ws_fanuc/install/trajopt/share/trajopt/test/data/pr2/meshes/torso_v0/convex/torso_lift_L.obj
-- Installing: /root/crs_ws_fanuc/install/trajopt/share/trajopt/test/data/pr2/meshes/torso_v0/convex/torso_lift_convex.stla
-- Installing: /root/crs_ws_fanuc/install/trajopt/share/trajopt/test/data/pr2/meshes/torso_v0/convex/torso_convex.stlb
-- Installing: /root/crs_ws_fanuc/install/trajopt/share/trajopt/test/data/pr2/meshes/torso_v0/convex/torso_lift_L_convex.stlb
-- Installing: /root/crs_ws_fanuc/install/trajopt/share/trajopt/test/data/pr2/meshes/torso_v0/convex/torso.xml
-- Installing: /root/crs_ws_fanuc/install/trajopt/share/trajopt/test/data/pr2/meshes/torso_v0/convex/torso.dae
-- Installing: /root/crs_ws_fanuc/install/trajopt/share/trajopt/test/data/pr2/meshes/torso_v0/convex/torso_lift_L.dae
-- Installing: /root/crs_ws_fanuc/install/trajopt/share/trajopt/test/data/pr2/meshes/torso_v0/convex/torso_lift_L.xml
-- Installing: /root/crs_ws_fanuc/install/trajopt/share/trajopt/test/data/pr2/meshes/torso_v0/convex/torso_convex.iv
-- Installing: /root/crs_ws_fanuc/install/trajopt/share/trajopt/test/data/pr2/meshes/torso_v0/convex/torso_lift.xml
-- Installing: /root/crs_ws_fanuc/install/trajopt/share/trajopt/test/data/pr2/meshes/torso_v0/convex/torso_lift_L_convex.stla
-- Installing: /root/crs_ws_fanuc/install/trajopt/share/trajopt/test/data/pr2/meshes/torso_v0/convex/torso_lift_convex.iv
-- Installing: /root/crs_ws_fanuc/install/trajopt/share/trajopt/test/data/pr2/meshes/torso_v0/convex/torso_lift_convex.obj
-- Installing: /root/crs_ws_fanuc/install/trajopt/share/trajopt/test/data/pr2/meshes/torso_v0/torso_lift.stl
-- Installing: /root/crs_ws_fanuc/install/trajopt/share/trajopt/test/data/pr2/meshes/torso_v0/torso_lift_color.tif
-- Up-to-date: /root/crs_ws_fanuc/install/trajopt/share/trajopt/test/data/pr2/meshes/gripper_v0
-- Installing: /root/crs_ws_fanuc/install/trajopt/share/trajopt/test/data/pr2/meshes/gripper_v0/l_finger_tip.dae
-- Installing: /root/crs_ws_fanuc/install/trajopt/share/trajopt/test/data/pr2/meshes/gripper_v0/palm_H_UV_100430.dae
-- Installing: /root/crs_ws_fanuc/install/trajopt/share/trajopt/test/data/pr2/meshes/gripper_v0/finger_tip_l.stl
-- Installing: /root/crs_ws_fanuc/install/trajopt/share/trajopt/test/data/pr2/meshes/gripper_v0/l_floating.stl
-- Installing: /root/crs_ws_fanuc/install/trajopt/share/trajopt/test/data/pr2/meshes/gripper_v0/float_H_UV_100430.dae
-- Installing: /root/crs_ws_fanuc/install/trajopt/share/trajopt/test/data/pr2/meshes/gripper_v0/l_finger_tip_normals.tif
-- Installing: /root/crs_ws_fanuc/install/trajopt/share/trajopt/test/data/pr2/meshes/gripper_v0/finger_tip_H_UV_100430.dae
-- Installing: /root/crs_ws_fanuc/install/trajopt/share/trajopt/test/data/pr2/meshes/gripper_v0/gripper_palm.dae
-- Installing: /root/crs_ws_fanuc/install/trajopt/share/trajopt/test/data/pr2/meshes/gripper_v0/finger_tip_pad2_l.stl
-- Installing: /root/crs_ws_fanuc/install/trajopt/share/trajopt/test/data/pr2/meshes/gripper_v0/finger_H_Color_100430.tif
-- Installing: /root/crs_ws_fanuc/install/trajopt/share/trajopt/test/data/pr2/meshes/gripper_v0/fingertip_H_Color_100430.tif
-- Installing: /root/crs_ws_fanuc/install/trajopt/share/trajopt/test/data/pr2/meshes/gripper_v0/upper_finger_r.stl
-- Up-to-date: /root/crs_ws_fanuc/install/trajopt/share/trajopt/test/data/pr2/meshes/gripper_v0/iv
-- Installing: /root/crs_ws_fanuc/install/trajopt/share/trajopt/test/data/pr2/meshes/gripper_v0/iv/l_finger_tip.iv
-- Installing: /root/crs_ws_fanuc/install/trajopt/share/trajopt/test/data/pr2/meshes/gripper_v0/iv/upper_finger_l.iv
-- Installing: /root/crs_ws_fanuc/install/trajopt/share/trajopt/test/data/pr2/meshes/gripper_v0/iv/l_finger.iv
-- Installing: /root/crs_ws_fanuc/install/trajopt/share/trajopt/test/data/pr2/meshes/gripper_v0/iv/finger_tip_r.iv
-- Installing: /root/crs_ws_fanuc/install/trajopt/share/trajopt/test/data/pr2/meshes/gripper_v0/iv/l_floating.iv
-- Installing: /root/crs_ws_fanuc/install/trajopt/share/trajopt/test/data/pr2/meshes/gripper_v0/iv/finger_tip_l.iv
-- Installing: /root/crs_ws_fanuc/install/trajopt/share/trajopt/test/data/pr2/meshes/gripper_v0/iv/gripper_palm.iv
-- Installing: /root/crs_ws_fanuc/install/trajopt/share/trajopt/test/data/pr2/meshes/gripper_v0/iv/finger_tip_pad2_r.iv
-- Installing: /root/crs_ws_fanuc/install/trajopt/share/trajopt/test/data/pr2/meshes/gripper_v0/iv/upper_finger_r.iv
-- Installing: /root/crs_ws_fanuc/install/trajopt/share/trajopt/test/data/pr2/meshes/gripper_v0/iv/finger_tip_pad2_l.iv
-- Installing: /root/crs_ws_fanuc/install/trajopt/share/trajopt/test/data/pr2/meshes/gripper_v0/l_float_color.tif
-- Installing: /root/crs_ws_fanuc/install/trajopt/share/trajopt/test/data/pr2/meshes/gripper_v0/l_float.dae
-- Installing: /root/crs_ws_fanuc/install/trajopt/share/trajopt/test/data/pr2/meshes/gripper_v0/upper_finger_l.stl
-- Installing: /root/crs_ws_fanuc/install/trajopt/share/trajopt/test/data/pr2/meshes/gripper_v0/finger_H_UV_100430.dae
-- Installing: /root/crs_ws_fanuc/install/trajopt/share/trajopt/test/data/pr2/meshes/gripper_v0/l_float_normals.tif
-- Installing: /root/crs_ws_fanuc/install/trajopt/share/trajopt/test/data/pr2/meshes/gripper_v0/gripper_palm_color.tif
-- Installing: /root/crs_ws_fanuc/install/trajopt/share/trajopt/test/data/pr2/meshes/gripper_v0/l_finger.dae
-- Installing: /root/crs_ws_fanuc/install/trajopt/share/trajopt/test/data/pr2/meshes/gripper_v0/l_finger_color.tif
-- Installing: /root/crs_ws_fanuc/install/trajopt/share/trajopt/test/data/pr2/meshes/gripper_v0/l_finger_tip.stl
-- Installing: /root/crs_ws_fanuc/install/trajopt/share/trajopt/test/data/pr2/meshes/gripper_v0/l_finger_normals.tif
-- Installing: /root/crs_ws_fanuc/install/trajopt/share/trajopt/test/data/pr2/meshes/gripper_v0/l_finger.stl
-- Up-to-date: /root/crs_ws_fanuc/install/trajopt/share/trajopt/test/data/pr2/meshes/gripper_v0/convex
-- Installing: /root/crs_ws_fanuc/install/trajopt/share/trajopt/test/data/pr2/meshes/gripper_v0/convex/finger_tip_r.obj
-- Installing: /root/crs_ws_fanuc/install/trajopt/share/trajopt/test/data/pr2/meshes/gripper_v0/convex/l_finger_tip.dae
-- Installing: /root/crs_ws_fanuc/install/trajopt/share/trajopt/test/data/pr2/meshes/gripper_v0/convex/finger_tip_l_convex.iv
-- Installing: /root/crs_ws_fanuc/install/trajopt/share/trajopt/test/data/pr2/meshes/gripper_v0/convex/gripper_palm_convex.stlb
-- Installing: /root/crs_ws_fanuc/install/trajopt/share/trajopt/test/data/pr2/meshes/gripper_v0/convex/finger_tip_pad2_l_convex.stla
-- Installing: /root/crs_ws_fanuc/install/trajopt/share/trajopt/test/data/pr2/meshes/gripper_v0/convex/l_floating.obj
-- Installing: /root/crs_ws_fanuc/install/trajopt/share/trajopt/test/data/pr2/meshes/gripper_v0/convex/gripper_palm.dae
-- Installing: /root/crs_ws_fanuc/install/trajopt/share/trajopt/test/data/pr2/meshes/gripper_v0/convex/upper_finger_r_convex.obj
-- Installing: /root/crs_ws_fanuc/install/trajopt/share/trajopt/test/data/pr2/meshes/gripper_v0/convex/finger_tip_l_convex.stlb
-- Installing: /root/crs_ws_fanuc/install/trajopt/share/trajopt/test/data/pr2/meshes/gripper_v0/convex/finger_tip_pad2_l_convex.stlb
-- Installing: /root/crs_ws_fanuc/install/trajopt/share/trajopt/test/data/pr2/meshes/gripper_v0/convex/gripper_palm_convex.iv
-- Installing: /root/crs_ws_fanuc/install/trajopt/share/trajopt/test/data/pr2/meshes/gripper_v0/convex/l_finger_tip.xml
-- Installing: /root/crs_ws_fanuc/install/trajopt/share/trajopt/test/data/pr2/meshes/gripper_v0/convex/finger_tip_pad2_r.obj
-- Installing: /root/crs_ws_fanuc/install/trajopt/share/trajopt/test/data/pr2/meshes/gripper_v0/convex/finger_tip_pad2_l.xml
-- Installing: /root/crs_ws_fanuc/install/trajopt/share/trajopt/test/data/pr2/meshes/gripper_v0/convex/finger_tip_r.xml
-- Installing: /root/crs_ws_fanuc/install/trajopt/share/trajopt/test/data/pr2/meshes/gripper_v0/convex/finger_tip_r.dae
-- Installing: /root/crs_ws_fanuc/install/trajopt/share/trajopt/test/data/pr2/meshes/gripper_v0/convex/upper_finger_r_convex.stla
-- Installing: /root/crs_ws_fanuc/install/trajopt/share/trajopt/test/data/pr2/meshes/gripper_v0/convex/l_floating_convex.obj
-- Installing: /root/crs_ws_fanuc/install/trajopt/share/trajopt/test/data/pr2/meshes/gripper_v0/convex/upper_finger_r_convex.iv
-- Installing: /root/crs_ws_fanuc/install/trajopt/share/trajopt/test/data/pr2/meshes/gripper_v0/convex/l_finger_tip_convex.obj
-- Installing: /root/crs_ws_fanuc/install/trajopt/share/trajopt/test/data/pr2/meshes/gripper_v0/convex/l_floating_convex.iv
-- Installing: /root/crs_ws_fanuc/install/trajopt/share/trajopt/test/data/pr2/meshes/gripper_v0/convex/l_floating.dae
-- Installing: /root/crs_ws_fanuc/install/trajopt/share/trajopt/test/data/pr2/meshes/gripper_v0/convex/finger_tip_l.dae
-- Installing: /root/crs_ws_fanuc/install/trajopt/share/trajopt/test/data/pr2/meshes/gripper_v0/convex/finger_tip_l.xml
-- Installing: /root/crs_ws_fanuc/install/trajopt/share/trajopt/test/data/pr2/meshes/gripper_v0/convex/l_finger_convex.stla
-- Installing: /root/crs_ws_fanuc/install/trajopt/share/trajopt/test/data/pr2/meshes/gripper_v0/convex/finger_tip_pad2_r_convex.stla
-- Installing: /root/crs_ws_fanuc/install/trajopt/share/trajopt/test/data/pr2/meshes/gripper_v0/convex/finger_tip_pad2_r_convex.iv
-- Installing: /root/crs_ws_fanuc/install/trajopt/share/trajopt/test/data/pr2/meshes/gripper_v0/convex/finger_tip_r_convex.stlb
-- Installing: /root/crs_ws_fanuc/install/trajopt/share/trajopt/test/data/pr2/meshes/gripper_v0/convex/finger_tip_l_convex.stla
-- Installing: /root/crs_ws_fanuc/install/trajopt/share/trajopt/test/data/pr2/meshes/gripper_v0/convex/finger_tip_r_convex.iv
-- Installing: /root/crs_ws_fanuc/install/trajopt/share/trajopt/test/data/pr2/meshes/gripper_v0/convex/l_finger_convex.iv
-- Installing: /root/crs_ws_fanuc/install/trajopt/share/trajopt/test/data/pr2/meshes/gripper_v0/convex/upper_finger_r.obj
-- Installing: /root/crs_ws_fanuc/install/trajopt/share/trajopt/test/data/pr2/meshes/gripper_v0/convex/l_finger.dae
-- Installing: /root/crs_ws_fanuc/install/trajopt/share/trajopt/test/data/pr2/meshes/gripper_v0/convex/finger_tip_pad2_l_convex.iv
-- Installing: /root/crs_ws_fanuc/install/trajopt/share/trajopt/test/data/pr2/meshes/gripper_v0/convex/l_finger.obj
-- Installing: /root/crs_ws_fanuc/install/trajopt/share/trajopt/test/data/pr2/meshes/gripper_v0/convex/finger_tip_pad2_r_convex.stlb
-- Installing: /root/crs_ws_fanuc/install/trajopt/share/trajopt/test/data/pr2/meshes/gripper_v0/convex/l_finger_convex.obj
-- Installing: /root/crs_ws_fanuc/install/trajopt/share/trajopt/test/data/pr2/meshes/gripper_v0/convex/finger_tip_pad2_l_convex.obj
-- Installing: /root/crs_ws_fanuc/install/trajopt/share/trajopt/test/data/pr2/meshes/gripper_v0/convex/upper_finger_l.obj
-- Installing: /root/crs_ws_fanuc/install/trajopt/share/trajopt/test/data/pr2/meshes/gripper_v0/convex/finger_tip_pad2_r.xml
-- Installing: /root/crs_ws_fanuc/install/trajopt/share/trajopt/test/data/pr2/meshes/gripper_v0/convex/upper_finger_l_convex.stla
-- Installing: /root/crs_ws_fanuc/install/trajopt/share/trajopt/test/data/pr2/meshes/gripper_v0/convex/finger_tip_r_convex.stla
-- Installing: /root/crs_ws_fanuc/install/trajopt/share/trajopt/test/data/pr2/meshes/gripper_v0/convex/finger_tip_l.obj
-- Installing: /root/crs_ws_fanuc/install/trajopt/share/trajopt/test/data/pr2/meshes/gripper_v0/convex/l_finger_convex.stlb
-- Installing: /root/crs_ws_fanuc/install/trajopt/share/trajopt/test/data/pr2/meshes/gripper_v0/convex/finger_tip_pad2_r.dae
-- Installing: /root/crs_ws_fanuc/install/trajopt/share/trajopt/test/data/pr2/meshes/gripper_v0/convex/upper_finger_r.xml
-- Installing: /root/crs_ws_fanuc/install/trajopt/share/trajopt/test/data/pr2/meshes/gripper_v0/convex/l_finger_tip_convex.iv
-- Installing: /root/crs_ws_fanuc/install/trajopt/share/trajopt/test/data/pr2/meshes/gripper_v0/convex/l_floating_convex.stla
-- Installing: /root/crs_ws_fanuc/install/trajopt/share/trajopt/test/data/pr2/meshes/gripper_v0/convex/gripper_palm_convex.stla
-- Installing: /root/crs_ws_fanuc/install/trajopt/share/trajopt/test/data/pr2/meshes/gripper_v0/convex/gripper_palm_convex.obj
-- Installing: /root/crs_ws_fanuc/install/trajopt/share/trajopt/test/data/pr2/meshes/gripper_v0/convex/gripper_palm.obj
-- Installing: /root/crs_ws_fanuc/install/trajopt/share/trajopt/test/data/pr2/meshes/gripper_v0/convex/gripper_palm.xml
-- Installing: /root/crs_ws_fanuc/install/trajopt/share/trajopt/test/data/pr2/meshes/gripper_v0/convex/upper_finger_r.dae
-- Installing: /root/crs_ws_fanuc/install/trajopt/share/trajopt/test/data/pr2/meshes/gripper_v0/convex/l_finger_tip_convex.stla
-- Installing: /root/crs_ws_fanuc/install/trajopt/share/trajopt/test/data/pr2/meshes/gripper_v0/convex/upper_finger_r_convex.stlb
-- Installing: /root/crs_ws_fanuc/install/trajopt/share/trajopt/test/data/pr2/meshes/gripper_v0/convex/finger_tip_pad2_l.obj
-- Installing: /root/crs_ws_fanuc/install/trajopt/share/trajopt/test/data/pr2/meshes/gripper_v0/convex/upper_finger_l.dae
-- Installing: /root/crs_ws_fanuc/install/trajopt/share/trajopt/test/data/pr2/meshes/gripper_v0/convex/l_floating_convex.stlb
-- Installing: /root/crs_ws_fanuc/install/trajopt/share/trajopt/test/data/pr2/meshes/gripper_v0/convex/l_finger_tip.obj
-- Installing: /root/crs_ws_fanuc/install/trajopt/share/trajopt/test/data/pr2/meshes/gripper_v0/convex/finger_tip_r_convex.obj
-- Installing: /root/crs_ws_fanuc/install/trajopt/share/trajopt/test/data/pr2/meshes/gripper_v0/convex/finger_tip_pad2_l.dae
-- Installing: /root/crs_ws_fanuc/install/trajopt/share/trajopt/test/data/pr2/meshes/gripper_v0/convex/upper_finger_l_convex.stlb
-- Installing: /root/crs_ws_fanuc/install/trajopt/share/trajopt/test/data/pr2/meshes/gripper_v0/convex/upper_finger_l_convex.obj
-- Installing: /root/crs_ws_fanuc/install/trajopt/share/trajopt/test/data/pr2/meshes/gripper_v0/convex/l_finger_tip_convex.stlb
-- Installing: /root/crs_ws_fanuc/install/trajopt/share/trajopt/test/data/pr2/meshes/gripper_v0/convex/upper_finger_l.xml
-- Installing: /root/crs_ws_fanuc/install/trajopt/share/trajopt/test/data/pr2/meshes/gripper_v0/convex/upper_finger_l_convex.iv
-- Installing: /root/crs_ws_fanuc/install/trajopt/share/trajopt/test/data/pr2/meshes/gripper_v0/convex/finger_tip_pad2_r_convex.obj
-- Installing: /root/crs_ws_fanuc/install/trajopt/share/trajopt/test/data/pr2/meshes/gripper_v0/convex/l_floating.xml
-- Installing: /root/crs_ws_fanuc/install/trajopt/share/trajopt/test/data/pr2/meshes/gripper_v0/convex/finger_tip_l_convex.obj
-- Installing: /root/crs_ws_fanuc/install/trajopt/share/trajopt/test/data/pr2/meshes/gripper_v0/convex/l_finger.xml
-- Installing: /root/crs_ws_fanuc/install/trajopt/share/trajopt/test/data/pr2/meshes/gripper_v0/l_finger_tip_color.tif
-- Installing: /root/crs_ws_fanuc/install/trajopt/share/trajopt/test/data/pr2/meshes/gripper_v0/finger_tip_pad2_r.stl
-- Installing: /root/crs_ws_fanuc/install/trajopt/share/trajopt/test/data/pr2/meshes/gripper_v0/palm_H_Color_100430.tif
-- Installing: /root/crs_ws_fanuc/install/trajopt/share/trajopt/test/data/pr2/meshes/gripper_v0/gripper_palm_normals.tif
-- Installing: /root/crs_ws_fanuc/install/trajopt/share/trajopt/test/data/pr2/meshes/gripper_v0/float_H_Color_100430.tif
-- Installing: /root/crs_ws_fanuc/install/trajopt/share/trajopt/test/data/pr2/meshes/gripper_v0/gripper_palm.stl
-- Installing: /root/crs_ws_fanuc/install/trajopt/share/trajopt/test/data/pr2/meshes/gripper_v0/finger_tip_r.stl
-- Up-to-date: /root/crs_ws_fanuc/install/trajopt/share/trajopt/test/data/pr2/meshes/head_v0
-- Installing: /root/crs_ws_fanuc/install/trajopt/share/trajopt/test/data/pr2/meshes/head_v0/head_tilt_normals.tif
-- Installing: /root/crs_ws_fanuc/install/trajopt/share/trajopt/test/data/pr2/meshes/head_v0/head_tilt_color_red.tif
-- Installing: /root/crs_ws_fanuc/install/trajopt/share/trajopt/test/data/pr2/meshes/head_v0/head_tilt_L.stl
-- Installing: /root/crs_ws_fanuc/install/trajopt/share/trajopt/test/data/pr2/meshes/head_v0/head_pan_L.stl
-- Up-to-date: /root/crs_ws_fanuc/install/trajopt/share/trajopt/test/data/pr2/meshes/head_v0/iv
-- Installing: /root/crs_ws_fanuc/install/trajopt/share/trajopt/test/data/pr2/meshes/head_v0/iv/head_pan_L.iv
-- Installing: /root/crs_ws_fanuc/install/trajopt/share/trajopt/test/data/pr2/meshes/head_v0/iv/head_tilt_L.iv
-- Installing: /root/crs_ws_fanuc/install/trajopt/share/trajopt/test/data/pr2/meshes/head_v0/iv/head_pan.iv
-- Installing: /root/crs_ws_fanuc/install/trajopt/share/trajopt/test/data/pr2/meshes/head_v0/iv/head_tilt.iv
-- Installing: /root/crs_ws_fanuc/install/trajopt/share/trajopt/test/data/pr2/meshes/head_v0/head_pan.dae
-- Installing: /root/crs_ws_fanuc/install/trajopt/share/trajopt/test/data/pr2/meshes/head_v0/head_tilt_green.tif
-- Installing: /root/crs_ws_fanuc/install/trajopt/share/trajopt/test/data/pr2/meshes/head_v0/head_pan_color.tif
-- Installing: /root/crs_ws_fanuc/install/trajopt/share/trajopt/test/data/pr2/meshes/head_v0/head_tilt.stl
-- Installing: /root/crs_ws_fanuc/install/trajopt/share/trajopt/test/data/pr2/meshes/head_v0/head_tilt.dae
-- Installing: /root/crs_ws_fanuc/install/trajopt/share/trajopt/test/data/pr2/meshes/head_v0/head_tilt_color.tif
-- Installing: /root/crs_ws_fanuc/install/trajopt/share/trajopt/test/data/pr2/meshes/head_v0/head_pan_normals.tif
-- Up-to-date: /root/crs_ws_fanuc/install/trajopt/share/trajopt/test/data/pr2/meshes/head_v0/convex
-- Installing: /root/crs_ws_fanuc/install/trajopt/share/trajopt/test/data/pr2/meshes/head_v0/convex/head_tilt_L_convex.stlb
-- Installing: /root/crs_ws_fanuc/install/trajopt/share/trajopt/test/data/pr2/meshes/head_v0/convex/head_pan_convex.stla
-- Installing: /root/crs_ws_fanuc/install/trajopt/share/trajopt/test/data/pr2/meshes/head_v0/convex/head_tilt_convex.stla
-- Installing: /root/crs_ws_fanuc/install/trajopt/share/trajopt/test/data/pr2/meshes/head_v0/convex/head_pan_convex.iv
-- Installing: /root/crs_ws_fanuc/install/trajopt/share/trajopt/test/data/pr2/meshes/head_v0/convex/head_pan_L.xml
-- Installing: /root/crs_ws_fanuc/install/trajopt/share/trajopt/test/data/pr2/meshes/head_v0/convex/head_tilt_L.dae
-- Installing: /root/crs_ws_fanuc/install/trajopt/share/trajopt/test/data/pr2/meshes/head_v0/convex/head_pan_L_convex.stlb
-- Installing: /root/crs_ws_fanuc/install/trajopt/share/trajopt/test/data/pr2/meshes/head_v0/convex/head_tilt.obj
-- Installing: /root/crs_ws_fanuc/install/trajopt/share/trajopt/test/data/pr2/meshes/head_v0/convex/head_pan.dae
-- Installing: /root/crs_ws_fanuc/install/trajopt/share/trajopt/test/data/pr2/meshes/head_v0/convex/head_tilt_convex.stlb
-- Installing: /root/crs_ws_fanuc/install/trajopt/share/trajopt/test/data/pr2/meshes/head_v0/convex/head_pan_L.dae
-- Installing: /root/crs_ws_fanuc/install/trajopt/share/trajopt/test/data/pr2/meshes/head_v0/convex/head_pan.obj
-- Installing: /root/crs_ws_fanuc/install/trajopt/share/trajopt/test/data/pr2/meshes/head_v0/convex/head_pan_convex.stlb
-- Installing: /root/crs_ws_fanuc/install/trajopt/share/trajopt/test/data/pr2/meshes/head_v0/convex/head_tilt_convex.obj
-- Installing: /root/crs_ws_fanuc/install/trajopt/share/trajopt/test/data/pr2/meshes/head_v0/convex/head_tilt.dae
-- Installing: /root/crs_ws_fanuc/install/trajopt/share/trajopt/test/data/pr2/meshes/head_v0/convex/head_tilt_convex.iv
-- Installing: /root/crs_ws_fanuc/install/trajopt/share/trajopt/test/data/pr2/meshes/head_v0/convex/head_pan.xml
-- Installing: /root/crs_ws_fanuc/install/trajopt/share/trajopt/test/data/pr2/meshes/head_v0/convex/head_pan_L_convex.obj
-- Installing: /root/crs_ws_fanuc/install/trajopt/share/trajopt/test/data/pr2/meshes/head_v0/convex/head_pan_L_convex.iv
-- Installing: /root/crs_ws_fanuc/install/trajopt/share/trajopt/test/data/pr2/meshes/head_v0/convex/head_pan_L_convex.stla
-- Installing: /root/crs_ws_fanuc/install/trajopt/share/trajopt/test/data/pr2/meshes/head_v0/convex/head_pan_L.obj
-- Installing: /root/crs_ws_fanuc/install/trajopt/share/trajopt/test/data/pr2/meshes/head_v0/convex/head_tilt.xml
-- Installing: /root/crs_ws_fanuc/install/trajopt/share/trajopt/test/data/pr2/meshes/head_v0/convex/head_tilt_L.obj
-- Installing: /root/crs_ws_fanuc/install/trajopt/share/trajopt/test/data/pr2/meshes/head_v0/convex/head_tilt_L.xml
-- Installing: /root/crs_ws_fanuc/install/trajopt/share/trajopt/test/data/pr2/meshes/head_v0/convex/head_tilt_L_convex.obj
-- Installing: /root/crs_ws_fanuc/install/trajopt/share/trajopt/test/data/pr2/meshes/head_v0/convex/head_pan_convex.obj
-- Installing: /root/crs_ws_fanuc/install/trajopt/share/trajopt/test/data/pr2/meshes/head_v0/convex/head_tilt_L_convex.stla
-- Installing: /root/crs_ws_fanuc/install/trajopt/share/trajopt/test/data/pr2/meshes/head_v0/convex/head_tilt_L_convex.iv
-- Installing: /root/crs_ws_fanuc/install/trajopt/share/trajopt/test/data/pr2/meshes/head_v0/head_pan.stl
-- Installing: /root/crs_ws_fanuc/install/trajopt/share/trajopt/test/data/pr2/meshes/head_v0/head_tilt_color_yellow.tif
-- Up-to-date: /root/crs_ws_fanuc/install/trajopt/share/trajopt/test/data/pr2/meshes/base_v0
-- Installing: /root/crs_ws_fanuc/install/trajopt/share/trajopt/test/data/pr2/meshes/base_v0/wheel_color.tif
-- Installing: /root/crs_ws_fanuc/install/trajopt/share/trajopt/test/data/pr2/meshes/base_v0/base.dae
-- Installing: /root/crs_ws_fanuc/install/trajopt/share/trajopt/test/data/pr2/meshes/base_v0/pr2_wheel.stl
-- Installing: /root/crs_ws_fanuc/install/trajopt/share/trajopt/test/data/pr2/meshes/base_v0/base_color.tif
-- Installing: /root/crs_ws_fanuc/install/trajopt/share/trajopt/test/data/pr2/meshes/base_v0/wheel_h_color.tif
-- Up-to-date: /root/crs_ws_fanuc/install/trajopt/share/trajopt/test/data/pr2/meshes/base_v0/iv
-- Installing: /root/crs_ws_fanuc/install/trajopt/share/trajopt/test/data/pr2/meshes/base_v0/iv/base_L.iv
-- Installing: /root/crs_ws_fanuc/install/trajopt/share/trajopt/test/data/pr2/meshes/base_v0/iv/base.iv
-- Installing: /root/crs_ws_fanuc/install/trajopt/share/trajopt/test/data/pr2/meshes/base_v0/iv/pr2_wheel.iv
-- Installing: /root/crs_ws_fanuc/install/trajopt/share/trajopt/test/data/pr2/meshes/base_v0/iv/caster_L.iv
-- Installing: /root/crs_ws_fanuc/install/trajopt/share/trajopt/test/data/pr2/meshes/base_v0/iv/wheel.iv
-- Installing: /root/crs_ws_fanuc/install/trajopt/share/trajopt/test/data/pr2/meshes/base_v0/iv/caster.iv
-- Installing: /root/crs_ws_fanuc/install/trajopt/share/trajopt/test/data/pr2/meshes/base_v0/caster_L.stl
-- Installing: /root/crs_ws_fanuc/install/trajopt/share/trajopt/test/data/pr2/meshes/base_v0/wheel_normals.tif
-- Installing: /root/crs_ws_fanuc/install/trajopt/share/trajopt/test/data/pr2/meshes/base_v0/wheel.dae
-- Installing: /root/crs_ws_fanuc/install/trajopt/share/trajopt/test/data/pr2/meshes/base_v0/wheel_h.dae
-- Installing: /root/crs_ws_fanuc/install/trajopt/share/trajopt/test/data/pr2/meshes/base_v0/base_L.stl
-- Up-to-date: /root/crs_ws_fanuc/install/trajopt/share/trajopt/test/data/pr2/meshes/base_v0/convex
-- Installing: /root/crs_ws_fanuc/install/trajopt/share/trajopt/test/data/pr2/meshes/base_v0/convex/caster_convex.stla
-- Installing: /root/crs_ws_fanuc/install/trajopt/share/trajopt/test/data/pr2/meshes/base_v0/convex/caster.dae
-- Installing: /root/crs_ws_fanuc/install/trajopt/share/trajopt/test/data/pr2/meshes/base_v0/convex/base_L.dae
-- Installing: /root/crs_ws_fanuc/install/trajopt/share/trajopt/test/data/pr2/meshes/base_v0/convex/pr2_wheel_convex.stlb
-- Installing: /root/crs_ws_fanuc/install/trajopt/share/trajopt/test/data/pr2/meshes/base_v0/convex/base_L.obj
-- Installing: /root/crs_ws_fanuc/install/trajopt/share/trajopt/test/data/pr2/meshes/base_v0/convex/base_convex.stla
-- Installing: /root/crs_ws_fanuc/install/trajopt/share/trajopt/test/data/pr2/meshes/base_v0/convex/base_convex.obj
-- Installing: /root/crs_ws_fanuc/install/trajopt/share/trajopt/test/data/pr2/meshes/base_v0/convex/caster_convex.obj
-- Installing: /root/crs_ws_fanuc/install/trajopt/share/trajopt/test/data/pr2/meshes/base_v0/convex/caster_L.dae
-- Installing: /root/crs_ws_fanuc/install/trajopt/share/trajopt/test/data/pr2/meshes/base_v0/convex/caster.xml
-- Installing: /root/crs_ws_fanuc/install/trajopt/share/trajopt/test/data/pr2/meshes/base_v0/convex/base.dae
-- Installing: /root/crs_ws_fanuc/install/trajopt/share/trajopt/test/data/pr2/meshes/base_v0/convex/wheel_convex.iv
-- Installing: /root/crs_ws_fanuc/install/trajopt/share/trajopt/test/data/pr2/meshes/base_v0/convex/pr2_wheel.obj
-- Installing: /root/crs_ws_fanuc/install/trajopt/share/trajopt/test/data/pr2/meshes/base_v0/convex/wheel.xml
-- Installing: /root/crs_ws_fanuc/install/trajopt/share/trajopt/test/data/pr2/meshes/base_v0/convex/pr2_wheel.xml
-- Installing: /root/crs_ws_fanuc/install/trajopt/share/trajopt/test/data/pr2/meshes/base_v0/convex/caster.obj
-- Installing: /root/crs_ws_fanuc/install/trajopt/share/trajopt/test/data/pr2/meshes/base_v0/convex/base_L_convex.iv
-- Installing: /root/crs_ws_fanuc/install/trajopt/share/trajopt/test/data/pr2/meshes/base_v0/convex/caster_L_convex.stlb
-- Installing: /root/crs_ws_fanuc/install/trajopt/share/trajopt/test/data/pr2/meshes/base_v0/convex/caster_L_convex.stla
-- Installing: /root/crs_ws_fanuc/install/trajopt/share/trajopt/test/data/pr2/meshes/base_v0/convex/caster_L.obj
-- Installing: /root/crs_ws_fanuc/install/trajopt/share/trajopt/test/data/pr2/meshes/base_v0/convex/base_L_convex.stla
-- Installing: /root/crs_ws_fanuc/install/trajopt/share/trajopt/test/data/pr2/meshes/base_v0/convex/base_L.xml
-- Installing: /root/crs_ws_fanuc/install/trajopt/share/trajopt/test/data/pr2/meshes/base_v0/convex/base.xml
-- Installing: /root/crs_ws_fanuc/install/trajopt/share/trajopt/test/data/pr2/meshes/base_v0/convex/wheel_convex.stlb
-- Installing: /root/crs_ws_fanuc/install/trajopt/share/trajopt/test/data/pr2/meshes/base_v0/convex/caster_convex.iv
-- Installing: /root/crs_ws_fanuc/install/trajopt/share/trajopt/test/data/pr2/meshes/base_v0/convex/wheel.dae
-- Installing: /root/crs_ws_fanuc/install/trajopt/share/trajopt/test/data/pr2/meshes/base_v0/convex/caster_L.xml
-- Installing: /root/crs_ws_fanuc/install/trajopt/share/trajopt/test/data/pr2/meshes/base_v0/convex/pr2_wheel_convex.stla
-- Installing: /root/crs_ws_fanuc/install/trajopt/share/trajopt/test/data/pr2/meshes/base_v0/convex/caster_L_convex.obj
-- Installing: /root/crs_ws_fanuc/install/trajopt/share/trajopt/test/data/pr2/meshes/base_v0/convex/base_L_convex.stlb
-- Installing: /root/crs_ws_fanuc/install/trajopt/share/trajopt/test/data/pr2/meshes/base_v0/convex/base_convex.stlb
-- Installing: /root/crs_ws_fanuc/install/trajopt/share/trajopt/test/data/pr2/meshes/base_v0/convex/caster_L_convex.iv
-- Installing: /root/crs_ws_fanuc/install/trajopt/share/trajopt/test/data/pr2/meshes/base_v0/convex/wheel_convex.obj
-- Installing: /root/crs_ws_fanuc/install/trajopt/share/trajopt/test/data/pr2/meshes/base_v0/convex/base.obj
-- Installing: /root/crs_ws_fanuc/install/trajopt/share/trajopt/test/data/pr2/meshes/base_v0/convex/base_L_convex.obj
-- Installing: /root/crs_ws_fanuc/install/trajopt/share/trajopt/test/data/pr2/meshes/base_v0/convex/base_convex.iv
-- Installing: /root/crs_ws_fanuc/install/trajopt/share/trajopt/test/data/pr2/meshes/base_v0/convex/wheel_convex.stla
-- Installing: /root/crs_ws_fanuc/install/trajopt/share/trajopt/test/data/pr2/meshes/base_v0/convex/wheel.obj
-- Installing: /root/crs_ws_fanuc/install/trajopt/share/trajopt/test/data/pr2/meshes/base_v0/convex/caster_convex.stlb
-- Installing: /root/crs_ws_fanuc/install/trajopt/share/trajopt/test/data/pr2/meshes/base_v0/convex/pr2_wheel_convex.obj
-- Installing: /root/crs_ws_fanuc/install/trajopt/share/trajopt/test/data/pr2/meshes/base_v0/convex/pr2_wheel_convex.iv
-- Installing: /root/crs_ws_fanuc/install/trajopt/share/trajopt/test/data/pr2/meshes/base_v0/convex/pr2_wheel.dae
-- Installing: /root/crs_ws_fanuc/install/trajopt/share/trajopt/test/data/pr2/meshes/base_v0/base.stl
-- Installing: /root/crs_ws_fanuc/install/trajopt/share/trajopt/test/data/pr2/meshes/base_v0/base_normals.tif
-- Installing: /root/crs_ws_fanuc/install/trajopt/share/trajopt/test/data/pr2/meshes/base_v0/wheel.stl
-- Installing: /root/crs_ws_fanuc/install/trajopt/share/trajopt/test/data/pr2/meshes/base_v0/caster.stl
-- Up-to-date: /root/crs_ws_fanuc/install/trajopt/share/trajopt/test/data/pr2/meshes/upper_arm_v0
-- Installing: /root/crs_ws_fanuc/install/trajopt/share/trajopt/test/data/pr2/meshes/upper_arm_v0/forearm_roll.stl
-- Installing: /root/crs_ws_fanuc/install/trajopt/share/trajopt/test/data/pr2/meshes/upper_arm_v0/elbow_flex_normals.tif
-- Up-to-date: /root/crs_ws_fanuc/install/trajopt/share/trajopt/test/data/pr2/meshes/upper_arm_v0/iv
-- Installing: /root/crs_ws_fanuc/install/trajopt/share/trajopt/test/data/pr2/meshes/upper_arm_v0/iv/forearm_roll_L.iv
-- Installing: /root/crs_ws_fanuc/install/trajopt/share/trajopt/test/data/pr2/meshes/upper_arm_v0/iv/elbow_flex.iv
-- Installing: /root/crs_ws_fanuc/install/trajopt/share/trajopt/test/data/pr2/meshes/upper_arm_v0/iv/forearm_roll.iv
-- Installing: /root/crs_ws_fanuc/install/trajopt/share/trajopt/test/data/pr2/meshes/upper_arm_v0/iv/upper_arm.iv
-- Installing: /root/crs_ws_fanuc/install/trajopt/share/trajopt/test/data/pr2/meshes/upper_arm_v0/upper_arm.jpg
-- Installing: /root/crs_ws_fanuc/install/trajopt/share/trajopt/test/data/pr2/meshes/upper_arm_v0/elbow_flex.stl
-- Installing: /root/crs_ws_fanuc/install/trajopt/share/trajopt/test/data/pr2/meshes/upper_arm_v0/upper_arm.stl
-- Installing: /root/crs_ws_fanuc/install/trajopt/share/trajopt/test/data/pr2/meshes/upper_arm_v0/upper_arm.dae
-- Installing: /root/crs_ws_fanuc/install/trajopt/share/trajopt/test/data/pr2/meshes/upper_arm_v0/upper_arm_color.tif
-- Installing: /root/crs_ws_fanuc/install/trajopt/share/trajopt/test/data/pr2/meshes/upper_arm_v0/elbow_flex_color.tif
-- Installing: /root/crs_ws_fanuc/install/trajopt/share/trajopt/test/data/pr2/meshes/upper_arm_v0/upper_arm_normals.tif
-- Installing: /root/crs_ws_fanuc/install/trajopt/share/trajopt/test/data/pr2/meshes/upper_arm_v0/elbow_flex.dae
-- Up-to-date: /root/crs_ws_fanuc/install/trajopt/share/trajopt/test/data/pr2/meshes/upper_arm_v0/convex
-- Installing: /root/crs_ws_fanuc/install/trajopt/share/trajopt/test/data/pr2/meshes/upper_arm_v0/convex/forearm_roll_L.obj
-- Installing: /root/crs_ws_fanuc/install/trajopt/share/trajopt/test/data/pr2/meshes/upper_arm_v0/convex/upper_arm_convex.stla
-- Installing: /root/crs_ws_fanuc/install/trajopt/share/trajopt/test/data/pr2/meshes/upper_arm_v0/convex/forearm_roll_L.dae
-- Installing: /root/crs_ws_fanuc/install/trajopt/share/trajopt/test/data/pr2/meshes/upper_arm_v0/convex/forearm_roll.dae
-- Installing: /root/crs_ws_fanuc/install/trajopt/share/trajopt/test/data/pr2/meshes/upper_arm_v0/convex/elbow_flex_convex.stlb
-- Installing: /root/crs_ws_fanuc/install/trajopt/share/trajopt/test/data/pr2/meshes/upper_arm_v0/convex/upper_arm_convex.iv
-- Installing: /root/crs_ws_fanuc/install/trajopt/share/trajopt/test/data/pr2/meshes/upper_arm_v0/convex/forearm_roll_L_convex.iv
-- Installing: /root/crs_ws_fanuc/install/trajopt/share/trajopt/test/data/pr2/meshes/upper_arm_v0/convex/elbow_flex.obj
-- Installing: /root/crs_ws_fanuc/install/trajopt/share/trajopt/test/data/pr2/meshes/upper_arm_v0/convex/upper_arm.obj
-- Installing: /root/crs_ws_fanuc/install/trajopt/share/trajopt/test/data/pr2/meshes/upper_arm_v0/convex/upper_arm_convex.obj
-- Installing: /root/crs_ws_fanuc/install/trajopt/share/trajopt/test/data/pr2/meshes/upper_arm_v0/convex/forearm_roll_convex.stlb
-- Installing: /root/crs_ws_fanuc/install/trajopt/share/trajopt/test/data/pr2/meshes/upper_arm_v0/convex/elbow_flex_convex.iv
-- Installing: /root/crs_ws_fanuc/install/trajopt/share/trajopt/test/data/pr2/meshes/upper_arm_v0/convex/forearm_roll_L.xml
-- Installing: /root/crs_ws_fanuc/install/trajopt/share/trajopt/test/data/pr2/meshes/upper_arm_v0/convex/upper_arm_convex.stlb
-- Installing: /root/crs_ws_fanuc/install/trajopt/share/trajopt/test/data/pr2/meshes/upper_arm_v0/convex/forearm_roll.obj
-- Installing: /root/crs_ws_fanuc/install/trajopt/share/trajopt/test/data/pr2/meshes/upper_arm_v0/convex/upper_arm.dae
-- Installing: /root/crs_ws_fanuc/install/trajopt/share/trajopt/test/data/pr2/meshes/upper_arm_v0/convex/upper_arm.xml
-- Installing: /root/crs_ws_fanuc/install/trajopt/share/trajopt/test/data/pr2/meshes/upper_arm_v0/convex/forearm_roll.xml
-- Installing: /root/crs_ws_fanuc/install/trajopt/share/trajopt/test/data/pr2/meshes/upper_arm_v0/convex/elbow_flex.dae
-- Installing: /root/crs_ws_fanuc/install/trajopt/share/trajopt/test/data/pr2/meshes/upper_arm_v0/convex/elbow_flex_convex.obj
-- Installing: /root/crs_ws_fanuc/install/trajopt/share/trajopt/test/data/pr2/meshes/upper_arm_v0/convex/elbow_flex_convex.stla
-- Installing: /root/crs_ws_fanuc/install/trajopt/share/trajopt/test/data/pr2/meshes/upper_arm_v0/convex/forearm_roll_convex.iv
-- Installing: /root/crs_ws_fanuc/install/trajopt/share/trajopt/test/data/pr2/meshes/upper_arm_v0/convex/elbow_flex.xml
-- Installing: /root/crs_ws_fanuc/install/trajopt/share/trajopt/test/data/pr2/meshes/upper_arm_v0/convex/forearm_roll_L_convex.stla
-- Installing: /root/crs_ws_fanuc/install/trajopt/share/trajopt/test/data/pr2/meshes/upper_arm_v0/convex/forearm_roll_convex.stla
-- Installing: /root/crs_ws_fanuc/install/trajopt/share/trajopt/test/data/pr2/meshes/upper_arm_v0/convex/forearm_roll_L_convex.stlb
-- Installing: /root/crs_ws_fanuc/install/trajopt/share/trajopt/test/data/pr2/meshes/upper_arm_v0/convex/forearm_roll_convex.obj
-- Installing: /root/crs_ws_fanuc/install/trajopt/share/trajopt/test/data/pr2/meshes/upper_arm_v0/convex/forearm_roll_L_convex.obj
-- Installing: /root/crs_ws_fanuc/install/trajopt/share/trajopt/test/data/pr2/meshes/upper_arm_v0/forearm_roll_L.stl
-- Up-to-date: /root/crs_ws_fanuc/install/trajopt/share/trajopt/test/data/pr2/meshes/forearm_v0
-- Installing: /root/crs_ws_fanuc/install/trajopt/share/trajopt/test/data/pr2/meshes/forearm_v0/forearm.stl
-- Up-to-date: /root/crs_ws_fanuc/install/trajopt/share/trajopt/test/data/pr2/meshes/forearm_v0/iv
-- Installing: /root/crs_ws_fanuc/install/trajopt/share/trajopt/test/data/pr2/meshes/forearm_v0/iv/wrist_roll.iv
-- Installing: /root/crs_ws_fanuc/install/trajopt/share/trajopt/test/data/pr2/meshes/forearm_v0/iv/wrist_roll_L.iv
-- Installing: /root/crs_ws_fanuc/install/trajopt/share/trajopt/test/data/pr2/meshes/forearm_v0/iv/wrist_flex.iv
-- Installing: /root/crs_ws_fanuc/install/trajopt/share/trajopt/test/data/pr2/meshes/forearm_v0/iv/forearm.iv
-- Installing: /root/crs_ws_fanuc/install/trajopt/share/trajopt/test/data/pr2/meshes/forearm_v0/forearm.dae
-- Installing: /root/crs_ws_fanuc/install/trajopt/share/trajopt/test/data/pr2/meshes/forearm_v0/wrist_flex.stl
-- Installing: /root/crs_ws_fanuc/install/trajopt/share/trajopt/test/data/pr2/meshes/forearm_v0/forearm.jpg
-- Installing: /root/crs_ws_fanuc/install/trajopt/share/trajopt/test/data/pr2/meshes/forearm_v0/wrist_roll.stl
-- Installing: /root/crs_ws_fanuc/install/trajopt/share/trajopt/test/data/pr2/meshes/forearm_v0/wrist_normals.tif
-- Installing: /root/crs_ws_fanuc/install/trajopt/share/trajopt/test/data/pr2/meshes/forearm_v0/wrist_color.tif
-- Installing: /root/crs_ws_fanuc/install/trajopt/share/trajopt/test/data/pr2/meshes/forearm_v0/forearm_normals.tif
-- Installing: /root/crs_ws_fanuc/install/trajopt/share/trajopt/test/data/pr2/meshes/forearm_v0/wrist_roll_L.stl
-- Up-to-date: /root/crs_ws_fanuc/install/trajopt/share/trajopt/test/data/pr2/meshes/forearm_v0/convex
-- Installing: /root/crs_ws_fanuc/install/trajopt/share/trajopt/test/data/pr2/meshes/forearm_v0/convex/wrist_flex_convex.iv
-- Installing: /root/crs_ws_fanuc/install/trajopt/share/trajopt/test/data/pr2/meshes/forearm_v0/convex/forearm_convex.stla
-- Installing: /root/crs_ws_fanuc/install/trajopt/share/trajopt/test/data/pr2/meshes/forearm_v0/convex/wrist_roll_L_convex.obj
-- Installing: /root/crs_ws_fanuc/install/trajopt/share/trajopt/test/data/pr2/meshes/forearm_v0/convex/wrist_roll_L.obj
-- Installing: /root/crs_ws_fanuc/install/trajopt/share/trajopt/test/data/pr2/meshes/forearm_v0/convex/wrist_roll.xml
-- Installing: /root/crs_ws_fanuc/install/trajopt/share/trajopt/test/data/pr2/meshes/forearm_v0/convex/wrist_flex.xml
-- Installing: /root/crs_ws_fanuc/install/trajopt/share/trajopt/test/data/pr2/meshes/forearm_v0/convex/wrist_roll_L_convex.stlb
-- Installing: /root/crs_ws_fanuc/install/trajopt/share/trajopt/test/data/pr2/meshes/forearm_v0/convex/forearm_convex.iv
-- Installing: /root/crs_ws_fanuc/install/trajopt/share/trajopt/test/data/pr2/meshes/forearm_v0/convex/wrist_roll.obj
-- Installing: /root/crs_ws_fanuc/install/trajopt/share/trajopt/test/data/pr2/meshes/forearm_v0/convex/forearm.obj
-- Installing: /root/crs_ws_fanuc/install/trajopt/share/trajopt/test/data/pr2/meshes/forearm_v0/convex/wrist_roll_L.dae
-- Installing: /root/crs_ws_fanuc/install/trajopt/share/trajopt/test/data/pr2/meshes/forearm_v0/convex/forearm.dae
-- Installing: /root/crs_ws_fanuc/install/trajopt/share/trajopt/test/data/pr2/meshes/forearm_v0/convex/wrist_roll_L_convex.iv
-- Installing: /root/crs_ws_fanuc/install/trajopt/share/trajopt/test/data/pr2/meshes/forearm_v0/convex/wrist_roll_L_convex.stla
-- Installing: /root/crs_ws_fanuc/install/trajopt/share/trajopt/test/data/pr2/meshes/forearm_v0/convex/forearm_convex.obj
-- Installing: /root/crs_ws_fanuc/install/trajopt/share/trajopt/test/data/pr2/meshes/forearm_v0/convex/wrist_roll_L.xml
-- Installing: /root/crs_ws_fanuc/install/trajopt/share/trajopt/test/data/pr2/meshes/forearm_v0/convex/forearm.xml
-- Installing: /root/crs_ws_fanuc/install/trajopt/share/trajopt/test/data/pr2/meshes/forearm_v0/convex/wrist_roll.dae
-- Installing: /root/crs_ws_fanuc/install/trajopt/share/trajopt/test/data/pr2/meshes/forearm_v0/convex/forearm_convex.stlb
-- Installing: /root/crs_ws_fanuc/install/trajopt/share/trajopt/test/data/pr2/meshes/forearm_v0/convex/wrist_roll_convex.stla
-- Installing: /root/crs_ws_fanuc/install/trajopt/share/trajopt/test/data/pr2/meshes/forearm_v0/convex/wrist_roll_convex.stlb
-- Installing: /root/crs_ws_fanuc/install/trajopt/share/trajopt/test/data/pr2/meshes/forearm_v0/convex/wrist_flex.dae
-- Installing: /root/crs_ws_fanuc/install/trajopt/share/trajopt/test/data/pr2/meshes/forearm_v0/convex/wrist_flex.obj
-- Installing: /root/crs_ws_fanuc/install/trajopt/share/trajopt/test/data/pr2/meshes/forearm_v0/convex/wrist_flex_convex.obj
-- Installing: /root/crs_ws_fanuc/install/trajopt/share/trajopt/test/data/pr2/meshes/forearm_v0/convex/wrist_flex_convex.stlb
-- Installing: /root/crs_ws_fanuc/install/trajopt/share/trajopt/test/data/pr2/meshes/forearm_v0/convex/wrist_flex_convex.stla
-- Installing: /root/crs_ws_fanuc/install/trajopt/share/trajopt/test/data/pr2/meshes/forearm_v0/convex/wrist_roll_convex.iv
-- Installing: /root/crs_ws_fanuc/install/trajopt/share/trajopt/test/data/pr2/meshes/forearm_v0/convex/wrist_roll_convex.obj
-- Installing: /root/crs_ws_fanuc/install/trajopt/share/trajopt/test/data/pr2/meshes/forearm_v0/wrist_flex.dae
-- Installing: /root/crs_ws_fanuc/install/trajopt/share/trajopt/test/data/pr2/meshes/forearm_v0/forearm_color.tif
-- Up-to-date: /root/crs_ws_fanuc/install/trajopt/share/trajopt/test/data/pr2/meshes/shoulder_v0
-- Up-to-date: /root/crs_ws_fanuc/install/trajopt/share/trajopt/test/data/pr2/meshes/shoulder_v0/iv
-- Installing: /root/crs_ws_fanuc/install/trajopt/share/trajopt/test/data/pr2/meshes/shoulder_v0/iv/shoulder_pan.iv
-- Installing: /root/crs_ws_fanuc/install/trajopt/share/trajopt/test/data/pr2/meshes/shoulder_v0/iv/upper_arm_roll.iv
-- Installing: /root/crs_ws_fanuc/install/trajopt/share/trajopt/test/data/pr2/meshes/shoulder_v0/iv/shoulder_lift.iv
-- Installing: /root/crs_ws_fanuc/install/trajopt/share/trajopt/test/data/pr2/meshes/shoulder_v0/iv/upper_arm_roll_L.iv
-- Installing: /root/crs_ws_fanuc/install/trajopt/share/trajopt/test/data/pr2/meshes/shoulder_v0/iv/shoulder_yaw.iv
-- Installing: /root/crs_ws_fanuc/install/trajopt/share/trajopt/test/data/pr2/meshes/shoulder_v0/upper_arm_roll_normals.tif
-- Installing: /root/crs_ws_fanuc/install/trajopt/share/trajopt/test/data/pr2/meshes/shoulder_v0/upper_arm_roll.stl
-- Installing: /root/crs_ws_fanuc/install/trajopt/share/trajopt/test/data/pr2/meshes/shoulder_v0/shoulder_lift_color.tif
-- Installing: /root/crs_ws_fanuc/install/trajopt/share/trajopt/test/data/pr2/meshes/shoulder_v0/shoulder_lift_normals.tif
-- Installing: /root/crs_ws_fanuc/install/trajopt/share/trajopt/test/data/pr2/meshes/shoulder_v0/shoulder_pan.stl
-- Installing: /root/crs_ws_fanuc/install/trajopt/share/trajopt/test/data/pr2/meshes/shoulder_v0/upper_arm_roll_color.tif
-- Installing: /root/crs_ws_fanuc/install/trajopt/share/trajopt/test/data/pr2/meshes/shoulder_v0/shoulder_pan_normals.tif
-- Installing: /root/crs_ws_fanuc/install/trajopt/share/trajopt/test/data/pr2/meshes/shoulder_v0/shoulder_lift.stl
-- Installing: /root/crs_ws_fanuc/install/trajopt/share/trajopt/test/data/pr2/meshes/shoulder_v0/shoulder_pan.dae
-- Installing: /root/crs_ws_fanuc/install/trajopt/share/trajopt/test/data/pr2/meshes/shoulder_v0/upper_arm_roll_L.stl
-- Installing: /root/crs_ws_fanuc/install/trajopt/share/trajopt/test/data/pr2/meshes/shoulder_v0/shoulder_yaw.stl
-- Up-to-date: /root/crs_ws_fanuc/install/trajopt/share/trajopt/test/data/pr2/meshes/shoulder_v0/convex
-- Installing: /root/crs_ws_fanuc/install/trajopt/share/trajopt/test/data/pr2/meshes/shoulder_v0/convex/upper_arm_roll_L_convex.obj
-- Installing: /root/crs_ws_fanuc/install/trajopt/share/trajopt/test/data/pr2/meshes/shoulder_v0/convex/upper_arm_roll_L.dae
-- Installing: /root/crs_ws_fanuc/install/trajopt/share/trajopt/test/data/pr2/meshes/shoulder_v0/convex/shoulder_pan_convex.iv
-- Installing: /root/crs_ws_fanuc/install/trajopt/share/trajopt/test/data/pr2/meshes/shoulder_v0/convex/shoulder_pan.obj
-- Installing: /root/crs_ws_fanuc/install/trajopt/share/trajopt/test/data/pr2/meshes/shoulder_v0/convex/shoulder_pan_convex.stla
-- Installing: /root/crs_ws_fanuc/install/trajopt/share/trajopt/test/data/pr2/meshes/shoulder_v0/convex/upper_arm_roll_L_convex.stla
-- Installing: /root/crs_ws_fanuc/install/trajopt/share/trajopt/test/data/pr2/meshes/shoulder_v0/convex/shoulder_lift_convex.stlb
-- Installing: /root/crs_ws_fanuc/install/trajopt/share/trajopt/test/data/pr2/meshes/shoulder_v0/convex/upper_arm_roll_convex.obj
-- Installing: /root/crs_ws_fanuc/install/trajopt/share/trajopt/test/data/pr2/meshes/shoulder_v0/convex/shoulder_lift.obj
-- Installing: /root/crs_ws_fanuc/install/trajopt/share/trajopt/test/data/pr2/meshes/shoulder_v0/convex/upper_arm_roll_convex.iv
-- Installing: /root/crs_ws_fanuc/install/trajopt/share/trajopt/test/data/pr2/meshes/shoulder_v0/convex/shoulder_yaw.xml
-- Installing: /root/crs_ws_fanuc/install/trajopt/share/trajopt/test/data/pr2/meshes/shoulder_v0/convex/shoulder_pan_convex.stlb
-- Installing: /root/crs_ws_fanuc/install/trajopt/share/trajopt/test/data/pr2/meshes/shoulder_v0/convex/shoulder_yaw_convex.obj
-- Installing: /root/crs_ws_fanuc/install/trajopt/share/trajopt/test/data/pr2/meshes/shoulder_v0/convex/shoulder_lift.xml
-- Installing: /root/crs_ws_fanuc/install/trajopt/share/trajopt/test/data/pr2/meshes/shoulder_v0/convex/upper_arm_roll.obj
-- Installing: /root/crs_ws_fanuc/install/trajopt/share/trajopt/test/data/pr2/meshes/shoulder_v0/convex/shoulder_yaw.obj
-- Installing: /root/crs_ws_fanuc/install/trajopt/share/trajopt/test/data/pr2/meshes/shoulder_v0/convex/upper_arm_roll_L.obj
-- Installing: /root/crs_ws_fanuc/install/trajopt/share/trajopt/test/data/pr2/meshes/shoulder_v0/convex/shoulder_lift_convex.stla
-- Installing: /root/crs_ws_fanuc/install/trajopt/share/trajopt/test/data/pr2/meshes/shoulder_v0/convex/upper_arm_roll_convex.stlb
-- Installing: /root/crs_ws_fanuc/install/trajopt/share/trajopt/test/data/pr2/meshes/shoulder_v0/convex/upper_arm_roll_L.xml
-- Installing: /root/crs_ws_fanuc/install/trajopt/share/trajopt/test/data/pr2/meshes/shoulder_v0/convex/shoulder_lift_convex.iv
-- Installing: /root/crs_ws_fanuc/install/trajopt/share/trajopt/test/data/pr2/meshes/shoulder_v0/convex/upper_arm_roll_L_convex.stlb
-- Installing: /root/crs_ws_fanuc/install/trajopt/share/trajopt/test/data/pr2/meshes/shoulder_v0/convex/shoulder_yaw_convex.stla
-- Installing: /root/crs_ws_fanuc/install/trajopt/share/trajopt/test/data/pr2/meshes/shoulder_v0/convex/shoulder_pan.dae
-- Installing: /root/crs_ws_fanuc/install/trajopt/share/trajopt/test/data/pr2/meshes/shoulder_v0/convex/shoulder_yaw_convex.stlb
-- Installing: /root/crs_ws_fanuc/install/trajopt/share/trajopt/test/data/pr2/meshes/shoulder_v0/convex/shoulder_pan_convex.obj
-- Installing: /root/crs_ws_fanuc/install/trajopt/share/trajopt/test/data/pr2/meshes/shoulder_v0/convex/shoulder_yaw.dae
-- Installing: /root/crs_ws_fanuc/install/trajopt/share/trajopt/test/data/pr2/meshes/shoulder_v0/convex/shoulder_pan.xml
-- Installing: /root/crs_ws_fanuc/install/trajopt/share/trajopt/test/data/pr2/meshes/shoulder_v0/convex/shoulder_lift_convex.obj
-- Installing: /root/crs_ws_fanuc/install/trajopt/share/trajopt/test/data/pr2/meshes/shoulder_v0/convex/upper_arm_roll.xml
-- Installing: /root/crs_ws_fanuc/install/trajopt/share/trajopt/test/data/pr2/meshes/shoulder_v0/convex/upper_arm_roll.dae
-- Installing: /root/crs_ws_fanuc/install/trajopt/share/trajopt/test/data/pr2/meshes/shoulder_v0/convex/upper_arm_roll_convex.stla
-- Installing: /root/crs_ws_fanuc/install/trajopt/share/trajopt/test/data/pr2/meshes/shoulder_v0/convex/shoulder_yaw_convex.iv
-- Installing: /root/crs_ws_fanuc/install/trajopt/share/trajopt/test/data/pr2/meshes/shoulder_v0/convex/shoulder_lift.dae
-- Installing: /root/crs_ws_fanuc/install/trajopt/share/trajopt/test/data/pr2/meshes/shoulder_v0/convex/upper_arm_roll_L_convex.iv
-- Installing: /root/crs_ws_fanuc/install/trajopt/share/trajopt/test/data/pr2/meshes/shoulder_v0/upper_arm_roll.dae
-- Installing: /root/crs_ws_fanuc/install/trajopt/share/trajopt/test/data/pr2/meshes/shoulder_v0/shoulder_pan_color.tif
-- Installing: /root/crs_ws_fanuc/install/trajopt/share/trajopt/test/data/pr2/meshes/shoulder_v0/shoulder_lift.dae
-- Up-to-date: /root/crs_ws_fanuc/install/trajopt/share/trajopt/test/data/pr2/meshes/sensors
-- Up-to-date: /root/crs_ws_fanuc/install/trajopt/share/trajopt/test/data/pr2/meshes/sensors/kinect2_v0
-- Installing: /root/crs_ws_fanuc/install/trajopt/share/trajopt/test/data/pr2/meshes/sensors/kinect2_v0/kinect2_assembly.STL
-- Up-to-date: /root/crs_ws_fanuc/install/trajopt/share/trajopt/test/data/pr2/meshes/sensors/kinect_prosilica_v0
-- Installing: /root/crs_ws_fanuc/install/trajopt/share/trajopt/test/data/pr2/meshes/sensors/kinect_prosilica_v0/115x100_swept_back_no_sensors--coarse.STL
-- Installing: /root/crs_ws_fanuc/install/trajopt/share/trajopt/test/data/pr2/meshes/sensors/kinect_prosilica_v0/68-04546_Kinect_Sensor--coarse.STL
-- Installing: /root/crs_ws_fanuc/install/trajopt/share/trajopt/test/data/pr2/meshes/sensors/kinect_prosilica_v0/115x100_swept_fwd--coarse.STL
-- Installing: /root/crs_ws_fanuc/install/trajopt/share/trajopt/test/data/pr2/meshes/sensors/kinect_prosilica_v0/115x100_swept_back--coarse.STL
-- Installing: /root/crs_ws_fanuc/install/trajopt/share/trajopt/test/data/pr2/meshes/sensors/kinect_prosilica_v0/Prosilica_w_Lens--coarse.STL
-- Installing: /root/crs_ws_fanuc/install/trajopt/share/trajopt/test/data/pr2/meshes/sensors/kinect_prosilica_v0/115x100_swept_fwd_no_sensors--coarse.STL
-- Up-to-date: /root/crs_ws_fanuc/install/trajopt/share/trajopt/test/data/pr2/meshes/sensors/kinect_v0
-- Installing: /root/crs_ws_fanuc/install/trajopt/share/trajopt/test/data/pr2/meshes/sensors/kinect_v0/kinect.dae
-- Installing: /root/crs_ws_fanuc/install/trajopt/share/trajopt/test/data/pr2/meshes/sensors/kinect_v0/kinect.tga
-- Installing: /root/crs_ws_fanuc/install/trajopt/share/trajopt/test/data/pr2/meshes/sensors/kinect_v0/kinect_color.tga
-- Installing: /root/crs_ws_fanuc/install/trajopt/share/trajopt/test/data/pr2/meshes/sensors/kinect_v0/kinect_mount.stl
-- Up-to-date: /root/crs_ws_fanuc/install/trajopt/share/trajopt/test/data/pr2/materials
-- Up-to-date: /root/crs_ws_fanuc/install/trajopt/share/trajopt/test/data/pr2/materials/textures
-- Installing: /root/crs_ws_fanuc/install/trajopt/share/trajopt/test/data/pr2/materials/textures/pr2_wheel_right.png
-- Installing: /root/crs_ws_fanuc/install/trajopt/share/trajopt/test/data/pr2/materials/textures/pr2_wheel_left.png
-- Installing: /root/crs_ws_fanuc/install/trajopt/share/trajopt/test/data/pr2/materials/textures/pr2_caster_texture.png
-- Installing: /root/crs_ws_fanuc/install/trajopt/share/trajopt/test/data/boxbot.srdf
-- Installing: /root/crs_ws_fanuc/install/trajopt/share/trajopt/test/data/boxbot_macro.xacro
-- Installing: /root/crs_ws_fanuc/install/trajopt/share/trajopt/test/data/box_1m_macro.xacro
-- Installing: /root/crs_ws_fanuc/install/trajopt/share/trajopt/test/data/pr2.srdf
-- Installing: /root/crs_ws_fanuc/install/trajopt/share/trajopt/test/data/arm_around_table.urdf
-- Installing: /root/crs_ws_fanuc/install/trajopt/share/trajopt/test/data/boxbot.xacro
-- Up-to-date: /root/crs_ws_fanuc/install/trajopt/share/trajopt/test/data/config
-- Installing: /root/crs_ws_fanuc/install/trajopt/share/trajopt/test/data/config/numerical_ik1.json
-- Installing: /root/crs_ws_fanuc/install/trajopt/share/trajopt/test/data/config/arm_around_table_continuous.json
-- Installing: /root/crs_ws_fanuc/install/trajopt/share/trajopt/test/data/config/arm_around_table_time.json
-- Installing: /root/crs_ws_fanuc/install/trajopt/share/trajopt/test/data/config/box_cast_test.json
-- Installing: /root/crs_ws_fanuc/install/trajopt/share/trajopt/test/data/config/arm_around_table.json
-- Installing: /root/crs_ws_fanuc/install/trajopt/share/trajopt/test/data/config/boxbot_kinematics.yaml
-- Installing: /root/crs_ws_fanuc/install/trajopt/share/trajopt/test/data/config/boxbot_joint_limits.yaml
-- Installing: /root/crs_ws_fanuc/install/trajopt/share/trajopt/test/data/config/pr2_kinematics.yaml
-- Installing: /root/crs_ws_fanuc/install/trajopt/share/trajopt/test/data/config/pr2_joint_limits.yaml
-- Installing: /root/crs_ws_fanuc/install/trajopt/share/trajopt/test/data/boxbot_world.xacro
-- Up-to-date: /root/crs_ws_fanuc/install/trajopt/include/trajopt
-- Installing: /root/crs_ws_fanuc/install/trajopt/include/trajopt/kinematic_terms.hpp
-- Installing: /root/crs_ws_fanuc/install/trajopt/include/trajopt/json_marshal.hpp
-- Installing: /root/crs_ws_fanuc/install/trajopt/include/trajopt/common.hpp
-- Installing: /root/crs_ws_fanuc/install/trajopt/include/trajopt/plot_callback.hpp
-- Installing: /root/crs_ws_fanuc/install/trajopt/include/trajopt/collision_terms.hpp
-- Installing: /root/crs_ws_fanuc/install/trajopt/include/trajopt/utils.hpp
-- Installing: /root/crs_ws_fanuc/install/trajopt/include/trajopt/problem_description.hpp
-- Installing: /root/crs_ws_fanuc/install/trajopt/include/trajopt/cache.hxx
-- Installing: /root/crs_ws_fanuc/install/trajopt/include/trajopt/typedefs.hpp
-- Installing: /root/crs_ws_fanuc/install/trajopt/include/trajopt/file_write_callback.hpp
-- Installing: /root/crs_ws_fanuc/install/trajopt/include/trajopt/trajectory_costs.hpp
