[0.092s] Invoking command in '/root/crs_ws_fanuc/build/fanuc_resources': /usr/bin/cmake /root/crs_ws_fanuc/src/collaborative-robotic-sanding/fanuc_resources -DCATKIN_INSTALL_INTO_PREFIX_ROOT=0 -DCATKIN_SYMLINK_INSTALL=ON -DCMAKE_INSTALL_PREFIX=/root/crs_ws_fanuc/install/fanuc_resources
[0.466s] -- The C compiler identification is GNU 7.5.0
[0.837s] -- The CXX compiler identification is GNU 7.5.0
[0.857s] -- Check for working C compiler: /usr/bin/cc
[1.505s] -- Check for working C compiler: /usr/bin/cc -- works
[1.506s] -- Detecting C compiler ABI info
[1.998s] -- Detecting C compiler ABI info - done
[2.025s] -- Detecting C compile features
[3.621s] -- Detecting C compile features - done
[3.628s] -- Check for working CXX compiler: /usr/bin/c++
[3.953s] -- Check for working CXX compiler: /usr/bin/c++ -- works
[3.954s] -- Detecting CXX compiler ABI info
[4.329s] -- Detecting CXX compiler ABI info - done
[4.352s] -- Detecting CXX compile features
[6.012s] -- Detecting CXX compile features - done
[6.016s] -- Using CATKIN_DEVEL_PREFIX: /root/crs_ws_fanuc/build/fanuc_resources/devel
[6.017s] -- Using CMAKE_PREFIX_PATH: /opt/ros/melodic;/root/crs_ws_fanuc/install/trajopt_tools;/root/crs_ws_fanuc/install/vhacd;/root/crs_ws_fanuc/install/crs_gui;/root/crs_ws_fanuc/install/crs_application;/root/crs_ws_fanuc/install/crs_motion_planning;/root/crs_ws_fanuc/install/ur_ikfast_kinematics;/root/crs_ws_fanuc/install/crs_robot_comms;/root/crs_ws_fanuc/install/ur_dashboard_msgs;/root/crs_ws_fanuc/install/trajopt_sqp;/root/crs_ws_fanuc/install/trajopt_ifopt;/root/crs_ws_fanuc/install/tesseract_monitoring;/root/crs_ws_fanuc/install/tesseract_rosutils;/root/crs_ws_fanuc/install/tesseract_process_planners;/root/crs_ws_fanuc/install/tesseract_motion_planners;/root/crs_ws_fanuc/install/trajopt;/root/crs_ws_fanuc/install/trajopt_sco;/root/crs_ws_fanuc/install/trajopt_utils;/root/crs_ws_fanuc/install/tesseract_visualization;/root/crs_ws_fanuc/install/tesseract;/root/crs_ws_fanuc/install/tesseract_urdf;/root/crs_ws_fanuc/install/tesseract_plugins;/root/crs_ws_fanuc/install/tesseract_environment;/root/crs_ws_fanuc/install/tesseract_collision;/root/crs_ws_fanuc/install/tesseract_support;/root/crs_ws_fanuc/install/tesseract_kinematics;/root/crs_ws_fanuc/install/tesseract_scene_graph;/root/crs_ws_fanuc/install/tesseract_msgs;/root/crs_ws_fanuc/install/tesseract_geometry;/root/crs_ws_fanuc/install/tesseract_common;/root/crs_ws_fanuc/install/rclcpp_scxml_demos;/root/crs_ws_fanuc/install/scxml_core;/root/crs_ws_fanuc/install/region_detection_rclcpp;/root/crs_ws_fanuc/install/region_detection_msgs;/root/crs_ws_fanuc/install/region_detection_core;/root/crs_ws_fanuc/install/osqp_eigen;/root/crs_ws_fanuc/install/osqp;/root/crs_ws_fanuc/install/descartes_opw;/root/crs_ws_fanuc/install/opw_kinematics;/root/crs_ws_fanuc/install/octomap_msgs;/root/crs_ws_fanuc/install/fcl;/root/crs_ws_fanuc/install/libccd;/root/crs_ws_fanuc/install/iterative_spline_parameterization;/root/crs_ws_fanuc/install/ifopt;/root/crs_ws_fanuc/install/gtest;/root/crs_ws_fanuc/install/descartes_samplers;/root/crs_ws_fanuc/install/descartes_ikfast;/root/crs_ws_fanuc/install/descartes_light;/root/crs_ws_fanuc/install/crs_toolpath_gen;/root/crs_ws_fanuc/install/crs_support;/root/crs_ws_fanuc/install/crs_process_data;/root/crs_ws_fanuc/install/crs_perception;/root/crs_ws_fanuc/install/crs_area_selection;/root/crs_ws_fanuc/install/crs_msgs;/root/crs_ws_fanuc/install/crs_gazebo_plugins;/root/crs_ws_fanuc/install/cartesian_trajectory_msgs;/root/crs_ws_fanuc/install/bullet3;/opt/qt513/lib/cmake
[6.020s] -- This workspace overlays: /opt/ros/melodic
[6.028s] -- Override CMake install command with custom implementation using symlinks instead of copying resources
[6.155s] -- Found PythonInterp: /usr/bin/python3 (found suitable version "3.6.9", minimum required is "3") 
[6.156s] -- Using PYTHON_EXECUTABLE: /usr/bin/python3
[6.156s] -- Using Debian Python package layout
[6.158s] -- Using empy: /usr/bin/empy
[6.630s] -- Using CATKIN_ENABLE_TESTING: ON
[6.631s] -- Call enable_testing()
[6.635s] -- Using CATKIN_TEST_RESULTS_DIR: /root/crs_ws_fanuc/build/fanuc_resources/test_results
[8.240s] -- Forcing gtest/gmock from source, though one was otherwise available.
[8.241s] -- Found gtest sources under '/usr/src/googletest': gtests will be built
[8.242s] -- Found gmock sources under '/usr/src/googletest': gmock will be built
[8.407s] -- Found PythonInterp: /usr/bin/python3 (found version "3.6.9") 
[8.413s] -- Found Threads: TRUE  
[8.426s] -- Using Python nosetests: /usr/bin/nosetests
[8.718s] -- catkin 0.7.29
[8.719s] -- BUILD_SHARED_LIBS is on
[10.136s] -- Configuring done
[10.173s] -- Generating done
[10.176s] -- Build files have been written to: /root/crs_ws_fanuc/build/fanuc_resources
[10.193s] Invoked command in '/root/crs_ws_fanuc/build/fanuc_resources' returned '0': /usr/bin/cmake /root/crs_ws_fanuc/src/collaborative-robotic-sanding/fanuc_resources -DCATKIN_INSTALL_INTO_PREFIX_ROOT=0 -DCATKIN_SYMLINK_INSTALL=ON -DCMAKE_INSTALL_PREFIX=/root/crs_ws_fanuc/install/fanuc_resources
[10.198s] Invoking command in '/root/crs_ws_fanuc/build/fanuc_resources': /usr/bin/cmake --build /root/crs_ws_fanuc/build/fanuc_resources -- -j8 -l8
[10.447s] Invoked command in '/root/crs_ws_fanuc/build/fanuc_resources' returned '0': /usr/bin/cmake --build /root/crs_ws_fanuc/build/fanuc_resources -- -j8 -l8
[10.609s] Invoking command in '/root/crs_ws_fanuc/build/fanuc_resources': /usr/bin/cmake --build /root/crs_ws_fanuc/build/fanuc_resources --target tests -- -j8 -l8
[10.804s] [35m[1mScanning dependencies of target tests[0m
[10.854s] Built target tests
[10.890s] Invoked command in '/root/crs_ws_fanuc/build/fanuc_resources' returned '0': /usr/bin/cmake --build /root/crs_ws_fanuc/build/fanuc_resources --target tests -- -j8 -l8
[11.127s] Invoking command in '/root/crs_ws_fanuc/build/fanuc_resources': /usr/bin/cmake --build /root/crs_ws_fanuc/build/fanuc_resources --target install -- -j8 -l8
[11.401s] [36mInstall the project...[0m
[11.427s] -- Install configuration: ""
[11.428s] -- Execute custom install script
[11.429s] -- Up-to-date symlink: /root/crs_ws_fanuc/install/fanuc_resources/lib/pkgconfig/fanuc_resources.pc
[11.430s] -- Up-to-date symlink: /root/crs_ws_fanuc/install/fanuc_resources/share/fanuc_resources/cmake/fanuc_resourcesConfig.cmake
[11.431s] -- Up-to-date symlink: /root/crs_ws_fanuc/install/fanuc_resources/share/fanuc_resources/cmake/fanuc_resourcesConfig-version.cmake
[11.432s] -- Up-to-date symlink: /root/crs_ws_fanuc/install/fanuc_resources/share/fanuc_resources/package.xml
[11.434s] -- Up-to-date symlink: /root/crs_ws_fanuc/install/fanuc_resources/share/fanuc_resources/urdf/common_colours.xacro
[11.435s] -- Up-to-date symlink: /root/crs_ws_fanuc/install/fanuc_resources/share/fanuc_resources/urdf/common_materials.xacro
[11.436s] -- Up-to-date symlink: /root/crs_ws_fanuc/install/fanuc_resources/share/fanuc_resources/readme.md
[11.446s] Invoked command in '/root/crs_ws_fanuc/build/fanuc_resources' returned '0': /usr/bin/cmake --build /root/crs_ws_fanuc/build/fanuc_resources --target install -- -j8 -l8
