[0.043s] Invoking command in '/root/crs_ws_fanuc/build/crs_msgs': CMAKE_PREFIX_PATH=/root/crs_ws_fanuc/install/cartesian_trajectory_msgs:/root/crs_ws_fanuc/install/crs_utils_py:/opt/ros/eloquent:/opt/ros/melodic:/root/crs_ws_fanuc/install/trajopt_tools:/root/crs_ws_fanuc/install/vhacd:/root/crs_ws_fanuc/install/crs_gui:/root/crs_ws_fanuc/install/crs_application:/root/crs_ws_fanuc/install/crs_motion_planning:/root/crs_ws_fanuc/install/ur_ikfast_kinematics:/root/crs_ws_fanuc/install/crs_robot_comms:/root/crs_ws_fanuc/install/ur_dashboard_msgs:/root/crs_ws_fanuc/install/trajopt_sqp:/root/crs_ws_fanuc/install/trajopt_ifopt:/root/crs_ws_fanuc/install/tesseract_monitoring:/root/crs_ws_fanuc/install/tesseract_rosutils:/root/crs_ws_fanuc/install/tesseract_process_planners:/root/crs_ws_fanuc/install/tesseract_motion_planners:/root/crs_ws_fanuc/install/trajopt:/root/crs_ws_fanuc/install/trajopt_sco:/root/crs_ws_fanuc/install/trajopt_utils:/root/crs_ws_fanuc/install/tesseract_visualization:/root/crs_ws_fanuc/install/tesseract:/root/crs_ws_fanuc/install/tesseract_urdf:/root/crs_ws_fanuc/install/tesseract_plugins:/root/crs_ws_fanuc/install/tesseract_environment:/root/crs_ws_fanuc/install/tesseract_collision:/root/crs_ws_fanuc/install/tesseract_support:/root/crs_ws_fanuc/install/tesseract_kinematics:/root/crs_ws_fanuc/install/tesseract_scene_graph:/root/crs_ws_fanuc/install/tesseract_msgs:/root/crs_ws_fanuc/install/tesseract_geometry:/root/crs_ws_fanuc/install/tesseract_common:/root/crs_ws_fanuc/install/rclcpp_scxml_demos:/root/crs_ws_fanuc/install/scxml_core:/root/crs_ws_fanuc/install/region_detection_rclcpp:/root/crs_ws_fanuc/install/region_detection_msgs:/root/crs_ws_fanuc/install/region_detection_core:/root/crs_ws_fanuc/install/osqp_eigen:/root/crs_ws_fanuc/install/osqp:/root/crs_ws_fanuc/install/descartes_opw:/root/crs_ws_fanuc/install/opw_kinematics:/root/crs_ws_fanuc/install/octomap_msgs:/root/crs_ws_fanuc/install/fcl:/root/crs_ws_fanuc/install/libccd:/root/crs_ws_fanuc/install/iterative_spline_parameterization:/root/crs_ws_fanuc/install/ifopt:/root/crs_ws_fanuc/install/gtest:/root/crs_ws_fanuc/install/descartes_samplers:/root/crs_ws_fanuc/install/descartes_ikfast:/root/crs_ws_fanuc/install/descartes_light:/root/crs_ws_fanuc/install/crs_toolpath_gen:/root/crs_ws_fanuc/install/crs_support:/root/crs_ws_fanuc/install/crs_process_data:/root/crs_ws_fanuc/install/crs_perception:/root/crs_ws_fanuc/install/crs_area_selection:/root/crs_ws_fanuc/install/crs_msgs:/root/crs_ws_fanuc/install/crs_gazebo_plugins:/root/crs_ws_fanuc/install/bullet3:/opt/qt513/lib/cmake LD_LIBRARY_PATH=/root/crs_ws_fanuc/install/cartesian_trajectory_msgs/lib:/opt/ros/melodic/lib:/root/crs_ws_fanuc/install/vhacd/lib:/root/crs_ws_fanuc/install/crs_gui/lib:/root/crs_ws_fanuc/install/crs_application/lib:/root/crs_ws_fanuc/install/crs_motion_planning/lib:/root/crs_ws_fanuc/install/ur_ikfast_kinematics/lib:/root/crs_ws_fanuc/install/ur_dashboard_msgs/lib:/root/crs_ws_fanuc/install/trajopt_sqp/lib:/root/crs_ws_fanuc/install/trajopt_ifopt/lib:/root/crs_ws_fanuc/install/tesseract_monitoring/lib:/root/crs_ws_fanuc/install/tesseract_process_planners/lib:/root/crs_ws_fanuc/install/tesseract_motion_planners/lib:/root/crs_ws_fanuc/install/trajopt/lib:/root/crs_ws_fanuc/install/trajopt_sco/lib:/root/crs_ws_fanuc/install/trajopt_utils/lib:/root/crs_ws_fanuc/install/tesseract/lib:/root/crs_ws_fanuc/install/tesseract_urdf/lib:/root/crs_ws_fanuc/install/tesseract_plugins/lib:/root/crs_ws_fanuc/install/tesseract_environment/lib:/root/crs_ws_fanuc/install/tesseract_collision/lib:/root/crs_ws_fanuc/install/tesseract_kinematics/lib:/root/crs_ws_fanuc/install/tesseract_scene_graph/lib:/root/crs_ws_fanuc/install/tesseract_msgs/lib:/root/crs_ws_fanuc/install/scxml_core/lib:/root/crs_ws_fanuc/install/region_detection_msgs/lib:/root/crs_ws_fanuc/install/region_detection_core/lib:/root/crs_ws_fanuc/install/osqp_eigen/lib:/root/crs_ws_fanuc/install/osqp/lib:/root/crs_ws_fanuc/install/descartes_opw/lib:/root/crs_ws_fanuc/install/octomap_msgs/lib:/root/crs_ws_fanuc/install/fcl/lib:/root/crs_ws_fanuc/install/libccd/lib:/root/crs_ws_fanuc/install/ifopt/lib:/root/crs_ws_fanuc/install/gtest/lib:/root/crs_ws_fanuc/install/descartes_samplers/lib:/root/crs_ws_fanuc/install/descartes_light/lib:/root/crs_ws_fanuc/install/crs_perception/lib:/root/crs_ws_fanuc/install/crs_area_selection/lib:/root/crs_ws_fanuc/install/crs_msgs/lib:/root/crs_ws_fanuc/install/crs_gazebo_plugins/lib:/root/crs_ws_fanuc/install/bullet3/lib:/opt/qt513/plugins:/opt/qt513/lib:/usr/lib/x86_64-linux-gnu/gazebo-9/plugins:/opt/ros/eloquent/opt/yaml_cpp_vendor/lib:/opt/ros/eloquent/opt/rviz_ogre_vendor/lib:/opt/ros/eloquent/lib/x86_64-linux-gnu:/opt/ros/eloquent/lib PYTHONPATH=/root/crs_ws_fanuc/install/cartesian_trajectory_msgs/lib/python3.6/site-packages:/opt/ros/melodic/lib/python2.7/dist-packages:/root/crs_ws_fanuc/install/ur_dashboard_msgs/lib/python3.6/site-packages:/root/crs_ws_fanuc/install/tesseract_msgs/lib/python3.6/site-packages:/root/crs_ws_fanuc/install/region_detection_msgs/lib/python3.6/site-packages:/root/crs_ws_fanuc/install/octomap_msgs/lib/python3.6/site-packages:/root/crs_ws_fanuc/install/crs_utils_py/lib/python3.6/site-packages:/root/crs_ws_fanuc/install/crs_msgs/lib/python3.6/site-packages:/opt/ros/eloquent/lib/python3.6/site-packages /usr/bin/cmake /root/crs_ws_fanuc/src/collaborative-robotic-sanding/crs_msgs -DAMENT_CMAKE_SYMLINK_INSTALL=1 -DCMAKE_INSTALL_PREFIX=/root/crs_ws_fanuc/install/crs_msgs
[0.143s] -- The C compiler identification is GNU 7.5.0
[0.245s] -- The CXX compiler identification is GNU 7.5.0
[0.252s] -- Check for working C compiler: /usr/bin/cc
[0.411s] -- Check for working C compiler: /usr/bin/cc -- works
[0.412s] -- Detecting C compiler ABI info
[0.566s] -- Detecting C compiler ABI info - done
[0.577s] -- Detecting C compile features
[0.988s] -- Detecting C compile features - done
[0.992s] -- Check for working CXX compiler: /usr/bin/c++
[1.241s] -- Check for working CXX compiler: /usr/bin/c++ -- works
[1.243s] -- Detecting CXX compiler ABI info
[1.471s] -- Detecting CXX compiler ABI info - done
[1.479s] -- Detecting CXX compile features
[2.337s] -- Detecting CXX compile features - done
[2.341s] -- Found ament_cmake: 0.8.3 (/opt/ros/eloquent/share/ament_cmake/cmake)
[2.414s] -- Found PythonInterp: /usr/bin/python3 (found suitable version "3.6.9", minimum required is "3") 
[2.415s] -- Using PYTHON_EXECUTABLE: /usr/bin/python3
[2.715s] -- Override CMake install command with custom implementation using symlinks instead of copying resources
[2.772s] -- Found rosidl_default_generators: 0.8.0 (/opt/ros/eloquent/share/rosidl_default_generators/cmake)
[3.174s] -- Found OpenSSL: /usr/lib/x86_64-linux-gnu/libcrypto.so (found version "1.1.1") 
[3.226s] -- Found FastRTPS: /opt/ros/eloquent/include  
[3.255s] -- Found rosidl_adapter: 0.8.3 (/opt/ros/eloquent/share/rosidl_adapter/cmake)
[3.455s] -- Found builtin_interfaces: 0.8.0 (/opt/ros/eloquent/share/builtin_interfaces/cmake)
[3.471s] -- Found sensor_msgs: 0.8.1 (/opt/ros/eloquent/share/sensor_msgs/cmake)
[3.523s] -- Found trajectory_msgs: 0.8.1 (/opt/ros/eloquent/share/trajectory_msgs/cmake)
[3.541s] -- Found cartesian_trajectory_msgs: 0.0.0 (/root/crs_ws_fanuc/install/cartesian_trajectory_msgs/share/cartesian_trajectory_msgs/cmake)
[3.809s] -- Found PythonInterp: /usr/bin/python3 (found version "3.6.9") 
[5.071s] -- Using single matching rosidl_typesupport_c: rosidl_typesupport_fastrtps_c
[5.369s] -- Using single matching rosidl_typesupport_cpp: rosidl_typesupport_fastrtps_cpp
[7.788s] -- Found rmw_implementation_cmake: 0.8.1 (/opt/ros/eloquent/share/rmw_implementation_cmake/cmake)
[8.056s] -- Found PythonInterp: /usr/bin/python3 (found suitable version "3.6.9", minimum required is "3.5") 
[8.059s] -- Found python_cmake_module: 0.8.0 (/opt/ros/eloquent/share/python_cmake_module/cmake)
[8.357s] -- Found PythonLibs: /usr/lib/x86_64-linux-gnu/libpython3.6m.so (found suitable version "3.6.9", minimum required is "3.5") 
[8.357s] -- Using PYTHON_EXECUTABLE: /usr/bin/python3
[8.357s] -- Using PYTHON_INCLUDE_DIRS: /usr/include/python3.6m
[8.357s] -- Using PYTHON_LIBRARIES: /usr/lib/x86_64-linux-gnu/libpython3.6m.so
[8.516s] -- Found PythonExtra: .so  
[9.976s] -- Found ament_lint_auto: 0.8.2 (/opt/ros/eloquent/share/ament_lint_auto/cmake)
[10.116s] -- Added test 'copyright' to check for copyright in CMake / C / C++ / Python code
[10.152s] -- Added test 'cppcheck' to perform static code analysis on C / C++ code
[10.161s] -- Configured cppcheck include dirs: 
[10.190s] -- Added test 'cpplint' to check C / C++ code against the Google style
[10.196s] -- Added test 'flake8' to check Python code syntax and style conventions
[10.205s] -- Added test 'lint_cmake' to check CMake code style
[10.212s] -- Added test 'pep257' to check Python code against some of the style conventions in PEP 257
[10.239s] -- Added test 'uncrustify' to check C / C++ code style
[10.245s] -- Added test 'xmllint' to check XML markup files
[10.272s] -- Configuring done
[11.917s] -- Generating done
[11.934s] -- Build files have been written to: /root/crs_ws_fanuc/build/crs_msgs
[11.990s] Invoked command in '/root/crs_ws_fanuc/build/crs_msgs' returned '0': CMAKE_PREFIX_PATH=/root/crs_ws_fanuc/install/cartesian_trajectory_msgs:/root/crs_ws_fanuc/install/crs_utils_py:/opt/ros/eloquent:/opt/ros/melodic:/root/crs_ws_fanuc/install/trajopt_tools:/root/crs_ws_fanuc/install/vhacd:/root/crs_ws_fanuc/install/crs_gui:/root/crs_ws_fanuc/install/crs_application:/root/crs_ws_fanuc/install/crs_motion_planning:/root/crs_ws_fanuc/install/ur_ikfast_kinematics:/root/crs_ws_fanuc/install/crs_robot_comms:/root/crs_ws_fanuc/install/ur_dashboard_msgs:/root/crs_ws_fanuc/install/trajopt_sqp:/root/crs_ws_fanuc/install/trajopt_ifopt:/root/crs_ws_fanuc/install/tesseract_monitoring:/root/crs_ws_fanuc/install/tesseract_rosutils:/root/crs_ws_fanuc/install/tesseract_process_planners:/root/crs_ws_fanuc/install/tesseract_motion_planners:/root/crs_ws_fanuc/install/trajopt:/root/crs_ws_fanuc/install/trajopt_sco:/root/crs_ws_fanuc/install/trajopt_utils:/root/crs_ws_fanuc/install/tesseract_visualization:/root/crs_ws_fanuc/install/tesseract:/root/crs_ws_fanuc/install/tesseract_urdf:/root/crs_ws_fanuc/install/tesseract_plugins:/root/crs_ws_fanuc/install/tesseract_environment:/root/crs_ws_fanuc/install/tesseract_collision:/root/crs_ws_fanuc/install/tesseract_support:/root/crs_ws_fanuc/install/tesseract_kinematics:/root/crs_ws_fanuc/install/tesseract_scene_graph:/root/crs_ws_fanuc/install/tesseract_msgs:/root/crs_ws_fanuc/install/tesseract_geometry:/root/crs_ws_fanuc/install/tesseract_common:/root/crs_ws_fanuc/install/rclcpp_scxml_demos:/root/crs_ws_fanuc/install/scxml_core:/root/crs_ws_fanuc/install/region_detection_rclcpp:/root/crs_ws_fanuc/install/region_detection_msgs:/root/crs_ws_fanuc/install/region_detection_core:/root/crs_ws_fanuc/install/osqp_eigen:/root/crs_ws_fanuc/install/osqp:/root/crs_ws_fanuc/install/descartes_opw:/root/crs_ws_fanuc/install/opw_kinematics:/root/crs_ws_fanuc/install/octomap_msgs:/root/crs_ws_fanuc/install/fcl:/root/crs_ws_fanuc/install/libccd:/root/crs_ws_fanuc/install/iterative_spline_parameterization:/root/crs_ws_fanuc/install/ifopt:/root/crs_ws_fanuc/install/gtest:/root/crs_ws_fanuc/install/descartes_samplers:/root/crs_ws_fanuc/install/descartes_ikfast:/root/crs_ws_fanuc/install/descartes_light:/root/crs_ws_fanuc/install/crs_toolpath_gen:/root/crs_ws_fanuc/install/crs_support:/root/crs_ws_fanuc/install/crs_process_data:/root/crs_ws_fanuc/install/crs_perception:/root/crs_ws_fanuc/install/crs_area_selection:/root/crs_ws_fanuc/install/crs_msgs:/root/crs_ws_fanuc/install/crs_gazebo_plugins:/root/crs_ws_fanuc/install/bullet3:/opt/qt513/lib/cmake LD_LIBRARY_PATH=/root/crs_ws_fanuc/install/cartesian_trajectory_msgs/lib:/opt/ros/melodic/lib:/root/crs_ws_fanuc/install/vhacd/lib:/root/crs_ws_fanuc/install/crs_gui/lib:/root/crs_ws_fanuc/install/crs_application/lib:/root/crs_ws_fanuc/install/crs_motion_planning/lib:/root/crs_ws_fanuc/install/ur_ikfast_kinematics/lib:/root/crs_ws_fanuc/install/ur_dashboard_msgs/lib:/root/crs_ws_fanuc/install/trajopt_sqp/lib:/root/crs_ws_fanuc/install/trajopt_ifopt/lib:/root/crs_ws_fanuc/install/tesseract_monitoring/lib:/root/crs_ws_fanuc/install/tesseract_process_planners/lib:/root/crs_ws_fanuc/install/tesseract_motion_planners/lib:/root/crs_ws_fanuc/install/trajopt/lib:/root/crs_ws_fanuc/install/trajopt_sco/lib:/root/crs_ws_fanuc/install/trajopt_utils/lib:/root/crs_ws_fanuc/install/tesseract/lib:/root/crs_ws_fanuc/install/tesseract_urdf/lib:/root/crs_ws_fanuc/install/tesseract_plugins/lib:/root/crs_ws_fanuc/install/tesseract_environment/lib:/root/crs_ws_fanuc/install/tesseract_collision/lib:/root/crs_ws_fanuc/install/tesseract_kinematics/lib:/root/crs_ws_fanuc/install/tesseract_scene_graph/lib:/root/crs_ws_fanuc/install/tesseract_msgs/lib:/root/crs_ws_fanuc/install/scxml_core/lib:/root/crs_ws_fanuc/install/region_detection_msgs/lib:/root/crs_ws_fanuc/install/region_detection_core/lib:/root/crs_ws_fanuc/install/osqp_eigen/lib:/root/crs_ws_fanuc/install/osqp/lib:/root/crs_ws_fanuc/install/descartes_opw/lib:/root/crs_ws_fanuc/install/octomap_msgs/lib:/root/crs_ws_fanuc/install/fcl/lib:/root/crs_ws_fanuc/install/libccd/lib:/root/crs_ws_fanuc/install/ifopt/lib:/root/crs_ws_fanuc/install/gtest/lib:/root/crs_ws_fanuc/install/descartes_samplers/lib:/root/crs_ws_fanuc/install/descartes_light/lib:/root/crs_ws_fanuc/install/crs_perception/lib:/root/crs_ws_fanuc/install/crs_area_selection/lib:/root/crs_ws_fanuc/install/crs_msgs/lib:/root/crs_ws_fanuc/install/crs_gazebo_plugins/lib:/root/crs_ws_fanuc/install/bullet3/lib:/opt/qt513/plugins:/opt/qt513/lib:/usr/lib/x86_64-linux-gnu/gazebo-9/plugins:/opt/ros/eloquent/opt/yaml_cpp_vendor/lib:/opt/ros/eloquent/opt/rviz_ogre_vendor/lib:/opt/ros/eloquent/lib/x86_64-linux-gnu:/opt/ros/eloquent/lib PYTHONPATH=/root/crs_ws_fanuc/install/cartesian_trajectory_msgs/lib/python3.6/site-packages:/opt/ros/melodic/lib/python2.7/dist-packages:/root/crs_ws_fanuc/install/ur_dashboard_msgs/lib/python3.6/site-packages:/root/crs_ws_fanuc/install/tesseract_msgs/lib/python3.6/site-packages:/root/crs_ws_fanuc/install/region_detection_msgs/lib/python3.6/site-packages:/root/crs_ws_fanuc/install/octomap_msgs/lib/python3.6/site-packages:/root/crs_ws_fanuc/install/crs_utils_py/lib/python3.6/site-packages:/root/crs_ws_fanuc/install/crs_msgs/lib/python3.6/site-packages:/opt/ros/eloquent/lib/python3.6/site-packages /usr/bin/cmake /root/crs_ws_fanuc/src/collaborative-robotic-sanding/crs_msgs -DAMENT_CMAKE_SYMLINK_INSTALL=1 -DCMAKE_INSTALL_PREFIX=/root/crs_ws_fanuc/install/crs_msgs
[11.993s] Invoking command in '/root/crs_ws_fanuc/build/crs_msgs': CMAKE_PREFIX_PATH=/root/crs_ws_fanuc/install/cartesian_trajectory_msgs:/root/crs_ws_fanuc/install/crs_utils_py:/opt/ros/eloquent:/opt/ros/melodic:/root/crs_ws_fanuc/install/trajopt_tools:/root/crs_ws_fanuc/install/vhacd:/root/crs_ws_fanuc/install/crs_gui:/root/crs_ws_fanuc/install/crs_application:/root/crs_ws_fanuc/install/crs_motion_planning:/root/crs_ws_fanuc/install/ur_ikfast_kinematics:/root/crs_ws_fanuc/install/crs_robot_comms:/root/crs_ws_fanuc/install/ur_dashboard_msgs:/root/crs_ws_fanuc/install/trajopt_sqp:/root/crs_ws_fanuc/install/trajopt_ifopt:/root/crs_ws_fanuc/install/tesseract_monitoring:/root/crs_ws_fanuc/install/tesseract_rosutils:/root/crs_ws_fanuc/install/tesseract_process_planners:/root/crs_ws_fanuc/install/tesseract_motion_planners:/root/crs_ws_fanuc/install/trajopt:/root/crs_ws_fanuc/install/trajopt_sco:/root/crs_ws_fanuc/install/trajopt_utils:/root/crs_ws_fanuc/install/tesseract_visualization:/root/crs_ws_fanuc/install/tesseract:/root/crs_ws_fanuc/install/tesseract_urdf:/root/crs_ws_fanuc/install/tesseract_plugins:/root/crs_ws_fanuc/install/tesseract_environment:/root/crs_ws_fanuc/install/tesseract_collision:/root/crs_ws_fanuc/install/tesseract_support:/root/crs_ws_fanuc/install/tesseract_kinematics:/root/crs_ws_fanuc/install/tesseract_scene_graph:/root/crs_ws_fanuc/install/tesseract_msgs:/root/crs_ws_fanuc/install/tesseract_geometry:/root/crs_ws_fanuc/install/tesseract_common:/root/crs_ws_fanuc/install/rclcpp_scxml_demos:/root/crs_ws_fanuc/install/scxml_core:/root/crs_ws_fanuc/install/region_detection_rclcpp:/root/crs_ws_fanuc/install/region_detection_msgs:/root/crs_ws_fanuc/install/region_detection_core:/root/crs_ws_fanuc/install/osqp_eigen:/root/crs_ws_fanuc/install/osqp:/root/crs_ws_fanuc/install/descartes_opw:/root/crs_ws_fanuc/install/opw_kinematics:/root/crs_ws_fanuc/install/octomap_msgs:/root/crs_ws_fanuc/install/fcl:/root/crs_ws_fanuc/install/libccd:/root/crs_ws_fanuc/install/iterative_spline_parameterization:/root/crs_ws_fanuc/install/ifopt:/root/crs_ws_fanuc/install/gtest:/root/crs_ws_fanuc/install/descartes_samplers:/root/crs_ws_fanuc/install/descartes_ikfast:/root/crs_ws_fanuc/install/descartes_light:/root/crs_ws_fanuc/install/crs_toolpath_gen:/root/crs_ws_fanuc/install/crs_support:/root/crs_ws_fanuc/install/crs_process_data:/root/crs_ws_fanuc/install/crs_perception:/root/crs_ws_fanuc/install/crs_area_selection:/root/crs_ws_fanuc/install/crs_msgs:/root/crs_ws_fanuc/install/crs_gazebo_plugins:/root/crs_ws_fanuc/install/bullet3:/opt/qt513/lib/cmake LD_LIBRARY_PATH=/root/crs_ws_fanuc/install/cartesian_trajectory_msgs/lib:/opt/ros/melodic/lib:/root/crs_ws_fanuc/install/vhacd/lib:/root/crs_ws_fanuc/install/crs_gui/lib:/root/crs_ws_fanuc/install/crs_application/lib:/root/crs_ws_fanuc/install/crs_motion_planning/lib:/root/crs_ws_fanuc/install/ur_ikfast_kinematics/lib:/root/crs_ws_fanuc/install/ur_dashboard_msgs/lib:/root/crs_ws_fanuc/install/trajopt_sqp/lib:/root/crs_ws_fanuc/install/trajopt_ifopt/lib:/root/crs_ws_fanuc/install/tesseract_monitoring/lib:/root/crs_ws_fanuc/install/tesseract_process_planners/lib:/root/crs_ws_fanuc/install/tesseract_motion_planners/lib:/root/crs_ws_fanuc/install/trajopt/lib:/root/crs_ws_fanuc/install/trajopt_sco/lib:/root/crs_ws_fanuc/install/trajopt_utils/lib:/root/crs_ws_fanuc/install/tesseract/lib:/root/crs_ws_fanuc/install/tesseract_urdf/lib:/root/crs_ws_fanuc/install/tesseract_plugins/lib:/root/crs_ws_fanuc/install/tesseract_environment/lib:/root/crs_ws_fanuc/install/tesseract_collision/lib:/root/crs_ws_fanuc/install/tesseract_kinematics/lib:/root/crs_ws_fanuc/install/tesseract_scene_graph/lib:/root/crs_ws_fanuc/install/tesseract_msgs/lib:/root/crs_ws_fanuc/install/scxml_core/lib:/root/crs_ws_fanuc/install/region_detection_msgs/lib:/root/crs_ws_fanuc/install/region_detection_core/lib:/root/crs_ws_fanuc/install/osqp_eigen/lib:/root/crs_ws_fanuc/install/osqp/lib:/root/crs_ws_fanuc/install/descartes_opw/lib:/root/crs_ws_fanuc/install/octomap_msgs/lib:/root/crs_ws_fanuc/install/fcl/lib:/root/crs_ws_fanuc/install/libccd/lib:/root/crs_ws_fanuc/install/ifopt/lib:/root/crs_ws_fanuc/install/gtest/lib:/root/crs_ws_fanuc/install/descartes_samplers/lib:/root/crs_ws_fanuc/install/descartes_light/lib:/root/crs_ws_fanuc/install/crs_perception/lib:/root/crs_ws_fanuc/install/crs_area_selection/lib:/root/crs_ws_fanuc/install/crs_msgs/lib:/root/crs_ws_fanuc/install/crs_gazebo_plugins/lib:/root/crs_ws_fanuc/install/bullet3/lib:/opt/qt513/plugins:/opt/qt513/lib:/usr/lib/x86_64-linux-gnu/gazebo-9/plugins:/opt/ros/eloquent/opt/yaml_cpp_vendor/lib:/opt/ros/eloquent/opt/rviz_ogre_vendor/lib:/opt/ros/eloquent/lib/x86_64-linux-gnu:/opt/ros/eloquent/lib PYTHONPATH=/root/crs_ws_fanuc/install/cartesian_trajectory_msgs/lib/python3.6/site-packages:/opt/ros/melodic/lib/python2.7/dist-packages:/root/crs_ws_fanuc/install/ur_dashboard_msgs/lib/python3.6/site-packages:/root/crs_ws_fanuc/install/tesseract_msgs/lib/python3.6/site-packages:/root/crs_ws_fanuc/install/region_detection_msgs/lib/python3.6/site-packages:/root/crs_ws_fanuc/install/octomap_msgs/lib/python3.6/site-packages:/root/crs_ws_fanuc/install/crs_utils_py/lib/python3.6/site-packages:/root/crs_ws_fanuc/install/crs_msgs/lib/python3.6/site-packages:/opt/ros/eloquent/lib/python3.6/site-packages /usr/bin/cmake --build /root/crs_ws_fanuc/build/crs_msgs -- -j8 -l8
[12.427s] [35m[1mScanning dependencies of target crs_msgs__cpp[0m
[12.556s] [  0%] [34m[1mGenerating C++ code for ROS interfaces[0m
[21.118s] [  0%] Built target crs_msgs__cpp
[21.297s] [  1%] [34m[1mGenerating C code for ROS interfaces[0m
[30.246s] [35m[1mScanning dependencies of target crs_msgs__rosidl_generator_c[0m
[30.308s] [  2%] [32mBuilding C object CMakeFiles/crs_msgs__rosidl_generator_c.dir/rosidl_generator_c/crs_msgs/msg/process_configuration__functions.c.o[0m
[30.449s] [  3%] [32mBuilding C object CMakeFiles/crs_msgs__rosidl_generator_c.dir/rosidl_generator_c/crs_msgs/srv/load_part__functions.c.o[0m
[30.541s] [  3%] [32mBuilding C object CMakeFiles/crs_msgs__rosidl_generator_c.dir/rosidl_generator_c/crs_msgs/srv/localize_to_part__functions.c.o[0m
[30.671s] [  4%] [32mBuilding C object CMakeFiles/crs_msgs__rosidl_generator_c.dir/rosidl_generator_c/crs_msgs/srv/execute_action__functions.c.o[0m
[30.814s] [  5%] [32mBuilding C object CMakeFiles/crs_msgs__rosidl_generator_c.dir/rosidl_generator_c/crs_msgs/srv/get_available_actions__functions.c.o[0m
[30.937s] [  6%] [32mBuilding C object CMakeFiles/crs_msgs__rosidl_generator_c.dir/rosidl_generator_c/crs_msgs/srv/plan_process_motions__functions.c.o[0m
[31.078s] [  6%] [32mBuilding C object CMakeFiles/crs_msgs__rosidl_generator_c.dir/rosidl_generator_c/crs_msgs/srv/get_configuration__functions.c.o[0m
[31.255s] [  7%] [32mBuilding C object CMakeFiles/crs_msgs__rosidl_generator_c.dir/rosidl_generator_c/crs_msgs/srv/robot_positioner__functions.c.o[0m
[31.432s] [  8%] [32mBuilding C object CMakeFiles/crs_msgs__rosidl_generator_c.dir/rosidl_generator_c/crs_msgs/srv/crop_toolpaths__functions.c.o[0m
[31.636s] [  9%] [32mBuilding C object CMakeFiles/crs_msgs__rosidl_generator_c.dir/rosidl_generator_c/crs_msgs/srv/run_robot_script__functions.c.o[0m
[31.926s] [ 10%] [32mBuilding C object CMakeFiles/crs_msgs__rosidl_generator_c.dir/rosidl_generator_c/crs_msgs/srv/get_roi_selection__functions.c.o[0m
[32.117s] [ 11%] [32mBuilding C object CMakeFiles/crs_msgs__rosidl_generator_c.dir/rosidl_generator_c/crs_msgs/srv/call_freespace_motion__functions.c.o[0m
[32.309s] [ 11%] [32mBuilding C object CMakeFiles/crs_msgs__rosidl_generator_c.dir/rosidl_generator_c/crs_msgs/msg/tool_process_path__functions.c.o[0m
[32.466s] [ 12%] [32mBuilding C object CMakeFiles/crs_msgs__rosidl_generator_c.dir/rosidl_generator_c/crs_msgs/msg/process_motion_plan__functions.c.o[0m
[32.576s] [ 12%] [32m[1mLinking C shared library libcrs_msgs__rosidl_generator_c.so[0m
[32.812s] [ 12%] Built target crs_msgs__rosidl_generator_c
[32.941s] [ 13%] [34m[1mGenerating C++ introspection for ROS interfaces[0m
[37.187s] [35m[1mScanning dependencies of target crs_msgs__rosidl_typesupport_introspection_cpp[0m
[37.270s] [ 14%] [32mBuilding CXX object CMakeFiles/crs_msgs__rosidl_typesupport_introspection_cpp.dir/rosidl_typesupport_introspection_cpp/crs_msgs/msg/process_configuration__type_support.cpp.o[0m
[37.753s] [ 15%] [32mBuilding CXX object CMakeFiles/crs_msgs__rosidl_typesupport_introspection_cpp.dir/rosidl_typesupport_introspection_cpp/crs_msgs/srv/load_part__type_support.cpp.o[0m
[38.254s] [ 15%] [32mBuilding CXX object CMakeFiles/crs_msgs__rosidl_typesupport_introspection_cpp.dir/rosidl_typesupport_introspection_cpp/crs_msgs/srv/localize_to_part__type_support.cpp.o[0m
[39.101s] [ 16%] [32mBuilding CXX object CMakeFiles/crs_msgs__rosidl_typesupport_introspection_cpp.dir/rosidl_typesupport_introspection_cpp/crs_msgs/srv/execute_action__type_support.cpp.o[0m
[39.646s] [ 17%] [32mBuilding CXX object CMakeFiles/crs_msgs__rosidl_typesupport_introspection_cpp.dir/rosidl_typesupport_introspection_cpp/crs_msgs/srv/get_available_actions__type_support.cpp.o[0m
[40.283s] [ 18%] [32mBuilding CXX object CMakeFiles/crs_msgs__rosidl_typesupport_introspection_cpp.dir/rosidl_typesupport_introspection_cpp/crs_msgs/srv/plan_process_motions__type_support.cpp.o[0m
[41.179s] [ 18%] [32mBuilding CXX object CMakeFiles/crs_msgs__rosidl_typesupport_introspection_cpp.dir/rosidl_typesupport_introspection_cpp/crs_msgs/srv/get_configuration__type_support.cpp.o[0m
[41.688s] [ 19%] [32mBuilding CXX object CMakeFiles/crs_msgs__rosidl_typesupport_introspection_cpp.dir/rosidl_typesupport_introspection_cpp/crs_msgs/srv/robot_positioner__type_support.cpp.o[0m
[42.223s] [ 20%] [32mBuilding CXX object CMakeFiles/crs_msgs__rosidl_typesupport_introspection_cpp.dir/rosidl_typesupport_introspection_cpp/crs_msgs/srv/crop_toolpaths__type_support.cpp.o[0m
[43.263s] [ 21%] [32mBuilding CXX object CMakeFiles/crs_msgs__rosidl_typesupport_introspection_cpp.dir/rosidl_typesupport_introspection_cpp/crs_msgs/srv/run_robot_script__type_support.cpp.o[0m
[43.708s] [ 22%] [32mBuilding CXX object CMakeFiles/crs_msgs__rosidl_typesupport_introspection_cpp.dir/rosidl_typesupport_introspection_cpp/crs_msgs/srv/get_roi_selection__type_support.cpp.o[0m
[44.247s] [ 23%] [32mBuilding CXX object CMakeFiles/crs_msgs__rosidl_typesupport_introspection_cpp.dir/rosidl_typesupport_introspection_cpp/crs_msgs/srv/call_freespace_motion__type_support.cpp.o[0m
[44.763s] [ 23%] [32mBuilding CXX object CMakeFiles/crs_msgs__rosidl_typesupport_introspection_cpp.dir/rosidl_typesupport_introspection_cpp/crs_msgs/msg/tool_process_path__type_support.cpp.o[0m
[45.275s] [ 24%] [32mBuilding CXX object CMakeFiles/crs_msgs__rosidl_typesupport_introspection_cpp.dir/rosidl_typesupport_introspection_cpp/crs_msgs/msg/process_motion_plan__type_support.cpp.o[0m
[45.937s] [ 25%] [32m[1mLinking CXX shared library libcrs_msgs__rosidl_typesupport_introspection_cpp.so[0m
[46.282s] [ 25%] Built target crs_msgs__rosidl_typesupport_introspection_cpp
[46.326s] [ 26%] [34m[1mGenerating C introspection for ROS interfaces[0m
[50.422s] [35m[1mScanning dependencies of target crs_msgs__rosidl_typesupport_introspection_c[0m
[50.499s] [ 27%] [32mBuilding C object CMakeFiles/crs_msgs__rosidl_typesupport_introspection_c.dir/rosidl_typesupport_introspection_c/crs_msgs/msg/process_configuration__type_support.c.o[0m
[50.573s] [ 27%] [32mBuilding C object CMakeFiles/crs_msgs__rosidl_typesupport_introspection_c.dir/rosidl_typesupport_introspection_c/crs_msgs/srv/localize_to_part__type_support.c.o[0m
[50.663s] [ 28%] [32mBuilding C object CMakeFiles/crs_msgs__rosidl_typesupport_introspection_c.dir/rosidl_typesupport_introspection_c/crs_msgs/srv/execute_action__type_support.c.o[0m
[50.743s] [ 29%] [32mBuilding C object CMakeFiles/crs_msgs__rosidl_typesupport_introspection_c.dir/rosidl_typesupport_introspection_c/crs_msgs/srv/get_available_actions__type_support.c.o[0m
[50.848s] [ 30%] [32mBuilding C object CMakeFiles/crs_msgs__rosidl_typesupport_introspection_c.dir/rosidl_typesupport_introspection_c/crs_msgs/srv/plan_process_motions__type_support.c.o[0m
[50.958s] [ 30%] [32mBuilding C object CMakeFiles/crs_msgs__rosidl_typesupport_introspection_c.dir/rosidl_typesupport_introspection_c/crs_msgs/srv/get_configuration__type_support.c.o[0m
[51.050s] [ 31%] [32mBuilding C object CMakeFiles/crs_msgs__rosidl_typesupport_introspection_c.dir/rosidl_typesupport_introspection_c/crs_msgs/srv/robot_positioner__type_support.c.o[0m
[51.144s] [ 32%] [32mBuilding C object CMakeFiles/crs_msgs__rosidl_typesupport_introspection_c.dir/rosidl_typesupport_introspection_c/crs_msgs/srv/crop_toolpaths__type_support.c.o[0m
[51.246s] [ 33%] [32mBuilding C object CMakeFiles/crs_msgs__rosidl_typesupport_introspection_c.dir/rosidl_typesupport_introspection_c/crs_msgs/srv/run_robot_script__type_support.c.o[0m
[51.324s] [ 34%] [32mBuilding C object CMakeFiles/crs_msgs__rosidl_typesupport_introspection_c.dir/rosidl_typesupport_introspection_c/crs_msgs/srv/load_part__type_support.c.o[0m
[51.470s] [ 35%] [32mBuilding C object CMakeFiles/crs_msgs__rosidl_typesupport_introspection_c.dir/rosidl_typesupport_introspection_c/crs_msgs/srv/get_roi_selection__type_support.c.o[0m
[51.566s] [ 36%] [32mBuilding C object CMakeFiles/crs_msgs__rosidl_typesupport_introspection_c.dir/rosidl_typesupport_introspection_c/crs_msgs/srv/call_freespace_motion__type_support.c.o[0m
[51.675s] [ 36%] [32mBuilding C object CMakeFiles/crs_msgs__rosidl_typesupport_introspection_c.dir/rosidl_typesupport_introspection_c/crs_msgs/msg/tool_process_path__type_support.c.o[0m
[51.758s] [ 37%] [32mBuilding C object CMakeFiles/crs_msgs__rosidl_typesupport_introspection_c.dir/rosidl_typesupport_introspection_c/crs_msgs/msg/process_motion_plan__type_support.c.o[0m
[51.844s] [ 37%] [32m[1mLinking C shared library libcrs_msgs__rosidl_typesupport_introspection_c.so[0m
[51.989s] [ 37%] Built target crs_msgs__rosidl_typesupport_introspection_c
[52.042s] [ 38%] [34m[1mGenerating C++ type support for eProsima Fast-RTPS[0m
[55.999s] [35m[1mScanning dependencies of target crs_msgs__rosidl_typesupport_fastrtps_cpp[0m
[56.084s] [ 39%] [32mBuilding CXX object CMakeFiles/crs_msgs__rosidl_typesupport_fastrtps_cpp.dir/rosidl_typesupport_fastrtps_cpp/crs_msgs/msg/dds_fastrtps/process_configuration__type_support.cpp.o[0m
[56.701s] [ 40%] [32mBuilding CXX object CMakeFiles/crs_msgs__rosidl_typesupport_fastrtps_cpp.dir/rosidl_typesupport_fastrtps_cpp/crs_msgs/srv/dds_fastrtps/execute_action__type_support.cpp.o[0m
[57.334s] [ 41%] [32mBuilding CXX object CMakeFiles/crs_msgs__rosidl_typesupport_fastrtps_cpp.dir/rosidl_typesupport_fastrtps_cpp/crs_msgs/srv/dds_fastrtps/get_available_actions__type_support.cpp.o[0m
[58.094s] [ 42%] [32mBuilding CXX object CMakeFiles/crs_msgs__rosidl_typesupport_fastrtps_cpp.dir/rosidl_typesupport_fastrtps_cpp/crs_msgs/srv/dds_fastrtps/plan_process_motions__type_support.cpp.o[0m
[59.167s] [ 42%] [32mBuilding CXX object CMakeFiles/crs_msgs__rosidl_typesupport_fastrtps_cpp.dir/rosidl_typesupport_fastrtps_cpp/crs_msgs/srv/dds_fastrtps/get_configuration__type_support.cpp.o[0m
[59.917s] [ 43%] [32mBuilding CXX object CMakeFiles/crs_msgs__rosidl_typesupport_fastrtps_cpp.dir/rosidl_typesupport_fastrtps_cpp/crs_msgs/srv/dds_fastrtps/robot_positioner__type_support.cpp.o[0m
[60.637s] [ 44%] [32mBuilding CXX object CMakeFiles/crs_msgs__rosidl_typesupport_fastrtps_cpp.dir/rosidl_typesupport_fastrtps_cpp/crs_msgs/srv/dds_fastrtps/crop_toolpaths__type_support.cpp.o[0m
[61.621s] [ 45%] [32mBuilding CXX object CMakeFiles/crs_msgs__rosidl_typesupport_fastrtps_cpp.dir/rosidl_typesupport_fastrtps_cpp/crs_msgs/srv/dds_fastrtps/run_robot_script__type_support.cpp.o[0m
[62.373s] [ 45%] [32mBuilding CXX object CMakeFiles/crs_msgs__rosidl_typesupport_fastrtps_cpp.dir/rosidl_typesupport_fastrtps_cpp/crs_msgs/srv/dds_fastrtps/localize_to_part__type_support.cpp.o[0m
[63.341s] [ 46%] [32mBuilding CXX object CMakeFiles/crs_msgs__rosidl_typesupport_fastrtps_cpp.dir/rosidl_typesupport_fastrtps_cpp/crs_msgs/srv/dds_fastrtps/load_part__type_support.cpp.o[0m
[64.075s] [ 47%] [32mBuilding CXX object CMakeFiles/crs_msgs__rosidl_typesupport_fastrtps_cpp.dir/rosidl_typesupport_fastrtps_cpp/crs_msgs/srv/dds_fastrtps/get_roi_selection__type_support.cpp.o[0m
[64.857s] [ 48%] [32mBuilding CXX object CMakeFiles/crs_msgs__rosidl_typesupport_fastrtps_cpp.dir/rosidl_typesupport_fastrtps_cpp/crs_msgs/srv/dds_fastrtps/call_freespace_motion__type_support.cpp.o[0m
[65.513s] [ 48%] [32mBuilding CXX object CMakeFiles/crs_msgs__rosidl_typesupport_fastrtps_cpp.dir/rosidl_typesupport_fastrtps_cpp/crs_msgs/msg/dds_fastrtps/tool_process_path__type_support.cpp.o[0m
[66.147s] [ 49%] [32mBuilding CXX object CMakeFiles/crs_msgs__rosidl_typesupport_fastrtps_cpp.dir/rosidl_typesupport_fastrtps_cpp/crs_msgs/msg/dds_fastrtps/process_motion_plan__type_support.cpp.o[0m
[66.827s] [ 49%] [32m[1mLinking CXX shared library libcrs_msgs__rosidl_typesupport_fastrtps_cpp.so[0m
[67.120s] [ 49%] Built target crs_msgs__rosidl_typesupport_fastrtps_cpp
[67.160s] [ 50%] [34m[1mGenerating C type support for eProsima Fast-RTPS[0m
[70.584s] [35m[1mScanning dependencies of target crs_msgs__rosidl_typesupport_fastrtps_c[0m
[70.659s] [ 50%] [32mBuilding CXX object CMakeFiles/crs_msgs__rosidl_typesupport_fastrtps_c.dir/rosidl_typesupport_fastrtps_c/crs_msgs/msg/process_configuration__type_support_c.cpp.o[0m
[71.052s] [ 51%] [32mBuilding CXX object CMakeFiles/crs_msgs__rosidl_typesupport_fastrtps_c.dir/rosidl_typesupport_fastrtps_c/crs_msgs/srv/localize_to_part__type_support_c.cpp.o[0m
[71.484s] [ 52%] [32mBuilding CXX object CMakeFiles/crs_msgs__rosidl_typesupport_fastrtps_c.dir/rosidl_typesupport_fastrtps_c/crs_msgs/srv/execute_action__type_support_c.cpp.o[0m
[71.888s] [ 52%] [32mBuilding CXX object CMakeFiles/crs_msgs__rosidl_typesupport_fastrtps_c.dir/rosidl_typesupport_fastrtps_c/crs_msgs/srv/get_available_actions__type_support_c.cpp.o[0m
[72.284s] [ 53%] [32mBuilding CXX object CMakeFiles/crs_msgs__rosidl_typesupport_fastrtps_c.dir/rosidl_typesupport_fastrtps_c/crs_msgs/srv/plan_process_motions__type_support_c.cpp.o[0m
[72.682s] [ 54%] [32mBuilding CXX object CMakeFiles/crs_msgs__rosidl_typesupport_fastrtps_c.dir/rosidl_typesupport_fastrtps_c/crs_msgs/srv/get_configuration__type_support_c.cpp.o[0m
[73.062s] [ 55%] [32mBuilding CXX object CMakeFiles/crs_msgs__rosidl_typesupport_fastrtps_c.dir/rosidl_typesupport_fastrtps_c/crs_msgs/srv/robot_positioner__type_support_c.cpp.o[0m
[73.442s] [ 55%] [32mBuilding CXX object CMakeFiles/crs_msgs__rosidl_typesupport_fastrtps_c.dir/rosidl_typesupport_fastrtps_c/crs_msgs/srv/crop_toolpaths__type_support_c.cpp.o[0m
[73.819s] [ 56%] [32mBuilding CXX object CMakeFiles/crs_msgs__rosidl_typesupport_fastrtps_c.dir/rosidl_typesupport_fastrtps_c/crs_msgs/srv/run_robot_script__type_support_c.cpp.o[0m
[74.161s] [ 57%] [32mBuilding CXX object CMakeFiles/crs_msgs__rosidl_typesupport_fastrtps_c.dir/rosidl_typesupport_fastrtps_c/crs_msgs/srv/load_part__type_support_c.cpp.o[0m
[74.514s] [ 57%] [32mBuilding CXX object CMakeFiles/crs_msgs__rosidl_typesupport_fastrtps_c.dir/rosidl_typesupport_fastrtps_c/crs_msgs/srv/get_roi_selection__type_support_c.cpp.o[0m
[74.861s] [ 58%] [32mBuilding CXX object CMakeFiles/crs_msgs__rosidl_typesupport_fastrtps_c.dir/rosidl_typesupport_fastrtps_c/crs_msgs/srv/call_freespace_motion__type_support_c.cpp.o[0m
[75.215s] [ 59%] [32mBuilding CXX object CMakeFiles/crs_msgs__rosidl_typesupport_fastrtps_c.dir/rosidl_typesupport_fastrtps_c/crs_msgs/msg/tool_process_path__type_support_c.cpp.o[0m
[75.576s] [ 60%] [32mBuilding CXX object CMakeFiles/crs_msgs__rosidl_typesupport_fastrtps_c.dir/rosidl_typesupport_fastrtps_c/crs_msgs/msg/process_motion_plan__type_support_c.cpp.o[0m
[75.931s] [ 61%] [32m[1mLinking CXX shared library libcrs_msgs__rosidl_typesupport_fastrtps_c.so[0m
[76.121s] [ 61%] Built target crs_msgs__rosidl_typesupport_fastrtps_c
[76.143s] [ 62%] [34m[1mGenerating C++ type support dispatch for ROS interfaces[0m
[77.775s] [35m[1mScanning dependencies of target crs_msgs__rosidl_typesupport_cpp[0m
[77.814s] [ 62%] [32mBuilding CXX object CMakeFiles/crs_msgs__rosidl_typesupport_cpp.dir/rosidl_typesupport_cpp/crs_msgs/msg/process_configuration__type_support.cpp.o[0m
[78.161s] [ 63%] [32mBuilding CXX object CMakeFiles/crs_msgs__rosidl_typesupport_cpp.dir/rosidl_typesupport_cpp/crs_msgs/srv/localize_to_part__type_support.cpp.o[0m
[78.500s] [ 64%] [32mBuilding CXX object CMakeFiles/crs_msgs__rosidl_typesupport_cpp.dir/rosidl_typesupport_cpp/crs_msgs/srv/execute_action__type_support.cpp.o[0m
[78.844s] [ 64%] [32mBuilding CXX object CMakeFiles/crs_msgs__rosidl_typesupport_cpp.dir/rosidl_typesupport_cpp/crs_msgs/srv/get_available_actions__type_support.cpp.o[0m
[79.175s] [ 65%] [32mBuilding CXX object CMakeFiles/crs_msgs__rosidl_typesupport_cpp.dir/rosidl_typesupport_cpp/crs_msgs/srv/plan_process_motions__type_support.cpp.o[0m
[79.513s] [ 66%] [32mBuilding CXX object CMakeFiles/crs_msgs__rosidl_typesupport_cpp.dir/rosidl_typesupport_cpp/crs_msgs/srv/get_configuration__type_support.cpp.o[0m
[79.844s] [ 67%] [32mBuilding CXX object CMakeFiles/crs_msgs__rosidl_typesupport_cpp.dir/rosidl_typesupport_cpp/crs_msgs/srv/robot_positioner__type_support.cpp.o[0m
[80.175s] [ 67%] [32mBuilding CXX object CMakeFiles/crs_msgs__rosidl_typesupport_cpp.dir/rosidl_typesupport_cpp/crs_msgs/srv/crop_toolpaths__type_support.cpp.o[0m
[80.520s] [ 68%] [32mBuilding CXX object CMakeFiles/crs_msgs__rosidl_typesupport_cpp.dir/rosidl_typesupport_cpp/crs_msgs/srv/run_robot_script__type_support.cpp.o[0m
[80.883s] [ 69%] [32mBuilding CXX object CMakeFiles/crs_msgs__rosidl_typesupport_cpp.dir/rosidl_typesupport_cpp/crs_msgs/srv/load_part__type_support.cpp.o[0m
[81.240s] [ 69%] [32mBuilding CXX object CMakeFiles/crs_msgs__rosidl_typesupport_cpp.dir/rosidl_typesupport_cpp/crs_msgs/srv/get_roi_selection__type_support.cpp.o[0m
[81.581s] [ 70%] [32mBuilding CXX object CMakeFiles/crs_msgs__rosidl_typesupport_cpp.dir/rosidl_typesupport_cpp/crs_msgs/srv/call_freespace_motion__type_support.cpp.o[0m
[81.913s] [ 71%] [32mBuilding CXX object CMakeFiles/crs_msgs__rosidl_typesupport_cpp.dir/rosidl_typesupport_cpp/crs_msgs/msg/tool_process_path__type_support.cpp.o[0m
[82.243s] [ 72%] [32mBuilding CXX object CMakeFiles/crs_msgs__rosidl_typesupport_cpp.dir/rosidl_typesupport_cpp/crs_msgs/msg/process_motion_plan__type_support.cpp.o[0m
[82.573s] [ 73%] [32m[1mLinking CXX shared library libcrs_msgs__rosidl_typesupport_cpp.so[0m
[82.748s] [ 73%] Built target crs_msgs__rosidl_typesupport_cpp
[82.771s] [ 74%] [34m[1mGenerating C type support dispatch for ROS interfaces[0m
[84.298s] [35m[1mScanning dependencies of target crs_msgs__rosidl_typesupport_c[0m
[84.329s] [ 75%] [32mBuilding CXX object CMakeFiles/crs_msgs__rosidl_typesupport_c.dir/rosidl_typesupport_c/crs_msgs/msg/process_configuration__type_support.cpp.o[0m
[84.373s] [ 76%] [32mBuilding CXX object CMakeFiles/crs_msgs__rosidl_typesupport_c.dir/rosidl_typesupport_c/crs_msgs/srv/execute_action__type_support.cpp.o[0m
[84.415s] [ 77%] [32mBuilding CXX object CMakeFiles/crs_msgs__rosidl_typesupport_c.dir/rosidl_typesupport_c/crs_msgs/srv/get_available_actions__type_support.cpp.o[0m
[84.459s] [ 78%] [32mBuilding CXX object CMakeFiles/crs_msgs__rosidl_typesupport_c.dir/rosidl_typesupport_c/crs_msgs/srv/plan_process_motions__type_support.cpp.o[0m
[84.504s] [ 78%] [32mBuilding CXX object CMakeFiles/crs_msgs__rosidl_typesupport_c.dir/rosidl_typesupport_c/crs_msgs/srv/get_configuration__type_support.cpp.o[0m
[84.548s] [ 79%] [32mBuilding CXX object CMakeFiles/crs_msgs__rosidl_typesupport_c.dir/rosidl_typesupport_c/crs_msgs/srv/robot_positioner__type_support.cpp.o[0m
[84.598s] [ 80%] [32mBuilding CXX object CMakeFiles/crs_msgs__rosidl_typesupport_c.dir/rosidl_typesupport_c/crs_msgs/srv/crop_toolpaths__type_support.cpp.o[0m
[84.642s] [ 81%] [32mBuilding CXX object CMakeFiles/crs_msgs__rosidl_typesupport_c.dir/rosidl_typesupport_c/crs_msgs/srv/run_robot_script__type_support.cpp.o[0m
[84.681s] [ 81%] [32mBuilding CXX object CMakeFiles/crs_msgs__rosidl_typesupport_c.dir/rosidl_typesupport_c/crs_msgs/srv/localize_to_part__type_support.cpp.o[0m
[84.721s] [ 82%] [32mBuilding CXX object CMakeFiles/crs_msgs__rosidl_typesupport_c.dir/rosidl_typesupport_c/crs_msgs/srv/load_part__type_support.cpp.o[0m
[84.764s] [ 83%] [32mBuilding CXX object CMakeFiles/crs_msgs__rosidl_typesupport_c.dir/rosidl_typesupport_c/crs_msgs/srv/get_roi_selection__type_support.cpp.o[0m
[84.809s] [ 84%] [32mBuilding CXX object CMakeFiles/crs_msgs__rosidl_typesupport_c.dir/rosidl_typesupport_c/crs_msgs/srv/call_freespace_motion__type_support.cpp.o[0m
[84.850s] [ 84%] [32mBuilding CXX object CMakeFiles/crs_msgs__rosidl_typesupport_c.dir/rosidl_typesupport_c/crs_msgs/msg/tool_process_path__type_support.cpp.o[0m
[84.888s] [ 85%] [32mBuilding CXX object CMakeFiles/crs_msgs__rosidl_typesupport_c.dir/rosidl_typesupport_c/crs_msgs/msg/process_motion_plan__type_support.cpp.o[0m
[84.936s] [ 85%] [32m[1mLinking CXX shared library libcrs_msgs__rosidl_typesupport_c.so[0m
[85.074s] [ 85%] Built target crs_msgs__rosidl_typesupport_c
[85.099s] [35m[1mScanning dependencies of target crs_msgs[0m
[85.120s] [ 85%] Built target crs_msgs
[85.143s] [35m[1mScanning dependencies of target crs_msgs__py[0m
[85.164s] [ 86%] [34m[1mGenerating Python code for ROS interfaces[0m
[89.646s] [ 86%] Built target crs_msgs__py
[89.670s] [35m[1mScanning dependencies of target crs_msgs__python[0m
[89.818s] [ 87%] [32mBuilding C object CMakeFiles/crs_msgs__python.dir/rosidl_generator_py/crs_msgs/msg/_process_configuration_s.c.o[0m
[89.903s] [ 88%] [32mBuilding C object CMakeFiles/crs_msgs__python.dir/rosidl_generator_py/crs_msgs/srv/_execute_action_s.c.o[0m
[90.018s] [ 89%] [32mBuilding C object CMakeFiles/crs_msgs__python.dir/rosidl_generator_py/crs_msgs/srv/_get_available_actions_s.c.o[0m
[90.116s] [ 90%] [32mBuilding C object CMakeFiles/crs_msgs__python.dir/rosidl_generator_py/crs_msgs/srv/_plan_process_motions_s.c.o[0m
[90.235s] [ 90%] [32mBuilding C object CMakeFiles/crs_msgs__python.dir/rosidl_generator_py/crs_msgs/srv/_get_configuration_s.c.o[0m
[90.341s] [ 91%] [32mBuilding C object CMakeFiles/crs_msgs__python.dir/rosidl_generator_py/crs_msgs/srv/_robot_positioner_s.c.o[0m
[90.445s] [ 92%] [32mBuilding C object CMakeFiles/crs_msgs__python.dir/rosidl_generator_py/crs_msgs/srv/_crop_toolpaths_s.c.o[0m
[90.565s] [ 93%] [32mBuilding C object CMakeFiles/crs_msgs__python.dir/rosidl_generator_py/crs_msgs/srv/_run_robot_script_s.c.o[0m
[90.660s] [ 93%] [32mBuilding C object CMakeFiles/crs_msgs__python.dir/rosidl_generator_py/crs_msgs/srv/_localize_to_part_s.c.o[0m
[90.767s] [ 94%] [32mBuilding C object CMakeFiles/crs_msgs__python.dir/rosidl_generator_py/crs_msgs/srv/_load_part_s.c.o[0m
[90.862s] [ 95%] [32mBuilding C object CMakeFiles/crs_msgs__python.dir/rosidl_generator_py/crs_msgs/srv/_get_roi_selection_s.c.o[0m
[90.964s] [ 96%] [32mBuilding C object CMakeFiles/crs_msgs__python.dir/rosidl_generator_py/crs_msgs/srv/_call_freespace_motion_s.c.o[0m
[91.084s] [ 96%] [32mBuilding C object CMakeFiles/crs_msgs__python.dir/rosidl_generator_py/crs_msgs/msg/_tool_process_path_s.c.o[0m
[91.190s] [ 97%] [32mBuilding C object CMakeFiles/crs_msgs__python.dir/rosidl_generator_py/crs_msgs/msg/_process_motion_plan_s.c.o[0m
[91.292s] [ 97%] [32m[1mLinking CXX shared library rosidl_generator_py/crs_msgs/libcrs_msgs__python.so[0m
[91.418s] [ 97%] Built target crs_msgs__python
[91.436s] [35m[1mScanning dependencies of target crs_msgs__rosidl_typesupport_c__pyext[0m
[91.478s] [ 98%] [32mBuilding C object CMakeFiles/crs_msgs__rosidl_typesupport_c__pyext.dir/rosidl_generator_py/crs_msgs/_crs_msgs_s.ep.rosidl_typesupport_c.c.o[0m
[91.669s] [ 99%] [32m[1mLinking CXX shared library rosidl_generator_py/crs_msgs/crs_msgs_s__rosidl_typesupport_c.cpython-36m-x86_64-linux-gnu.so[0m
[91.874s] [ 99%] Built target crs_msgs__rosidl_typesupport_c__pyext
[91.892s] [35m[1mScanning dependencies of target crs_msgs__rosidl_typesupport_fastrtps_c__pyext[0m
[91.927s] [100%] [32mBuilding C object CMakeFiles/crs_msgs__rosidl_typesupport_fastrtps_c__pyext.dir/rosidl_generator_py/crs_msgs/_crs_msgs_s.ep.rosidl_typesupport_fastrtps_c.c.o[0m
[92.133s] [100%] [32m[1mLinking CXX shared library rosidl_generator_py/crs_msgs/crs_msgs_s__rosidl_typesupport_fastrtps_c.cpython-36m-x86_64-linux-gnu.so[0m
[92.311s] [100%] Built target crs_msgs__rosidl_typesupport_fastrtps_c__pyext
[92.330s] Invoked command in '/root/crs_ws_fanuc/build/crs_msgs' returned '0': CMAKE_PREFIX_PATH=/root/crs_ws_fanuc/install/cartesian_trajectory_msgs:/root/crs_ws_fanuc/install/crs_utils_py:/opt/ros/eloquent:/opt/ros/melodic:/root/crs_ws_fanuc/install/trajopt_tools:/root/crs_ws_fanuc/install/vhacd:/root/crs_ws_fanuc/install/crs_gui:/root/crs_ws_fanuc/install/crs_application:/root/crs_ws_fanuc/install/crs_motion_planning:/root/crs_ws_fanuc/install/ur_ikfast_kinematics:/root/crs_ws_fanuc/install/crs_robot_comms:/root/crs_ws_fanuc/install/ur_dashboard_msgs:/root/crs_ws_fanuc/install/trajopt_sqp:/root/crs_ws_fanuc/install/trajopt_ifopt:/root/crs_ws_fanuc/install/tesseract_monitoring:/root/crs_ws_fanuc/install/tesseract_rosutils:/root/crs_ws_fanuc/install/tesseract_process_planners:/root/crs_ws_fanuc/install/tesseract_motion_planners:/root/crs_ws_fanuc/install/trajopt:/root/crs_ws_fanuc/install/trajopt_sco:/root/crs_ws_fanuc/install/trajopt_utils:/root/crs_ws_fanuc/install/tesseract_visualization:/root/crs_ws_fanuc/install/tesseract:/root/crs_ws_fanuc/install/tesseract_urdf:/root/crs_ws_fanuc/install/tesseract_plugins:/root/crs_ws_fanuc/install/tesseract_environment:/root/crs_ws_fanuc/install/tesseract_collision:/root/crs_ws_fanuc/install/tesseract_support:/root/crs_ws_fanuc/install/tesseract_kinematics:/root/crs_ws_fanuc/install/tesseract_scene_graph:/root/crs_ws_fanuc/install/tesseract_msgs:/root/crs_ws_fanuc/install/tesseract_geometry:/root/crs_ws_fanuc/install/tesseract_common:/root/crs_ws_fanuc/install/rclcpp_scxml_demos:/root/crs_ws_fanuc/install/scxml_core:/root/crs_ws_fanuc/install/region_detection_rclcpp:/root/crs_ws_fanuc/install/region_detection_msgs:/root/crs_ws_fanuc/install/region_detection_core:/root/crs_ws_fanuc/install/osqp_eigen:/root/crs_ws_fanuc/install/osqp:/root/crs_ws_fanuc/install/descartes_opw:/root/crs_ws_fanuc/install/opw_kinematics:/root/crs_ws_fanuc/install/octomap_msgs:/root/crs_ws_fanuc/install/fcl:/root/crs_ws_fanuc/install/libccd:/root/crs_ws_fanuc/install/iterative_spline_parameterization:/root/crs_ws_fanuc/install/ifopt:/root/crs_ws_fanuc/install/gtest:/root/crs_ws_fanuc/install/descartes_samplers:/root/crs_ws_fanuc/install/descartes_ikfast:/root/crs_ws_fanuc/install/descartes_light:/root/crs_ws_fanuc/install/crs_toolpath_gen:/root/crs_ws_fanuc/install/crs_support:/root/crs_ws_fanuc/install/crs_process_data:/root/crs_ws_fanuc/install/crs_perception:/root/crs_ws_fanuc/install/crs_area_selection:/root/crs_ws_fanuc/install/crs_msgs:/root/crs_ws_fanuc/install/crs_gazebo_plugins:/root/crs_ws_fanuc/install/bullet3:/opt/qt513/lib/cmake LD_LIBRARY_PATH=/root/crs_ws_fanuc/install/cartesian_trajectory_msgs/lib:/opt/ros/melodic/lib:/root/crs_ws_fanuc/install/vhacd/lib:/root/crs_ws_fanuc/install/crs_gui/lib:/root/crs_ws_fanuc/install/crs_application/lib:/root/crs_ws_fanuc/install/crs_motion_planning/lib:/root/crs_ws_fanuc/install/ur_ikfast_kinematics/lib:/root/crs_ws_fanuc/install/ur_dashboard_msgs/lib:/root/crs_ws_fanuc/install/trajopt_sqp/lib:/root/crs_ws_fanuc/install/trajopt_ifopt/lib:/root/crs_ws_fanuc/install/tesseract_monitoring/lib:/root/crs_ws_fanuc/install/tesseract_process_planners/lib:/root/crs_ws_fanuc/install/tesseract_motion_planners/lib:/root/crs_ws_fanuc/install/trajopt/lib:/root/crs_ws_fanuc/install/trajopt_sco/lib:/root/crs_ws_fanuc/install/trajopt_utils/lib:/root/crs_ws_fanuc/install/tesseract/lib:/root/crs_ws_fanuc/install/tesseract_urdf/lib:/root/crs_ws_fanuc/install/tesseract_plugins/lib:/root/crs_ws_fanuc/install/tesseract_environment/lib:/root/crs_ws_fanuc/install/tesseract_collision/lib:/root/crs_ws_fanuc/install/tesseract_kinematics/lib:/root/crs_ws_fanuc/install/tesseract_scene_graph/lib:/root/crs_ws_fanuc/install/tesseract_msgs/lib:/root/crs_ws_fanuc/install/scxml_core/lib:/root/crs_ws_fanuc/install/region_detection_msgs/lib:/root/crs_ws_fanuc/install/region_detection_core/lib:/root/crs_ws_fanuc/install/osqp_eigen/lib:/root/crs_ws_fanuc/install/osqp/lib:/root/crs_ws_fanuc/install/descartes_opw/lib:/root/crs_ws_fanuc/install/octomap_msgs/lib:/root/crs_ws_fanuc/install/fcl/lib:/root/crs_ws_fanuc/install/libccd/lib:/root/crs_ws_fanuc/install/ifopt/lib:/root/crs_ws_fanuc/install/gtest/lib:/root/crs_ws_fanuc/install/descartes_samplers/lib:/root/crs_ws_fanuc/install/descartes_light/lib:/root/crs_ws_fanuc/install/crs_perception/lib:/root/crs_ws_fanuc/install/crs_area_selection/lib:/root/crs_ws_fanuc/install/crs_msgs/lib:/root/crs_ws_fanuc/install/crs_gazebo_plugins/lib:/root/crs_ws_fanuc/install/bullet3/lib:/opt/qt513/plugins:/opt/qt513/lib:/usr/lib/x86_64-linux-gnu/gazebo-9/plugins:/opt/ros/eloquent/opt/yaml_cpp_vendor/lib:/opt/ros/eloquent/opt/rviz_ogre_vendor/lib:/opt/ros/eloquent/lib/x86_64-linux-gnu:/opt/ros/eloquent/lib PYTHONPATH=/root/crs_ws_fanuc/install/cartesian_trajectory_msgs/lib/python3.6/site-packages:/opt/ros/melodic/lib/python2.7/dist-packages:/root/crs_ws_fanuc/install/ur_dashboard_msgs/lib/python3.6/site-packages:/root/crs_ws_fanuc/install/tesseract_msgs/lib/python3.6/site-packages:/root/crs_ws_fanuc/install/region_detection_msgs/lib/python3.6/site-packages:/root/crs_ws_fanuc/install/octomap_msgs/lib/python3.6/site-packages:/root/crs_ws_fanuc/install/crs_utils_py/lib/python3.6/site-packages:/root/crs_ws_fanuc/install/crs_msgs/lib/python3.6/site-packages:/opt/ros/eloquent/lib/python3.6/site-packages /usr/bin/cmake --build /root/crs_ws_fanuc/build/crs_msgs -- -j8 -l8
[92.979s] Invoking command in '/root/crs_ws_fanuc/build/crs_msgs': CMAKE_PREFIX_PATH=/root/crs_ws_fanuc/install/cartesian_trajectory_msgs:/root/crs_ws_fanuc/install/crs_utils_py:/opt/ros/eloquent:/opt/ros/melodic:/root/crs_ws_fanuc/install/trajopt_tools:/root/crs_ws_fanuc/install/vhacd:/root/crs_ws_fanuc/install/crs_gui:/root/crs_ws_fanuc/install/crs_application:/root/crs_ws_fanuc/install/crs_motion_planning:/root/crs_ws_fanuc/install/ur_ikfast_kinematics:/root/crs_ws_fanuc/install/crs_robot_comms:/root/crs_ws_fanuc/install/ur_dashboard_msgs:/root/crs_ws_fanuc/install/trajopt_sqp:/root/crs_ws_fanuc/install/trajopt_ifopt:/root/crs_ws_fanuc/install/tesseract_monitoring:/root/crs_ws_fanuc/install/tesseract_rosutils:/root/crs_ws_fanuc/install/tesseract_process_planners:/root/crs_ws_fanuc/install/tesseract_motion_planners:/root/crs_ws_fanuc/install/trajopt:/root/crs_ws_fanuc/install/trajopt_sco:/root/crs_ws_fanuc/install/trajopt_utils:/root/crs_ws_fanuc/install/tesseract_visualization:/root/crs_ws_fanuc/install/tesseract:/root/crs_ws_fanuc/install/tesseract_urdf:/root/crs_ws_fanuc/install/tesseract_plugins:/root/crs_ws_fanuc/install/tesseract_environment:/root/crs_ws_fanuc/install/tesseract_collision:/root/crs_ws_fanuc/install/tesseract_support:/root/crs_ws_fanuc/install/tesseract_kinematics:/root/crs_ws_fanuc/install/tesseract_scene_graph:/root/crs_ws_fanuc/install/tesseract_msgs:/root/crs_ws_fanuc/install/tesseract_geometry:/root/crs_ws_fanuc/install/tesseract_common:/root/crs_ws_fanuc/install/rclcpp_scxml_demos:/root/crs_ws_fanuc/install/scxml_core:/root/crs_ws_fanuc/install/region_detection_rclcpp:/root/crs_ws_fanuc/install/region_detection_msgs:/root/crs_ws_fanuc/install/region_detection_core:/root/crs_ws_fanuc/install/osqp_eigen:/root/crs_ws_fanuc/install/osqp:/root/crs_ws_fanuc/install/descartes_opw:/root/crs_ws_fanuc/install/opw_kinematics:/root/crs_ws_fanuc/install/octomap_msgs:/root/crs_ws_fanuc/install/fcl:/root/crs_ws_fanuc/install/libccd:/root/crs_ws_fanuc/install/iterative_spline_parameterization:/root/crs_ws_fanuc/install/ifopt:/root/crs_ws_fanuc/install/gtest:/root/crs_ws_fanuc/install/descartes_samplers:/root/crs_ws_fanuc/install/descartes_ikfast:/root/crs_ws_fanuc/install/descartes_light:/root/crs_ws_fanuc/install/crs_toolpath_gen:/root/crs_ws_fanuc/install/crs_support:/root/crs_ws_fanuc/install/crs_process_data:/root/crs_ws_fanuc/install/crs_perception:/root/crs_ws_fanuc/install/crs_area_selection:/root/crs_ws_fanuc/install/crs_msgs:/root/crs_ws_fanuc/install/crs_gazebo_plugins:/root/crs_ws_fanuc/install/bullet3:/opt/qt513/lib/cmake LD_LIBRARY_PATH=/root/crs_ws_fanuc/install/cartesian_trajectory_msgs/lib:/opt/ros/melodic/lib:/root/crs_ws_fanuc/install/vhacd/lib:/root/crs_ws_fanuc/install/crs_gui/lib:/root/crs_ws_fanuc/install/crs_application/lib:/root/crs_ws_fanuc/install/crs_motion_planning/lib:/root/crs_ws_fanuc/install/ur_ikfast_kinematics/lib:/root/crs_ws_fanuc/install/ur_dashboard_msgs/lib:/root/crs_ws_fanuc/install/trajopt_sqp/lib:/root/crs_ws_fanuc/install/trajopt_ifopt/lib:/root/crs_ws_fanuc/install/tesseract_monitoring/lib:/root/crs_ws_fanuc/install/tesseract_process_planners/lib:/root/crs_ws_fanuc/install/tesseract_motion_planners/lib:/root/crs_ws_fanuc/install/trajopt/lib:/root/crs_ws_fanuc/install/trajopt_sco/lib:/root/crs_ws_fanuc/install/trajopt_utils/lib:/root/crs_ws_fanuc/install/tesseract/lib:/root/crs_ws_fanuc/install/tesseract_urdf/lib:/root/crs_ws_fanuc/install/tesseract_plugins/lib:/root/crs_ws_fanuc/install/tesseract_environment/lib:/root/crs_ws_fanuc/install/tesseract_collision/lib:/root/crs_ws_fanuc/install/tesseract_kinematics/lib:/root/crs_ws_fanuc/install/tesseract_scene_graph/lib:/root/crs_ws_fanuc/install/tesseract_msgs/lib:/root/crs_ws_fanuc/install/scxml_core/lib:/root/crs_ws_fanuc/install/region_detection_msgs/lib:/root/crs_ws_fanuc/install/region_detection_core/lib:/root/crs_ws_fanuc/install/osqp_eigen/lib:/root/crs_ws_fanuc/install/osqp/lib:/root/crs_ws_fanuc/install/descartes_opw/lib:/root/crs_ws_fanuc/install/octomap_msgs/lib:/root/crs_ws_fanuc/install/fcl/lib:/root/crs_ws_fanuc/install/libccd/lib:/root/crs_ws_fanuc/install/ifopt/lib:/root/crs_ws_fanuc/install/gtest/lib:/root/crs_ws_fanuc/install/descartes_samplers/lib:/root/crs_ws_fanuc/install/descartes_light/lib:/root/crs_ws_fanuc/install/crs_perception/lib:/root/crs_ws_fanuc/install/crs_area_selection/lib:/root/crs_ws_fanuc/install/crs_msgs/lib:/root/crs_ws_fanuc/install/crs_gazebo_plugins/lib:/root/crs_ws_fanuc/install/bullet3/lib:/opt/qt513/plugins:/opt/qt513/lib:/usr/lib/x86_64-linux-gnu/gazebo-9/plugins:/opt/ros/eloquent/opt/yaml_cpp_vendor/lib:/opt/ros/eloquent/opt/rviz_ogre_vendor/lib:/opt/ros/eloquent/lib/x86_64-linux-gnu:/opt/ros/eloquent/lib PYTHONPATH=/root/crs_ws_fanuc/install/cartesian_trajectory_msgs/lib/python3.6/site-packages:/opt/ros/melodic/lib/python2.7/dist-packages:/root/crs_ws_fanuc/install/ur_dashboard_msgs/lib/python3.6/site-packages:/root/crs_ws_fanuc/install/tesseract_msgs/lib/python3.6/site-packages:/root/crs_ws_fanuc/install/region_detection_msgs/lib/python3.6/site-packages:/root/crs_ws_fanuc/install/octomap_msgs/lib/python3.6/site-packages:/root/crs_ws_fanuc/install/crs_utils_py/lib/python3.6/site-packages:/root/crs_ws_fanuc/install/crs_msgs/lib/python3.6/site-packages:/opt/ros/eloquent/lib/python3.6/site-packages /usr/bin/cmake --build /root/crs_ws_fanuc/build/crs_msgs --target install -- -j8 -l8
[93.095s] [  0%] Built target crs_msgs__cpp
[93.104s] [ 12%] Built target crs_msgs__rosidl_generator_c
[93.153s] [ 24%] Built target crs_msgs__rosidl_typesupport_fastrtps_cpp
[93.154s] [ 37%] Built target crs_msgs__rosidl_typesupport_introspection_cpp
[93.185s] [ 49%] Built target crs_msgs__rosidl_typesupport_introspection_c
[93.218s] [ 61%] Built target crs_msgs__rosidl_typesupport_fastrtps_c
[93.222s] [ 73%] Built target crs_msgs__rosidl_typesupport_cpp
[93.275s] [ 85%] Built target crs_msgs__rosidl_typesupport_c
[93.310s] [ 85%] Built target crs_msgs
[93.353s] [ 86%] Built target crs_msgs__py
[93.417s] [ 97%] Built target crs_msgs__python
[93.469s] [ 99%] Built target crs_msgs__rosidl_typesupport_c__pyext
[93.477s] [100%] Built target crs_msgs__rosidl_typesupport_fastrtps_c__pyext
[93.507s] [36mInstall the project...[0m
[93.522s] -- Install configuration: ""
[93.522s] -- Execute custom install script
[93.523s] -- Symlinking: /root/crs_ws_fanuc/install/crs_msgs/share/ament_index/resource_index/rosidl_interfaces/crs_msgs
[93.542s] -- Symlinking: /root/crs_ws_fanuc/install/crs_msgs/lib/libcrs_msgs__rosidl_typesupport_c.so
[93.557s] -- Up-to-date symlink: /root/crs_ws_fanuc/install/crs_msgs/share/crs_msgs/environment/library_path.sh
[93.557s] -- Symlinking: /root/crs_ws_fanuc/install/crs_msgs/share/crs_msgs/environment/library_path.dsv
[93.577s] -- Symlinking: /root/crs_ws_fanuc/install/crs_msgs/lib/libcrs_msgs__rosidl_typesupport_cpp.so
[93.598s] -- Symlinking: /root/crs_ws_fanuc/install/crs_msgs/include/crs_msgs/msg/process_configuration__rosidl_typesupport_fastrtps_c.h
[93.611s] -- Symlinking: /root/crs_ws_fanuc/install/crs_msgs/include/crs_msgs/msg/process_motion_plan__rosidl_typesupport_fastrtps_c.h
[93.624s] -- Symlinking: /root/crs_ws_fanuc/install/crs_msgs/include/crs_msgs/msg/rosidl_typesupport_fastrtps_c__visibility_control.h
[93.638s] -- Symlinking: /root/crs_ws_fanuc/install/crs_msgs/include/crs_msgs/msg/tool_process_path__rosidl_typesupport_fastrtps_c.h
[93.652s] -- Symlinking: /root/crs_ws_fanuc/install/crs_msgs/include/crs_msgs/srv/call_freespace_motion__rosidl_typesupport_fastrtps_c.h
[93.665s] -- Symlinking: /root/crs_ws_fanuc/install/crs_msgs/include/crs_msgs/srv/crop_toolpaths__rosidl_typesupport_fastrtps_c.h
[93.678s] -- Symlinking: /root/crs_ws_fanuc/install/crs_msgs/include/crs_msgs/srv/execute_action__rosidl_typesupport_fastrtps_c.h
[93.692s] -- Symlinking: /root/crs_ws_fanuc/install/crs_msgs/include/crs_msgs/srv/get_available_actions__rosidl_typesupport_fastrtps_c.h
[93.706s] -- Symlinking: /root/crs_ws_fanuc/install/crs_msgs/include/crs_msgs/srv/get_configuration__rosidl_typesupport_fastrtps_c.h
[93.720s] -- Symlinking: /root/crs_ws_fanuc/install/crs_msgs/include/crs_msgs/srv/get_roi_selection__rosidl_typesupport_fastrtps_c.h
[93.734s] -- Symlinking: /root/crs_ws_fanuc/install/crs_msgs/include/crs_msgs/srv/load_part__rosidl_typesupport_fastrtps_c.h
[93.747s] -- Symlinking: /root/crs_ws_fanuc/install/crs_msgs/include/crs_msgs/srv/localize_to_part__rosidl_typesupport_fastrtps_c.h
[93.761s] -- Symlinking: /root/crs_ws_fanuc/install/crs_msgs/include/crs_msgs/srv/plan_process_motions__rosidl_typesupport_fastrtps_c.h
[93.776s] -- Symlinking: /root/crs_ws_fanuc/install/crs_msgs/include/crs_msgs/srv/robot_positioner__rosidl_typesupport_fastrtps_c.h
[93.790s] -- Symlinking: /root/crs_ws_fanuc/install/crs_msgs/include/crs_msgs/srv/run_robot_script__rosidl_typesupport_fastrtps_c.h
[93.803s] -- Symlinking: /root/crs_ws_fanuc/install/crs_msgs/lib/libcrs_msgs__rosidl_typesupport_fastrtps_c.so
[93.819s] -- Symlinking: /root/crs_ws_fanuc/install/crs_msgs/include/crs_msgs/msg/process_configuration.h
[93.832s] -- Symlinking: /root/crs_ws_fanuc/install/crs_msgs/include/crs_msgs/msg/process_configuration__functions.h
[93.846s] -- Symlinking: /root/crs_ws_fanuc/install/crs_msgs/include/crs_msgs/msg/process_configuration__struct.h
[93.860s] -- Symlinking: /root/crs_ws_fanuc/install/crs_msgs/include/crs_msgs/msg/process_configuration__type_support.h
[93.873s] -- Symlinking: /root/crs_ws_fanuc/install/crs_msgs/include/crs_msgs/msg/process_motion_plan.h
[93.886s] -- Symlinking: /root/crs_ws_fanuc/install/crs_msgs/include/crs_msgs/msg/process_motion_plan__functions.h
[93.900s] -- Symlinking: /root/crs_ws_fanuc/install/crs_msgs/include/crs_msgs/msg/process_motion_plan__struct.h
[93.914s] -- Symlinking: /root/crs_ws_fanuc/install/crs_msgs/include/crs_msgs/msg/process_motion_plan__type_support.h
[93.927s] -- Symlinking: /root/crs_ws_fanuc/install/crs_msgs/include/crs_msgs/msg/rosidl_generator_c__visibility_control.h
[93.940s] -- Symlinking: /root/crs_ws_fanuc/install/crs_msgs/include/crs_msgs/msg/tool_process_path.h
[93.954s] -- Symlinking: /root/crs_ws_fanuc/install/crs_msgs/include/crs_msgs/msg/tool_process_path__functions.h
[93.967s] -- Symlinking: /root/crs_ws_fanuc/install/crs_msgs/include/crs_msgs/msg/tool_process_path__struct.h
[93.980s] -- Symlinking: /root/crs_ws_fanuc/install/crs_msgs/include/crs_msgs/msg/tool_process_path__type_support.h
[93.994s] -- Symlinking: /root/crs_ws_fanuc/install/crs_msgs/include/crs_msgs/srv/call_freespace_motion.h
[94.008s] -- Symlinking: /root/crs_ws_fanuc/install/crs_msgs/include/crs_msgs/srv/call_freespace_motion__functions.h
[94.022s] -- Symlinking: /root/crs_ws_fanuc/install/crs_msgs/include/crs_msgs/srv/call_freespace_motion__struct.h
[94.037s] -- Symlinking: /root/crs_ws_fanuc/install/crs_msgs/include/crs_msgs/srv/call_freespace_motion__type_support.h
[94.052s] -- Symlinking: /root/crs_ws_fanuc/install/crs_msgs/include/crs_msgs/srv/crop_toolpaths.h
[94.065s] -- Symlinking: /root/crs_ws_fanuc/install/crs_msgs/include/crs_msgs/srv/crop_toolpaths__functions.h
[94.079s] -- Symlinking: /root/crs_ws_fanuc/install/crs_msgs/include/crs_msgs/srv/crop_toolpaths__struct.h
[94.093s] -- Symlinking: /root/crs_ws_fanuc/install/crs_msgs/include/crs_msgs/srv/crop_toolpaths__type_support.h
[94.107s] -- Symlinking: /root/crs_ws_fanuc/install/crs_msgs/include/crs_msgs/srv/execute_action.h
[94.122s] -- Symlinking: /root/crs_ws_fanuc/install/crs_msgs/include/crs_msgs/srv/execute_action__functions.h
[94.136s] -- Symlinking: /root/crs_ws_fanuc/install/crs_msgs/include/crs_msgs/srv/execute_action__struct.h
[94.152s] -- Symlinking: /root/crs_ws_fanuc/install/crs_msgs/include/crs_msgs/srv/execute_action__type_support.h
[94.167s] -- Symlinking: /root/crs_ws_fanuc/install/crs_msgs/include/crs_msgs/srv/get_available_actions.h
[94.181s] -- Symlinking: /root/crs_ws_fanuc/install/crs_msgs/include/crs_msgs/srv/get_available_actions__functions.h
[94.195s] -- Symlinking: /root/crs_ws_fanuc/install/crs_msgs/include/crs_msgs/srv/get_available_actions__struct.h
[94.209s] -- Symlinking: /root/crs_ws_fanuc/install/crs_msgs/include/crs_msgs/srv/get_available_actions__type_support.h
[94.223s] -- Symlinking: /root/crs_ws_fanuc/install/crs_msgs/include/crs_msgs/srv/get_configuration.h
[94.237s] -- Symlinking: /root/crs_ws_fanuc/install/crs_msgs/include/crs_msgs/srv/get_configuration__functions.h
[94.252s] -- Symlinking: /root/crs_ws_fanuc/install/crs_msgs/include/crs_msgs/srv/get_configuration__struct.h
[94.266s] -- Symlinking: /root/crs_ws_fanuc/install/crs_msgs/include/crs_msgs/srv/get_configuration__type_support.h
[94.279s] -- Symlinking: /root/crs_ws_fanuc/install/crs_msgs/include/crs_msgs/srv/get_roi_selection.h
[94.293s] -- Symlinking: /root/crs_ws_fanuc/install/crs_msgs/include/crs_msgs/srv/get_roi_selection__functions.h
[94.306s] -- Symlinking: /root/crs_ws_fanuc/install/crs_msgs/include/crs_msgs/srv/get_roi_selection__struct.h
[94.319s] -- Symlinking: /root/crs_ws_fanuc/install/crs_msgs/include/crs_msgs/srv/get_roi_selection__type_support.h
[94.333s] -- Symlinking: /root/crs_ws_fanuc/install/crs_msgs/include/crs_msgs/srv/load_part.h
[94.346s] -- Symlinking: /root/crs_ws_fanuc/install/crs_msgs/include/crs_msgs/srv/load_part__functions.h
[94.360s] -- Symlinking: /root/crs_ws_fanuc/install/crs_msgs/include/crs_msgs/srv/load_part__struct.h
[94.374s] -- Symlinking: /root/crs_ws_fanuc/install/crs_msgs/include/crs_msgs/srv/load_part__type_support.h
[94.387s] -- Symlinking: /root/crs_ws_fanuc/install/crs_msgs/include/crs_msgs/srv/localize_to_part.h
[94.400s] -- Symlinking: /root/crs_ws_fanuc/install/crs_msgs/include/crs_msgs/srv/localize_to_part__functions.h
[94.413s] -- Symlinking: /root/crs_ws_fanuc/install/crs_msgs/include/crs_msgs/srv/localize_to_part__struct.h
[94.426s] -- Symlinking: /root/crs_ws_fanuc/install/crs_msgs/include/crs_msgs/srv/localize_to_part__type_support.h
[94.440s] -- Symlinking: /root/crs_ws_fanuc/install/crs_msgs/include/crs_msgs/srv/plan_process_motions.h
[94.454s] -- Symlinking: /root/crs_ws_fanuc/install/crs_msgs/include/crs_msgs/srv/plan_process_motions__functions.h
[94.467s] -- Symlinking: /root/crs_ws_fanuc/install/crs_msgs/include/crs_msgs/srv/plan_process_motions__struct.h
[94.480s] -- Symlinking: /root/crs_ws_fanuc/install/crs_msgs/include/crs_msgs/srv/plan_process_motions__type_support.h
[94.493s] -- Symlinking: /root/crs_ws_fanuc/install/crs_msgs/include/crs_msgs/srv/robot_positioner.h
[94.506s] -- Symlinking: /root/crs_ws_fanuc/install/crs_msgs/include/crs_msgs/srv/robot_positioner__functions.h
[94.519s] -- Symlinking: /root/crs_ws_fanuc/install/crs_msgs/include/crs_msgs/srv/robot_positioner__struct.h
[94.532s] -- Symlinking: /root/crs_ws_fanuc/install/crs_msgs/include/crs_msgs/srv/robot_positioner__type_support.h
[94.546s] -- Symlinking: /root/crs_ws_fanuc/install/crs_msgs/include/crs_msgs/srv/run_robot_script.h
[94.560s] -- Symlinking: /root/crs_ws_fanuc/install/crs_msgs/include/crs_msgs/srv/run_robot_script__functions.h
[94.573s] -- Symlinking: /root/crs_ws_fanuc/install/crs_msgs/include/crs_msgs/srv/run_robot_script__struct.h
[94.586s] -- Symlinking: /root/crs_ws_fanuc/install/crs_msgs/include/crs_msgs/srv/run_robot_script__type_support.h
[94.600s] -- Symlinking: /root/crs_ws_fanuc/install/crs_msgs/lib/libcrs_msgs__rosidl_generator_c.so
[94.614s] -- Symlinking: /root/crs_ws_fanuc/install/crs_msgs/include/crs_msgs/msg/process_configuration__rosidl_typesupport_fastrtps_cpp.hpp
[94.627s] -- Symlinking: /root/crs_ws_fanuc/install/crs_msgs/include/crs_msgs/msg/process_motion_plan__rosidl_typesupport_fastrtps_cpp.hpp
[94.641s] -- Symlinking: /root/crs_ws_fanuc/install/crs_msgs/include/crs_msgs/msg/rosidl_typesupport_fastrtps_cpp__visibility_control.h
[94.655s] -- Symlinking: /root/crs_ws_fanuc/install/crs_msgs/include/crs_msgs/msg/tool_process_path__rosidl_typesupport_fastrtps_cpp.hpp
[94.668s] -- Symlinking: /root/crs_ws_fanuc/install/crs_msgs/include/crs_msgs/srv/call_freespace_motion__rosidl_typesupport_fastrtps_cpp.hpp
[94.681s] -- Symlinking: /root/crs_ws_fanuc/install/crs_msgs/include/crs_msgs/srv/crop_toolpaths__rosidl_typesupport_fastrtps_cpp.hpp
[94.694s] -- Symlinking: /root/crs_ws_fanuc/install/crs_msgs/include/crs_msgs/srv/execute_action__rosidl_typesupport_fastrtps_cpp.hpp
[94.707s] -- Symlinking: /root/crs_ws_fanuc/install/crs_msgs/include/crs_msgs/srv/get_available_actions__rosidl_typesupport_fastrtps_cpp.hpp
[94.721s] -- Symlinking: /root/crs_ws_fanuc/install/crs_msgs/include/crs_msgs/srv/get_configuration__rosidl_typesupport_fastrtps_cpp.hpp
[94.735s] -- Symlinking: /root/crs_ws_fanuc/install/crs_msgs/include/crs_msgs/srv/get_roi_selection__rosidl_typesupport_fastrtps_cpp.hpp
[94.749s] -- Symlinking: /root/crs_ws_fanuc/install/crs_msgs/include/crs_msgs/srv/load_part__rosidl_typesupport_fastrtps_cpp.hpp
[94.763s] -- Symlinking: /root/crs_ws_fanuc/install/crs_msgs/include/crs_msgs/srv/localize_to_part__rosidl_typesupport_fastrtps_cpp.hpp
[94.777s] -- Symlinking: /root/crs_ws_fanuc/install/crs_msgs/include/crs_msgs/srv/plan_process_motions__rosidl_typesupport_fastrtps_cpp.hpp
[94.791s] -- Symlinking: /root/crs_ws_fanuc/install/crs_msgs/include/crs_msgs/srv/robot_positioner__rosidl_typesupport_fastrtps_cpp.hpp
[94.804s] -- Symlinking: /root/crs_ws_fanuc/install/crs_msgs/include/crs_msgs/srv/run_robot_script__rosidl_typesupport_fastrtps_cpp.hpp
[94.823s] -- Symlinking: /root/crs_ws_fanuc/install/crs_msgs/lib/libcrs_msgs__rosidl_typesupport_fastrtps_cpp.so
[94.837s] -- Symlinking: /root/crs_ws_fanuc/install/crs_msgs/include/crs_msgs/msg/process_configuration.hpp
[94.850s] -- Symlinking: /root/crs_ws_fanuc/install/crs_msgs/include/crs_msgs/msg/process_configuration__struct.hpp
[94.869s] -- Symlinking: /root/crs_ws_fanuc/install/crs_msgs/include/crs_msgs/msg/process_configuration__traits.hpp
[94.882s] -- Symlinking: /root/crs_ws_fanuc/install/crs_msgs/include/crs_msgs/msg/process_motion_plan.hpp
[94.895s] -- Symlinking: /root/crs_ws_fanuc/install/crs_msgs/include/crs_msgs/msg/process_motion_plan__struct.hpp
[94.909s] -- Symlinking: /root/crs_ws_fanuc/install/crs_msgs/include/crs_msgs/msg/process_motion_plan__traits.hpp
[94.922s] -- Symlinking: /root/crs_ws_fanuc/install/crs_msgs/include/crs_msgs/msg/tool_process_path.hpp
[94.935s] -- Symlinking: /root/crs_ws_fanuc/install/crs_msgs/include/crs_msgs/msg/tool_process_path__struct.hpp
[94.948s] -- Symlinking: /root/crs_ws_fanuc/install/crs_msgs/include/crs_msgs/msg/tool_process_path__traits.hpp
[94.963s] -- Symlinking: /root/crs_ws_fanuc/install/crs_msgs/include/crs_msgs/srv/call_freespace_motion.hpp
[94.976s] -- Symlinking: /root/crs_ws_fanuc/install/crs_msgs/include/crs_msgs/srv/call_freespace_motion__struct.hpp
[94.990s] -- Symlinking: /root/crs_ws_fanuc/install/crs_msgs/include/crs_msgs/srv/call_freespace_motion__traits.hpp
[95.003s] -- Symlinking: /root/crs_ws_fanuc/install/crs_msgs/include/crs_msgs/srv/crop_toolpaths.hpp
[95.017s] -- Symlinking: /root/crs_ws_fanuc/install/crs_msgs/include/crs_msgs/srv/crop_toolpaths__struct.hpp
[95.030s] -- Symlinking: /root/crs_ws_fanuc/install/crs_msgs/include/crs_msgs/srv/crop_toolpaths__traits.hpp
[95.044s] -- Symlinking: /root/crs_ws_fanuc/install/crs_msgs/include/crs_msgs/srv/execute_action.hpp
[95.058s] -- Symlinking: /root/crs_ws_fanuc/install/crs_msgs/include/crs_msgs/srv/execute_action__struct.hpp
[95.071s] -- Symlinking: /root/crs_ws_fanuc/install/crs_msgs/include/crs_msgs/srv/execute_action__traits.hpp
[95.084s] -- Symlinking: /root/crs_ws_fanuc/install/crs_msgs/include/crs_msgs/srv/get_available_actions.hpp
[95.096s] -- Symlinking: /root/crs_ws_fanuc/install/crs_msgs/include/crs_msgs/srv/get_available_actions__struct.hpp
[95.111s] -- Symlinking: /root/crs_ws_fanuc/install/crs_msgs/include/crs_msgs/srv/get_available_actions__traits.hpp
[95.124s] -- Symlinking: /root/crs_ws_fanuc/install/crs_msgs/include/crs_msgs/srv/get_configuration.hpp
[95.138s] -- Symlinking: /root/crs_ws_fanuc/install/crs_msgs/include/crs_msgs/srv/get_configuration__struct.hpp
[95.152s] -- Symlinking: /root/crs_ws_fanuc/install/crs_msgs/include/crs_msgs/srv/get_configuration__traits.hpp
[95.166s] -- Symlinking: /root/crs_ws_fanuc/install/crs_msgs/include/crs_msgs/srv/get_roi_selection.hpp
[95.180s] -- Symlinking: /root/crs_ws_fanuc/install/crs_msgs/include/crs_msgs/srv/get_roi_selection__struct.hpp
[95.195s] -- Symlinking: /root/crs_ws_fanuc/install/crs_msgs/include/crs_msgs/srv/get_roi_selection__traits.hpp
[95.209s] -- Symlinking: /root/crs_ws_fanuc/install/crs_msgs/include/crs_msgs/srv/load_part.hpp
[95.224s] -- Symlinking: /root/crs_ws_fanuc/install/crs_msgs/include/crs_msgs/srv/load_part__struct.hpp
[95.240s] -- Symlinking: /root/crs_ws_fanuc/install/crs_msgs/include/crs_msgs/srv/load_part__traits.hpp
[95.256s] -- Symlinking: /root/crs_ws_fanuc/install/crs_msgs/include/crs_msgs/srv/localize_to_part.hpp
[95.270s] -- Symlinking: /root/crs_ws_fanuc/install/crs_msgs/include/crs_msgs/srv/localize_to_part__struct.hpp
[95.285s] -- Symlinking: /root/crs_ws_fanuc/install/crs_msgs/include/crs_msgs/srv/localize_to_part__traits.hpp
[95.299s] -- Symlinking: /root/crs_ws_fanuc/install/crs_msgs/include/crs_msgs/srv/plan_process_motions.hpp
[95.313s] -- Symlinking: /root/crs_ws_fanuc/install/crs_msgs/include/crs_msgs/srv/plan_process_motions__struct.hpp
[95.328s] -- Symlinking: /root/crs_ws_fanuc/install/crs_msgs/include/crs_msgs/srv/plan_process_motions__traits.hpp
[95.343s] -- Symlinking: /root/crs_ws_fanuc/install/crs_msgs/include/crs_msgs/srv/robot_positioner.hpp
[95.366s] -- Symlinking: /root/crs_ws_fanuc/install/crs_msgs/include/crs_msgs/srv/robot_positioner__struct.hpp
[95.381s] -- Symlinking: /root/crs_ws_fanuc/install/crs_msgs/include/crs_msgs/srv/robot_positioner__traits.hpp
[95.395s] -- Symlinking: /root/crs_ws_fanuc/install/crs_msgs/include/crs_msgs/srv/run_robot_script.hpp
[95.408s] -- Symlinking: /root/crs_ws_fanuc/install/crs_msgs/include/crs_msgs/srv/run_robot_script__struct.hpp
[95.422s] -- Symlinking: /root/crs_ws_fanuc/install/crs_msgs/include/crs_msgs/srv/run_robot_script__traits.hpp
[95.436s] -- Symlinking: /root/crs_ws_fanuc/install/crs_msgs/include/crs_msgs/msg/process_configuration__rosidl_typesupport_introspection_c.h
[95.452s] -- Symlinking: /root/crs_ws_fanuc/install/crs_msgs/include/crs_msgs/msg/process_motion_plan__rosidl_typesupport_introspection_c.h
[95.467s] -- Symlinking: /root/crs_ws_fanuc/install/crs_msgs/include/crs_msgs/msg/rosidl_typesupport_introspection_c__visibility_control.h
[95.480s] -- Symlinking: /root/crs_ws_fanuc/install/crs_msgs/include/crs_msgs/msg/tool_process_path__rosidl_typesupport_introspection_c.h
[95.495s] -- Symlinking: /root/crs_ws_fanuc/install/crs_msgs/include/crs_msgs/srv/call_freespace_motion__rosidl_typesupport_introspection_c.h
[95.510s] -- Symlinking: /root/crs_ws_fanuc/install/crs_msgs/include/crs_msgs/srv/crop_toolpaths__rosidl_typesupport_introspection_c.h
[95.524s] -- Symlinking: /root/crs_ws_fanuc/install/crs_msgs/include/crs_msgs/srv/execute_action__rosidl_typesupport_introspection_c.h
[95.538s] -- Symlinking: /root/crs_ws_fanuc/install/crs_msgs/include/crs_msgs/srv/get_available_actions__rosidl_typesupport_introspection_c.h
[95.553s] -- Symlinking: /root/crs_ws_fanuc/install/crs_msgs/include/crs_msgs/srv/get_configuration__rosidl_typesupport_introspection_c.h
[95.568s] -- Symlinking: /root/crs_ws_fanuc/install/crs_msgs/include/crs_msgs/srv/get_roi_selection__rosidl_typesupport_introspection_c.h
[95.582s] -- Symlinking: /root/crs_ws_fanuc/install/crs_msgs/include/crs_msgs/srv/load_part__rosidl_typesupport_introspection_c.h
[95.596s] -- Symlinking: /root/crs_ws_fanuc/install/crs_msgs/include/crs_msgs/srv/localize_to_part__rosidl_typesupport_introspection_c.h
[95.609s] -- Symlinking: /root/crs_ws_fanuc/install/crs_msgs/include/crs_msgs/srv/plan_process_motions__rosidl_typesupport_introspection_c.h
[95.623s] -- Symlinking: /root/crs_ws_fanuc/install/crs_msgs/include/crs_msgs/srv/robot_positioner__rosidl_typesupport_introspection_c.h
[95.636s] -- Symlinking: /root/crs_ws_fanuc/install/crs_msgs/include/crs_msgs/srv/run_robot_script__rosidl_typesupport_introspection_c.h
[95.652s] -- Symlinking: /root/crs_ws_fanuc/install/crs_msgs/lib/libcrs_msgs__rosidl_typesupport_introspection_c.so
[95.666s] -- Symlinking: /root/crs_ws_fanuc/install/crs_msgs/include/crs_msgs/msg/process_configuration__rosidl_typesupport_introspection_cpp.hpp
[95.680s] -- Symlinking: /root/crs_ws_fanuc/install/crs_msgs/include/crs_msgs/msg/process_motion_plan__rosidl_typesupport_introspection_cpp.hpp
[95.693s] -- Symlinking: /root/crs_ws_fanuc/install/crs_msgs/include/crs_msgs/msg/tool_process_path__rosidl_typesupport_introspection_cpp.hpp
[95.707s] -- Symlinking: /root/crs_ws_fanuc/install/crs_msgs/include/crs_msgs/srv/call_freespace_motion__rosidl_typesupport_introspection_cpp.hpp
[95.720s] -- Symlinking: /root/crs_ws_fanuc/install/crs_msgs/include/crs_msgs/srv/crop_toolpaths__rosidl_typesupport_introspection_cpp.hpp
[95.734s] -- Symlinking: /root/crs_ws_fanuc/install/crs_msgs/include/crs_msgs/srv/execute_action__rosidl_typesupport_introspection_cpp.hpp
[95.747s] -- Symlinking: /root/crs_ws_fanuc/install/crs_msgs/include/crs_msgs/srv/get_available_actions__rosidl_typesupport_introspection_cpp.hpp
[95.761s] -- Symlinking: /root/crs_ws_fanuc/install/crs_msgs/include/crs_msgs/srv/get_configuration__rosidl_typesupport_introspection_cpp.hpp
[95.775s] -- Symlinking: /root/crs_ws_fanuc/install/crs_msgs/include/crs_msgs/srv/get_roi_selection__rosidl_typesupport_introspection_cpp.hpp
[95.789s] -- Symlinking: /root/crs_ws_fanuc/install/crs_msgs/include/crs_msgs/srv/load_part__rosidl_typesupport_introspection_cpp.hpp
[95.803s] -- Symlinking: /root/crs_ws_fanuc/install/crs_msgs/include/crs_msgs/srv/localize_to_part__rosidl_typesupport_introspection_cpp.hpp
[95.817s] -- Symlinking: /root/crs_ws_fanuc/install/crs_msgs/include/crs_msgs/srv/plan_process_motions__rosidl_typesupport_introspection_cpp.hpp
[95.832s] -- Symlinking: /root/crs_ws_fanuc/install/crs_msgs/include/crs_msgs/srv/robot_positioner__rosidl_typesupport_introspection_cpp.hpp
[95.847s] -- Symlinking: /root/crs_ws_fanuc/install/crs_msgs/include/crs_msgs/srv/run_robot_script__rosidl_typesupport_introspection_cpp.hpp
[95.862s] -- Symlinking: /root/crs_ws_fanuc/install/crs_msgs/lib/libcrs_msgs__rosidl_typesupport_introspection_cpp.so
[95.875s] -- Symlinking: /root/crs_ws_fanuc/install/crs_msgs/share/crs_msgs/environment/pythonpath.sh
[95.889s] -- Symlinking: /root/crs_ws_fanuc/install/crs_msgs/share/crs_msgs/environment/pythonpath.dsv
[95.903s] -- Symlinking: /root/crs_ws_fanuc/install/crs_msgs/lib/python3.6/site-packages/crs_msgs/__init__.py
[95.918s] -- Symlinking: /root/crs_ws_fanuc/install/crs_msgs/lib/python3.6/site-packages/crs_msgs/msg/__init__.py
[95.932s] -- Symlinking: /root/crs_ws_fanuc/install/crs_msgs/lib/python3.6/site-packages/crs_msgs/msg/_process_configuration.py
[95.947s] -- Symlinking: /root/crs_ws_fanuc/install/crs_msgs/lib/python3.6/site-packages/crs_msgs/msg/_process_motion_plan.py
[95.961s] -- Symlinking: /root/crs_ws_fanuc/install/crs_msgs/lib/python3.6/site-packages/crs_msgs/msg/_tool_process_path.py
[95.977s] -- Symlinking: /root/crs_ws_fanuc/install/crs_msgs/lib/python3.6/site-packages/crs_msgs/srv/__init__.py
[95.991s] -- Symlinking: /root/crs_ws_fanuc/install/crs_msgs/lib/python3.6/site-packages/crs_msgs/srv/_call_freespace_motion.py
[96.005s] -- Symlinking: /root/crs_ws_fanuc/install/crs_msgs/lib/python3.6/site-packages/crs_msgs/srv/_crop_toolpaths.py
[96.019s] -- Symlinking: /root/crs_ws_fanuc/install/crs_msgs/lib/python3.6/site-packages/crs_msgs/srv/_execute_action.py
[96.033s] -- Symlinking: /root/crs_ws_fanuc/install/crs_msgs/lib/python3.6/site-packages/crs_msgs/srv/_get_available_actions.py
[96.046s] -- Symlinking: /root/crs_ws_fanuc/install/crs_msgs/lib/python3.6/site-packages/crs_msgs/srv/_get_configuration.py
[96.060s] -- Symlinking: /root/crs_ws_fanuc/install/crs_msgs/lib/python3.6/site-packages/crs_msgs/srv/_get_roi_selection.py
[96.074s] -- Symlinking: /root/crs_ws_fanuc/install/crs_msgs/lib/python3.6/site-packages/crs_msgs/srv/_load_part.py
[96.087s] -- Symlinking: /root/crs_ws_fanuc/install/crs_msgs/lib/python3.6/site-packages/crs_msgs/srv/_localize_to_part.py
[96.101s] -- Symlinking: /root/crs_ws_fanuc/install/crs_msgs/lib/python3.6/site-packages/crs_msgs/srv/_plan_process_motions.py
[96.115s] -- Symlinking: /root/crs_ws_fanuc/install/crs_msgs/lib/python3.6/site-packages/crs_msgs/srv/_robot_positioner.py
[96.129s] -- Symlinking: /root/crs_ws_fanuc/install/crs_msgs/lib/python3.6/site-packages/crs_msgs/srv/_run_robot_script.py
[96.143s] -- Symlinking: /root/crs_ws_fanuc/install/crs_msgs/lib/python3.6/site-packages/crs_msgs/crs_msgs_s__rosidl_typesupport_c.cpython-36m-x86_64-linux-gnu.so
[96.158s] -- Symlinking: /root/crs_ws_fanuc/install/crs_msgs/lib/python3.6/site-packages/crs_msgs/crs_msgs_s__rosidl_typesupport_fastrtps_c.cpython-36m-x86_64-linux-gnu.so
[96.171s] -- Symlinking: /root/crs_ws_fanuc/install/crs_msgs/lib/libcrs_msgs__python.so
[96.185s] -- Symlinking: /root/crs_ws_fanuc/install/crs_msgs/share/crs_msgs/msg/ProcessConfiguration.idl
[96.199s] -- Symlinking: /root/crs_ws_fanuc/install/crs_msgs/share/crs_msgs/msg/ProcessMotionPlan.idl
[96.213s] -- Symlinking: /root/crs_ws_fanuc/install/crs_msgs/share/crs_msgs/msg/ToolProcessPath.idl
[96.227s] -- Symlinking: /root/crs_ws_fanuc/install/crs_msgs/share/crs_msgs/srv/CallFreespaceMotion.idl
[96.241s] -- Symlinking: /root/crs_ws_fanuc/install/crs_msgs/share/crs_msgs/srv/GetROISelection.idl
[96.256s] -- Symlinking: /root/crs_ws_fanuc/install/crs_msgs/share/crs_msgs/srv/LoadPart.idl
[96.271s] -- Symlinking: /root/crs_ws_fanuc/install/crs_msgs/share/crs_msgs/srv/LocalizeToPart.idl
[96.284s] -- Symlinking: /root/crs_ws_fanuc/install/crs_msgs/share/crs_msgs/srv/ExecuteAction.idl
[96.298s] -- Symlinking: /root/crs_ws_fanuc/install/crs_msgs/share/crs_msgs/srv/GetAvailableActions.idl
[96.312s] -- Symlinking: /root/crs_ws_fanuc/install/crs_msgs/share/crs_msgs/srv/PlanProcessMotions.idl
[96.326s] -- Symlinking: /root/crs_ws_fanuc/install/crs_msgs/share/crs_msgs/srv/GetConfiguration.idl
[96.339s] -- Symlinking: /root/crs_ws_fanuc/install/crs_msgs/share/crs_msgs/srv/RobotPositioner.idl
[96.353s] -- Symlinking: /root/crs_ws_fanuc/install/crs_msgs/share/crs_msgs/srv/CropToolpaths.idl
[96.366s] -- Symlinking: /root/crs_ws_fanuc/install/crs_msgs/share/crs_msgs/srv/RunRobotScript.idl
[96.380s] -- Symlinking: /root/crs_ws_fanuc/install/crs_msgs/share/crs_msgs/msg/ProcessConfiguration.msg
[96.394s] -- Symlinking: /root/crs_ws_fanuc/install/crs_msgs/share/crs_msgs/msg/ProcessMotionPlan.msg
[96.407s] -- Symlinking: /root/crs_ws_fanuc/install/crs_msgs/share/crs_msgs/msg/ToolProcessPath.msg
[96.421s] -- Symlinking: /root/crs_ws_fanuc/install/crs_msgs/share/crs_msgs/srv/CallFreespaceMotion.srv
[96.435s] -- Symlinking: /root/crs_ws_fanuc/install/crs_msgs/share/crs_msgs/srv/CallFreespaceMotion_Request.msg
[96.450s] -- Symlinking: /root/crs_ws_fanuc/install/crs_msgs/share/crs_msgs/srv/CallFreespaceMotion_Response.msg
[96.466s] -- Symlinking: /root/crs_ws_fanuc/install/crs_msgs/share/crs_msgs/srv/GetROISelection.srv
[96.480s] -- Symlinking: /root/crs_ws_fanuc/install/crs_msgs/share/crs_msgs/srv/GetROISelection_Request.msg
[96.494s] -- Symlinking: /root/crs_ws_fanuc/install/crs_msgs/share/crs_msgs/srv/GetROISelection_Response.msg
[96.509s] -- Symlinking: /root/crs_ws_fanuc/install/crs_msgs/share/crs_msgs/srv/LoadPart.srv
[96.525s] -- Symlinking: /root/crs_ws_fanuc/install/crs_msgs/share/crs_msgs/srv/LoadPart_Request.msg
[96.540s] -- Symlinking: /root/crs_ws_fanuc/install/crs_msgs/share/crs_msgs/srv/LoadPart_Response.msg
[96.557s] -- Symlinking: /root/crs_ws_fanuc/install/crs_msgs/share/crs_msgs/srv/LocalizeToPart.srv
[96.576s] -- Symlinking: /root/crs_ws_fanuc/install/crs_msgs/share/crs_msgs/srv/LocalizeToPart_Request.msg
[96.592s] -- Symlinking: /root/crs_ws_fanuc/install/crs_msgs/share/crs_msgs/srv/LocalizeToPart_Response.msg
[96.609s] -- Symlinking: /root/crs_ws_fanuc/install/crs_msgs/share/crs_msgs/srv/ExecuteAction.srv
[96.625s] -- Symlinking: /root/crs_ws_fanuc/install/crs_msgs/share/crs_msgs/srv/ExecuteAction_Request.msg
[96.641s] -- Symlinking: /root/crs_ws_fanuc/install/crs_msgs/share/crs_msgs/srv/ExecuteAction_Response.msg
[96.658s] -- Symlinking: /root/crs_ws_fanuc/install/crs_msgs/share/crs_msgs/srv/GetAvailableActions.srv
[96.674s] -- Symlinking: /root/crs_ws_fanuc/install/crs_msgs/share/crs_msgs/srv/GetAvailableActions_Request.msg
[96.689s] -- Symlinking: /root/crs_ws_fanuc/install/crs_msgs/share/crs_msgs/srv/GetAvailableActions_Response.msg
[96.704s] -- Symlinking: /root/crs_ws_fanuc/install/crs_msgs/share/crs_msgs/srv/PlanProcessMotions.srv
[96.719s] -- Symlinking: /root/crs_ws_fanuc/install/crs_msgs/share/crs_msgs/srv/PlanProcessMotions_Request.msg
[96.734s] -- Symlinking: /root/crs_ws_fanuc/install/crs_msgs/share/crs_msgs/srv/PlanProcessMotions_Response.msg
[96.748s] -- Symlinking: /root/crs_ws_fanuc/install/crs_msgs/share/crs_msgs/srv/GetConfiguration.srv
[96.762s] -- Symlinking: /root/crs_ws_fanuc/install/crs_msgs/share/crs_msgs/srv/GetConfiguration_Request.msg
[96.775s] -- Symlinking: /root/crs_ws_fanuc/install/crs_msgs/share/crs_msgs/srv/GetConfiguration_Response.msg
[96.789s] -- Symlinking: /root/crs_ws_fanuc/install/crs_msgs/share/crs_msgs/srv/RobotPositioner.srv
[96.802s] -- Symlinking: /root/crs_ws_fanuc/install/crs_msgs/share/crs_msgs/srv/RobotPositioner_Request.msg
[96.817s] -- Symlinking: /root/crs_ws_fanuc/install/crs_msgs/share/crs_msgs/srv/RobotPositioner_Response.msg
[96.831s] -- Symlinking: /root/crs_ws_fanuc/install/crs_msgs/share/crs_msgs/srv/CropToolpaths.srv
[96.846s] -- Symlinking: /root/crs_ws_fanuc/install/crs_msgs/share/crs_msgs/srv/CropToolpaths_Request.msg
[96.866s] -- Symlinking: /root/crs_ws_fanuc/install/crs_msgs/share/crs_msgs/srv/CropToolpaths_Response.msg
[96.879s] -- Symlinking: /root/crs_ws_fanuc/install/crs_msgs/share/crs_msgs/srv/RunRobotScript.srv
[96.892s] -- Symlinking: /root/crs_ws_fanuc/install/crs_msgs/share/crs_msgs/srv/RunRobotScript_Request.msg
[96.906s] -- Symlinking: /root/crs_ws_fanuc/install/crs_msgs/share/crs_msgs/srv/RunRobotScript_Response.msg
[96.919s] -- Symlinking: /root/crs_ws_fanuc/install/crs_msgs/share/ament_index/resource_index/package_run_dependencies/crs_msgs
[96.933s] -- Symlinking: /root/crs_ws_fanuc/install/crs_msgs/share/ament_index/resource_index/parent_prefix_path/crs_msgs
[96.948s] -- Up-to-date symlink: /root/crs_ws_fanuc/install/crs_msgs/share/crs_msgs/environment/ament_prefix_path.sh
[96.948s] -- Symlinking: /root/crs_ws_fanuc/install/crs_msgs/share/crs_msgs/environment/ament_prefix_path.dsv
[96.962s] -- Up-to-date symlink: /root/crs_ws_fanuc/install/crs_msgs/share/crs_msgs/environment/path.sh
[96.962s] -- Symlinking: /root/crs_ws_fanuc/install/crs_msgs/share/crs_msgs/environment/path.dsv
[96.975s] -- Symlinking: /root/crs_ws_fanuc/install/crs_msgs/share/crs_msgs/local_setup.bash
[96.988s] -- Symlinking: /root/crs_ws_fanuc/install/crs_msgs/share/crs_msgs/local_setup.sh
[97.002s] -- Symlinking: /root/crs_ws_fanuc/install/crs_msgs/share/crs_msgs/local_setup.zsh
[97.015s] -- Symlinking: /root/crs_ws_fanuc/install/crs_msgs/share/crs_msgs/local_setup.dsv
[97.029s] -- Symlinking: /root/crs_ws_fanuc/install/crs_msgs/share/crs_msgs/package.dsv
[97.042s] -- Symlinking: /root/crs_ws_fanuc/install/crs_msgs/share/ament_index/resource_index/packages/crs_msgs
[97.057s] -- Symlinking: /root/crs_ws_fanuc/install/crs_msgs/share/crs_msgs/cmake/rosidl_cmake-extras.cmake
[97.071s] -- Symlinking: /root/crs_ws_fanuc/install/crs_msgs/share/crs_msgs/cmake/ament_cmake_export_dependencies-extras.cmake
[97.085s] -- Symlinking: /root/crs_ws_fanuc/install/crs_msgs/share/crs_msgs/cmake/ament_cmake_export_libraries-extras.cmake
[97.098s] -- Symlinking: /root/crs_ws_fanuc/install/crs_msgs/share/crs_msgs/cmake/ament_cmake_export_include_directories-extras.cmake
[97.112s] -- Symlinking: /root/crs_ws_fanuc/install/crs_msgs/share/crs_msgs/cmake/crs_msgsConfig.cmake
[97.126s] -- Symlinking: /root/crs_ws_fanuc/install/crs_msgs/share/crs_msgs/cmake/crs_msgsConfig-version.cmake
[97.139s] -- Symlinking: /root/crs_ws_fanuc/install/crs_msgs/share/crs_msgs/package.xml
[97.196s] Compiling '/root/crs_ws_fanuc/install/crs_msgs/lib/python3.6/site-packages/crs_msgs/__init__.py'...
[97.206s] Invoked command in '/root/crs_ws_fanuc/build/crs_msgs' returned '0': CMAKE_PREFIX_PATH=/root/crs_ws_fanuc/install/cartesian_trajectory_msgs:/root/crs_ws_fanuc/install/crs_utils_py:/opt/ros/eloquent:/opt/ros/melodic:/root/crs_ws_fanuc/install/trajopt_tools:/root/crs_ws_fanuc/install/vhacd:/root/crs_ws_fanuc/install/crs_gui:/root/crs_ws_fanuc/install/crs_application:/root/crs_ws_fanuc/install/crs_motion_planning:/root/crs_ws_fanuc/install/ur_ikfast_kinematics:/root/crs_ws_fanuc/install/crs_robot_comms:/root/crs_ws_fanuc/install/ur_dashboard_msgs:/root/crs_ws_fanuc/install/trajopt_sqp:/root/crs_ws_fanuc/install/trajopt_ifopt:/root/crs_ws_fanuc/install/tesseract_monitoring:/root/crs_ws_fanuc/install/tesseract_rosutils:/root/crs_ws_fanuc/install/tesseract_process_planners:/root/crs_ws_fanuc/install/tesseract_motion_planners:/root/crs_ws_fanuc/install/trajopt:/root/crs_ws_fanuc/install/trajopt_sco:/root/crs_ws_fanuc/install/trajopt_utils:/root/crs_ws_fanuc/install/tesseract_visualization:/root/crs_ws_fanuc/install/tesseract:/root/crs_ws_fanuc/install/tesseract_urdf:/root/crs_ws_fanuc/install/tesseract_plugins:/root/crs_ws_fanuc/install/tesseract_environment:/root/crs_ws_fanuc/install/tesseract_collision:/root/crs_ws_fanuc/install/tesseract_support:/root/crs_ws_fanuc/install/tesseract_kinematics:/root/crs_ws_fanuc/install/tesseract_scene_graph:/root/crs_ws_fanuc/install/tesseract_msgs:/root/crs_ws_fanuc/install/tesseract_geometry:/root/crs_ws_fanuc/install/tesseract_common:/root/crs_ws_fanuc/install/rclcpp_scxml_demos:/root/crs_ws_fanuc/install/scxml_core:/root/crs_ws_fanuc/install/region_detection_rclcpp:/root/crs_ws_fanuc/install/region_detection_msgs:/root/crs_ws_fanuc/install/region_detection_core:/root/crs_ws_fanuc/install/osqp_eigen:/root/crs_ws_fanuc/install/osqp:/root/crs_ws_fanuc/install/descartes_opw:/root/crs_ws_fanuc/install/opw_kinematics:/root/crs_ws_fanuc/install/octomap_msgs:/root/crs_ws_fanuc/install/fcl:/root/crs_ws_fanuc/install/libccd:/root/crs_ws_fanuc/install/iterative_spline_parameterization:/root/crs_ws_fanuc/install/ifopt:/root/crs_ws_fanuc/install/gtest:/root/crs_ws_fanuc/install/descartes_samplers:/root/crs_ws_fanuc/install/descartes_ikfast:/root/crs_ws_fanuc/install/descartes_light:/root/crs_ws_fanuc/install/crs_toolpath_gen:/root/crs_ws_fanuc/install/crs_support:/root/crs_ws_fanuc/install/crs_process_data:/root/crs_ws_fanuc/install/crs_perception:/root/crs_ws_fanuc/install/crs_area_selection:/root/crs_ws_fanuc/install/crs_msgs:/root/crs_ws_fanuc/install/crs_gazebo_plugins:/root/crs_ws_fanuc/install/bullet3:/opt/qt513/lib/cmake LD_LIBRARY_PATH=/root/crs_ws_fanuc/install/cartesian_trajectory_msgs/lib:/opt/ros/melodic/lib:/root/crs_ws_fanuc/install/vhacd/lib:/root/crs_ws_fanuc/install/crs_gui/lib:/root/crs_ws_fanuc/install/crs_application/lib:/root/crs_ws_fanuc/install/crs_motion_planning/lib:/root/crs_ws_fanuc/install/ur_ikfast_kinematics/lib:/root/crs_ws_fanuc/install/ur_dashboard_msgs/lib:/root/crs_ws_fanuc/install/trajopt_sqp/lib:/root/crs_ws_fanuc/install/trajopt_ifopt/lib:/root/crs_ws_fanuc/install/tesseract_monitoring/lib:/root/crs_ws_fanuc/install/tesseract_process_planners/lib:/root/crs_ws_fanuc/install/tesseract_motion_planners/lib:/root/crs_ws_fanuc/install/trajopt/lib:/root/crs_ws_fanuc/install/trajopt_sco/lib:/root/crs_ws_fanuc/install/trajopt_utils/lib:/root/crs_ws_fanuc/install/tesseract/lib:/root/crs_ws_fanuc/install/tesseract_urdf/lib:/root/crs_ws_fanuc/install/tesseract_plugins/lib:/root/crs_ws_fanuc/install/tesseract_environment/lib:/root/crs_ws_fanuc/install/tesseract_collision/lib:/root/crs_ws_fanuc/install/tesseract_kinematics/lib:/root/crs_ws_fanuc/install/tesseract_scene_graph/lib:/root/crs_ws_fanuc/install/tesseract_msgs/lib:/root/crs_ws_fanuc/install/scxml_core/lib:/root/crs_ws_fanuc/install/region_detection_msgs/lib:/root/crs_ws_fanuc/install/region_detection_core/lib:/root/crs_ws_fanuc/install/osqp_eigen/lib:/root/crs_ws_fanuc/install/osqp/lib:/root/crs_ws_fanuc/install/descartes_opw/lib:/root/crs_ws_fanuc/install/octomap_msgs/lib:/root/crs_ws_fanuc/install/fcl/lib:/root/crs_ws_fanuc/install/libccd/lib:/root/crs_ws_fanuc/install/ifopt/lib:/root/crs_ws_fanuc/install/gtest/lib:/root/crs_ws_fanuc/install/descartes_samplers/lib:/root/crs_ws_fanuc/install/descartes_light/lib:/root/crs_ws_fanuc/install/crs_perception/lib:/root/crs_ws_fanuc/install/crs_area_selection/lib:/root/crs_ws_fanuc/install/crs_msgs/lib:/root/crs_ws_fanuc/install/crs_gazebo_plugins/lib:/root/crs_ws_fanuc/install/bullet3/lib:/opt/qt513/plugins:/opt/qt513/lib:/usr/lib/x86_64-linux-gnu/gazebo-9/plugins:/opt/ros/eloquent/opt/yaml_cpp_vendor/lib:/opt/ros/eloquent/opt/rviz_ogre_vendor/lib:/opt/ros/eloquent/lib/x86_64-linux-gnu:/opt/ros/eloquent/lib PYTHONPATH=/root/crs_ws_fanuc/install/cartesian_trajectory_msgs/lib/python3.6/site-packages:/opt/ros/melodic/lib/python2.7/dist-packages:/root/crs_ws_fanuc/install/ur_dashboard_msgs/lib/python3.6/site-packages:/root/crs_ws_fanuc/install/tesseract_msgs/lib/python3.6/site-packages:/root/crs_ws_fanuc/install/region_detection_msgs/lib/python3.6/site-packages:/root/crs_ws_fanuc/install/octomap_msgs/lib/python3.6/site-packages:/root/crs_ws_fanuc/install/crs_utils_py/lib/python3.6/site-packages:/root/crs_ws_fanuc/install/crs_msgs/lib/python3.6/site-packages:/opt/ros/eloquent/lib/python3.6/site-packages /usr/bin/cmake --build /root/crs_ws_fanuc/build/crs_msgs --target install -- -j8 -l8
