Determining if the pthread_create exist failed with the following output:
Change Dir: /root/crs_ws_fanuc/build/ur_ikfast_kinematics/CMakeFiles/CMakeTmp

Run Build Command:"/usr/bin/make" "cmTC_6ac99/fast"
/usr/bin/make -f CMakeFiles/cmTC_6ac99.dir/build.make CMakeFiles/cmTC_6ac99.dir/build
make[1]: Entering directory '/root/crs_ws_fanuc/build/ur_ikfast_kinematics/CMakeFiles/CMakeTmp'
Building CXX object CMakeFiles/cmTC_6ac99.dir/CheckSymbolExists.cxx.o
/usr/bin/c++     -o CMakeFiles/cmTC_6ac99.dir/CheckSymbolExists.cxx.o -c /root/crs_ws_fanuc/build/ur_ikfast_kinematics/CMakeFiles/CMakeTmp/CheckSymbolExists.cxx
Linking CXX executable cmTC_6ac99
/usr/bin/cmake -E cmake_link_script CMakeFiles/cmTC_6ac99.dir/link.txt --verbose=1
/usr/bin/c++       CMakeFiles/cmTC_6ac99.dir/CheckSymbolExists.cxx.o  -o cmTC_6ac99 
CMakeFiles/cmTC_6ac99.dir/CheckSymbolExists.cxx.o: In function `main':
CheckSymbolExists.cxx:(.text+0x1b): undefined reference to `pthread_create'
collect2: error: ld returned 1 exit status
CMakeFiles/cmTC_6ac99.dir/build.make:97: recipe for target 'cmTC_6ac99' failed
make[1]: *** [cmTC_6ac99] Error 1
make[1]: Leaving directory '/root/crs_ws_fanuc/build/ur_ikfast_kinematics/CMakeFiles/CMakeTmp'
Makefile:126: recipe for target 'cmTC_6ac99/fast' failed
make: *** [cmTC_6ac99/fast] Error 2

File /root/crs_ws_fanuc/build/ur_ikfast_kinematics/CMakeFiles/CMakeTmp/CheckSymbolExists.cxx:
/* */
#include <pthread.h>

int main(int argc, char** argv)
{
  (void)argv;
#ifndef pthread_create
  return ((int*)(&pthread_create))[argc];
#else
  (void)argc;
  return 0;
#endif
}

Determining if the function pthread_create exists in the pthreads failed with the following output:
Change Dir: /root/crs_ws_fanuc/build/ur_ikfast_kinematics/CMakeFiles/CMakeTmp

Run Build Command:"/usr/bin/make" "cmTC_5cf9c/fast"
/usr/bin/make -f CMakeFiles/cmTC_5cf9c.dir/build.make CMakeFiles/cmTC_5cf9c.dir/build
make[1]: Entering directory '/root/crs_ws_fanuc/build/ur_ikfast_kinematics/CMakeFiles/CMakeTmp'
Building CXX object CMakeFiles/cmTC_5cf9c.dir/CheckFunctionExists.cxx.o
/usr/bin/c++    -DCHECK_FUNCTION_EXISTS=pthread_create   -o CMakeFiles/cmTC_5cf9c.dir/CheckFunctionExists.cxx.o -c /root/crs_ws_fanuc/build/ur_ikfast_kinematics/CMakeFiles/CheckLibraryExists/CheckFunctionExists.cxx
Linking CXX executable cmTC_5cf9c
/usr/bin/cmake -E cmake_link_script CMakeFiles/cmTC_5cf9c.dir/link.txt --verbose=1
/usr/bin/c++   -DCHECK_FUNCTION_EXISTS=pthread_create    CMakeFiles/cmTC_5cf9c.dir/CheckFunctionExists.cxx.o  -o cmTC_5cf9c -lpthreads 
/usr/bin/ld: cannot find -lpthreads
collect2: error: ld returned 1 exit status
CMakeFiles/cmTC_5cf9c.dir/build.make:97: recipe for target 'cmTC_5cf9c' failed
make[1]: *** [cmTC_5cf9c] Error 1
make[1]: Leaving directory '/root/crs_ws_fanuc/build/ur_ikfast_kinematics/CMakeFiles/CMakeTmp'
Makefile:126: recipe for target 'cmTC_5cf9c/fast' failed
make: *** [cmTC_5cf9c/fast] Error 2


