[0.095s] Invoking command in '/root/crs_ws_fanuc/build/descartes_samplers': CMAKE_PREFIX_PATH=/root/crs_ws_fanuc/install/descartes_light:/opt/qt513/lib/cmake:/opt/ros/eloquent LD_LIBRARY_PATH=/root/crs_ws_fanuc/install/descartes_light/lib:${LD_LIBRARY_PATH} PKG_CONFIG_PATH=/root/crs_ws_fanuc/install/descartes_light/lib/x86_64-linux-gnu/pkgconfig:/root/crs_ws_fanuc/install/descartes_light/lib/pkgconfig /usr/bin/cmake --build /root/crs_ws_fanuc/build/descartes_samplers -- -j8 -l8
[0.319s] [100%] Built target descartes_samplers
[0.355s] Invoked command in '/root/crs_ws_fanuc/build/descartes_samplers' returned '0': CMAKE_PREFIX_PATH=/root/crs_ws_fanuc/install/descartes_light:/opt/qt513/lib/cmake:/opt/ros/eloquent LD_LIBRARY_PATH=/root/crs_ws_fanuc/install/descartes_light/lib:${LD_LIBRARY_PATH} PKG_CONFIG_PATH=/root/crs_ws_fanuc/install/descartes_light/lib/x86_64-linux-gnu/pkgconfig:/root/crs_ws_fanuc/install/descartes_light/lib/pkgconfig /usr/bin/cmake --build /root/crs_ws_fanuc/build/descartes_samplers -- -j8 -l8
[0.748s] Invoking command in '/root/crs_ws_fanuc/build/descartes_samplers': CMAKE_PREFIX_PATH=/root/crs_ws_fanuc/install/descartes_light:/opt/qt513/lib/cmake:/opt/ros/eloquent LD_LIBRARY_PATH=/root/crs_ws_fanuc/install/descartes_light/lib:${LD_LIBRARY_PATH} PKG_CONFIG_PATH=/root/crs_ws_fanuc/install/descartes_light/lib/x86_64-linux-gnu/pkgconfig:/root/crs_ws_fanuc/install/descartes_light/lib/pkgconfig /usr/bin/cmake --build /root/crs_ws_fanuc/build/descartes_samplers --target install -- -j8 -l8
[1.034s] [100%] Built target descartes_samplers
[1.099s] [36mInstall the project...[0m
[1.141s] -- Install configuration: "Debug"
[1.142s] -- Up-to-date: /root/crs_ws_fanuc/install/descartes_samplers/lib/libdescartes_samplers.so
[1.142s] -- Up-to-date: /root/crs_ws_fanuc/install/descartes_samplers/lib/cmake/descartes_samplers/descartes_samplers-targets.cmake
[1.143s] -- Up-to-date: /root/crs_ws_fanuc/install/descartes_samplers/lib/cmake/descartes_samplers/descartes_samplers-targets-debug.cmake
[1.143s] -- Up-to-date: /root/crs_ws_fanuc/install/descartes_samplers/share/descartes_samplers/package.xml
[1.143s] -- Up-to-date: /root/crs_ws_fanuc/install/descartes_samplers/lib/cmake/descartes_samplers/descartes_samplers-config.cmake
[1.143s] -- Up-to-date: /root/crs_ws_fanuc/install/descartes_samplers/lib/cmake/descartes_samplers/descartes_samplers-config-version.cmake
[1.143s] -- Up-to-date: /root/crs_ws_fanuc/install/descartes_samplers/include/descartes_samplers
[1.144s] -- Up-to-date: /root/crs_ws_fanuc/install/descartes_samplers/include/descartes_samplers/samplers
[1.144s] -- Up-to-date: /root/crs_ws_fanuc/install/descartes_samplers/include/descartes_samplers/samplers/external_axis_sampler.h
[1.144s] -- Up-to-date: /root/crs_ws_fanuc/install/descartes_samplers/include/descartes_samplers/samplers/impl
[1.144s] -- Up-to-date: /root/crs_ws_fanuc/install/descartes_samplers/include/descartes_samplers/samplers/impl/railed_axial_symmetric_sampler.hpp
[1.145s] -- Up-to-date: /root/crs_ws_fanuc/install/descartes_samplers/include/descartes_samplers/samplers/impl/axial_symmetric_sampler.hpp
[1.145s] -- Up-to-date: /root/crs_ws_fanuc/install/descartes_samplers/include/descartes_samplers/samplers/impl/external_axis_sampler.hpp
[1.145s] -- Up-to-date: /root/crs_ws_fanuc/install/descartes_samplers/include/descartes_samplers/samplers/impl/railed_cartesian_point_sampler.hpp
[1.146s] -- Up-to-date: /root/crs_ws_fanuc/install/descartes_samplers/include/descartes_samplers/samplers/impl/fixed_joint_pose_sampler.hpp
[1.146s] -- Up-to-date: /root/crs_ws_fanuc/install/descartes_samplers/include/descartes_samplers/samplers/impl/cartesian_point_sampler.hpp
[1.146s] -- Up-to-date: /root/crs_ws_fanuc/install/descartes_samplers/include/descartes_samplers/samplers/cartesian_point_sampler.h
[1.150s] -- Up-to-date: /root/crs_ws_fanuc/install/descartes_samplers/include/descartes_samplers/samplers/railed_cartesian_point_sampler.h
[1.150s] -- Up-to-date: /root/crs_ws_fanuc/install/descartes_samplers/include/descartes_samplers/samplers/fixed_joint_pose_sampler.h
[1.154s] -- Up-to-date: /root/crs_ws_fanuc/install/descartes_samplers/include/descartes_samplers/samplers/axial_symmetric_sampler.h
[1.154s] -- Up-to-date: /root/crs_ws_fanuc/install/descartes_samplers/include/descartes_samplers/samplers/railed_axial_symmetric_sampler.h
[1.155s] -- Up-to-date: /root/crs_ws_fanuc/install/descartes_samplers/include/descartes_samplers/evaluators
[1.155s] -- Up-to-date: /root/crs_ws_fanuc/install/descartes_samplers/include/descartes_samplers/evaluators/impl
[1.155s] -- Up-to-date: /root/crs_ws_fanuc/install/descartes_samplers/include/descartes_samplers/evaluators/impl/distance_edge_evaluator.hpp
[1.155s] -- Up-to-date: /root/crs_ws_fanuc/install/descartes_samplers/include/descartes_samplers/evaluators/impl/euclidean_distance_edge_evaluator.hpp
[1.155s] -- Up-to-date: /root/crs_ws_fanuc/install/descartes_samplers/include/descartes_samplers/evaluators/impl/gantry_euclidean_distance_edge_evaluator.hpp
[1.155s] -- Up-to-date: /root/crs_ws_fanuc/install/descartes_samplers/include/descartes_samplers/evaluators/gantry_euclidean_distance_edge_evaluator.h
[1.156s] -- Up-to-date: /root/crs_ws_fanuc/install/descartes_samplers/include/descartes_samplers/evaluators/distance_edge_evaluator.h
[1.156s] -- Up-to-date: /root/crs_ws_fanuc/install/descartes_samplers/include/descartes_samplers/evaluators/euclidean_distance_edge_evaluator.h
[1.156s] Invoked command in '/root/crs_ws_fanuc/build/descartes_samplers' returned '0': CMAKE_PREFIX_PATH=/root/crs_ws_fanuc/install/descartes_light:/opt/qt513/lib/cmake:/opt/ros/eloquent LD_LIBRARY_PATH=/root/crs_ws_fanuc/install/descartes_light/lib:${LD_LIBRARY_PATH} PKG_CONFIG_PATH=/root/crs_ws_fanuc/install/descartes_light/lib/x86_64-linux-gnu/pkgconfig:/root/crs_ws_fanuc/install/descartes_light/lib/pkgconfig /usr/bin/cmake --build /root/crs_ws_fanuc/build/descartes_samplers --target install -- -j8 -l8
