[0.080s] Invoking command in '/root/crs_ws_fanuc/build/region_detection_msgs': CMAKE_PREFIX_PATH=${CMAKE_PREFIX_PATH}:/opt/ros/eloquent /usr/bin/cmake --build /root/crs_ws_fanuc/build/region_detection_msgs -- -j8 -l8
[0.342s] [  1%] Built target region_detection_msgs__cpp
[0.380s] [ 13%] Built target region_detection_msgs__rosidl_generator_c
[0.471s] [ 24%] Built target region_detection_msgs__rosidl_typesupport_introspection_cpp
[0.515s] [ 36%] Built target region_detection_msgs__rosidl_typesupport_introspection_c
[0.515s] [ 47%] Built target region_detection_msgs__rosidl_typesupport_fastrtps_cpp
[0.653s] [ 59%] Built target region_detection_msgs__rosidl_typesupport_cpp
[0.686s] [ 70%] Built target region_detection_msgs__rosidl_typesupport_fastrtps_c
[0.767s] [ 81%] Built target region_detection_msgs__rosidl_typesupport_c
[0.884s] [ 81%] Built target region_detection_msgs
[0.952s] [ 83%] Built target region_detection_msgs__py
[1.049s] [ 93%] Built target region_detection_msgs__python
[1.160s] [ 96%] Built target region_detection_msgs__rosidl_typesupport_c__pyext
[1.180s] [100%] Built target region_detection_msgs__rosidl_typesupport_fastrtps_c__pyext
[1.212s] Invoked command in '/root/crs_ws_fanuc/build/region_detection_msgs' returned '0': CMAKE_PREFIX_PATH=${CMAKE_PREFIX_PATH}:/opt/ros/eloquent /usr/bin/cmake --build /root/crs_ws_fanuc/build/region_detection_msgs -- -j8 -l8
[2.523s] Invoking command in '/root/crs_ws_fanuc/build/region_detection_msgs': CMAKE_PREFIX_PATH=${CMAKE_PREFIX_PATH}:/opt/ros/eloquent /usr/bin/cmake --build /root/crs_ws_fanuc/build/region_detection_msgs --target install -- -j8 -l8
[2.692s] [  1%] Built target region_detection_msgs__cpp
[2.737s] [ 13%] Built target region_detection_msgs__rosidl_generator_c
[2.784s] [ 24%] Built target region_detection_msgs__rosidl_typesupport_introspection_cpp
[2.794s] [ 36%] Built target region_detection_msgs__rosidl_typesupport_fastrtps_cpp
[2.846s] [ 47%] Built target region_detection_msgs__rosidl_typesupport_introspection_c
[2.899s] [ 59%] Built target region_detection_msgs__rosidl_typesupport_cpp
[2.959s] [ 70%] Built target region_detection_msgs__rosidl_typesupport_fastrtps_c
[3.029s] [ 81%] Built target region_detection_msgs__rosidl_typesupport_c
[3.113s] [ 81%] Built target region_detection_msgs
[3.241s] [ 83%] Built target region_detection_msgs__py
[3.309s] [ 93%] Built target region_detection_msgs__python
[3.381s] [ 96%] Built target region_detection_msgs__rosidl_typesupport_fastrtps_c__pyext
[3.382s] [100%] Built target region_detection_msgs__rosidl_typesupport_c__pyext
[3.434s] [36mInstall the project...[0m
[3.449s] -- Install configuration: "Debug"
[3.451s] -- Execute custom install script
[3.451s] -- Up-to-date symlink: /root/crs_ws_fanuc/install/region_detection_msgs/share/ament_index/resource_index/rosidl_interfaces/region_detection_msgs
[3.452s] -- Up-to-date symlink: /root/crs_ws_fanuc/install/region_detection_msgs/lib/libregion_detection_msgs__rosidl_typesupport_c.so
[3.453s] -- Up-to-date symlink: /root/crs_ws_fanuc/install/region_detection_msgs/share/region_detection_msgs/environment/library_path.sh
[3.453s] -- Up-to-date symlink: /root/crs_ws_fanuc/install/region_detection_msgs/share/region_detection_msgs/environment/library_path.dsv
[3.454s] -- Up-to-date symlink: /root/crs_ws_fanuc/install/region_detection_msgs/lib/libregion_detection_msgs__rosidl_typesupport_cpp.so
[3.455s] -- Up-to-date symlink: /root/crs_ws_fanuc/install/region_detection_msgs/include/region_detection_msgs/msg/pose_set__rosidl_typesupport_fastrtps_c.h
[3.456s] -- Up-to-date symlink: /root/crs_ws_fanuc/install/region_detection_msgs/include/region_detection_msgs/msg/rosidl_typesupport_fastrtps_c__visibility_control.h
[3.456s] -- Up-to-date symlink: /root/crs_ws_fanuc/install/region_detection_msgs/include/region_detection_msgs/srv/crop_data__rosidl_typesupport_fastrtps_c.h
[3.456s] -- Up-to-date symlink: /root/crs_ws_fanuc/install/region_detection_msgs/include/region_detection_msgs/srv/detect_regions__rosidl_typesupport_fastrtps_c.h
[3.457s] -- Up-to-date symlink: /root/crs_ws_fanuc/install/region_detection_msgs/include/region_detection_msgs/srv/get_selected_regions__rosidl_typesupport_fastrtps_c.h
[3.457s] -- Up-to-date symlink: /root/crs_ws_fanuc/install/region_detection_msgs/include/region_detection_msgs/srv/show_selectable_regions__rosidl_typesupport_fastrtps_c.h
[3.458s] -- Up-to-date symlink: /root/crs_ws_fanuc/install/region_detection_msgs/lib/libregion_detection_msgs__rosidl_typesupport_fastrtps_c.so
[3.459s] -- Up-to-date symlink: /root/crs_ws_fanuc/install/region_detection_msgs/include/region_detection_msgs/msg/pose_set.h
[3.460s] -- Up-to-date symlink: /root/crs_ws_fanuc/install/region_detection_msgs/include/region_detection_msgs/msg/pose_set__functions.h
[3.460s] -- Up-to-date symlink: /root/crs_ws_fanuc/install/region_detection_msgs/include/region_detection_msgs/msg/pose_set__struct.h
[3.461s] -- Up-to-date symlink: /root/crs_ws_fanuc/install/region_detection_msgs/include/region_detection_msgs/msg/pose_set__type_support.h
[3.461s] -- Up-to-date symlink: /root/crs_ws_fanuc/install/region_detection_msgs/include/region_detection_msgs/msg/rosidl_generator_c__visibility_control.h
[3.461s] -- Up-to-date symlink: /root/crs_ws_fanuc/install/region_detection_msgs/include/region_detection_msgs/srv/crop_data.h
[3.461s] -- Up-to-date symlink: /root/crs_ws_fanuc/install/region_detection_msgs/include/region_detection_msgs/srv/crop_data__functions.h
[3.462s] -- Up-to-date symlink: /root/crs_ws_fanuc/install/region_detection_msgs/include/region_detection_msgs/srv/crop_data__struct.h
[3.462s] -- Up-to-date symlink: /root/crs_ws_fanuc/install/region_detection_msgs/include/region_detection_msgs/srv/crop_data__type_support.h
[3.462s] -- Up-to-date symlink: /root/crs_ws_fanuc/install/region_detection_msgs/include/region_detection_msgs/srv/detect_regions.h
[3.462s] -- Up-to-date symlink: /root/crs_ws_fanuc/install/region_detection_msgs/include/region_detection_msgs/srv/detect_regions__functions.h
[3.466s] -- Up-to-date symlink: /root/crs_ws_fanuc/install/region_detection_msgs/include/region_detection_msgs/srv/detect_regions__struct.h
[3.466s] -- Up-to-date symlink: /root/crs_ws_fanuc/install/region_detection_msgs/include/region_detection_msgs/srv/detect_regions__type_support.h
[3.466s] -- Up-to-date symlink: /root/crs_ws_fanuc/install/region_detection_msgs/include/region_detection_msgs/srv/get_selected_regions.h
[3.466s] -- Up-to-date symlink: /root/crs_ws_fanuc/install/region_detection_msgs/include/region_detection_msgs/srv/get_selected_regions__functions.h
[3.467s] -- Up-to-date symlink: /root/crs_ws_fanuc/install/region_detection_msgs/include/region_detection_msgs/srv/get_selected_regions__struct.h
[3.467s] -- Up-to-date symlink: /root/crs_ws_fanuc/install/region_detection_msgs/include/region_detection_msgs/srv/get_selected_regions__type_support.h
[3.467s] -- Up-to-date symlink: /root/crs_ws_fanuc/install/region_detection_msgs/include/region_detection_msgs/srv/show_selectable_regions.h
[3.468s] -- Up-to-date symlink: /root/crs_ws_fanuc/install/region_detection_msgs/include/region_detection_msgs/srv/show_selectable_regions__functions.h
[3.468s] -- Up-to-date symlink: /root/crs_ws_fanuc/install/region_detection_msgs/include/region_detection_msgs/srv/show_selectable_regions__struct.h
[3.468s] -- Up-to-date symlink: /root/crs_ws_fanuc/install/region_detection_msgs/include/region_detection_msgs/srv/show_selectable_regions__type_support.h
[3.468s] -- Up-to-date symlink: /root/crs_ws_fanuc/install/region_detection_msgs/lib/libregion_detection_msgs__rosidl_generator_c.so
[3.468s] -- Up-to-date symlink: /root/crs_ws_fanuc/install/region_detection_msgs/include/region_detection_msgs/msg/pose_set__rosidl_typesupport_fastrtps_cpp.hpp
[3.469s] -- Up-to-date symlink: /root/crs_ws_fanuc/install/region_detection_msgs/include/region_detection_msgs/msg/rosidl_typesupport_fastrtps_cpp__visibility_control.h
[3.469s] -- Up-to-date symlink: /root/crs_ws_fanuc/install/region_detection_msgs/include/region_detection_msgs/srv/crop_data__rosidl_typesupport_fastrtps_cpp.hpp
[3.469s] -- Up-to-date symlink: /root/crs_ws_fanuc/install/region_detection_msgs/include/region_detection_msgs/srv/detect_regions__rosidl_typesupport_fastrtps_cpp.hpp
[3.470s] -- Up-to-date symlink: /root/crs_ws_fanuc/install/region_detection_msgs/include/region_detection_msgs/srv/get_selected_regions__rosidl_typesupport_fastrtps_cpp.hpp
[3.470s] -- Up-to-date symlink: /root/crs_ws_fanuc/install/region_detection_msgs/include/region_detection_msgs/srv/show_selectable_regions__rosidl_typesupport_fastrtps_cpp.hpp
[3.471s] -- Up-to-date symlink: /root/crs_ws_fanuc/install/region_detection_msgs/lib/libregion_detection_msgs__rosidl_typesupport_fastrtps_cpp.so
[3.472s] -- Up-to-date symlink: /root/crs_ws_fanuc/install/region_detection_msgs/include/region_detection_msgs/msg/pose_set.hpp
[3.472s] -- Up-to-date symlink: /root/crs_ws_fanuc/install/region_detection_msgs/include/region_detection_msgs/msg/pose_set__struct.hpp
[3.472s] -- Up-to-date symlink: /root/crs_ws_fanuc/install/region_detection_msgs/include/region_detection_msgs/msg/pose_set__traits.hpp
[3.473s] -- Up-to-date symlink: /root/crs_ws_fanuc/install/region_detection_msgs/include/region_detection_msgs/srv/crop_data.hpp
[3.473s] -- Up-to-date symlink: /root/crs_ws_fanuc/install/region_detection_msgs/include/region_detection_msgs/srv/crop_data__struct.hpp
[3.474s] -- Up-to-date symlink: /root/crs_ws_fanuc/install/region_detection_msgs/include/region_detection_msgs/srv/crop_data__traits.hpp
[3.474s] -- Up-to-date symlink: /root/crs_ws_fanuc/install/region_detection_msgs/include/region_detection_msgs/srv/detect_regions.hpp
[3.474s] -- Up-to-date symlink: /root/crs_ws_fanuc/install/region_detection_msgs/include/region_detection_msgs/srv/detect_regions__struct.hpp
[3.474s] -- Up-to-date symlink: /root/crs_ws_fanuc/install/region_detection_msgs/include/region_detection_msgs/srv/detect_regions__traits.hpp
[3.475s] -- Up-to-date symlink: /root/crs_ws_fanuc/install/region_detection_msgs/include/region_detection_msgs/srv/get_selected_regions.hpp
[3.475s] -- Up-to-date symlink: /root/crs_ws_fanuc/install/region_detection_msgs/include/region_detection_msgs/srv/get_selected_regions__struct.hpp
[3.475s] -- Up-to-date symlink: /root/crs_ws_fanuc/install/region_detection_msgs/include/region_detection_msgs/srv/get_selected_regions__traits.hpp
[3.476s] -- Up-to-date symlink: /root/crs_ws_fanuc/install/region_detection_msgs/include/region_detection_msgs/srv/show_selectable_regions.hpp
[3.479s] -- Up-to-date symlink: /root/crs_ws_fanuc/install/region_detection_msgs/include/region_detection_msgs/srv/show_selectable_regions__struct.hpp
[3.480s] -- Up-to-date symlink: /root/crs_ws_fanuc/install/region_detection_msgs/include/region_detection_msgs/srv/show_selectable_regions__traits.hpp
[3.480s] -- Up-to-date symlink: /root/crs_ws_fanuc/install/region_detection_msgs/include/region_detection_msgs/msg/pose_set__rosidl_typesupport_introspection_c.h
[3.480s] -- Up-to-date symlink: /root/crs_ws_fanuc/install/region_detection_msgs/include/region_detection_msgs/msg/rosidl_typesupport_introspection_c__visibility_control.h
[3.481s] -- Up-to-date symlink: /root/crs_ws_fanuc/install/region_detection_msgs/include/region_detection_msgs/srv/crop_data__rosidl_typesupport_introspection_c.h
[3.481s] -- Up-to-date symlink: /root/crs_ws_fanuc/install/region_detection_msgs/include/region_detection_msgs/srv/detect_regions__rosidl_typesupport_introspection_c.h
[3.482s] -- Up-to-date symlink: /root/crs_ws_fanuc/install/region_detection_msgs/include/region_detection_msgs/srv/get_selected_regions__rosidl_typesupport_introspection_c.h
[3.482s] -- Up-to-date symlink: /root/crs_ws_fanuc/install/region_detection_msgs/include/region_detection_msgs/srv/show_selectable_regions__rosidl_typesupport_introspection_c.h
[3.482s] -- Up-to-date symlink: /root/crs_ws_fanuc/install/region_detection_msgs/lib/libregion_detection_msgs__rosidl_typesupport_introspection_c.so
[3.483s] -- Up-to-date symlink: /root/crs_ws_fanuc/install/region_detection_msgs/include/region_detection_msgs/msg/pose_set__rosidl_typesupport_introspection_cpp.hpp
[3.483s] -- Up-to-date symlink: /root/crs_ws_fanuc/install/region_detection_msgs/include/region_detection_msgs/srv/crop_data__rosidl_typesupport_introspection_cpp.hpp
[3.483s] -- Up-to-date symlink: /root/crs_ws_fanuc/install/region_detection_msgs/include/region_detection_msgs/srv/detect_regions__rosidl_typesupport_introspection_cpp.hpp
[3.483s] -- Up-to-date symlink: /root/crs_ws_fanuc/install/region_detection_msgs/include/region_detection_msgs/srv/get_selected_regions__rosidl_typesupport_introspection_cpp.hpp
[3.484s] -- Up-to-date symlink: /root/crs_ws_fanuc/install/region_detection_msgs/include/region_detection_msgs/srv/show_selectable_regions__rosidl_typesupport_introspection_cpp.hpp
[3.484s] -- Up-to-date symlink: /root/crs_ws_fanuc/install/region_detection_msgs/lib/libregion_detection_msgs__rosidl_typesupport_introspection_cpp.so
[3.484s] -- Up-to-date symlink: /root/crs_ws_fanuc/install/region_detection_msgs/share/region_detection_msgs/environment/pythonpath.sh
[3.485s] -- Up-to-date symlink: /root/crs_ws_fanuc/install/region_detection_msgs/share/region_detection_msgs/environment/pythonpath.dsv
[3.486s] -- Up-to-date symlink: /root/crs_ws_fanuc/install/region_detection_msgs/lib/python3.6/site-packages/region_detection_msgs/__init__.py
[3.486s] -- Up-to-date symlink: /root/crs_ws_fanuc/install/region_detection_msgs/lib/python3.6/site-packages/region_detection_msgs/msg/__init__.py
[3.486s] -- Up-to-date symlink: /root/crs_ws_fanuc/install/region_detection_msgs/lib/python3.6/site-packages/region_detection_msgs/msg/_pose_set.py
[3.489s] -- Up-to-date symlink: /root/crs_ws_fanuc/install/region_detection_msgs/lib/python3.6/site-packages/region_detection_msgs/srv/__init__.py
[3.490s] -- Up-to-date symlink: /root/crs_ws_fanuc/install/region_detection_msgs/lib/python3.6/site-packages/region_detection_msgs/srv/_crop_data.py
[3.490s] -- Up-to-date symlink: /root/crs_ws_fanuc/install/region_detection_msgs/lib/python3.6/site-packages/region_detection_msgs/srv/_detect_regions.py
[3.490s] -- Up-to-date symlink: /root/crs_ws_fanuc/install/region_detection_msgs/lib/python3.6/site-packages/region_detection_msgs/srv/_get_selected_regions.py
[3.490s] -- Up-to-date symlink: /root/crs_ws_fanuc/install/region_detection_msgs/lib/python3.6/site-packages/region_detection_msgs/srv/_show_selectable_regions.py
[3.490s] -- Up-to-date symlink: /root/crs_ws_fanuc/install/region_detection_msgs/lib/python3.6/site-packages/region_detection_msgs/region_detection_msgs_s__rosidl_typesupport_c.cpython-36m-x86_64-linux-gnu.so
[3.491s] -- Up-to-date symlink: /root/crs_ws_fanuc/install/region_detection_msgs/lib/python3.6/site-packages/region_detection_msgs/region_detection_msgs_s__rosidl_typesupport_fastrtps_c.cpython-36m-x86_64-linux-gnu.so
[3.492s] -- Up-to-date symlink: /root/crs_ws_fanuc/install/region_detection_msgs/lib/libregion_detection_msgs__python.so
[3.492s] -- Up-to-date symlink: /root/crs_ws_fanuc/install/region_detection_msgs/share/region_detection_msgs/msg/PoseSet.idl
[3.492s] -- Up-to-date symlink: /root/crs_ws_fanuc/install/region_detection_msgs/share/region_detection_msgs/srv/CropData.idl
[3.493s] -- Up-to-date symlink: /root/crs_ws_fanuc/install/region_detection_msgs/share/region_detection_msgs/srv/DetectRegions.idl
[3.493s] -- Up-to-date symlink: /root/crs_ws_fanuc/install/region_detection_msgs/share/region_detection_msgs/srv/ShowSelectableRegions.idl
[3.494s] -- Up-to-date symlink: /root/crs_ws_fanuc/install/region_detection_msgs/share/region_detection_msgs/srv/GetSelectedRegions.idl
[3.494s] -- Up-to-date symlink: /root/crs_ws_fanuc/install/region_detection_msgs/share/region_detection_msgs/msg/PoseSet.msg
[3.495s] -- Up-to-date symlink: /root/crs_ws_fanuc/install/region_detection_msgs/share/region_detection_msgs/srv/CropData.srv
[3.495s] -- Up-to-date symlink: /root/crs_ws_fanuc/install/region_detection_msgs/share/region_detection_msgs/srv/CropData_Request.msg
[3.496s] -- Up-to-date symlink: /root/crs_ws_fanuc/install/region_detection_msgs/share/region_detection_msgs/srv/CropData_Response.msg
[3.496s] -- Up-to-date symlink: /root/crs_ws_fanuc/install/region_detection_msgs/share/region_detection_msgs/srv/DetectRegions.srv
[3.497s] -- Up-to-date symlink: /root/crs_ws_fanuc/install/region_detection_msgs/share/region_detection_msgs/srv/DetectRegions_Request.msg
[3.497s] -- Up-to-date symlink: /root/crs_ws_fanuc/install/region_detection_msgs/share/region_detection_msgs/srv/DetectRegions_Response.msg
[3.498s] -- Up-to-date symlink: /root/crs_ws_fanuc/install/region_detection_msgs/share/region_detection_msgs/srv/ShowSelectableRegions.srv
[3.498s] -- Up-to-date symlink: /root/crs_ws_fanuc/install/region_detection_msgs/share/region_detection_msgs/srv/ShowSelectableRegions_Request.msg
[3.499s] -- Up-to-date symlink: /root/crs_ws_fanuc/install/region_detection_msgs/share/region_detection_msgs/srv/ShowSelectableRegions_Response.msg
[3.499s] -- Up-to-date symlink: /root/crs_ws_fanuc/install/region_detection_msgs/share/region_detection_msgs/srv/GetSelectedRegions.srv
[3.500s] -- Up-to-date symlink: /root/crs_ws_fanuc/install/region_detection_msgs/share/region_detection_msgs/srv/GetSelectedRegions_Request.msg
[3.500s] -- Up-to-date symlink: /root/crs_ws_fanuc/install/region_detection_msgs/share/region_detection_msgs/srv/GetSelectedRegions_Response.msg
[3.501s] -- Up-to-date symlink: /root/crs_ws_fanuc/install/region_detection_msgs/share/ament_index/resource_index/package_run_dependencies/region_detection_msgs
[3.501s] -- Up-to-date symlink: /root/crs_ws_fanuc/install/region_detection_msgs/share/ament_index/resource_index/parent_prefix_path/region_detection_msgs
[3.502s] -- Up-to-date symlink: /root/crs_ws_fanuc/install/region_detection_msgs/share/region_detection_msgs/environment/ament_prefix_path.sh
[3.502s] -- Up-to-date symlink: /root/crs_ws_fanuc/install/region_detection_msgs/share/region_detection_msgs/environment/ament_prefix_path.dsv
[3.503s] -- Up-to-date symlink: /root/crs_ws_fanuc/install/region_detection_msgs/share/region_detection_msgs/environment/path.sh
[3.503s] -- Up-to-date symlink: /root/crs_ws_fanuc/install/region_detection_msgs/share/region_detection_msgs/environment/path.dsv
[3.504s] -- Up-to-date symlink: /root/crs_ws_fanuc/install/region_detection_msgs/share/region_detection_msgs/local_setup.bash
[3.504s] -- Up-to-date symlink: /root/crs_ws_fanuc/install/region_detection_msgs/share/region_detection_msgs/local_setup.sh
[3.508s] -- Up-to-date symlink: /root/crs_ws_fanuc/install/region_detection_msgs/share/region_detection_msgs/local_setup.zsh
[3.508s] -- Up-to-date symlink: /root/crs_ws_fanuc/install/region_detection_msgs/share/region_detection_msgs/local_setup.dsv
[3.509s] -- Symlinking: /root/crs_ws_fanuc/install/region_detection_msgs/share/region_detection_msgs/package.dsv
[3.535s] -- Up-to-date symlink: /root/crs_ws_fanuc/install/region_detection_msgs/share/ament_index/resource_index/packages/region_detection_msgs
[3.535s] -- Up-to-date symlink: /root/crs_ws_fanuc/install/region_detection_msgs/share/region_detection_msgs/cmake/rosidl_cmake-extras.cmake
[3.536s] -- Up-to-date symlink: /root/crs_ws_fanuc/install/region_detection_msgs/share/region_detection_msgs/cmake/ament_cmake_export_dependencies-extras.cmake
[3.536s] -- Up-to-date symlink: /root/crs_ws_fanuc/install/region_detection_msgs/share/region_detection_msgs/cmake/ament_cmake_export_libraries-extras.cmake
[3.537s] -- Up-to-date symlink: /root/crs_ws_fanuc/install/region_detection_msgs/share/region_detection_msgs/cmake/ament_cmake_export_include_directories-extras.cmake
[3.537s] -- Up-to-date symlink: /root/crs_ws_fanuc/install/region_detection_msgs/share/region_detection_msgs/cmake/region_detection_msgsConfig.cmake
[3.537s] -- Up-to-date symlink: /root/crs_ws_fanuc/install/region_detection_msgs/share/region_detection_msgs/cmake/region_detection_msgsConfig-version.cmake
[3.538s] -- Up-to-date symlink: /root/crs_ws_fanuc/install/region_detection_msgs/share/region_detection_msgs/package.xml
[3.673s] Invoked command in '/root/crs_ws_fanuc/build/region_detection_msgs' returned '0': CMAKE_PREFIX_PATH=${CMAKE_PREFIX_PATH}:/opt/ros/eloquent /usr/bin/cmake --build /root/crs_ws_fanuc/build/region_detection_msgs --target install -- -j8 -l8
