[0.035s] Invoking command in '/root/crs_ws_fanuc/build/octomap_msgs': CMAKE_PREFIX_PATH=${CMAKE_PREFIX_PATH}:/opt/ros/eloquent /usr/bin/cmake --build /root/crs_ws_fanuc/build/octomap_msgs -- -j8 -l8
[0.125s] [ 11%] Built target octomap_msgs__rosidl_generator_c
[0.127s] [ 13%] Built target octomap_msgs__cpp
[0.171s] [ 24%] Built target octomap_msgs__rosidl_typesupport_introspection_c
[0.171s] [ 35%] Built target octomap_msgs__rosidl_typesupport_introspection_cpp
[0.174s] [ 47%] Built target octomap_msgs__rosidl_typesupport_fastrtps_cpp
[0.223s] [ 58%] Built target octomap_msgs__rosidl_typesupport_cpp
[0.227s] [ 69%] Built target octomap_msgs__rosidl_typesupport_fastrtps_c
[0.277s] [ 81%] Built target octomap_msgs__rosidl_typesupport_c
[0.303s] [ 81%] Built target octomap_msgs
[0.340s] [ 83%] Built target octomap_msgs__py
[0.382s] [ 92%] Built target octomap_msgs__python
[0.425s] [ 96%] Built target octomap_msgs__rosidl_typesupport_c__pyext
[0.428s] [100%] Built target octomap_msgs__rosidl_typesupport_fastrtps_c__pyext
[0.465s] Invoked command in '/root/crs_ws_fanuc/build/octomap_msgs' returned '0': CMAKE_PREFIX_PATH=${CMAKE_PREFIX_PATH}:/opt/ros/eloquent /usr/bin/cmake --build /root/crs_ws_fanuc/build/octomap_msgs -- -j8 -l8
[0.752s] Invoking command in '/root/crs_ws_fanuc/build/octomap_msgs': CMAKE_PREFIX_PATH=${CMAKE_PREFIX_PATH}:/opt/ros/eloquent /usr/bin/cmake --build /root/crs_ws_fanuc/build/octomap_msgs --target install -- -j8 -l8
[0.856s] [  1%] Built target octomap_msgs__cpp
[0.888s] [ 13%] Built target octomap_msgs__rosidl_generator_c
[0.899s] [ 24%] Built target octomap_msgs__rosidl_typesupport_introspection_cpp
[0.906s] [ 35%] Built target octomap_msgs__rosidl_typesupport_fastrtps_cpp
[0.937s] [ 47%] Built target octomap_msgs__rosidl_typesupport_introspection_c
[0.950s] [ 58%] Built target octomap_msgs__rosidl_typesupport_cpp
[0.961s] [ 69%] Built target octomap_msgs__rosidl_typesupport_fastrtps_c
[1.006s] [ 81%] Built target octomap_msgs__rosidl_typesupport_c
[1.033s] [ 81%] Built target octomap_msgs
[1.062s] [ 83%] Built target octomap_msgs__py
[1.100s] [ 92%] Built target octomap_msgs__python
[1.133s] [ 96%] Built target octomap_msgs__rosidl_typesupport_c__pyext
[1.134s] [100%] Built target octomap_msgs__rosidl_typesupport_fastrtps_c__pyext
[1.153s] [36mInstall the project...[0m
[1.162s] -- Install configuration: "Debug"
[1.163s] -- Execute custom install script
[1.163s] -- Up-to-date symlink: /root/crs_ws_fanuc/install/octomap_msgs/share/ament_index/resource_index/rosidl_interfaces/octomap_msgs
[1.164s] -- Up-to-date symlink: /root/crs_ws_fanuc/install/octomap_msgs/lib/liboctomap_msgs__rosidl_typesupport_c.so
[1.164s] -- Up-to-date symlink: /root/crs_ws_fanuc/install/octomap_msgs/share/octomap_msgs/environment/library_path.sh
[1.165s] -- Up-to-date symlink: /root/crs_ws_fanuc/install/octomap_msgs/share/octomap_msgs/environment/library_path.dsv
[1.165s] -- Up-to-date symlink: /root/crs_ws_fanuc/install/octomap_msgs/lib/liboctomap_msgs__rosidl_typesupport_cpp.so
[1.166s] -- Up-to-date symlink: /root/crs_ws_fanuc/install/octomap_msgs/include/octomap_msgs/msg/octomap__rosidl_typesupport_fastrtps_c.h
[1.166s] -- Up-to-date symlink: /root/crs_ws_fanuc/install/octomap_msgs/include/octomap_msgs/msg/octomap_with_pose__rosidl_typesupport_fastrtps_c.h
[1.166s] -- Up-to-date symlink: /root/crs_ws_fanuc/install/octomap_msgs/include/octomap_msgs/msg/rosidl_typesupport_fastrtps_c__visibility_control.h
[1.166s] -- Up-to-date symlink: /root/crs_ws_fanuc/install/octomap_msgs/include/octomap_msgs/srv/bounding_box_query__rosidl_typesupport_fastrtps_c.h
[1.167s] -- Up-to-date symlink: /root/crs_ws_fanuc/install/octomap_msgs/include/octomap_msgs/srv/get_octomap__rosidl_typesupport_fastrtps_c.h
[1.167s] -- Up-to-date symlink: /root/crs_ws_fanuc/install/octomap_msgs/lib/liboctomap_msgs__rosidl_typesupport_fastrtps_c.so
[1.168s] -- Up-to-date symlink: /root/crs_ws_fanuc/install/octomap_msgs/include/octomap_msgs/msg/octomap.h
[1.168s] -- Up-to-date symlink: /root/crs_ws_fanuc/install/octomap_msgs/include/octomap_msgs/msg/octomap__functions.h
[1.168s] -- Up-to-date symlink: /root/crs_ws_fanuc/install/octomap_msgs/include/octomap_msgs/msg/octomap__struct.h
[1.169s] -- Up-to-date symlink: /root/crs_ws_fanuc/install/octomap_msgs/include/octomap_msgs/msg/octomap__type_support.h
[1.169s] -- Up-to-date symlink: /root/crs_ws_fanuc/install/octomap_msgs/include/octomap_msgs/msg/octomap_with_pose.h
[1.169s] -- Up-to-date symlink: /root/crs_ws_fanuc/install/octomap_msgs/include/octomap_msgs/msg/octomap_with_pose__functions.h
[1.169s] -- Up-to-date symlink: /root/crs_ws_fanuc/install/octomap_msgs/include/octomap_msgs/msg/octomap_with_pose__struct.h
[1.170s] -- Up-to-date symlink: /root/crs_ws_fanuc/install/octomap_msgs/include/octomap_msgs/msg/octomap_with_pose__type_support.h
[1.170s] -- Up-to-date symlink: /root/crs_ws_fanuc/install/octomap_msgs/include/octomap_msgs/msg/rosidl_generator_c__visibility_control.h
[1.170s] -- Up-to-date symlink: /root/crs_ws_fanuc/install/octomap_msgs/include/octomap_msgs/srv/bounding_box_query.h
[1.170s] -- Up-to-date symlink: /root/crs_ws_fanuc/install/octomap_msgs/include/octomap_msgs/srv/bounding_box_query__functions.h
[1.171s] -- Up-to-date symlink: /root/crs_ws_fanuc/install/octomap_msgs/include/octomap_msgs/srv/bounding_box_query__struct.h
[1.171s] -- Up-to-date symlink: /root/crs_ws_fanuc/install/octomap_msgs/include/octomap_msgs/srv/bounding_box_query__type_support.h
[1.171s] -- Up-to-date symlink: /root/crs_ws_fanuc/install/octomap_msgs/include/octomap_msgs/srv/get_octomap.h
[1.172s] -- Up-to-date symlink: /root/crs_ws_fanuc/install/octomap_msgs/include/octomap_msgs/srv/get_octomap__functions.h
[1.172s] -- Up-to-date symlink: /root/crs_ws_fanuc/install/octomap_msgs/include/octomap_msgs/srv/get_octomap__struct.h
[1.172s] -- Up-to-date symlink: /root/crs_ws_fanuc/install/octomap_msgs/include/octomap_msgs/srv/get_octomap__type_support.h
[1.173s] -- Up-to-date symlink: /root/crs_ws_fanuc/install/octomap_msgs/lib/liboctomap_msgs__rosidl_generator_c.so
[1.174s] -- Up-to-date symlink: /root/crs_ws_fanuc/install/octomap_msgs/include/octomap_msgs/msg/octomap__rosidl_typesupport_fastrtps_cpp.hpp
[1.174s] -- Up-to-date symlink: /root/crs_ws_fanuc/install/octomap_msgs/include/octomap_msgs/msg/octomap_with_pose__rosidl_typesupport_fastrtps_cpp.hpp
[1.174s] -- Up-to-date symlink: /root/crs_ws_fanuc/install/octomap_msgs/include/octomap_msgs/msg/rosidl_typesupport_fastrtps_cpp__visibility_control.h
[1.175s] -- Up-to-date symlink: /root/crs_ws_fanuc/install/octomap_msgs/include/octomap_msgs/srv/bounding_box_query__rosidl_typesupport_fastrtps_cpp.hpp
[1.177s] -- Up-to-date symlink: /root/crs_ws_fanuc/install/octomap_msgs/include/octomap_msgs/srv/get_octomap__rosidl_typesupport_fastrtps_cpp.hpp
[1.178s] -- Up-to-date symlink: /root/crs_ws_fanuc/install/octomap_msgs/lib/liboctomap_msgs__rosidl_typesupport_fastrtps_cpp.so
[1.178s] -- Up-to-date symlink: /root/crs_ws_fanuc/install/octomap_msgs/include/octomap_msgs/msg/octomap.hpp
[1.179s] -- Up-to-date symlink: /root/crs_ws_fanuc/install/octomap_msgs/include/octomap_msgs/msg/octomap__struct.hpp
[1.179s] -- Up-to-date symlink: /root/crs_ws_fanuc/install/octomap_msgs/include/octomap_msgs/msg/octomap__traits.hpp
[1.179s] -- Up-to-date symlink: /root/crs_ws_fanuc/install/octomap_msgs/include/octomap_msgs/msg/octomap_with_pose.hpp
[1.179s] -- Up-to-date symlink: /root/crs_ws_fanuc/install/octomap_msgs/include/octomap_msgs/msg/octomap_with_pose__struct.hpp
[1.180s] -- Up-to-date symlink: /root/crs_ws_fanuc/install/octomap_msgs/include/octomap_msgs/msg/octomap_with_pose__traits.hpp
[1.180s] -- Up-to-date symlink: /root/crs_ws_fanuc/install/octomap_msgs/include/octomap_msgs/srv/bounding_box_query.hpp
[1.180s] -- Up-to-date symlink: /root/crs_ws_fanuc/install/octomap_msgs/include/octomap_msgs/srv/bounding_box_query__struct.hpp
[1.180s] -- Up-to-date symlink: /root/crs_ws_fanuc/install/octomap_msgs/include/octomap_msgs/srv/bounding_box_query__traits.hpp
[1.180s] -- Up-to-date symlink: /root/crs_ws_fanuc/install/octomap_msgs/include/octomap_msgs/srv/get_octomap.hpp
[1.182s] -- Up-to-date symlink: /root/crs_ws_fanuc/install/octomap_msgs/include/octomap_msgs/srv/get_octomap__struct.hpp
[1.182s] -- Up-to-date symlink: /root/crs_ws_fanuc/install/octomap_msgs/include/octomap_msgs/srv/get_octomap__traits.hpp
[1.182s] -- Up-to-date symlink: /root/crs_ws_fanuc/install/octomap_msgs/include/octomap_msgs/msg/octomap__rosidl_typesupport_introspection_c.h
[1.183s] -- Up-to-date symlink: /root/crs_ws_fanuc/install/octomap_msgs/include/octomap_msgs/msg/octomap_with_pose__rosidl_typesupport_introspection_c.h
[1.183s] -- Up-to-date symlink: /root/crs_ws_fanuc/install/octomap_msgs/include/octomap_msgs/msg/rosidl_typesupport_introspection_c__visibility_control.h
[1.183s] -- Up-to-date symlink: /root/crs_ws_fanuc/install/octomap_msgs/include/octomap_msgs/srv/bounding_box_query__rosidl_typesupport_introspection_c.h
[1.183s] -- Up-to-date symlink: /root/crs_ws_fanuc/install/octomap_msgs/include/octomap_msgs/srv/get_octomap__rosidl_typesupport_introspection_c.h
[1.184s] -- Up-to-date symlink: /root/crs_ws_fanuc/install/octomap_msgs/lib/liboctomap_msgs__rosidl_typesupport_introspection_c.so
[1.184s] -- Up-to-date symlink: /root/crs_ws_fanuc/install/octomap_msgs/include/octomap_msgs/msg/octomap__rosidl_typesupport_introspection_cpp.hpp
[1.184s] -- Up-to-date symlink: /root/crs_ws_fanuc/install/octomap_msgs/include/octomap_msgs/msg/octomap_with_pose__rosidl_typesupport_introspection_cpp.hpp
[1.184s] -- Up-to-date symlink: /root/crs_ws_fanuc/install/octomap_msgs/include/octomap_msgs/srv/bounding_box_query__rosidl_typesupport_introspection_cpp.hpp
[1.185s] -- Up-to-date symlink: /root/crs_ws_fanuc/install/octomap_msgs/include/octomap_msgs/srv/get_octomap__rosidl_typesupport_introspection_cpp.hpp
[1.186s] -- Up-to-date symlink: /root/crs_ws_fanuc/install/octomap_msgs/lib/liboctomap_msgs__rosidl_typesupport_introspection_cpp.so
[1.186s] -- Up-to-date symlink: /root/crs_ws_fanuc/install/octomap_msgs/share/octomap_msgs/environment/pythonpath.sh
[1.186s] -- Up-to-date symlink: /root/crs_ws_fanuc/install/octomap_msgs/share/octomap_msgs/environment/pythonpath.dsv
[1.186s] -- Up-to-date symlink: /root/crs_ws_fanuc/install/octomap_msgs/lib/python3.6/site-packages/octomap_msgs/__init__.py
[1.187s] -- Up-to-date symlink: /root/crs_ws_fanuc/install/octomap_msgs/lib/python3.6/site-packages/octomap_msgs/msg/__init__.py
[1.187s] -- Up-to-date symlink: /root/crs_ws_fanuc/install/octomap_msgs/lib/python3.6/site-packages/octomap_msgs/msg/_octomap.py
[1.187s] -- Up-to-date symlink: /root/crs_ws_fanuc/install/octomap_msgs/lib/python3.6/site-packages/octomap_msgs/msg/_octomap_with_pose.py
[1.187s] -- Up-to-date symlink: /root/crs_ws_fanuc/install/octomap_msgs/lib/python3.6/site-packages/octomap_msgs/srv/__init__.py
[1.188s] -- Up-to-date symlink: /root/crs_ws_fanuc/install/octomap_msgs/lib/python3.6/site-packages/octomap_msgs/srv/_bounding_box_query.py
[1.188s] -- Up-to-date symlink: /root/crs_ws_fanuc/install/octomap_msgs/lib/python3.6/site-packages/octomap_msgs/srv/_get_octomap.py
[1.189s] -- Up-to-date symlink: /root/crs_ws_fanuc/install/octomap_msgs/lib/python3.6/site-packages/octomap_msgs/octomap_msgs_s__rosidl_typesupport_c.cpython-36m-x86_64-linux-gnu.so
[1.189s] -- Up-to-date symlink: /root/crs_ws_fanuc/install/octomap_msgs/lib/python3.6/site-packages/octomap_msgs/octomap_msgs_s__rosidl_typesupport_fastrtps_c.cpython-36m-x86_64-linux-gnu.so
[1.189s] -- Up-to-date symlink: /root/crs_ws_fanuc/install/octomap_msgs/lib/liboctomap_msgs__python.so
[1.190s] -- Up-to-date symlink: /root/crs_ws_fanuc/install/octomap_msgs/share/octomap_msgs/msg/Octomap.idl
[1.190s] -- Up-to-date symlink: /root/crs_ws_fanuc/install/octomap_msgs/share/octomap_msgs/msg/OctomapWithPose.idl
[1.191s] -- Up-to-date symlink: /root/crs_ws_fanuc/install/octomap_msgs/share/octomap_msgs/srv/BoundingBoxQuery.idl
[1.192s] -- Up-to-date symlink: /root/crs_ws_fanuc/install/octomap_msgs/share/octomap_msgs/srv/GetOctomap.idl
[1.192s] -- Up-to-date symlink: /root/crs_ws_fanuc/install/octomap_msgs/share/octomap_msgs/msg/Octomap.msg
[1.192s] -- Up-to-date symlink: /root/crs_ws_fanuc/install/octomap_msgs/share/octomap_msgs/msg/OctomapWithPose.msg
[1.193s] -- Up-to-date symlink: /root/crs_ws_fanuc/install/octomap_msgs/share/octomap_msgs/srv/BoundingBoxQuery.srv
[1.193s] -- Up-to-date symlink: /root/crs_ws_fanuc/install/octomap_msgs/share/octomap_msgs/srv/BoundingBoxQuery_Request.msg
[1.193s] -- Up-to-date symlink: /root/crs_ws_fanuc/install/octomap_msgs/share/octomap_msgs/srv/BoundingBoxQuery_Response.msg
[1.193s] -- Up-to-date symlink: /root/crs_ws_fanuc/install/octomap_msgs/share/octomap_msgs/srv/GetOctomap.srv
[1.194s] -- Up-to-date symlink: /root/crs_ws_fanuc/install/octomap_msgs/share/octomap_msgs/srv/GetOctomap_Request.msg
[1.194s] -- Up-to-date symlink: /root/crs_ws_fanuc/install/octomap_msgs/share/octomap_msgs/srv/GetOctomap_Response.msg
[1.194s] -- Up-to-date symlink: /root/crs_ws_fanuc/install/octomap_msgs/share/ament_index/resource_index/package_run_dependencies/octomap_msgs
[1.195s] -- Up-to-date symlink: /root/crs_ws_fanuc/install/octomap_msgs/share/ament_index/resource_index/parent_prefix_path/octomap_msgs
[1.195s] -- Up-to-date symlink: /root/crs_ws_fanuc/install/octomap_msgs/share/octomap_msgs/environment/ament_prefix_path.sh
[1.195s] -- Up-to-date symlink: /root/crs_ws_fanuc/install/octomap_msgs/share/octomap_msgs/environment/ament_prefix_path.dsv
[1.195s] -- Up-to-date symlink: /root/crs_ws_fanuc/install/octomap_msgs/share/octomap_msgs/environment/path.sh
[1.196s] -- Up-to-date symlink: /root/crs_ws_fanuc/install/octomap_msgs/share/octomap_msgs/environment/path.dsv
[1.196s] -- Up-to-date symlink: /root/crs_ws_fanuc/install/octomap_msgs/share/octomap_msgs/local_setup.bash
[1.198s] -- Up-to-date symlink: /root/crs_ws_fanuc/install/octomap_msgs/share/octomap_msgs/local_setup.sh
[1.198s] -- Up-to-date symlink: /root/crs_ws_fanuc/install/octomap_msgs/share/octomap_msgs/local_setup.zsh
[1.198s] -- Up-to-date symlink: /root/crs_ws_fanuc/install/octomap_msgs/share/octomap_msgs/local_setup.dsv
[1.199s] -- Symlinking: /root/crs_ws_fanuc/install/octomap_msgs/share/octomap_msgs/package.dsv
[1.207s] -- Up-to-date symlink: /root/crs_ws_fanuc/install/octomap_msgs/share/ament_index/resource_index/packages/octomap_msgs
[1.207s] -- Up-to-date symlink: /root/crs_ws_fanuc/install/octomap_msgs/share/octomap_msgs/cmake/rosidl_cmake-extras.cmake
[1.208s] -- Up-to-date symlink: /root/crs_ws_fanuc/install/octomap_msgs/share/octomap_msgs/cmake/ament_cmake_export_dependencies-extras.cmake
[1.210s] -- Up-to-date symlink: /root/crs_ws_fanuc/install/octomap_msgs/share/octomap_msgs/cmake/ament_cmake_export_libraries-extras.cmake
[1.210s] -- Up-to-date symlink: /root/crs_ws_fanuc/install/octomap_msgs/share/octomap_msgs/cmake/ament_cmake_export_include_directories-extras.cmake
[1.210s] -- Up-to-date symlink: /root/crs_ws_fanuc/install/octomap_msgs/share/octomap_msgs/cmake/octomap_msgsConfig.cmake
[1.210s] -- Up-to-date symlink: /root/crs_ws_fanuc/install/octomap_msgs/share/octomap_msgs/cmake/octomap_msgsConfig-version.cmake
[1.210s] -- Up-to-date symlink: /root/crs_ws_fanuc/install/octomap_msgs/share/octomap_msgs/package.xml
[1.251s] -- Up-to-date: /root/crs_ws_fanuc/install/octomap_msgs/include
[1.251s] -- Up-to-date: /root/crs_ws_fanuc/install/octomap_msgs/include/octomap_msgs
[1.251s] -- Up-to-date: /root/crs_ws_fanuc/install/octomap_msgs/include/octomap_msgs/conversions.h
[1.256s] Invoked command in '/root/crs_ws_fanuc/build/octomap_msgs' returned '0': CMAKE_PREFIX_PATH=${CMAKE_PREFIX_PATH}:/opt/ros/eloquent /usr/bin/cmake --build /root/crs_ws_fanuc/build/octomap_msgs --target install -- -j8 -l8
