-- Found crs_msgs: 0.0.0 (/root/crs_ws_fanuc/install/crs_msgs/share/crs_msgs/cmake)
-- Using PYTHON_EXECUTABLE: /usr/bin/python3
-- Override CMake install command with custom implementation using symlinks instead of copying resources
-- Found rosidl_adapter: 0.8.3 (/opt/ros/eloquent/share/rosidl_adapter/cmake)
-- Found rclcpp: 0.8.5 (/opt/ros/eloquent/share/rclcpp/cmake)
-- Found rmw_implementation_cmake: 0.8.1 (/opt/ros/eloquent/share/rmw_implementation_cmake/cmake)
-- Using RMW implementation 'rmw_fastrtps_cpp' as default
-- Found rclcpp_components: 0.8.5 (/opt/ros/eloquent/share/rclcpp_components/cmake)
-- Found poco_vendor:  (/opt/ros/eloquent/share/poco_vendor/cmake)
-- Found tf2_ros: 0.12.6 (/opt/ros/eloquent/share/tf2_ros/cmake)
-- Found tf2_geometry_msgs: 0.12.6 (/opt/ros/eloquent/share/tf2_geometry_msgs/cmake)
-- Found visualization_msgs: 0.8.1 (/opt/ros/eloquent/share/visualization_msgs/cmake)
-- Found cv_bridge: 2.1.4 (/opt/ros/eloquent/share/cv_bridge/cmake)
-- Found tf2_eigen: 0.12.6 (/opt/ros/eloquent/share/tf2_eigen/cmake)
-- Found pcl_conversions: 2.1.0 (/opt/ros/eloquent/share/pcl_conversions/cmake)
-- Boost version: 1.65.1
-- Found the following Boost libraries:
--   system
--   filesystem
--   thread
--   date_time
--   iostreams
--   serialization
--   chrono
--   atomic
--   regex
-- Could NOT find ensenso (missing: ENSENSO_LIBRARY ENSENSO_INCLUDE_DIR) 
-- Could NOT find DAVIDSDK (missing: DAVIDSDK_LIBRARY DAVIDSDK_INCLUDE_DIR) 
-- Could NOT find DSSDK (missing: _DSSDK_LIBRARIES) 
-- The imported target "vtkRenderingPythonTkWidgets" references the file
   "/usr/lib/x86_64-linux-gnu/libvtkRenderingPythonTkWidgets.so"
but this file does not exist.  Possible reasons include:
* The file was deleted, renamed, or moved to another location.
* An install or uninstall procedure did not complete successfully.
* The installation package was faulty and contained
   "/usr/lib/cmake/vtk-6.3/VTKTargets.cmake"
but not all the files it references.

-- The imported target "vtk" references the file
   "/usr/bin/vtk"
but this file does not exist.  Possible reasons include:
* The file was deleted, renamed, or moved to another location.
* An install or uninstall procedure did not complete successfully.
* The installation package was faulty and contained
   "/usr/lib/cmake/vtk-6.3/VTKTargets.cmake"
but not all the files it references.

-- Could NOT find ensenso (missing: ENSENSO_LIBRARY ENSENSO_INCLUDE_DIR) 
-- Could NOT find DAVIDSDK (missing: DAVIDSDK_LIBRARY DAVIDSDK_INCLUDE_DIR) 
-- Could NOT find DSSDK (missing: _DSSDK_LIBRARIES) 
-- Could NOT find RSSDK (missing: _RSSDK_LIBRARIES) 
-- looking for PCL_COMMON
-- looking for PCL_OCTREE
-- looking for PCL_IO
-- looking for PCL_KDTREE
-- looking for PCL_SEARCH
-- looking for PCL_SAMPLE_CONSENSUS
-- looking for PCL_FILTERS
-- looking for PCL_2D
-- looking for PCL_GEOMETRY
-- looking for PCL_FEATURES
-- looking for PCL_ML
-- looking for PCL_SEGMENTATION
-- looking for PCL_VISUALIZATION
-- looking for PCL_SURFACE
-- looking for PCL_REGISTRATION
-- looking for PCL_KEYPOINTS
-- looking for PCL_TRACKING
-- looking for PCL_RECOGNITION
-- looking for PCL_STEREO
-- looking for PCL_APPS
-- looking for PCL_IN_HAND_SCANNER
-- looking for PCL_MODELER
-- looking for PCL_POINT_CLOUD_EDITOR
-- looking for PCL_OUTOFCORE
-- looking for PCL_PEOPLE
-- Found ament_lint_auto: 0.8.2 (/opt/ros/eloquent/share/ament_lint_auto/cmake)
-- Added test 'copyright' to check for copyright in CMake / C / C++ / Python code
-- Added test 'cppcheck' to perform static code analysis on C / C++ code
-- Configured cppcheck include dirs: /root/crs_ws_fanuc/src/collaborative-robotic-sanding/crs_perception/include;$<BUILD_INTERFACE:/root/crs_ws_fanuc/src/collaborative-robotic-sanding/crs_perception/include>
-- Added test 'cpplint' to check C / C++ code against the Google style
-- Added test 'lint_cmake' to check CMake code style
-- Added test 'uncrustify' to check C / C++ code style
-- Added test 'xmllint' to check XML markup files
-- Configuring done
-- Generating done
-- Build files have been written to: /root/crs_ws_fanuc/build/crs_perception
Scanning dependencies of target crs_perception
[ 11%] Building CXX object CMakeFiles/crs_perception.dir/src/model_to_point_cloud.cpp.o
Scanning dependencies of target localize_to_part
[ 22%] Building CXX object CMakeFiles/localize_to_part.dir/src/model_to_point_cloud.cpp.o
[ 33%] Building CXX object CMakeFiles/localize_to_part.dir/src/nodes/localize_to_part.cpp.o
[ 44%] Linking CXX shared library libcrs_perception.so
[ 44%] Built target crs_perception
[ 55%] Linking CXX executable localize_to_part
[ 55%] Built target localize_to_part
Scanning dependencies of target test_localize_to_part
[ 66%] Building CXX object CMakeFiles/test_localize_to_part.dir/src/nodes/test_localize_to_part.cpp.o
Scanning dependencies of target crs_perception_nodes
[ 77%] Building CXX object CMakeFiles/crs_perception_nodes.dir/src/nodes/localize_to_part.cpp.o
[ 88%] Linking CXX executable test_localize_to_part
[ 88%] Built target test_localize_to_part
[100%] Linking CXX shared library libcrs_perception_nodes.so
[100%] Built target crs_perception_nodes
[ 22%] Built target crs_perception
[ 55%] Built target localize_to_part
[ 77%] Built target test_localize_to_part
[100%] Built target crs_perception_nodes
Install the project...
-- Install configuration: "Debug"
-- Execute custom install script
-- Up-to-date symlink: /root/crs_ws_fanuc/install/crs_perception/lib/crs_perception/localize_to_part
-- Up-to-date symlink: /root/crs_ws_fanuc/install/crs_perception/lib/crs_perception/test_localize_to_part
-- Up-to-date symlink: /root/crs_ws_fanuc/install/crs_perception/include/crs_perception/model_to_point_cloud.hpp
-- Up-to-date symlink: /root/crs_ws_fanuc/install/crs_perception/lib/libcrs_perception.so
-- Up-to-date symlink: /root/crs_ws_fanuc/install/crs_perception/lib/libcrs_perception_nodes.so
-- Up-to-date symlink: /root/crs_ws_fanuc/install/crs_perception/share/ament_index/resource_index/package_run_dependencies/crs_perception
-- Up-to-date symlink: /root/crs_ws_fanuc/install/crs_perception/share/ament_index/resource_index/parent_prefix_path/crs_perception
-- Up-to-date symlink: /root/crs_ws_fanuc/install/crs_perception/share/crs_perception/environment/ament_prefix_path.sh
-- Up-to-date symlink: /root/crs_ws_fanuc/install/crs_perception/share/crs_perception/environment/ament_prefix_path.dsv
-- Up-to-date symlink: /root/crs_ws_fanuc/install/crs_perception/share/crs_perception/environment/path.sh
-- Up-to-date symlink: /root/crs_ws_fanuc/install/crs_perception/share/crs_perception/environment/path.dsv
-- Up-to-date symlink: /root/crs_ws_fanuc/install/crs_perception/share/crs_perception/local_setup.bash
-- Up-to-date symlink: /root/crs_ws_fanuc/install/crs_perception/share/crs_perception/local_setup.sh
-- Up-to-date symlink: /root/crs_ws_fanuc/install/crs_perception/share/crs_perception/local_setup.zsh
-- Up-to-date symlink: /root/crs_ws_fanuc/install/crs_perception/share/crs_perception/local_setup.dsv
-- Symlinking: /root/crs_ws_fanuc/install/crs_perception/share/crs_perception/package.dsv
-- Up-to-date symlink: /root/crs_ws_fanuc/install/crs_perception/share/ament_index/resource_index/packages/crs_perception
-- Up-to-date symlink: /root/crs_ws_fanuc/install/crs_perception/share/ament_index/resource_index/rclcpp_components/crs_perception
-- Up-to-date symlink: /root/crs_ws_fanuc/install/crs_perception/share/crs_perception/cmake/ament_cmake_export_dependencies-extras.cmake
-- Up-to-date symlink: /root/crs_ws_fanuc/install/crs_perception/share/crs_perception/cmake/crs_perceptionConfig.cmake
-- Up-to-date symlink: /root/crs_ws_fanuc/install/crs_perception/share/crs_perception/cmake/crs_perceptionConfig-version.cmake
-- Up-to-date symlink: /root/crs_ws_fanuc/install/crs_perception/share/crs_perception/package.xml
