[0.052s] Invoking command in '/root/crs_ws_fanuc/build/descartes_light': CMAKE_PREFIX_PATH=${CMAKE_PREFIX_PATH}:/root/ros2-urdf-tutorial/install/urdf_tutorial:/opt/ros/eloquent /usr/bin/cmake --build /root/crs_ws_fanuc/build/descartes_light -- -j8 -l8
[0.175s] [ 33%] Built target descartes_light_gantry
[0.178s] [100%] Built target descartes_light
[0.216s] Invoked command in '/root/crs_ws_fanuc/build/descartes_light' returned '0': CMAKE_PREFIX_PATH=${CMAKE_PREFIX_PATH}:/root/ros2-urdf-tutorial/install/urdf_tutorial:/opt/ros/eloquent /usr/bin/cmake --build /root/crs_ws_fanuc/build/descartes_light -- -j8 -l8
[0.307s] Invoking command in '/root/crs_ws_fanuc/build/descartes_light': CMAKE_PREFIX_PATH=${CMAKE_PREFIX_PATH}:/root/ros2-urdf-tutorial/install/urdf_tutorial:/opt/ros/eloquent /usr/bin/cmake --build /root/crs_ws_fanuc/build/descartes_light --target install -- -j8 -l8
[0.395s] [ 66%] Built target descartes_light
[0.405s] [100%] Built target descartes_light_gantry
[0.425s] [36mInstall the project...[0m
[0.435s] -- Install configuration: "Debug"
[0.435s] -- Up-to-date: /root/crs_ws_fanuc/install/descartes_light/lib/libdescartes_light.so
[0.437s] -- Up-to-date: /root/crs_ws_fanuc/install/descartes_light/lib/libdescartes_light_gantry.so
[0.437s] -- Up-to-date: /root/crs_ws_fanuc/install/descartes_light/lib/cmake/descartes_light/descartes_light-targets.cmake
[0.439s] -- Up-to-date: /root/crs_ws_fanuc/install/descartes_light/lib/cmake/descartes_light/descartes_light-targets-debug.cmake
[0.440s] -- Up-to-date: /root/crs_ws_fanuc/install/descartes_light/share/descartes_light/package.xml
[0.440s] -- Up-to-date: /root/crs_ws_fanuc/install/descartes_light/lib/cmake/descartes_light/descartes_light-config.cmake
[0.440s] -- Up-to-date: /root/crs_ws_fanuc/install/descartes_light/lib/cmake/descartes_light/descartes_light-config-version.cmake
[0.441s] -- Up-to-date: /root/crs_ws_fanuc/install/descartes_light/include/descartes_light
[0.441s] -- Up-to-date: /root/crs_ws_fanuc/install/descartes_light/include/descartes_light/impl
[0.442s] -- Up-to-date: /root/crs_ws_fanuc/install/descartes_light/include/descartes_light/impl/gantry_kinematics.h
[0.444s] -- Up-to-date: /root/crs_ws_fanuc/install/descartes_light/include/descartes_light/impl/gantry_kinematics.hpp
[0.444s] -- Up-to-date: /root/crs_ws_fanuc/install/descartes_light/include/descartes_light/impl/ladder_graph_dag_search.hpp
[0.444s] -- Up-to-date: /root/crs_ws_fanuc/install/descartes_light/include/descartes_light/impl/descartes_light.hpp
[0.444s] -- Up-to-date: /root/crs_ws_fanuc/install/descartes_light/include/descartes_light/impl/ladder_graph.hpp
[0.444s] -- Up-to-date: /root/crs_ws_fanuc/install/descartes_light/include/descartes_light/ladder_graph_dag_search.h
[0.445s] -- Up-to-date: /root/crs_ws_fanuc/install/descartes_light/include/descartes_light/utils.h
[0.445s] -- Up-to-date: /root/crs_ws_fanuc/install/descartes_light/include/descartes_light/visibility_control.h
[0.445s] -- Up-to-date: /root/crs_ws_fanuc/install/descartes_light/include/descartes_light/ladder_graph.h
[0.446s] -- Up-to-date: /root/crs_ws_fanuc/install/descartes_light/include/descartes_light/interface
[0.446s] -- Up-to-date: /root/crs_ws_fanuc/install/descartes_light/include/descartes_light/interface/collision_interface.h
[0.448s] -- Up-to-date: /root/crs_ws_fanuc/install/descartes_light/include/descartes_light/interface/kinematics_interface.h
[0.448s] -- Up-to-date: /root/crs_ws_fanuc/install/descartes_light/include/descartes_light/interface/edge_evaluator.h
[0.450s] -- Up-to-date: /root/crs_ws_fanuc/install/descartes_light/include/descartes_light/interface/position_sampler.h
[0.451s] -- Up-to-date: /root/crs_ws_fanuc/install/descartes_light/include/descartes_light/descartes_light.h
[0.451s] -- Up-to-date: /root/crs_ws_fanuc/install/descartes_light/lib/cmake/descartes_light/descartes_light_macros.cmake
[0.452s] Invoked command in '/root/crs_ws_fanuc/build/descartes_light' returned '0': CMAKE_PREFIX_PATH=${CMAKE_PREFIX_PATH}:/root/ros2-urdf-tutorial/install/urdf_tutorial:/opt/ros/eloquent /usr/bin/cmake --build /root/crs_ws_fanuc/build/descartes_light --target install -- -j8 -l8
