running develop
Removing /root/crs_ws_fanuc/install/crs_utils_py/lib/python3.6/site-packages/crs-utils-py.egg-link (link to .)
running egg_info
writing ../../../build/crs_utils_py/crs_utils_py.egg-info/PKG-INFO
writing dependency_links to ../../../build/crs_utils_py/crs_utils_py.egg-info/dependency_links.txt
writing entry points to ../../../build/crs_utils_py/crs_utils_py.egg-info/entry_points.txt
writing requirements to ../../../build/crs_utils_py/crs_utils_py.egg-info/requires.txt
writing top-level names to ../../../build/crs_utils_py/crs_utils_py.egg-info/top_level.txt
reading manifest file '../../../build/crs_utils_py/crs_utils_py.egg-info/SOURCES.txt'
writing manifest file '../../../build/crs_utils_py/crs_utils_py.egg-info/SOURCES.txt'
running build
running build_py
creating /root/crs_ws_fanuc/build/crs_utils_py/build
creating /root/crs_ws_fanuc/build/crs_utils_py/build/lib
creating /root/crs_ws_fanuc/build/crs_utils_py/build/lib/crs_utils_py
copying crs_utils_py/__init__.py -> /root/crs_ws_fanuc/build/crs_utils_py/build/lib/crs_utils_py
copying crs_utils_py/joint_state_publisher.py -> /root/crs_ws_fanuc/build/crs_utils_py/build/lib/crs_utils_py
running install
running install_lib
running install_data
running install_egg_info
removing '/root/crs_ws_fanuc/install/crs_utils_py/lib/python3.6/site-packages/crs_utils_py-0.0.0-py3.6.egg-info' (and everything under it)
Copying ../../../build/crs_utils_py/crs_utils_py.egg-info to /root/crs_ws_fanuc/install/crs_utils_py/lib/python3.6/site-packages/crs_utils_py-0.0.0-py3.6.egg-info
running install_scripts
Installing joint_state_publisher script to /root/crs_ws_fanuc/install/crs_utils_py/lib/crs_utils_py
writing list of installed files to '/root/crs_ws_fanuc/build/crs_utils_py/install.log'
