-- Boost version: 1.65.1
-- Found the following Boost libraries:
--   system
--   python
--   thread
--   program_options
--   chrono
--   date_time
--   atomic
-- Configuring done
-- Generating done
-- Build files have been written to: /root/crs_ws_fanuc/build/trajopt_utils
[ 20%] Building CXX object CMakeFiles/trajopt_utils.dir/src/logging.cpp.o
[ 40%] Building CXX object CMakeFiles/trajopt_utils.dir/src/config.cpp.o
[ 60%] Building CXX object CMakeFiles/trajopt_utils.dir/src/clock.cpp.o
[ 80%] Building CXX object CMakeFiles/trajopt_utils.dir/src/stl_to_string.cpp.o
[100%] Linking CXX shared library libtrajopt_utils.so
[100%] Built target trajopt_utils
[100%] Built target trajopt_utils
Install the project...
-- Install configuration: "Debug"
-- Installing: /root/crs_ws_fanuc/install/trajopt_utils/lib/libtrajopt_utils.so
-- Up-to-date: /root/crs_ws_fanuc/install/trajopt_utils/lib/cmake/trajopt_utils/trajopt_utils-targets.cmake
-- Installing: /root/crs_ws_fanuc/install/trajopt_utils/lib/cmake/trajopt_utils/trajopt_utils-targets-debug.cmake
-- Up-to-date: /root/crs_ws_fanuc/install/trajopt_utils/share/trajopt_utils/package.xml
-- Up-to-date: /root/crs_ws_fanuc/install/trajopt_utils/lib/cmake/trajopt_utils/trajopt_utils-config.cmake
-- Up-to-date: /root/crs_ws_fanuc/install/trajopt_utils/lib/cmake/trajopt_utils/trajopt_utils-config-version.cmake
-- Up-to-date: /root/crs_ws_fanuc/install/trajopt_utils/include/trajopt_utils
-- Up-to-date: /root/crs_ws_fanuc/install/trajopt_utils/include/trajopt_utils/interpolation.hpp
-- Up-to-date: /root/crs_ws_fanuc/install/trajopt_utils/include/trajopt_utils/macros.h
-- Up-to-date: /root/crs_ws_fanuc/install/trajopt_utils/include/trajopt_utils/eigen_conversions.hpp
-- Up-to-date: /root/crs_ws_fanuc/install/trajopt_utils/include/trajopt_utils/stl_to_string.hpp
-- Up-to-date: /root/crs_ws_fanuc/install/trajopt_utils/include/trajopt_utils/vector_ops.hpp
-- Up-to-date: /root/crs_ws_fanuc/install/trajopt_utils/include/trajopt_utils/clock.hpp
-- Up-to-date: /root/crs_ws_fanuc/install/trajopt_utils/include/trajopt_utils/eigen_slicing.hpp
-- Up-to-date: /root/crs_ws_fanuc/install/trajopt_utils/include/trajopt_utils/math.hpp
-- Up-to-date: /root/crs_ws_fanuc/install/trajopt_utils/include/trajopt_utils/logging.hpp
-- Up-to-date: /root/crs_ws_fanuc/install/trajopt_utils/include/trajopt_utils/config.hpp
-- Up-to-date: /root/crs_ws_fanuc/install/trajopt_utils/include/trajopt_utils/basic_array.hpp
-- Up-to-date: /root/crs_ws_fanuc/install/trajopt_utils/lib/cmake/trajopt_utils/trajopt_macros.cmake
