[0.086s] Invoking command in '/root/crs_ws_fanuc/build/octomap_msgs': CMAKE_PREFIX_PATH=${CMAKE_PREFIX_PATH}:/opt/ros/eloquent /usr/bin/cmake --build /root/crs_ws_fanuc/build/octomap_msgs -- -j8 -l8
[0.291s] [  1%] Built target octomap_msgs__cpp
[0.294s] [ 13%] Built target octomap_msgs__rosidl_generator_c
[0.376s] [ 24%] Built target octomap_msgs__rosidl_typesupport_introspection_cpp
[0.401s] [ 35%] Built target octomap_msgs__rosidl_typesupport_introspection_c
[0.421s] [ 47%] Built target octomap_msgs__rosidl_typesupport_fastrtps_cpp
[0.565s] [ 58%] Built target octomap_msgs__rosidl_typesupport_cpp
[0.578s] [ 69%] Built target octomap_msgs__rosidl_typesupport_fastrtps_c
[0.716s] [ 81%] Built target octomap_msgs__rosidl_typesupport_c
[0.850s] [ 81%] Built target octomap_msgs
[0.940s] [ 83%] Built target octomap_msgs__py
[1.046s] [ 92%] Built target octomap_msgs__python
[1.167s] [ 96%] Built target octomap_msgs__rosidl_typesupport_fastrtps_c__pyext
[1.188s] [100%] Built target octomap_msgs__rosidl_typesupport_c__pyext
[1.260s] Invoked command in '/root/crs_ws_fanuc/build/octomap_msgs' returned '0': CMAKE_PREFIX_PATH=${CMAKE_PREFIX_PATH}:/opt/ros/eloquent /usr/bin/cmake --build /root/crs_ws_fanuc/build/octomap_msgs -- -j8 -l8
[1.875s] Invoking command in '/root/crs_ws_fanuc/build/octomap_msgs': CMAKE_PREFIX_PATH=${CMAKE_PREFIX_PATH}:/opt/ros/eloquent /usr/bin/cmake --build /root/crs_ws_fanuc/build/octomap_msgs --target install -- -j8 -l8
[1.991s] [  1%] Built target octomap_msgs__cpp
[2.020s] [ 13%] Built target octomap_msgs__rosidl_generator_c
[2.109s] [ 24%] Built target octomap_msgs__rosidl_typesupport_introspection_c
[2.135s] [ 35%] Built target octomap_msgs__rosidl_typesupport_introspection_cpp
[2.141s] [ 47%] Built target octomap_msgs__rosidl_typesupport_fastrtps_cpp
[2.203s] [ 58%] Built target octomap_msgs__rosidl_typesupport_fastrtps_c
[2.224s] [ 69%] Built target octomap_msgs__rosidl_typesupport_cpp
[2.254s] [ 81%] Built target octomap_msgs__rosidl_typesupport_c
[2.288s] [ 81%] Built target octomap_msgs
[2.321s] [ 83%] Built target octomap_msgs__py
[2.362s] [ 92%] Built target octomap_msgs__python
[2.402s] [ 96%] Built target octomap_msgs__rosidl_typesupport_c__pyext
[2.405s] [100%] Built target octomap_msgs__rosidl_typesupport_fastrtps_c__pyext
[2.435s] [36mInstall the project...[0m
[2.451s] -- Install configuration: "Debug"
[2.452s] -- Execute custom install script
[2.452s] -- Up-to-date symlink: /root/crs_ws_fanuc/install/octomap_msgs/share/ament_index/resource_index/rosidl_interfaces/octomap_msgs
[2.453s] -- Up-to-date symlink: /root/crs_ws_fanuc/install/octomap_msgs/lib/liboctomap_msgs__rosidl_typesupport_c.so
[2.453s] -- Up-to-date symlink: /root/crs_ws_fanuc/install/octomap_msgs/share/octomap_msgs/environment/library_path.sh
[2.454s] -- Up-to-date symlink: /root/crs_ws_fanuc/install/octomap_msgs/share/octomap_msgs/environment/library_path.dsv
[2.454s] -- Up-to-date symlink: /root/crs_ws_fanuc/install/octomap_msgs/lib/liboctomap_msgs__rosidl_typesupport_cpp.so
[2.456s] -- Up-to-date symlink: /root/crs_ws_fanuc/install/octomap_msgs/include/octomap_msgs/msg/octomap__rosidl_typesupport_fastrtps_c.h
[2.456s] -- Up-to-date symlink: /root/crs_ws_fanuc/install/octomap_msgs/include/octomap_msgs/msg/octomap_with_pose__rosidl_typesupport_fastrtps_c.h
[2.456s] -- Up-to-date symlink: /root/crs_ws_fanuc/install/octomap_msgs/include/octomap_msgs/msg/rosidl_typesupport_fastrtps_c__visibility_control.h
[2.456s] -- Up-to-date symlink: /root/crs_ws_fanuc/install/octomap_msgs/include/octomap_msgs/srv/bounding_box_query__rosidl_typesupport_fastrtps_c.h
[2.457s] -- Up-to-date symlink: /root/crs_ws_fanuc/install/octomap_msgs/include/octomap_msgs/srv/get_octomap__rosidl_typesupport_fastrtps_c.h
[2.457s] -- Up-to-date symlink: /root/crs_ws_fanuc/install/octomap_msgs/lib/liboctomap_msgs__rosidl_typesupport_fastrtps_c.so
[2.458s] -- Up-to-date symlink: /root/crs_ws_fanuc/install/octomap_msgs/include/octomap_msgs/msg/octomap.h
[2.458s] -- Up-to-date symlink: /root/crs_ws_fanuc/install/octomap_msgs/include/octomap_msgs/msg/octomap__functions.h
[2.458s] -- Up-to-date symlink: /root/crs_ws_fanuc/install/octomap_msgs/include/octomap_msgs/msg/octomap__struct.h
[2.459s] -- Up-to-date symlink: /root/crs_ws_fanuc/install/octomap_msgs/include/octomap_msgs/msg/octomap__type_support.h
[2.459s] -- Up-to-date symlink: /root/crs_ws_fanuc/install/octomap_msgs/include/octomap_msgs/msg/octomap_with_pose.h
[2.459s] -- Up-to-date symlink: /root/crs_ws_fanuc/install/octomap_msgs/include/octomap_msgs/msg/octomap_with_pose__functions.h
[2.459s] -- Up-to-date symlink: /root/crs_ws_fanuc/install/octomap_msgs/include/octomap_msgs/msg/octomap_with_pose__struct.h
[2.459s] -- Up-to-date symlink: /root/crs_ws_fanuc/install/octomap_msgs/include/octomap_msgs/msg/octomap_with_pose__type_support.h
[2.460s] -- Up-to-date symlink: /root/crs_ws_fanuc/install/octomap_msgs/include/octomap_msgs/msg/rosidl_generator_c__visibility_control.h
[2.460s] -- Up-to-date symlink: /root/crs_ws_fanuc/install/octomap_msgs/include/octomap_msgs/srv/bounding_box_query.h
[2.460s] -- Up-to-date symlink: /root/crs_ws_fanuc/install/octomap_msgs/include/octomap_msgs/srv/bounding_box_query__functions.h
[2.460s] -- Up-to-date symlink: /root/crs_ws_fanuc/install/octomap_msgs/include/octomap_msgs/srv/bounding_box_query__struct.h
[2.461s] -- Up-to-date symlink: /root/crs_ws_fanuc/install/octomap_msgs/include/octomap_msgs/srv/bounding_box_query__type_support.h
[2.461s] -- Up-to-date symlink: /root/crs_ws_fanuc/install/octomap_msgs/include/octomap_msgs/srv/get_octomap.h
[2.461s] -- Up-to-date symlink: /root/crs_ws_fanuc/install/octomap_msgs/include/octomap_msgs/srv/get_octomap__functions.h
[2.461s] -- Up-to-date symlink: /root/crs_ws_fanuc/install/octomap_msgs/include/octomap_msgs/srv/get_octomap__struct.h
[2.461s] -- Up-to-date symlink: /root/crs_ws_fanuc/install/octomap_msgs/include/octomap_msgs/srv/get_octomap__type_support.h
[2.462s] -- Up-to-date symlink: /root/crs_ws_fanuc/install/octomap_msgs/lib/liboctomap_msgs__rosidl_generator_c.so
[2.463s] -- Up-to-date symlink: /root/crs_ws_fanuc/install/octomap_msgs/include/octomap_msgs/msg/octomap__rosidl_typesupport_fastrtps_cpp.hpp
[2.463s] -- Up-to-date symlink: /root/crs_ws_fanuc/install/octomap_msgs/include/octomap_msgs/msg/octomap_with_pose__rosidl_typesupport_fastrtps_cpp.hpp
[2.463s] -- Up-to-date symlink: /root/crs_ws_fanuc/install/octomap_msgs/include/octomap_msgs/msg/rosidl_typesupport_fastrtps_cpp__visibility_control.h
[2.463s] -- Up-to-date symlink: /root/crs_ws_fanuc/install/octomap_msgs/include/octomap_msgs/srv/bounding_box_query__rosidl_typesupport_fastrtps_cpp.hpp
[2.464s] -- Up-to-date symlink: /root/crs_ws_fanuc/install/octomap_msgs/include/octomap_msgs/srv/get_octomap__rosidl_typesupport_fastrtps_cpp.hpp
[2.464s] -- Up-to-date symlink: /root/crs_ws_fanuc/install/octomap_msgs/lib/liboctomap_msgs__rosidl_typesupport_fastrtps_cpp.so
[2.465s] -- Up-to-date symlink: /root/crs_ws_fanuc/install/octomap_msgs/include/octomap_msgs/msg/octomap.hpp
[2.465s] -- Up-to-date symlink: /root/crs_ws_fanuc/install/octomap_msgs/include/octomap_msgs/msg/octomap__struct.hpp
[2.465s] -- Up-to-date symlink: /root/crs_ws_fanuc/install/octomap_msgs/include/octomap_msgs/msg/octomap__traits.hpp
[2.466s] -- Up-to-date symlink: /root/crs_ws_fanuc/install/octomap_msgs/include/octomap_msgs/msg/octomap_with_pose.hpp
[2.466s] -- Up-to-date symlink: /root/crs_ws_fanuc/install/octomap_msgs/include/octomap_msgs/msg/octomap_with_pose__struct.hpp
[2.466s] -- Up-to-date symlink: /root/crs_ws_fanuc/install/octomap_msgs/include/octomap_msgs/msg/octomap_with_pose__traits.hpp
[2.466s] -- Up-to-date symlink: /root/crs_ws_fanuc/install/octomap_msgs/include/octomap_msgs/srv/bounding_box_query.hpp
[2.467s] -- Up-to-date symlink: /root/crs_ws_fanuc/install/octomap_msgs/include/octomap_msgs/srv/bounding_box_query__struct.hpp
[2.467s] -- Up-to-date symlink: /root/crs_ws_fanuc/install/octomap_msgs/include/octomap_msgs/srv/bounding_box_query__traits.hpp
[2.467s] -- Up-to-date symlink: /root/crs_ws_fanuc/install/octomap_msgs/include/octomap_msgs/srv/get_octomap.hpp
[2.467s] -- Up-to-date symlink: /root/crs_ws_fanuc/install/octomap_msgs/include/octomap_msgs/srv/get_octomap__struct.hpp
[2.467s] -- Up-to-date symlink: /root/crs_ws_fanuc/install/octomap_msgs/include/octomap_msgs/srv/get_octomap__traits.hpp
[2.468s] -- Up-to-date symlink: /root/crs_ws_fanuc/install/octomap_msgs/include/octomap_msgs/msg/octomap__rosidl_typesupport_introspection_c.h
[2.468s] -- Up-to-date symlink: /root/crs_ws_fanuc/install/octomap_msgs/include/octomap_msgs/msg/octomap_with_pose__rosidl_typesupport_introspection_c.h
[2.469s] -- Up-to-date symlink: /root/crs_ws_fanuc/install/octomap_msgs/include/octomap_msgs/msg/rosidl_typesupport_introspection_c__visibility_control.h
[2.469s] -- Up-to-date symlink: /root/crs_ws_fanuc/install/octomap_msgs/include/octomap_msgs/srv/bounding_box_query__rosidl_typesupport_introspection_c.h
[2.469s] -- Up-to-date symlink: /root/crs_ws_fanuc/install/octomap_msgs/include/octomap_msgs/srv/get_octomap__rosidl_typesupport_introspection_c.h
[2.469s] -- Up-to-date symlink: /root/crs_ws_fanuc/install/octomap_msgs/lib/liboctomap_msgs__rosidl_typesupport_introspection_c.so
[2.470s] -- Up-to-date symlink: /root/crs_ws_fanuc/install/octomap_msgs/include/octomap_msgs/msg/octomap__rosidl_typesupport_introspection_cpp.hpp
[2.470s] -- Up-to-date symlink: /root/crs_ws_fanuc/install/octomap_msgs/include/octomap_msgs/msg/octomap_with_pose__rosidl_typesupport_introspection_cpp.hpp
[2.470s] -- Up-to-date symlink: /root/crs_ws_fanuc/install/octomap_msgs/include/octomap_msgs/srv/bounding_box_query__rosidl_typesupport_introspection_cpp.hpp
[2.471s] -- Up-to-date symlink: /root/crs_ws_fanuc/install/octomap_msgs/include/octomap_msgs/srv/get_octomap__rosidl_typesupport_introspection_cpp.hpp
[2.471s] -- Up-to-date symlink: /root/crs_ws_fanuc/install/octomap_msgs/lib/liboctomap_msgs__rosidl_typesupport_introspection_cpp.so
[2.471s] -- Up-to-date symlink: /root/crs_ws_fanuc/install/octomap_msgs/share/octomap_msgs/environment/pythonpath.sh
[2.472s] -- Up-to-date symlink: /root/crs_ws_fanuc/install/octomap_msgs/share/octomap_msgs/environment/pythonpath.dsv
[2.472s] -- Up-to-date symlink: /root/crs_ws_fanuc/install/octomap_msgs/lib/python3.6/site-packages/octomap_msgs/__init__.py
[2.472s] -- Up-to-date symlink: /root/crs_ws_fanuc/install/octomap_msgs/lib/python3.6/site-packages/octomap_msgs/msg/__init__.py
[2.473s] -- Up-to-date symlink: /root/crs_ws_fanuc/install/octomap_msgs/lib/python3.6/site-packages/octomap_msgs/msg/_octomap.py
[2.473s] -- Up-to-date symlink: /root/crs_ws_fanuc/install/octomap_msgs/lib/python3.6/site-packages/octomap_msgs/msg/_octomap_with_pose.py
[2.473s] -- Up-to-date symlink: /root/crs_ws_fanuc/install/octomap_msgs/lib/python3.6/site-packages/octomap_msgs/srv/__init__.py
[2.474s] -- Up-to-date symlink: /root/crs_ws_fanuc/install/octomap_msgs/lib/python3.6/site-packages/octomap_msgs/srv/_bounding_box_query.py
[2.474s] -- Up-to-date symlink: /root/crs_ws_fanuc/install/octomap_msgs/lib/python3.6/site-packages/octomap_msgs/srv/_get_octomap.py
[2.474s] -- Up-to-date symlink: /root/crs_ws_fanuc/install/octomap_msgs/lib/python3.6/site-packages/octomap_msgs/octomap_msgs_s__rosidl_typesupport_c.cpython-36m-x86_64-linux-gnu.so
[2.475s] -- Up-to-date symlink: /root/crs_ws_fanuc/install/octomap_msgs/lib/python3.6/site-packages/octomap_msgs/octomap_msgs_s__rosidl_typesupport_fastrtps_c.cpython-36m-x86_64-linux-gnu.so
[2.475s] -- Up-to-date symlink: /root/crs_ws_fanuc/install/octomap_msgs/lib/liboctomap_msgs__python.so
[2.476s] -- Up-to-date symlink: /root/crs_ws_fanuc/install/octomap_msgs/share/octomap_msgs/msg/Octomap.idl
[2.476s] -- Up-to-date symlink: /root/crs_ws_fanuc/install/octomap_msgs/share/octomap_msgs/msg/OctomapWithPose.idl
[2.476s] -- Up-to-date symlink: /root/crs_ws_fanuc/install/octomap_msgs/share/octomap_msgs/srv/BoundingBoxQuery.idl
[2.477s] -- Up-to-date symlink: /root/crs_ws_fanuc/install/octomap_msgs/share/octomap_msgs/srv/GetOctomap.idl
[2.477s] -- Up-to-date symlink: /root/crs_ws_fanuc/install/octomap_msgs/share/octomap_msgs/msg/Octomap.msg
[2.477s] -- Up-to-date symlink: /root/crs_ws_fanuc/install/octomap_msgs/share/octomap_msgs/msg/OctomapWithPose.msg
[2.478s] -- Up-to-date symlink: /root/crs_ws_fanuc/install/octomap_msgs/share/octomap_msgs/srv/BoundingBoxQuery.srv
[2.478s] -- Up-to-date symlink: /root/crs_ws_fanuc/install/octomap_msgs/share/octomap_msgs/srv/BoundingBoxQuery_Request.msg
[2.478s] -- Up-to-date symlink: /root/crs_ws_fanuc/install/octomap_msgs/share/octomap_msgs/srv/BoundingBoxQuery_Response.msg
[2.478s] -- Up-to-date symlink: /root/crs_ws_fanuc/install/octomap_msgs/share/octomap_msgs/srv/GetOctomap.srv
[2.479s] -- Up-to-date symlink: /root/crs_ws_fanuc/install/octomap_msgs/share/octomap_msgs/srv/GetOctomap_Request.msg
[2.479s] -- Up-to-date symlink: /root/crs_ws_fanuc/install/octomap_msgs/share/octomap_msgs/srv/GetOctomap_Response.msg
[2.479s] -- Up-to-date symlink: /root/crs_ws_fanuc/install/octomap_msgs/share/ament_index/resource_index/package_run_dependencies/octomap_msgs
[2.480s] -- Up-to-date symlink: /root/crs_ws_fanuc/install/octomap_msgs/share/ament_index/resource_index/parent_prefix_path/octomap_msgs
[2.480s] -- Up-to-date symlink: /root/crs_ws_fanuc/install/octomap_msgs/share/octomap_msgs/environment/ament_prefix_path.sh
[2.480s] -- Up-to-date symlink: /root/crs_ws_fanuc/install/octomap_msgs/share/octomap_msgs/environment/ament_prefix_path.dsv
[2.481s] -- Up-to-date symlink: /root/crs_ws_fanuc/install/octomap_msgs/share/octomap_msgs/environment/path.sh
[2.481s] -- Up-to-date symlink: /root/crs_ws_fanuc/install/octomap_msgs/share/octomap_msgs/environment/path.dsv
[2.481s] -- Up-to-date symlink: /root/crs_ws_fanuc/install/octomap_msgs/share/octomap_msgs/local_setup.bash
[2.482s] -- Up-to-date symlink: /root/crs_ws_fanuc/install/octomap_msgs/share/octomap_msgs/local_setup.sh
[2.482s] -- Up-to-date symlink: /root/crs_ws_fanuc/install/octomap_msgs/share/octomap_msgs/local_setup.zsh
[2.482s] -- Up-to-date symlink: /root/crs_ws_fanuc/install/octomap_msgs/share/octomap_msgs/local_setup.dsv
[2.483s] -- Symlinking: /root/crs_ws_fanuc/install/octomap_msgs/share/octomap_msgs/package.dsv
[2.494s] -- Up-to-date symlink: /root/crs_ws_fanuc/install/octomap_msgs/share/ament_index/resource_index/packages/octomap_msgs
[2.495s] -- Up-to-date symlink: /root/crs_ws_fanuc/install/octomap_msgs/share/octomap_msgs/cmake/rosidl_cmake-extras.cmake
[2.495s] -- Up-to-date symlink: /root/crs_ws_fanuc/install/octomap_msgs/share/octomap_msgs/cmake/ament_cmake_export_dependencies-extras.cmake
[2.495s] -- Up-to-date symlink: /root/crs_ws_fanuc/install/octomap_msgs/share/octomap_msgs/cmake/ament_cmake_export_libraries-extras.cmake
[2.496s] -- Up-to-date symlink: /root/crs_ws_fanuc/install/octomap_msgs/share/octomap_msgs/cmake/ament_cmake_export_include_directories-extras.cmake
[2.496s] -- Up-to-date symlink: /root/crs_ws_fanuc/install/octomap_msgs/share/octomap_msgs/cmake/octomap_msgsConfig.cmake
[2.496s] -- Up-to-date symlink: /root/crs_ws_fanuc/install/octomap_msgs/share/octomap_msgs/cmake/octomap_msgsConfig-version.cmake
[2.497s] -- Up-to-date symlink: /root/crs_ws_fanuc/install/octomap_msgs/share/octomap_msgs/package.xml
[2.536s] -- Up-to-date: /root/crs_ws_fanuc/install/octomap_msgs/include
[2.536s] -- Up-to-date: /root/crs_ws_fanuc/install/octomap_msgs/include/octomap_msgs
[2.536s] -- Up-to-date: /root/crs_ws_fanuc/install/octomap_msgs/include/octomap_msgs/conversions.h
[2.541s] Invoked command in '/root/crs_ws_fanuc/build/octomap_msgs' returned '0': CMAKE_PREFIX_PATH=${CMAKE_PREFIX_PATH}:/opt/ros/eloquent /usr/bin/cmake --build /root/crs_ws_fanuc/build/octomap_msgs --target install -- -j8 -l8
