[0.038s] Invoking command in '/root/crs_ws_fanuc/build/region_detection_core': CMAKE_PREFIX_PATH=${CMAKE_PREFIX_PATH}:/opt/ros/eloquent /usr/bin/cmake --build /root/crs_ws_fanuc/build/region_detection_core -- -j8 -l8
[0.140s] [ 18%] Built target threshold_grayscale_test
[0.141s] [ 36%] Built target threshold_in_range_test
[0.148s] [ 54%] Built target adaptive_threshold_test
[0.166s] [ 81%] Built target region_detection_core
[0.201s] [100%] Built target region_detection_test
[0.239s] Invoked command in '/root/crs_ws_fanuc/build/region_detection_core' returned '0': CMAKE_PREFIX_PATH=${CMAKE_PREFIX_PATH}:/opt/ros/eloquent /usr/bin/cmake --build /root/crs_ws_fanuc/build/region_detection_core -- -j8 -l8
[0.376s] Invoking command in '/root/crs_ws_fanuc/build/region_detection_core': CMAKE_PREFIX_PATH=${CMAKE_PREFIX_PATH}:/opt/ros/eloquent /usr/bin/cmake --build /root/crs_ws_fanuc/build/region_detection_core --target install -- -j8 -l8
[0.465s] [ 18%] Built target threshold_grayscale_test
[0.476s] [ 36%] Built target threshold_in_range_test
[0.489s] [ 54%] Built target adaptive_threshold_test
[0.491s] [ 81%] Built target region_detection_core
[0.543s] [100%] Built target region_detection_test
[0.576s] [36mInstall the project...[0m
[0.591s] -- Install configuration: "Debug"
[0.591s] -- Up-to-date: /root/crs_ws_fanuc/install/region_detection_core/include/region_detection_core
[0.591s] -- Up-to-date: /root/crs_ws_fanuc/install/region_detection_core/include/region_detection_core/config_types.h
[0.591s] -- Up-to-date: /root/crs_ws_fanuc/install/region_detection_core/include/region_detection_core/region_crop.h
[0.591s] -- Up-to-date: /root/crs_ws_fanuc/install/region_detection_core/include/region_detection_core/region_detector.h
[0.592s] -- Up-to-date: /root/crs_ws_fanuc/install/region_detection_core/bin/threshold_grayscale_test
[0.592s] -- Up-to-date: /root/crs_ws_fanuc/install/region_detection_core/bin/threshold_in_range_test
[0.592s] -- Up-to-date: /root/crs_ws_fanuc/install/region_detection_core/bin/adaptive_threshold_test
[0.592s] -- Up-to-date: /root/crs_ws_fanuc/install/region_detection_core/bin/region_detection_test
[0.592s] -- Up-to-date: /root/crs_ws_fanuc/install/region_detection_core/lib/libregion_detection_core.so
[0.593s] -- Up-to-date: /root/crs_ws_fanuc/install/region_detection_core/lib/cmake/region_detection_core/region_detection_core-targets.cmake
[0.593s] -- Up-to-date: /root/crs_ws_fanuc/install/region_detection_core/lib/cmake/region_detection_core/region_detection_core-targets-debug.cmake
[0.593s] -- Up-to-date: /root/crs_ws_fanuc/install/region_detection_core/share/region_detection_core/package.xml
[0.593s] -- Up-to-date: /root/crs_ws_fanuc/install/region_detection_core/share/region_detection_core//config
[0.593s] -- Up-to-date: /root/crs_ws_fanuc/install/region_detection_core/share/region_detection_core//config/config.yaml
[0.593s] -- Up-to-date: /root/crs_ws_fanuc/install/region_detection_core/lib/cmake/region_detection_core/region_detection_core-config.cmake
[0.593s] -- Up-to-date: /root/crs_ws_fanuc/install/region_detection_core/lib/cmake/region_detection_core/region_detection_core-config-version.cmake
[0.598s] Invoked command in '/root/crs_ws_fanuc/build/region_detection_core' returned '0': CMAKE_PREFIX_PATH=${CMAKE_PREFIX_PATH}:/opt/ros/eloquent /usr/bin/cmake --build /root/crs_ws_fanuc/build/region_detection_core --target install -- -j8 -l8
