[0.055s] Invoking command in '/root/crs_ws_fanuc/build/region_detection_rclcpp': AMENT_PREFIX_PATH=/root/crs_ws_fanuc/install/region_detection_msgs:${AMENT_PREFIX_PATH} CMAKE_PREFIX_PATH=/root/crs_ws_fanuc/install/region_detection_msgs:/root/crs_ws_fanuc/install/region_detection_core:/opt/qt513/lib/cmake:/opt/ros/eloquent LD_LIBRARY_PATH=/root/crs_ws_fanuc/install/region_detection_msgs/lib:/root/crs_ws_fanuc/install/region_detection_core/lib:${LD_LIBRARY_PATH} PATH=/root/crs_ws_fanuc/install/region_detection_core/bin:${PATH} PKG_CONFIG_PATH=/root/crs_ws_fanuc/install/region_detection_core/lib/x86_64-linux-gnu/pkgconfig:/root/crs_ws_fanuc/install/region_detection_core/lib/pkgconfig PYTHONPATH=/root/crs_ws_fanuc/install/region_detection_msgs/lib/python3.6/site-packages:${PYTHONPATH} /usr/bin/cmake --build /root/crs_ws_fanuc/build/region_detection_rclcpp -- -j8 -l8
[0.169s] [ 33%] Built target interactive_region_selection
[0.172s] [ 66%] Built target region_detector_server
[0.180s] [100%] Built target crop_data_server
[0.206s] Invoked command in '/root/crs_ws_fanuc/build/region_detection_rclcpp' returned '0': AMENT_PREFIX_PATH=/root/crs_ws_fanuc/install/region_detection_msgs:${AMENT_PREFIX_PATH} CMAKE_PREFIX_PATH=/root/crs_ws_fanuc/install/region_detection_msgs:/root/crs_ws_fanuc/install/region_detection_core:/opt/qt513/lib/cmake:/opt/ros/eloquent LD_LIBRARY_PATH=/root/crs_ws_fanuc/install/region_detection_msgs/lib:/root/crs_ws_fanuc/install/region_detection_core/lib:${LD_LIBRARY_PATH} PATH=/root/crs_ws_fanuc/install/region_detection_core/bin:${PATH} PKG_CONFIG_PATH=/root/crs_ws_fanuc/install/region_detection_core/lib/x86_64-linux-gnu/pkgconfig:/root/crs_ws_fanuc/install/region_detection_core/lib/pkgconfig PYTHONPATH=/root/crs_ws_fanuc/install/region_detection_msgs/lib/python3.6/site-packages:${PYTHONPATH} /usr/bin/cmake --build /root/crs_ws_fanuc/build/region_detection_rclcpp -- -j8 -l8
[0.261s] Invoking command in '/root/crs_ws_fanuc/build/region_detection_rclcpp': AMENT_PREFIX_PATH=/root/crs_ws_fanuc/install/region_detection_msgs:${AMENT_PREFIX_PATH} CMAKE_PREFIX_PATH=/root/crs_ws_fanuc/install/region_detection_msgs:/root/crs_ws_fanuc/install/region_detection_core:/opt/qt513/lib/cmake:/opt/ros/eloquent LD_LIBRARY_PATH=/root/crs_ws_fanuc/install/region_detection_msgs/lib:/root/crs_ws_fanuc/install/region_detection_core/lib:${LD_LIBRARY_PATH} PATH=/root/crs_ws_fanuc/install/region_detection_core/bin:${PATH} PKG_CONFIG_PATH=/root/crs_ws_fanuc/install/region_detection_core/lib/x86_64-linux-gnu/pkgconfig:/root/crs_ws_fanuc/install/region_detection_core/lib/pkgconfig PYTHONPATH=/root/crs_ws_fanuc/install/region_detection_msgs/lib/python3.6/site-packages:${PYTHONPATH} /usr/bin/cmake --build /root/crs_ws_fanuc/build/region_detection_rclcpp --target install -- -j8 -l8
[0.419s] [ 33%] Built target region_detector_server
[0.420s] [ 66%] Built target interactive_region_selection
[0.422s] [100%] Built target crop_data_server
[0.454s] [36mInstall the project...[0m
[0.468s] -- Install configuration: "Debug"
[0.468s] -- Execute custom install script
[0.470s] -- Up-to-date symlink: /root/crs_ws_fanuc/install/region_detection_rclcpp/lib/region_detection_rclcpp/interactive_region_selection
[0.470s] -- Up-to-date symlink: /root/crs_ws_fanuc/install/region_detection_rclcpp/lib/region_detection_rclcpp/region_detector_server
[0.470s] -- Up-to-date symlink: /root/crs_ws_fanuc/install/region_detection_rclcpp/lib/region_detection_rclcpp/crop_data_server
[0.471s] -- Up-to-date symlink: /root/crs_ws_fanuc/install/region_detection_rclcpp/share/ament_index/resource_index/package_run_dependencies/region_detection_rclcpp
[0.471s] -- Up-to-date symlink: /root/crs_ws_fanuc/install/region_detection_rclcpp/share/ament_index/resource_index/parent_prefix_path/region_detection_rclcpp
[0.472s] -- Up-to-date symlink: /root/crs_ws_fanuc/install/region_detection_rclcpp/share/region_detection_rclcpp/environment/ament_prefix_path.sh
[0.472s] -- Up-to-date symlink: /root/crs_ws_fanuc/install/region_detection_rclcpp/share/region_detection_rclcpp/environment/ament_prefix_path.dsv
[0.473s] -- Up-to-date symlink: /root/crs_ws_fanuc/install/region_detection_rclcpp/share/region_detection_rclcpp/environment/path.sh
[0.473s] -- Up-to-date symlink: /root/crs_ws_fanuc/install/region_detection_rclcpp/share/region_detection_rclcpp/environment/path.dsv
[0.474s] -- Up-to-date symlink: /root/crs_ws_fanuc/install/region_detection_rclcpp/share/region_detection_rclcpp/local_setup.bash
[0.474s] -- Up-to-date symlink: /root/crs_ws_fanuc/install/region_detection_rclcpp/share/region_detection_rclcpp/local_setup.sh
[0.475s] -- Up-to-date symlink: /root/crs_ws_fanuc/install/region_detection_rclcpp/share/region_detection_rclcpp/local_setup.zsh
[0.475s] -- Up-to-date symlink: /root/crs_ws_fanuc/install/region_detection_rclcpp/share/region_detection_rclcpp/local_setup.dsv
[0.475s] -- Symlinking: /root/crs_ws_fanuc/install/region_detection_rclcpp/share/region_detection_rclcpp/package.dsv
[0.490s] -- Up-to-date symlink: /root/crs_ws_fanuc/install/region_detection_rclcpp/share/ament_index/resource_index/packages/region_detection_rclcpp
[0.491s] -- Up-to-date symlink: /root/crs_ws_fanuc/install/region_detection_rclcpp/share/region_detection_rclcpp/cmake/region_detection_rclcppConfig.cmake
[0.492s] -- Up-to-date symlink: /root/crs_ws_fanuc/install/region_detection_rclcpp/share/region_detection_rclcpp/cmake/region_detection_rclcppConfig-version.cmake
[0.492s] -- Up-to-date symlink: /root/crs_ws_fanuc/install/region_detection_rclcpp/share/region_detection_rclcpp/package.xml
[0.501s] Invoked command in '/root/crs_ws_fanuc/build/region_detection_rclcpp' returned '0': AMENT_PREFIX_PATH=/root/crs_ws_fanuc/install/region_detection_msgs:${AMENT_PREFIX_PATH} CMAKE_PREFIX_PATH=/root/crs_ws_fanuc/install/region_detection_msgs:/root/crs_ws_fanuc/install/region_detection_core:/opt/qt513/lib/cmake:/opt/ros/eloquent LD_LIBRARY_PATH=/root/crs_ws_fanuc/install/region_detection_msgs/lib:/root/crs_ws_fanuc/install/region_detection_core/lib:${LD_LIBRARY_PATH} PATH=/root/crs_ws_fanuc/install/region_detection_core/bin:${PATH} PKG_CONFIG_PATH=/root/crs_ws_fanuc/install/region_detection_core/lib/x86_64-linux-gnu/pkgconfig:/root/crs_ws_fanuc/install/region_detection_core/lib/pkgconfig PYTHONPATH=/root/crs_ws_fanuc/install/region_detection_msgs/lib/python3.6/site-packages:${PYTHONPATH} /usr/bin/cmake --build /root/crs_ws_fanuc/build/region_detection_rclcpp --target install -- -j8 -l8
