[0.082s] Invoking command in '/root/crs_ws_fanuc/build/crs_toolpath_gen': CMAKE_PREFIX_PATH=${CMAKE_PREFIX_PATH}:/opt/ros/eloquent /usr/bin/cmake --build /root/crs_ws_fanuc/build/crs_toolpath_gen -- -j8 -l8
[0.391s] Invoked command in '/root/crs_ws_fanuc/build/crs_toolpath_gen' returned '0': CMAKE_PREFIX_PATH=${CMAKE_PREFIX_PATH}:/opt/ros/eloquent /usr/bin/cmake --build /root/crs_ws_fanuc/build/crs_toolpath_gen -- -j8 -l8
[0.457s] Invoking command in '/root/crs_ws_fanuc/build/crs_toolpath_gen': CMAKE_PREFIX_PATH=${CMAKE_PREFIX_PATH}:/opt/ros/eloquent /usr/bin/cmake --build /root/crs_ws_fanuc/build/crs_toolpath_gen --target install -- -j8 -l8
[0.540s] [36mInstall the project...[0m
[0.559s] -- Install configuration: "Debug"
[0.559s] -- Execute custom install script
[0.560s] -- Up-to-date symlink: /root/crs_ws_fanuc/install/crs_toolpath_gen/share/ament_index/resource_index/package_run_dependencies/crs_toolpath_gen
[0.560s] -- Up-to-date symlink: /root/crs_ws_fanuc/install/crs_toolpath_gen/share/ament_index/resource_index/parent_prefix_path/crs_toolpath_gen
[0.561s] -- Up-to-date symlink: /root/crs_ws_fanuc/install/crs_toolpath_gen/share/crs_toolpath_gen/environment/ament_prefix_path.sh
[0.561s] -- Up-to-date symlink: /root/crs_ws_fanuc/install/crs_toolpath_gen/share/crs_toolpath_gen/environment/ament_prefix_path.dsv
[0.561s] -- Up-to-date symlink: /root/crs_ws_fanuc/install/crs_toolpath_gen/share/crs_toolpath_gen/environment/path.sh
[0.562s] -- Up-to-date symlink: /root/crs_ws_fanuc/install/crs_toolpath_gen/share/crs_toolpath_gen/environment/path.dsv
[0.562s] -- Up-to-date symlink: /root/crs_ws_fanuc/install/crs_toolpath_gen/share/crs_toolpath_gen/local_setup.bash
[0.563s] -- Up-to-date symlink: /root/crs_ws_fanuc/install/crs_toolpath_gen/share/crs_toolpath_gen/local_setup.sh
[0.563s] -- Up-to-date symlink: /root/crs_ws_fanuc/install/crs_toolpath_gen/share/crs_toolpath_gen/local_setup.zsh
[0.564s] -- Up-to-date symlink: /root/crs_ws_fanuc/install/crs_toolpath_gen/share/crs_toolpath_gen/local_setup.dsv
[0.564s] -- Symlinking: /root/crs_ws_fanuc/install/crs_toolpath_gen/share/crs_toolpath_gen/package.dsv
[0.579s] -- Up-to-date symlink: /root/crs_ws_fanuc/install/crs_toolpath_gen/share/ament_index/resource_index/packages/crs_toolpath_gen
[0.579s] -- Up-to-date symlink: /root/crs_ws_fanuc/install/crs_toolpath_gen/share/crs_toolpath_gen/cmake/crs_toolpath_genConfig.cmake
[0.580s] -- Up-to-date symlink: /root/crs_ws_fanuc/install/crs_toolpath_gen/share/crs_toolpath_gen/cmake/crs_toolpath_genConfig-version.cmake
[0.580s] -- Up-to-date symlink: /root/crs_ws_fanuc/install/crs_toolpath_gen/share/crs_toolpath_gen/package.xml
[0.586s] Invoked command in '/root/crs_ws_fanuc/build/crs_toolpath_gen' returned '0': CMAKE_PREFIX_PATH=${CMAKE_PREFIX_PATH}:/opt/ros/eloquent /usr/bin/cmake --build /root/crs_ws_fanuc/build/crs_toolpath_gen --target install -- -j8 -l8
