[0.072s] Invoking command in '/root/crs_ws_fanuc/build/ur_dashboard_msgs': CMAKE_PREFIX_PATH=/root/crs_ws_fanuc/install/trajopt_tools:/root/crs_ws_fanuc/install/vhacd:/root/crs_ws_fanuc/install/crs_gui:/root/crs_ws_fanuc/install/crs_application:/root/crs_ws_fanuc/install/crs_motion_planning:/root/crs_ws_fanuc/install/ur_ikfast_kinematics:/root/crs_ws_fanuc/install/crs_robot_comms:/root/crs_ws_fanuc/install/ur_dashboard_msgs:/root/crs_ws_fanuc/install/trajopt_sqp:/root/crs_ws_fanuc/install/trajopt_ifopt:/root/crs_ws_fanuc/install/tesseract_monitoring:/root/crs_ws_fanuc/install/tesseract_rosutils:/root/crs_ws_fanuc/install/tesseract_process_planners:/root/crs_ws_fanuc/install/tesseract_motion_planners:/root/crs_ws_fanuc/install/trajopt:/root/crs_ws_fanuc/install/trajopt_sco:/root/crs_ws_fanuc/install/trajopt_utils:/root/crs_ws_fanuc/install/tesseract_visualization:/root/crs_ws_fanuc/install/tesseract:/root/crs_ws_fanuc/install/tesseract_urdf:/root/crs_ws_fanuc/install/tesseract_plugins:/root/crs_ws_fanuc/install/tesseract_environment:/root/crs_ws_fanuc/install/tesseract_collision:/root/crs_ws_fanuc/install/tesseract_support:/root/crs_ws_fanuc/install/tesseract_kinematics:/root/crs_ws_fanuc/install/tesseract_scene_graph:/root/crs_ws_fanuc/install/tesseract_msgs:/root/crs_ws_fanuc/install/tesseract_geometry:/root/crs_ws_fanuc/install/tesseract_common:/root/crs_ws_fanuc/install/crs_utils_py:/opt/ros/eloquent:/root/crs_ws_fanuc/install/roscpp_scxml_demos:/root/crs_ws_fanuc/install/rclcpp_scxml_demos:/root/crs_ws_fanuc/install/scxml_core:/root/crs_ws_fanuc/install/region_detection_rclcpp:/root/crs_ws_fanuc/install/region_detection_msgs:/root/crs_ws_fanuc/install/region_detection_core:/root/crs_ws_fanuc/install/osqp_eigen:/root/crs_ws_fanuc/install/osqp:/root/crs_ws_fanuc/install/descartes_opw:/root/crs_ws_fanuc/install/opw_kinematics:/root/crs_ws_fanuc/install/octomap_msgs:/root/crs_ws_fanuc/install/fcl:/root/crs_ws_fanuc/install/libccd:/root/crs_ws_fanuc/install/iterative_spline_parameterization:/root/crs_ws_fanuc/install/ifopt:/root/crs_ws_fanuc/install/gtest:/root/crs_ws_fanuc/install/fanuc_resources:/root/crs_ws_fanuc/install/fanuc_r2000ic_moveit_config:/root/crs_ws_fanuc/install/fanuc_r2000ic_support:/root/crs_ws_fanuc/install/fanuc_r2000ic_moveit_plugins:/root/crs_ws_fanuc/install/descartes_samplers:/root/crs_ws_fanuc/install/descartes_ikfast:/root/crs_ws_fanuc/install/descartes_light:/root/crs_ws_fanuc/install/crs_toolpath_gen:/root/crs_ws_fanuc/install/crs_support:/root/crs_ws_fanuc/install/crs_process_data:/root/crs_ws_fanuc/install/crs_perception:/root/crs_ws_fanuc/install/crs_area_selection:/root/crs_ws_fanuc/install/crs_msgs:/root/crs_ws_fanuc/install/crs_gazebo_plugins:/root/crs_ws_fanuc/install/cartesian_trajectory_msgs:/root/crs_ws_fanuc/install/bullet3:/opt/qt513/lib/cmake: /usr/bin/cmake --build /root/crs_ws_fanuc/build/ur_dashboard_msgs -- -j8 -l8
[0.242s] [ 12%] Built target ur_dashboard_msgs__rosidl_generator_c
[0.244s] [ 12%] Built target ur_dashboard_msgs__cpp
[0.304s] [ 24%] Built target ur_dashboard_msgs__rosidl_typesupport_introspection_c
[0.314s] [ 37%] Built target ur_dashboard_msgs__rosidl_typesupport_introspection_cpp
[0.330s] [ 49%] Built target ur_dashboard_msgs__rosidl_typesupport_fastrtps_cpp
[0.408s] [ 61%] Built target ur_dashboard_msgs__rosidl_typesupport_cpp
[0.413s] [ 73%] Built target ur_dashboard_msgs__rosidl_typesupport_fastrtps_c
[0.495s] [ 85%] Built target ur_dashboard_msgs__rosidl_typesupport_c
[0.551s] [ 85%] Built target ur_dashboard_msgs
[0.603s] [ 86%] Built target ur_dashboard_msgs__py
[0.686s] [ 97%] Built target ur_dashboard_msgs__python
[0.768s] [ 99%] Built target ur_dashboard_msgs__rosidl_typesupport_c__pyext
[0.768s] [100%] Built target ur_dashboard_msgs__rosidl_typesupport_fastrtps_c__pyext
[0.792s] Invoked command in '/root/crs_ws_fanuc/build/ur_dashboard_msgs' returned '0': CMAKE_PREFIX_PATH=/root/crs_ws_fanuc/install/trajopt_tools:/root/crs_ws_fanuc/install/vhacd:/root/crs_ws_fanuc/install/crs_gui:/root/crs_ws_fanuc/install/crs_application:/root/crs_ws_fanuc/install/crs_motion_planning:/root/crs_ws_fanuc/install/ur_ikfast_kinematics:/root/crs_ws_fanuc/install/crs_robot_comms:/root/crs_ws_fanuc/install/ur_dashboard_msgs:/root/crs_ws_fanuc/install/trajopt_sqp:/root/crs_ws_fanuc/install/trajopt_ifopt:/root/crs_ws_fanuc/install/tesseract_monitoring:/root/crs_ws_fanuc/install/tesseract_rosutils:/root/crs_ws_fanuc/install/tesseract_process_planners:/root/crs_ws_fanuc/install/tesseract_motion_planners:/root/crs_ws_fanuc/install/trajopt:/root/crs_ws_fanuc/install/trajopt_sco:/root/crs_ws_fanuc/install/trajopt_utils:/root/crs_ws_fanuc/install/tesseract_visualization:/root/crs_ws_fanuc/install/tesseract:/root/crs_ws_fanuc/install/tesseract_urdf:/root/crs_ws_fanuc/install/tesseract_plugins:/root/crs_ws_fanuc/install/tesseract_environment:/root/crs_ws_fanuc/install/tesseract_collision:/root/crs_ws_fanuc/install/tesseract_support:/root/crs_ws_fanuc/install/tesseract_kinematics:/root/crs_ws_fanuc/install/tesseract_scene_graph:/root/crs_ws_fanuc/install/tesseract_msgs:/root/crs_ws_fanuc/install/tesseract_geometry:/root/crs_ws_fanuc/install/tesseract_common:/root/crs_ws_fanuc/install/crs_utils_py:/opt/ros/eloquent:/root/crs_ws_fanuc/install/roscpp_scxml_demos:/root/crs_ws_fanuc/install/rclcpp_scxml_demos:/root/crs_ws_fanuc/install/scxml_core:/root/crs_ws_fanuc/install/region_detection_rclcpp:/root/crs_ws_fanuc/install/region_detection_msgs:/root/crs_ws_fanuc/install/region_detection_core:/root/crs_ws_fanuc/install/osqp_eigen:/root/crs_ws_fanuc/install/osqp:/root/crs_ws_fanuc/install/descartes_opw:/root/crs_ws_fanuc/install/opw_kinematics:/root/crs_ws_fanuc/install/octomap_msgs:/root/crs_ws_fanuc/install/fcl:/root/crs_ws_fanuc/install/libccd:/root/crs_ws_fanuc/install/iterative_spline_parameterization:/root/crs_ws_fanuc/install/ifopt:/root/crs_ws_fanuc/install/gtest:/root/crs_ws_fanuc/install/fanuc_resources:/root/crs_ws_fanuc/install/fanuc_r2000ic_moveit_config:/root/crs_ws_fanuc/install/fanuc_r2000ic_support:/root/crs_ws_fanuc/install/fanuc_r2000ic_moveit_plugins:/root/crs_ws_fanuc/install/descartes_samplers:/root/crs_ws_fanuc/install/descartes_ikfast:/root/crs_ws_fanuc/install/descartes_light:/root/crs_ws_fanuc/install/crs_toolpath_gen:/root/crs_ws_fanuc/install/crs_support:/root/crs_ws_fanuc/install/crs_process_data:/root/crs_ws_fanuc/install/crs_perception:/root/crs_ws_fanuc/install/crs_area_selection:/root/crs_ws_fanuc/install/crs_msgs:/root/crs_ws_fanuc/install/crs_gazebo_plugins:/root/crs_ws_fanuc/install/cartesian_trajectory_msgs:/root/crs_ws_fanuc/install/bullet3:/opt/qt513/lib/cmake: /usr/bin/cmake --build /root/crs_ws_fanuc/build/ur_dashboard_msgs -- -j8 -l8
[2.035s] Invoking command in '/root/crs_ws_fanuc/build/ur_dashboard_msgs': CMAKE_PREFIX_PATH=/root/crs_ws_fanuc/install/trajopt_tools:/root/crs_ws_fanuc/install/vhacd:/root/crs_ws_fanuc/install/crs_gui:/root/crs_ws_fanuc/install/crs_application:/root/crs_ws_fanuc/install/crs_motion_planning:/root/crs_ws_fanuc/install/ur_ikfast_kinematics:/root/crs_ws_fanuc/install/crs_robot_comms:/root/crs_ws_fanuc/install/ur_dashboard_msgs:/root/crs_ws_fanuc/install/trajopt_sqp:/root/crs_ws_fanuc/install/trajopt_ifopt:/root/crs_ws_fanuc/install/tesseract_monitoring:/root/crs_ws_fanuc/install/tesseract_rosutils:/root/crs_ws_fanuc/install/tesseract_process_planners:/root/crs_ws_fanuc/install/tesseract_motion_planners:/root/crs_ws_fanuc/install/trajopt:/root/crs_ws_fanuc/install/trajopt_sco:/root/crs_ws_fanuc/install/trajopt_utils:/root/crs_ws_fanuc/install/tesseract_visualization:/root/crs_ws_fanuc/install/tesseract:/root/crs_ws_fanuc/install/tesseract_urdf:/root/crs_ws_fanuc/install/tesseract_plugins:/root/crs_ws_fanuc/install/tesseract_environment:/root/crs_ws_fanuc/install/tesseract_collision:/root/crs_ws_fanuc/install/tesseract_support:/root/crs_ws_fanuc/install/tesseract_kinematics:/root/crs_ws_fanuc/install/tesseract_scene_graph:/root/crs_ws_fanuc/install/tesseract_msgs:/root/crs_ws_fanuc/install/tesseract_geometry:/root/crs_ws_fanuc/install/tesseract_common:/root/crs_ws_fanuc/install/crs_utils_py:/opt/ros/eloquent:/root/crs_ws_fanuc/install/roscpp_scxml_demos:/root/crs_ws_fanuc/install/rclcpp_scxml_demos:/root/crs_ws_fanuc/install/scxml_core:/root/crs_ws_fanuc/install/region_detection_rclcpp:/root/crs_ws_fanuc/install/region_detection_msgs:/root/crs_ws_fanuc/install/region_detection_core:/root/crs_ws_fanuc/install/osqp_eigen:/root/crs_ws_fanuc/install/osqp:/root/crs_ws_fanuc/install/descartes_opw:/root/crs_ws_fanuc/install/opw_kinematics:/root/crs_ws_fanuc/install/octomap_msgs:/root/crs_ws_fanuc/install/fcl:/root/crs_ws_fanuc/install/libccd:/root/crs_ws_fanuc/install/iterative_spline_parameterization:/root/crs_ws_fanuc/install/ifopt:/root/crs_ws_fanuc/install/gtest:/root/crs_ws_fanuc/install/fanuc_resources:/root/crs_ws_fanuc/install/fanuc_r2000ic_moveit_config:/root/crs_ws_fanuc/install/fanuc_r2000ic_support:/root/crs_ws_fanuc/install/fanuc_r2000ic_moveit_plugins:/root/crs_ws_fanuc/install/descartes_samplers:/root/crs_ws_fanuc/install/descartes_ikfast:/root/crs_ws_fanuc/install/descartes_light:/root/crs_ws_fanuc/install/crs_toolpath_gen:/root/crs_ws_fanuc/install/crs_support:/root/crs_ws_fanuc/install/crs_process_data:/root/crs_ws_fanuc/install/crs_perception:/root/crs_ws_fanuc/install/crs_area_selection:/root/crs_ws_fanuc/install/crs_msgs:/root/crs_ws_fanuc/install/crs_gazebo_plugins:/root/crs_ws_fanuc/install/cartesian_trajectory_msgs:/root/crs_ws_fanuc/install/bullet3:/opt/qt513/lib/cmake: /usr/bin/cmake --build /root/crs_ws_fanuc/build/ur_dashboard_msgs --target install -- -j8 -l8
[2.140s] [  0%] Built target ur_dashboard_msgs__cpp
[2.148s] [ 12%] Built target ur_dashboard_msgs__rosidl_generator_c
[2.191s] [ 25%] Built target ur_dashboard_msgs__rosidl_typesupport_introspection_cpp
[2.193s] [ 49%] Built target ur_dashboard_msgs__rosidl_typesupport_introspection_c
[2.194s] [ 49%] Built target ur_dashboard_msgs__rosidl_typesupport_fastrtps_cpp
[2.251s] [ 61%] Built target ur_dashboard_msgs__rosidl_typesupport_cpp
[2.254s] [ 73%] Built target ur_dashboard_msgs__rosidl_typesupport_fastrtps_c
[2.309s] [ 85%] Built target ur_dashboard_msgs__rosidl_typesupport_c
[2.348s] [ 85%] Built target ur_dashboard_msgs
[2.386s] [ 86%] Built target ur_dashboard_msgs__py
[2.467s] [ 97%] Built target ur_dashboard_msgs__python
[2.538s] [ 98%] Built target ur_dashboard_msgs__rosidl_typesupport_fastrtps_c__pyext
[2.540s] [100%] Built target ur_dashboard_msgs__rosidl_typesupport_c__pyext
[2.592s] [36mInstall the project...[0m
[2.611s] -- Install configuration: "Debug"
[2.612s] -- Execute custom install script
[2.612s] -- Up-to-date symlink: /root/crs_ws_fanuc/install/ur_dashboard_msgs/share/ament_index/resource_index/rosidl_interfaces/ur_dashboard_msgs
[2.613s] -- Up-to-date symlink: /root/crs_ws_fanuc/install/ur_dashboard_msgs/lib/libur_dashboard_msgs__rosidl_typesupport_c.so
[2.613s] -- Up-to-date symlink: /root/crs_ws_fanuc/install/ur_dashboard_msgs/share/ur_dashboard_msgs/environment/library_path.sh
[2.613s] -- Up-to-date symlink: /root/crs_ws_fanuc/install/ur_dashboard_msgs/share/ur_dashboard_msgs/environment/library_path.dsv
[2.614s] -- Up-to-date symlink: /root/crs_ws_fanuc/install/ur_dashboard_msgs/lib/libur_dashboard_msgs__rosidl_typesupport_cpp.so
[2.616s] -- Up-to-date symlink: /root/crs_ws_fanuc/install/ur_dashboard_msgs/include/ur_dashboard_msgs/action/set_mode__rosidl_typesupport_fastrtps_c.h
[2.616s] -- Up-to-date symlink: /root/crs_ws_fanuc/install/ur_dashboard_msgs/include/ur_dashboard_msgs/msg/program_state__rosidl_typesupport_fastrtps_c.h
[2.616s] -- Up-to-date symlink: /root/crs_ws_fanuc/install/ur_dashboard_msgs/include/ur_dashboard_msgs/msg/robot_mode__rosidl_typesupport_fastrtps_c.h
[2.616s] -- Up-to-date symlink: /root/crs_ws_fanuc/install/ur_dashboard_msgs/include/ur_dashboard_msgs/msg/rosidl_typesupport_fastrtps_c__visibility_control.h
[2.617s] -- Up-to-date symlink: /root/crs_ws_fanuc/install/ur_dashboard_msgs/include/ur_dashboard_msgs/msg/safety_mode__rosidl_typesupport_fastrtps_c.h
[2.617s] -- Up-to-date symlink: /root/crs_ws_fanuc/install/ur_dashboard_msgs/include/ur_dashboard_msgs/srv/add_to_log__rosidl_typesupport_fastrtps_c.h
[2.617s] -- Up-to-date symlink: /root/crs_ws_fanuc/install/ur_dashboard_msgs/include/ur_dashboard_msgs/srv/get_loaded_program__rosidl_typesupport_fastrtps_c.h
[2.617s] -- Up-to-date symlink: /root/crs_ws_fanuc/install/ur_dashboard_msgs/include/ur_dashboard_msgs/srv/get_program_state__rosidl_typesupport_fastrtps_c.h
[2.618s] -- Up-to-date symlink: /root/crs_ws_fanuc/install/ur_dashboard_msgs/include/ur_dashboard_msgs/srv/get_robot_mode__rosidl_typesupport_fastrtps_c.h
[2.618s] -- Up-to-date symlink: /root/crs_ws_fanuc/install/ur_dashboard_msgs/include/ur_dashboard_msgs/srv/get_safety_mode__rosidl_typesupport_fastrtps_c.h
[2.618s] -- Up-to-date symlink: /root/crs_ws_fanuc/install/ur_dashboard_msgs/include/ur_dashboard_msgs/srv/is_program_running__rosidl_typesupport_fastrtps_c.h
[2.619s] -- Up-to-date symlink: /root/crs_ws_fanuc/install/ur_dashboard_msgs/include/ur_dashboard_msgs/srv/is_program_saved__rosidl_typesupport_fastrtps_c.h
[2.619s] -- Up-to-date symlink: /root/crs_ws_fanuc/install/ur_dashboard_msgs/include/ur_dashboard_msgs/srv/load__rosidl_typesupport_fastrtps_c.h
[2.619s] -- Up-to-date symlink: /root/crs_ws_fanuc/install/ur_dashboard_msgs/include/ur_dashboard_msgs/srv/popup__rosidl_typesupport_fastrtps_c.h
[2.620s] -- Up-to-date symlink: /root/crs_ws_fanuc/install/ur_dashboard_msgs/include/ur_dashboard_msgs/srv/raw_request__rosidl_typesupport_fastrtps_c.h
[2.620s] -- Up-to-date symlink: /root/crs_ws_fanuc/install/ur_dashboard_msgs/lib/libur_dashboard_msgs__rosidl_typesupport_fastrtps_c.so
[2.623s] -- Up-to-date symlink: /root/crs_ws_fanuc/install/ur_dashboard_msgs/include/ur_dashboard_msgs/action/set_mode.h
[2.624s] -- Up-to-date symlink: /root/crs_ws_fanuc/install/ur_dashboard_msgs/include/ur_dashboard_msgs/action/set_mode__functions.h
[2.624s] -- Up-to-date symlink: /root/crs_ws_fanuc/install/ur_dashboard_msgs/include/ur_dashboard_msgs/action/set_mode__struct.h
[2.624s] -- Up-to-date symlink: /root/crs_ws_fanuc/install/ur_dashboard_msgs/include/ur_dashboard_msgs/action/set_mode__type_support.h
[2.624s] -- Up-to-date symlink: /root/crs_ws_fanuc/install/ur_dashboard_msgs/include/ur_dashboard_msgs/msg/program_state.h
[2.628s] -- Up-to-date symlink: /root/crs_ws_fanuc/install/ur_dashboard_msgs/include/ur_dashboard_msgs/msg/program_state__functions.h
[2.628s] -- Up-to-date symlink: /root/crs_ws_fanuc/install/ur_dashboard_msgs/include/ur_dashboard_msgs/msg/program_state__struct.h
[2.628s] -- Up-to-date symlink: /root/crs_ws_fanuc/install/ur_dashboard_msgs/include/ur_dashboard_msgs/msg/program_state__type_support.h
[2.629s] -- Up-to-date symlink: /root/crs_ws_fanuc/install/ur_dashboard_msgs/include/ur_dashboard_msgs/msg/robot_mode.h
[2.629s] -- Up-to-date symlink: /root/crs_ws_fanuc/install/ur_dashboard_msgs/include/ur_dashboard_msgs/msg/robot_mode__functions.h
[2.629s] -- Up-to-date symlink: /root/crs_ws_fanuc/install/ur_dashboard_msgs/include/ur_dashboard_msgs/msg/robot_mode__struct.h
[2.630s] -- Up-to-date symlink: /root/crs_ws_fanuc/install/ur_dashboard_msgs/include/ur_dashboard_msgs/msg/robot_mode__type_support.h
[2.630s] -- Up-to-date symlink: /root/crs_ws_fanuc/install/ur_dashboard_msgs/include/ur_dashboard_msgs/msg/rosidl_generator_c__visibility_control.h
[2.631s] -- Up-to-date symlink: /root/crs_ws_fanuc/install/ur_dashboard_msgs/include/ur_dashboard_msgs/msg/safety_mode.h
[2.631s] -- Up-to-date symlink: /root/crs_ws_fanuc/install/ur_dashboard_msgs/include/ur_dashboard_msgs/msg/safety_mode__functions.h
[2.631s] -- Up-to-date symlink: /root/crs_ws_fanuc/install/ur_dashboard_msgs/include/ur_dashboard_msgs/msg/safety_mode__struct.h
[2.631s] -- Up-to-date symlink: /root/crs_ws_fanuc/install/ur_dashboard_msgs/include/ur_dashboard_msgs/msg/safety_mode__type_support.h
[2.631s] -- Up-to-date symlink: /root/crs_ws_fanuc/install/ur_dashboard_msgs/include/ur_dashboard_msgs/srv/add_to_log.h
[2.631s] -- Up-to-date symlink: /root/crs_ws_fanuc/install/ur_dashboard_msgs/include/ur_dashboard_msgs/srv/add_to_log__functions.h
[2.632s] -- Up-to-date symlink: /root/crs_ws_fanuc/install/ur_dashboard_msgs/include/ur_dashboard_msgs/srv/add_to_log__struct.h
[2.632s] -- Up-to-date symlink: /root/crs_ws_fanuc/install/ur_dashboard_msgs/include/ur_dashboard_msgs/srv/add_to_log__type_support.h
[2.632s] -- Up-to-date symlink: /root/crs_ws_fanuc/install/ur_dashboard_msgs/include/ur_dashboard_msgs/srv/get_loaded_program.h
[2.632s] -- Up-to-date symlink: /root/crs_ws_fanuc/install/ur_dashboard_msgs/include/ur_dashboard_msgs/srv/get_loaded_program__functions.h
[2.632s] -- Up-to-date symlink: /root/crs_ws_fanuc/install/ur_dashboard_msgs/include/ur_dashboard_msgs/srv/get_loaded_program__struct.h
[2.632s] -- Up-to-date symlink: /root/crs_ws_fanuc/install/ur_dashboard_msgs/include/ur_dashboard_msgs/srv/get_loaded_program__type_support.h
[2.633s] -- Up-to-date symlink: /root/crs_ws_fanuc/install/ur_dashboard_msgs/include/ur_dashboard_msgs/srv/get_program_state.h
[2.633s] -- Up-to-date symlink: /root/crs_ws_fanuc/install/ur_dashboard_msgs/include/ur_dashboard_msgs/srv/get_program_state__functions.h
[2.633s] -- Up-to-date symlink: /root/crs_ws_fanuc/install/ur_dashboard_msgs/include/ur_dashboard_msgs/srv/get_program_state__struct.h
[2.633s] -- Up-to-date symlink: /root/crs_ws_fanuc/install/ur_dashboard_msgs/include/ur_dashboard_msgs/srv/get_program_state__type_support.h
[2.633s] -- Up-to-date symlink: /root/crs_ws_fanuc/install/ur_dashboard_msgs/include/ur_dashboard_msgs/srv/get_robot_mode.h
[2.633s] -- Up-to-date symlink: /root/crs_ws_fanuc/install/ur_dashboard_msgs/include/ur_dashboard_msgs/srv/get_robot_mode__functions.h
[2.634s] -- Up-to-date symlink: /root/crs_ws_fanuc/install/ur_dashboard_msgs/include/ur_dashboard_msgs/srv/get_robot_mode__struct.h
[2.634s] -- Up-to-date symlink: /root/crs_ws_fanuc/install/ur_dashboard_msgs/include/ur_dashboard_msgs/srv/get_robot_mode__type_support.h
[2.634s] -- Up-to-date symlink: /root/crs_ws_fanuc/install/ur_dashboard_msgs/include/ur_dashboard_msgs/srv/get_safety_mode.h
[2.634s] -- Up-to-date symlink: /root/crs_ws_fanuc/install/ur_dashboard_msgs/include/ur_dashboard_msgs/srv/get_safety_mode__functions.h
[2.642s] -- Up-to-date symlink: /root/crs_ws_fanuc/install/ur_dashboard_msgs/include/ur_dashboard_msgs/srv/get_safety_mode__struct.h
[2.643s] -- Up-to-date symlink: /root/crs_ws_fanuc/install/ur_dashboard_msgs/include/ur_dashboard_msgs/srv/get_safety_mode__type_support.h
[2.643s] -- Up-to-date symlink: /root/crs_ws_fanuc/install/ur_dashboard_msgs/include/ur_dashboard_msgs/srv/is_program_running.h
[2.643s] -- Up-to-date symlink: /root/crs_ws_fanuc/install/ur_dashboard_msgs/include/ur_dashboard_msgs/srv/is_program_running__functions.h
[2.643s] -- Up-to-date symlink: /root/crs_ws_fanuc/install/ur_dashboard_msgs/include/ur_dashboard_msgs/srv/is_program_running__struct.h
[2.644s] -- Up-to-date symlink: /root/crs_ws_fanuc/install/ur_dashboard_msgs/include/ur_dashboard_msgs/srv/is_program_running__type_support.h
[2.644s] -- Up-to-date symlink: /root/crs_ws_fanuc/install/ur_dashboard_msgs/include/ur_dashboard_msgs/srv/is_program_saved.h
[2.644s] -- Up-to-date symlink: /root/crs_ws_fanuc/install/ur_dashboard_msgs/include/ur_dashboard_msgs/srv/is_program_saved__functions.h
[2.644s] -- Up-to-date symlink: /root/crs_ws_fanuc/install/ur_dashboard_msgs/include/ur_dashboard_msgs/srv/is_program_saved__struct.h
[2.644s] -- Up-to-date symlink: /root/crs_ws_fanuc/install/ur_dashboard_msgs/include/ur_dashboard_msgs/srv/is_program_saved__type_support.h
[2.645s] -- Up-to-date symlink: /root/crs_ws_fanuc/install/ur_dashboard_msgs/include/ur_dashboard_msgs/srv/load.h
[2.646s] -- Up-to-date symlink: /root/crs_ws_fanuc/install/ur_dashboard_msgs/include/ur_dashboard_msgs/srv/load__functions.h
[2.646s] -- Up-to-date symlink: /root/crs_ws_fanuc/install/ur_dashboard_msgs/include/ur_dashboard_msgs/srv/load__struct.h
[2.647s] -- Up-to-date symlink: /root/crs_ws_fanuc/install/ur_dashboard_msgs/include/ur_dashboard_msgs/srv/load__type_support.h
[2.649s] -- Up-to-date symlink: /root/crs_ws_fanuc/install/ur_dashboard_msgs/include/ur_dashboard_msgs/srv/popup.h
[2.649s] -- Up-to-date symlink: /root/crs_ws_fanuc/install/ur_dashboard_msgs/include/ur_dashboard_msgs/srv/popup__functions.h
[2.650s] -- Up-to-date symlink: /root/crs_ws_fanuc/install/ur_dashboard_msgs/include/ur_dashboard_msgs/srv/popup__struct.h
[2.650s] -- Up-to-date symlink: /root/crs_ws_fanuc/install/ur_dashboard_msgs/include/ur_dashboard_msgs/srv/popup__type_support.h
[2.650s] -- Up-to-date symlink: /root/crs_ws_fanuc/install/ur_dashboard_msgs/include/ur_dashboard_msgs/srv/raw_request.h
[2.650s] -- Up-to-date symlink: /root/crs_ws_fanuc/install/ur_dashboard_msgs/include/ur_dashboard_msgs/srv/raw_request__functions.h
[2.650s] -- Up-to-date symlink: /root/crs_ws_fanuc/install/ur_dashboard_msgs/include/ur_dashboard_msgs/srv/raw_request__struct.h
[2.650s] -- Up-to-date symlink: /root/crs_ws_fanuc/install/ur_dashboard_msgs/include/ur_dashboard_msgs/srv/raw_request__type_support.h
[2.650s] -- Up-to-date symlink: /root/crs_ws_fanuc/install/ur_dashboard_msgs/lib/libur_dashboard_msgs__rosidl_generator_c.so
[2.651s] -- Up-to-date symlink: /root/crs_ws_fanuc/install/ur_dashboard_msgs/include/ur_dashboard_msgs/action/set_mode__rosidl_typesupport_fastrtps_cpp.hpp
[2.651s] -- Up-to-date symlink: /root/crs_ws_fanuc/install/ur_dashboard_msgs/include/ur_dashboard_msgs/msg/program_state__rosidl_typesupport_fastrtps_cpp.hpp
[2.652s] -- Up-to-date symlink: /root/crs_ws_fanuc/install/ur_dashboard_msgs/include/ur_dashboard_msgs/msg/robot_mode__rosidl_typesupport_fastrtps_cpp.hpp
[2.652s] -- Up-to-date symlink: /root/crs_ws_fanuc/install/ur_dashboard_msgs/include/ur_dashboard_msgs/msg/rosidl_typesupport_fastrtps_cpp__visibility_control.h
[2.652s] -- Up-to-date symlink: /root/crs_ws_fanuc/install/ur_dashboard_msgs/include/ur_dashboard_msgs/msg/safety_mode__rosidl_typesupport_fastrtps_cpp.hpp
[2.652s] -- Up-to-date symlink: /root/crs_ws_fanuc/install/ur_dashboard_msgs/include/ur_dashboard_msgs/srv/add_to_log__rosidl_typesupport_fastrtps_cpp.hpp
[2.652s] -- Up-to-date symlink: /root/crs_ws_fanuc/install/ur_dashboard_msgs/include/ur_dashboard_msgs/srv/get_loaded_program__rosidl_typesupport_fastrtps_cpp.hpp
[2.652s] -- Up-to-date symlink: /root/crs_ws_fanuc/install/ur_dashboard_msgs/include/ur_dashboard_msgs/srv/get_program_state__rosidl_typesupport_fastrtps_cpp.hpp
[2.653s] -- Up-to-date symlink: /root/crs_ws_fanuc/install/ur_dashboard_msgs/include/ur_dashboard_msgs/srv/get_robot_mode__rosidl_typesupport_fastrtps_cpp.hpp
[2.653s] -- Up-to-date symlink: /root/crs_ws_fanuc/install/ur_dashboard_msgs/include/ur_dashboard_msgs/srv/get_safety_mode__rosidl_typesupport_fastrtps_cpp.hpp
[2.653s] -- Up-to-date symlink: /root/crs_ws_fanuc/install/ur_dashboard_msgs/include/ur_dashboard_msgs/srv/is_program_running__rosidl_typesupport_fastrtps_cpp.hpp
[2.653s] -- Up-to-date symlink: /root/crs_ws_fanuc/install/ur_dashboard_msgs/include/ur_dashboard_msgs/srv/is_program_saved__rosidl_typesupport_fastrtps_cpp.hpp
[2.654s] -- Up-to-date symlink: /root/crs_ws_fanuc/install/ur_dashboard_msgs/include/ur_dashboard_msgs/srv/load__rosidl_typesupport_fastrtps_cpp.hpp
[2.654s] -- Up-to-date symlink: /root/crs_ws_fanuc/install/ur_dashboard_msgs/include/ur_dashboard_msgs/srv/popup__rosidl_typesupport_fastrtps_cpp.hpp
[2.654s] -- Up-to-date symlink: /root/crs_ws_fanuc/install/ur_dashboard_msgs/include/ur_dashboard_msgs/srv/raw_request__rosidl_typesupport_fastrtps_cpp.hpp
[2.654s] -- Up-to-date symlink: /root/crs_ws_fanuc/install/ur_dashboard_msgs/lib/libur_dashboard_msgs__rosidl_typesupport_fastrtps_cpp.so
[2.655s] -- Up-to-date symlink: /root/crs_ws_fanuc/install/ur_dashboard_msgs/include/ur_dashboard_msgs/action/set_mode.hpp
[2.655s] -- Up-to-date symlink: /root/crs_ws_fanuc/install/ur_dashboard_msgs/include/ur_dashboard_msgs/action/set_mode__struct.hpp
[2.655s] -- Up-to-date symlink: /root/crs_ws_fanuc/install/ur_dashboard_msgs/include/ur_dashboard_msgs/action/set_mode__traits.hpp
[2.655s] -- Up-to-date symlink: /root/crs_ws_fanuc/install/ur_dashboard_msgs/include/ur_dashboard_msgs/msg/program_state.hpp
[2.655s] -- Up-to-date symlink: /root/crs_ws_fanuc/install/ur_dashboard_msgs/include/ur_dashboard_msgs/msg/program_state__struct.hpp
[2.656s] -- Up-to-date symlink: /root/crs_ws_fanuc/install/ur_dashboard_msgs/include/ur_dashboard_msgs/msg/program_state__traits.hpp
[2.656s] -- Up-to-date symlink: /root/crs_ws_fanuc/install/ur_dashboard_msgs/include/ur_dashboard_msgs/msg/robot_mode.hpp
[2.656s] -- Up-to-date symlink: /root/crs_ws_fanuc/install/ur_dashboard_msgs/include/ur_dashboard_msgs/msg/robot_mode__struct.hpp
[2.656s] -- Up-to-date symlink: /root/crs_ws_fanuc/install/ur_dashboard_msgs/include/ur_dashboard_msgs/msg/robot_mode__traits.hpp
[2.657s] -- Up-to-date symlink: /root/crs_ws_fanuc/install/ur_dashboard_msgs/include/ur_dashboard_msgs/msg/safety_mode.hpp
[2.657s] -- Up-to-date symlink: /root/crs_ws_fanuc/install/ur_dashboard_msgs/include/ur_dashboard_msgs/msg/safety_mode__struct.hpp
[2.657s] -- Up-to-date symlink: /root/crs_ws_fanuc/install/ur_dashboard_msgs/include/ur_dashboard_msgs/msg/safety_mode__traits.hpp
[2.657s] -- Up-to-date symlink: /root/crs_ws_fanuc/install/ur_dashboard_msgs/include/ur_dashboard_msgs/srv/add_to_log.hpp
[2.657s] -- Up-to-date symlink: /root/crs_ws_fanuc/install/ur_dashboard_msgs/include/ur_dashboard_msgs/srv/add_to_log__struct.hpp
[2.658s] -- Up-to-date symlink: /root/crs_ws_fanuc/install/ur_dashboard_msgs/include/ur_dashboard_msgs/srv/add_to_log__traits.hpp
[2.658s] -- Up-to-date symlink: /root/crs_ws_fanuc/install/ur_dashboard_msgs/include/ur_dashboard_msgs/srv/get_loaded_program.hpp
[2.658s] -- Up-to-date symlink: /root/crs_ws_fanuc/install/ur_dashboard_msgs/include/ur_dashboard_msgs/srv/get_loaded_program__struct.hpp
[2.658s] -- Up-to-date symlink: /root/crs_ws_fanuc/install/ur_dashboard_msgs/include/ur_dashboard_msgs/srv/get_loaded_program__traits.hpp
[2.658s] -- Up-to-date symlink: /root/crs_ws_fanuc/install/ur_dashboard_msgs/include/ur_dashboard_msgs/srv/get_program_state.hpp
[2.659s] -- Up-to-date symlink: /root/crs_ws_fanuc/install/ur_dashboard_msgs/include/ur_dashboard_msgs/srv/get_program_state__struct.hpp
[2.659s] -- Up-to-date symlink: /root/crs_ws_fanuc/install/ur_dashboard_msgs/include/ur_dashboard_msgs/srv/get_program_state__traits.hpp
[2.659s] -- Up-to-date symlink: /root/crs_ws_fanuc/install/ur_dashboard_msgs/include/ur_dashboard_msgs/srv/get_robot_mode.hpp
[2.660s] -- Up-to-date symlink: /root/crs_ws_fanuc/install/ur_dashboard_msgs/include/ur_dashboard_msgs/srv/get_robot_mode__struct.hpp
[2.660s] -- Up-to-date symlink: /root/crs_ws_fanuc/install/ur_dashboard_msgs/include/ur_dashboard_msgs/srv/get_robot_mode__traits.hpp
[2.660s] -- Up-to-date symlink: /root/crs_ws_fanuc/install/ur_dashboard_msgs/include/ur_dashboard_msgs/srv/get_safety_mode.hpp
[2.661s] -- Up-to-date symlink: /root/crs_ws_fanuc/install/ur_dashboard_msgs/include/ur_dashboard_msgs/srv/get_safety_mode__struct.hpp
[2.661s] -- Up-to-date symlink: /root/crs_ws_fanuc/install/ur_dashboard_msgs/include/ur_dashboard_msgs/srv/get_safety_mode__traits.hpp
[2.662s] -- Up-to-date symlink: /root/crs_ws_fanuc/install/ur_dashboard_msgs/include/ur_dashboard_msgs/srv/is_program_running.hpp
[2.662s] -- Up-to-date symlink: /root/crs_ws_fanuc/install/ur_dashboard_msgs/include/ur_dashboard_msgs/srv/is_program_running__struct.hpp
[2.664s] -- Up-to-date symlink: /root/crs_ws_fanuc/install/ur_dashboard_msgs/include/ur_dashboard_msgs/srv/is_program_running__traits.hpp
[2.664s] -- Up-to-date symlink: /root/crs_ws_fanuc/install/ur_dashboard_msgs/include/ur_dashboard_msgs/srv/is_program_saved.hpp
[2.665s] -- Up-to-date symlink: /root/crs_ws_fanuc/install/ur_dashboard_msgs/include/ur_dashboard_msgs/srv/is_program_saved__struct.hpp
[2.665s] -- Up-to-date symlink: /root/crs_ws_fanuc/install/ur_dashboard_msgs/include/ur_dashboard_msgs/srv/is_program_saved__traits.hpp
[2.666s] -- Up-to-date symlink: /root/crs_ws_fanuc/install/ur_dashboard_msgs/include/ur_dashboard_msgs/srv/load.hpp
[2.666s] -- Up-to-date symlink: /root/crs_ws_fanuc/install/ur_dashboard_msgs/include/ur_dashboard_msgs/srv/load__struct.hpp
[2.667s] -- Up-to-date symlink: /root/crs_ws_fanuc/install/ur_dashboard_msgs/include/ur_dashboard_msgs/srv/load__traits.hpp
[2.667s] -- Up-to-date symlink: /root/crs_ws_fanuc/install/ur_dashboard_msgs/include/ur_dashboard_msgs/srv/popup.hpp
[2.667s] -- Up-to-date symlink: /root/crs_ws_fanuc/install/ur_dashboard_msgs/include/ur_dashboard_msgs/srv/popup__struct.hpp
[2.668s] -- Up-to-date symlink: /root/crs_ws_fanuc/install/ur_dashboard_msgs/include/ur_dashboard_msgs/srv/popup__traits.hpp
[2.672s] -- Up-to-date symlink: /root/crs_ws_fanuc/install/ur_dashboard_msgs/include/ur_dashboard_msgs/srv/raw_request.hpp
[2.672s] -- Up-to-date symlink: /root/crs_ws_fanuc/install/ur_dashboard_msgs/include/ur_dashboard_msgs/srv/raw_request__struct.hpp
[2.672s] -- Up-to-date symlink: /root/crs_ws_fanuc/install/ur_dashboard_msgs/include/ur_dashboard_msgs/srv/raw_request__traits.hpp
[2.672s] -- Up-to-date symlink: /root/crs_ws_fanuc/install/ur_dashboard_msgs/include/ur_dashboard_msgs/action/set_mode__rosidl_typesupport_introspection_c.h
[2.673s] -- Up-to-date symlink: /root/crs_ws_fanuc/install/ur_dashboard_msgs/include/ur_dashboard_msgs/msg/program_state__rosidl_typesupport_introspection_c.h
[2.673s] -- Up-to-date symlink: /root/crs_ws_fanuc/install/ur_dashboard_msgs/include/ur_dashboard_msgs/msg/robot_mode__rosidl_typesupport_introspection_c.h
[2.673s] -- Up-to-date symlink: /root/crs_ws_fanuc/install/ur_dashboard_msgs/include/ur_dashboard_msgs/msg/rosidl_typesupport_introspection_c__visibility_control.h
[2.673s] -- Up-to-date symlink: /root/crs_ws_fanuc/install/ur_dashboard_msgs/include/ur_dashboard_msgs/msg/safety_mode__rosidl_typesupport_introspection_c.h
[2.673s] -- Up-to-date symlink: /root/crs_ws_fanuc/install/ur_dashboard_msgs/include/ur_dashboard_msgs/srv/add_to_log__rosidl_typesupport_introspection_c.h
[2.674s] -- Up-to-date symlink: /root/crs_ws_fanuc/install/ur_dashboard_msgs/include/ur_dashboard_msgs/srv/get_loaded_program__rosidl_typesupport_introspection_c.h
[2.674s] -- Up-to-date symlink: /root/crs_ws_fanuc/install/ur_dashboard_msgs/include/ur_dashboard_msgs/srv/get_program_state__rosidl_typesupport_introspection_c.h
[2.674s] -- Up-to-date symlink: /root/crs_ws_fanuc/install/ur_dashboard_msgs/include/ur_dashboard_msgs/srv/get_robot_mode__rosidl_typesupport_introspection_c.h
[2.676s] -- Up-to-date symlink: /root/crs_ws_fanuc/install/ur_dashboard_msgs/include/ur_dashboard_msgs/srv/get_safety_mode__rosidl_typesupport_introspection_c.h
[2.676s] -- Up-to-date symlink: /root/crs_ws_fanuc/install/ur_dashboard_msgs/include/ur_dashboard_msgs/srv/is_program_running__rosidl_typesupport_introspection_c.h
[2.676s] -- Up-to-date symlink: /root/crs_ws_fanuc/install/ur_dashboard_msgs/include/ur_dashboard_msgs/srv/is_program_saved__rosidl_typesupport_introspection_c.h
[2.676s] -- Up-to-date symlink: /root/crs_ws_fanuc/install/ur_dashboard_msgs/include/ur_dashboard_msgs/srv/load__rosidl_typesupport_introspection_c.h
[2.676s] -- Up-to-date symlink: /root/crs_ws_fanuc/install/ur_dashboard_msgs/include/ur_dashboard_msgs/srv/popup__rosidl_typesupport_introspection_c.h
[2.676s] -- Up-to-date symlink: /root/crs_ws_fanuc/install/ur_dashboard_msgs/include/ur_dashboard_msgs/srv/raw_request__rosidl_typesupport_introspection_c.h
[2.676s] -- Up-to-date symlink: /root/crs_ws_fanuc/install/ur_dashboard_msgs/lib/libur_dashboard_msgs__rosidl_typesupport_introspection_c.so
[2.677s] -- Up-to-date symlink: /root/crs_ws_fanuc/install/ur_dashboard_msgs/include/ur_dashboard_msgs/action/set_mode__rosidl_typesupport_introspection_cpp.hpp
[2.677s] -- Up-to-date symlink: /root/crs_ws_fanuc/install/ur_dashboard_msgs/include/ur_dashboard_msgs/msg/program_state__rosidl_typesupport_introspection_cpp.hpp
[2.677s] -- Up-to-date symlink: /root/crs_ws_fanuc/install/ur_dashboard_msgs/include/ur_dashboard_msgs/msg/robot_mode__rosidl_typesupport_introspection_cpp.hpp
[2.677s] -- Up-to-date symlink: /root/crs_ws_fanuc/install/ur_dashboard_msgs/include/ur_dashboard_msgs/msg/safety_mode__rosidl_typesupport_introspection_cpp.hpp
[2.677s] -- Up-to-date symlink: /root/crs_ws_fanuc/install/ur_dashboard_msgs/include/ur_dashboard_msgs/srv/add_to_log__rosidl_typesupport_introspection_cpp.hpp
[2.678s] -- Up-to-date symlink: /root/crs_ws_fanuc/install/ur_dashboard_msgs/include/ur_dashboard_msgs/srv/get_loaded_program__rosidl_typesupport_introspection_cpp.hpp
[2.678s] -- Up-to-date symlink: /root/crs_ws_fanuc/install/ur_dashboard_msgs/include/ur_dashboard_msgs/srv/get_program_state__rosidl_typesupport_introspection_cpp.hpp
[2.678s] -- Up-to-date symlink: /root/crs_ws_fanuc/install/ur_dashboard_msgs/include/ur_dashboard_msgs/srv/get_robot_mode__rosidl_typesupport_introspection_cpp.hpp
[2.678s] -- Up-to-date symlink: /root/crs_ws_fanuc/install/ur_dashboard_msgs/include/ur_dashboard_msgs/srv/get_safety_mode__rosidl_typesupport_introspection_cpp.hpp
[2.678s] -- Up-to-date symlink: /root/crs_ws_fanuc/install/ur_dashboard_msgs/include/ur_dashboard_msgs/srv/is_program_running__rosidl_typesupport_introspection_cpp.hpp
[2.678s] -- Up-to-date symlink: /root/crs_ws_fanuc/install/ur_dashboard_msgs/include/ur_dashboard_msgs/srv/is_program_saved__rosidl_typesupport_introspection_cpp.hpp
[2.678s] -- Up-to-date symlink: /root/crs_ws_fanuc/install/ur_dashboard_msgs/include/ur_dashboard_msgs/srv/load__rosidl_typesupport_introspection_cpp.hpp
[2.678s] -- Up-to-date symlink: /root/crs_ws_fanuc/install/ur_dashboard_msgs/include/ur_dashboard_msgs/srv/popup__rosidl_typesupport_introspection_cpp.hpp
[2.679s] -- Up-to-date symlink: /root/crs_ws_fanuc/install/ur_dashboard_msgs/include/ur_dashboard_msgs/srv/raw_request__rosidl_typesupport_introspection_cpp.hpp
[2.679s] -- Up-to-date symlink: /root/crs_ws_fanuc/install/ur_dashboard_msgs/lib/libur_dashboard_msgs__rosidl_typesupport_introspection_cpp.so
[2.679s] -- Up-to-date symlink: /root/crs_ws_fanuc/install/ur_dashboard_msgs/share/ur_dashboard_msgs/environment/pythonpath.sh
[2.679s] -- Up-to-date symlink: /root/crs_ws_fanuc/install/ur_dashboard_msgs/share/ur_dashboard_msgs/environment/pythonpath.dsv
[2.679s] -- Up-to-date symlink: /root/crs_ws_fanuc/install/ur_dashboard_msgs/lib/python3.6/site-packages/ur_dashboard_msgs/__init__.py
[2.679s] -- Up-to-date symlink: /root/crs_ws_fanuc/install/ur_dashboard_msgs/lib/python3.6/site-packages/ur_dashboard_msgs/msg/__init__.py
[2.680s] -- Up-to-date symlink: /root/crs_ws_fanuc/install/ur_dashboard_msgs/lib/python3.6/site-packages/ur_dashboard_msgs/msg/_program_state.py
[2.680s] -- Up-to-date symlink: /root/crs_ws_fanuc/install/ur_dashboard_msgs/lib/python3.6/site-packages/ur_dashboard_msgs/msg/_robot_mode.py
[2.680s] -- Up-to-date symlink: /root/crs_ws_fanuc/install/ur_dashboard_msgs/lib/python3.6/site-packages/ur_dashboard_msgs/msg/_safety_mode.py
[2.680s] -- Up-to-date symlink: /root/crs_ws_fanuc/install/ur_dashboard_msgs/lib/python3.6/site-packages/ur_dashboard_msgs/srv/__init__.py
[2.681s] -- Up-to-date symlink: /root/crs_ws_fanuc/install/ur_dashboard_msgs/lib/python3.6/site-packages/ur_dashboard_msgs/srv/_add_to_log.py
[2.681s] -- Up-to-date symlink: /root/crs_ws_fanuc/install/ur_dashboard_msgs/lib/python3.6/site-packages/ur_dashboard_msgs/srv/_get_loaded_program.py
[2.681s] -- Up-to-date symlink: /root/crs_ws_fanuc/install/ur_dashboard_msgs/lib/python3.6/site-packages/ur_dashboard_msgs/srv/_get_program_state.py
[2.681s] -- Up-to-date symlink: /root/crs_ws_fanuc/install/ur_dashboard_msgs/lib/python3.6/site-packages/ur_dashboard_msgs/srv/_get_robot_mode.py
[2.681s] -- Up-to-date symlink: /root/crs_ws_fanuc/install/ur_dashboard_msgs/lib/python3.6/site-packages/ur_dashboard_msgs/srv/_get_safety_mode.py
[2.681s] -- Up-to-date symlink: /root/crs_ws_fanuc/install/ur_dashboard_msgs/lib/python3.6/site-packages/ur_dashboard_msgs/srv/_is_program_running.py
[2.681s] -- Up-to-date symlink: /root/crs_ws_fanuc/install/ur_dashboard_msgs/lib/python3.6/site-packages/ur_dashboard_msgs/srv/_is_program_saved.py
[2.681s] -- Up-to-date symlink: /root/crs_ws_fanuc/install/ur_dashboard_msgs/lib/python3.6/site-packages/ur_dashboard_msgs/srv/_load.py
[2.682s] -- Up-to-date symlink: /root/crs_ws_fanuc/install/ur_dashboard_msgs/lib/python3.6/site-packages/ur_dashboard_msgs/srv/_popup.py
[2.682s] -- Up-to-date symlink: /root/crs_ws_fanuc/install/ur_dashboard_msgs/lib/python3.6/site-packages/ur_dashboard_msgs/srv/_raw_request.py
[2.682s] -- Up-to-date symlink: /root/crs_ws_fanuc/install/ur_dashboard_msgs/lib/python3.6/site-packages/ur_dashboard_msgs/action/__init__.py
[2.682s] -- Up-to-date symlink: /root/crs_ws_fanuc/install/ur_dashboard_msgs/lib/python3.6/site-packages/ur_dashboard_msgs/action/_set_mode.py
[2.682s] -- Up-to-date symlink: /root/crs_ws_fanuc/install/ur_dashboard_msgs/lib/python3.6/site-packages/ur_dashboard_msgs/ur_dashboard_msgs_s__rosidl_typesupport_c.cpython-36m-x86_64-linux-gnu.so
[2.682s] -- Up-to-date symlink: /root/crs_ws_fanuc/install/ur_dashboard_msgs/lib/python3.6/site-packages/ur_dashboard_msgs/ur_dashboard_msgs_s__rosidl_typesupport_fastrtps_c.cpython-36m-x86_64-linux-gnu.so
[2.682s] -- Up-to-date symlink: /root/crs_ws_fanuc/install/ur_dashboard_msgs/lib/libur_dashboard_msgs__python.so
[2.683s] -- Up-to-date symlink: /root/crs_ws_fanuc/install/ur_dashboard_msgs/share/ur_dashboard_msgs/msg/ProgramState.idl
[2.683s] -- Up-to-date symlink: /root/crs_ws_fanuc/install/ur_dashboard_msgs/share/ur_dashboard_msgs/msg/RobotMode.idl
[2.683s] -- Up-to-date symlink: /root/crs_ws_fanuc/install/ur_dashboard_msgs/share/ur_dashboard_msgs/msg/SafetyMode.idl
[2.683s] -- Up-to-date symlink: /root/crs_ws_fanuc/install/ur_dashboard_msgs/share/ur_dashboard_msgs/srv/AddToLog.idl
[2.683s] -- Up-to-date symlink: /root/crs_ws_fanuc/install/ur_dashboard_msgs/share/ur_dashboard_msgs/srv/GetLoadedProgram.idl
[2.684s] -- Up-to-date symlink: /root/crs_ws_fanuc/install/ur_dashboard_msgs/share/ur_dashboard_msgs/srv/GetProgramState.idl
[2.684s] -- Up-to-date symlink: /root/crs_ws_fanuc/install/ur_dashboard_msgs/share/ur_dashboard_msgs/srv/GetRobotMode.idl
[2.684s] -- Up-to-date symlink: /root/crs_ws_fanuc/install/ur_dashboard_msgs/share/ur_dashboard_msgs/srv/GetSafetyMode.idl
[2.684s] -- Up-to-date symlink: /root/crs_ws_fanuc/install/ur_dashboard_msgs/share/ur_dashboard_msgs/srv/IsProgramRunning.idl
[2.684s] -- Up-to-date symlink: /root/crs_ws_fanuc/install/ur_dashboard_msgs/share/ur_dashboard_msgs/srv/IsProgramSaved.idl
[2.684s] -- Up-to-date symlink: /root/crs_ws_fanuc/install/ur_dashboard_msgs/share/ur_dashboard_msgs/srv/Load.idl
[2.684s] -- Up-to-date symlink: /root/crs_ws_fanuc/install/ur_dashboard_msgs/share/ur_dashboard_msgs/srv/Popup.idl
[2.685s] -- Up-to-date symlink: /root/crs_ws_fanuc/install/ur_dashboard_msgs/share/ur_dashboard_msgs/srv/RawRequest.idl
[2.685s] -- Up-to-date symlink: /root/crs_ws_fanuc/install/ur_dashboard_msgs/share/ur_dashboard_msgs/action/SetMode.idl
[2.685s] -- Up-to-date symlink: /root/crs_ws_fanuc/install/ur_dashboard_msgs/share/ur_dashboard_msgs/msg/ProgramState.msg
[2.685s] -- Up-to-date symlink: /root/crs_ws_fanuc/install/ur_dashboard_msgs/share/ur_dashboard_msgs/msg/RobotMode.msg
[2.685s] -- Up-to-date symlink: /root/crs_ws_fanuc/install/ur_dashboard_msgs/share/ur_dashboard_msgs/msg/SafetyMode.msg
[2.685s] -- Up-to-date symlink: /root/crs_ws_fanuc/install/ur_dashboard_msgs/share/ur_dashboard_msgs/srv/AddToLog.srv
[2.685s] -- Up-to-date symlink: /root/crs_ws_fanuc/install/ur_dashboard_msgs/share/ur_dashboard_msgs/srv/AddToLog_Request.msg
[2.686s] -- Up-to-date symlink: /root/crs_ws_fanuc/install/ur_dashboard_msgs/share/ur_dashboard_msgs/srv/AddToLog_Response.msg
[2.686s] -- Up-to-date symlink: /root/crs_ws_fanuc/install/ur_dashboard_msgs/share/ur_dashboard_msgs/srv/GetLoadedProgram.srv
[2.686s] -- Up-to-date symlink: /root/crs_ws_fanuc/install/ur_dashboard_msgs/share/ur_dashboard_msgs/srv/GetLoadedProgram_Request.msg
[2.686s] -- Up-to-date symlink: /root/crs_ws_fanuc/install/ur_dashboard_msgs/share/ur_dashboard_msgs/srv/GetLoadedProgram_Response.msg
[2.686s] -- Up-to-date symlink: /root/crs_ws_fanuc/install/ur_dashboard_msgs/share/ur_dashboard_msgs/srv/GetProgramState.srv
[2.687s] -- Up-to-date symlink: /root/crs_ws_fanuc/install/ur_dashboard_msgs/share/ur_dashboard_msgs/srv/GetProgramState_Request.msg
[2.687s] -- Up-to-date symlink: /root/crs_ws_fanuc/install/ur_dashboard_msgs/share/ur_dashboard_msgs/srv/GetProgramState_Response.msg
[2.687s] -- Up-to-date symlink: /root/crs_ws_fanuc/install/ur_dashboard_msgs/share/ur_dashboard_msgs/srv/GetRobotMode.srv
[2.688s] -- Up-to-date symlink: /root/crs_ws_fanuc/install/ur_dashboard_msgs/share/ur_dashboard_msgs/srv/GetRobotMode_Request.msg
[2.688s] -- Up-to-date symlink: /root/crs_ws_fanuc/install/ur_dashboard_msgs/share/ur_dashboard_msgs/srv/GetRobotMode_Response.msg
[2.689s] -- Up-to-date symlink: /root/crs_ws_fanuc/install/ur_dashboard_msgs/share/ur_dashboard_msgs/srv/GetSafetyMode.srv
[2.689s] -- Up-to-date symlink: /root/crs_ws_fanuc/install/ur_dashboard_msgs/share/ur_dashboard_msgs/srv/GetSafetyMode_Request.msg
[2.690s] -- Up-to-date symlink: /root/crs_ws_fanuc/install/ur_dashboard_msgs/share/ur_dashboard_msgs/srv/GetSafetyMode_Response.msg
[2.690s] -- Up-to-date symlink: /root/crs_ws_fanuc/install/ur_dashboard_msgs/share/ur_dashboard_msgs/srv/IsProgramRunning.srv
[2.690s] -- Up-to-date symlink: /root/crs_ws_fanuc/install/ur_dashboard_msgs/share/ur_dashboard_msgs/srv/IsProgramRunning_Request.msg
[2.691s] -- Up-to-date symlink: /root/crs_ws_fanuc/install/ur_dashboard_msgs/share/ur_dashboard_msgs/srv/IsProgramRunning_Response.msg
[2.691s] -- Up-to-date symlink: /root/crs_ws_fanuc/install/ur_dashboard_msgs/share/ur_dashboard_msgs/srv/IsProgramSaved.srv
[2.691s] -- Up-to-date symlink: /root/crs_ws_fanuc/install/ur_dashboard_msgs/share/ur_dashboard_msgs/srv/IsProgramSaved_Request.msg
[2.692s] -- Up-to-date symlink: /root/crs_ws_fanuc/install/ur_dashboard_msgs/share/ur_dashboard_msgs/srv/IsProgramSaved_Response.msg
[2.692s] -- Up-to-date symlink: /root/crs_ws_fanuc/install/ur_dashboard_msgs/share/ur_dashboard_msgs/srv/Load.srv
[2.693s] -- Up-to-date symlink: /root/crs_ws_fanuc/install/ur_dashboard_msgs/share/ur_dashboard_msgs/srv/Load_Request.msg
[2.693s] -- Up-to-date symlink: /root/crs_ws_fanuc/install/ur_dashboard_msgs/share/ur_dashboard_msgs/srv/Load_Response.msg
[2.693s] -- Up-to-date symlink: /root/crs_ws_fanuc/install/ur_dashboard_msgs/share/ur_dashboard_msgs/srv/Popup.srv
[2.694s] -- Up-to-date symlink: /root/crs_ws_fanuc/install/ur_dashboard_msgs/share/ur_dashboard_msgs/srv/Popup_Request.msg
[2.694s] -- Up-to-date symlink: /root/crs_ws_fanuc/install/ur_dashboard_msgs/share/ur_dashboard_msgs/srv/Popup_Response.msg
[2.695s] -- Up-to-date symlink: /root/crs_ws_fanuc/install/ur_dashboard_msgs/share/ur_dashboard_msgs/srv/RawRequest.srv
[2.695s] -- Up-to-date symlink: /root/crs_ws_fanuc/install/ur_dashboard_msgs/share/ur_dashboard_msgs/srv/RawRequest_Request.msg
[2.695s] -- Up-to-date symlink: /root/crs_ws_fanuc/install/ur_dashboard_msgs/share/ur_dashboard_msgs/srv/RawRequest_Response.msg
[2.696s] -- Up-to-date symlink: /root/crs_ws_fanuc/install/ur_dashboard_msgs/share/ur_dashboard_msgs/action/SetMode.action
[2.696s] -- Up-to-date symlink: /root/crs_ws_fanuc/install/ur_dashboard_msgs/share/ament_index/resource_index/package_run_dependencies/ur_dashboard_msgs
[2.697s] -- Up-to-date symlink: /root/crs_ws_fanuc/install/ur_dashboard_msgs/share/ament_index/resource_index/parent_prefix_path/ur_dashboard_msgs
[2.697s] -- Up-to-date symlink: /root/crs_ws_fanuc/install/ur_dashboard_msgs/share/ur_dashboard_msgs/environment/ament_prefix_path.sh
[2.697s] -- Up-to-date symlink: /root/crs_ws_fanuc/install/ur_dashboard_msgs/share/ur_dashboard_msgs/environment/ament_prefix_path.dsv
[2.698s] -- Up-to-date symlink: /root/crs_ws_fanuc/install/ur_dashboard_msgs/share/ur_dashboard_msgs/environment/path.sh
[2.699s] -- Up-to-date symlink: /root/crs_ws_fanuc/install/ur_dashboard_msgs/share/ur_dashboard_msgs/environment/path.dsv
[2.699s] -- Up-to-date symlink: /root/crs_ws_fanuc/install/ur_dashboard_msgs/share/ur_dashboard_msgs/local_setup.bash
[2.699s] -- Up-to-date symlink: /root/crs_ws_fanuc/install/ur_dashboard_msgs/share/ur_dashboard_msgs/local_setup.sh
[2.699s] -- Up-to-date symlink: /root/crs_ws_fanuc/install/ur_dashboard_msgs/share/ur_dashboard_msgs/local_setup.zsh
[2.700s] -- Up-to-date symlink: /root/crs_ws_fanuc/install/ur_dashboard_msgs/share/ur_dashboard_msgs/local_setup.dsv
[2.700s] -- Symlinking: /root/crs_ws_fanuc/install/ur_dashboard_msgs/share/ur_dashboard_msgs/package.dsv
[2.718s] -- Up-to-date symlink: /root/crs_ws_fanuc/install/ur_dashboard_msgs/share/ament_index/resource_index/packages/ur_dashboard_msgs
[2.719s] -- Up-to-date symlink: /root/crs_ws_fanuc/install/ur_dashboard_msgs/share/ur_dashboard_msgs/cmake/rosidl_cmake-extras.cmake
[2.719s] -- Up-to-date symlink: /root/crs_ws_fanuc/install/ur_dashboard_msgs/share/ur_dashboard_msgs/cmake/ament_cmake_export_dependencies-extras.cmake
[2.720s] -- Up-to-date symlink: /root/crs_ws_fanuc/install/ur_dashboard_msgs/share/ur_dashboard_msgs/cmake/ament_cmake_export_libraries-extras.cmake
[2.721s] -- Up-to-date symlink: /root/crs_ws_fanuc/install/ur_dashboard_msgs/share/ur_dashboard_msgs/cmake/ament_cmake_export_include_directories-extras.cmake
[2.721s] -- Up-to-date symlink: /root/crs_ws_fanuc/install/ur_dashboard_msgs/share/ur_dashboard_msgs/cmake/ur_dashboard_msgsConfig.cmake
[2.721s] -- Up-to-date symlink: /root/crs_ws_fanuc/install/ur_dashboard_msgs/share/ur_dashboard_msgs/cmake/ur_dashboard_msgsConfig-version.cmake
[2.721s] -- Up-to-date symlink: /root/crs_ws_fanuc/install/ur_dashboard_msgs/share/ur_dashboard_msgs/package.xml
[2.806s] Invoked command in '/root/crs_ws_fanuc/build/ur_dashboard_msgs' returned '0': CMAKE_PREFIX_PATH=/root/crs_ws_fanuc/install/trajopt_tools:/root/crs_ws_fanuc/install/vhacd:/root/crs_ws_fanuc/install/crs_gui:/root/crs_ws_fanuc/install/crs_application:/root/crs_ws_fanuc/install/crs_motion_planning:/root/crs_ws_fanuc/install/ur_ikfast_kinematics:/root/crs_ws_fanuc/install/crs_robot_comms:/root/crs_ws_fanuc/install/ur_dashboard_msgs:/root/crs_ws_fanuc/install/trajopt_sqp:/root/crs_ws_fanuc/install/trajopt_ifopt:/root/crs_ws_fanuc/install/tesseract_monitoring:/root/crs_ws_fanuc/install/tesseract_rosutils:/root/crs_ws_fanuc/install/tesseract_process_planners:/root/crs_ws_fanuc/install/tesseract_motion_planners:/root/crs_ws_fanuc/install/trajopt:/root/crs_ws_fanuc/install/trajopt_sco:/root/crs_ws_fanuc/install/trajopt_utils:/root/crs_ws_fanuc/install/tesseract_visualization:/root/crs_ws_fanuc/install/tesseract:/root/crs_ws_fanuc/install/tesseract_urdf:/root/crs_ws_fanuc/install/tesseract_plugins:/root/crs_ws_fanuc/install/tesseract_environment:/root/crs_ws_fanuc/install/tesseract_collision:/root/crs_ws_fanuc/install/tesseract_support:/root/crs_ws_fanuc/install/tesseract_kinematics:/root/crs_ws_fanuc/install/tesseract_scene_graph:/root/crs_ws_fanuc/install/tesseract_msgs:/root/crs_ws_fanuc/install/tesseract_geometry:/root/crs_ws_fanuc/install/tesseract_common:/root/crs_ws_fanuc/install/crs_utils_py:/opt/ros/eloquent:/root/crs_ws_fanuc/install/roscpp_scxml_demos:/root/crs_ws_fanuc/install/rclcpp_scxml_demos:/root/crs_ws_fanuc/install/scxml_core:/root/crs_ws_fanuc/install/region_detection_rclcpp:/root/crs_ws_fanuc/install/region_detection_msgs:/root/crs_ws_fanuc/install/region_detection_core:/root/crs_ws_fanuc/install/osqp_eigen:/root/crs_ws_fanuc/install/osqp:/root/crs_ws_fanuc/install/descartes_opw:/root/crs_ws_fanuc/install/opw_kinematics:/root/crs_ws_fanuc/install/octomap_msgs:/root/crs_ws_fanuc/install/fcl:/root/crs_ws_fanuc/install/libccd:/root/crs_ws_fanuc/install/iterative_spline_parameterization:/root/crs_ws_fanuc/install/ifopt:/root/crs_ws_fanuc/install/gtest:/root/crs_ws_fanuc/install/fanuc_resources:/root/crs_ws_fanuc/install/fanuc_r2000ic_moveit_config:/root/crs_ws_fanuc/install/fanuc_r2000ic_support:/root/crs_ws_fanuc/install/fanuc_r2000ic_moveit_plugins:/root/crs_ws_fanuc/install/descartes_samplers:/root/crs_ws_fanuc/install/descartes_ikfast:/root/crs_ws_fanuc/install/descartes_light:/root/crs_ws_fanuc/install/crs_toolpath_gen:/root/crs_ws_fanuc/install/crs_support:/root/crs_ws_fanuc/install/crs_process_data:/root/crs_ws_fanuc/install/crs_perception:/root/crs_ws_fanuc/install/crs_area_selection:/root/crs_ws_fanuc/install/crs_msgs:/root/crs_ws_fanuc/install/crs_gazebo_plugins:/root/crs_ws_fanuc/install/cartesian_trajectory_msgs:/root/crs_ws_fanuc/install/bullet3:/opt/qt513/lib/cmake: /usr/bin/cmake --build /root/crs_ws_fanuc/build/ur_dashboard_msgs --target install -- -j8 -l8
