-- CMAKE_BUILD_TYPE not set to Release -> impacts performance
-- Configuring done
-- Generating done
-- Build files have been written to: /root/crs_ws_fanuc/build/ifopt
[  8%] Building CXX object ifopt_core/CMakeFiles/ifopt_core.dir/src/leaves.cc.o
[ 16%] Building CXX object ifopt_core/CMakeFiles/ifopt_core.dir/src/composite.cc.o
[ 25%] Building CXX object ifopt_core/CMakeFiles/ifopt_core.dir/src/problem.cc.o
[ 33%] Linking CXX shared library libifopt_core.so
[ 33%] Built target ifopt_core
[ 41%] Building CXX object ifopt_core/CMakeFiles/ifopt_core-test.dir/test/problem_test.cc.o
[ 50%] Building CXX object ifopt_ipopt/CMakeFiles/ifopt_ipopt.dir/src/ipopt_adapter.cc.o
[ 58%] Building CXX object ifopt_ipopt/CMakeFiles/ifopt_ipopt.dir/src/ipopt_solver.cc.o
[ 66%] Building CXX object ifopt_core/CMakeFiles/ifopt_core-test.dir/test/composite_test.cc.o
[ 75%] Linking CXX shared library libifopt_ipopt.so
[ 75%] Built target ifopt_ipopt
[ 83%] Building CXX object ifopt_ipopt/CMakeFiles/ifopt_ipopt-example.dir/test/ex_test_ipopt.cc.o
[ 91%] Linking CXX executable ifopt_core-test
[ 91%] Built target ifopt_core-test
[100%] Linking CXX executable ifopt_ipopt-example
[100%] Built target ifopt_ipopt-example
[ 33%] Built target ifopt_core
[ 58%] Built target ifopt_core-test
[ 83%] Built target ifopt_ipopt
[100%] Built target ifopt_ipopt-example
Install the project...
-- Install configuration: "Debug"
-- Up-to-date: /root/crs_ws_fanuc/install/ifopt/share/ifopt/cmake/ifopt-config.cmake
-- Up-to-date: /root/crs_ws_fanuc/install/ifopt/share/ifopt/cmake/ifopt-config-version.cmake
-- Up-to-date: /root/crs_ws_fanuc/install/ifopt/share/ifopt/package.xml
-- Installing: /root/crs_ws_fanuc/install/ifopt/lib/libifopt_core.so
-- Set runtime path of "/root/crs_ws_fanuc/install/ifopt/lib/libifopt_core.so" to "/root/crs_ws_fanuc/install/ifopt/lib"
-- Up-to-date: /root/crs_ws_fanuc/install/ifopt/include/ifopt
-- Up-to-date: /root/crs_ws_fanuc/install/ifopt/include/ifopt/bounds.h
-- Up-to-date: /root/crs_ws_fanuc/install/ifopt/include/ifopt/variable_set.h
-- Up-to-date: /root/crs_ws_fanuc/install/ifopt/include/ifopt/constraint_set.h
-- Up-to-date: /root/crs_ws_fanuc/install/ifopt/include/ifopt/cost_term.h
-- Up-to-date: /root/crs_ws_fanuc/install/ifopt/include/ifopt/problem.h
-- Up-to-date: /root/crs_ws_fanuc/install/ifopt/include/ifopt/solver.h
-- Up-to-date: /root/crs_ws_fanuc/install/ifopt/include/ifopt/composite.h
-- Up-to-date: /root/crs_ws_fanuc/install/ifopt/include/ifopt/test_vars_constr_cost.h
-- Up-to-date: /root/crs_ws_fanuc/install/ifopt/share/ifopt/cmake/ifopt_core-targets.cmake
-- Installing: /root/crs_ws_fanuc/install/ifopt/share/ifopt/cmake/ifopt_core-targets-debug.cmake
-- Installing: /root/crs_ws_fanuc/install/ifopt/lib/ifopt/ifopt_core-test
-- Set runtime path of "/root/crs_ws_fanuc/install/ifopt/lib/ifopt/ifopt_core-test" to "/root/crs_ws_fanuc/install/ifopt/lib:/root/crs_ws_fanuc/install/gtest/lib"
-- Installing: /root/crs_ws_fanuc/install/ifopt/lib/libifopt_ipopt.so
-- Set runtime path of "/root/crs_ws_fanuc/install/ifopt/lib/libifopt_ipopt.so" to "/root/crs_ws_fanuc/install/ifopt/lib"
-- Installing: /root/crs_ws_fanuc/install/ifopt/lib/ifopt/ifopt_ipopt-example
-- Set runtime path of "/root/crs_ws_fanuc/install/ifopt/lib/ifopt/ifopt_ipopt-example" to "/root/crs_ws_fanuc/install/ifopt/lib"
-- Up-to-date: /root/crs_ws_fanuc/install/ifopt/include/ifopt
-- Up-to-date: /root/crs_ws_fanuc/install/ifopt/include/ifopt/ipopt_adapter.h
-- Up-to-date: /root/crs_ws_fanuc/install/ifopt/include/ifopt/ipopt_solver.h
-- Up-to-date: /root/crs_ws_fanuc/install/ifopt/share/ifopt/cmake/ifopt_ipopt-targets.cmake
-- Installing: /root/crs_ws_fanuc/install/ifopt/share/ifopt/cmake/ifopt_ipopt-targets-debug.cmake
