[0.107s] Invoking command in '/root/crs_ws_fanuc/build/fanuc_r2000ic_support': /usr/bin/cmake --build /root/crs_ws_fanuc/build/fanuc_r2000ic_support -- -j8 -l8
[0.197s] -- Found ament_cmake: 0.8.3 (/opt/ros/eloquent/share/ament_cmake/cmake)
[0.238s] -- Found PythonInterp: /usr/bin/python3 (found suitable version "3.6.9", minimum required is "3") 
[0.238s] -- Using PYTHON_EXECUTABLE: /usr/bin/python3
[0.556s] -- Found ament_lint_auto: 0.8.2 (/opt/ros/eloquent/share/ament_lint_auto/cmake)
[0.646s] -- Configuring done
[0.675s] -- Generating done
[0.675s] -- Build files have been written to: /root/crs_ws_fanuc/build/fanuc_r2000ic_support
[0.770s] Invoked command in '/root/crs_ws_fanuc/build/fanuc_r2000ic_support' returned '0': /usr/bin/cmake --build /root/crs_ws_fanuc/build/fanuc_r2000ic_support -- -j8 -l8
[0.872s] Invoking command in '/root/crs_ws_fanuc/build/fanuc_r2000ic_support': /usr/bin/cmake --build /root/crs_ws_fanuc/build/fanuc_r2000ic_support --target install -- -j8 -l8
[0.943s] [36mInstall the project...[0m
[0.958s] -- Install configuration: "Debug"
[0.959s] -- Up-to-date: /root/crs_ws_fanuc/install/fanuc_r2000ic_support/share/fanuc_r2000ic_support//config
[0.959s] -- Up-to-date: /root/crs_ws_fanuc/install/fanuc_r2000ic_support/share/fanuc_r2000ic_support//launch
[0.959s] -- Up-to-date: /root/crs_ws_fanuc/install/fanuc_r2000ic_support/share/fanuc_r2000ic_support//meshes
[0.959s] -- Up-to-date: /root/crs_ws_fanuc/install/fanuc_r2000ic_support/share/fanuc_r2000ic_support//meshes/r2000ic165f
[0.960s] -- Up-to-date: /root/crs_ws_fanuc/install/fanuc_r2000ic_support/share/fanuc_r2000ic_support//meshes/r2000ic165f/collision
[0.960s] -- Up-to-date: /root/crs_ws_fanuc/install/fanuc_r2000ic_support/share/fanuc_r2000ic_support//meshes/r2000ic165f/visual
[0.960s] -- Up-to-date: /root/crs_ws_fanuc/install/fanuc_r2000ic_support/share/fanuc_r2000ic_support//urdf
[0.960s] -- Installing: /root/crs_ws_fanuc/install/fanuc_r2000ic_support/share/ament_index/resource_index/package_run_dependencies/fanuc_r2000ic_support
[0.961s] -- Installing: /root/crs_ws_fanuc/install/fanuc_r2000ic_support/share/ament_index/resource_index/parent_prefix_path/fanuc_r2000ic_support
[0.961s] -- Installing: /root/crs_ws_fanuc/install/fanuc_r2000ic_support/share/fanuc_r2000ic_support/environment/ament_prefix_path.sh
[0.961s] -- Installing: /root/crs_ws_fanuc/install/fanuc_r2000ic_support/share/fanuc_r2000ic_support/environment/ament_prefix_path.dsv
[0.961s] -- Installing: /root/crs_ws_fanuc/install/fanuc_r2000ic_support/share/fanuc_r2000ic_support/environment/path.sh
[0.961s] -- Installing: /root/crs_ws_fanuc/install/fanuc_r2000ic_support/share/fanuc_r2000ic_support/environment/path.dsv
[0.961s] -- Installing: /root/crs_ws_fanuc/install/fanuc_r2000ic_support/share/fanuc_r2000ic_support/local_setup.bash
[0.962s] -- Installing: /root/crs_ws_fanuc/install/fanuc_r2000ic_support/share/fanuc_r2000ic_support/local_setup.sh
[0.962s] -- Installing: /root/crs_ws_fanuc/install/fanuc_r2000ic_support/share/fanuc_r2000ic_support/local_setup.zsh
[0.962s] -- Installing: /root/crs_ws_fanuc/install/fanuc_r2000ic_support/share/fanuc_r2000ic_support/local_setup.dsv
[0.962s] -- Installing: /root/crs_ws_fanuc/install/fanuc_r2000ic_support/share/fanuc_r2000ic_support/package.dsv
[0.962s] -- Installing: /root/crs_ws_fanuc/install/fanuc_r2000ic_support/share/ament_index/resource_index/packages/fanuc_r2000ic_support
[0.962s] -- Installing: /root/crs_ws_fanuc/install/fanuc_r2000ic_support/share/fanuc_r2000ic_support/cmake/fanuc_r2000ic_supportConfig.cmake
[0.962s] -- Installing: /root/crs_ws_fanuc/install/fanuc_r2000ic_support/share/fanuc_r2000ic_support/cmake/fanuc_r2000ic_supportConfig-version.cmake
[0.965s] Invoked command in '/root/crs_ws_fanuc/build/fanuc_r2000ic_support' returned '0': /usr/bin/cmake --build /root/crs_ws_fanuc/build/fanuc_r2000ic_support --target install -- -j8 -l8
