[0.053s] Invoking command in '/root/crs_ws_fanuc/build/region_detection_core': CMAKE_PREFIX_PATH=${CMAKE_PREFIX_PATH}:/root/ros2-urdf-tutorial/install/urdf_tutorial:/opt/ros/eloquent /usr/bin/cmake --build /root/crs_ws_fanuc/build/region_detection_core -- -j8 -l8
[0.142s] [ 18%] Built target threshold_grayscale_test
[0.144s] [ 36%] Built target adaptive_threshold_test
[0.152s] [ 54%] Built target threshold_in_range_test
[0.161s] [ 81%] Built target region_detection_core
[0.198s] [100%] Built target region_detection_test
[0.271s] Invoked command in '/root/crs_ws_fanuc/build/region_detection_core' returned '0': CMAKE_PREFIX_PATH=${CMAKE_PREFIX_PATH}:/root/ros2-urdf-tutorial/install/urdf_tutorial:/opt/ros/eloquent /usr/bin/cmake --build /root/crs_ws_fanuc/build/region_detection_core -- -j8 -l8
[0.429s] Invoking command in '/root/crs_ws_fanuc/build/region_detection_core': CMAKE_PREFIX_PATH=${CMAKE_PREFIX_PATH}:/root/ros2-urdf-tutorial/install/urdf_tutorial:/opt/ros/eloquent /usr/bin/cmake --build /root/crs_ws_fanuc/build/region_detection_core --target install -- -j8 -l8
[0.544s] [ 18%] Built target threshold_grayscale_test
[0.546s] [ 36%] Built target threshold_in_range_test
[0.554s] [ 54%] Built target adaptive_threshold_test
[0.567s] [ 81%] Built target region_detection_core
[0.627s] [100%] Built target region_detection_test
[0.655s] [36mInstall the project...[0m
[0.670s] -- Install configuration: "Debug"
[0.671s] -- Up-to-date: /root/crs_ws_fanuc/install/region_detection_core/include/region_detection_core
[0.671s] -- Up-to-date: /root/crs_ws_fanuc/install/region_detection_core/include/region_detection_core/config_types.h
[0.671s] -- Up-to-date: /root/crs_ws_fanuc/install/region_detection_core/include/region_detection_core/region_crop.h
[0.671s] -- Up-to-date: /root/crs_ws_fanuc/install/region_detection_core/include/region_detection_core/region_detector.h
[0.671s] -- Up-to-date: /root/crs_ws_fanuc/install/region_detection_core/bin/threshold_grayscale_test
[0.671s] -- Up-to-date: /root/crs_ws_fanuc/install/region_detection_core/bin/threshold_in_range_test
[0.671s] -- Up-to-date: /root/crs_ws_fanuc/install/region_detection_core/bin/adaptive_threshold_test
[0.671s] -- Up-to-date: /root/crs_ws_fanuc/install/region_detection_core/bin/region_detection_test
[0.671s] -- Up-to-date: /root/crs_ws_fanuc/install/region_detection_core/lib/libregion_detection_core.so
[0.671s] -- Up-to-date: /root/crs_ws_fanuc/install/region_detection_core/lib/cmake/region_detection_core/region_detection_core-targets.cmake
[0.671s] -- Up-to-date: /root/crs_ws_fanuc/install/region_detection_core/lib/cmake/region_detection_core/region_detection_core-targets-debug.cmake
[0.672s] -- Up-to-date: /root/crs_ws_fanuc/install/region_detection_core/share/region_detection_core/package.xml
[0.672s] -- Up-to-date: /root/crs_ws_fanuc/install/region_detection_core/share/region_detection_core//config
[0.672s] -- Up-to-date: /root/crs_ws_fanuc/install/region_detection_core/share/region_detection_core//config/config.yaml
[0.672s] -- Up-to-date: /root/crs_ws_fanuc/install/region_detection_core/lib/cmake/region_detection_core/region_detection_core-config.cmake
[0.672s] -- Up-to-date: /root/crs_ws_fanuc/install/region_detection_core/lib/cmake/region_detection_core/region_detection_core-config-version.cmake
[0.695s] Invoked command in '/root/crs_ws_fanuc/build/region_detection_core' returned '0': CMAKE_PREFIX_PATH=${CMAKE_PREFIX_PATH}:/root/ros2-urdf-tutorial/install/urdf_tutorial:/opt/ros/eloquent /usr/bin/cmake --build /root/crs_ws_fanuc/build/region_detection_core --target install -- -j8 -l8
