[0.081s] Invoking command in '/root/crs_ws_fanuc/build/trajopt': CMAKE_PREFIX_PATH=/root/crs_ws_fanuc/install/trajopt_sco:/root/crs_ws_fanuc/install/trajopt_utils:/root/crs_ws_fanuc/install/osqp:/opt/qt513/lib/cmake:/opt/ros/eloquent LD_LIBRARY_PATH=/root/crs_ws_fanuc/install/trajopt_sco/lib:/root/crs_ws_fanuc/install/trajopt_utils/lib:/root/crs_ws_fanuc/install/osqp/lib:${LD_LIBRARY_PATH} PATH=/root/crs_ws_fanuc/install/trajopt_sco/bin:${PATH} PKG_CONFIG_PATH=/root/crs_ws_fanuc/install/trajopt_sco/lib/x86_64-linux-gnu/pkgconfig:/root/crs_ws_fanuc/install/trajopt_sco/lib/pkgconfig:/root/crs_ws_fanuc/install/trajopt_utils/lib/x86_64-linux-gnu/pkgconfig:/root/crs_ws_fanuc/install/trajopt_utils/lib/pkgconfig:/root/crs_ws_fanuc/install/osqp/lib/x86_64-linux-gnu/pkgconfig:/root/crs_ws_fanuc/install/osqp/lib/pkgconfig /usr/bin/cmake --build /root/crs_ws_fanuc/build/trajopt -- -j8 -l8
[0.205s] [100%] Built target trajopt
[0.246s] Invoked command in '/root/crs_ws_fanuc/build/trajopt' returned '0': CMAKE_PREFIX_PATH=/root/crs_ws_fanuc/install/trajopt_sco:/root/crs_ws_fanuc/install/trajopt_utils:/root/crs_ws_fanuc/install/osqp:/opt/qt513/lib/cmake:/opt/ros/eloquent LD_LIBRARY_PATH=/root/crs_ws_fanuc/install/trajopt_sco/lib:/root/crs_ws_fanuc/install/trajopt_utils/lib:/root/crs_ws_fanuc/install/osqp/lib:${LD_LIBRARY_PATH} PATH=/root/crs_ws_fanuc/install/trajopt_sco/bin:${PATH} PKG_CONFIG_PATH=/root/crs_ws_fanuc/install/trajopt_sco/lib/x86_64-linux-gnu/pkgconfig:/root/crs_ws_fanuc/install/trajopt_sco/lib/pkgconfig:/root/crs_ws_fanuc/install/trajopt_utils/lib/x86_64-linux-gnu/pkgconfig:/root/crs_ws_fanuc/install/trajopt_utils/lib/pkgconfig:/root/crs_ws_fanuc/install/osqp/lib/x86_64-linux-gnu/pkgconfig:/root/crs_ws_fanuc/install/osqp/lib/pkgconfig /usr/bin/cmake --build /root/crs_ws_fanuc/build/trajopt -- -j8 -l8
[0.340s] Invoking command in '/root/crs_ws_fanuc/build/trajopt': CMAKE_PREFIX_PATH=/root/crs_ws_fanuc/install/trajopt_sco:/root/crs_ws_fanuc/install/trajopt_utils:/root/crs_ws_fanuc/install/osqp:/opt/qt513/lib/cmake:/opt/ros/eloquent LD_LIBRARY_PATH=/root/crs_ws_fanuc/install/trajopt_sco/lib:/root/crs_ws_fanuc/install/trajopt_utils/lib:/root/crs_ws_fanuc/install/osqp/lib:${LD_LIBRARY_PATH} PATH=/root/crs_ws_fanuc/install/trajopt_sco/bin:${PATH} PKG_CONFIG_PATH=/root/crs_ws_fanuc/install/trajopt_sco/lib/x86_64-linux-gnu/pkgconfig:/root/crs_ws_fanuc/install/trajopt_sco/lib/pkgconfig:/root/crs_ws_fanuc/install/trajopt_utils/lib/x86_64-linux-gnu/pkgconfig:/root/crs_ws_fanuc/install/trajopt_utils/lib/pkgconfig:/root/crs_ws_fanuc/install/osqp/lib/x86_64-linux-gnu/pkgconfig:/root/crs_ws_fanuc/install/osqp/lib/pkgconfig /usr/bin/cmake --build /root/crs_ws_fanuc/build/trajopt --target install -- -j8 -l8
[0.468s] [100%] Built target trajopt
[0.494s] [36mInstall the project...[0m
[0.505s] -- Install configuration: "Debug"
[0.506s] -- Up-to-date: /root/crs_ws_fanuc/install/trajopt/lib/libtrajopt.so
[0.506s] -- Up-to-date: /root/crs_ws_fanuc/install/trajopt/lib/cmake/trajopt/trajopt-targets.cmake
[0.507s] -- Up-to-date: /root/crs_ws_fanuc/install/trajopt/lib/cmake/trajopt/trajopt-targets-debug.cmake
[0.507s] -- Up-to-date: /root/crs_ws_fanuc/install/trajopt/share/trajopt/package.xml
[0.507s] -- Up-to-date: /root/crs_ws_fanuc/install/trajopt/lib/cmake/trajopt/trajopt-config.cmake
[0.508s] -- Up-to-date: /root/crs_ws_fanuc/install/trajopt/lib/cmake/trajopt/trajopt-config-version.cmake
[0.508s] -- Up-to-date: /root/crs_ws_fanuc/install/trajopt/lib/cmake/trajopt/trajopt-targets.cmake
[0.508s] -- Up-to-date: /root/crs_ws_fanuc/install/trajopt/lib/cmake/trajopt/trajopt-targets-debug.cmake
[0.510s] -- Up-to-date: /root/crs_ws_fanuc/install/trajopt/share/trajopt/package.xml
[0.510s] -- Up-to-date: /root/crs_ws_fanuc/install/trajopt/lib/cmake/trajopt/trajopt-config.cmake
[0.511s] -- Up-to-date: /root/crs_ws_fanuc/install/trajopt/lib/cmake/trajopt/trajopt-config-version.cmake
[0.511s] -- Up-to-date: /root/crs_ws_fanuc/install/trajopt/share/trajopt/test/data
[0.512s] -- Up-to-date: /root/crs_ws_fanuc/install/trajopt/share/trajopt/test/data/meshes
[0.512s] -- Up-to-date: /root/crs_ws_fanuc/install/trajopt/share/trajopt/test/data/meshes/Table.stl
[0.512s] -- Up-to-date: /root/crs_ws_fanuc/install/trajopt/share/trajopt/test/data/boxbot.urdf
[0.513s] -- Up-to-date: /root/crs_ws_fanuc/install/trajopt/share/trajopt/test/data/pr2.urdf
[0.513s] -- Up-to-date: /root/crs_ws_fanuc/install/trajopt/share/trajopt/test/data/boxbot_world.urdf
[0.513s] -- Up-to-date: /root/crs_ws_fanuc/install/trajopt/share/trajopt/test/data/pr2
[0.514s] -- Up-to-date: /root/crs_ws_fanuc/install/trajopt/share/trajopt/test/data/pr2/meshes
[0.514s] -- Up-to-date: /root/crs_ws_fanuc/install/trajopt/share/trajopt/test/data/pr2/meshes/tilting_laser_v0
[0.514s] -- Up-to-date: /root/crs_ws_fanuc/install/trajopt/share/trajopt/test/data/pr2/meshes/tilting_laser_v0/tilting_hokuyo_color.tif
[0.516s] -- Up-to-date: /root/crs_ws_fanuc/install/trajopt/share/trajopt/test/data/pr2/meshes/tilting_laser_v0/iv
[0.516s] -- Up-to-date: /root/crs_ws_fanuc/install/trajopt/share/trajopt/test/data/pr2/meshes/tilting_laser_v0/iv/hok_tilt.iv
[0.516s] -- Up-to-date: /root/crs_ws_fanuc/install/trajopt/share/trajopt/test/data/pr2/meshes/tilting_laser_v0/iv/tilting_hokuyo_L.iv
[0.517s] -- Up-to-date: /root/crs_ws_fanuc/install/trajopt/share/trajopt/test/data/pr2/meshes/tilting_laser_v0/iv/tilting_hokuyo.iv
[0.517s] -- Up-to-date: /root/crs_ws_fanuc/install/trajopt/share/trajopt/test/data/pr2/meshes/tilting_laser_v0/tilting_hokuyo_L.stl
[0.518s] -- Up-to-date: /root/crs_ws_fanuc/install/trajopt/share/trajopt/test/data/pr2/meshes/tilting_laser_v0/tilting_hokuyo.stl
[0.518s] -- Up-to-date: /root/crs_ws_fanuc/install/trajopt/share/trajopt/test/data/pr2/meshes/tilting_laser_v0/hok_tilt.stl
[0.519s] -- Up-to-date: /root/crs_ws_fanuc/install/trajopt/share/trajopt/test/data/pr2/meshes/tilting_laser_v0/tilting_hokuyo_normals.tif
[0.520s] -- Up-to-date: /root/crs_ws_fanuc/install/trajopt/share/trajopt/test/data/pr2/meshes/tilting_laser_v0/convex
[0.521s] -- Up-to-date: /root/crs_ws_fanuc/install/trajopt/share/trajopt/test/data/pr2/meshes/tilting_laser_v0/convex/hok_tilt_convex.stlb
[0.523s] -- Up-to-date: /root/crs_ws_fanuc/install/trajopt/share/trajopt/test/data/pr2/meshes/tilting_laser_v0/convex/hok_tilt_convex.stla
[0.524s] -- Up-to-date: /root/crs_ws_fanuc/install/trajopt/share/trajopt/test/data/pr2/meshes/tilting_laser_v0/convex/hok_tilt.xml
[0.525s] -- Up-to-date: /root/crs_ws_fanuc/install/trajopt/share/trajopt/test/data/pr2/meshes/tilting_laser_v0/convex/hok_tilt_convex.iv
[0.526s] -- Up-to-date: /root/crs_ws_fanuc/install/trajopt/share/trajopt/test/data/pr2/meshes/tilting_laser_v0/convex/tilting_hokuyo_L_convex.stla
[0.526s] -- Up-to-date: /root/crs_ws_fanuc/install/trajopt/share/trajopt/test/data/pr2/meshes/tilting_laser_v0/convex/tilting_hokuyo_L_convex.stlb
[0.526s] -- Up-to-date: /root/crs_ws_fanuc/install/trajopt/share/trajopt/test/data/pr2/meshes/tilting_laser_v0/convex/tilting_hokuyo_L.dae
[0.526s] -- Up-to-date: /root/crs_ws_fanuc/install/trajopt/share/trajopt/test/data/pr2/meshes/tilting_laser_v0/convex/tilting_hokuyo_convex.obj
[0.527s] -- Up-to-date: /root/crs_ws_fanuc/install/trajopt/share/trajopt/test/data/pr2/meshes/tilting_laser_v0/convex/hok_tilt_convex.obj
[0.527s] -- Up-to-date: /root/crs_ws_fanuc/install/trajopt/share/trajopt/test/data/pr2/meshes/tilting_laser_v0/convex/tilting_hokuyo_convex.stlb
[0.528s] -- Up-to-date: /root/crs_ws_fanuc/install/trajopt/share/trajopt/test/data/pr2/meshes/tilting_laser_v0/convex/hok_tilt.dae
[0.528s] -- Up-to-date: /root/crs_ws_fanuc/install/trajopt/share/trajopt/test/data/pr2/meshes/tilting_laser_v0/convex/tilting_hokuyo_L.obj
[0.528s] -- Up-to-date: /root/crs_ws_fanuc/install/trajopt/share/trajopt/test/data/pr2/meshes/tilting_laser_v0/convex/tilting_hokuyo_L_convex.iv
[0.528s] -- Up-to-date: /root/crs_ws_fanuc/install/trajopt/share/trajopt/test/data/pr2/meshes/tilting_laser_v0/convex/tilting_hokuyo_L.xml
[0.529s] -- Up-to-date: /root/crs_ws_fanuc/install/trajopt/share/trajopt/test/data/pr2/meshes/tilting_laser_v0/convex/tilting_hokuyo_L_convex.obj
[0.529s] -- Up-to-date: /root/crs_ws_fanuc/install/trajopt/share/trajopt/test/data/pr2/meshes/tilting_laser_v0/convex/hok_tilt.obj
[0.529s] -- Up-to-date: /root/crs_ws_fanuc/install/trajopt/share/trajopt/test/data/pr2/meshes/tilting_laser_v0/convex/tilting_hokuyo.dae
[0.529s] -- Up-to-date: /root/crs_ws_fanuc/install/trajopt/share/trajopt/test/data/pr2/meshes/tilting_laser_v0/convex/tilting_hokuyo_convex.iv
[0.530s] -- Up-to-date: /root/crs_ws_fanuc/install/trajopt/share/trajopt/test/data/pr2/meshes/tilting_laser_v0/convex/tilting_hokuyo.xml
[0.530s] -- Up-to-date: /root/crs_ws_fanuc/install/trajopt/share/trajopt/test/data/pr2/meshes/tilting_laser_v0/convex/tilting_hokuyo.obj
[0.530s] -- Up-to-date: /root/crs_ws_fanuc/install/trajopt/share/trajopt/test/data/pr2/meshes/tilting_laser_v0/convex/tilting_hokuyo_convex.stla
[0.531s] -- Up-to-date: /root/crs_ws_fanuc/install/trajopt/share/trajopt/test/data/pr2/meshes/tilting_laser_v0/tilting_hokuyo.dae
[0.531s] -- Up-to-date: /root/crs_ws_fanuc/install/trajopt/share/trajopt/test/data/pr2/meshes/torso_v0
[0.531s] -- Up-to-date: /root/crs_ws_fanuc/install/trajopt/share/trajopt/test/data/pr2/meshes/torso_v0/torso_lift.dae
[0.531s] -- Up-to-date: /root/crs_ws_fanuc/install/trajopt/share/trajopt/test/data/pr2/meshes/torso_v0/iv
[0.531s] -- Up-to-date: /root/crs_ws_fanuc/install/trajopt/share/trajopt/test/data/pr2/meshes/torso_v0/iv/torso_lift_L.iv
[0.532s] -- Up-to-date: /root/crs_ws_fanuc/install/trajopt/share/trajopt/test/data/pr2/meshes/torso_v0/iv/torso.iv
[0.532s] -- Up-to-date: /root/crs_ws_fanuc/install/trajopt/share/trajopt/test/data/pr2/meshes/torso_v0/iv/torso_lift.iv
[0.532s] -- Up-to-date: /root/crs_ws_fanuc/install/trajopt/share/trajopt/test/data/pr2/meshes/torso_v0/torso_lift_normals.tif
[0.532s] -- Up-to-date: /root/crs_ws_fanuc/install/trajopt/share/trajopt/test/data/pr2/meshes/torso_v0/torso.stl
[0.533s] -- Up-to-date: /root/crs_ws_fanuc/install/trajopt/share/trajopt/test/data/pr2/meshes/torso_v0/torso_lift_L.stl
[0.533s] -- Up-to-date: /root/crs_ws_fanuc/install/trajopt/share/trajopt/test/data/pr2/meshes/torso_v0/convex
[0.535s] -- Up-to-date: /root/crs_ws_fanuc/install/trajopt/share/trajopt/test/data/pr2/meshes/torso_v0/convex/torso_convex.obj
[0.536s] -- Up-to-date: /root/crs_ws_fanuc/install/trajopt/share/trajopt/test/data/pr2/meshes/torso_v0/convex/torso_lift.dae
[0.536s] -- Up-to-date: /root/crs_ws_fanuc/install/trajopt/share/trajopt/test/data/pr2/meshes/torso_v0/convex/torso_convex.stla
[0.536s] -- Up-to-date: /root/crs_ws_fanuc/install/trajopt/share/trajopt/test/data/pr2/meshes/torso_v0/convex/torso_lift.obj
[0.537s] -- Up-to-date: /root/crs_ws_fanuc/install/trajopt/share/trajopt/test/data/pr2/meshes/torso_v0/convex/torso_lift_L_convex.obj
[0.537s] -- Up-to-date: /root/crs_ws_fanuc/install/trajopt/share/trajopt/test/data/pr2/meshes/torso_v0/convex/torso_lift_convex.stlb
[0.539s] -- Up-to-date: /root/crs_ws_fanuc/install/trajopt/share/trajopt/test/data/pr2/meshes/torso_v0/convex/torso_lift_L_convex.iv
[0.541s] -- Up-to-date: /root/crs_ws_fanuc/install/trajopt/share/trajopt/test/data/pr2/meshes/torso_v0/convex/torso.obj
[0.542s] -- Up-to-date: /root/crs_ws_fanuc/install/trajopt/share/trajopt/test/data/pr2/meshes/torso_v0/convex/torso_lift_L.obj
[0.542s] -- Up-to-date: /root/crs_ws_fanuc/install/trajopt/share/trajopt/test/data/pr2/meshes/torso_v0/convex/torso_lift_convex.stla
[0.542s] -- Up-to-date: /root/crs_ws_fanuc/install/trajopt/share/trajopt/test/data/pr2/meshes/torso_v0/convex/torso_convex.stlb
[0.542s] -- Up-to-date: /root/crs_ws_fanuc/install/trajopt/share/trajopt/test/data/pr2/meshes/torso_v0/convex/torso_lift_L_convex.stlb
[0.544s] -- Up-to-date: /root/crs_ws_fanuc/install/trajopt/share/trajopt/test/data/pr2/meshes/torso_v0/convex/torso.xml
[0.545s] -- Up-to-date: /root/crs_ws_fanuc/install/trajopt/share/trajopt/test/data/pr2/meshes/torso_v0/convex/torso.dae
[0.545s] -- Up-to-date: /root/crs_ws_fanuc/install/trajopt/share/trajopt/test/data/pr2/meshes/torso_v0/convex/torso_lift_L.dae
[0.545s] -- Up-to-date: /root/crs_ws_fanuc/install/trajopt/share/trajopt/test/data/pr2/meshes/torso_v0/convex/torso_lift_L.xml
[0.545s] -- Up-to-date: /root/crs_ws_fanuc/install/trajopt/share/trajopt/test/data/pr2/meshes/torso_v0/convex/torso_convex.iv
[0.546s] -- Up-to-date: /root/crs_ws_fanuc/install/trajopt/share/trajopt/test/data/pr2/meshes/torso_v0/convex/torso_lift.xml
[0.546s] -- Up-to-date: /root/crs_ws_fanuc/install/trajopt/share/trajopt/test/data/pr2/meshes/torso_v0/convex/torso_lift_L_convex.stla
[0.546s] -- Up-to-date: /root/crs_ws_fanuc/install/trajopt/share/trajopt/test/data/pr2/meshes/torso_v0/convex/torso_lift_convex.iv
[0.546s] -- Up-to-date: /root/crs_ws_fanuc/install/trajopt/share/trajopt/test/data/pr2/meshes/torso_v0/convex/torso_lift_convex.obj
[0.546s] -- Up-to-date: /root/crs_ws_fanuc/install/trajopt/share/trajopt/test/data/pr2/meshes/torso_v0/torso_lift.stl
[0.546s] -- Up-to-date: /root/crs_ws_fanuc/install/trajopt/share/trajopt/test/data/pr2/meshes/torso_v0/torso_lift_color.tif
[0.546s] -- Up-to-date: /root/crs_ws_fanuc/install/trajopt/share/trajopt/test/data/pr2/meshes/gripper_v0
[0.546s] -- Up-to-date: /root/crs_ws_fanuc/install/trajopt/share/trajopt/test/data/pr2/meshes/gripper_v0/l_finger_tip.dae
[0.547s] -- Up-to-date: /root/crs_ws_fanuc/install/trajopt/share/trajopt/test/data/pr2/meshes/gripper_v0/palm_H_UV_100430.dae
[0.547s] -- Up-to-date: /root/crs_ws_fanuc/install/trajopt/share/trajopt/test/data/pr2/meshes/gripper_v0/finger_tip_l.stl
[0.547s] -- Up-to-date: /root/crs_ws_fanuc/install/trajopt/share/trajopt/test/data/pr2/meshes/gripper_v0/l_floating.stl
[0.547s] -- Up-to-date: /root/crs_ws_fanuc/install/trajopt/share/trajopt/test/data/pr2/meshes/gripper_v0/float_H_UV_100430.dae
[0.547s] -- Up-to-date: /root/crs_ws_fanuc/install/trajopt/share/trajopt/test/data/pr2/meshes/gripper_v0/l_finger_tip_normals.tif
[0.547s] -- Up-to-date: /root/crs_ws_fanuc/install/trajopt/share/trajopt/test/data/pr2/meshes/gripper_v0/finger_tip_H_UV_100430.dae
[0.547s] -- Up-to-date: /root/crs_ws_fanuc/install/trajopt/share/trajopt/test/data/pr2/meshes/gripper_v0/gripper_palm.dae
[0.548s] -- Up-to-date: /root/crs_ws_fanuc/install/trajopt/share/trajopt/test/data/pr2/meshes/gripper_v0/finger_tip_pad2_l.stl
[0.548s] -- Up-to-date: /root/crs_ws_fanuc/install/trajopt/share/trajopt/test/data/pr2/meshes/gripper_v0/finger_H_Color_100430.tif
[0.548s] -- Up-to-date: /root/crs_ws_fanuc/install/trajopt/share/trajopt/test/data/pr2/meshes/gripper_v0/fingertip_H_Color_100430.tif
[0.548s] -- Up-to-date: /root/crs_ws_fanuc/install/trajopt/share/trajopt/test/data/pr2/meshes/gripper_v0/upper_finger_r.stl
[0.548s] -- Up-to-date: /root/crs_ws_fanuc/install/trajopt/share/trajopt/test/data/pr2/meshes/gripper_v0/iv
[0.549s] -- Up-to-date: /root/crs_ws_fanuc/install/trajopt/share/trajopt/test/data/pr2/meshes/gripper_v0/iv/l_finger_tip.iv
[0.549s] -- Up-to-date: /root/crs_ws_fanuc/install/trajopt/share/trajopt/test/data/pr2/meshes/gripper_v0/iv/upper_finger_l.iv
[0.549s] -- Up-to-date: /root/crs_ws_fanuc/install/trajopt/share/trajopt/test/data/pr2/meshes/gripper_v0/iv/l_finger.iv
[0.549s] -- Up-to-date: /root/crs_ws_fanuc/install/trajopt/share/trajopt/test/data/pr2/meshes/gripper_v0/iv/finger_tip_r.iv
[0.550s] -- Up-to-date: /root/crs_ws_fanuc/install/trajopt/share/trajopt/test/data/pr2/meshes/gripper_v0/iv/l_floating.iv
[0.550s] -- Up-to-date: /root/crs_ws_fanuc/install/trajopt/share/trajopt/test/data/pr2/meshes/gripper_v0/iv/finger_tip_l.iv
[0.550s] -- Up-to-date: /root/crs_ws_fanuc/install/trajopt/share/trajopt/test/data/pr2/meshes/gripper_v0/iv/gripper_palm.iv
[0.550s] -- Up-to-date: /root/crs_ws_fanuc/install/trajopt/share/trajopt/test/data/pr2/meshes/gripper_v0/iv/finger_tip_pad2_r.iv
[0.551s] -- Up-to-date: /root/crs_ws_fanuc/install/trajopt/share/trajopt/test/data/pr2/meshes/gripper_v0/iv/upper_finger_r.iv
[0.551s] -- Up-to-date: /root/crs_ws_fanuc/install/trajopt/share/trajopt/test/data/pr2/meshes/gripper_v0/iv/finger_tip_pad2_l.iv
[0.552s] -- Up-to-date: /root/crs_ws_fanuc/install/trajopt/share/trajopt/test/data/pr2/meshes/gripper_v0/l_float_color.tif
[0.552s] -- Up-to-date: /root/crs_ws_fanuc/install/trajopt/share/trajopt/test/data/pr2/meshes/gripper_v0/l_float.dae
[0.553s] -- Up-to-date: /root/crs_ws_fanuc/install/trajopt/share/trajopt/test/data/pr2/meshes/gripper_v0/upper_finger_l.stl
[0.554s] -- Up-to-date: /root/crs_ws_fanuc/install/trajopt/share/trajopt/test/data/pr2/meshes/gripper_v0/finger_H_UV_100430.dae
[0.554s] -- Up-to-date: /root/crs_ws_fanuc/install/trajopt/share/trajopt/test/data/pr2/meshes/gripper_v0/l_float_normals.tif
[0.555s] -- Up-to-date: /root/crs_ws_fanuc/install/trajopt/share/trajopt/test/data/pr2/meshes/gripper_v0/gripper_palm_color.tif
[0.555s] -- Up-to-date: /root/crs_ws_fanuc/install/trajopt/share/trajopt/test/data/pr2/meshes/gripper_v0/l_finger.dae
[0.555s] -- Up-to-date: /root/crs_ws_fanuc/install/trajopt/share/trajopt/test/data/pr2/meshes/gripper_v0/l_finger_color.tif
[0.558s] -- Up-to-date: /root/crs_ws_fanuc/install/trajopt/share/trajopt/test/data/pr2/meshes/gripper_v0/l_finger_tip.stl
[0.558s] -- Up-to-date: /root/crs_ws_fanuc/install/trajopt/share/trajopt/test/data/pr2/meshes/gripper_v0/l_finger_normals.tif
[0.558s] -- Up-to-date: /root/crs_ws_fanuc/install/trajopt/share/trajopt/test/data/pr2/meshes/gripper_v0/l_finger.stl
[0.559s] -- Up-to-date: /root/crs_ws_fanuc/install/trajopt/share/trajopt/test/data/pr2/meshes/gripper_v0/convex
[0.559s] -- Up-to-date: /root/crs_ws_fanuc/install/trajopt/share/trajopt/test/data/pr2/meshes/gripper_v0/convex/finger_tip_r.obj
[0.560s] -- Up-to-date: /root/crs_ws_fanuc/install/trajopt/share/trajopt/test/data/pr2/meshes/gripper_v0/convex/l_finger_tip.dae
[0.560s] -- Up-to-date: /root/crs_ws_fanuc/install/trajopt/share/trajopt/test/data/pr2/meshes/gripper_v0/convex/finger_tip_l_convex.iv
[0.561s] -- Up-to-date: /root/crs_ws_fanuc/install/trajopt/share/trajopt/test/data/pr2/meshes/gripper_v0/convex/gripper_palm_convex.stlb
[0.562s] -- Up-to-date: /root/crs_ws_fanuc/install/trajopt/share/trajopt/test/data/pr2/meshes/gripper_v0/convex/finger_tip_pad2_l_convex.stla
[0.564s] -- Up-to-date: /root/crs_ws_fanuc/install/trajopt/share/trajopt/test/data/pr2/meshes/gripper_v0/convex/l_floating.obj
[0.564s] -- Up-to-date: /root/crs_ws_fanuc/install/trajopt/share/trajopt/test/data/pr2/meshes/gripper_v0/convex/gripper_palm.dae
[0.564s] -- Up-to-date: /root/crs_ws_fanuc/install/trajopt/share/trajopt/test/data/pr2/meshes/gripper_v0/convex/upper_finger_r_convex.obj
[0.565s] -- Up-to-date: /root/crs_ws_fanuc/install/trajopt/share/trajopt/test/data/pr2/meshes/gripper_v0/convex/finger_tip_l_convex.stlb
[0.568s] -- Up-to-date: /root/crs_ws_fanuc/install/trajopt/share/trajopt/test/data/pr2/meshes/gripper_v0/convex/finger_tip_pad2_l_convex.stlb
[0.568s] -- Up-to-date: /root/crs_ws_fanuc/install/trajopt/share/trajopt/test/data/pr2/meshes/gripper_v0/convex/gripper_palm_convex.iv
[0.568s] -- Up-to-date: /root/crs_ws_fanuc/install/trajopt/share/trajopt/test/data/pr2/meshes/gripper_v0/convex/l_finger_tip.xml
[0.569s] -- Up-to-date: /root/crs_ws_fanuc/install/trajopt/share/trajopt/test/data/pr2/meshes/gripper_v0/convex/finger_tip_pad2_r.obj
[0.569s] -- Up-to-date: /root/crs_ws_fanuc/install/trajopt/share/trajopt/test/data/pr2/meshes/gripper_v0/convex/finger_tip_pad2_l.xml
[0.570s] -- Up-to-date: /root/crs_ws_fanuc/install/trajopt/share/trajopt/test/data/pr2/meshes/gripper_v0/convex/finger_tip_r.xml
[0.570s] -- Up-to-date: /root/crs_ws_fanuc/install/trajopt/share/trajopt/test/data/pr2/meshes/gripper_v0/convex/finger_tip_r.dae
[0.571s] -- Up-to-date: /root/crs_ws_fanuc/install/trajopt/share/trajopt/test/data/pr2/meshes/gripper_v0/convex/upper_finger_r_convex.stla
[0.572s] -- Up-to-date: /root/crs_ws_fanuc/install/trajopt/share/trajopt/test/data/pr2/meshes/gripper_v0/convex/l_floating_convex.obj
[0.572s] -- Up-to-date: /root/crs_ws_fanuc/install/trajopt/share/trajopt/test/data/pr2/meshes/gripper_v0/convex/upper_finger_r_convex.iv
[0.573s] -- Up-to-date: /root/crs_ws_fanuc/install/trajopt/share/trajopt/test/data/pr2/meshes/gripper_v0/convex/l_finger_tip_convex.obj
[0.574s] -- Up-to-date: /root/crs_ws_fanuc/install/trajopt/share/trajopt/test/data/pr2/meshes/gripper_v0/convex/l_floating_convex.iv
[0.574s] -- Up-to-date: /root/crs_ws_fanuc/install/trajopt/share/trajopt/test/data/pr2/meshes/gripper_v0/convex/l_floating.dae
[0.575s] -- Up-to-date: /root/crs_ws_fanuc/install/trajopt/share/trajopt/test/data/pr2/meshes/gripper_v0/convex/finger_tip_l.dae
[0.575s] -- Up-to-date: /root/crs_ws_fanuc/install/trajopt/share/trajopt/test/data/pr2/meshes/gripper_v0/convex/finger_tip_l.xml
[0.575s] -- Up-to-date: /root/crs_ws_fanuc/install/trajopt/share/trajopt/test/data/pr2/meshes/gripper_v0/convex/l_finger_convex.stla
[0.576s] -- Up-to-date: /root/crs_ws_fanuc/install/trajopt/share/trajopt/test/data/pr2/meshes/gripper_v0/convex/finger_tip_pad2_r_convex.stla
[0.576s] -- Up-to-date: /root/crs_ws_fanuc/install/trajopt/share/trajopt/test/data/pr2/meshes/gripper_v0/convex/finger_tip_pad2_r_convex.iv
[0.576s] -- Up-to-date: /root/crs_ws_fanuc/install/trajopt/share/trajopt/test/data/pr2/meshes/gripper_v0/convex/finger_tip_r_convex.stlb
[0.576s] -- Up-to-date: /root/crs_ws_fanuc/install/trajopt/share/trajopt/test/data/pr2/meshes/gripper_v0/convex/finger_tip_l_convex.stla
[0.577s] -- Up-to-date: /root/crs_ws_fanuc/install/trajopt/share/trajopt/test/data/pr2/meshes/gripper_v0/convex/finger_tip_r_convex.iv
[0.577s] -- Up-to-date: /root/crs_ws_fanuc/install/trajopt/share/trajopt/test/data/pr2/meshes/gripper_v0/convex/l_finger_convex.iv
[0.579s] -- Up-to-date: /root/crs_ws_fanuc/install/trajopt/share/trajopt/test/data/pr2/meshes/gripper_v0/convex/upper_finger_r.obj
[0.579s] -- Up-to-date: /root/crs_ws_fanuc/install/trajopt/share/trajopt/test/data/pr2/meshes/gripper_v0/convex/l_finger.dae
[0.579s] -- Up-to-date: /root/crs_ws_fanuc/install/trajopt/share/trajopt/test/data/pr2/meshes/gripper_v0/convex/finger_tip_pad2_l_convex.iv
[0.579s] -- Up-to-date: /root/crs_ws_fanuc/install/trajopt/share/trajopt/test/data/pr2/meshes/gripper_v0/convex/l_finger.obj
[0.579s] -- Up-to-date: /root/crs_ws_fanuc/install/trajopt/share/trajopt/test/data/pr2/meshes/gripper_v0/convex/finger_tip_pad2_r_convex.stlb
[0.579s] -- Up-to-date: /root/crs_ws_fanuc/install/trajopt/share/trajopt/test/data/pr2/meshes/gripper_v0/convex/l_finger_convex.obj
[0.580s] -- Up-to-date: /root/crs_ws_fanuc/install/trajopt/share/trajopt/test/data/pr2/meshes/gripper_v0/convex/finger_tip_pad2_l_convex.obj
[0.580s] -- Up-to-date: /root/crs_ws_fanuc/install/trajopt/share/trajopt/test/data/pr2/meshes/gripper_v0/convex/upper_finger_l.obj
[0.580s] -- Up-to-date: /root/crs_ws_fanuc/install/trajopt/share/trajopt/test/data/pr2/meshes/gripper_v0/convex/finger_tip_pad2_r.xml
[0.580s] -- Up-to-date: /root/crs_ws_fanuc/install/trajopt/share/trajopt/test/data/pr2/meshes/gripper_v0/convex/upper_finger_l_convex.stla
[0.581s] -- Up-to-date: /root/crs_ws_fanuc/install/trajopt/share/trajopt/test/data/pr2/meshes/gripper_v0/convex/finger_tip_r_convex.stla
[0.581s] -- Up-to-date: /root/crs_ws_fanuc/install/trajopt/share/trajopt/test/data/pr2/meshes/gripper_v0/convex/finger_tip_l.obj
[0.581s] -- Up-to-date: /root/crs_ws_fanuc/install/trajopt/share/trajopt/test/data/pr2/meshes/gripper_v0/convex/l_finger_convex.stlb
[0.581s] -- Up-to-date: /root/crs_ws_fanuc/install/trajopt/share/trajopt/test/data/pr2/meshes/gripper_v0/convex/finger_tip_pad2_r.dae
[0.581s] -- Up-to-date: /root/crs_ws_fanuc/install/trajopt/share/trajopt/test/data/pr2/meshes/gripper_v0/convex/upper_finger_r.xml
[0.582s] -- Up-to-date: /root/crs_ws_fanuc/install/trajopt/share/trajopt/test/data/pr2/meshes/gripper_v0/convex/l_finger_tip_convex.iv
[0.582s] -- Up-to-date: /root/crs_ws_fanuc/install/trajopt/share/trajopt/test/data/pr2/meshes/gripper_v0/convex/l_floating_convex.stla
[0.582s] -- Up-to-date: /root/crs_ws_fanuc/install/trajopt/share/trajopt/test/data/pr2/meshes/gripper_v0/convex/gripper_palm_convex.stla
[0.582s] -- Up-to-date: /root/crs_ws_fanuc/install/trajopt/share/trajopt/test/data/pr2/meshes/gripper_v0/convex/gripper_palm_convex.obj
[0.582s] -- Up-to-date: /root/crs_ws_fanuc/install/trajopt/share/trajopt/test/data/pr2/meshes/gripper_v0/convex/gripper_palm.obj
[0.583s] -- Up-to-date: /root/crs_ws_fanuc/install/trajopt/share/trajopt/test/data/pr2/meshes/gripper_v0/convex/gripper_palm.xml
[0.583s] -- Up-to-date: /root/crs_ws_fanuc/install/trajopt/share/trajopt/test/data/pr2/meshes/gripper_v0/convex/upper_finger_r.dae
[0.583s] -- Up-to-date: /root/crs_ws_fanuc/install/trajopt/share/trajopt/test/data/pr2/meshes/gripper_v0/convex/l_finger_tip_convex.stla
[0.583s] -- Up-to-date: /root/crs_ws_fanuc/install/trajopt/share/trajopt/test/data/pr2/meshes/gripper_v0/convex/upper_finger_r_convex.stlb
[0.583s] -- Up-to-date: /root/crs_ws_fanuc/install/trajopt/share/trajopt/test/data/pr2/meshes/gripper_v0/convex/finger_tip_pad2_l.obj
[0.584s] -- Up-to-date: /root/crs_ws_fanuc/install/trajopt/share/trajopt/test/data/pr2/meshes/gripper_v0/convex/upper_finger_l.dae
[0.585s] -- Up-to-date: /root/crs_ws_fanuc/install/trajopt/share/trajopt/test/data/pr2/meshes/gripper_v0/convex/l_floating_convex.stlb
[0.585s] -- Up-to-date: /root/crs_ws_fanuc/install/trajopt/share/trajopt/test/data/pr2/meshes/gripper_v0/convex/l_finger_tip.obj
[0.585s] -- Up-to-date: /root/crs_ws_fanuc/install/trajopt/share/trajopt/test/data/pr2/meshes/gripper_v0/convex/finger_tip_r_convex.obj
[0.586s] -- Up-to-date: /root/crs_ws_fanuc/install/trajopt/share/trajopt/test/data/pr2/meshes/gripper_v0/convex/finger_tip_pad2_l.dae
[0.586s] -- Up-to-date: /root/crs_ws_fanuc/install/trajopt/share/trajopt/test/data/pr2/meshes/gripper_v0/convex/upper_finger_l_convex.stlb
[0.587s] -- Up-to-date: /root/crs_ws_fanuc/install/trajopt/share/trajopt/test/data/pr2/meshes/gripper_v0/convex/upper_finger_l_convex.obj
[0.587s] -- Up-to-date: /root/crs_ws_fanuc/install/trajopt/share/trajopt/test/data/pr2/meshes/gripper_v0/convex/l_finger_tip_convex.stlb
[0.587s] -- Up-to-date: /root/crs_ws_fanuc/install/trajopt/share/trajopt/test/data/pr2/meshes/gripper_v0/convex/upper_finger_l.xml
[0.587s] -- Up-to-date: /root/crs_ws_fanuc/install/trajopt/share/trajopt/test/data/pr2/meshes/gripper_v0/convex/upper_finger_l_convex.iv
[0.588s] -- Up-to-date: /root/crs_ws_fanuc/install/trajopt/share/trajopt/test/data/pr2/meshes/gripper_v0/convex/finger_tip_pad2_r_convex.obj
[0.588s] -- Up-to-date: /root/crs_ws_fanuc/install/trajopt/share/trajopt/test/data/pr2/meshes/gripper_v0/convex/l_floating.xml
[0.589s] -- Up-to-date: /root/crs_ws_fanuc/install/trajopt/share/trajopt/test/data/pr2/meshes/gripper_v0/convex/finger_tip_l_convex.obj
[0.590s] -- Up-to-date: /root/crs_ws_fanuc/install/trajopt/share/trajopt/test/data/pr2/meshes/gripper_v0/convex/l_finger.xml
[0.591s] -- Up-to-date: /root/crs_ws_fanuc/install/trajopt/share/trajopt/test/data/pr2/meshes/gripper_v0/l_finger_tip_color.tif
[0.591s] -- Up-to-date: /root/crs_ws_fanuc/install/trajopt/share/trajopt/test/data/pr2/meshes/gripper_v0/finger_tip_pad2_r.stl
[0.592s] -- Up-to-date: /root/crs_ws_fanuc/install/trajopt/share/trajopt/test/data/pr2/meshes/gripper_v0/palm_H_Color_100430.tif
[0.592s] -- Up-to-date: /root/crs_ws_fanuc/install/trajopt/share/trajopt/test/data/pr2/meshes/gripper_v0/gripper_palm_normals.tif
[0.592s] -- Up-to-date: /root/crs_ws_fanuc/install/trajopt/share/trajopt/test/data/pr2/meshes/gripper_v0/float_H_Color_100430.tif
[0.593s] -- Up-to-date: /root/crs_ws_fanuc/install/trajopt/share/trajopt/test/data/pr2/meshes/gripper_v0/gripper_palm.stl
[0.593s] -- Up-to-date: /root/crs_ws_fanuc/install/trajopt/share/trajopt/test/data/pr2/meshes/gripper_v0/finger_tip_r.stl
[0.593s] -- Up-to-date: /root/crs_ws_fanuc/install/trajopt/share/trajopt/test/data/pr2/meshes/head_v0
[0.595s] -- Up-to-date: /root/crs_ws_fanuc/install/trajopt/share/trajopt/test/data/pr2/meshes/head_v0/head_tilt_normals.tif
[0.595s] -- Up-to-date: /root/crs_ws_fanuc/install/trajopt/share/trajopt/test/data/pr2/meshes/head_v0/head_tilt_color_red.tif
[0.596s] -- Up-to-date: /root/crs_ws_fanuc/install/trajopt/share/trajopt/test/data/pr2/meshes/head_v0/head_tilt_L.stl
[0.596s] -- Up-to-date: /root/crs_ws_fanuc/install/trajopt/share/trajopt/test/data/pr2/meshes/head_v0/head_pan_L.stl
[0.596s] -- Up-to-date: /root/crs_ws_fanuc/install/trajopt/share/trajopt/test/data/pr2/meshes/head_v0/iv
[0.597s] -- Up-to-date: /root/crs_ws_fanuc/install/trajopt/share/trajopt/test/data/pr2/meshes/head_v0/iv/head_pan_L.iv
[0.597s] -- Up-to-date: /root/crs_ws_fanuc/install/trajopt/share/trajopt/test/data/pr2/meshes/head_v0/iv/head_tilt_L.iv
[0.597s] -- Up-to-date: /root/crs_ws_fanuc/install/trajopt/share/trajopt/test/data/pr2/meshes/head_v0/iv/head_pan.iv
[0.598s] -- Up-to-date: /root/crs_ws_fanuc/install/trajopt/share/trajopt/test/data/pr2/meshes/head_v0/iv/head_tilt.iv
[0.598s] -- Up-to-date: /root/crs_ws_fanuc/install/trajopt/share/trajopt/test/data/pr2/meshes/head_v0/head_pan.dae
[0.598s] -- Up-to-date: /root/crs_ws_fanuc/install/trajopt/share/trajopt/test/data/pr2/meshes/head_v0/head_tilt_green.tif
[0.598s] -- Up-to-date: /root/crs_ws_fanuc/install/trajopt/share/trajopt/test/data/pr2/meshes/head_v0/head_pan_color.tif
[0.599s] -- Up-to-date: /root/crs_ws_fanuc/install/trajopt/share/trajopt/test/data/pr2/meshes/head_v0/head_tilt.stl
[0.599s] -- Up-to-date: /root/crs_ws_fanuc/install/trajopt/share/trajopt/test/data/pr2/meshes/head_v0/head_tilt.dae
[0.599s] -- Up-to-date: /root/crs_ws_fanuc/install/trajopt/share/trajopt/test/data/pr2/meshes/head_v0/head_tilt_color.tif
[0.599s] -- Up-to-date: /root/crs_ws_fanuc/install/trajopt/share/trajopt/test/data/pr2/meshes/head_v0/head_pan_normals.tif
[0.600s] -- Up-to-date: /root/crs_ws_fanuc/install/trajopt/share/trajopt/test/data/pr2/meshes/head_v0/convex
[0.600s] -- Up-to-date: /root/crs_ws_fanuc/install/trajopt/share/trajopt/test/data/pr2/meshes/head_v0/convex/head_tilt_L_convex.stlb
[0.600s] -- Up-to-date: /root/crs_ws_fanuc/install/trajopt/share/trajopt/test/data/pr2/meshes/head_v0/convex/head_pan_convex.stla
[0.601s] -- Up-to-date: /root/crs_ws_fanuc/install/trajopt/share/trajopt/test/data/pr2/meshes/head_v0/convex/head_tilt_convex.stla
[0.601s] -- Up-to-date: /root/crs_ws_fanuc/install/trajopt/share/trajopt/test/data/pr2/meshes/head_v0/convex/head_pan_convex.iv
[0.601s] -- Up-to-date: /root/crs_ws_fanuc/install/trajopt/share/trajopt/test/data/pr2/meshes/head_v0/convex/head_pan_L.xml
[0.603s] -- Up-to-date: /root/crs_ws_fanuc/install/trajopt/share/trajopt/test/data/pr2/meshes/head_v0/convex/head_tilt_L.dae
[0.605s] -- Up-to-date: /root/crs_ws_fanuc/install/trajopt/share/trajopt/test/data/pr2/meshes/head_v0/convex/head_pan_L_convex.stlb
[0.605s] -- Up-to-date: /root/crs_ws_fanuc/install/trajopt/share/trajopt/test/data/pr2/meshes/head_v0/convex/head_tilt.obj
[0.605s] -- Up-to-date: /root/crs_ws_fanuc/install/trajopt/share/trajopt/test/data/pr2/meshes/head_v0/convex/head_pan.dae
[0.606s] -- Up-to-date: /root/crs_ws_fanuc/install/trajopt/share/trajopt/test/data/pr2/meshes/head_v0/convex/head_tilt_convex.stlb
[0.606s] -- Up-to-date: /root/crs_ws_fanuc/install/trajopt/share/trajopt/test/data/pr2/meshes/head_v0/convex/head_pan_L.dae
[0.606s] -- Up-to-date: /root/crs_ws_fanuc/install/trajopt/share/trajopt/test/data/pr2/meshes/head_v0/convex/head_pan.obj
[0.606s] -- Up-to-date: /root/crs_ws_fanuc/install/trajopt/share/trajopt/test/data/pr2/meshes/head_v0/convex/head_pan_convex.stlb
[0.606s] -- Up-to-date: /root/crs_ws_fanuc/install/trajopt/share/trajopt/test/data/pr2/meshes/head_v0/convex/head_tilt_convex.obj
[0.606s] -- Up-to-date: /root/crs_ws_fanuc/install/trajopt/share/trajopt/test/data/pr2/meshes/head_v0/convex/head_tilt.dae
[0.607s] -- Up-to-date: /root/crs_ws_fanuc/install/trajopt/share/trajopt/test/data/pr2/meshes/head_v0/convex/head_tilt_convex.iv
[0.607s] -- Up-to-date: /root/crs_ws_fanuc/install/trajopt/share/trajopt/test/data/pr2/meshes/head_v0/convex/head_pan.xml
[0.607s] -- Up-to-date: /root/crs_ws_fanuc/install/trajopt/share/trajopt/test/data/pr2/meshes/head_v0/convex/head_pan_L_convex.obj
[0.607s] -- Up-to-date: /root/crs_ws_fanuc/install/trajopt/share/trajopt/test/data/pr2/meshes/head_v0/convex/head_pan_L_convex.iv
[0.607s] -- Up-to-date: /root/crs_ws_fanuc/install/trajopt/share/trajopt/test/data/pr2/meshes/head_v0/convex/head_pan_L_convex.stla
[0.607s] -- Up-to-date: /root/crs_ws_fanuc/install/trajopt/share/trajopt/test/data/pr2/meshes/head_v0/convex/head_pan_L.obj
[0.608s] -- Up-to-date: /root/crs_ws_fanuc/install/trajopt/share/trajopt/test/data/pr2/meshes/head_v0/convex/head_tilt.xml
[0.608s] -- Up-to-date: /root/crs_ws_fanuc/install/trajopt/share/trajopt/test/data/pr2/meshes/head_v0/convex/head_tilt_L.obj
[0.608s] -- Up-to-date: /root/crs_ws_fanuc/install/trajopt/share/trajopt/test/data/pr2/meshes/head_v0/convex/head_tilt_L.xml
[0.608s] -- Up-to-date: /root/crs_ws_fanuc/install/trajopt/share/trajopt/test/data/pr2/meshes/head_v0/convex/head_tilt_L_convex.obj
[0.608s] -- Up-to-date: /root/crs_ws_fanuc/install/trajopt/share/trajopt/test/data/pr2/meshes/head_v0/convex/head_pan_convex.obj
[0.608s] -- Up-to-date: /root/crs_ws_fanuc/install/trajopt/share/trajopt/test/data/pr2/meshes/head_v0/convex/head_tilt_L_convex.stla
[0.608s] -- Up-to-date: /root/crs_ws_fanuc/install/trajopt/share/trajopt/test/data/pr2/meshes/head_v0/convex/head_tilt_L_convex.iv
[0.609s] -- Up-to-date: /root/crs_ws_fanuc/install/trajopt/share/trajopt/test/data/pr2/meshes/head_v0/head_pan.stl
[0.609s] -- Up-to-date: /root/crs_ws_fanuc/install/trajopt/share/trajopt/test/data/pr2/meshes/head_v0/head_tilt_color_yellow.tif
[0.609s] -- Up-to-date: /root/crs_ws_fanuc/install/trajopt/share/trajopt/test/data/pr2/meshes/base_v0
[0.609s] -- Up-to-date: /root/crs_ws_fanuc/install/trajopt/share/trajopt/test/data/pr2/meshes/base_v0/wheel_color.tif
[0.609s] -- Up-to-date: /root/crs_ws_fanuc/install/trajopt/share/trajopt/test/data/pr2/meshes/base_v0/base.dae
[0.610s] -- Up-to-date: /root/crs_ws_fanuc/install/trajopt/share/trajopt/test/data/pr2/meshes/base_v0/pr2_wheel.stl
[0.610s] -- Up-to-date: /root/crs_ws_fanuc/install/trajopt/share/trajopt/test/data/pr2/meshes/base_v0/base_color.tif
[0.610s] -- Up-to-date: /root/crs_ws_fanuc/install/trajopt/share/trajopt/test/data/pr2/meshes/base_v0/wheel_h_color.tif
[0.610s] -- Up-to-date: /root/crs_ws_fanuc/install/trajopt/share/trajopt/test/data/pr2/meshes/base_v0/iv
[0.610s] -- Up-to-date: /root/crs_ws_fanuc/install/trajopt/share/trajopt/test/data/pr2/meshes/base_v0/iv/base_L.iv
[0.610s] -- Up-to-date: /root/crs_ws_fanuc/install/trajopt/share/trajopt/test/data/pr2/meshes/base_v0/iv/base.iv
[0.611s] -- Up-to-date: /root/crs_ws_fanuc/install/trajopt/share/trajopt/test/data/pr2/meshes/base_v0/iv/pr2_wheel.iv
[0.611s] -- Up-to-date: /root/crs_ws_fanuc/install/trajopt/share/trajopt/test/data/pr2/meshes/base_v0/iv/caster_L.iv
[0.611s] -- Up-to-date: /root/crs_ws_fanuc/install/trajopt/share/trajopt/test/data/pr2/meshes/base_v0/iv/wheel.iv
[0.612s] -- Up-to-date: /root/crs_ws_fanuc/install/trajopt/share/trajopt/test/data/pr2/meshes/base_v0/iv/caster.iv
[0.612s] -- Up-to-date: /root/crs_ws_fanuc/install/trajopt/share/trajopt/test/data/pr2/meshes/base_v0/caster_L.stl
[0.612s] -- Up-to-date: /root/crs_ws_fanuc/install/trajopt/share/trajopt/test/data/pr2/meshes/base_v0/wheel_normals.tif
[0.613s] -- Up-to-date: /root/crs_ws_fanuc/install/trajopt/share/trajopt/test/data/pr2/meshes/base_v0/wheel.dae
[0.613s] -- Up-to-date: /root/crs_ws_fanuc/install/trajopt/share/trajopt/test/data/pr2/meshes/base_v0/wheel_h.dae
[0.613s] -- Up-to-date: /root/crs_ws_fanuc/install/trajopt/share/trajopt/test/data/pr2/meshes/base_v0/base_L.stl
[0.613s] -- Up-to-date: /root/crs_ws_fanuc/install/trajopt/share/trajopt/test/data/pr2/meshes/base_v0/convex
[0.614s] -- Up-to-date: /root/crs_ws_fanuc/install/trajopt/share/trajopt/test/data/pr2/meshes/base_v0/convex/caster_convex.stla
[0.614s] -- Up-to-date: /root/crs_ws_fanuc/install/trajopt/share/trajopt/test/data/pr2/meshes/base_v0/convex/caster.dae
[0.614s] -- Up-to-date: /root/crs_ws_fanuc/install/trajopt/share/trajopt/test/data/pr2/meshes/base_v0/convex/base_L.dae
[0.615s] -- Up-to-date: /root/crs_ws_fanuc/install/trajopt/share/trajopt/test/data/pr2/meshes/base_v0/convex/pr2_wheel_convex.stlb
[0.615s] -- Up-to-date: /root/crs_ws_fanuc/install/trajopt/share/trajopt/test/data/pr2/meshes/base_v0/convex/base_L.obj
[0.616s] -- Up-to-date: /root/crs_ws_fanuc/install/trajopt/share/trajopt/test/data/pr2/meshes/base_v0/convex/base_convex.stla
[0.616s] -- Up-to-date: /root/crs_ws_fanuc/install/trajopt/share/trajopt/test/data/pr2/meshes/base_v0/convex/base_convex.obj
[0.617s] -- Up-to-date: /root/crs_ws_fanuc/install/trajopt/share/trajopt/test/data/pr2/meshes/base_v0/convex/caster_convex.obj
[0.617s] -- Up-to-date: /root/crs_ws_fanuc/install/trajopt/share/trajopt/test/data/pr2/meshes/base_v0/convex/caster_L.dae
[0.617s] -- Up-to-date: /root/crs_ws_fanuc/install/trajopt/share/trajopt/test/data/pr2/meshes/base_v0/convex/caster.xml
[0.617s] -- Up-to-date: /root/crs_ws_fanuc/install/trajopt/share/trajopt/test/data/pr2/meshes/base_v0/convex/base.dae
[0.618s] -- Up-to-date: /root/crs_ws_fanuc/install/trajopt/share/trajopt/test/data/pr2/meshes/base_v0/convex/wheel_convex.iv
[0.618s] -- Up-to-date: /root/crs_ws_fanuc/install/trajopt/share/trajopt/test/data/pr2/meshes/base_v0/convex/pr2_wheel.obj
[0.618s] -- Up-to-date: /root/crs_ws_fanuc/install/trajopt/share/trajopt/test/data/pr2/meshes/base_v0/convex/wheel.xml
[0.619s] -- Up-to-date: /root/crs_ws_fanuc/install/trajopt/share/trajopt/test/data/pr2/meshes/base_v0/convex/pr2_wheel.xml
[0.619s] -- Up-to-date: /root/crs_ws_fanuc/install/trajopt/share/trajopt/test/data/pr2/meshes/base_v0/convex/caster.obj
[0.619s] -- Up-to-date: /root/crs_ws_fanuc/install/trajopt/share/trajopt/test/data/pr2/meshes/base_v0/convex/base_L_convex.iv
[0.620s] -- Up-to-date: /root/crs_ws_fanuc/install/trajopt/share/trajopt/test/data/pr2/meshes/base_v0/convex/caster_L_convex.stlb
[0.620s] -- Up-to-date: /root/crs_ws_fanuc/install/trajopt/share/trajopt/test/data/pr2/meshes/base_v0/convex/caster_L_convex.stla
[0.620s] -- Up-to-date: /root/crs_ws_fanuc/install/trajopt/share/trajopt/test/data/pr2/meshes/base_v0/convex/caster_L.obj
[0.621s] -- Up-to-date: /root/crs_ws_fanuc/install/trajopt/share/trajopt/test/data/pr2/meshes/base_v0/convex/base_L_convex.stla
[0.621s] -- Up-to-date: /root/crs_ws_fanuc/install/trajopt/share/trajopt/test/data/pr2/meshes/base_v0/convex/base_L.xml
[0.621s] -- Up-to-date: /root/crs_ws_fanuc/install/trajopt/share/trajopt/test/data/pr2/meshes/base_v0/convex/base.xml
[0.621s] -- Up-to-date: /root/crs_ws_fanuc/install/trajopt/share/trajopt/test/data/pr2/meshes/base_v0/convex/wheel_convex.stlb
[0.623s] -- Up-to-date: /root/crs_ws_fanuc/install/trajopt/share/trajopt/test/data/pr2/meshes/base_v0/convex/caster_convex.iv
[0.623s] -- Up-to-date: /root/crs_ws_fanuc/install/trajopt/share/trajopt/test/data/pr2/meshes/base_v0/convex/wheel.dae
[0.623s] -- Up-to-date: /root/crs_ws_fanuc/install/trajopt/share/trajopt/test/data/pr2/meshes/base_v0/convex/caster_L.xml
[0.624s] -- Up-to-date: /root/crs_ws_fanuc/install/trajopt/share/trajopt/test/data/pr2/meshes/base_v0/convex/pr2_wheel_convex.stla
[0.624s] -- Up-to-date: /root/crs_ws_fanuc/install/trajopt/share/trajopt/test/data/pr2/meshes/base_v0/convex/caster_L_convex.obj
[0.624s] -- Up-to-date: /root/crs_ws_fanuc/install/trajopt/share/trajopt/test/data/pr2/meshes/base_v0/convex/base_L_convex.stlb
[0.624s] -- Up-to-date: /root/crs_ws_fanuc/install/trajopt/share/trajopt/test/data/pr2/meshes/base_v0/convex/base_convex.stlb
[0.625s] -- Up-to-date: /root/crs_ws_fanuc/install/trajopt/share/trajopt/test/data/pr2/meshes/base_v0/convex/caster_L_convex.iv
[0.626s] -- Up-to-date: /root/crs_ws_fanuc/install/trajopt/share/trajopt/test/data/pr2/meshes/base_v0/convex/wheel_convex.obj
[0.628s] -- Up-to-date: /root/crs_ws_fanuc/install/trajopt/share/trajopt/test/data/pr2/meshes/base_v0/convex/base.obj
[0.628s] -- Up-to-date: /root/crs_ws_fanuc/install/trajopt/share/trajopt/test/data/pr2/meshes/base_v0/convex/base_L_convex.obj
[0.628s] -- Up-to-date: /root/crs_ws_fanuc/install/trajopt/share/trajopt/test/data/pr2/meshes/base_v0/convex/base_convex.iv
[0.628s] -- Up-to-date: /root/crs_ws_fanuc/install/trajopt/share/trajopt/test/data/pr2/meshes/base_v0/convex/wheel_convex.stla
[0.629s] -- Up-to-date: /root/crs_ws_fanuc/install/trajopt/share/trajopt/test/data/pr2/meshes/base_v0/convex/wheel.obj
[0.630s] -- Up-to-date: /root/crs_ws_fanuc/install/trajopt/share/trajopt/test/data/pr2/meshes/base_v0/convex/caster_convex.stlb
[0.632s] -- Up-to-date: /root/crs_ws_fanuc/install/trajopt/share/trajopt/test/data/pr2/meshes/base_v0/convex/pr2_wheel_convex.obj
[0.632s] -- Up-to-date: /root/crs_ws_fanuc/install/trajopt/share/trajopt/test/data/pr2/meshes/base_v0/convex/pr2_wheel_convex.iv
[0.633s] -- Up-to-date: /root/crs_ws_fanuc/install/trajopt/share/trajopt/test/data/pr2/meshes/base_v0/convex/pr2_wheel.dae
[0.633s] -- Up-to-date: /root/crs_ws_fanuc/install/trajopt/share/trajopt/test/data/pr2/meshes/base_v0/base.stl
[0.633s] -- Up-to-date: /root/crs_ws_fanuc/install/trajopt/share/trajopt/test/data/pr2/meshes/base_v0/base_normals.tif
[0.635s] -- Up-to-date: /root/crs_ws_fanuc/install/trajopt/share/trajopt/test/data/pr2/meshes/base_v0/wheel.stl
[0.635s] -- Up-to-date: /root/crs_ws_fanuc/install/trajopt/share/trajopt/test/data/pr2/meshes/base_v0/caster.stl
[0.636s] -- Up-to-date: /root/crs_ws_fanuc/install/trajopt/share/trajopt/test/data/pr2/meshes/upper_arm_v0
[0.636s] -- Up-to-date: /root/crs_ws_fanuc/install/trajopt/share/trajopt/test/data/pr2/meshes/upper_arm_v0/forearm_roll.stl
[0.636s] -- Up-to-date: /root/crs_ws_fanuc/install/trajopt/share/trajopt/test/data/pr2/meshes/upper_arm_v0/elbow_flex_normals.tif
[0.636s] -- Up-to-date: /root/crs_ws_fanuc/install/trajopt/share/trajopt/test/data/pr2/meshes/upper_arm_v0/iv
[0.637s] -- Up-to-date: /root/crs_ws_fanuc/install/trajopt/share/trajopt/test/data/pr2/meshes/upper_arm_v0/iv/forearm_roll_L.iv
[0.638s] -- Up-to-date: /root/crs_ws_fanuc/install/trajopt/share/trajopt/test/data/pr2/meshes/upper_arm_v0/iv/elbow_flex.iv
[0.638s] -- Up-to-date: /root/crs_ws_fanuc/install/trajopt/share/trajopt/test/data/pr2/meshes/upper_arm_v0/iv/forearm_roll.iv
[0.639s] -- Up-to-date: /root/crs_ws_fanuc/install/trajopt/share/trajopt/test/data/pr2/meshes/upper_arm_v0/iv/upper_arm.iv
[0.640s] -- Up-to-date: /root/crs_ws_fanuc/install/trajopt/share/trajopt/test/data/pr2/meshes/upper_arm_v0/upper_arm.jpg
[0.640s] -- Up-to-date: /root/crs_ws_fanuc/install/trajopt/share/trajopt/test/data/pr2/meshes/upper_arm_v0/elbow_flex.stl
[0.641s] -- Up-to-date: /root/crs_ws_fanuc/install/trajopt/share/trajopt/test/data/pr2/meshes/upper_arm_v0/upper_arm.stl
[0.641s] -- Up-to-date: /root/crs_ws_fanuc/install/trajopt/share/trajopt/test/data/pr2/meshes/upper_arm_v0/upper_arm.dae
[0.642s] -- Up-to-date: /root/crs_ws_fanuc/install/trajopt/share/trajopt/test/data/pr2/meshes/upper_arm_v0/upper_arm_color.tif
[0.642s] -- Up-to-date: /root/crs_ws_fanuc/install/trajopt/share/trajopt/test/data/pr2/meshes/upper_arm_v0/elbow_flex_color.tif
[0.642s] -- Up-to-date: /root/crs_ws_fanuc/install/trajopt/share/trajopt/test/data/pr2/meshes/upper_arm_v0/upper_arm_normals.tif
[0.645s] -- Up-to-date: /root/crs_ws_fanuc/install/trajopt/share/trajopt/test/data/pr2/meshes/upper_arm_v0/elbow_flex.dae
[0.645s] -- Up-to-date: /root/crs_ws_fanuc/install/trajopt/share/trajopt/test/data/pr2/meshes/upper_arm_v0/convex
[0.646s] -- Up-to-date: /root/crs_ws_fanuc/install/trajopt/share/trajopt/test/data/pr2/meshes/upper_arm_v0/convex/forearm_roll_L.obj
[0.646s] -- Up-to-date: /root/crs_ws_fanuc/install/trajopt/share/trajopt/test/data/pr2/meshes/upper_arm_v0/convex/upper_arm_convex.stla
[0.646s] -- Up-to-date: /root/crs_ws_fanuc/install/trajopt/share/trajopt/test/data/pr2/meshes/upper_arm_v0/convex/forearm_roll_L.dae
[0.646s] -- Up-to-date: /root/crs_ws_fanuc/install/trajopt/share/trajopt/test/data/pr2/meshes/upper_arm_v0/convex/forearm_roll.dae
[0.647s] -- Up-to-date: /root/crs_ws_fanuc/install/trajopt/share/trajopt/test/data/pr2/meshes/upper_arm_v0/convex/elbow_flex_convex.stlb
[0.648s] -- Up-to-date: /root/crs_ws_fanuc/install/trajopt/share/trajopt/test/data/pr2/meshes/upper_arm_v0/convex/upper_arm_convex.iv
[0.649s] -- Up-to-date: /root/crs_ws_fanuc/install/trajopt/share/trajopt/test/data/pr2/meshes/upper_arm_v0/convex/forearm_roll_L_convex.iv
[0.649s] -- Up-to-date: /root/crs_ws_fanuc/install/trajopt/share/trajopt/test/data/pr2/meshes/upper_arm_v0/convex/elbow_flex.obj
[0.649s] -- Up-to-date: /root/crs_ws_fanuc/install/trajopt/share/trajopt/test/data/pr2/meshes/upper_arm_v0/convex/upper_arm.obj
[0.649s] -- Up-to-date: /root/crs_ws_fanuc/install/trajopt/share/trajopt/test/data/pr2/meshes/upper_arm_v0/convex/upper_arm_convex.obj
[0.651s] -- Up-to-date: /root/crs_ws_fanuc/install/trajopt/share/trajopt/test/data/pr2/meshes/upper_arm_v0/convex/forearm_roll_convex.stlb
[0.651s] -- Up-to-date: /root/crs_ws_fanuc/install/trajopt/share/trajopt/test/data/pr2/meshes/upper_arm_v0/convex/elbow_flex_convex.iv
[0.651s] -- Up-to-date: /root/crs_ws_fanuc/install/trajopt/share/trajopt/test/data/pr2/meshes/upper_arm_v0/convex/forearm_roll_L.xml
[0.652s] -- Up-to-date: /root/crs_ws_fanuc/install/trajopt/share/trajopt/test/data/pr2/meshes/upper_arm_v0/convex/upper_arm_convex.stlb
[0.654s] -- Up-to-date: /root/crs_ws_fanuc/install/trajopt/share/trajopt/test/data/pr2/meshes/upper_arm_v0/convex/forearm_roll.obj
[0.654s] -- Up-to-date: /root/crs_ws_fanuc/install/trajopt/share/trajopt/test/data/pr2/meshes/upper_arm_v0/convex/upper_arm.dae
[0.654s] -- Up-to-date: /root/crs_ws_fanuc/install/trajopt/share/trajopt/test/data/pr2/meshes/upper_arm_v0/convex/upper_arm.xml
[0.654s] -- Up-to-date: /root/crs_ws_fanuc/install/trajopt/share/trajopt/test/data/pr2/meshes/upper_arm_v0/convex/forearm_roll.xml
[0.654s] -- Up-to-date: /root/crs_ws_fanuc/install/trajopt/share/trajopt/test/data/pr2/meshes/upper_arm_v0/convex/elbow_flex.dae
[0.654s] -- Up-to-date: /root/crs_ws_fanuc/install/trajopt/share/trajopt/test/data/pr2/meshes/upper_arm_v0/convex/elbow_flex_convex.obj
[0.654s] -- Up-to-date: /root/crs_ws_fanuc/install/trajopt/share/trajopt/test/data/pr2/meshes/upper_arm_v0/convex/elbow_flex_convex.stla
[0.655s] -- Up-to-date: /root/crs_ws_fanuc/install/trajopt/share/trajopt/test/data/pr2/meshes/upper_arm_v0/convex/forearm_roll_convex.iv
[0.655s] -- Up-to-date: /root/crs_ws_fanuc/install/trajopt/share/trajopt/test/data/pr2/meshes/upper_arm_v0/convex/elbow_flex.xml
[0.655s] -- Up-to-date: /root/crs_ws_fanuc/install/trajopt/share/trajopt/test/data/pr2/meshes/upper_arm_v0/convex/forearm_roll_L_convex.stla
[0.655s] -- Up-to-date: /root/crs_ws_fanuc/install/trajopt/share/trajopt/test/data/pr2/meshes/upper_arm_v0/convex/forearm_roll_convex.stla
[0.655s] -- Up-to-date: /root/crs_ws_fanuc/install/trajopt/share/trajopt/test/data/pr2/meshes/upper_arm_v0/convex/forearm_roll_L_convex.stlb
[0.656s] -- Up-to-date: /root/crs_ws_fanuc/install/trajopt/share/trajopt/test/data/pr2/meshes/upper_arm_v0/convex/forearm_roll_convex.obj
[0.656s] -- Up-to-date: /root/crs_ws_fanuc/install/trajopt/share/trajopt/test/data/pr2/meshes/upper_arm_v0/convex/forearm_roll_L_convex.obj
[0.656s] -- Up-to-date: /root/crs_ws_fanuc/install/trajopt/share/trajopt/test/data/pr2/meshes/upper_arm_v0/forearm_roll_L.stl
[0.656s] -- Up-to-date: /root/crs_ws_fanuc/install/trajopt/share/trajopt/test/data/pr2/meshes/forearm_v0
[0.656s] -- Up-to-date: /root/crs_ws_fanuc/install/trajopt/share/trajopt/test/data/pr2/meshes/forearm_v0/forearm.stl
[0.656s] -- Up-to-date: /root/crs_ws_fanuc/install/trajopt/share/trajopt/test/data/pr2/meshes/forearm_v0/iv
[0.656s] -- Up-to-date: /root/crs_ws_fanuc/install/trajopt/share/trajopt/test/data/pr2/meshes/forearm_v0/iv/wrist_roll.iv
[0.657s] -- Up-to-date: /root/crs_ws_fanuc/install/trajopt/share/trajopt/test/data/pr2/meshes/forearm_v0/iv/wrist_roll_L.iv
[0.658s] -- Up-to-date: /root/crs_ws_fanuc/install/trajopt/share/trajopt/test/data/pr2/meshes/forearm_v0/iv/wrist_flex.iv
[0.658s] -- Up-to-date: /root/crs_ws_fanuc/install/trajopt/share/trajopt/test/data/pr2/meshes/forearm_v0/iv/forearm.iv
[0.658s] -- Up-to-date: /root/crs_ws_fanuc/install/trajopt/share/trajopt/test/data/pr2/meshes/forearm_v0/forearm.dae
[0.659s] -- Up-to-date: /root/crs_ws_fanuc/install/trajopt/share/trajopt/test/data/pr2/meshes/forearm_v0/wrist_flex.stl
[0.659s] -- Up-to-date: /root/crs_ws_fanuc/install/trajopt/share/trajopt/test/data/pr2/meshes/forearm_v0/forearm.jpg
[0.659s] -- Up-to-date: /root/crs_ws_fanuc/install/trajopt/share/trajopt/test/data/pr2/meshes/forearm_v0/wrist_roll.stl
[0.659s] -- Up-to-date: /root/crs_ws_fanuc/install/trajopt/share/trajopt/test/data/pr2/meshes/forearm_v0/wrist_normals.tif
[0.660s] -- Up-to-date: /root/crs_ws_fanuc/install/trajopt/share/trajopt/test/data/pr2/meshes/forearm_v0/wrist_color.tif
[0.660s] -- Up-to-date: /root/crs_ws_fanuc/install/trajopt/share/trajopt/test/data/pr2/meshes/forearm_v0/forearm_normals.tif
[0.660s] -- Up-to-date: /root/crs_ws_fanuc/install/trajopt/share/trajopt/test/data/pr2/meshes/forearm_v0/wrist_roll_L.stl
[0.661s] -- Up-to-date: /root/crs_ws_fanuc/install/trajopt/share/trajopt/test/data/pr2/meshes/forearm_v0/convex
[0.661s] -- Up-to-date: /root/crs_ws_fanuc/install/trajopt/share/trajopt/test/data/pr2/meshes/forearm_v0/convex/wrist_flex_convex.iv
[0.661s] -- Up-to-date: /root/crs_ws_fanuc/install/trajopt/share/trajopt/test/data/pr2/meshes/forearm_v0/convex/forearm_convex.stla
[0.662s] -- Up-to-date: /root/crs_ws_fanuc/install/trajopt/share/trajopt/test/data/pr2/meshes/forearm_v0/convex/wrist_roll_L_convex.obj
[0.662s] -- Up-to-date: /root/crs_ws_fanuc/install/trajopt/share/trajopt/test/data/pr2/meshes/forearm_v0/convex/wrist_roll_L.obj
[0.662s] -- Up-to-date: /root/crs_ws_fanuc/install/trajopt/share/trajopt/test/data/pr2/meshes/forearm_v0/convex/wrist_roll.xml
[0.663s] -- Up-to-date: /root/crs_ws_fanuc/install/trajopt/share/trajopt/test/data/pr2/meshes/forearm_v0/convex/wrist_flex.xml
[0.663s] -- Up-to-date: /root/crs_ws_fanuc/install/trajopt/share/trajopt/test/data/pr2/meshes/forearm_v0/convex/wrist_roll_L_convex.stlb
[0.663s] -- Up-to-date: /root/crs_ws_fanuc/install/trajopt/share/trajopt/test/data/pr2/meshes/forearm_v0/convex/forearm_convex.iv
[0.663s] -- Up-to-date: /root/crs_ws_fanuc/install/trajopt/share/trajopt/test/data/pr2/meshes/forearm_v0/convex/wrist_roll.obj
[0.663s] -- Up-to-date: /root/crs_ws_fanuc/install/trajopt/share/trajopt/test/data/pr2/meshes/forearm_v0/convex/forearm.obj
[0.664s] -- Up-to-date: /root/crs_ws_fanuc/install/trajopt/share/trajopt/test/data/pr2/meshes/forearm_v0/convex/wrist_roll_L.dae
[0.664s] -- Up-to-date: /root/crs_ws_fanuc/install/trajopt/share/trajopt/test/data/pr2/meshes/forearm_v0/convex/forearm.dae
[0.664s] -- Up-to-date: /root/crs_ws_fanuc/install/trajopt/share/trajopt/test/data/pr2/meshes/forearm_v0/convex/wrist_roll_L_convex.iv
[0.666s] -- Up-to-date: /root/crs_ws_fanuc/install/trajopt/share/trajopt/test/data/pr2/meshes/forearm_v0/convex/wrist_roll_L_convex.stla
[0.666s] -- Up-to-date: /root/crs_ws_fanuc/install/trajopt/share/trajopt/test/data/pr2/meshes/forearm_v0/convex/forearm_convex.obj
[0.666s] -- Up-to-date: /root/crs_ws_fanuc/install/trajopt/share/trajopt/test/data/pr2/meshes/forearm_v0/convex/wrist_roll_L.xml
[0.666s] -- Up-to-date: /root/crs_ws_fanuc/install/trajopt/share/trajopt/test/data/pr2/meshes/forearm_v0/convex/forearm.xml
[0.667s] -- Up-to-date: /root/crs_ws_fanuc/install/trajopt/share/trajopt/test/data/pr2/meshes/forearm_v0/convex/wrist_roll.dae
[0.667s] -- Up-to-date: /root/crs_ws_fanuc/install/trajopt/share/trajopt/test/data/pr2/meshes/forearm_v0/convex/forearm_convex.stlb
[0.667s] -- Up-to-date: /root/crs_ws_fanuc/install/trajopt/share/trajopt/test/data/pr2/meshes/forearm_v0/convex/wrist_roll_convex.stla
[0.667s] -- Up-to-date: /root/crs_ws_fanuc/install/trajopt/share/trajopt/test/data/pr2/meshes/forearm_v0/convex/wrist_roll_convex.stlb
[0.668s] -- Up-to-date: /root/crs_ws_fanuc/install/trajopt/share/trajopt/test/data/pr2/meshes/forearm_v0/convex/wrist_flex.dae
[0.668s] -- Up-to-date: /root/crs_ws_fanuc/install/trajopt/share/trajopt/test/data/pr2/meshes/forearm_v0/convex/wrist_flex.obj
[0.668s] -- Up-to-date: /root/crs_ws_fanuc/install/trajopt/share/trajopt/test/data/pr2/meshes/forearm_v0/convex/wrist_flex_convex.obj
[0.668s] -- Up-to-date: /root/crs_ws_fanuc/install/trajopt/share/trajopt/test/data/pr2/meshes/forearm_v0/convex/wrist_flex_convex.stlb
[0.669s] -- Up-to-date: /root/crs_ws_fanuc/install/trajopt/share/trajopt/test/data/pr2/meshes/forearm_v0/convex/wrist_flex_convex.stla
[0.669s] -- Up-to-date: /root/crs_ws_fanuc/install/trajopt/share/trajopt/test/data/pr2/meshes/forearm_v0/convex/wrist_roll_convex.iv
[0.669s] -- Up-to-date: /root/crs_ws_fanuc/install/trajopt/share/trajopt/test/data/pr2/meshes/forearm_v0/convex/wrist_roll_convex.obj
[0.670s] -- Up-to-date: /root/crs_ws_fanuc/install/trajopt/share/trajopt/test/data/pr2/meshes/forearm_v0/wrist_flex.dae
[0.670s] -- Up-to-date: /root/crs_ws_fanuc/install/trajopt/share/trajopt/test/data/pr2/meshes/forearm_v0/forearm_color.tif
[0.670s] -- Up-to-date: /root/crs_ws_fanuc/install/trajopt/share/trajopt/test/data/pr2/meshes/shoulder_v0
[0.670s] -- Up-to-date: /root/crs_ws_fanuc/install/trajopt/share/trajopt/test/data/pr2/meshes/shoulder_v0/iv
[0.670s] -- Up-to-date: /root/crs_ws_fanuc/install/trajopt/share/trajopt/test/data/pr2/meshes/shoulder_v0/iv/shoulder_pan.iv
[0.672s] -- Up-to-date: /root/crs_ws_fanuc/install/trajopt/share/trajopt/test/data/pr2/meshes/shoulder_v0/iv/upper_arm_roll.iv
[0.673s] -- Up-to-date: /root/crs_ws_fanuc/install/trajopt/share/trajopt/test/data/pr2/meshes/shoulder_v0/iv/shoulder_lift.iv
[0.673s] -- Up-to-date: /root/crs_ws_fanuc/install/trajopt/share/trajopt/test/data/pr2/meshes/shoulder_v0/iv/upper_arm_roll_L.iv
[0.673s] -- Up-to-date: /root/crs_ws_fanuc/install/trajopt/share/trajopt/test/data/pr2/meshes/shoulder_v0/iv/shoulder_yaw.iv
[0.673s] -- Up-to-date: /root/crs_ws_fanuc/install/trajopt/share/trajopt/test/data/pr2/meshes/shoulder_v0/upper_arm_roll_normals.tif
[0.673s] -- Up-to-date: /root/crs_ws_fanuc/install/trajopt/share/trajopt/test/data/pr2/meshes/shoulder_v0/upper_arm_roll.stl
[0.673s] -- Up-to-date: /root/crs_ws_fanuc/install/trajopt/share/trajopt/test/data/pr2/meshes/shoulder_v0/shoulder_lift_color.tif
[0.673s] -- Up-to-date: /root/crs_ws_fanuc/install/trajopt/share/trajopt/test/data/pr2/meshes/shoulder_v0/shoulder_lift_normals.tif
[0.674s] -- Up-to-date: /root/crs_ws_fanuc/install/trajopt/share/trajopt/test/data/pr2/meshes/shoulder_v0/shoulder_pan.stl
[0.674s] -- Up-to-date: /root/crs_ws_fanuc/install/trajopt/share/trajopt/test/data/pr2/meshes/shoulder_v0/upper_arm_roll_color.tif
[0.676s] -- Up-to-date: /root/crs_ws_fanuc/install/trajopt/share/trajopt/test/data/pr2/meshes/shoulder_v0/shoulder_pan_normals.tif
[0.677s] -- Up-to-date: /root/crs_ws_fanuc/install/trajopt/share/trajopt/test/data/pr2/meshes/shoulder_v0/shoulder_lift.stl
[0.677s] -- Up-to-date: /root/crs_ws_fanuc/install/trajopt/share/trajopt/test/data/pr2/meshes/shoulder_v0/shoulder_pan.dae
[0.677s] -- Up-to-date: /root/crs_ws_fanuc/install/trajopt/share/trajopt/test/data/pr2/meshes/shoulder_v0/upper_arm_roll_L.stl
[0.678s] -- Up-to-date: /root/crs_ws_fanuc/install/trajopt/share/trajopt/test/data/pr2/meshes/shoulder_v0/shoulder_yaw.stl
[0.680s] -- Up-to-date: /root/crs_ws_fanuc/install/trajopt/share/trajopt/test/data/pr2/meshes/shoulder_v0/convex
[0.680s] -- Up-to-date: /root/crs_ws_fanuc/install/trajopt/share/trajopt/test/data/pr2/meshes/shoulder_v0/convex/upper_arm_roll_L_convex.obj
[0.680s] -- Up-to-date: /root/crs_ws_fanuc/install/trajopt/share/trajopt/test/data/pr2/meshes/shoulder_v0/convex/upper_arm_roll_L.dae
[0.680s] -- Up-to-date: /root/crs_ws_fanuc/install/trajopt/share/trajopt/test/data/pr2/meshes/shoulder_v0/convex/shoulder_pan_convex.iv
[0.681s] -- Up-to-date: /root/crs_ws_fanuc/install/trajopt/share/trajopt/test/data/pr2/meshes/shoulder_v0/convex/shoulder_pan.obj
[0.681s] -- Up-to-date: /root/crs_ws_fanuc/install/trajopt/share/trajopt/test/data/pr2/meshes/shoulder_v0/convex/shoulder_pan_convex.stla
[0.681s] -- Up-to-date: /root/crs_ws_fanuc/install/trajopt/share/trajopt/test/data/pr2/meshes/shoulder_v0/convex/upper_arm_roll_L_convex.stla
[0.681s] -- Up-to-date: /root/crs_ws_fanuc/install/trajopt/share/trajopt/test/data/pr2/meshes/shoulder_v0/convex/shoulder_lift_convex.stlb
[0.682s] -- Up-to-date: /root/crs_ws_fanuc/install/trajopt/share/trajopt/test/data/pr2/meshes/shoulder_v0/convex/upper_arm_roll_convex.obj
[0.682s] -- Up-to-date: /root/crs_ws_fanuc/install/trajopt/share/trajopt/test/data/pr2/meshes/shoulder_v0/convex/shoulder_lift.obj
[0.682s] -- Up-to-date: /root/crs_ws_fanuc/install/trajopt/share/trajopt/test/data/pr2/meshes/shoulder_v0/convex/upper_arm_roll_convex.iv
[0.682s] -- Up-to-date: /root/crs_ws_fanuc/install/trajopt/share/trajopt/test/data/pr2/meshes/shoulder_v0/convex/shoulder_yaw.xml
[0.683s] -- Up-to-date: /root/crs_ws_fanuc/install/trajopt/share/trajopt/test/data/pr2/meshes/shoulder_v0/convex/shoulder_pan_convex.stlb
[0.683s] -- Up-to-date: /root/crs_ws_fanuc/install/trajopt/share/trajopt/test/data/pr2/meshes/shoulder_v0/convex/shoulder_yaw_convex.obj
[0.683s] -- Up-to-date: /root/crs_ws_fanuc/install/trajopt/share/trajopt/test/data/pr2/meshes/shoulder_v0/convex/shoulder_lift.xml
[0.683s] -- Up-to-date: /root/crs_ws_fanuc/install/trajopt/share/trajopt/test/data/pr2/meshes/shoulder_v0/convex/upper_arm_roll.obj
[0.683s] -- Up-to-date: /root/crs_ws_fanuc/install/trajopt/share/trajopt/test/data/pr2/meshes/shoulder_v0/convex/shoulder_yaw.obj
[0.684s] -- Up-to-date: /root/crs_ws_fanuc/install/trajopt/share/trajopt/test/data/pr2/meshes/shoulder_v0/convex/upper_arm_roll_L.obj
[0.684s] -- Up-to-date: /root/crs_ws_fanuc/install/trajopt/share/trajopt/test/data/pr2/meshes/shoulder_v0/convex/shoulder_lift_convex.stla
[0.684s] -- Up-to-date: /root/crs_ws_fanuc/install/trajopt/share/trajopt/test/data/pr2/meshes/shoulder_v0/convex/upper_arm_roll_convex.stlb
[0.684s] -- Up-to-date: /root/crs_ws_fanuc/install/trajopt/share/trajopt/test/data/pr2/meshes/shoulder_v0/convex/upper_arm_roll_L.xml
[0.685s] -- Up-to-date: /root/crs_ws_fanuc/install/trajopt/share/trajopt/test/data/pr2/meshes/shoulder_v0/convex/shoulder_lift_convex.iv
[0.686s] -- Up-to-date: /root/crs_ws_fanuc/install/trajopt/share/trajopt/test/data/pr2/meshes/shoulder_v0/convex/upper_arm_roll_L_convex.stlb
[0.686s] -- Up-to-date: /root/crs_ws_fanuc/install/trajopt/share/trajopt/test/data/pr2/meshes/shoulder_v0/convex/shoulder_yaw_convex.stla
[0.687s] -- Up-to-date: /root/crs_ws_fanuc/install/trajopt/share/trajopt/test/data/pr2/meshes/shoulder_v0/convex/shoulder_pan.dae
[0.687s] -- Up-to-date: /root/crs_ws_fanuc/install/trajopt/share/trajopt/test/data/pr2/meshes/shoulder_v0/convex/shoulder_yaw_convex.stlb
[0.687s] -- Up-to-date: /root/crs_ws_fanuc/install/trajopt/share/trajopt/test/data/pr2/meshes/shoulder_v0/convex/shoulder_pan_convex.obj
[0.687s] -- Up-to-date: /root/crs_ws_fanuc/install/trajopt/share/trajopt/test/data/pr2/meshes/shoulder_v0/convex/shoulder_yaw.dae
[0.688s] -- Up-to-date: /root/crs_ws_fanuc/install/trajopt/share/trajopt/test/data/pr2/meshes/shoulder_v0/convex/shoulder_pan.xml
[0.688s] -- Up-to-date: /root/crs_ws_fanuc/install/trajopt/share/trajopt/test/data/pr2/meshes/shoulder_v0/convex/shoulder_lift_convex.obj
[0.688s] -- Up-to-date: /root/crs_ws_fanuc/install/trajopt/share/trajopt/test/data/pr2/meshes/shoulder_v0/convex/upper_arm_roll.xml
[0.689s] -- Up-to-date: /root/crs_ws_fanuc/install/trajopt/share/trajopt/test/data/pr2/meshes/shoulder_v0/convex/upper_arm_roll.dae
[0.689s] -- Up-to-date: /root/crs_ws_fanuc/install/trajopt/share/trajopt/test/data/pr2/meshes/shoulder_v0/convex/upper_arm_roll_convex.stla
[0.689s] -- Up-to-date: /root/crs_ws_fanuc/install/trajopt/share/trajopt/test/data/pr2/meshes/shoulder_v0/convex/shoulder_yaw_convex.iv
[0.690s] -- Up-to-date: /root/crs_ws_fanuc/install/trajopt/share/trajopt/test/data/pr2/meshes/shoulder_v0/convex/shoulder_lift.dae
[0.690s] -- Up-to-date: /root/crs_ws_fanuc/install/trajopt/share/trajopt/test/data/pr2/meshes/shoulder_v0/convex/upper_arm_roll_L_convex.iv
[0.691s] -- Up-to-date: /root/crs_ws_fanuc/install/trajopt/share/trajopt/test/data/pr2/meshes/shoulder_v0/upper_arm_roll.dae
[0.691s] -- Up-to-date: /root/crs_ws_fanuc/install/trajopt/share/trajopt/test/data/pr2/meshes/shoulder_v0/shoulder_pan_color.tif
[0.691s] -- Up-to-date: /root/crs_ws_fanuc/install/trajopt/share/trajopt/test/data/pr2/meshes/shoulder_v0/shoulder_lift.dae
[0.692s] -- Up-to-date: /root/crs_ws_fanuc/install/trajopt/share/trajopt/test/data/pr2/meshes/sensors
[0.692s] -- Up-to-date: /root/crs_ws_fanuc/install/trajopt/share/trajopt/test/data/pr2/meshes/sensors/kinect2_v0
[0.692s] -- Up-to-date: /root/crs_ws_fanuc/install/trajopt/share/trajopt/test/data/pr2/meshes/sensors/kinect2_v0/kinect2_assembly.STL
[0.692s] -- Up-to-date: /root/crs_ws_fanuc/install/trajopt/share/trajopt/test/data/pr2/meshes/sensors/kinect_prosilica_v0
[0.693s] -- Up-to-date: /root/crs_ws_fanuc/install/trajopt/share/trajopt/test/data/pr2/meshes/sensors/kinect_prosilica_v0/115x100_swept_back_no_sensors--coarse.STL
[0.693s] -- Up-to-date: /root/crs_ws_fanuc/install/trajopt/share/trajopt/test/data/pr2/meshes/sensors/kinect_prosilica_v0/68-04546_Kinect_Sensor--coarse.STL
[0.693s] -- Up-to-date: /root/crs_ws_fanuc/install/trajopt/share/trajopt/test/data/pr2/meshes/sensors/kinect_prosilica_v0/115x100_swept_fwd--coarse.STL
[0.694s] -- Up-to-date: /root/crs_ws_fanuc/install/trajopt/share/trajopt/test/data/pr2/meshes/sensors/kinect_prosilica_v0/115x100_swept_back--coarse.STL
[0.694s] -- Up-to-date: /root/crs_ws_fanuc/install/trajopt/share/trajopt/test/data/pr2/meshes/sensors/kinect_prosilica_v0/Prosilica_w_Lens--coarse.STL
[0.695s] -- Up-to-date: /root/crs_ws_fanuc/install/trajopt/share/trajopt/test/data/pr2/meshes/sensors/kinect_prosilica_v0/115x100_swept_fwd_no_sensors--coarse.STL
[0.696s] -- Up-to-date: /root/crs_ws_fanuc/install/trajopt/share/trajopt/test/data/pr2/meshes/sensors/kinect_v0
[0.696s] -- Up-to-date: /root/crs_ws_fanuc/install/trajopt/share/trajopt/test/data/pr2/meshes/sensors/kinect_v0/kinect.dae
[0.696s] -- Up-to-date: /root/crs_ws_fanuc/install/trajopt/share/trajopt/test/data/pr2/meshes/sensors/kinect_v0/kinect.tga
[0.696s] -- Up-to-date: /root/crs_ws_fanuc/install/trajopt/share/trajopt/test/data/pr2/meshes/sensors/kinect_v0/kinect_color.tga
[0.697s] -- Up-to-date: /root/crs_ws_fanuc/install/trajopt/share/trajopt/test/data/pr2/meshes/sensors/kinect_v0/kinect_mount.stl
[0.697s] -- Up-to-date: /root/crs_ws_fanuc/install/trajopt/share/trajopt/test/data/pr2/materials
[0.697s] -- Up-to-date: /root/crs_ws_fanuc/install/trajopt/share/trajopt/test/data/pr2/materials/textures
[0.697s] -- Up-to-date: /root/crs_ws_fanuc/install/trajopt/share/trajopt/test/data/pr2/materials/textures/pr2_wheel_right.png
[0.698s] -- Up-to-date: /root/crs_ws_fanuc/install/trajopt/share/trajopt/test/data/pr2/materials/textures/pr2_wheel_left.png
[0.698s] -- Up-to-date: /root/crs_ws_fanuc/install/trajopt/share/trajopt/test/data/pr2/materials/textures/pr2_caster_texture.png
[0.698s] -- Up-to-date: /root/crs_ws_fanuc/install/trajopt/share/trajopt/test/data/boxbot.srdf
[0.698s] -- Up-to-date: /root/crs_ws_fanuc/install/trajopt/share/trajopt/test/data/boxbot_macro.xacro
[0.700s] -- Up-to-date: /root/crs_ws_fanuc/install/trajopt/share/trajopt/test/data/box_1m_macro.xacro
[0.700s] -- Up-to-date: /root/crs_ws_fanuc/install/trajopt/share/trajopt/test/data/pr2.srdf
[0.700s] -- Up-to-date: /root/crs_ws_fanuc/install/trajopt/share/trajopt/test/data/arm_around_table.urdf
[0.701s] -- Up-to-date: /root/crs_ws_fanuc/install/trajopt/share/trajopt/test/data/boxbot.xacro
[0.701s] -- Up-to-date: /root/crs_ws_fanuc/install/trajopt/share/trajopt/test/data/config
[0.702s] -- Up-to-date: /root/crs_ws_fanuc/install/trajopt/share/trajopt/test/data/config/numerical_ik1.json
[0.702s] -- Up-to-date: /root/crs_ws_fanuc/install/trajopt/share/trajopt/test/data/config/arm_around_table_continuous.json
[0.702s] -- Up-to-date: /root/crs_ws_fanuc/install/trajopt/share/trajopt/test/data/config/arm_around_table_time.json
[0.703s] -- Up-to-date: /root/crs_ws_fanuc/install/trajopt/share/trajopt/test/data/config/box_cast_test.json
[0.703s] -- Up-to-date: /root/crs_ws_fanuc/install/trajopt/share/trajopt/test/data/config/arm_around_table.json
[0.703s] -- Up-to-date: /root/crs_ws_fanuc/install/trajopt/share/trajopt/test/data/config/boxbot_kinematics.yaml
[0.704s] -- Up-to-date: /root/crs_ws_fanuc/install/trajopt/share/trajopt/test/data/config/boxbot_joint_limits.yaml
[0.704s] -- Up-to-date: /root/crs_ws_fanuc/install/trajopt/share/trajopt/test/data/config/pr2_kinematics.yaml
[0.704s] -- Up-to-date: /root/crs_ws_fanuc/install/trajopt/share/trajopt/test/data/config/pr2_joint_limits.yaml
[0.705s] -- Up-to-date: /root/crs_ws_fanuc/install/trajopt/share/trajopt/test/data/boxbot_world.xacro
[0.705s] -- Up-to-date: /root/crs_ws_fanuc/install/trajopt/include/trajopt
[0.706s] -- Up-to-date: /root/crs_ws_fanuc/install/trajopt/include/trajopt/kinematic_terms.hpp
[0.706s] -- Up-to-date: /root/crs_ws_fanuc/install/trajopt/include/trajopt/json_marshal.hpp
[0.706s] -- Up-to-date: /root/crs_ws_fanuc/install/trajopt/include/trajopt/common.hpp
[0.706s] -- Up-to-date: /root/crs_ws_fanuc/install/trajopt/include/trajopt/plot_callback.hpp
[0.707s] -- Up-to-date: /root/crs_ws_fanuc/install/trajopt/include/trajopt/collision_terms.hpp
[0.709s] -- Up-to-date: /root/crs_ws_fanuc/install/trajopt/include/trajopt/utils.hpp
[0.710s] -- Up-to-date: /root/crs_ws_fanuc/install/trajopt/include/trajopt/problem_description.hpp
[0.710s] -- Up-to-date: /root/crs_ws_fanuc/install/trajopt/include/trajopt/cache.hxx
[0.710s] -- Up-to-date: /root/crs_ws_fanuc/install/trajopt/include/trajopt/typedefs.hpp
[0.710s] -- Up-to-date: /root/crs_ws_fanuc/install/trajopt/include/trajopt/file_write_callback.hpp
[0.711s] -- Up-to-date: /root/crs_ws_fanuc/install/trajopt/include/trajopt/trajectory_costs.hpp
[0.735s] Invoked command in '/root/crs_ws_fanuc/build/trajopt' returned '0': CMAKE_PREFIX_PATH=/root/crs_ws_fanuc/install/trajopt_sco:/root/crs_ws_fanuc/install/trajopt_utils:/root/crs_ws_fanuc/install/osqp:/opt/qt513/lib/cmake:/opt/ros/eloquent LD_LIBRARY_PATH=/root/crs_ws_fanuc/install/trajopt_sco/lib:/root/crs_ws_fanuc/install/trajopt_utils/lib:/root/crs_ws_fanuc/install/osqp/lib:${LD_LIBRARY_PATH} PATH=/root/crs_ws_fanuc/install/trajopt_sco/bin:${PATH} PKG_CONFIG_PATH=/root/crs_ws_fanuc/install/trajopt_sco/lib/x86_64-linux-gnu/pkgconfig:/root/crs_ws_fanuc/install/trajopt_sco/lib/pkgconfig:/root/crs_ws_fanuc/install/trajopt_utils/lib/x86_64-linux-gnu/pkgconfig:/root/crs_ws_fanuc/install/trajopt_utils/lib/pkgconfig:/root/crs_ws_fanuc/install/osqp/lib/x86_64-linux-gnu/pkgconfig:/root/crs_ws_fanuc/install/osqp/lib/pkgconfig /usr/bin/cmake --build /root/crs_ws_fanuc/build/trajopt --target install -- -j8 -l8
