[0.016s] Invoking command in '/root/crs_ws_fanuc/build/crs_area_selection': AMENT_PREFIX_PATH=/root/crs_ws_fanuc/install/crs_msgs:/root/crs_ws_fanuc/install/cartesian_trajectory_msgs:${AMENT_PREFIX_PATH} CMAKE_PREFIX_PATH=/root/crs_ws_fanuc/install/crs_msgs:/root/crs_ws_fanuc/install/cartesian_trajectory_msgs:/opt/qt513/lib/cmake:/opt/ros/eloquent LD_LIBRARY_PATH=/root/crs_ws_fanuc/install/crs_msgs/lib:/root/crs_ws_fanuc/install/cartesian_trajectory_msgs/lib:${LD_LIBRARY_PATH} PYTHONPATH=/root/crs_ws_fanuc/install/crs_msgs/lib/python3.6/site-packages:/root/crs_ws_fanuc/install/cartesian_trajectory_msgs/lib/python3.6/site-packages:${PYTHONPATH} /usr/bin/cmake --build /root/crs_ws_fanuc/build/crs_area_selection -- -j8 -l8
[0.113s] [ 60%] Built target crs_area_selection_area_selection
[0.159s] [100%] Built target crs_area_selection_area_selection_node
[0.171s] Invoked command in '/root/crs_ws_fanuc/build/crs_area_selection' returned '0': AMENT_PREFIX_PATH=/root/crs_ws_fanuc/install/crs_msgs:/root/crs_ws_fanuc/install/cartesian_trajectory_msgs:${AMENT_PREFIX_PATH} CMAKE_PREFIX_PATH=/root/crs_ws_fanuc/install/crs_msgs:/root/crs_ws_fanuc/install/cartesian_trajectory_msgs:/opt/qt513/lib/cmake:/opt/ros/eloquent LD_LIBRARY_PATH=/root/crs_ws_fanuc/install/crs_msgs/lib:/root/crs_ws_fanuc/install/cartesian_trajectory_msgs/lib:${LD_LIBRARY_PATH} PYTHONPATH=/root/crs_ws_fanuc/install/crs_msgs/lib/python3.6/site-packages:/root/crs_ws_fanuc/install/cartesian_trajectory_msgs/lib/python3.6/site-packages:${PYTHONPATH} /usr/bin/cmake --build /root/crs_ws_fanuc/build/crs_area_selection -- -j8 -l8
[0.204s] Invoking command in '/root/crs_ws_fanuc/build/crs_area_selection': AMENT_PREFIX_PATH=/root/crs_ws_fanuc/install/crs_msgs:/root/crs_ws_fanuc/install/cartesian_trajectory_msgs:${AMENT_PREFIX_PATH} CMAKE_PREFIX_PATH=/root/crs_ws_fanuc/install/crs_msgs:/root/crs_ws_fanuc/install/cartesian_trajectory_msgs:/opt/qt513/lib/cmake:/opt/ros/eloquent LD_LIBRARY_PATH=/root/crs_ws_fanuc/install/crs_msgs/lib:/root/crs_ws_fanuc/install/cartesian_trajectory_msgs/lib:${LD_LIBRARY_PATH} PYTHONPATH=/root/crs_ws_fanuc/install/crs_msgs/lib/python3.6/site-packages:/root/crs_ws_fanuc/install/cartesian_trajectory_msgs/lib/python3.6/site-packages:${PYTHONPATH} /usr/bin/cmake --build /root/crs_ws_fanuc/build/crs_area_selection --target install -- -j8 -l8
[0.301s] [ 60%] Built target crs_area_selection_area_selection
[0.355s] [100%] Built target crs_area_selection_area_selection_node
[0.374s] [36mInstall the project...[0m
[0.383s] -- Install configuration: "Debug"
[0.554s] -- Execute custom install script
[0.554s] -- Up-to-date symlink: /root/crs_ws_fanuc/install/crs_area_selection/share/ament_index/resource_index/package_run_dependencies/crs_area_selection
[0.554s] -- Up-to-date symlink: /root/crs_ws_fanuc/install/crs_area_selection/share/ament_index/resource_index/parent_prefix_path/crs_area_selection
[0.554s] -- Up-to-date symlink: /root/crs_ws_fanuc/install/crs_area_selection/share/crs_area_selection/environment/ament_prefix_path.sh
[0.555s] -- Up-to-date symlink: /root/crs_ws_fanuc/install/crs_area_selection/share/crs_area_selection/environment/ament_prefix_path.dsv
[0.555s] -- Up-to-date symlink: /root/crs_ws_fanuc/install/crs_area_selection/share/crs_area_selection/environment/path.sh
[0.555s] -- Up-to-date symlink: /root/crs_ws_fanuc/install/crs_area_selection/share/crs_area_selection/environment/path.dsv
[0.556s] -- Up-to-date symlink: /root/crs_ws_fanuc/install/crs_area_selection/share/crs_area_selection/local_setup.bash
[0.556s] -- Up-to-date symlink: /root/crs_ws_fanuc/install/crs_area_selection/share/crs_area_selection/local_setup.sh
[0.556s] -- Up-to-date symlink: /root/crs_ws_fanuc/install/crs_area_selection/share/crs_area_selection/local_setup.zsh
[0.557s] -- Up-to-date symlink: /root/crs_ws_fanuc/install/crs_area_selection/share/crs_area_selection/local_setup.dsv
[0.557s] -- Symlinking: /root/crs_ws_fanuc/install/crs_area_selection/share/crs_area_selection/package.dsv
[0.566s] -- Up-to-date symlink: /root/crs_ws_fanuc/install/crs_area_selection/share/ament_index/resource_index/packages/crs_area_selection
[0.567s] -- Up-to-date symlink: /root/crs_ws_fanuc/install/crs_area_selection/share/crs_area_selection/cmake/ament_cmake_export_interfaces-extras.cmake
[0.567s] -- Up-to-date symlink: /root/crs_ws_fanuc/install/crs_area_selection/share/crs_area_selection/cmake/ament_cmake_export_dependencies-extras.cmake
[0.567s] -- Up-to-date symlink: /root/crs_ws_fanuc/install/crs_area_selection/share/crs_area_selection/cmake/crs_area_selectionConfig.cmake
[0.567s] -- Up-to-date symlink: /root/crs_ws_fanuc/install/crs_area_selection/share/crs_area_selection/cmake/crs_area_selectionConfig-version.cmake
[0.568s] -- Up-to-date symlink: /root/crs_ws_fanuc/install/crs_area_selection/share/crs_area_selection/package.xml
[0.568s] -- Up-to-date: /root/crs_ws_fanuc/install/crs_area_selection/lib/libcrs_area_selection_area_selection.so
[1.069s] -- Up-to-date: /root/crs_ws_fanuc/install/crs_area_selection/lib/crs_area_selection/crs_area_selection_area_selection_node
[1.331s] -- Up-to-date: /root/crs_ws_fanuc/install/crs_area_selection/include
[1.331s] -- Up-to-date: /root/crs_ws_fanuc/install/crs_area_selection/include/crs_area_selection
[1.331s] -- Up-to-date: /root/crs_ws_fanuc/install/crs_area_selection/include/crs_area_selection/area_selector_parameters.h
[1.565s] -- Up-to-date: /root/crs_ws_fanuc/install/crs_area_selection/include/crs_area_selection/area_selector.h
[1.831s] -- Up-to-date: /root/crs_ws_fanuc/install/crs_area_selection/include/crs_area_selection/selection_artist.h
[2.073s] -- Up-to-date: /root/crs_ws_fanuc/install/crs_area_selection/include/crs_area_selection/filter_impl.h
[2.306s] -- Up-to-date: /root/crs_ws_fanuc/install/crs_area_selection/include/crs_area_selection/filter.h
[2.605s] -- Up-to-date: /root/crs_ws_fanuc/install/crs_area_selection/share/crs_area_selection/cmake/-targetsExport.cmake
[2.899s] -- Up-to-date: /root/crs_ws_fanuc/install/crs_area_selection/share/crs_area_selection/cmake/-targetsExport-debug.cmake
[3.633s] Invoked command in '/root/crs_ws_fanuc/build/crs_area_selection' returned '0': AMENT_PREFIX_PATH=/root/crs_ws_fanuc/install/crs_msgs:/root/crs_ws_fanuc/install/cartesian_trajectory_msgs:${AMENT_PREFIX_PATH} CMAKE_PREFIX_PATH=/root/crs_ws_fanuc/install/crs_msgs:/root/crs_ws_fanuc/install/cartesian_trajectory_msgs:/opt/qt513/lib/cmake:/opt/ros/eloquent LD_LIBRARY_PATH=/root/crs_ws_fanuc/install/crs_msgs/lib:/root/crs_ws_fanuc/install/cartesian_trajectory_msgs/lib:${LD_LIBRARY_PATH} PYTHONPATH=/root/crs_ws_fanuc/install/crs_msgs/lib/python3.6/site-packages:/root/crs_ws_fanuc/install/cartesian_trajectory_msgs/lib/python3.6/site-packages:${PYTHONPATH} /usr/bin/cmake --build /root/crs_ws_fanuc/build/crs_area_selection --target install -- -j8 -l8
