[ 33%] Built target ifopt_core
[ 58%] Built target ifopt_ipopt
[ 83%] Built target ifopt_core-test
[100%] Built target ifopt_ipopt-example
[ 33%] Built target ifopt_core
[ 58%] Built target ifopt_ipopt
[ 83%] Built target ifopt_core-test
[100%] Built target ifopt_ipopt-example
[36mInstall the project...[0m
-- Install configuration: ""
-- Up-to-date: /root/crs_ws_fanuc/install/ifopt/share/ifopt/cmake/ifopt-config.cmake
-- Installing: /root/crs_ws_fanuc/install/ifopt/share/ifopt/cmake/ifopt-config-version.cmake
-- Up-to-date: /root/crs_ws_fanuc/install/ifopt/share/ifopt/package.xml
-- Installing: /root/crs_ws_fanuc/install/ifopt/lib/libifopt_core.so
-- Set runtime path of "/root/crs_ws_fanuc/install/ifopt/lib/libifopt_core.so" to "/root/crs_ws_fanuc/install/ifopt/lib"
-- Up-to-date: /root/crs_ws_fanuc/install/ifopt/include/ifopt
-- Up-to-date: /root/crs_ws_fanuc/install/ifopt/include/ifopt/bounds.h
-- Up-to-date: /root/crs_ws_fanuc/install/ifopt/include/ifopt/variable_set.h
-- Up-to-date: /root/crs_ws_fanuc/install/ifopt/include/ifopt/constraint_set.h
-- Up-to-date: /root/crs_ws_fanuc/install/ifopt/include/ifopt/cost_term.h
-- Up-to-date: /root/crs_ws_fanuc/install/ifopt/include/ifopt/problem.h
-- Up-to-date: /root/crs_ws_fanuc/install/ifopt/include/ifopt/solver.h
-- Up-to-date: /root/crs_ws_fanuc/install/ifopt/include/ifopt/composite.h
-- Up-to-date: /root/crs_ws_fanuc/install/ifopt/include/ifopt/test_vars_constr_cost.h
-- Installing: /root/crs_ws_fanuc/install/ifopt/share/ifopt/cmake/ifopt_core-targets.cmake
-- Installing: /root/crs_ws_fanuc/install/ifopt/share/ifopt/cmake/ifopt_core-targets-noconfig.cmake
-- Installing: /root/crs_ws_fanuc/install/ifopt/lib/ifopt/ifopt_core-test
-- Set runtime path of "/root/crs_ws_fanuc/install/ifopt/lib/ifopt/ifopt_core-test" to "/root/crs_ws_fanuc/install/ifopt/lib:/root/crs_ws_fanuc/install/gtest/lib"
-- Installing: /root/crs_ws_fanuc/install/ifopt/lib/libifopt_ipopt.so
-- Set runtime path of "/root/crs_ws_fanuc/install/ifopt/lib/libifopt_ipopt.so" to "/root/crs_ws_fanuc/install/ifopt/lib"
-- Installing: /root/crs_ws_fanuc/install/ifopt/lib/ifopt/ifopt_ipopt-example
-- Set runtime path of "/root/crs_ws_fanuc/install/ifopt/lib/ifopt/ifopt_ipopt-example" to "/root/crs_ws_fanuc/install/ifopt/lib"
-- Up-to-date: /root/crs_ws_fanuc/install/ifopt/include/ifopt
-- Up-to-date: /root/crs_ws_fanuc/install/ifopt/include/ifopt/ipopt_adapter.h
-- Up-to-date: /root/crs_ws_fanuc/install/ifopt/include/ifopt/ipopt_solver.h
-- Installing: /root/crs_ws_fanuc/install/ifopt/share/ifopt/cmake/ifopt_ipopt-targets.cmake
-- Installing: /root/crs_ws_fanuc/install/ifopt/share/ifopt/cmake/ifopt_ipopt-targets-noconfig.cmake
