[0.035s] Invoking command in '/root/crs_ws_fanuc/build/crs_robot_comms': AMENT_PREFIX_PATH=/root/crs_ws_fanuc/install/crs_msgs:/root/crs_ws_fanuc/install/ur_dashboard_msgs:/root/crs_ws_fanuc/install/cartesian_trajectory_msgs:${AMENT_PREFIX_PATH} CMAKE_PREFIX_PATH=/root/crs_ws_fanuc/install/crs_msgs:/root/crs_ws_fanuc/install/ur_dashboard_msgs:/root/crs_ws_fanuc/install/cartesian_trajectory_msgs:/opt/qt513/lib/cmake:/opt/ros/eloquent LD_LIBRARY_PATH=/root/crs_ws_fanuc/install/crs_msgs/lib:/root/crs_ws_fanuc/install/ur_dashboard_msgs/lib:/root/crs_ws_fanuc/install/cartesian_trajectory_msgs/lib:${LD_LIBRARY_PATH} PYTHONPATH=/root/crs_ws_fanuc/install/crs_msgs/lib/python3.6/site-packages:/root/crs_ws_fanuc/install/ur_dashboard_msgs/lib/python3.6/site-packages:/root/crs_ws_fanuc/install/cartesian_trajectory_msgs/lib/python3.6/site-packages:${PYTHONPATH} /usr/bin/cmake --build /root/crs_ws_fanuc/build/crs_robot_comms -- -j8 -l8
[0.118s] [100%] Built target crs_robot_comms_ur_comms_sim
[0.118s] [100%] Built target crs_robot_comms_ur_comms
[0.133s] Invoked command in '/root/crs_ws_fanuc/build/crs_robot_comms' returned '0': AMENT_PREFIX_PATH=/root/crs_ws_fanuc/install/crs_msgs:/root/crs_ws_fanuc/install/ur_dashboard_msgs:/root/crs_ws_fanuc/install/cartesian_trajectory_msgs:${AMENT_PREFIX_PATH} CMAKE_PREFIX_PATH=/root/crs_ws_fanuc/install/crs_msgs:/root/crs_ws_fanuc/install/ur_dashboard_msgs:/root/crs_ws_fanuc/install/cartesian_trajectory_msgs:/opt/qt513/lib/cmake:/opt/ros/eloquent LD_LIBRARY_PATH=/root/crs_ws_fanuc/install/crs_msgs/lib:/root/crs_ws_fanuc/install/ur_dashboard_msgs/lib:/root/crs_ws_fanuc/install/cartesian_trajectory_msgs/lib:${LD_LIBRARY_PATH} PYTHONPATH=/root/crs_ws_fanuc/install/crs_msgs/lib/python3.6/site-packages:/root/crs_ws_fanuc/install/ur_dashboard_msgs/lib/python3.6/site-packages:/root/crs_ws_fanuc/install/cartesian_trajectory_msgs/lib/python3.6/site-packages:${PYTHONPATH} /usr/bin/cmake --build /root/crs_ws_fanuc/build/crs_robot_comms -- -j8 -l8
[0.177s] Invoking command in '/root/crs_ws_fanuc/build/crs_robot_comms': AMENT_PREFIX_PATH=/root/crs_ws_fanuc/install/crs_msgs:/root/crs_ws_fanuc/install/ur_dashboard_msgs:/root/crs_ws_fanuc/install/cartesian_trajectory_msgs:${AMENT_PREFIX_PATH} CMAKE_PREFIX_PATH=/root/crs_ws_fanuc/install/crs_msgs:/root/crs_ws_fanuc/install/ur_dashboard_msgs:/root/crs_ws_fanuc/install/cartesian_trajectory_msgs:/opt/qt513/lib/cmake:/opt/ros/eloquent LD_LIBRARY_PATH=/root/crs_ws_fanuc/install/crs_msgs/lib:/root/crs_ws_fanuc/install/ur_dashboard_msgs/lib:/root/crs_ws_fanuc/install/cartesian_trajectory_msgs/lib:${LD_LIBRARY_PATH} PYTHONPATH=/root/crs_ws_fanuc/install/crs_msgs/lib/python3.6/site-packages:/root/crs_ws_fanuc/install/ur_dashboard_msgs/lib/python3.6/site-packages:/root/crs_ws_fanuc/install/cartesian_trajectory_msgs/lib/python3.6/site-packages:${PYTHONPATH} /usr/bin/cmake --build /root/crs_ws_fanuc/build/crs_robot_comms --target install -- -j8 -l8
[0.246s] [ 50%] Built target crs_robot_comms_ur_comms_sim
[0.247s] [100%] Built target crs_robot_comms_ur_comms
[0.270s] [36mInstall the project...[0m
[0.283s] -- Install configuration: "Debug"
[0.284s] -- Execute custom install script
[0.284s] -- Up-to-date symlink: /root/crs_ws_fanuc/install/crs_robot_comms/share/ament_index/resource_index/package_run_dependencies/crs_robot_comms
[0.285s] -- Up-to-date symlink: /root/crs_ws_fanuc/install/crs_robot_comms/share/ament_index/resource_index/parent_prefix_path/crs_robot_comms
[0.285s] -- Up-to-date symlink: /root/crs_ws_fanuc/install/crs_robot_comms/share/crs_robot_comms/environment/ament_prefix_path.sh
[0.285s] -- Up-to-date symlink: /root/crs_ws_fanuc/install/crs_robot_comms/share/crs_robot_comms/environment/ament_prefix_path.dsv
[0.286s] -- Up-to-date symlink: /root/crs_ws_fanuc/install/crs_robot_comms/share/crs_robot_comms/environment/path.sh
[0.286s] -- Up-to-date symlink: /root/crs_ws_fanuc/install/crs_robot_comms/share/crs_robot_comms/environment/path.dsv
[0.286s] -- Up-to-date symlink: /root/crs_ws_fanuc/install/crs_robot_comms/share/crs_robot_comms/local_setup.bash
[0.287s] -- Up-to-date symlink: /root/crs_ws_fanuc/install/crs_robot_comms/share/crs_robot_comms/local_setup.sh
[0.287s] -- Up-to-date symlink: /root/crs_ws_fanuc/install/crs_robot_comms/share/crs_robot_comms/local_setup.zsh
[0.288s] -- Up-to-date symlink: /root/crs_ws_fanuc/install/crs_robot_comms/share/crs_robot_comms/local_setup.dsv
[0.288s] -- Symlinking: /root/crs_ws_fanuc/install/crs_robot_comms/share/crs_robot_comms/package.dsv
[0.301s] -- Up-to-date symlink: /root/crs_ws_fanuc/install/crs_robot_comms/share/ament_index/resource_index/packages/crs_robot_comms
[0.302s] -- Up-to-date symlink: /root/crs_ws_fanuc/install/crs_robot_comms/share/crs_robot_comms/cmake/ament_cmake_export_interfaces-extras.cmake
[0.302s] -- Up-to-date symlink: /root/crs_ws_fanuc/install/crs_robot_comms/share/crs_robot_comms/cmake/ament_cmake_export_dependencies-extras.cmake
[0.302s] -- Up-to-date symlink: /root/crs_ws_fanuc/install/crs_robot_comms/share/crs_robot_comms/cmake/crs_robot_commsConfig.cmake
[0.303s] -- Up-to-date symlink: /root/crs_ws_fanuc/install/crs_robot_comms/share/crs_robot_comms/cmake/crs_robot_commsConfig-version.cmake
[0.303s] -- Up-to-date symlink: /root/crs_ws_fanuc/install/crs_robot_comms/share/crs_robot_comms/package.xml
[0.303s] -- Up-to-date: /root/crs_ws_fanuc/install/crs_robot_comms/lib/crs_robot_comms/crs_robot_comms_ur_comms
[0.304s] -- Up-to-date: /root/crs_ws_fanuc/install/crs_robot_comms/lib/crs_robot_comms/crs_robot_comms_ur_comms_sim
[0.304s] -- Up-to-date: /root/crs_ws_fanuc/install/crs_robot_comms/share/crs_robot_comms/cmake/-targetsExport.cmake
[0.304s] -- Up-to-date: /root/crs_ws_fanuc/install/crs_robot_comms/share/crs_robot_comms/cmake/-targetsExport-debug.cmake
[0.310s] Invoked command in '/root/crs_ws_fanuc/build/crs_robot_comms' returned '0': AMENT_PREFIX_PATH=/root/crs_ws_fanuc/install/crs_msgs:/root/crs_ws_fanuc/install/ur_dashboard_msgs:/root/crs_ws_fanuc/install/cartesian_trajectory_msgs:${AMENT_PREFIX_PATH} CMAKE_PREFIX_PATH=/root/crs_ws_fanuc/install/crs_msgs:/root/crs_ws_fanuc/install/ur_dashboard_msgs:/root/crs_ws_fanuc/install/cartesian_trajectory_msgs:/opt/qt513/lib/cmake:/opt/ros/eloquent LD_LIBRARY_PATH=/root/crs_ws_fanuc/install/crs_msgs/lib:/root/crs_ws_fanuc/install/ur_dashboard_msgs/lib:/root/crs_ws_fanuc/install/cartesian_trajectory_msgs/lib:${LD_LIBRARY_PATH} PYTHONPATH=/root/crs_ws_fanuc/install/crs_msgs/lib/python3.6/site-packages:/root/crs_ws_fanuc/install/ur_dashboard_msgs/lib/python3.6/site-packages:/root/crs_ws_fanuc/install/cartesian_trajectory_msgs/lib/python3.6/site-packages:${PYTHONPATH} /usr/bin/cmake --build /root/crs_ws_fanuc/build/crs_robot_comms --target install -- -j8 -l8
