[0.041s] Invoking command in '/root/crs_ws_fanuc/build/rclcpp_scxml_demos': CMAKE_PREFIX_PATH=/root/crs_ws_fanuc/install/scxml_core:/root/urdf_tutorial/install/urdf_tutorial:/opt/qt513/lib/cmake:/root/ros2-urdf-tutorial/install/urdf_tutorial:/opt/ros/eloquent LD_LIBRARY_PATH=/root/crs_ws_fanuc/install/scxml_core/lib:${LD_LIBRARY_PATH} PKG_CONFIG_PATH=/root/crs_ws_fanuc/install/scxml_core/lib/x86_64-linux-gnu/pkgconfig:/root/crs_ws_fanuc/install/scxml_core/lib/pkgconfig /usr/bin/cmake --build /root/crs_ws_fanuc/build/rclcpp_scxml_demos -- -j8 -l8
[0.168s] [100%] Built target demo_scxml_state_machine
[0.188s] Invoked command in '/root/crs_ws_fanuc/build/rclcpp_scxml_demos' returned '0': CMAKE_PREFIX_PATH=/root/crs_ws_fanuc/install/scxml_core:/root/urdf_tutorial/install/urdf_tutorial:/opt/qt513/lib/cmake:/root/ros2-urdf-tutorial/install/urdf_tutorial:/opt/ros/eloquent LD_LIBRARY_PATH=/root/crs_ws_fanuc/install/scxml_core/lib:${LD_LIBRARY_PATH} PKG_CONFIG_PATH=/root/crs_ws_fanuc/install/scxml_core/lib/x86_64-linux-gnu/pkgconfig:/root/crs_ws_fanuc/install/scxml_core/lib/pkgconfig /usr/bin/cmake --build /root/crs_ws_fanuc/build/rclcpp_scxml_demos -- -j8 -l8
[0.250s] Invoking command in '/root/crs_ws_fanuc/build/rclcpp_scxml_demos': CMAKE_PREFIX_PATH=/root/crs_ws_fanuc/install/scxml_core:/root/urdf_tutorial/install/urdf_tutorial:/opt/qt513/lib/cmake:/root/ros2-urdf-tutorial/install/urdf_tutorial:/opt/ros/eloquent LD_LIBRARY_PATH=/root/crs_ws_fanuc/install/scxml_core/lib:${LD_LIBRARY_PATH} PKG_CONFIG_PATH=/root/crs_ws_fanuc/install/scxml_core/lib/x86_64-linux-gnu/pkgconfig:/root/crs_ws_fanuc/install/scxml_core/lib/pkgconfig /usr/bin/cmake --build /root/crs_ws_fanuc/build/rclcpp_scxml_demos --target install -- -j8 -l8
[0.366s] [100%] Built target demo_scxml_state_machine
[0.410s] [36mInstall the project...[0m
[0.424s] -- Install configuration: "Debug"
[0.424s] -- Execute custom install script
[0.424s] -- Up-to-date symlink: /root/crs_ws_fanuc/install/rclcpp_scxml_demos/lib/rclcpp_scxml_demos/demo_scxml_state_machine
[0.425s] -- Up-to-date symlink: /root/crs_ws_fanuc/install/rclcpp_scxml_demos/share/rclcpp_scxml_demos//resource/demo_sm.scxml
[0.425s] -- Up-to-date symlink: /root/crs_ws_fanuc/install/rclcpp_scxml_demos/share/rclcpp_scxml_demos//resource/params.yaml
[0.426s] -- Up-to-date symlink: /root/crs_ws_fanuc/install/rclcpp_scxml_demos/share/ament_index/resource_index/package_run_dependencies/rclcpp_scxml_demos
[0.428s] -- Up-to-date symlink: /root/crs_ws_fanuc/install/rclcpp_scxml_demos/share/ament_index/resource_index/parent_prefix_path/rclcpp_scxml_demos
[0.429s] -- Up-to-date symlink: /root/crs_ws_fanuc/install/rclcpp_scxml_demos/share/rclcpp_scxml_demos/environment/ament_prefix_path.sh
[0.429s] -- Up-to-date symlink: /root/crs_ws_fanuc/install/rclcpp_scxml_demos/share/rclcpp_scxml_demos/environment/ament_prefix_path.dsv
[0.429s] -- Up-to-date symlink: /root/crs_ws_fanuc/install/rclcpp_scxml_demos/share/rclcpp_scxml_demos/environment/path.sh
[0.429s] -- Up-to-date symlink: /root/crs_ws_fanuc/install/rclcpp_scxml_demos/share/rclcpp_scxml_demos/environment/path.dsv
[0.430s] -- Up-to-date symlink: /root/crs_ws_fanuc/install/rclcpp_scxml_demos/share/rclcpp_scxml_demos/local_setup.bash
[0.431s] -- Up-to-date symlink: /root/crs_ws_fanuc/install/rclcpp_scxml_demos/share/rclcpp_scxml_demos/local_setup.sh
[0.431s] -- Up-to-date symlink: /root/crs_ws_fanuc/install/rclcpp_scxml_demos/share/rclcpp_scxml_demos/local_setup.zsh
[0.431s] -- Up-to-date symlink: /root/crs_ws_fanuc/install/rclcpp_scxml_demos/share/rclcpp_scxml_demos/local_setup.dsv
[0.431s] -- Symlinking: /root/crs_ws_fanuc/install/rclcpp_scxml_demos/share/rclcpp_scxml_demos/package.dsv
[0.455s] -- Up-to-date symlink: /root/crs_ws_fanuc/install/rclcpp_scxml_demos/share/ament_index/resource_index/packages/rclcpp_scxml_demos
[0.455s] -- Up-to-date symlink: /root/crs_ws_fanuc/install/rclcpp_scxml_demos/share/rclcpp_scxml_demos/cmake/ament_cmake_export_dependencies-extras.cmake
[0.455s] -- Up-to-date symlink: /root/crs_ws_fanuc/install/rclcpp_scxml_demos/share/rclcpp_scxml_demos/cmake/rclcpp_scxml_demosConfig.cmake
[0.456s] -- Up-to-date symlink: /root/crs_ws_fanuc/install/rclcpp_scxml_demos/share/rclcpp_scxml_demos/cmake/rclcpp_scxml_demosConfig-version.cmake
[0.456s] -- Up-to-date symlink: /root/crs_ws_fanuc/install/rclcpp_scxml_demos/share/rclcpp_scxml_demos/package.xml
[0.462s] Invoked command in '/root/crs_ws_fanuc/build/rclcpp_scxml_demos' returned '0': CMAKE_PREFIX_PATH=/root/crs_ws_fanuc/install/scxml_core:/root/urdf_tutorial/install/urdf_tutorial:/opt/qt513/lib/cmake:/root/ros2-urdf-tutorial/install/urdf_tutorial:/opt/ros/eloquent LD_LIBRARY_PATH=/root/crs_ws_fanuc/install/scxml_core/lib:${LD_LIBRARY_PATH} PKG_CONFIG_PATH=/root/crs_ws_fanuc/install/scxml_core/lib/x86_64-linux-gnu/pkgconfig:/root/crs_ws_fanuc/install/scxml_core/lib/pkgconfig /usr/bin/cmake --build /root/crs_ws_fanuc/build/rclcpp_scxml_demos --target install -- -j8 -l8
