Determining if the pthread_create exist failed with the following output:
Change Dir: /root/crs_ws_fanuc/build/trajopt/CMakeFiles/CMakeTmp

Run Build Command:"/usr/bin/make" "cmTC_32304/fast"
/usr/bin/make -f CMakeFiles/cmTC_32304.dir/build.make CMakeFiles/cmTC_32304.dir/build
make[1]: Entering directory '/root/crs_ws_fanuc/build/trajopt/CMakeFiles/CMakeTmp'
Building CXX object CMakeFiles/cmTC_32304.dir/CheckSymbolExists.cxx.o
/usr/bin/c++     -o CMakeFiles/cmTC_32304.dir/CheckSymbolExists.cxx.o -c /root/crs_ws_fanuc/build/trajopt/CMakeFiles/CMakeTmp/CheckSymbolExists.cxx
Linking CXX executable cmTC_32304
/usr/bin/cmake -E cmake_link_script CMakeFiles/cmTC_32304.dir/link.txt --verbose=1
/usr/bin/c++       CMakeFiles/cmTC_32304.dir/CheckSymbolExists.cxx.o  -o cmTC_32304 
CMakeFiles/cmTC_32304.dir/CheckSymbolExists.cxx.o: In function `main':
CheckSymbolExists.cxx:(.text+0x1b): undefined reference to `pthread_create'
collect2: error: ld returned 1 exit status
CMakeFiles/cmTC_32304.dir/build.make:97: recipe for target 'cmTC_32304' failed
make[1]: *** [cmTC_32304] Error 1
make[1]: Leaving directory '/root/crs_ws_fanuc/build/trajopt/CMakeFiles/CMakeTmp'
Makefile:126: recipe for target 'cmTC_32304/fast' failed
make: *** [cmTC_32304/fast] Error 2

File /root/crs_ws_fanuc/build/trajopt/CMakeFiles/CMakeTmp/CheckSymbolExists.cxx:
/* */
#include <pthread.h>

int main(int argc, char** argv)
{
  (void)argv;
#ifndef pthread_create
  return ((int*)(&pthread_create))[argc];
#else
  (void)argc;
  return 0;
#endif
}

Determining if the function pthread_create exists in the pthreads failed with the following output:
Change Dir: /root/crs_ws_fanuc/build/trajopt/CMakeFiles/CMakeTmp

Run Build Command:"/usr/bin/make" "cmTC_42e0a/fast"
/usr/bin/make -f CMakeFiles/cmTC_42e0a.dir/build.make CMakeFiles/cmTC_42e0a.dir/build
make[1]: Entering directory '/root/crs_ws_fanuc/build/trajopt/CMakeFiles/CMakeTmp'
Building CXX object CMakeFiles/cmTC_42e0a.dir/CheckFunctionExists.cxx.o
/usr/bin/c++    -DCHECK_FUNCTION_EXISTS=pthread_create   -o CMakeFiles/cmTC_42e0a.dir/CheckFunctionExists.cxx.o -c /root/crs_ws_fanuc/build/trajopt/CMakeFiles/CheckLibraryExists/CheckFunctionExists.cxx
Linking CXX executable cmTC_42e0a
/usr/bin/cmake -E cmake_link_script CMakeFiles/cmTC_42e0a.dir/link.txt --verbose=1
/usr/bin/c++   -DCHECK_FUNCTION_EXISTS=pthread_create    CMakeFiles/cmTC_42e0a.dir/CheckFunctionExists.cxx.o  -o cmTC_42e0a -lpthreads 
/usr/bin/ld: cannot find -lpthreads
collect2: error: ld returned 1 exit status
CMakeFiles/cmTC_42e0a.dir/build.make:97: recipe for target 'cmTC_42e0a' failed
make[1]: *** [cmTC_42e0a] Error 1
make[1]: Leaving directory '/root/crs_ws_fanuc/build/trajopt/CMakeFiles/CMakeTmp'
Makefile:126: recipe for target 'cmTC_42e0a/fast' failed
make: *** [cmTC_42e0a/fast] Error 2


