[ 25%] Built target crs_motion_planning_path_processing_utils
[ 50%] Built target crs_motion_planning_path_planning_utils
[ 75%] Built target crs_motion_planning_motion_planning_server
[100%] Built target crs_motion_planning_process_planner_test
[ 25%] Built target crs_motion_planning_path_processing_utils
[ 50%] Built target crs_motion_planning_path_planning_utils
[ 75%] Built target crs_motion_planning_motion_planning_server
[100%] Built target crs_motion_planning_process_planner_test
[36mInstall the project...[0m
-- Install configuration: ""
-- Execute custom install script
-- Up-to-date symlink: /root/crs_ws_fanuc/install/crs_motion_planning/share/ament_index/resource_index/package_run_dependencies/crs_motion_planning
-- Up-to-date symlink: /root/crs_ws_fanuc/install/crs_motion_planning/share/ament_index/resource_index/parent_prefix_path/crs_motion_planning
-- Up-to-date symlink: /root/crs_ws_fanuc/install/crs_motion_planning/share/crs_motion_planning/environment/ament_prefix_path.sh
-- Up-to-date symlink: /root/crs_ws_fanuc/install/crs_motion_planning/share/crs_motion_planning/environment/ament_prefix_path.dsv
-- Up-to-date symlink: /root/crs_ws_fanuc/install/crs_motion_planning/share/crs_motion_planning/environment/path.sh
-- Up-to-date symlink: /root/crs_ws_fanuc/install/crs_motion_planning/share/crs_motion_planning/environment/path.dsv
-- Up-to-date symlink: /root/crs_ws_fanuc/install/crs_motion_planning/share/crs_motion_planning/local_setup.bash
-- Up-to-date symlink: /root/crs_ws_fanuc/install/crs_motion_planning/share/crs_motion_planning/local_setup.sh
-- Up-to-date symlink: /root/crs_ws_fanuc/install/crs_motion_planning/share/crs_motion_planning/local_setup.zsh
-- Up-to-date symlink: /root/crs_ws_fanuc/install/crs_motion_planning/share/crs_motion_planning/local_setup.dsv
-- Symlinking: /root/crs_ws_fanuc/install/crs_motion_planning/share/crs_motion_planning/package.dsv
-- Up-to-date symlink: /root/crs_ws_fanuc/install/crs_motion_planning/share/ament_index/resource_index/packages/crs_motion_planning
-- Up-to-date symlink: /root/crs_ws_fanuc/install/crs_motion_planning/share/crs_motion_planning/cmake/ament_cmake_export_include_directories-extras.cmake
-- Up-to-date symlink: /root/crs_ws_fanuc/install/crs_motion_planning/share/crs_motion_planning/cmake/ament_cmake_export_interfaces-extras.cmake
-- Up-to-date symlink: /root/crs_ws_fanuc/install/crs_motion_planning/share/crs_motion_planning/cmake/ament_cmake_export_dependencies-extras.cmake
-- Up-to-date symlink: /root/crs_ws_fanuc/install/crs_motion_planning/share/crs_motion_planning/cmake/crs_motion_planningConfig.cmake
-- Up-to-date symlink: /root/crs_ws_fanuc/install/crs_motion_planning/share/crs_motion_planning/cmake/crs_motion_planningConfig-version.cmake
-- Up-to-date symlink: /root/crs_ws_fanuc/install/crs_motion_planning/share/crs_motion_planning/package.xml
-- Up-to-date: /root/crs_ws_fanuc/install/crs_motion_planning/include/crs_motion_planning/
-- Up-to-date: /root/crs_ws_fanuc/install/crs_motion_planning/include/crs_motion_planning//path_processing_utils.h
-- Up-to-date: /root/crs_ws_fanuc/install/crs_motion_planning/include/crs_motion_planning//path_planning_utils.h
-- Up-to-date: /root/crs_ws_fanuc/install/crs_motion_planning/lib/libcrs_motion_planning_path_processing_utils.so
-- Up-to-date: /root/crs_ws_fanuc/install/crs_motion_planning/lib/libcrs_motion_planning_path_planning_utils.so
-- Up-to-date: /root/crs_ws_fanuc/install/crs_motion_planning/lib/crs_motion_planning/crs_motion_planning_motion_planning_server
-- Up-to-date: /root/crs_ws_fanuc/install/crs_motion_planning/lib/crs_motion_planning/crs_motion_planning_process_planner_test
-- Up-to-date: /root/crs_ws_fanuc/install/crs_motion_planning/share/crs_motion_planning/cmake/-targetsExport.cmake
-- Up-to-date: /root/crs_ws_fanuc/install/crs_motion_planning/share/crs_motion_planning/cmake/-targetsExport-noconfig.cmake
