[0.012s] Invoking command in '/root/crs_ws_fanuc/build/trajopt': CMAKE_PREFIX_PATH=/root/crs_ws_fanuc/install/trajopt_sco:/root/crs_ws_fanuc/install/trajopt_utils:/root/crs_ws_fanuc/install/osqp:/opt/qt513/lib/cmake:/opt/ros/eloquent LD_LIBRARY_PATH=/root/crs_ws_fanuc/install/trajopt_sco/lib:/root/crs_ws_fanuc/install/trajopt_utils/lib:/root/crs_ws_fanuc/install/osqp/lib:${LD_LIBRARY_PATH} PATH=/root/crs_ws_fanuc/install/trajopt_sco/bin:${PATH} PKG_CONFIG_PATH=/root/crs_ws_fanuc/install/trajopt_sco/lib/x86_64-linux-gnu/pkgconfig:/root/crs_ws_fanuc/install/trajopt_sco/lib/pkgconfig:/root/crs_ws_fanuc/install/trajopt_utils/lib/x86_64-linux-gnu/pkgconfig:/root/crs_ws_fanuc/install/trajopt_utils/lib/pkgconfig:/root/crs_ws_fanuc/install/osqp/lib/x86_64-linux-gnu/pkgconfig:/root/crs_ws_fanuc/install/osqp/lib/pkgconfig /usr/bin/cmake --build /root/crs_ws_fanuc/build/trajopt -- -j8 -l8
[0.103s] [100%] Built target trajopt
[0.117s] Invoked command in '/root/crs_ws_fanuc/build/trajopt' returned '0': CMAKE_PREFIX_PATH=/root/crs_ws_fanuc/install/trajopt_sco:/root/crs_ws_fanuc/install/trajopt_utils:/root/crs_ws_fanuc/install/osqp:/opt/qt513/lib/cmake:/opt/ros/eloquent LD_LIBRARY_PATH=/root/crs_ws_fanuc/install/trajopt_sco/lib:/root/crs_ws_fanuc/install/trajopt_utils/lib:/root/crs_ws_fanuc/install/osqp/lib:${LD_LIBRARY_PATH} PATH=/root/crs_ws_fanuc/install/trajopt_sco/bin:${PATH} PKG_CONFIG_PATH=/root/crs_ws_fanuc/install/trajopt_sco/lib/x86_64-linux-gnu/pkgconfig:/root/crs_ws_fanuc/install/trajopt_sco/lib/pkgconfig:/root/crs_ws_fanuc/install/trajopt_utils/lib/x86_64-linux-gnu/pkgconfig:/root/crs_ws_fanuc/install/trajopt_utils/lib/pkgconfig:/root/crs_ws_fanuc/install/osqp/lib/x86_64-linux-gnu/pkgconfig:/root/crs_ws_fanuc/install/osqp/lib/pkgconfig /usr/bin/cmake --build /root/crs_ws_fanuc/build/trajopt -- -j8 -l8
[0.154s] Invoking command in '/root/crs_ws_fanuc/build/trajopt': CMAKE_PREFIX_PATH=/root/crs_ws_fanuc/install/trajopt_sco:/root/crs_ws_fanuc/install/trajopt_utils:/root/crs_ws_fanuc/install/osqp:/opt/qt513/lib/cmake:/opt/ros/eloquent LD_LIBRARY_PATH=/root/crs_ws_fanuc/install/trajopt_sco/lib:/root/crs_ws_fanuc/install/trajopt_utils/lib:/root/crs_ws_fanuc/install/osqp/lib:${LD_LIBRARY_PATH} PATH=/root/crs_ws_fanuc/install/trajopt_sco/bin:${PATH} PKG_CONFIG_PATH=/root/crs_ws_fanuc/install/trajopt_sco/lib/x86_64-linux-gnu/pkgconfig:/root/crs_ws_fanuc/install/trajopt_sco/lib/pkgconfig:/root/crs_ws_fanuc/install/trajopt_utils/lib/x86_64-linux-gnu/pkgconfig:/root/crs_ws_fanuc/install/trajopt_utils/lib/pkgconfig:/root/crs_ws_fanuc/install/osqp/lib/x86_64-linux-gnu/pkgconfig:/root/crs_ws_fanuc/install/osqp/lib/pkgconfig /usr/bin/cmake --build /root/crs_ws_fanuc/build/trajopt --target install -- -j8 -l8
[0.245s] [100%] Built target trajopt
[0.264s] [36mInstall the project...[0m
[0.273s] -- Install configuration: "Debug"
[0.273s] -- Up-to-date: /root/crs_ws_fanuc/install/trajopt/lib/libtrajopt.so
[1.158s] -- Up-to-date: /root/crs_ws_fanuc/install/trajopt/lib/cmake/trajopt/trajopt-targets.cmake
[1.245s] -- Up-to-date: /root/crs_ws_fanuc/install/trajopt/lib/cmake/trajopt/trajopt-targets-debug.cmake
[1.340s] -- Up-to-date: /root/crs_ws_fanuc/install/trajopt/share/trajopt/package.xml
[1.429s] -- Up-to-date: /root/crs_ws_fanuc/install/trajopt/lib/cmake/trajopt/trajopt-config.cmake
[1.516s] -- Up-to-date: /root/crs_ws_fanuc/install/trajopt/lib/cmake/trajopt/trajopt-config-version.cmake
[1.603s] -- Up-to-date: /root/crs_ws_fanuc/install/trajopt/lib/cmake/trajopt/trajopt-targets.cmake
[1.604s] -- Up-to-date: /root/crs_ws_fanuc/install/trajopt/lib/cmake/trajopt/trajopt-targets-debug.cmake
[1.605s] -- Up-to-date: /root/crs_ws_fanuc/install/trajopt/share/trajopt/package.xml
[1.606s] -- Up-to-date: /root/crs_ws_fanuc/install/trajopt/lib/cmake/trajopt/trajopt-config.cmake
[1.607s] -- Up-to-date: /root/crs_ws_fanuc/install/trajopt/lib/cmake/trajopt/trajopt-config-version.cmake
[1.607s] -- Up-to-date: /root/crs_ws_fanuc/install/trajopt/share/trajopt/test/data
[1.608s] -- Up-to-date: /root/crs_ws_fanuc/install/trajopt/share/trajopt/test/data/meshes
[1.608s] -- Up-to-date: /root/crs_ws_fanuc/install/trajopt/share/trajopt/test/data/meshes/Table.stl
[1.835s] -- Up-to-date: /root/crs_ws_fanuc/install/trajopt/share/trajopt/test/data/boxbot.urdf
[1.973s] -- Up-to-date: /root/crs_ws_fanuc/install/trajopt/share/trajopt/test/data/pr2.urdf
[2.010s] -- Up-to-date: /root/crs_ws_fanuc/install/trajopt/share/trajopt/test/data/boxbot_world.urdf
[2.098s] -- Up-to-date: /root/crs_ws_fanuc/install/trajopt/share/trajopt/test/data/pr2
[2.098s] -- Up-to-date: /root/crs_ws_fanuc/install/trajopt/share/trajopt/test/data/pr2/meshes
[2.099s] -- Up-to-date: /root/crs_ws_fanuc/install/trajopt/share/trajopt/test/data/pr2/meshes/tilting_laser_v0
[2.100s] -- Up-to-date: /root/crs_ws_fanuc/install/trajopt/share/trajopt/test/data/pr2/meshes/tilting_laser_v0/tilting_hokuyo_color.tif
[2.143s] -- Up-to-date: /root/crs_ws_fanuc/install/trajopt/share/trajopt/test/data/pr2/meshes/tilting_laser_v0/iv
[2.144s] -- Up-to-date: /root/crs_ws_fanuc/install/trajopt/share/trajopt/test/data/pr2/meshes/tilting_laser_v0/iv/hok_tilt.iv
[2.181s] -- Up-to-date: /root/crs_ws_fanuc/install/trajopt/share/trajopt/test/data/pr2/meshes/tilting_laser_v0/iv/tilting_hokuyo_L.iv
[2.268s] -- Up-to-date: /root/crs_ws_fanuc/install/trajopt/share/trajopt/test/data/pr2/meshes/tilting_laser_v0/iv/tilting_hokuyo.iv
[2.305s] -- Up-to-date: /root/crs_ws_fanuc/install/trajopt/share/trajopt/test/data/pr2/meshes/tilting_laser_v0/tilting_hokuyo_L.stl
[2.393s] -- Up-to-date: /root/crs_ws_fanuc/install/trajopt/share/trajopt/test/data/pr2/meshes/tilting_laser_v0/tilting_hokuyo.stl
[2.480s] -- Up-to-date: /root/crs_ws_fanuc/install/trajopt/share/trajopt/test/data/pr2/meshes/tilting_laser_v0/hok_tilt.stl
[2.568s] -- Up-to-date: /root/crs_ws_fanuc/install/trajopt/share/trajopt/test/data/pr2/meshes/tilting_laser_v0/tilting_hokuyo_normals.tif
[2.613s] -- Up-to-date: /root/crs_ws_fanuc/install/trajopt/share/trajopt/test/data/pr2/meshes/tilting_laser_v0/convex
[2.615s] -- Up-to-date: /root/crs_ws_fanuc/install/trajopt/share/trajopt/test/data/pr2/meshes/tilting_laser_v0/convex/hok_tilt_convex.stlb
[2.701s] -- Up-to-date: /root/crs_ws_fanuc/install/trajopt/share/trajopt/test/data/pr2/meshes/tilting_laser_v0/convex/hok_tilt_convex.stla
[2.797s] -- Up-to-date: /root/crs_ws_fanuc/install/trajopt/share/trajopt/test/data/pr2/meshes/tilting_laser_v0/convex/hok_tilt.xml
[2.884s] -- Up-to-date: /root/crs_ws_fanuc/install/trajopt/share/trajopt/test/data/pr2/meshes/tilting_laser_v0/convex/hok_tilt_convex.iv
[2.980s] -- Up-to-date: /root/crs_ws_fanuc/install/trajopt/share/trajopt/test/data/pr2/meshes/tilting_laser_v0/convex/tilting_hokuyo_L_convex.stla
[3.067s] -- Up-to-date: /root/crs_ws_fanuc/install/trajopt/share/trajopt/test/data/pr2/meshes/tilting_laser_v0/convex/tilting_hokuyo_L_convex.stlb
[3.162s] -- Up-to-date: /root/crs_ws_fanuc/install/trajopt/share/trajopt/test/data/pr2/meshes/tilting_laser_v0/convex/tilting_hokuyo_L.dae
[3.250s] -- Up-to-date: /root/crs_ws_fanuc/install/trajopt/share/trajopt/test/data/pr2/meshes/tilting_laser_v0/convex/tilting_hokuyo_convex.obj
[3.338s] -- Up-to-date: /root/crs_ws_fanuc/install/trajopt/share/trajopt/test/data/pr2/meshes/tilting_laser_v0/convex/hok_tilt_convex.obj
[3.425s] -- Up-to-date: /root/crs_ws_fanuc/install/trajopt/share/trajopt/test/data/pr2/meshes/tilting_laser_v0/convex/tilting_hokuyo_convex.stlb
[3.520s] -- Up-to-date: /root/crs_ws_fanuc/install/trajopt/share/trajopt/test/data/pr2/meshes/tilting_laser_v0/convex/hok_tilt.dae
[3.608s] -- Up-to-date: /root/crs_ws_fanuc/install/trajopt/share/trajopt/test/data/pr2/meshes/tilting_laser_v0/convex/tilting_hokuyo_L.obj
[3.695s] -- Up-to-date: /root/crs_ws_fanuc/install/trajopt/share/trajopt/test/data/pr2/meshes/tilting_laser_v0/convex/tilting_hokuyo_L_convex.iv
[3.783s] -- Up-to-date: /root/crs_ws_fanuc/install/trajopt/share/trajopt/test/data/pr2/meshes/tilting_laser_v0/convex/tilting_hokuyo_L.xml
[3.878s] -- Up-to-date: /root/crs_ws_fanuc/install/trajopt/share/trajopt/test/data/pr2/meshes/tilting_laser_v0/convex/tilting_hokuyo_L_convex.obj
[3.966s] -- Up-to-date: /root/crs_ws_fanuc/install/trajopt/share/trajopt/test/data/pr2/meshes/tilting_laser_v0/convex/hok_tilt.obj
[4.003s] -- Up-to-date: /root/crs_ws_fanuc/install/trajopt/share/trajopt/test/data/pr2/meshes/tilting_laser_v0/convex/tilting_hokuyo.dae
[4.099s] -- Up-to-date: /root/crs_ws_fanuc/install/trajopt/share/trajopt/test/data/pr2/meshes/tilting_laser_v0/convex/tilting_hokuyo_convex.iv
[4.187s] -- Up-to-date: /root/crs_ws_fanuc/install/trajopt/share/trajopt/test/data/pr2/meshes/tilting_laser_v0/convex/tilting_hokuyo.xml
[4.273s] -- Up-to-date: /root/crs_ws_fanuc/install/trajopt/share/trajopt/test/data/pr2/meshes/tilting_laser_v0/convex/tilting_hokuyo.obj
[4.311s] -- Up-to-date: /root/crs_ws_fanuc/install/trajopt/share/trajopt/test/data/pr2/meshes/tilting_laser_v0/convex/tilting_hokuyo_convex.stla
[4.398s] -- Up-to-date: /root/crs_ws_fanuc/install/trajopt/share/trajopt/test/data/pr2/meshes/tilting_laser_v0/tilting_hokuyo.dae
[4.435s] -- Up-to-date: /root/crs_ws_fanuc/install/trajopt/share/trajopt/test/data/pr2/meshes/torso_v0
[4.435s] -- Up-to-date: /root/crs_ws_fanuc/install/trajopt/share/trajopt/test/data/pr2/meshes/torso_v0/torso_lift.dae
[4.473s] -- Up-to-date: /root/crs_ws_fanuc/install/trajopt/share/trajopt/test/data/pr2/meshes/torso_v0/iv
[4.474s] -- Up-to-date: /root/crs_ws_fanuc/install/trajopt/share/trajopt/test/data/pr2/meshes/torso_v0/iv/torso_lift_L.iv
[4.560s] -- Up-to-date: /root/crs_ws_fanuc/install/trajopt/share/trajopt/test/data/pr2/meshes/torso_v0/iv/torso.iv
[4.614s] -- Up-to-date: /root/crs_ws_fanuc/install/trajopt/share/trajopt/test/data/pr2/meshes/torso_v0/iv/torso_lift.iv
[4.652s] -- Up-to-date: /root/crs_ws_fanuc/install/trajopt/share/trajopt/test/data/pr2/meshes/torso_v0/torso_lift_normals.tif
[4.697s] -- Up-to-date: /root/crs_ws_fanuc/install/trajopt/share/trajopt/test/data/pr2/meshes/torso_v0/torso.stl
[4.735s] -- Up-to-date: /root/crs_ws_fanuc/install/trajopt/share/trajopt/test/data/pr2/meshes/torso_v0/torso_lift_L.stl
[4.831s] -- Up-to-date: /root/crs_ws_fanuc/install/trajopt/share/trajopt/test/data/pr2/meshes/torso_v0/convex
[4.832s] -- Up-to-date: /root/crs_ws_fanuc/install/trajopt/share/trajopt/test/data/pr2/meshes/torso_v0/convex/torso_convex.obj
[4.918s] -- Up-to-date: /root/crs_ws_fanuc/install/trajopt/share/trajopt/test/data/pr2/meshes/torso_v0/convex/torso_lift.dae
[5.014s] -- Up-to-date: /root/crs_ws_fanuc/install/trajopt/share/trajopt/test/data/pr2/meshes/torso_v0/convex/torso_convex.stla
[5.102s] -- Up-to-date: /root/crs_ws_fanuc/install/trajopt/share/trajopt/test/data/pr2/meshes/torso_v0/convex/torso_lift.obj
[5.138s] -- Up-to-date: /root/crs_ws_fanuc/install/trajopt/share/trajopt/test/data/pr2/meshes/torso_v0/convex/torso_lift_L_convex.obj
[5.234s] -- Up-to-date: /root/crs_ws_fanuc/install/trajopt/share/trajopt/test/data/pr2/meshes/torso_v0/convex/torso_lift_convex.stlb
[5.321s] -- Up-to-date: /root/crs_ws_fanuc/install/trajopt/share/trajopt/test/data/pr2/meshes/torso_v0/convex/torso_lift_L_convex.iv
[5.409s] -- Up-to-date: /root/crs_ws_fanuc/install/trajopt/share/trajopt/test/data/pr2/meshes/torso_v0/convex/torso.obj
[5.446s] -- Up-to-date: /root/crs_ws_fanuc/install/trajopt/share/trajopt/test/data/pr2/meshes/torso_v0/convex/torso_lift_L.obj
[5.534s] -- Up-to-date: /root/crs_ws_fanuc/install/trajopt/share/trajopt/test/data/pr2/meshes/torso_v0/convex/torso_lift_convex.stla
[5.622s] -- Up-to-date: /root/crs_ws_fanuc/install/trajopt/share/trajopt/test/data/pr2/meshes/torso_v0/convex/torso_convex.stlb
[5.709s] -- Up-to-date: /root/crs_ws_fanuc/install/trajopt/share/trajopt/test/data/pr2/meshes/torso_v0/convex/torso_lift_L_convex.stlb
[5.804s] -- Up-to-date: /root/crs_ws_fanuc/install/trajopt/share/trajopt/test/data/pr2/meshes/torso_v0/convex/torso.xml
[5.892s] -- Up-to-date: /root/crs_ws_fanuc/install/trajopt/share/trajopt/test/data/pr2/meshes/torso_v0/convex/torso.dae
[5.979s] -- Up-to-date: /root/crs_ws_fanuc/install/trajopt/share/trajopt/test/data/pr2/meshes/torso_v0/convex/torso_lift_L.dae
[6.151s] -- Up-to-date: /root/crs_ws_fanuc/install/trajopt/share/trajopt/test/data/pr2/meshes/torso_v0/convex/torso_lift_L.xml
[6.238s] -- Up-to-date: /root/crs_ws_fanuc/install/trajopt/share/trajopt/test/data/pr2/meshes/torso_v0/convex/torso_convex.iv
[6.326s] -- Up-to-date: /root/crs_ws_fanuc/install/trajopt/share/trajopt/test/data/pr2/meshes/torso_v0/convex/torso_lift.xml
[6.413s] -- Up-to-date: /root/crs_ws_fanuc/install/trajopt/share/trajopt/test/data/pr2/meshes/torso_v0/convex/torso_lift_L_convex.stla
[6.501s] -- Up-to-date: /root/crs_ws_fanuc/install/trajopt/share/trajopt/test/data/pr2/meshes/torso_v0/convex/torso_lift_convex.iv
[6.588s] -- Up-to-date: /root/crs_ws_fanuc/install/trajopt/share/trajopt/test/data/pr2/meshes/torso_v0/convex/torso_lift_convex.obj
[6.676s] -- Up-to-date: /root/crs_ws_fanuc/install/trajopt/share/trajopt/test/data/pr2/meshes/torso_v0/torso_lift.stl
[6.840s] -- Up-to-date: /root/crs_ws_fanuc/install/trajopt/share/trajopt/test/data/pr2/meshes/torso_v0/torso_lift_color.tif
[6.893s] -- Up-to-date: /root/crs_ws_fanuc/install/trajopt/share/trajopt/test/data/pr2/meshes/gripper_v0
[6.894s] -- Up-to-date: /root/crs_ws_fanuc/install/trajopt/share/trajopt/test/data/pr2/meshes/gripper_v0/l_finger_tip.dae
[6.930s] -- Up-to-date: /root/crs_ws_fanuc/install/trajopt/share/trajopt/test/data/pr2/meshes/gripper_v0/palm_H_UV_100430.dae
[6.976s] -- Up-to-date: /root/crs_ws_fanuc/install/trajopt/share/trajopt/test/data/pr2/meshes/gripper_v0/finger_tip_l.stl
[7.063s] -- Up-to-date: /root/crs_ws_fanuc/install/trajopt/share/trajopt/test/data/pr2/meshes/gripper_v0/l_floating.stl
[7.151s] -- Up-to-date: /root/crs_ws_fanuc/install/trajopt/share/trajopt/test/data/pr2/meshes/gripper_v0/float_H_UV_100430.dae
[7.214s] -- Up-to-date: /root/crs_ws_fanuc/install/trajopt/share/trajopt/test/data/pr2/meshes/gripper_v0/l_finger_tip_normals.tif
[7.268s] -- Up-to-date: /root/crs_ws_fanuc/install/trajopt/share/trajopt/test/data/pr2/meshes/gripper_v0/finger_tip_H_UV_100430.dae
[7.323s] -- Up-to-date: /root/crs_ws_fanuc/install/trajopt/share/trajopt/test/data/pr2/meshes/gripper_v0/gripper_palm.dae
[7.361s] -- Up-to-date: /root/crs_ws_fanuc/install/trajopt/share/trajopt/test/data/pr2/meshes/gripper_v0/finger_tip_pad2_l.stl
[7.448s] -- Up-to-date: /root/crs_ws_fanuc/install/trajopt/share/trajopt/test/data/pr2/meshes/gripper_v0/finger_H_Color_100430.tif
[7.535s] -- Up-to-date: /root/crs_ws_fanuc/install/trajopt/share/trajopt/test/data/pr2/meshes/gripper_v0/fingertip_H_Color_100430.tif
[7.623s] -- Up-to-date: /root/crs_ws_fanuc/install/trajopt/share/trajopt/test/data/pr2/meshes/gripper_v0/upper_finger_r.stl
[7.710s] -- Up-to-date: /root/crs_ws_fanuc/install/trajopt/share/trajopt/test/data/pr2/meshes/gripper_v0/iv
[7.711s] -- Up-to-date: /root/crs_ws_fanuc/install/trajopt/share/trajopt/test/data/pr2/meshes/gripper_v0/iv/l_finger_tip.iv
[7.798s] -- Up-to-date: /root/crs_ws_fanuc/install/trajopt/share/trajopt/test/data/pr2/meshes/gripper_v0/iv/upper_finger_l.iv
[7.885s] -- Up-to-date: /root/crs_ws_fanuc/install/trajopt/share/trajopt/test/data/pr2/meshes/gripper_v0/iv/l_finger.iv
[7.972s] -- Up-to-date: /root/crs_ws_fanuc/install/trajopt/share/trajopt/test/data/pr2/meshes/gripper_v0/iv/finger_tip_r.iv
[8.010s] -- Up-to-date: /root/crs_ws_fanuc/install/trajopt/share/trajopt/test/data/pr2/meshes/gripper_v0/iv/l_floating.iv
[8.047s] -- Up-to-date: /root/crs_ws_fanuc/install/trajopt/share/trajopt/test/data/pr2/meshes/gripper_v0/iv/finger_tip_l.iv
[8.084s] -- Up-to-date: /root/crs_ws_fanuc/install/trajopt/share/trajopt/test/data/pr2/meshes/gripper_v0/iv/gripper_palm.iv
[8.180s] -- Up-to-date: /root/crs_ws_fanuc/install/trajopt/share/trajopt/test/data/pr2/meshes/gripper_v0/iv/finger_tip_pad2_r.iv
[8.268s] -- Up-to-date: /root/crs_ws_fanuc/install/trajopt/share/trajopt/test/data/pr2/meshes/gripper_v0/iv/upper_finger_r.iv
[8.355s] -- Up-to-date: /root/crs_ws_fanuc/install/trajopt/share/trajopt/test/data/pr2/meshes/gripper_v0/iv/finger_tip_pad2_l.iv
[8.442s] -- Up-to-date: /root/crs_ws_fanuc/install/trajopt/share/trajopt/test/data/pr2/meshes/gripper_v0/l_float_color.tif
[8.480s] -- Up-to-date: /root/crs_ws_fanuc/install/trajopt/share/trajopt/test/data/pr2/meshes/gripper_v0/l_float.dae
[8.517s] -- Up-to-date: /root/crs_ws_fanuc/install/trajopt/share/trajopt/test/data/pr2/meshes/gripper_v0/upper_finger_l.stl
[8.613s] -- Up-to-date: /root/crs_ws_fanuc/install/trajopt/share/trajopt/test/data/pr2/meshes/gripper_v0/finger_H_UV_100430.dae
[8.684s] -- Up-to-date: /root/crs_ws_fanuc/install/trajopt/share/trajopt/test/data/pr2/meshes/gripper_v0/l_float_normals.tif
[8.740s] -- Up-to-date: /root/crs_ws_fanuc/install/trajopt/share/trajopt/test/data/pr2/meshes/gripper_v0/gripper_palm_color.tif
[8.777s] -- Up-to-date: /root/crs_ws_fanuc/install/trajopt/share/trajopt/test/data/pr2/meshes/gripper_v0/l_finger.dae
[8.814s] -- Up-to-date: /root/crs_ws_fanuc/install/trajopt/share/trajopt/test/data/pr2/meshes/gripper_v0/l_finger_color.tif
[8.852s] -- Up-to-date: /root/crs_ws_fanuc/install/trajopt/share/trajopt/test/data/pr2/meshes/gripper_v0/l_finger_tip.stl
[8.939s] -- Up-to-date: /root/crs_ws_fanuc/install/trajopt/share/trajopt/test/data/pr2/meshes/gripper_v0/l_finger_normals.tif
[8.985s] -- Up-to-date: /root/crs_ws_fanuc/install/trajopt/share/trajopt/test/data/pr2/meshes/gripper_v0/l_finger.stl
[9.072s] -- Up-to-date: /root/crs_ws_fanuc/install/trajopt/share/trajopt/test/data/pr2/meshes/gripper_v0/convex
[9.074s] -- Up-to-date: /root/crs_ws_fanuc/install/trajopt/share/trajopt/test/data/pr2/meshes/gripper_v0/convex/finger_tip_r.obj
[9.110s] -- Up-to-date: /root/crs_ws_fanuc/install/trajopt/share/trajopt/test/data/pr2/meshes/gripper_v0/convex/l_finger_tip.dae
[9.197s] -- Up-to-date: /root/crs_ws_fanuc/install/trajopt/share/trajopt/test/data/pr2/meshes/gripper_v0/convex/finger_tip_l_convex.iv
[9.276s] -- Up-to-date: /root/crs_ws_fanuc/install/trajopt/share/trajopt/test/data/pr2/meshes/gripper_v0/convex/gripper_palm_convex.stlb
[9.364s] -- Up-to-date: /root/crs_ws_fanuc/install/trajopt/share/trajopt/test/data/pr2/meshes/gripper_v0/convex/finger_tip_pad2_l_convex.stla
[9.451s] -- Up-to-date: /root/crs_ws_fanuc/install/trajopt/share/trajopt/test/data/pr2/meshes/gripper_v0/convex/l_floating.obj
[9.488s] -- Up-to-date: /root/crs_ws_fanuc/install/trajopt/share/trajopt/test/data/pr2/meshes/gripper_v0/convex/gripper_palm.dae
[9.576s] -- Up-to-date: /root/crs_ws_fanuc/install/trajopt/share/trajopt/test/data/pr2/meshes/gripper_v0/convex/upper_finger_r_convex.obj
[9.672s] -- Up-to-date: /root/crs_ws_fanuc/install/trajopt/share/trajopt/test/data/pr2/meshes/gripper_v0/convex/finger_tip_l_convex.stlb
[9.758s] -- Up-to-date: /root/crs_ws_fanuc/install/trajopt/share/trajopt/test/data/pr2/meshes/gripper_v0/convex/finger_tip_pad2_l_convex.stlb
[9.846s] -- Up-to-date: /root/crs_ws_fanuc/install/trajopt/share/trajopt/test/data/pr2/meshes/gripper_v0/convex/gripper_palm_convex.iv
[9.934s] -- Up-to-date: /root/crs_ws_fanuc/install/trajopt/share/trajopt/test/data/pr2/meshes/gripper_v0/convex/l_finger_tip.xml
[10.029s] -- Up-to-date: /root/crs_ws_fanuc/install/trajopt/share/trajopt/test/data/pr2/meshes/gripper_v0/convex/finger_tip_pad2_r.obj
[10.117s] -- Up-to-date: /root/crs_ws_fanuc/install/trajopt/share/trajopt/test/data/pr2/meshes/gripper_v0/convex/finger_tip_pad2_l.xml
[10.204s] -- Up-to-date: /root/crs_ws_fanuc/install/trajopt/share/trajopt/test/data/pr2/meshes/gripper_v0/convex/finger_tip_r.xml
[10.292s] -- Up-to-date: /root/crs_ws_fanuc/install/trajopt/share/trajopt/test/data/pr2/meshes/gripper_v0/convex/finger_tip_r.dae
[10.387s] -- Up-to-date: /root/crs_ws_fanuc/install/trajopt/share/trajopt/test/data/pr2/meshes/gripper_v0/convex/upper_finger_r_convex.stla
[10.475s] -- Up-to-date: /root/crs_ws_fanuc/install/trajopt/share/trajopt/test/data/pr2/meshes/gripper_v0/convex/l_floating_convex.obj
[10.562s] -- Up-to-date: /root/crs_ws_fanuc/install/trajopt/share/trajopt/test/data/pr2/meshes/gripper_v0/convex/upper_finger_r_convex.iv
[10.648s] -- Up-to-date: /root/crs_ws_fanuc/install/trajopt/share/trajopt/test/data/pr2/meshes/gripper_v0/convex/l_finger_tip_convex.obj
[10.737s] -- Up-to-date: /root/crs_ws_fanuc/install/trajopt/share/trajopt/test/data/pr2/meshes/gripper_v0/convex/l_floating_convex.iv
[10.824s] -- Up-to-date: /root/crs_ws_fanuc/install/trajopt/share/trajopt/test/data/pr2/meshes/gripper_v0/convex/l_floating.dae
[10.911s] -- Up-to-date: /root/crs_ws_fanuc/install/trajopt/share/trajopt/test/data/pr2/meshes/gripper_v0/convex/finger_tip_l.dae
[10.999s] -- Up-to-date: /root/crs_ws_fanuc/install/trajopt/share/trajopt/test/data/pr2/meshes/gripper_v0/convex/finger_tip_l.xml
[11.086s] -- Up-to-date: /root/crs_ws_fanuc/install/trajopt/share/trajopt/test/data/pr2/meshes/gripper_v0/convex/l_finger_convex.stla
[11.173s] -- Up-to-date: /root/crs_ws_fanuc/install/trajopt/share/trajopt/test/data/pr2/meshes/gripper_v0/convex/finger_tip_pad2_r_convex.stla
[11.261s] -- Up-to-date: /root/crs_ws_fanuc/install/trajopt/share/trajopt/test/data/pr2/meshes/gripper_v0/convex/finger_tip_pad2_r_convex.iv
[11.348s] -- Up-to-date: /root/crs_ws_fanuc/install/trajopt/share/trajopt/test/data/pr2/meshes/gripper_v0/convex/finger_tip_r_convex.stlb
[11.473s] -- Up-to-date: /root/crs_ws_fanuc/install/trajopt/share/trajopt/test/data/pr2/meshes/gripper_v0/convex/finger_tip_l_convex.stla
[11.560s] -- Up-to-date: /root/crs_ws_fanuc/install/trajopt/share/trajopt/test/data/pr2/meshes/gripper_v0/convex/finger_tip_r_convex.iv
[11.648s] -- Up-to-date: /root/crs_ws_fanuc/install/trajopt/share/trajopt/test/data/pr2/meshes/gripper_v0/convex/l_finger_convex.iv
[11.734s] -- Up-to-date: /root/crs_ws_fanuc/install/trajopt/share/trajopt/test/data/pr2/meshes/gripper_v0/convex/upper_finger_r.obj
[11.823s] -- Up-to-date: /root/crs_ws_fanuc/install/trajopt/share/trajopt/test/data/pr2/meshes/gripper_v0/convex/l_finger.dae
[11.969s] -- Up-to-date: /root/crs_ws_fanuc/install/trajopt/share/trajopt/test/data/pr2/meshes/gripper_v0/convex/finger_tip_pad2_l_convex.iv
[12.081s] -- Up-to-date: /root/crs_ws_fanuc/install/trajopt/share/trajopt/test/data/pr2/meshes/gripper_v0/convex/l_finger.obj
[12.194s] -- Up-to-date: /root/crs_ws_fanuc/install/trajopt/share/trajopt/test/data/pr2/meshes/gripper_v0/convex/finger_tip_pad2_r_convex.stlb
[12.282s] -- Up-to-date: /root/crs_ws_fanuc/install/trajopt/share/trajopt/test/data/pr2/meshes/gripper_v0/convex/l_finger_convex.obj
[12.369s] -- Up-to-date: /root/crs_ws_fanuc/install/trajopt/share/trajopt/test/data/pr2/meshes/gripper_v0/convex/finger_tip_pad2_l_convex.obj
[12.456s] -- Up-to-date: /root/crs_ws_fanuc/install/trajopt/share/trajopt/test/data/pr2/meshes/gripper_v0/convex/upper_finger_l.obj
[12.544s] -- Up-to-date: /root/crs_ws_fanuc/install/trajopt/share/trajopt/test/data/pr2/meshes/gripper_v0/convex/finger_tip_pad2_r.xml
[12.631s] -- Up-to-date: /root/crs_ws_fanuc/install/trajopt/share/trajopt/test/data/pr2/meshes/gripper_v0/convex/upper_finger_l_convex.stla
[12.718s] -- Up-to-date: /root/crs_ws_fanuc/install/trajopt/share/trajopt/test/data/pr2/meshes/gripper_v0/convex/finger_tip_r_convex.stla
[12.806s] -- Up-to-date: /root/crs_ws_fanuc/install/trajopt/share/trajopt/test/data/pr2/meshes/gripper_v0/convex/finger_tip_l.obj
[12.843s] -- Up-to-date: /root/crs_ws_fanuc/install/trajopt/share/trajopt/test/data/pr2/meshes/gripper_v0/convex/l_finger_convex.stlb
[12.931s] -- Up-to-date: /root/crs_ws_fanuc/install/trajopt/share/trajopt/test/data/pr2/meshes/gripper_v0/convex/finger_tip_pad2_r.dae
[13.018s] -- Up-to-date: /root/crs_ws_fanuc/install/trajopt/share/trajopt/test/data/pr2/meshes/gripper_v0/convex/upper_finger_r.xml
[13.105s] -- Up-to-date: /root/crs_ws_fanuc/install/trajopt/share/trajopt/test/data/pr2/meshes/gripper_v0/convex/l_finger_tip_convex.iv
[13.193s] -- Up-to-date: /root/crs_ws_fanuc/install/trajopt/share/trajopt/test/data/pr2/meshes/gripper_v0/convex/l_floating_convex.stla
[13.280s] -- Up-to-date: /root/crs_ws_fanuc/install/trajopt/share/trajopt/test/data/pr2/meshes/gripper_v0/convex/gripper_palm_convex.stla
[13.367s] -- Up-to-date: /root/crs_ws_fanuc/install/trajopt/share/trajopt/test/data/pr2/meshes/gripper_v0/convex/gripper_palm_convex.obj
[13.455s] -- Up-to-date: /root/crs_ws_fanuc/install/trajopt/share/trajopt/test/data/pr2/meshes/gripper_v0/convex/gripper_palm.obj
[13.542s] -- Up-to-date: /root/crs_ws_fanuc/install/trajopt/share/trajopt/test/data/pr2/meshes/gripper_v0/convex/gripper_palm.xml
[13.629s] -- Up-to-date: /root/crs_ws_fanuc/install/trajopt/share/trajopt/test/data/pr2/meshes/gripper_v0/convex/upper_finger_r.dae
[13.709s] -- Up-to-date: /root/crs_ws_fanuc/install/trajopt/share/trajopt/test/data/pr2/meshes/gripper_v0/convex/l_finger_tip_convex.stla
[13.796s] -- Up-to-date: /root/crs_ws_fanuc/install/trajopt/share/trajopt/test/data/pr2/meshes/gripper_v0/convex/upper_finger_r_convex.stlb
[13.883s] -- Up-to-date: /root/crs_ws_fanuc/install/trajopt/share/trajopt/test/data/pr2/meshes/gripper_v0/convex/finger_tip_pad2_l.obj
[13.970s] -- Up-to-date: /root/crs_ws_fanuc/install/trajopt/share/trajopt/test/data/pr2/meshes/gripper_v0/convex/upper_finger_l.dae
[14.057s] -- Up-to-date: /root/crs_ws_fanuc/install/trajopt/share/trajopt/test/data/pr2/meshes/gripper_v0/convex/l_floating_convex.stlb
[14.146s] -- Up-to-date: /root/crs_ws_fanuc/install/trajopt/share/trajopt/test/data/pr2/meshes/gripper_v0/convex/l_finger_tip.obj
[14.253s] -- Up-to-date: /root/crs_ws_fanuc/install/trajopt/share/trajopt/test/data/pr2/meshes/gripper_v0/convex/finger_tip_r_convex.obj
[14.422s] -- Up-to-date: /root/crs_ws_fanuc/install/trajopt/share/trajopt/test/data/pr2/meshes/gripper_v0/convex/finger_tip_pad2_l.dae
[14.517s] -- Up-to-date: /root/crs_ws_fanuc/install/trajopt/share/trajopt/test/data/pr2/meshes/gripper_v0/convex/upper_finger_l_convex.stlb
[14.646s] -- Up-to-date: /root/crs_ws_fanuc/install/trajopt/share/trajopt/test/data/pr2/meshes/gripper_v0/convex/upper_finger_l_convex.obj
[14.734s] -- Up-to-date: /root/crs_ws_fanuc/install/trajopt/share/trajopt/test/data/pr2/meshes/gripper_v0/convex/l_finger_tip_convex.stlb
[14.821s] -- Up-to-date: /root/crs_ws_fanuc/install/trajopt/share/trajopt/test/data/pr2/meshes/gripper_v0/convex/upper_finger_l.xml
[14.909s] -- Up-to-date: /root/crs_ws_fanuc/install/trajopt/share/trajopt/test/data/pr2/meshes/gripper_v0/convex/upper_finger_l_convex.iv
[14.988s] -- Up-to-date: /root/crs_ws_fanuc/install/trajopt/share/trajopt/test/data/pr2/meshes/gripper_v0/convex/finger_tip_pad2_r_convex.obj
[15.074s] -- Up-to-date: /root/crs_ws_fanuc/install/trajopt/share/trajopt/test/data/pr2/meshes/gripper_v0/convex/l_floating.xml
[15.162s] -- Up-to-date: /root/crs_ws_fanuc/install/trajopt/share/trajopt/test/data/pr2/meshes/gripper_v0/convex/finger_tip_l_convex.obj
[15.250s] -- Up-to-date: /root/crs_ws_fanuc/install/trajopt/share/trajopt/test/data/pr2/meshes/gripper_v0/convex/l_finger.xml
[15.337s] -- Up-to-date: /root/crs_ws_fanuc/install/trajopt/share/trajopt/test/data/pr2/meshes/gripper_v0/l_finger_tip_color.tif
[15.375s] -- Up-to-date: /root/crs_ws_fanuc/install/trajopt/share/trajopt/test/data/pr2/meshes/gripper_v0/finger_tip_pad2_r.stl
[15.462s] -- Up-to-date: /root/crs_ws_fanuc/install/trajopt/share/trajopt/test/data/pr2/meshes/gripper_v0/palm_H_Color_100430.tif
[15.549s] -- Up-to-date: /root/crs_ws_fanuc/install/trajopt/share/trajopt/test/data/pr2/meshes/gripper_v0/gripper_palm_normals.tif
[15.640s] -- Up-to-date: /root/crs_ws_fanuc/install/trajopt/share/trajopt/test/data/pr2/meshes/gripper_v0/float_H_Color_100430.tif
[15.764s] -- Up-to-date: /root/crs_ws_fanuc/install/trajopt/share/trajopt/test/data/pr2/meshes/gripper_v0/gripper_palm.stl
[15.851s] -- Up-to-date: /root/crs_ws_fanuc/install/trajopt/share/trajopt/test/data/pr2/meshes/gripper_v0/finger_tip_r.stl
[15.931s] -- Up-to-date: /root/crs_ws_fanuc/install/trajopt/share/trajopt/test/data/pr2/meshes/head_v0
[15.932s] -- Up-to-date: /root/crs_ws_fanuc/install/trajopt/share/trajopt/test/data/pr2/meshes/head_v0/head_tilt_normals.tif
[15.976s] -- Up-to-date: /root/crs_ws_fanuc/install/trajopt/share/trajopt/test/data/pr2/meshes/head_v0/head_tilt_color_red.tif
[16.014s] -- Up-to-date: /root/crs_ws_fanuc/install/trajopt/share/trajopt/test/data/pr2/meshes/head_v0/head_tilt_L.stl
[16.101s] -- Up-to-date: /root/crs_ws_fanuc/install/trajopt/share/trajopt/test/data/pr2/meshes/head_v0/head_pan_L.stl
[16.197s] -- Up-to-date: /root/crs_ws_fanuc/install/trajopt/share/trajopt/test/data/pr2/meshes/head_v0/iv
[16.198s] -- Up-to-date: /root/crs_ws_fanuc/install/trajopt/share/trajopt/test/data/pr2/meshes/head_v0/iv/head_pan_L.iv
[16.322s] -- Up-to-date: /root/crs_ws_fanuc/install/trajopt/share/trajopt/test/data/pr2/meshes/head_v0/iv/head_tilt_L.iv
[16.418s] -- Up-to-date: /root/crs_ws_fanuc/install/trajopt/share/trajopt/test/data/pr2/meshes/head_v0/iv/head_pan.iv
[16.454s] -- Up-to-date: /root/crs_ws_fanuc/install/trajopt/share/trajopt/test/data/pr2/meshes/head_v0/iv/head_tilt.iv
[16.492s] -- Up-to-date: /root/crs_ws_fanuc/install/trajopt/share/trajopt/test/data/pr2/meshes/head_v0/head_pan.dae
[16.530s] -- Up-to-date: /root/crs_ws_fanuc/install/trajopt/share/trajopt/test/data/pr2/meshes/head_v0/head_tilt_green.tif
[16.567s] -- Up-to-date: /root/crs_ws_fanuc/install/trajopt/share/trajopt/test/data/pr2/meshes/head_v0/head_pan_color.tif
[16.605s] -- Up-to-date: /root/crs_ws_fanuc/install/trajopt/share/trajopt/test/data/pr2/meshes/head_v0/head_tilt.stl
[16.692s] -- Up-to-date: /root/crs_ws_fanuc/install/trajopt/share/trajopt/test/data/pr2/meshes/head_v0/head_tilt.dae
[16.729s] -- Up-to-date: /root/crs_ws_fanuc/install/trajopt/share/trajopt/test/data/pr2/meshes/head_v0/head_tilt_color.tif
[16.877s] -- Up-to-date: /root/crs_ws_fanuc/install/trajopt/share/trajopt/test/data/pr2/meshes/head_v0/head_pan_normals.tif
[16.941s] -- Up-to-date: /root/crs_ws_fanuc/install/trajopt/share/trajopt/test/data/pr2/meshes/head_v0/convex
[16.941s] -- Up-to-date: /root/crs_ws_fanuc/install/trajopt/share/trajopt/test/data/pr2/meshes/head_v0/convex/head_tilt_L_convex.stlb
[17.028s] -- Up-to-date: /root/crs_ws_fanuc/install/trajopt/share/trajopt/test/data/pr2/meshes/head_v0/convex/head_pan_convex.stla
[17.124s] -- Up-to-date: /root/crs_ws_fanuc/install/trajopt/share/trajopt/test/data/pr2/meshes/head_v0/convex/head_tilt_convex.stla
[17.211s] -- Up-to-date: /root/crs_ws_fanuc/install/trajopt/share/trajopt/test/data/pr2/meshes/head_v0/convex/head_pan_convex.iv
[17.298s] -- Up-to-date: /root/crs_ws_fanuc/install/trajopt/share/trajopt/test/data/pr2/meshes/head_v0/convex/head_pan_L.xml
[17.386s] -- Up-to-date: /root/crs_ws_fanuc/install/trajopt/share/trajopt/test/data/pr2/meshes/head_v0/convex/head_tilt_L.dae
[17.473s] -- Up-to-date: /root/crs_ws_fanuc/install/trajopt/share/trajopt/test/data/pr2/meshes/head_v0/convex/head_pan_L_convex.stlb
[17.559s] -- Up-to-date: /root/crs_ws_fanuc/install/trajopt/share/trajopt/test/data/pr2/meshes/head_v0/convex/head_tilt.obj
[17.598s] -- Up-to-date: /root/crs_ws_fanuc/install/trajopt/share/trajopt/test/data/pr2/meshes/head_v0/convex/head_pan.dae
[17.685s] -- Up-to-date: /root/crs_ws_fanuc/install/trajopt/share/trajopt/test/data/pr2/meshes/head_v0/convex/head_tilt_convex.stlb
[17.772s] -- Up-to-date: /root/crs_ws_fanuc/install/trajopt/share/trajopt/test/data/pr2/meshes/head_v0/convex/head_pan_L.dae
[17.860s] -- Up-to-date: /root/crs_ws_fanuc/install/trajopt/share/trajopt/test/data/pr2/meshes/head_v0/convex/head_pan.obj
[17.897s] -- Up-to-date: /root/crs_ws_fanuc/install/trajopt/share/trajopt/test/data/pr2/meshes/head_v0/convex/head_pan_convex.stlb
[17.985s] -- Up-to-date: /root/crs_ws_fanuc/install/trajopt/share/trajopt/test/data/pr2/meshes/head_v0/convex/head_tilt_convex.obj
[18.072s] -- Up-to-date: /root/crs_ws_fanuc/install/trajopt/share/trajopt/test/data/pr2/meshes/head_v0/convex/head_tilt.dae
[18.158s] -- Up-to-date: /root/crs_ws_fanuc/install/trajopt/share/trajopt/test/data/pr2/meshes/head_v0/convex/head_tilt_convex.iv
[18.247s] -- Up-to-date: /root/crs_ws_fanuc/install/trajopt/share/trajopt/test/data/pr2/meshes/head_v0/convex/head_pan.xml
[18.334s] -- Up-to-date: /root/crs_ws_fanuc/install/trajopt/share/trajopt/test/data/pr2/meshes/head_v0/convex/head_pan_L_convex.obj
[18.421s] -- Up-to-date: /root/crs_ws_fanuc/install/trajopt/share/trajopt/test/data/pr2/meshes/head_v0/convex/head_pan_L_convex.iv
[18.509s] -- Up-to-date: /root/crs_ws_fanuc/install/trajopt/share/trajopt/test/data/pr2/meshes/head_v0/convex/head_pan_L_convex.stla
[18.596s] -- Up-to-date: /root/crs_ws_fanuc/install/trajopt/share/trajopt/test/data/pr2/meshes/head_v0/convex/head_pan_L.obj
[18.684s] -- Up-to-date: /root/crs_ws_fanuc/install/trajopt/share/trajopt/test/data/pr2/meshes/head_v0/convex/head_tilt.xml
[18.787s] -- Up-to-date: /root/crs_ws_fanuc/install/trajopt/share/trajopt/test/data/pr2/meshes/head_v0/convex/head_tilt_L.obj
[18.867s] -- Up-to-date: /root/crs_ws_fanuc/install/trajopt/share/trajopt/test/data/pr2/meshes/head_v0/convex/head_tilt_L.xml
[18.954s] -- Up-to-date: /root/crs_ws_fanuc/install/trajopt/share/trajopt/test/data/pr2/meshes/head_v0/convex/head_tilt_L_convex.obj
[19.042s] -- Up-to-date: /root/crs_ws_fanuc/install/trajopt/share/trajopt/test/data/pr2/meshes/head_v0/convex/head_pan_convex.obj
[19.129s] -- Up-to-date: /root/crs_ws_fanuc/install/trajopt/share/trajopt/test/data/pr2/meshes/head_v0/convex/head_tilt_L_convex.stla
[19.216s] -- Up-to-date: /root/crs_ws_fanuc/install/trajopt/share/trajopt/test/data/pr2/meshes/head_v0/convex/head_tilt_L_convex.iv
[19.304s] -- Up-to-date: /root/crs_ws_fanuc/install/trajopt/share/trajopt/test/data/pr2/meshes/head_v0/head_pan.stl
[19.399s] -- Up-to-date: /root/crs_ws_fanuc/install/trajopt/share/trajopt/test/data/pr2/meshes/head_v0/head_tilt_color_yellow.tif
[19.437s] -- Up-to-date: /root/crs_ws_fanuc/install/trajopt/share/trajopt/test/data/pr2/meshes/base_v0
[19.438s] -- Up-to-date: /root/crs_ws_fanuc/install/trajopt/share/trajopt/test/data/pr2/meshes/base_v0/wheel_color.tif
[19.474s] -- Up-to-date: /root/crs_ws_fanuc/install/trajopt/share/trajopt/test/data/pr2/meshes/base_v0/base.dae
[19.512s] -- Up-to-date: /root/crs_ws_fanuc/install/trajopt/share/trajopt/test/data/pr2/meshes/base_v0/pr2_wheel.stl
[19.549s] -- Up-to-date: /root/crs_ws_fanuc/install/trajopt/share/trajopt/test/data/pr2/meshes/base_v0/base_color.tif
[19.586s] -- Up-to-date: /root/crs_ws_fanuc/install/trajopt/share/trajopt/test/data/pr2/meshes/base_v0/wheel_h_color.tif
[19.623s] -- Up-to-date: /root/crs_ws_fanuc/install/trajopt/share/trajopt/test/data/pr2/meshes/base_v0/iv
[19.623s] -- Up-to-date: /root/crs_ws_fanuc/install/trajopt/share/trajopt/test/data/pr2/meshes/base_v0/iv/base_L.iv
[19.710s] -- Up-to-date: /root/crs_ws_fanuc/install/trajopt/share/trajopt/test/data/pr2/meshes/base_v0/iv/base.iv
[19.756s] -- Up-to-date: /root/crs_ws_fanuc/install/trajopt/share/trajopt/test/data/pr2/meshes/base_v0/iv/pr2_wheel.iv
[19.802s] -- Up-to-date: /root/crs_ws_fanuc/install/trajopt/share/trajopt/test/data/pr2/meshes/base_v0/iv/caster_L.iv
[19.890s] -- Up-to-date: /root/crs_ws_fanuc/install/trajopt/share/trajopt/test/data/pr2/meshes/base_v0/iv/wheel.iv
[19.927s] -- Up-to-date: /root/crs_ws_fanuc/install/trajopt/share/trajopt/test/data/pr2/meshes/base_v0/iv/caster.iv
[19.964s] -- Up-to-date: /root/crs_ws_fanuc/install/trajopt/share/trajopt/test/data/pr2/meshes/base_v0/caster_L.stl
[20.052s] -- Up-to-date: /root/crs_ws_fanuc/install/trajopt/share/trajopt/test/data/pr2/meshes/base_v0/wheel_normals.tif
[20.106s] -- Up-to-date: /root/crs_ws_fanuc/install/trajopt/share/trajopt/test/data/pr2/meshes/base_v0/wheel.dae
[20.144s] -- Up-to-date: /root/crs_ws_fanuc/install/trajopt/share/trajopt/test/data/pr2/meshes/base_v0/wheel_h.dae
[20.208s] -- Up-to-date: /root/crs_ws_fanuc/install/trajopt/share/trajopt/test/data/pr2/meshes/base_v0/base_L.stl
[20.286s] -- Up-to-date: /root/crs_ws_fanuc/install/trajopt/share/trajopt/test/data/pr2/meshes/base_v0/convex
[20.286s] -- Up-to-date: /root/crs_ws_fanuc/install/trajopt/share/trajopt/test/data/pr2/meshes/base_v0/convex/caster_convex.stla
[20.374s] -- Up-to-date: /root/crs_ws_fanuc/install/trajopt/share/trajopt/test/data/pr2/meshes/base_v0/convex/caster.dae
[20.469s] -- Up-to-date: /root/crs_ws_fanuc/install/trajopt/share/trajopt/test/data/pr2/meshes/base_v0/convex/base_L.dae
[20.557s] -- Up-to-date: /root/crs_ws_fanuc/install/trajopt/share/trajopt/test/data/pr2/meshes/base_v0/convex/pr2_wheel_convex.stlb
[20.645s] -- Up-to-date: /root/crs_ws_fanuc/install/trajopt/share/trajopt/test/data/pr2/meshes/base_v0/convex/base_L.obj
[20.732s] -- Up-to-date: /root/crs_ws_fanuc/install/trajopt/share/trajopt/test/data/pr2/meshes/base_v0/convex/base_convex.stla
[20.828s] -- Up-to-date: /root/crs_ws_fanuc/install/trajopt/share/trajopt/test/data/pr2/meshes/base_v0/convex/base_convex.obj
[20.915s] -- Up-to-date: /root/crs_ws_fanuc/install/trajopt/share/trajopt/test/data/pr2/meshes/base_v0/convex/caster_convex.obj
[21.003s] -- Up-to-date: /root/crs_ws_fanuc/install/trajopt/share/trajopt/test/data/pr2/meshes/base_v0/convex/caster_L.dae
[21.090s] -- Up-to-date: /root/crs_ws_fanuc/install/trajopt/share/trajopt/test/data/pr2/meshes/base_v0/convex/caster.xml
[21.186s] -- Up-to-date: /root/crs_ws_fanuc/install/trajopt/share/trajopt/test/data/pr2/meshes/base_v0/convex/base.dae
[21.273s] -- Up-to-date: /root/crs_ws_fanuc/install/trajopt/share/trajopt/test/data/pr2/meshes/base_v0/convex/wheel_convex.iv
[21.360s] -- Up-to-date: /root/crs_ws_fanuc/install/trajopt/share/trajopt/test/data/pr2/meshes/base_v0/convex/pr2_wheel.obj
[21.398s] -- Up-to-date: /root/crs_ws_fanuc/install/trajopt/share/trajopt/test/data/pr2/meshes/base_v0/convex/wheel.xml
[21.485s] -- Up-to-date: /root/crs_ws_fanuc/install/trajopt/share/trajopt/test/data/pr2/meshes/base_v0/convex/pr2_wheel.xml
[21.572s] -- Up-to-date: /root/crs_ws_fanuc/install/trajopt/share/trajopt/test/data/pr2/meshes/base_v0/convex/caster.obj
[21.647s] -- Up-to-date: /root/crs_ws_fanuc/install/trajopt/share/trajopt/test/data/pr2/meshes/base_v0/convex/base_L_convex.iv
[21.735s] -- Up-to-date: /root/crs_ws_fanuc/install/trajopt/share/trajopt/test/data/pr2/meshes/base_v0/convex/caster_L_convex.stlb
[21.822s] -- Up-to-date: /root/crs_ws_fanuc/install/trajopt/share/trajopt/test/data/pr2/meshes/base_v0/convex/caster_L_convex.stla
[21.910s] -- Up-to-date: /root/crs_ws_fanuc/install/trajopt/share/trajopt/test/data/pr2/meshes/base_v0/convex/caster_L.obj
[22.040s] -- Up-to-date: /root/crs_ws_fanuc/install/trajopt/share/trajopt/test/data/pr2/meshes/base_v0/convex/base_L_convex.stla
[22.127s] -- Up-to-date: /root/crs_ws_fanuc/install/trajopt/share/trajopt/test/data/pr2/meshes/base_v0/convex/base_L.xml
[22.215s] -- Up-to-date: /root/crs_ws_fanuc/install/trajopt/share/trajopt/test/data/pr2/meshes/base_v0/convex/base.xml
[22.302s] -- Up-to-date: /root/crs_ws_fanuc/install/trajopt/share/trajopt/test/data/pr2/meshes/base_v0/convex/wheel_convex.stlb
[22.436s] -- Up-to-date: /root/crs_ws_fanuc/install/trajopt/share/trajopt/test/data/pr2/meshes/base_v0/convex/caster_convex.iv
[22.578s] -- Up-to-date: /root/crs_ws_fanuc/install/trajopt/share/trajopt/test/data/pr2/meshes/base_v0/convex/wheel.dae
[22.656s] -- Up-to-date: /root/crs_ws_fanuc/install/trajopt/share/trajopt/test/data/pr2/meshes/base_v0/convex/caster_L.xml
[22.744s] -- Up-to-date: /root/crs_ws_fanuc/install/trajopt/share/trajopt/test/data/pr2/meshes/base_v0/convex/pr2_wheel_convex.stla
[22.831s] -- Up-to-date: /root/crs_ws_fanuc/install/trajopt/share/trajopt/test/data/pr2/meshes/base_v0/convex/caster_L_convex.obj
[22.918s] -- Up-to-date: /root/crs_ws_fanuc/install/trajopt/share/trajopt/test/data/pr2/meshes/base_v0/convex/base_L_convex.stlb
[23.006s] -- Up-to-date: /root/crs_ws_fanuc/install/trajopt/share/trajopt/test/data/pr2/meshes/base_v0/convex/base_convex.stlb
[23.092s] -- Up-to-date: /root/crs_ws_fanuc/install/trajopt/share/trajopt/test/data/pr2/meshes/base_v0/convex/caster_L_convex.iv
[23.189s] -- Up-to-date: /root/crs_ws_fanuc/install/trajopt/share/trajopt/test/data/pr2/meshes/base_v0/convex/wheel_convex.obj
[23.276s] -- Up-to-date: /root/crs_ws_fanuc/install/trajopt/share/trajopt/test/data/pr2/meshes/base_v0/convex/base.obj
[23.313s] -- Up-to-date: /root/crs_ws_fanuc/install/trajopt/share/trajopt/test/data/pr2/meshes/base_v0/convex/base_L_convex.obj
[23.409s] -- Up-to-date: /root/crs_ws_fanuc/install/trajopt/share/trajopt/test/data/pr2/meshes/base_v0/convex/base_convex.iv
[23.496s] -- Up-to-date: /root/crs_ws_fanuc/install/trajopt/share/trajopt/test/data/pr2/meshes/base_v0/convex/wheel_convex.stla
[23.583s] -- Up-to-date: /root/crs_ws_fanuc/install/trajopt/share/trajopt/test/data/pr2/meshes/base_v0/convex/wheel.obj
[23.622s] -- Up-to-date: /root/crs_ws_fanuc/install/trajopt/share/trajopt/test/data/pr2/meshes/base_v0/convex/caster_convex.stlb
[23.709s] -- Up-to-date: /root/crs_ws_fanuc/install/trajopt/share/trajopt/test/data/pr2/meshes/base_v0/convex/pr2_wheel_convex.obj
[23.796s] -- Up-to-date: /root/crs_ws_fanuc/install/trajopt/share/trajopt/test/data/pr2/meshes/base_v0/convex/pr2_wheel_convex.iv
[23.884s] -- Up-to-date: /root/crs_ws_fanuc/install/trajopt/share/trajopt/test/data/pr2/meshes/base_v0/convex/pr2_wheel.dae
[23.970s] -- Up-to-date: /root/crs_ws_fanuc/install/trajopt/share/trajopt/test/data/pr2/meshes/base_v0/base.stl
[24.057s] -- Up-to-date: /root/crs_ws_fanuc/install/trajopt/share/trajopt/test/data/pr2/meshes/base_v0/base_normals.tif
[24.103s] -- Up-to-date: /root/crs_ws_fanuc/install/trajopt/share/trajopt/test/data/pr2/meshes/base_v0/wheel.stl
[24.192s] -- Up-to-date: /root/crs_ws_fanuc/install/trajopt/share/trajopt/test/data/pr2/meshes/base_v0/caster.stl
[24.279s] -- Up-to-date: /root/crs_ws_fanuc/install/trajopt/share/trajopt/test/data/pr2/meshes/upper_arm_v0
[24.280s] -- Up-to-date: /root/crs_ws_fanuc/install/trajopt/share/trajopt/test/data/pr2/meshes/upper_arm_v0/forearm_roll.stl
[24.367s] -- Up-to-date: /root/crs_ws_fanuc/install/trajopt/share/trajopt/test/data/pr2/meshes/upper_arm_v0/elbow_flex_normals.tif
[24.420s] -- Up-to-date: /root/crs_ws_fanuc/install/trajopt/share/trajopt/test/data/pr2/meshes/upper_arm_v0/iv
[24.421s] -- Up-to-date: /root/crs_ws_fanuc/install/trajopt/share/trajopt/test/data/pr2/meshes/upper_arm_v0/iv/forearm_roll_L.iv
[24.508s] -- Up-to-date: /root/crs_ws_fanuc/install/trajopt/share/trajopt/test/data/pr2/meshes/upper_arm_v0/iv/elbow_flex.iv
[24.595s] -- Up-to-date: /root/crs_ws_fanuc/install/trajopt/share/trajopt/test/data/pr2/meshes/upper_arm_v0/iv/forearm_roll.iv
[24.632s] -- Up-to-date: /root/crs_ws_fanuc/install/trajopt/share/trajopt/test/data/pr2/meshes/upper_arm_v0/iv/upper_arm.iv
[24.670s] -- Up-to-date: /root/crs_ws_fanuc/install/trajopt/share/trajopt/test/data/pr2/meshes/upper_arm_v0/upper_arm.jpg
[24.707s] -- Up-to-date: /root/crs_ws_fanuc/install/trajopt/share/trajopt/test/data/pr2/meshes/upper_arm_v0/elbow_flex.stl
[24.794s] -- Up-to-date: /root/crs_ws_fanuc/install/trajopt/share/trajopt/test/data/pr2/meshes/upper_arm_v0/upper_arm.stl
[24.882s] -- Up-to-date: /root/crs_ws_fanuc/install/trajopt/share/trajopt/test/data/pr2/meshes/upper_arm_v0/upper_arm.dae
[24.919s] -- Up-to-date: /root/crs_ws_fanuc/install/trajopt/share/trajopt/test/data/pr2/meshes/upper_arm_v0/upper_arm_color.tif
[24.956s] -- Up-to-date: /root/crs_ws_fanuc/install/trajopt/share/trajopt/test/data/pr2/meshes/upper_arm_v0/elbow_flex_color.tif
[24.994s] -- Up-to-date: /root/crs_ws_fanuc/install/trajopt/share/trajopt/test/data/pr2/meshes/upper_arm_v0/upper_arm_normals.tif
[25.049s] -- Up-to-date: /root/crs_ws_fanuc/install/trajopt/share/trajopt/test/data/pr2/meshes/upper_arm_v0/elbow_flex.dae
[25.085s] -- Up-to-date: /root/crs_ws_fanuc/install/trajopt/share/trajopt/test/data/pr2/meshes/upper_arm_v0/convex
[25.086s] -- Up-to-date: /root/crs_ws_fanuc/install/trajopt/share/trajopt/test/data/pr2/meshes/upper_arm_v0/convex/forearm_roll_L.obj
[25.174s] -- Up-to-date: /root/crs_ws_fanuc/install/trajopt/share/trajopt/test/data/pr2/meshes/upper_arm_v0/convex/upper_arm_convex.stla
[25.261s] -- Up-to-date: /root/crs_ws_fanuc/install/trajopt/share/trajopt/test/data/pr2/meshes/upper_arm_v0/convex/forearm_roll_L.dae
[25.349s] -- Up-to-date: /root/crs_ws_fanuc/install/trajopt/share/trajopt/test/data/pr2/meshes/upper_arm_v0/convex/forearm_roll.dae
[25.436s] -- Up-to-date: /root/crs_ws_fanuc/install/trajopt/share/trajopt/test/data/pr2/meshes/upper_arm_v0/convex/elbow_flex_convex.stlb
[25.524s] -- Up-to-date: /root/crs_ws_fanuc/install/trajopt/share/trajopt/test/data/pr2/meshes/upper_arm_v0/convex/upper_arm_convex.iv
[25.611s] -- Up-to-date: /root/crs_ws_fanuc/install/trajopt/share/trajopt/test/data/pr2/meshes/upper_arm_v0/convex/forearm_roll_L_convex.iv
[25.690s] -- Up-to-date: /root/crs_ws_fanuc/install/trajopt/share/trajopt/test/data/pr2/meshes/upper_arm_v0/convex/elbow_flex.obj
[25.777s] -- Up-to-date: /root/crs_ws_fanuc/install/trajopt/share/trajopt/test/data/pr2/meshes/upper_arm_v0/convex/upper_arm.obj
[25.873s] -- Up-to-date: /root/crs_ws_fanuc/install/trajopt/share/trajopt/test/data/pr2/meshes/upper_arm_v0/convex/upper_arm_convex.obj
[25.960s] -- Up-to-date: /root/crs_ws_fanuc/install/trajopt/share/trajopt/test/data/pr2/meshes/upper_arm_v0/convex/forearm_roll_convex.stlb
[26.048s] -- Up-to-date: /root/crs_ws_fanuc/install/trajopt/share/trajopt/test/data/pr2/meshes/upper_arm_v0/convex/elbow_flex_convex.iv
[26.135s] -- Up-to-date: /root/crs_ws_fanuc/install/trajopt/share/trajopt/test/data/pr2/meshes/upper_arm_v0/convex/forearm_roll_L.xml
[26.231s] -- Up-to-date: /root/crs_ws_fanuc/install/trajopt/share/trajopt/test/data/pr2/meshes/upper_arm_v0/convex/upper_arm_convex.stlb
[26.317s] -- Up-to-date: /root/crs_ws_fanuc/install/trajopt/share/trajopt/test/data/pr2/meshes/upper_arm_v0/convex/forearm_roll.obj
[26.355s] -- Up-to-date: /root/crs_ws_fanuc/install/trajopt/share/trajopt/test/data/pr2/meshes/upper_arm_v0/convex/upper_arm.dae
[26.451s] -- Up-to-date: /root/crs_ws_fanuc/install/trajopt/share/trajopt/test/data/pr2/meshes/upper_arm_v0/convex/upper_arm.xml
[26.538s] -- Up-to-date: /root/crs_ws_fanuc/install/trajopt/share/trajopt/test/data/pr2/meshes/upper_arm_v0/convex/forearm_roll.xml
[26.626s] -- Up-to-date: /root/crs_ws_fanuc/install/trajopt/share/trajopt/test/data/pr2/meshes/upper_arm_v0/convex/elbow_flex.dae
[26.713s] -- Up-to-date: /root/crs_ws_fanuc/install/trajopt/share/trajopt/test/data/pr2/meshes/upper_arm_v0/convex/elbow_flex_convex.obj
[26.809s] -- Up-to-date: /root/crs_ws_fanuc/install/trajopt/share/trajopt/test/data/pr2/meshes/upper_arm_v0/convex/elbow_flex_convex.stla
[26.897s] -- Up-to-date: /root/crs_ws_fanuc/install/trajopt/share/trajopt/test/data/pr2/meshes/upper_arm_v0/convex/forearm_roll_convex.iv
[26.984s] -- Up-to-date: /root/crs_ws_fanuc/install/trajopt/share/trajopt/test/data/pr2/meshes/upper_arm_v0/convex/elbow_flex.xml
[27.071s] -- Up-to-date: /root/crs_ws_fanuc/install/trajopt/share/trajopt/test/data/pr2/meshes/upper_arm_v0/convex/forearm_roll_L_convex.stla
[27.177s] -- Up-to-date: /root/crs_ws_fanuc/install/trajopt/share/trajopt/test/data/pr2/meshes/upper_arm_v0/convex/forearm_roll_convex.stla
[27.264s] -- Up-to-date: /root/crs_ws_fanuc/install/trajopt/share/trajopt/test/data/pr2/meshes/upper_arm_v0/convex/forearm_roll_L_convex.stlb
[27.352s] -- Up-to-date: /root/crs_ws_fanuc/install/trajopt/share/trajopt/test/data/pr2/meshes/upper_arm_v0/convex/forearm_roll_convex.obj
[27.439s] -- Up-to-date: /root/crs_ws_fanuc/install/trajopt/share/trajopt/test/data/pr2/meshes/upper_arm_v0/convex/forearm_roll_L_convex.obj
[27.577s] -- Up-to-date: /root/crs_ws_fanuc/install/trajopt/share/trajopt/test/data/pr2/meshes/upper_arm_v0/forearm_roll_L.stl
[27.664s] -- Up-to-date: /root/crs_ws_fanuc/install/trajopt/share/trajopt/test/data/pr2/meshes/forearm_v0
[27.665s] -- Up-to-date: /root/crs_ws_fanuc/install/trajopt/share/trajopt/test/data/pr2/meshes/forearm_v0/forearm.stl
[27.752s] -- Up-to-date: /root/crs_ws_fanuc/install/trajopt/share/trajopt/test/data/pr2/meshes/forearm_v0/iv
[27.753s] -- Up-to-date: /root/crs_ws_fanuc/install/trajopt/share/trajopt/test/data/pr2/meshes/forearm_v0/iv/wrist_roll.iv
[27.796s] -- Up-to-date: /root/crs_ws_fanuc/install/trajopt/share/trajopt/test/data/pr2/meshes/forearm_v0/iv/wrist_roll_L.iv
[27.885s] -- Up-to-date: /root/crs_ws_fanuc/install/trajopt/share/trajopt/test/data/pr2/meshes/forearm_v0/iv/wrist_flex.iv
[27.972s] -- Up-to-date: /root/crs_ws_fanuc/install/trajopt/share/trajopt/test/data/pr2/meshes/forearm_v0/iv/forearm.iv
[28.008s] -- Up-to-date: /root/crs_ws_fanuc/install/trajopt/share/trajopt/test/data/pr2/meshes/forearm_v0/forearm.dae
[28.047s] -- Up-to-date: /root/crs_ws_fanuc/install/trajopt/share/trajopt/test/data/pr2/meshes/forearm_v0/wrist_flex.stl
[28.126s] -- Up-to-date: /root/crs_ws_fanuc/install/trajopt/share/trajopt/test/data/pr2/meshes/forearm_v0/forearm.jpg
[28.163s] -- Up-to-date: /root/crs_ws_fanuc/install/trajopt/share/trajopt/test/data/pr2/meshes/forearm_v0/wrist_roll.stl
[28.250s] -- Up-to-date: /root/crs_ws_fanuc/install/trajopt/share/trajopt/test/data/pr2/meshes/forearm_v0/wrist_normals.tif
[28.296s] -- Up-to-date: /root/crs_ws_fanuc/install/trajopt/share/trajopt/test/data/pr2/meshes/forearm_v0/wrist_color.tif
[28.333s] -- Up-to-date: /root/crs_ws_fanuc/install/trajopt/share/trajopt/test/data/pr2/meshes/forearm_v0/forearm_normals.tif
[28.389s] -- Up-to-date: /root/crs_ws_fanuc/install/trajopt/share/trajopt/test/data/pr2/meshes/forearm_v0/wrist_roll_L.stl
[28.477s] -- Up-to-date: /root/crs_ws_fanuc/install/trajopt/share/trajopt/test/data/pr2/meshes/forearm_v0/convex
[28.477s] -- Up-to-date: /root/crs_ws_fanuc/install/trajopt/share/trajopt/test/data/pr2/meshes/forearm_v0/convex/wrist_flex_convex.iv
[28.564s] -- Up-to-date: /root/crs_ws_fanuc/install/trajopt/share/trajopt/test/data/pr2/meshes/forearm_v0/convex/forearm_convex.stla
[28.651s] -- Up-to-date: /root/crs_ws_fanuc/install/trajopt/share/trajopt/test/data/pr2/meshes/forearm_v0/convex/wrist_roll_L_convex.obj
[28.738s] -- Up-to-date: /root/crs_ws_fanuc/install/trajopt/share/trajopt/test/data/pr2/meshes/forearm_v0/convex/wrist_roll_L.obj
[28.825s] -- Up-to-date: /root/crs_ws_fanuc/install/trajopt/share/trajopt/test/data/pr2/meshes/forearm_v0/convex/wrist_roll.xml
[28.913s] -- Up-to-date: /root/crs_ws_fanuc/install/trajopt/share/trajopt/test/data/pr2/meshes/forearm_v0/convex/wrist_flex.xml
[29.000s] -- Up-to-date: /root/crs_ws_fanuc/install/trajopt/share/trajopt/test/data/pr2/meshes/forearm_v0/convex/wrist_roll_L_convex.stlb
[29.087s] -- Up-to-date: /root/crs_ws_fanuc/install/trajopt/share/trajopt/test/data/pr2/meshes/forearm_v0/convex/forearm_convex.iv
[29.208s] -- Up-to-date: /root/crs_ws_fanuc/install/trajopt/share/trajopt/test/data/pr2/meshes/forearm_v0/convex/wrist_roll.obj
[29.246s] -- Up-to-date: /root/crs_ws_fanuc/install/trajopt/share/trajopt/test/data/pr2/meshes/forearm_v0/convex/forearm.obj
[29.333s] -- Up-to-date: /root/crs_ws_fanuc/install/trajopt/share/trajopt/test/data/pr2/meshes/forearm_v0/convex/wrist_roll_L.dae
[29.429s] -- Up-to-date: /root/crs_ws_fanuc/install/trajopt/share/trajopt/test/data/pr2/meshes/forearm_v0/convex/forearm.dae
[29.516s] -- Up-to-date: /root/crs_ws_fanuc/install/trajopt/share/trajopt/test/data/pr2/meshes/forearm_v0/convex/wrist_roll_L_convex.iv
[29.604s] -- Up-to-date: /root/crs_ws_fanuc/install/trajopt/share/trajopt/test/data/pr2/meshes/forearm_v0/convex/wrist_roll_L_convex.stla
[29.691s] -- Up-to-date: /root/crs_ws_fanuc/install/trajopt/share/trajopt/test/data/pr2/meshes/forearm_v0/convex/forearm_convex.obj
[29.787s] -- Up-to-date: /root/crs_ws_fanuc/install/trajopt/share/trajopt/test/data/pr2/meshes/forearm_v0/convex/wrist_roll_L.xml
[29.874s] -- Up-to-date: /root/crs_ws_fanuc/install/trajopt/share/trajopt/test/data/pr2/meshes/forearm_v0/convex/forearm.xml
[29.962s] -- Up-to-date: /root/crs_ws_fanuc/install/trajopt/share/trajopt/test/data/pr2/meshes/forearm_v0/convex/wrist_roll.dae
[30.049s] -- Up-to-date: /root/crs_ws_fanuc/install/trajopt/share/trajopt/test/data/pr2/meshes/forearm_v0/convex/forearm_convex.stlb
[30.145s] -- Up-to-date: /root/crs_ws_fanuc/install/trajopt/share/trajopt/test/data/pr2/meshes/forearm_v0/convex/wrist_roll_convex.stla
[30.245s] -- Up-to-date: /root/crs_ws_fanuc/install/trajopt/share/trajopt/test/data/pr2/meshes/forearm_v0/convex/wrist_roll_convex.stlb
[30.399s] -- Up-to-date: /root/crs_ws_fanuc/install/trajopt/share/trajopt/test/data/pr2/meshes/forearm_v0/convex/wrist_flex.dae
[30.486s] -- Up-to-date: /root/crs_ws_fanuc/install/trajopt/share/trajopt/test/data/pr2/meshes/forearm_v0/convex/wrist_flex.obj
[30.566s] -- Up-to-date: /root/crs_ws_fanuc/install/trajopt/share/trajopt/test/data/pr2/meshes/forearm_v0/convex/wrist_flex_convex.obj
[30.653s] -- Up-to-date: /root/crs_ws_fanuc/install/trajopt/share/trajopt/test/data/pr2/meshes/forearm_v0/convex/wrist_flex_convex.stlb
[30.732s] -- Up-to-date: /root/crs_ws_fanuc/install/trajopt/share/trajopt/test/data/pr2/meshes/forearm_v0/convex/wrist_flex_convex.stla
[30.820s] -- Up-to-date: /root/crs_ws_fanuc/install/trajopt/share/trajopt/test/data/pr2/meshes/forearm_v0/convex/wrist_roll_convex.iv
[30.907s] -- Up-to-date: /root/crs_ws_fanuc/install/trajopt/share/trajopt/test/data/pr2/meshes/forearm_v0/convex/wrist_roll_convex.obj
[30.993s] -- Up-to-date: /root/crs_ws_fanuc/install/trajopt/share/trajopt/test/data/pr2/meshes/forearm_v0/wrist_flex.dae
[31.031s] -- Up-to-date: /root/crs_ws_fanuc/install/trajopt/share/trajopt/test/data/pr2/meshes/forearm_v0/forearm_color.tif
[31.103s] -- Up-to-date: /root/crs_ws_fanuc/install/trajopt/share/trajopt/test/data/pr2/meshes/shoulder_v0
[31.104s] -- Up-to-date: /root/crs_ws_fanuc/install/trajopt/share/trajopt/test/data/pr2/meshes/shoulder_v0/iv
[31.104s] -- Up-to-date: /root/crs_ws_fanuc/install/trajopt/share/trajopt/test/data/pr2/meshes/shoulder_v0/iv/shoulder_pan.iv
[31.191s] -- Up-to-date: /root/crs_ws_fanuc/install/trajopt/share/trajopt/test/data/pr2/meshes/shoulder_v0/iv/upper_arm_roll.iv
[31.229s] -- Up-to-date: /root/crs_ws_fanuc/install/trajopt/share/trajopt/test/data/pr2/meshes/shoulder_v0/iv/shoulder_lift.iv
[31.317s] -- Up-to-date: /root/crs_ws_fanuc/install/trajopt/share/trajopt/test/data/pr2/meshes/shoulder_v0/iv/upper_arm_roll_L.iv
[31.404s] -- Up-to-date: /root/crs_ws_fanuc/install/trajopt/share/trajopt/test/data/pr2/meshes/shoulder_v0/iv/shoulder_yaw.iv
[31.449s] -- Up-to-date: /root/crs_ws_fanuc/install/trajopt/share/trajopt/test/data/pr2/meshes/shoulder_v0/upper_arm_roll_normals.tif
[31.503s] -- Up-to-date: /root/crs_ws_fanuc/install/trajopt/share/trajopt/test/data/pr2/meshes/shoulder_v0/upper_arm_roll.stl
[31.591s] -- Up-to-date: /root/crs_ws_fanuc/install/trajopt/share/trajopt/test/data/pr2/meshes/shoulder_v0/shoulder_lift_color.tif
[31.670s] -- Up-to-date: /root/crs_ws_fanuc/install/trajopt/share/trajopt/test/data/pr2/meshes/shoulder_v0/shoulder_lift_normals.tif
[31.724s] -- Up-to-date: /root/crs_ws_fanuc/install/trajopt/share/trajopt/test/data/pr2/meshes/shoulder_v0/shoulder_pan.stl
[31.812s] -- Up-to-date: /root/crs_ws_fanuc/install/trajopt/share/trajopt/test/data/pr2/meshes/shoulder_v0/upper_arm_roll_color.tif
[31.849s] -- Up-to-date: /root/crs_ws_fanuc/install/trajopt/share/trajopt/test/data/pr2/meshes/shoulder_v0/shoulder_pan_normals.tif
[31.903s] -- Up-to-date: /root/crs_ws_fanuc/install/trajopt/share/trajopt/test/data/pr2/meshes/shoulder_v0/shoulder_lift.stl
[31.991s] -- Up-to-date: /root/crs_ws_fanuc/install/trajopt/share/trajopt/test/data/pr2/meshes/shoulder_v0/shoulder_pan.dae
[32.029s] -- Up-to-date: /root/crs_ws_fanuc/install/trajopt/share/trajopt/test/data/pr2/meshes/shoulder_v0/upper_arm_roll_L.stl
[32.116s] -- Up-to-date: /root/crs_ws_fanuc/install/trajopt/share/trajopt/test/data/pr2/meshes/shoulder_v0/shoulder_yaw.stl
[32.203s] -- Up-to-date: /root/crs_ws_fanuc/install/trajopt/share/trajopt/test/data/pr2/meshes/shoulder_v0/convex
[32.204s] -- Up-to-date: /root/crs_ws_fanuc/install/trajopt/share/trajopt/test/data/pr2/meshes/shoulder_v0/convex/upper_arm_roll_L_convex.obj
[32.291s] -- Up-to-date: /root/crs_ws_fanuc/install/trajopt/share/trajopt/test/data/pr2/meshes/shoulder_v0/convex/upper_arm_roll_L.dae
[32.378s] -- Up-to-date: /root/crs_ws_fanuc/install/trajopt/share/trajopt/test/data/pr2/meshes/shoulder_v0/convex/shoulder_pan_convex.iv
[32.466s] -- Up-to-date: /root/crs_ws_fanuc/install/trajopt/share/trajopt/test/data/pr2/meshes/shoulder_v0/convex/shoulder_pan.obj
[32.571s] -- Up-to-date: /root/crs_ws_fanuc/install/trajopt/share/trajopt/test/data/pr2/meshes/shoulder_v0/convex/shoulder_pan_convex.stla
[32.709s] -- Up-to-date: /root/crs_ws_fanuc/install/trajopt/share/trajopt/test/data/pr2/meshes/shoulder_v0/convex/upper_arm_roll_L_convex.stla
[32.796s] -- Up-to-date: /root/crs_ws_fanuc/install/trajopt/share/trajopt/test/data/pr2/meshes/shoulder_v0/convex/shoulder_lift_convex.stlb
[32.884s] -- Up-to-date: /root/crs_ws_fanuc/install/trajopt/share/trajopt/test/data/pr2/meshes/shoulder_v0/convex/upper_arm_roll_convex.obj
[32.963s] -- Up-to-date: /root/crs_ws_fanuc/install/trajopt/share/trajopt/test/data/pr2/meshes/shoulder_v0/convex/shoulder_lift.obj
[33.051s] -- Up-to-date: /root/crs_ws_fanuc/install/trajopt/share/trajopt/test/data/pr2/meshes/shoulder_v0/convex/upper_arm_roll_convex.iv
[33.137s] -- Up-to-date: /root/crs_ws_fanuc/install/trajopt/share/trajopt/test/data/pr2/meshes/shoulder_v0/convex/shoulder_yaw.xml
[33.225s] -- Up-to-date: /root/crs_ws_fanuc/install/trajopt/share/trajopt/test/data/pr2/meshes/shoulder_v0/convex/shoulder_pan_convex.stlb
[33.304s] -- Up-to-date: /root/crs_ws_fanuc/install/trajopt/share/trajopt/test/data/pr2/meshes/shoulder_v0/convex/shoulder_yaw_convex.obj
[33.391s] -- Up-to-date: /root/crs_ws_fanuc/install/trajopt/share/trajopt/test/data/pr2/meshes/shoulder_v0/convex/shoulder_lift.xml
[33.479s] -- Up-to-date: /root/crs_ws_fanuc/install/trajopt/share/trajopt/test/data/pr2/meshes/shoulder_v0/convex/upper_arm_roll.obj
[33.516s] -- Up-to-date: /root/crs_ws_fanuc/install/trajopt/share/trajopt/test/data/pr2/meshes/shoulder_v0/convex/shoulder_yaw.obj
[33.553s] -- Up-to-date: /root/crs_ws_fanuc/install/trajopt/share/trajopt/test/data/pr2/meshes/shoulder_v0/convex/upper_arm_roll_L.obj
[33.640s] -- Up-to-date: /root/crs_ws_fanuc/install/trajopt/share/trajopt/test/data/pr2/meshes/shoulder_v0/convex/shoulder_lift_convex.stla
[33.719s] -- Up-to-date: /root/crs_ws_fanuc/install/trajopt/share/trajopt/test/data/pr2/meshes/shoulder_v0/convex/upper_arm_roll_convex.stlb
[33.807s] -- Up-to-date: /root/crs_ws_fanuc/install/trajopt/share/trajopt/test/data/pr2/meshes/shoulder_v0/convex/upper_arm_roll_L.xml
[33.928s] -- Up-to-date: /root/crs_ws_fanuc/install/trajopt/share/trajopt/test/data/pr2/meshes/shoulder_v0/convex/shoulder_lift_convex.iv
[34.057s] -- Up-to-date: /root/crs_ws_fanuc/install/trajopt/share/trajopt/test/data/pr2/meshes/shoulder_v0/convex/upper_arm_roll_L_convex.stlb
[34.145s] -- Up-to-date: /root/crs_ws_fanuc/install/trajopt/share/trajopt/test/data/pr2/meshes/shoulder_v0/convex/shoulder_yaw_convex.stla
[34.232s] -- Up-to-date: /root/crs_ws_fanuc/install/trajopt/share/trajopt/test/data/pr2/meshes/shoulder_v0/convex/shoulder_pan.dae
[34.310s] -- Up-to-date: /root/crs_ws_fanuc/install/trajopt/share/trajopt/test/data/pr2/meshes/shoulder_v0/convex/shoulder_yaw_convex.stlb
[34.397s] -- Up-to-date: /root/crs_ws_fanuc/install/trajopt/share/trajopt/test/data/pr2/meshes/shoulder_v0/convex/shoulder_pan_convex.obj
[34.477s] -- Up-to-date: /root/crs_ws_fanuc/install/trajopt/share/trajopt/test/data/pr2/meshes/shoulder_v0/convex/shoulder_yaw.dae
[34.564s] -- Up-to-date: /root/crs_ws_fanuc/install/trajopt/share/trajopt/test/data/pr2/meshes/shoulder_v0/convex/shoulder_pan.xml
[34.652s] -- Up-to-date: /root/crs_ws_fanuc/install/trajopt/share/trajopt/test/data/pr2/meshes/shoulder_v0/convex/shoulder_lift_convex.obj
[34.739s] -- Up-to-date: /root/crs_ws_fanuc/install/trajopt/share/trajopt/test/data/pr2/meshes/shoulder_v0/convex/upper_arm_roll.xml
[34.827s] -- Up-to-date: /root/crs_ws_fanuc/install/trajopt/share/trajopt/test/data/pr2/meshes/shoulder_v0/convex/upper_arm_roll.dae
[34.914s] -- Up-to-date: /root/crs_ws_fanuc/install/trajopt/share/trajopt/test/data/pr2/meshes/shoulder_v0/convex/upper_arm_roll_convex.stla
[35.001s] -- Up-to-date: /root/crs_ws_fanuc/install/trajopt/share/trajopt/test/data/pr2/meshes/shoulder_v0/convex/shoulder_yaw_convex.iv
[35.089s] -- Up-to-date: /root/crs_ws_fanuc/install/trajopt/share/trajopt/test/data/pr2/meshes/shoulder_v0/convex/shoulder_lift.dae
[35.176s] -- Up-to-date: /root/crs_ws_fanuc/install/trajopt/share/trajopt/test/data/pr2/meshes/shoulder_v0/convex/upper_arm_roll_L_convex.iv
[35.264s] -- Up-to-date: /root/crs_ws_fanuc/install/trajopt/share/trajopt/test/data/pr2/meshes/shoulder_v0/upper_arm_roll.dae
[35.301s] -- Up-to-date: /root/crs_ws_fanuc/install/trajopt/share/trajopt/test/data/pr2/meshes/shoulder_v0/shoulder_pan_color.tif
[35.374s] -- Up-to-date: /root/crs_ws_fanuc/install/trajopt/share/trajopt/test/data/pr2/meshes/shoulder_v0/shoulder_lift.dae
[35.411s] -- Up-to-date: /root/crs_ws_fanuc/install/trajopt/share/trajopt/test/data/pr2/meshes/sensors
[35.412s] -- Up-to-date: /root/crs_ws_fanuc/install/trajopt/share/trajopt/test/data/pr2/meshes/sensors/kinect2_v0
[35.412s] -- Up-to-date: /root/crs_ws_fanuc/install/trajopt/share/trajopt/test/data/pr2/meshes/sensors/kinect2_v0/kinect2_assembly.STL
[35.457s] -- Up-to-date: /root/crs_ws_fanuc/install/trajopt/share/trajopt/test/data/pr2/meshes/sensors/kinect_prosilica_v0
[35.458s] -- Up-to-date: /root/crs_ws_fanuc/install/trajopt/share/trajopt/test/data/pr2/meshes/sensors/kinect_prosilica_v0/115x100_swept_back_no_sensors--coarse.STL
[35.502s] -- Up-to-date: /root/crs_ws_fanuc/install/trajopt/share/trajopt/test/data/pr2/meshes/sensors/kinect_prosilica_v0/68-04546_Kinect_Sensor--coarse.STL
[35.540s] -- Up-to-date: /root/crs_ws_fanuc/install/trajopt/share/trajopt/test/data/pr2/meshes/sensors/kinect_prosilica_v0/115x100_swept_fwd--coarse.STL
[35.586s] -- Up-to-date: /root/crs_ws_fanuc/install/trajopt/share/trajopt/test/data/pr2/meshes/sensors/kinect_prosilica_v0/115x100_swept_back--coarse.STL
[35.631s] -- Up-to-date: /root/crs_ws_fanuc/install/trajopt/share/trajopt/test/data/pr2/meshes/sensors/kinect_prosilica_v0/Prosilica_w_Lens--coarse.STL
[35.687s] -- Up-to-date: /root/crs_ws_fanuc/install/trajopt/share/trajopt/test/data/pr2/meshes/sensors/kinect_prosilica_v0/115x100_swept_fwd_no_sensors--coarse.STL
[35.731s] -- Up-to-date: /root/crs_ws_fanuc/install/trajopt/share/trajopt/test/data/pr2/meshes/sensors/kinect_v0
[35.732s] -- Up-to-date: /root/crs_ws_fanuc/install/trajopt/share/trajopt/test/data/pr2/meshes/sensors/kinect_v0/kinect.dae
[35.769s] -- Up-to-date: /root/crs_ws_fanuc/install/trajopt/share/trajopt/test/data/pr2/meshes/sensors/kinect_v0/kinect.tga
[35.857s] -- Up-to-date: /root/crs_ws_fanuc/install/trajopt/share/trajopt/test/data/pr2/meshes/sensors/kinect_v0/kinect_color.tga
[35.944s] -- Up-to-date: /root/crs_ws_fanuc/install/trajopt/share/trajopt/test/data/pr2/meshes/sensors/kinect_v0/kinect_mount.stl
[35.982s] -- Up-to-date: /root/crs_ws_fanuc/install/trajopt/share/trajopt/test/data/pr2/materials
[35.983s] -- Up-to-date: /root/crs_ws_fanuc/install/trajopt/share/trajopt/test/data/pr2/materials/textures
[35.983s] -- Up-to-date: /root/crs_ws_fanuc/install/trajopt/share/trajopt/test/data/pr2/materials/textures/pr2_wheel_right.png
[36.069s] -- Up-to-date: /root/crs_ws_fanuc/install/trajopt/share/trajopt/test/data/pr2/materials/textures/pr2_wheel_left.png
[36.157s] -- Up-to-date: /root/crs_ws_fanuc/install/trajopt/share/trajopt/test/data/pr2/materials/textures/pr2_caster_texture.png
[36.236s] -- Up-to-date: /root/crs_ws_fanuc/install/trajopt/share/trajopt/test/data/boxbot.srdf
[36.323s] -- Up-to-date: /root/crs_ws_fanuc/install/trajopt/share/trajopt/test/data/boxbot_macro.xacro
[36.410s] -- Up-to-date: /root/crs_ws_fanuc/install/trajopt/share/trajopt/test/data/box_1m_macro.xacro
[36.497s] -- Up-to-date: /root/crs_ws_fanuc/install/trajopt/share/trajopt/test/data/pr2.srdf
[36.534s] -- Up-to-date: /root/crs_ws_fanuc/install/trajopt/share/trajopt/test/data/arm_around_table.urdf
[36.572s] -- Up-to-date: /root/crs_ws_fanuc/install/trajopt/share/trajopt/test/data/boxbot.xacro
[36.652s] -- Up-to-date: /root/crs_ws_fanuc/install/trajopt/share/trajopt/test/data/config
[36.652s] -- Up-to-date: /root/crs_ws_fanuc/install/trajopt/share/trajopt/test/data/config/numerical_ik1.json
[36.739s] -- Up-to-date: /root/crs_ws_fanuc/install/trajopt/share/trajopt/test/data/config/arm_around_table_continuous.json
[36.827s] -- Up-to-date: /root/crs_ws_fanuc/install/trajopt/share/trajopt/test/data/config/arm_around_table_time.json
[36.913s] -- Up-to-date: /root/crs_ws_fanuc/install/trajopt/share/trajopt/test/data/config/box_cast_test.json
[36.993s] -- Up-to-date: /root/crs_ws_fanuc/install/trajopt/share/trajopt/test/data/config/arm_around_table.json
[37.080s] -- Up-to-date: /root/crs_ws_fanuc/install/trajopt/share/trajopt/test/data/config/boxbot_kinematics.yaml
[37.159s] -- Up-to-date: /root/crs_ws_fanuc/install/trajopt/share/trajopt/test/data/config/boxbot_joint_limits.yaml
[37.247s] -- Up-to-date: /root/crs_ws_fanuc/install/trajopt/share/trajopt/test/data/config/pr2_kinematics.yaml
[37.334s] -- Up-to-date: /root/crs_ws_fanuc/install/trajopt/share/trajopt/test/data/config/pr2_joint_limits.yaml
[37.420s] -- Up-to-date: /root/crs_ws_fanuc/install/trajopt/share/trajopt/test/data/boxbot_world.xacro
[37.508s] -- Up-to-date: /root/crs_ws_fanuc/install/trajopt/include/trajopt
[37.508s] -- Up-to-date: /root/crs_ws_fanuc/install/trajopt/include/trajopt/kinematic_terms.hpp
[37.596s] -- Up-to-date: /root/crs_ws_fanuc/install/trajopt/include/trajopt/json_marshal.hpp
[37.684s] -- Up-to-date: /root/crs_ws_fanuc/install/trajopt/include/trajopt/common.hpp
[37.842s] -- Up-to-date: /root/crs_ws_fanuc/install/trajopt/include/trajopt/plot_callback.hpp
[38.004s] -- Up-to-date: /root/crs_ws_fanuc/install/trajopt/include/trajopt/collision_terms.hpp
[38.111s] -- Up-to-date: /root/crs_ws_fanuc/install/trajopt/include/trajopt/utils.hpp
[38.206s] -- Up-to-date: /root/crs_ws_fanuc/install/trajopt/include/trajopt/problem_description.hpp
[38.294s] -- Up-to-date: /root/crs_ws_fanuc/install/trajopt/include/trajopt/cache.hxx
[38.381s] -- Up-to-date: /root/crs_ws_fanuc/install/trajopt/include/trajopt/typedefs.hpp
[38.469s] -- Up-to-date: /root/crs_ws_fanuc/install/trajopt/include/trajopt/file_write_callback.hpp
[38.564s] -- Up-to-date: /root/crs_ws_fanuc/install/trajopt/include/trajopt/trajectory_costs.hpp
[38.750s] Invoked command in '/root/crs_ws_fanuc/build/trajopt' returned '0': CMAKE_PREFIX_PATH=/root/crs_ws_fanuc/install/trajopt_sco:/root/crs_ws_fanuc/install/trajopt_utils:/root/crs_ws_fanuc/install/osqp:/opt/qt513/lib/cmake:/opt/ros/eloquent LD_LIBRARY_PATH=/root/crs_ws_fanuc/install/trajopt_sco/lib:/root/crs_ws_fanuc/install/trajopt_utils/lib:/root/crs_ws_fanuc/install/osqp/lib:${LD_LIBRARY_PATH} PATH=/root/crs_ws_fanuc/install/trajopt_sco/bin:${PATH} PKG_CONFIG_PATH=/root/crs_ws_fanuc/install/trajopt_sco/lib/x86_64-linux-gnu/pkgconfig:/root/crs_ws_fanuc/install/trajopt_sco/lib/pkgconfig:/root/crs_ws_fanuc/install/trajopt_utils/lib/x86_64-linux-gnu/pkgconfig:/root/crs_ws_fanuc/install/trajopt_utils/lib/pkgconfig:/root/crs_ws_fanuc/install/osqp/lib/x86_64-linux-gnu/pkgconfig:/root/crs_ws_fanuc/install/osqp/lib/pkgconfig /usr/bin/cmake --build /root/crs_ws_fanuc/build/trajopt --target install -- -j8 -l8
