-- The C compiler identification is GNU 7.5.0
-- The CXX compiler identification is GNU 7.5.0
-- Check for working C compiler: /usr/bin/cc
-- Check for working C compiler: /usr/bin/cc -- works
-- Detecting C compiler ABI info
-- Detecting C compiler ABI info - done
-- Detecting C compile features
-- Detecting C compile features - done
-- Check for working CXX compiler: /usr/bin/c++
-- Check for working CXX compiler: /usr/bin/c++ -- works
-- Detecting CXX compiler ABI info
-- Detecting CXX compiler ABI info - done
-- Detecting CXX compile features
-- Detecting CXX compile features - done
-- Found ament_cmake: 0.8.3 (/opt/ros/eloquent/share/ament_cmake/cmake)
-- Found PythonInterp: /usr/bin/python3 (found suitable version "3.6.9", minimum required is "3") 
-- Using PYTHON_EXECUTABLE: /usr/bin/python3
-- Override CMake install command with custom implementation using symlinks instead of copying resources
-- Found rosidl_default_generators: 0.8.0 (/opt/ros/eloquent/share/rosidl_default_generators/cmake)
-- Found OpenSSL: /usr/lib/x86_64-linux-gnu/libcrypto.so (found version "1.1.1") 
-- Found FastRTPS: /opt/ros/eloquent/include  
-- Found rosidl_adapter: 0.8.3 (/opt/ros/eloquent/share/rosidl_adapter/cmake)
-- Found std_msgs: 0.8.1 (/opt/ros/eloquent/share/std_msgs/cmake)
-- Found geometry_msgs: 0.8.1 (/opt/ros/eloquent/share/geometry_msgs/cmake)
-- Found PythonInterp: /usr/bin/python3 (found version "3.6.9") 
-- Using single matching rosidl_typesupport_c: rosidl_typesupport_fastrtps_c
-- Using single matching rosidl_typesupport_cpp: rosidl_typesupport_fastrtps_cpp
-- Found rmw_implementation_cmake: 0.8.1 (/opt/ros/eloquent/share/rmw_implementation_cmake/cmake)
-- Found PythonInterp: /usr/bin/python3 (found suitable version "3.6.9", minimum required is "3.5") 
-- Found python_cmake_module: 0.8.0 (/opt/ros/eloquent/share/python_cmake_module/cmake)
-- Found PythonLibs: /usr/lib/x86_64-linux-gnu/libpython3.6m.so (found suitable version "3.6.9", minimum required is "3.5") 
-- Using PYTHON_EXECUTABLE: /usr/bin/python3
-- Using PYTHON_INCLUDE_DIRS: /usr/include/python3.6m
-- Using PYTHON_LIBRARIES: /usr/lib/x86_64-linux-gnu/libpython3.6m.so
-- Found PythonExtra: .so  
-- Configuring done
-- Generating done
-- Build files have been written to: /root/crs_ws_fanuc/build/octomap_msgs
[35m[1mScanning dependencies of target octomap_msgs__cpp[0m
[  1%] [34m[1mGenerating C++ code for ROS interfaces[0m
[  1%] Built target octomap_msgs__cpp
[  3%] [34m[1mGenerating C code for ROS interfaces[0m
[35m[1mScanning dependencies of target octomap_msgs__rosidl_generator_c[0m
[  5%] [32mBuilding C object CMakeFiles/octomap_msgs__rosidl_generator_c.dir/rosidl_generator_c/octomap_msgs/msg/octomap__functions.c.o[0m
[  7%] [32mBuilding C object CMakeFiles/octomap_msgs__rosidl_generator_c.dir/rosidl_generator_c/octomap_msgs/srv/get_octomap__functions.c.o[0m
[  9%] [32mBuilding C object CMakeFiles/octomap_msgs__rosidl_generator_c.dir/rosidl_generator_c/octomap_msgs/srv/bounding_box_query__functions.c.o[0m
[ 11%] [32mBuilding C object CMakeFiles/octomap_msgs__rosidl_generator_c.dir/rosidl_generator_c/octomap_msgs/msg/octomap_with_pose__functions.c.o[0m
[ 13%] [32m[1mLinking C shared library liboctomap_msgs__rosidl_generator_c.so[0m
[ 13%] Built target octomap_msgs__rosidl_generator_c
[ 15%] [34m[1mGenerating C++ introspection for ROS interfaces[0m
[35m[1mScanning dependencies of target octomap_msgs__rosidl_typesupport_introspection_cpp[0m
[ 16%] [32mBuilding CXX object CMakeFiles/octomap_msgs__rosidl_typesupport_introspection_cpp.dir/rosidl_typesupport_introspection_cpp/octomap_msgs/msg/octomap__type_support.cpp.o[0m
[ 18%] [32mBuilding CXX object CMakeFiles/octomap_msgs__rosidl_typesupport_introspection_cpp.dir/rosidl_typesupport_introspection_cpp/octomap_msgs/srv/get_octomap__type_support.cpp.o[0m
[ 20%] [32mBuilding CXX object CMakeFiles/octomap_msgs__rosidl_typesupport_introspection_cpp.dir/rosidl_typesupport_introspection_cpp/octomap_msgs/srv/bounding_box_query__type_support.cpp.o[0m
[ 22%] [32mBuilding CXX object CMakeFiles/octomap_msgs__rosidl_typesupport_introspection_cpp.dir/rosidl_typesupport_introspection_cpp/octomap_msgs/msg/octomap_with_pose__type_support.cpp.o[0m
[ 24%] [32m[1mLinking CXX shared library liboctomap_msgs__rosidl_typesupport_introspection_cpp.so[0m
[ 24%] Built target octomap_msgs__rosidl_typesupport_introspection_cpp
[ 26%] [34m[1mGenerating C introspection for ROS interfaces[0m
[35m[1mScanning dependencies of target octomap_msgs__rosidl_typesupport_introspection_c[0m
[ 28%] [32mBuilding C object CMakeFiles/octomap_msgs__rosidl_typesupport_introspection_c.dir/rosidl_typesupport_introspection_c/octomap_msgs/msg/octomap__type_support.c.o[0m
[ 30%] [32mBuilding C object CMakeFiles/octomap_msgs__rosidl_typesupport_introspection_c.dir/rosidl_typesupport_introspection_c/octomap_msgs/srv/get_octomap__type_support.c.o[0m
[ 32%] [32mBuilding C object CMakeFiles/octomap_msgs__rosidl_typesupport_introspection_c.dir/rosidl_typesupport_introspection_c/octomap_msgs/srv/bounding_box_query__type_support.c.o[0m
[ 33%] [32mBuilding C object CMakeFiles/octomap_msgs__rosidl_typesupport_introspection_c.dir/rosidl_typesupport_introspection_c/octomap_msgs/msg/octomap_with_pose__type_support.c.o[0m
[ 35%] [32m[1mLinking C shared library liboctomap_msgs__rosidl_typesupport_introspection_c.so[0m
[ 35%] Built target octomap_msgs__rosidl_typesupport_introspection_c
[ 37%] [34m[1mGenerating C++ type support for eProsima Fast-RTPS[0m
[35m[1mScanning dependencies of target octomap_msgs__rosidl_typesupport_fastrtps_cpp[0m
[ 39%] [32mBuilding CXX object CMakeFiles/octomap_msgs__rosidl_typesupport_fastrtps_cpp.dir/rosidl_typesupport_fastrtps_cpp/octomap_msgs/msg/dds_fastrtps/octomap__type_support.cpp.o[0m
[ 41%] [32mBuilding CXX object CMakeFiles/octomap_msgs__rosidl_typesupport_fastrtps_cpp.dir/rosidl_typesupport_fastrtps_cpp/octomap_msgs/srv/dds_fastrtps/get_octomap__type_support.cpp.o[0m
[ 43%] [32mBuilding CXX object CMakeFiles/octomap_msgs__rosidl_typesupport_fastrtps_cpp.dir/rosidl_typesupport_fastrtps_cpp/octomap_msgs/srv/dds_fastrtps/bounding_box_query__type_support.cpp.o[0m
[ 45%] [32mBuilding CXX object CMakeFiles/octomap_msgs__rosidl_typesupport_fastrtps_cpp.dir/rosidl_typesupport_fastrtps_cpp/octomap_msgs/msg/dds_fastrtps/octomap_with_pose__type_support.cpp.o[0m
[ 47%] [32m[1mLinking CXX shared library liboctomap_msgs__rosidl_typesupport_fastrtps_cpp.so[0m
[ 47%] Built target octomap_msgs__rosidl_typesupport_fastrtps_cpp
[ 49%] [34m[1mGenerating C type support for eProsima Fast-RTPS[0m
[35m[1mScanning dependencies of target octomap_msgs__rosidl_typesupport_fastrtps_c[0m
[ 50%] [32mBuilding CXX object CMakeFiles/octomap_msgs__rosidl_typesupport_fastrtps_c.dir/rosidl_typesupport_fastrtps_c/octomap_msgs/msg/octomap__type_support_c.cpp.o[0m
[ 52%] [32mBuilding CXX object CMakeFiles/octomap_msgs__rosidl_typesupport_fastrtps_c.dir/rosidl_typesupport_fastrtps_c/octomap_msgs/srv/get_octomap__type_support_c.cpp.o[0m
[ 54%] [32mBuilding CXX object CMakeFiles/octomap_msgs__rosidl_typesupport_fastrtps_c.dir/rosidl_typesupport_fastrtps_c/octomap_msgs/srv/bounding_box_query__type_support_c.cpp.o[0m
[ 56%] [32mBuilding CXX object CMakeFiles/octomap_msgs__rosidl_typesupport_fastrtps_c.dir/rosidl_typesupport_fastrtps_c/octomap_msgs/msg/octomap_with_pose__type_support_c.cpp.o[0m
[ 58%] [32m[1mLinking CXX shared library liboctomap_msgs__rosidl_typesupport_fastrtps_c.so[0m
[ 58%] Built target octomap_msgs__rosidl_typesupport_fastrtps_c
[ 60%] [34m[1mGenerating C++ type support dispatch for ROS interfaces[0m
[35m[1mScanning dependencies of target octomap_msgs__rosidl_typesupport_cpp[0m
[ 62%] [32mBuilding CXX object CMakeFiles/octomap_msgs__rosidl_typesupport_cpp.dir/rosidl_typesupport_cpp/octomap_msgs/msg/octomap__type_support.cpp.o[0m
[ 64%] [32mBuilding CXX object CMakeFiles/octomap_msgs__rosidl_typesupport_cpp.dir/rosidl_typesupport_cpp/octomap_msgs/srv/get_octomap__type_support.cpp.o[0m
[ 66%] [32mBuilding CXX object CMakeFiles/octomap_msgs__rosidl_typesupport_cpp.dir/rosidl_typesupport_cpp/octomap_msgs/srv/bounding_box_query__type_support.cpp.o[0m
[ 67%] [32mBuilding CXX object CMakeFiles/octomap_msgs__rosidl_typesupport_cpp.dir/rosidl_typesupport_cpp/octomap_msgs/msg/octomap_with_pose__type_support.cpp.o[0m
[ 69%] [32m[1mLinking CXX shared library liboctomap_msgs__rosidl_typesupport_cpp.so[0m
[ 69%] Built target octomap_msgs__rosidl_typesupport_cpp
[ 71%] [34m[1mGenerating C type support dispatch for ROS interfaces[0m
[35m[1mScanning dependencies of target octomap_msgs__rosidl_typesupport_c[0m
[ 73%] [32mBuilding CXX object CMakeFiles/octomap_msgs__rosidl_typesupport_c.dir/rosidl_typesupport_c/octomap_msgs/msg/octomap__type_support.cpp.o[0m
[ 75%] [32mBuilding CXX object CMakeFiles/octomap_msgs__rosidl_typesupport_c.dir/rosidl_typesupport_c/octomap_msgs/srv/get_octomap__type_support.cpp.o[0m
[ 77%] [32mBuilding CXX object CMakeFiles/octomap_msgs__rosidl_typesupport_c.dir/rosidl_typesupport_c/octomap_msgs/srv/bounding_box_query__type_support.cpp.o[0m
[ 79%] [32mBuilding CXX object CMakeFiles/octomap_msgs__rosidl_typesupport_c.dir/rosidl_typesupport_c/octomap_msgs/msg/octomap_with_pose__type_support.cpp.o[0m
[ 81%] [32m[1mLinking CXX shared library liboctomap_msgs__rosidl_typesupport_c.so[0m
[ 81%] Built target octomap_msgs__rosidl_typesupport_c
[35m[1mScanning dependencies of target octomap_msgs[0m
[ 81%] Built target octomap_msgs
[35m[1mScanning dependencies of target octomap_msgs__py[0m
[ 83%] [34m[1mGenerating Python code for ROS interfaces[0m
[ 83%] Built target octomap_msgs__py
[35m[1mScanning dependencies of target octomap_msgs__python[0m
[ 84%] [32mBuilding C object CMakeFiles/octomap_msgs__python.dir/rosidl_generator_py/octomap_msgs/msg/_octomap_s.c.o[0m
[ 86%] [32mBuilding C object CMakeFiles/octomap_msgs__python.dir/rosidl_generator_py/octomap_msgs/srv/_get_octomap_s.c.o[0m
[ 88%] [32mBuilding C object CMakeFiles/octomap_msgs__python.dir/rosidl_generator_py/octomap_msgs/srv/_bounding_box_query_s.c.o[0m
[ 90%] [32mBuilding C object CMakeFiles/octomap_msgs__python.dir/rosidl_generator_py/octomap_msgs/msg/_octomap_with_pose_s.c.o[0m
[ 92%] [32m[1mLinking CXX shared library rosidl_generator_py/octomap_msgs/liboctomap_msgs__python.so[0m
[ 92%] Built target octomap_msgs__python
[35m[1mScanning dependencies of target octomap_msgs__rosidl_typesupport_fastrtps_c__pyext[0m
[ 94%] [32mBuilding C object CMakeFiles/octomap_msgs__rosidl_typesupport_fastrtps_c__pyext.dir/rosidl_generator_py/octomap_msgs/_octomap_msgs_s.ep.rosidl_typesupport_fastrtps_c.c.o[0m
[ 96%] [32m[1mLinking CXX shared library rosidl_generator_py/octomap_msgs/octomap_msgs_s__rosidl_typesupport_fastrtps_c.cpython-36m-x86_64-linux-gnu.so[0m
[ 96%] Built target octomap_msgs__rosidl_typesupport_fastrtps_c__pyext
[35m[1mScanning dependencies of target octomap_msgs__rosidl_typesupport_c__pyext[0m
[ 98%] [32mBuilding C object CMakeFiles/octomap_msgs__rosidl_typesupport_c__pyext.dir/rosidl_generator_py/octomap_msgs/_octomap_msgs_s.ep.rosidl_typesupport_c.c.o[0m
[100%] [32m[1mLinking CXX shared library rosidl_generator_py/octomap_msgs/octomap_msgs_s__rosidl_typesupport_c.cpython-36m-x86_64-linux-gnu.so[0m
[100%] Built target octomap_msgs__rosidl_typesupport_c__pyext
[  1%] Built target octomap_msgs__cpp
[ 13%] Built target octomap_msgs__rosidl_generator_c
[ 24%] Built target octomap_msgs__rosidl_typesupport_introspection_cpp
[ 35%] Built target octomap_msgs__rosidl_typesupport_introspection_c
[ 47%] Built target octomap_msgs__rosidl_typesupport_fastrtps_cpp
[ 58%] Built target octomap_msgs__rosidl_typesupport_fastrtps_c
[ 69%] Built target octomap_msgs__rosidl_typesupport_cpp
[ 81%] Built target octomap_msgs__rosidl_typesupport_c
[ 81%] Built target octomap_msgs
[ 83%] Built target octomap_msgs__py
[ 92%] Built target octomap_msgs__python
[ 96%] Built target octomap_msgs__rosidl_typesupport_fastrtps_c__pyext
[100%] Built target octomap_msgs__rosidl_typesupport_c__pyext
[36mInstall the project...[0m
-- Install configuration: ""
-- Execute custom install script
-- Symlinking: /root/crs_ws_fanuc/install/octomap_msgs/share/ament_index/resource_index/rosidl_interfaces/octomap_msgs
-- Symlinking: /root/crs_ws_fanuc/install/octomap_msgs/lib/liboctomap_msgs__rosidl_typesupport_c.so
-- Up-to-date symlink: /root/crs_ws_fanuc/install/octomap_msgs/share/octomap_msgs/environment/library_path.sh
-- Symlinking: /root/crs_ws_fanuc/install/octomap_msgs/share/octomap_msgs/environment/library_path.dsv
-- Symlinking: /root/crs_ws_fanuc/install/octomap_msgs/lib/liboctomap_msgs__rosidl_typesupport_cpp.so
-- Symlinking: /root/crs_ws_fanuc/install/octomap_msgs/include/octomap_msgs/msg/octomap__rosidl_typesupport_fastrtps_c.h
-- Symlinking: /root/crs_ws_fanuc/install/octomap_msgs/include/octomap_msgs/msg/octomap_with_pose__rosidl_typesupport_fastrtps_c.h
-- Symlinking: /root/crs_ws_fanuc/install/octomap_msgs/include/octomap_msgs/msg/rosidl_typesupport_fastrtps_c__visibility_control.h
-- Symlinking: /root/crs_ws_fanuc/install/octomap_msgs/include/octomap_msgs/srv/bounding_box_query__rosidl_typesupport_fastrtps_c.h
-- Symlinking: /root/crs_ws_fanuc/install/octomap_msgs/include/octomap_msgs/srv/get_octomap__rosidl_typesupport_fastrtps_c.h
-- Symlinking: /root/crs_ws_fanuc/install/octomap_msgs/lib/liboctomap_msgs__rosidl_typesupport_fastrtps_c.so
-- Symlinking: /root/crs_ws_fanuc/install/octomap_msgs/include/octomap_msgs/msg/octomap.h
-- Symlinking: /root/crs_ws_fanuc/install/octomap_msgs/include/octomap_msgs/msg/octomap__functions.h
-- Symlinking: /root/crs_ws_fanuc/install/octomap_msgs/include/octomap_msgs/msg/octomap__struct.h
-- Symlinking: /root/crs_ws_fanuc/install/octomap_msgs/include/octomap_msgs/msg/octomap__type_support.h
-- Symlinking: /root/crs_ws_fanuc/install/octomap_msgs/include/octomap_msgs/msg/octomap_with_pose.h
-- Symlinking: /root/crs_ws_fanuc/install/octomap_msgs/include/octomap_msgs/msg/octomap_with_pose__functions.h
-- Symlinking: /root/crs_ws_fanuc/install/octomap_msgs/include/octomap_msgs/msg/octomap_with_pose__struct.h
-- Symlinking: /root/crs_ws_fanuc/install/octomap_msgs/include/octomap_msgs/msg/octomap_with_pose__type_support.h
-- Symlinking: /root/crs_ws_fanuc/install/octomap_msgs/include/octomap_msgs/msg/rosidl_generator_c__visibility_control.h
-- Symlinking: /root/crs_ws_fanuc/install/octomap_msgs/include/octomap_msgs/srv/bounding_box_query.h
-- Symlinking: /root/crs_ws_fanuc/install/octomap_msgs/include/octomap_msgs/srv/bounding_box_query__functions.h
-- Symlinking: /root/crs_ws_fanuc/install/octomap_msgs/include/octomap_msgs/srv/bounding_box_query__struct.h
-- Symlinking: /root/crs_ws_fanuc/install/octomap_msgs/include/octomap_msgs/srv/bounding_box_query__type_support.h
-- Symlinking: /root/crs_ws_fanuc/install/octomap_msgs/include/octomap_msgs/srv/get_octomap.h
-- Symlinking: /root/crs_ws_fanuc/install/octomap_msgs/include/octomap_msgs/srv/get_octomap__functions.h
-- Symlinking: /root/crs_ws_fanuc/install/octomap_msgs/include/octomap_msgs/srv/get_octomap__struct.h
-- Symlinking: /root/crs_ws_fanuc/install/octomap_msgs/include/octomap_msgs/srv/get_octomap__type_support.h
-- Symlinking: /root/crs_ws_fanuc/install/octomap_msgs/lib/liboctomap_msgs__rosidl_generator_c.so
-- Symlinking: /root/crs_ws_fanuc/install/octomap_msgs/include/octomap_msgs/msg/octomap__rosidl_typesupport_fastrtps_cpp.hpp
-- Symlinking: /root/crs_ws_fanuc/install/octomap_msgs/include/octomap_msgs/msg/octomap_with_pose__rosidl_typesupport_fastrtps_cpp.hpp
-- Symlinking: /root/crs_ws_fanuc/install/octomap_msgs/include/octomap_msgs/msg/rosidl_typesupport_fastrtps_cpp__visibility_control.h
-- Symlinking: /root/crs_ws_fanuc/install/octomap_msgs/include/octomap_msgs/srv/bounding_box_query__rosidl_typesupport_fastrtps_cpp.hpp
-- Symlinking: /root/crs_ws_fanuc/install/octomap_msgs/include/octomap_msgs/srv/get_octomap__rosidl_typesupport_fastrtps_cpp.hpp
-- Symlinking: /root/crs_ws_fanuc/install/octomap_msgs/lib/liboctomap_msgs__rosidl_typesupport_fastrtps_cpp.so
-- Symlinking: /root/crs_ws_fanuc/install/octomap_msgs/include/octomap_msgs/msg/octomap.hpp
-- Symlinking: /root/crs_ws_fanuc/install/octomap_msgs/include/octomap_msgs/msg/octomap__struct.hpp
-- Symlinking: /root/crs_ws_fanuc/install/octomap_msgs/include/octomap_msgs/msg/octomap__traits.hpp
-- Symlinking: /root/crs_ws_fanuc/install/octomap_msgs/include/octomap_msgs/msg/octomap_with_pose.hpp
-- Symlinking: /root/crs_ws_fanuc/install/octomap_msgs/include/octomap_msgs/msg/octomap_with_pose__struct.hpp
-- Symlinking: /root/crs_ws_fanuc/install/octomap_msgs/include/octomap_msgs/msg/octomap_with_pose__traits.hpp
-- Symlinking: /root/crs_ws_fanuc/install/octomap_msgs/include/octomap_msgs/srv/bounding_box_query.hpp
-- Symlinking: /root/crs_ws_fanuc/install/octomap_msgs/include/octomap_msgs/srv/bounding_box_query__struct.hpp
-- Symlinking: /root/crs_ws_fanuc/install/octomap_msgs/include/octomap_msgs/srv/bounding_box_query__traits.hpp
-- Symlinking: /root/crs_ws_fanuc/install/octomap_msgs/include/octomap_msgs/srv/get_octomap.hpp
-- Symlinking: /root/crs_ws_fanuc/install/octomap_msgs/include/octomap_msgs/srv/get_octomap__struct.hpp
-- Symlinking: /root/crs_ws_fanuc/install/octomap_msgs/include/octomap_msgs/srv/get_octomap__traits.hpp
-- Symlinking: /root/crs_ws_fanuc/install/octomap_msgs/include/octomap_msgs/msg/octomap__rosidl_typesupport_introspection_c.h
-- Symlinking: /root/crs_ws_fanuc/install/octomap_msgs/include/octomap_msgs/msg/octomap_with_pose__rosidl_typesupport_introspection_c.h
-- Symlinking: /root/crs_ws_fanuc/install/octomap_msgs/include/octomap_msgs/msg/rosidl_typesupport_introspection_c__visibility_control.h
-- Symlinking: /root/crs_ws_fanuc/install/octomap_msgs/include/octomap_msgs/srv/bounding_box_query__rosidl_typesupport_introspection_c.h
-- Symlinking: /root/crs_ws_fanuc/install/octomap_msgs/include/octomap_msgs/srv/get_octomap__rosidl_typesupport_introspection_c.h
-- Symlinking: /root/crs_ws_fanuc/install/octomap_msgs/lib/liboctomap_msgs__rosidl_typesupport_introspection_c.so
-- Symlinking: /root/crs_ws_fanuc/install/octomap_msgs/include/octomap_msgs/msg/octomap__rosidl_typesupport_introspection_cpp.hpp
-- Symlinking: /root/crs_ws_fanuc/install/octomap_msgs/include/octomap_msgs/msg/octomap_with_pose__rosidl_typesupport_introspection_cpp.hpp
-- Symlinking: /root/crs_ws_fanuc/install/octomap_msgs/include/octomap_msgs/srv/bounding_box_query__rosidl_typesupport_introspection_cpp.hpp
-- Symlinking: /root/crs_ws_fanuc/install/octomap_msgs/include/octomap_msgs/srv/get_octomap__rosidl_typesupport_introspection_cpp.hpp
-- Symlinking: /root/crs_ws_fanuc/install/octomap_msgs/lib/liboctomap_msgs__rosidl_typesupport_introspection_cpp.so
-- Symlinking: /root/crs_ws_fanuc/install/octomap_msgs/share/octomap_msgs/environment/pythonpath.sh
-- Symlinking: /root/crs_ws_fanuc/install/octomap_msgs/share/octomap_msgs/environment/pythonpath.dsv
-- Symlinking: /root/crs_ws_fanuc/install/octomap_msgs/lib/python3.6/site-packages/octomap_msgs/__init__.py
-- Symlinking: /root/crs_ws_fanuc/install/octomap_msgs/lib/python3.6/site-packages/octomap_msgs/msg/__init__.py
-- Symlinking: /root/crs_ws_fanuc/install/octomap_msgs/lib/python3.6/site-packages/octomap_msgs/msg/_octomap.py
-- Symlinking: /root/crs_ws_fanuc/install/octomap_msgs/lib/python3.6/site-packages/octomap_msgs/msg/_octomap_with_pose.py
-- Symlinking: /root/crs_ws_fanuc/install/octomap_msgs/lib/python3.6/site-packages/octomap_msgs/srv/__init__.py
-- Symlinking: /root/crs_ws_fanuc/install/octomap_msgs/lib/python3.6/site-packages/octomap_msgs/srv/_bounding_box_query.py
-- Symlinking: /root/crs_ws_fanuc/install/octomap_msgs/lib/python3.6/site-packages/octomap_msgs/srv/_get_octomap.py
-- Symlinking: /root/crs_ws_fanuc/install/octomap_msgs/lib/python3.6/site-packages/octomap_msgs/octomap_msgs_s__rosidl_typesupport_c.cpython-36m-x86_64-linux-gnu.so
-- Symlinking: /root/crs_ws_fanuc/install/octomap_msgs/lib/python3.6/site-packages/octomap_msgs/octomap_msgs_s__rosidl_typesupport_fastrtps_c.cpython-36m-x86_64-linux-gnu.so
-- Symlinking: /root/crs_ws_fanuc/install/octomap_msgs/lib/liboctomap_msgs__python.so
-- Symlinking: /root/crs_ws_fanuc/install/octomap_msgs/share/octomap_msgs/msg/Octomap.idl
-- Symlinking: /root/crs_ws_fanuc/install/octomap_msgs/share/octomap_msgs/msg/OctomapWithPose.idl
-- Symlinking: /root/crs_ws_fanuc/install/octomap_msgs/share/octomap_msgs/srv/BoundingBoxQuery.idl
-- Symlinking: /root/crs_ws_fanuc/install/octomap_msgs/share/octomap_msgs/srv/GetOctomap.idl
-- Symlinking: /root/crs_ws_fanuc/install/octomap_msgs/share/octomap_msgs/msg/Octomap.msg
-- Symlinking: /root/crs_ws_fanuc/install/octomap_msgs/share/octomap_msgs/msg/OctomapWithPose.msg
-- Symlinking: /root/crs_ws_fanuc/install/octomap_msgs/share/octomap_msgs/srv/BoundingBoxQuery.srv
-- Symlinking: /root/crs_ws_fanuc/install/octomap_msgs/share/octomap_msgs/srv/BoundingBoxQuery_Request.msg
-- Symlinking: /root/crs_ws_fanuc/install/octomap_msgs/share/octomap_msgs/srv/BoundingBoxQuery_Response.msg
-- Symlinking: /root/crs_ws_fanuc/install/octomap_msgs/share/octomap_msgs/srv/GetOctomap.srv
-- Symlinking: /root/crs_ws_fanuc/install/octomap_msgs/share/octomap_msgs/srv/GetOctomap_Request.msg
-- Symlinking: /root/crs_ws_fanuc/install/octomap_msgs/share/octomap_msgs/srv/GetOctomap_Response.msg
-- Symlinking: /root/crs_ws_fanuc/install/octomap_msgs/share/ament_index/resource_index/package_run_dependencies/octomap_msgs
-- Symlinking: /root/crs_ws_fanuc/install/octomap_msgs/share/ament_index/resource_index/parent_prefix_path/octomap_msgs
-- Up-to-date symlink: /root/crs_ws_fanuc/install/octomap_msgs/share/octomap_msgs/environment/ament_prefix_path.sh
-- Symlinking: /root/crs_ws_fanuc/install/octomap_msgs/share/octomap_msgs/environment/ament_prefix_path.dsv
-- Up-to-date symlink: /root/crs_ws_fanuc/install/octomap_msgs/share/octomap_msgs/environment/path.sh
-- Symlinking: /root/crs_ws_fanuc/install/octomap_msgs/share/octomap_msgs/environment/path.dsv
-- Symlinking: /root/crs_ws_fanuc/install/octomap_msgs/share/octomap_msgs/local_setup.bash
-- Symlinking: /root/crs_ws_fanuc/install/octomap_msgs/share/octomap_msgs/local_setup.sh
-- Symlinking: /root/crs_ws_fanuc/install/octomap_msgs/share/octomap_msgs/local_setup.zsh
-- Symlinking: /root/crs_ws_fanuc/install/octomap_msgs/share/octomap_msgs/local_setup.dsv
-- Symlinking: /root/crs_ws_fanuc/install/octomap_msgs/share/octomap_msgs/package.dsv
-- Symlinking: /root/crs_ws_fanuc/install/octomap_msgs/share/ament_index/resource_index/packages/octomap_msgs
-- Symlinking: /root/crs_ws_fanuc/install/octomap_msgs/share/octomap_msgs/cmake/rosidl_cmake-extras.cmake
-- Symlinking: /root/crs_ws_fanuc/install/octomap_msgs/share/octomap_msgs/cmake/ament_cmake_export_dependencies-extras.cmake
-- Symlinking: /root/crs_ws_fanuc/install/octomap_msgs/share/octomap_msgs/cmake/ament_cmake_export_libraries-extras.cmake
-- Symlinking: /root/crs_ws_fanuc/install/octomap_msgs/share/octomap_msgs/cmake/ament_cmake_export_include_directories-extras.cmake
-- Symlinking: /root/crs_ws_fanuc/install/octomap_msgs/share/octomap_msgs/cmake/octomap_msgsConfig.cmake
-- Symlinking: /root/crs_ws_fanuc/install/octomap_msgs/share/octomap_msgs/cmake/octomap_msgsConfig-version.cmake
-- Symlinking: /root/crs_ws_fanuc/install/octomap_msgs/share/octomap_msgs/package.xml
Compiling '/root/crs_ws_fanuc/install/octomap_msgs/lib/python3.6/site-packages/octomap_msgs/__init__.py'...
-- Up-to-date: /root/crs_ws_fanuc/install/octomap_msgs/include
-- Up-to-date: /root/crs_ws_fanuc/install/octomap_msgs/include/octomap_msgs
-- Up-to-date: /root/crs_ws_fanuc/install/octomap_msgs/include/octomap_msgs/conversions.h
