[0.050s] Invoking command in '/root/crs_ws_fanuc/build/octomap_msgs': CMAKE_PREFIX_PATH=/root/crs_ws_fanuc/install/crs_utils_py:/opt/ros/eloquent:${CMAKE_PREFIX_PATH} /usr/bin/cmake /root/crs_ws_fanuc/src/octomap_msgs -DAMENT_CMAKE_SYMLINK_INSTALL=1 -DCMAKE_INSTALL_PREFIX=/root/crs_ws_fanuc/install/octomap_msgs
[0.334s] -- The C compiler identification is GNU 7.5.0
[0.512s] -- The CXX compiler identification is GNU 7.5.0
[0.524s] -- Check for working C compiler: /usr/bin/cc
[0.837s] -- Check for working C compiler: /usr/bin/cc -- works
[0.837s] -- Detecting C compiler ABI info
[1.131s] -- Detecting C compiler ABI info - done
[1.142s] -- Detecting C compile features
[2.268s] -- Detecting C compile features - done
[2.271s] -- Check for working CXX compiler: /usr/bin/c++
[2.660s] -- Check for working CXX compiler: /usr/bin/c++ -- works
[2.661s] -- Detecting CXX compiler ABI info
[3.040s] -- Detecting CXX compiler ABI info - done
[3.049s] -- Detecting CXX compile features
[5.178s] -- Detecting CXX compile features - done
[5.183s] -- Found ament_cmake: 0.8.3 (/opt/ros/eloquent/share/ament_cmake/cmake)
[5.375s] -- Found PythonInterp: /usr/bin/python3 (found suitable version "3.6.9", minimum required is "3") 
[5.379s] -- Using PYTHON_EXECUTABLE: /usr/bin/python3
[5.813s] -- Override CMake install command with custom implementation using symlinks instead of copying resources
[5.864s] -- Found rosidl_default_generators: 0.8.0 (/opt/ros/eloquent/share/rosidl_default_generators/cmake)
[6.257s] -- Found OpenSSL: /usr/lib/x86_64-linux-gnu/libcrypto.so (found version "1.1.1") 
[6.353s] -- Found FastRTPS: /opt/ros/eloquent/include  
[6.386s] -- Found rosidl_adapter: 0.8.3 (/opt/ros/eloquent/share/rosidl_adapter/cmake)
[6.576s] -- Found std_msgs: 0.8.1 (/opt/ros/eloquent/share/std_msgs/cmake)
[6.611s] -- Found geometry_msgs: 0.8.1 (/opt/ros/eloquent/share/geometry_msgs/cmake)
[6.706s] -- Found PythonInterp: /usr/bin/python3 (found version "3.6.9") 
[7.236s] -- Using single matching rosidl_typesupport_c: rosidl_typesupport_fastrtps_c
[7.349s] -- Using single matching rosidl_typesupport_cpp: rosidl_typesupport_fastrtps_cpp
[8.319s] -- Found rmw_implementation_cmake: 0.8.1 (/opt/ros/eloquent/share/rmw_implementation_cmake/cmake)
[8.390s] -- Found PythonInterp: /usr/bin/python3 (found suitable version "3.6.9", minimum required is "3.5") 
[8.396s] -- Found python_cmake_module: 0.8.0 (/opt/ros/eloquent/share/python_cmake_module/cmake)
[8.514s] -- Found PythonLibs: /usr/lib/x86_64-linux-gnu/libpython3.6m.so (found suitable version "3.6.9", minimum required is "3.5") 
[8.514s] -- Using PYTHON_EXECUTABLE: /usr/bin/python3
[8.514s] -- Using PYTHON_INCLUDE_DIRS: /usr/include/python3.6m
[8.515s] -- Using PYTHON_LIBRARIES: /usr/lib/x86_64-linux-gnu/libpython3.6m.so
[8.639s] -- Found PythonExtra: .so  
[9.260s] -- Configuring done
[9.519s] -- Generating done
[9.526s] -- Build files have been written to: /root/crs_ws_fanuc/build/octomap_msgs
[9.540s] Invoked command in '/root/crs_ws_fanuc/build/octomap_msgs' returned '0': CMAKE_PREFIX_PATH=/root/crs_ws_fanuc/install/crs_utils_py:/opt/ros/eloquent:${CMAKE_PREFIX_PATH} /usr/bin/cmake /root/crs_ws_fanuc/src/octomap_msgs -DAMENT_CMAKE_SYMLINK_INSTALL=1 -DCMAKE_INSTALL_PREFIX=/root/crs_ws_fanuc/install/octomap_msgs
[9.541s] Invoking command in '/root/crs_ws_fanuc/build/octomap_msgs': CMAKE_PREFIX_PATH=/root/crs_ws_fanuc/install/crs_utils_py:/opt/ros/eloquent:${CMAKE_PREFIX_PATH} /usr/bin/cmake --build /root/crs_ws_fanuc/build/octomap_msgs -- -j8 -l8
[9.734s] [35m[1mScanning dependencies of target octomap_msgs__cpp[0m
[9.806s] [  1%] [34m[1mGenerating C++ code for ROS interfaces[0m
[11.681s] [  1%] Built target octomap_msgs__cpp
[11.779s] [  3%] [34m[1mGenerating C code for ROS interfaces[0m
[13.728s] [35m[1mScanning dependencies of target octomap_msgs__rosidl_generator_c[0m
[13.789s] [  5%] [32mBuilding C object CMakeFiles/octomap_msgs__rosidl_generator_c.dir/rosidl_generator_c/octomap_msgs/msg/octomap__functions.c.o[0m
[13.891s] [  7%] [32mBuilding C object CMakeFiles/octomap_msgs__rosidl_generator_c.dir/rosidl_generator_c/octomap_msgs/srv/get_octomap__functions.c.o[0m
[13.994s] [  9%] [32mBuilding C object CMakeFiles/octomap_msgs__rosidl_generator_c.dir/rosidl_generator_c/octomap_msgs/srv/bounding_box_query__functions.c.o[0m
[14.116s] [ 11%] [32mBuilding C object CMakeFiles/octomap_msgs__rosidl_generator_c.dir/rosidl_generator_c/octomap_msgs/msg/octomap_with_pose__functions.c.o[0m
[14.227s] [ 13%] [32m[1mLinking C shared library liboctomap_msgs__rosidl_generator_c.so[0m
[14.355s] [ 13%] Built target octomap_msgs__rosidl_generator_c
[14.400s] [ 15%] [34m[1mGenerating C++ introspection for ROS interfaces[0m
[15.830s] [35m[1mScanning dependencies of target octomap_msgs__rosidl_typesupport_introspection_cpp[0m
[15.915s] [ 16%] [32mBuilding CXX object CMakeFiles/octomap_msgs__rosidl_typesupport_introspection_cpp.dir/rosidl_typesupport_introspection_cpp/octomap_msgs/msg/octomap__type_support.cpp.o[0m
[16.471s] [ 18%] [32mBuilding CXX object CMakeFiles/octomap_msgs__rosidl_typesupport_introspection_cpp.dir/rosidl_typesupport_introspection_cpp/octomap_msgs/srv/get_octomap__type_support.cpp.o[0m
[17.046s] [ 20%] [32mBuilding CXX object CMakeFiles/octomap_msgs__rosidl_typesupport_introspection_cpp.dir/rosidl_typesupport_introspection_cpp/octomap_msgs/srv/bounding_box_query__type_support.cpp.o[0m
[17.501s] [ 22%] [32mBuilding CXX object CMakeFiles/octomap_msgs__rosidl_typesupport_introspection_cpp.dir/rosidl_typesupport_introspection_cpp/octomap_msgs/msg/octomap_with_pose__type_support.cpp.o[0m
[17.989s] [ 24%] [32m[1mLinking CXX shared library liboctomap_msgs__rosidl_typesupport_introspection_cpp.so[0m
[18.172s] [ 24%] Built target octomap_msgs__rosidl_typesupport_introspection_cpp
[18.210s] [ 26%] [34m[1mGenerating C introspection for ROS interfaces[0m
[19.715s] [35m[1mScanning dependencies of target octomap_msgs__rosidl_typesupport_introspection_c[0m
[19.768s] [ 28%] [32mBuilding C object CMakeFiles/octomap_msgs__rosidl_typesupport_introspection_c.dir/rosidl_typesupport_introspection_c/octomap_msgs/msg/octomap__type_support.c.o[0m
[19.850s] [ 30%] [32mBuilding C object CMakeFiles/octomap_msgs__rosidl_typesupport_introspection_c.dir/rosidl_typesupport_introspection_c/octomap_msgs/srv/get_octomap__type_support.c.o[0m
[19.931s] [ 32%] [32mBuilding C object CMakeFiles/octomap_msgs__rosidl_typesupport_introspection_c.dir/rosidl_typesupport_introspection_c/octomap_msgs/srv/bounding_box_query__type_support.c.o[0m
[20.014s] [ 33%] [32mBuilding C object CMakeFiles/octomap_msgs__rosidl_typesupport_introspection_c.dir/rosidl_typesupport_introspection_c/octomap_msgs/msg/octomap_with_pose__type_support.c.o[0m
[20.098s] [ 35%] [32m[1mLinking C shared library liboctomap_msgs__rosidl_typesupport_introspection_c.so[0m
[20.209s] [ 35%] Built target octomap_msgs__rosidl_typesupport_introspection_c
[20.247s] [ 37%] [34m[1mGenerating C++ type support for eProsima Fast-RTPS[0m
[21.696s] [35m[1mScanning dependencies of target octomap_msgs__rosidl_typesupport_fastrtps_cpp[0m
[21.794s] [ 39%] [32mBuilding CXX object CMakeFiles/octomap_msgs__rosidl_typesupport_fastrtps_cpp.dir/rosidl_typesupport_fastrtps_cpp/octomap_msgs/msg/dds_fastrtps/octomap__type_support.cpp.o[0m
[22.542s] [ 41%] [32mBuilding CXX object CMakeFiles/octomap_msgs__rosidl_typesupport_fastrtps_cpp.dir/rosidl_typesupport_fastrtps_cpp/octomap_msgs/srv/dds_fastrtps/get_octomap__type_support.cpp.o[0m
[23.186s] [ 43%] [32mBuilding CXX object CMakeFiles/octomap_msgs__rosidl_typesupport_fastrtps_cpp.dir/rosidl_typesupport_fastrtps_cpp/octomap_msgs/srv/dds_fastrtps/bounding_box_query__type_support.cpp.o[0m
[23.868s] [ 45%] [32mBuilding CXX object CMakeFiles/octomap_msgs__rosidl_typesupport_fastrtps_cpp.dir/rosidl_typesupport_fastrtps_cpp/octomap_msgs/msg/dds_fastrtps/octomap_with_pose__type_support.cpp.o[0m
[24.543s] [ 47%] [32m[1mLinking CXX shared library liboctomap_msgs__rosidl_typesupport_fastrtps_cpp.so[0m
[24.751s] [ 47%] Built target octomap_msgs__rosidl_typesupport_fastrtps_cpp
[24.782s] [ 49%] [34m[1mGenerating C type support for eProsima Fast-RTPS[0m
[26.275s] [35m[1mScanning dependencies of target octomap_msgs__rosidl_typesupport_fastrtps_c[0m
[26.338s] [ 50%] [32mBuilding CXX object CMakeFiles/octomap_msgs__rosidl_typesupport_fastrtps_c.dir/rosidl_typesupport_fastrtps_c/octomap_msgs/msg/octomap__type_support_c.cpp.o[0m
[26.940s] [ 52%] [32mBuilding CXX object CMakeFiles/octomap_msgs__rosidl_typesupport_fastrtps_c.dir/rosidl_typesupport_fastrtps_c/octomap_msgs/srv/get_octomap__type_support_c.cpp.o[0m
[27.508s] [ 54%] [32mBuilding CXX object CMakeFiles/octomap_msgs__rosidl_typesupport_fastrtps_c.dir/rosidl_typesupport_fastrtps_c/octomap_msgs/srv/bounding_box_query__type_support_c.cpp.o[0m
[28.061s] [ 56%] [32mBuilding CXX object CMakeFiles/octomap_msgs__rosidl_typesupport_fastrtps_c.dir/rosidl_typesupport_fastrtps_c/octomap_msgs/msg/octomap_with_pose__type_support_c.cpp.o[0m
[28.653s] [ 58%] [32m[1mLinking CXX shared library liboctomap_msgs__rosidl_typesupport_fastrtps_c.so[0m
[28.864s] [ 58%] Built target octomap_msgs__rosidl_typesupport_fastrtps_c
[28.900s] [ 60%] [34m[1mGenerating C++ type support dispatch for ROS interfaces[0m
[30.118s] [35m[1mScanning dependencies of target octomap_msgs__rosidl_typesupport_cpp[0m
[30.184s] [ 62%] [32mBuilding CXX object CMakeFiles/octomap_msgs__rosidl_typesupport_cpp.dir/rosidl_typesupport_cpp/octomap_msgs/msg/octomap__type_support.cpp.o[0m
[30.897s] [ 64%] [32mBuilding CXX object CMakeFiles/octomap_msgs__rosidl_typesupport_cpp.dir/rosidl_typesupport_cpp/octomap_msgs/srv/get_octomap__type_support.cpp.o[0m
[31.568s] [ 66%] [32mBuilding CXX object CMakeFiles/octomap_msgs__rosidl_typesupport_cpp.dir/rosidl_typesupport_cpp/octomap_msgs/srv/bounding_box_query__type_support.cpp.o[0m
[32.226s] [ 67%] [32mBuilding CXX object CMakeFiles/octomap_msgs__rosidl_typesupport_cpp.dir/rosidl_typesupport_cpp/octomap_msgs/msg/octomap_with_pose__type_support.cpp.o[0m
[32.897s] [ 69%] [32m[1mLinking CXX shared library liboctomap_msgs__rosidl_typesupport_cpp.so[0m
[33.095s] [ 69%] Built target octomap_msgs__rosidl_typesupport_cpp
[33.135s] [ 71%] [34m[1mGenerating C type support dispatch for ROS interfaces[0m
[34.281s] [35m[1mScanning dependencies of target octomap_msgs__rosidl_typesupport_c[0m
[34.516s] [ 73%] [32mBuilding CXX object CMakeFiles/octomap_msgs__rosidl_typesupport_c.dir/rosidl_typesupport_c/octomap_msgs/msg/octomap__type_support.cpp.o[0m
[34.548s] [ 75%] [32mBuilding CXX object CMakeFiles/octomap_msgs__rosidl_typesupport_c.dir/rosidl_typesupport_c/octomap_msgs/srv/get_octomap__type_support.cpp.o[0m
[34.617s] [ 77%] [32mBuilding CXX object CMakeFiles/octomap_msgs__rosidl_typesupport_c.dir/rosidl_typesupport_c/octomap_msgs/srv/bounding_box_query__type_support.cpp.o[0m
[34.688s] [ 79%] [32mBuilding CXX object CMakeFiles/octomap_msgs__rosidl_typesupport_c.dir/rosidl_typesupport_c/octomap_msgs/msg/octomap_with_pose__type_support.cpp.o[0m
[34.758s] [ 81%] [32m[1mLinking CXX shared library liboctomap_msgs__rosidl_typesupport_c.so[0m
[34.898s] [ 81%] Built target octomap_msgs__rosidl_typesupport_c
[34.930s] [35m[1mScanning dependencies of target octomap_msgs[0m
[34.962s] [ 81%] Built target octomap_msgs
[34.991s] [35m[1mScanning dependencies of target octomap_msgs__py[0m
[35.024s] [ 83%] [34m[1mGenerating Python code for ROS interfaces[0m
[37.771s] [ 83%] Built target octomap_msgs__py
[37.802s] [35m[1mScanning dependencies of target octomap_msgs__python[0m
[37.875s] [ 84%] [32mBuilding C object CMakeFiles/octomap_msgs__python.dir/rosidl_generator_py/octomap_msgs/msg/_octomap_s.c.o[0m
[38.012s] [ 86%] [32mBuilding C object CMakeFiles/octomap_msgs__python.dir/rosidl_generator_py/octomap_msgs/srv/_get_octomap_s.c.o[0m
[38.132s] [ 88%] [32mBuilding C object CMakeFiles/octomap_msgs__python.dir/rosidl_generator_py/octomap_msgs/srv/_bounding_box_query_s.c.o[0m
[38.256s] [ 90%] [32mBuilding C object CMakeFiles/octomap_msgs__python.dir/rosidl_generator_py/octomap_msgs/msg/_octomap_with_pose_s.c.o[0m
[38.360s] [ 92%] [32m[1mLinking CXX shared library rosidl_generator_py/octomap_msgs/liboctomap_msgs__python.so[0m
[38.504s] [ 92%] Built target octomap_msgs__python
[38.535s] [35m[1mScanning dependencies of target octomap_msgs__rosidl_typesupport_fastrtps_c__pyext[0m
[38.585s] [ 94%] [32mBuilding C object CMakeFiles/octomap_msgs__rosidl_typesupport_fastrtps_c__pyext.dir/rosidl_generator_py/octomap_msgs/_octomap_msgs_s.ep.rosidl_typesupport_fastrtps_c.c.o[0m
[38.759s] [ 96%] [32m[1mLinking CXX shared library rosidl_generator_py/octomap_msgs/octomap_msgs_s__rosidl_typesupport_fastrtps_c.cpython-36m-x86_64-linux-gnu.so[0m
[38.894s] [ 96%] Built target octomap_msgs__rosidl_typesupport_fastrtps_c__pyext
[38.915s] [35m[1mScanning dependencies of target octomap_msgs__rosidl_typesupport_c__pyext[0m
[38.956s] [ 98%] [32mBuilding C object CMakeFiles/octomap_msgs__rosidl_typesupport_c__pyext.dir/rosidl_generator_py/octomap_msgs/_octomap_msgs_s.ep.rosidl_typesupport_c.c.o[0m
[39.112s] [100%] [32m[1mLinking CXX shared library rosidl_generator_py/octomap_msgs/octomap_msgs_s__rosidl_typesupport_c.cpython-36m-x86_64-linux-gnu.so[0m
[39.266s] [100%] Built target octomap_msgs__rosidl_typesupport_c__pyext
[39.295s] Invoked command in '/root/crs_ws_fanuc/build/octomap_msgs' returned '0': CMAKE_PREFIX_PATH=/root/crs_ws_fanuc/install/crs_utils_py:/opt/ros/eloquent:${CMAKE_PREFIX_PATH} /usr/bin/cmake --build /root/crs_ws_fanuc/build/octomap_msgs -- -j8 -l8
[39.631s] Invoking command in '/root/crs_ws_fanuc/build/octomap_msgs': CMAKE_PREFIX_PATH=/root/crs_ws_fanuc/install/crs_utils_py:/opt/ros/eloquent:${CMAKE_PREFIX_PATH} /usr/bin/cmake --build /root/crs_ws_fanuc/build/octomap_msgs --target install -- -j8 -l8
[39.765s] [  1%] Built target octomap_msgs__cpp
[39.829s] [ 13%] Built target octomap_msgs__rosidl_generator_c
[39.890s] [ 24%] Built target octomap_msgs__rosidl_typesupport_introspection_cpp
[39.955s] [ 35%] Built target octomap_msgs__rosidl_typesupport_introspection_c
[40.012s] [ 47%] Built target octomap_msgs__rosidl_typesupport_fastrtps_cpp
[40.082s] [ 58%] Built target octomap_msgs__rosidl_typesupport_fastrtps_c
[40.139s] [ 69%] Built target octomap_msgs__rosidl_typesupport_cpp
[40.200s] [ 81%] Built target octomap_msgs__rosidl_typesupport_c
[40.247s] [ 81%] Built target octomap_msgs
[40.292s] [ 83%] Built target octomap_msgs__py
[40.355s] [ 92%] Built target octomap_msgs__python
[40.413s] [ 96%] Built target octomap_msgs__rosidl_typesupport_fastrtps_c__pyext
[40.471s] [100%] Built target octomap_msgs__rosidl_typesupport_c__pyext
[40.512s] [36mInstall the project...[0m
[40.530s] -- Install configuration: ""
[40.531s] -- Execute custom install script
[40.531s] -- Symlinking: /root/crs_ws_fanuc/install/octomap_msgs/share/ament_index/resource_index/rosidl_interfaces/octomap_msgs
[40.549s] -- Symlinking: /root/crs_ws_fanuc/install/octomap_msgs/lib/liboctomap_msgs__rosidl_typesupport_c.so
[40.572s] -- Up-to-date symlink: /root/crs_ws_fanuc/install/octomap_msgs/share/octomap_msgs/environment/library_path.sh
[40.573s] -- Symlinking: /root/crs_ws_fanuc/install/octomap_msgs/share/octomap_msgs/environment/library_path.dsv
[40.590s] -- Symlinking: /root/crs_ws_fanuc/install/octomap_msgs/lib/liboctomap_msgs__rosidl_typesupport_cpp.so
[40.608s] -- Symlinking: /root/crs_ws_fanuc/install/octomap_msgs/include/octomap_msgs/msg/octomap__rosidl_typesupport_fastrtps_c.h
[40.622s] -- Symlinking: /root/crs_ws_fanuc/install/octomap_msgs/include/octomap_msgs/msg/octomap_with_pose__rosidl_typesupport_fastrtps_c.h
[40.638s] -- Symlinking: /root/crs_ws_fanuc/install/octomap_msgs/include/octomap_msgs/msg/rosidl_typesupport_fastrtps_c__visibility_control.h
[40.654s] -- Symlinking: /root/crs_ws_fanuc/install/octomap_msgs/include/octomap_msgs/srv/bounding_box_query__rosidl_typesupport_fastrtps_c.h
[40.670s] -- Symlinking: /root/crs_ws_fanuc/install/octomap_msgs/include/octomap_msgs/srv/get_octomap__rosidl_typesupport_fastrtps_c.h
[40.692s] -- Symlinking: /root/crs_ws_fanuc/install/octomap_msgs/lib/liboctomap_msgs__rosidl_typesupport_fastrtps_c.so
[40.708s] -- Symlinking: /root/crs_ws_fanuc/install/octomap_msgs/include/octomap_msgs/msg/octomap.h
[40.723s] -- Symlinking: /root/crs_ws_fanuc/install/octomap_msgs/include/octomap_msgs/msg/octomap__functions.h
[40.742s] -- Symlinking: /root/crs_ws_fanuc/install/octomap_msgs/include/octomap_msgs/msg/octomap__struct.h
[40.759s] -- Symlinking: /root/crs_ws_fanuc/install/octomap_msgs/include/octomap_msgs/msg/octomap__type_support.h
[40.782s] -- Symlinking: /root/crs_ws_fanuc/install/octomap_msgs/include/octomap_msgs/msg/octomap_with_pose.h
[40.798s] -- Symlinking: /root/crs_ws_fanuc/install/octomap_msgs/include/octomap_msgs/msg/octomap_with_pose__functions.h
[40.813s] -- Symlinking: /root/crs_ws_fanuc/install/octomap_msgs/include/octomap_msgs/msg/octomap_with_pose__struct.h
[40.833s] -- Symlinking: /root/crs_ws_fanuc/install/octomap_msgs/include/octomap_msgs/msg/octomap_with_pose__type_support.h
[40.850s] -- Symlinking: /root/crs_ws_fanuc/install/octomap_msgs/include/octomap_msgs/msg/rosidl_generator_c__visibility_control.h
[40.865s] -- Symlinking: /root/crs_ws_fanuc/install/octomap_msgs/include/octomap_msgs/srv/bounding_box_query.h
[40.880s] -- Symlinking: /root/crs_ws_fanuc/install/octomap_msgs/include/octomap_msgs/srv/bounding_box_query__functions.h
[40.901s] -- Symlinking: /root/crs_ws_fanuc/install/octomap_msgs/include/octomap_msgs/srv/bounding_box_query__struct.h
[40.918s] -- Symlinking: /root/crs_ws_fanuc/install/octomap_msgs/include/octomap_msgs/srv/bounding_box_query__type_support.h
[40.934s] -- Symlinking: /root/crs_ws_fanuc/install/octomap_msgs/include/octomap_msgs/srv/get_octomap.h
[40.949s] -- Symlinking: /root/crs_ws_fanuc/install/octomap_msgs/include/octomap_msgs/srv/get_octomap__functions.h
[40.971s] -- Symlinking: /root/crs_ws_fanuc/install/octomap_msgs/include/octomap_msgs/srv/get_octomap__struct.h
[40.994s] -- Symlinking: /root/crs_ws_fanuc/install/octomap_msgs/include/octomap_msgs/srv/get_octomap__type_support.h
[41.017s] -- Symlinking: /root/crs_ws_fanuc/install/octomap_msgs/lib/liboctomap_msgs__rosidl_generator_c.so
[41.034s] -- Symlinking: /root/crs_ws_fanuc/install/octomap_msgs/include/octomap_msgs/msg/octomap__rosidl_typesupport_fastrtps_cpp.hpp
[41.049s] -- Symlinking: /root/crs_ws_fanuc/install/octomap_msgs/include/octomap_msgs/msg/octomap_with_pose__rosidl_typesupport_fastrtps_cpp.hpp
[41.065s] -- Symlinking: /root/crs_ws_fanuc/install/octomap_msgs/include/octomap_msgs/msg/rosidl_typesupport_fastrtps_cpp__visibility_control.h
[41.081s] -- Symlinking: /root/crs_ws_fanuc/install/octomap_msgs/include/octomap_msgs/srv/bounding_box_query__rosidl_typesupport_fastrtps_cpp.hpp
[41.097s] -- Symlinking: /root/crs_ws_fanuc/install/octomap_msgs/include/octomap_msgs/srv/get_octomap__rosidl_typesupport_fastrtps_cpp.hpp
[41.115s] -- Symlinking: /root/crs_ws_fanuc/install/octomap_msgs/lib/liboctomap_msgs__rosidl_typesupport_fastrtps_cpp.so
[41.131s] -- Symlinking: /root/crs_ws_fanuc/install/octomap_msgs/include/octomap_msgs/msg/octomap.hpp
[41.148s] -- Symlinking: /root/crs_ws_fanuc/install/octomap_msgs/include/octomap_msgs/msg/octomap__struct.hpp
[41.164s] -- Symlinking: /root/crs_ws_fanuc/install/octomap_msgs/include/octomap_msgs/msg/octomap__traits.hpp
[41.181s] -- Symlinking: /root/crs_ws_fanuc/install/octomap_msgs/include/octomap_msgs/msg/octomap_with_pose.hpp
[41.197s] -- Symlinking: /root/crs_ws_fanuc/install/octomap_msgs/include/octomap_msgs/msg/octomap_with_pose__struct.hpp
[41.220s] -- Symlinking: /root/crs_ws_fanuc/install/octomap_msgs/include/octomap_msgs/msg/octomap_with_pose__traits.hpp
[41.236s] -- Symlinking: /root/crs_ws_fanuc/install/octomap_msgs/include/octomap_msgs/srv/bounding_box_query.hpp
[41.256s] -- Symlinking: /root/crs_ws_fanuc/install/octomap_msgs/include/octomap_msgs/srv/bounding_box_query__struct.hpp
[41.276s] -- Symlinking: /root/crs_ws_fanuc/install/octomap_msgs/include/octomap_msgs/srv/bounding_box_query__traits.hpp
[41.291s] -- Symlinking: /root/crs_ws_fanuc/install/octomap_msgs/include/octomap_msgs/srv/get_octomap.hpp
[41.306s] -- Symlinking: /root/crs_ws_fanuc/install/octomap_msgs/include/octomap_msgs/srv/get_octomap__struct.hpp
[41.321s] -- Symlinking: /root/crs_ws_fanuc/install/octomap_msgs/include/octomap_msgs/srv/get_octomap__traits.hpp
[41.336s] -- Symlinking: /root/crs_ws_fanuc/install/octomap_msgs/include/octomap_msgs/msg/octomap__rosidl_typesupport_introspection_c.h
[41.352s] -- Symlinking: /root/crs_ws_fanuc/install/octomap_msgs/include/octomap_msgs/msg/octomap_with_pose__rosidl_typesupport_introspection_c.h
[41.368s] -- Symlinking: /root/crs_ws_fanuc/install/octomap_msgs/include/octomap_msgs/msg/rosidl_typesupport_introspection_c__visibility_control.h
[41.384s] -- Symlinking: /root/crs_ws_fanuc/install/octomap_msgs/include/octomap_msgs/srv/bounding_box_query__rosidl_typesupport_introspection_c.h
[41.400s] -- Symlinking: /root/crs_ws_fanuc/install/octomap_msgs/include/octomap_msgs/srv/get_octomap__rosidl_typesupport_introspection_c.h
[41.416s] -- Symlinking: /root/crs_ws_fanuc/install/octomap_msgs/lib/liboctomap_msgs__rosidl_typesupport_introspection_c.so
[41.431s] -- Symlinking: /root/crs_ws_fanuc/install/octomap_msgs/include/octomap_msgs/msg/octomap__rosidl_typesupport_introspection_cpp.hpp
[41.447s] -- Symlinking: /root/crs_ws_fanuc/install/octomap_msgs/include/octomap_msgs/msg/octomap_with_pose__rosidl_typesupport_introspection_cpp.hpp
[41.463s] -- Symlinking: /root/crs_ws_fanuc/install/octomap_msgs/include/octomap_msgs/srv/bounding_box_query__rosidl_typesupport_introspection_cpp.hpp
[41.481s] -- Symlinking: /root/crs_ws_fanuc/install/octomap_msgs/include/octomap_msgs/srv/get_octomap__rosidl_typesupport_introspection_cpp.hpp
[41.503s] -- Symlinking: /root/crs_ws_fanuc/install/octomap_msgs/lib/liboctomap_msgs__rosidl_typesupport_introspection_cpp.so
[41.523s] -- Symlinking: /root/crs_ws_fanuc/install/octomap_msgs/share/octomap_msgs/environment/pythonpath.sh
[41.540s] -- Symlinking: /root/crs_ws_fanuc/install/octomap_msgs/share/octomap_msgs/environment/pythonpath.dsv
[41.561s] -- Symlinking: /root/crs_ws_fanuc/install/octomap_msgs/lib/python3.6/site-packages/octomap_msgs/__init__.py
[41.585s] -- Symlinking: /root/crs_ws_fanuc/install/octomap_msgs/lib/python3.6/site-packages/octomap_msgs/msg/__init__.py
[41.609s] -- Symlinking: /root/crs_ws_fanuc/install/octomap_msgs/lib/python3.6/site-packages/octomap_msgs/msg/_octomap.py
[41.632s] -- Symlinking: /root/crs_ws_fanuc/install/octomap_msgs/lib/python3.6/site-packages/octomap_msgs/msg/_octomap_with_pose.py
[41.655s] -- Symlinking: /root/crs_ws_fanuc/install/octomap_msgs/lib/python3.6/site-packages/octomap_msgs/srv/__init__.py
[41.678s] -- Symlinking: /root/crs_ws_fanuc/install/octomap_msgs/lib/python3.6/site-packages/octomap_msgs/srv/_bounding_box_query.py
[41.701s] -- Symlinking: /root/crs_ws_fanuc/install/octomap_msgs/lib/python3.6/site-packages/octomap_msgs/srv/_get_octomap.py
[41.717s] -- Symlinking: /root/crs_ws_fanuc/install/octomap_msgs/lib/python3.6/site-packages/octomap_msgs/octomap_msgs_s__rosidl_typesupport_c.cpython-36m-x86_64-linux-gnu.so
[41.734s] -- Symlinking: /root/crs_ws_fanuc/install/octomap_msgs/lib/python3.6/site-packages/octomap_msgs/octomap_msgs_s__rosidl_typesupport_fastrtps_c.cpython-36m-x86_64-linux-gnu.so
[41.751s] -- Symlinking: /root/crs_ws_fanuc/install/octomap_msgs/lib/liboctomap_msgs__python.so
[41.767s] -- Symlinking: /root/crs_ws_fanuc/install/octomap_msgs/share/octomap_msgs/msg/Octomap.idl
[41.783s] -- Symlinking: /root/crs_ws_fanuc/install/octomap_msgs/share/octomap_msgs/msg/OctomapWithPose.idl
[41.799s] -- Symlinking: /root/crs_ws_fanuc/install/octomap_msgs/share/octomap_msgs/srv/BoundingBoxQuery.idl
[41.814s] -- Symlinking: /root/crs_ws_fanuc/install/octomap_msgs/share/octomap_msgs/srv/GetOctomap.idl
[41.830s] -- Symlinking: /root/crs_ws_fanuc/install/octomap_msgs/share/octomap_msgs/msg/Octomap.msg
[41.845s] -- Symlinking: /root/crs_ws_fanuc/install/octomap_msgs/share/octomap_msgs/msg/OctomapWithPose.msg
[41.861s] -- Symlinking: /root/crs_ws_fanuc/install/octomap_msgs/share/octomap_msgs/srv/BoundingBoxQuery.srv
[41.877s] -- Symlinking: /root/crs_ws_fanuc/install/octomap_msgs/share/octomap_msgs/srv/BoundingBoxQuery_Request.msg
[41.903s] -- Symlinking: /root/crs_ws_fanuc/install/octomap_msgs/share/octomap_msgs/srv/BoundingBoxQuery_Response.msg
[41.928s] -- Symlinking: /root/crs_ws_fanuc/install/octomap_msgs/share/octomap_msgs/srv/GetOctomap.srv
[41.944s] -- Symlinking: /root/crs_ws_fanuc/install/octomap_msgs/share/octomap_msgs/srv/GetOctomap_Request.msg
[41.960s] -- Symlinking: /root/crs_ws_fanuc/install/octomap_msgs/share/octomap_msgs/srv/GetOctomap_Response.msg
[41.977s] -- Symlinking: /root/crs_ws_fanuc/install/octomap_msgs/share/ament_index/resource_index/package_run_dependencies/octomap_msgs
[41.994s] -- Symlinking: /root/crs_ws_fanuc/install/octomap_msgs/share/ament_index/resource_index/parent_prefix_path/octomap_msgs
[42.011s] -- Up-to-date symlink: /root/crs_ws_fanuc/install/octomap_msgs/share/octomap_msgs/environment/ament_prefix_path.sh
[42.011s] -- Symlinking: /root/crs_ws_fanuc/install/octomap_msgs/share/octomap_msgs/environment/ament_prefix_path.dsv
[42.028s] -- Up-to-date symlink: /root/crs_ws_fanuc/install/octomap_msgs/share/octomap_msgs/environment/path.sh
[42.028s] -- Symlinking: /root/crs_ws_fanuc/install/octomap_msgs/share/octomap_msgs/environment/path.dsv
[42.045s] -- Symlinking: /root/crs_ws_fanuc/install/octomap_msgs/share/octomap_msgs/local_setup.bash
[42.068s] -- Symlinking: /root/crs_ws_fanuc/install/octomap_msgs/share/octomap_msgs/local_setup.sh
[42.094s] -- Symlinking: /root/crs_ws_fanuc/install/octomap_msgs/share/octomap_msgs/local_setup.zsh
[42.118s] -- Symlinking: /root/crs_ws_fanuc/install/octomap_msgs/share/octomap_msgs/local_setup.dsv
[42.141s] -- Symlinking: /root/crs_ws_fanuc/install/octomap_msgs/share/octomap_msgs/package.dsv
[42.166s] -- Symlinking: /root/crs_ws_fanuc/install/octomap_msgs/share/ament_index/resource_index/packages/octomap_msgs
[42.190s] -- Symlinking: /root/crs_ws_fanuc/install/octomap_msgs/share/octomap_msgs/cmake/rosidl_cmake-extras.cmake
[42.215s] -- Symlinking: /root/crs_ws_fanuc/install/octomap_msgs/share/octomap_msgs/cmake/ament_cmake_export_dependencies-extras.cmake
[42.241s] -- Symlinking: /root/crs_ws_fanuc/install/octomap_msgs/share/octomap_msgs/cmake/ament_cmake_export_libraries-extras.cmake
[42.263s] -- Symlinking: /root/crs_ws_fanuc/install/octomap_msgs/share/octomap_msgs/cmake/ament_cmake_export_include_directories-extras.cmake
[42.281s] -- Symlinking: /root/crs_ws_fanuc/install/octomap_msgs/share/octomap_msgs/cmake/octomap_msgsConfig.cmake
[42.305s] -- Symlinking: /root/crs_ws_fanuc/install/octomap_msgs/share/octomap_msgs/cmake/octomap_msgsConfig-version.cmake
[42.324s] -- Symlinking: /root/crs_ws_fanuc/install/octomap_msgs/share/octomap_msgs/package.xml
[42.397s] Compiling '/root/crs_ws_fanuc/install/octomap_msgs/lib/python3.6/site-packages/octomap_msgs/__init__.py'...
[42.402s] -- Up-to-date: /root/crs_ws_fanuc/install/octomap_msgs/include
[42.402s] -- Up-to-date: /root/crs_ws_fanuc/install/octomap_msgs/include/octomap_msgs
[42.402s] -- Up-to-date: /root/crs_ws_fanuc/install/octomap_msgs/include/octomap_msgs/conversions.h
[42.410s] Invoked command in '/root/crs_ws_fanuc/build/octomap_msgs' returned '0': CMAKE_PREFIX_PATH=/root/crs_ws_fanuc/install/crs_utils_py:/opt/ros/eloquent:${CMAKE_PREFIX_PATH} /usr/bin/cmake --build /root/crs_ws_fanuc/build/octomap_msgs --target install -- -j8 -l8
