-- Found OpenMP_CXX: -fopenmp  
-- Found OpenMP: TRUE   
-- Configuring done
-- Generating done
-- Build files have been written to: /root/crs_ws_fanuc/build/descartes_opw
[ 50%] Building CXX object CMakeFiles/descartes_opw.dir/src/descartes_opw_kinematics.cpp.o
[100%] Linking CXX shared library libdescartes_opw.so
[100%] Built target descartes_opw
[100%] Built target descartes_opw
Install the project...
-- Install configuration: "Debug"
-- Installing: /root/crs_ws_fanuc/install/descartes_opw/lib/libdescartes_opw.so
-- Set runtime path of "/root/crs_ws_fanuc/install/descartes_opw/lib/libdescartes_opw.so" to ""
-- Up-to-date: /root/crs_ws_fanuc/install/descartes_opw/lib/cmake/descartes_opw/descartes_opw-targets.cmake
-- Installing: /root/crs_ws_fanuc/install/descartes_opw/lib/cmake/descartes_opw/descartes_opw-targets-debug.cmake
-- Up-to-date: /root/crs_ws_fanuc/install/descartes_opw/share/descartes_opw/package.xml
-- Up-to-date: /root/crs_ws_fanuc/install/descartes_opw/lib/cmake/descartes_opw/descartes_opw-config.cmake
-- Up-to-date: /root/crs_ws_fanuc/install/descartes_opw/lib/cmake/descartes_opw/descartes_opw-config-version.cmake
-- Up-to-date: /root/crs_ws_fanuc/install/descartes_opw/include/descartes_opw
-- Up-to-date: /root/crs_ws_fanuc/install/descartes_opw/include/descartes_opw/descartes_opw_kinematics.h
-- Up-to-date: /root/crs_ws_fanuc/install/descartes_opw/include/descartes_opw/impl
-- Up-to-date: /root/crs_ws_fanuc/install/descartes_opw/include/descartes_opw/impl/descartes_opw_kinematics.hpp
