-- The C compiler identification is GNU 7.5.0
-- The CXX compiler identification is GNU 7.5.0
-- Check for working C compiler: /usr/bin/cc
-- Check for working C compiler: /usr/bin/cc -- works
-- Detecting C compiler ABI info
-- Detecting C compiler ABI info - done
-- Detecting C compile features
-- Detecting C compile features - done
-- Check for working CXX compiler: /usr/bin/c++
-- Check for working CXX compiler: /usr/bin/c++ -- works
-- Detecting CXX compiler ABI info
-- Detecting CXX compiler ABI info - done
-- Detecting CXX compile features
-- Detecting CXX compile features - done
-- CMAKE_BUILD_TYPE not set to Release -> impacts performance
-- Found Eigen3: /usr/include/eigen3 (Required is at least version "2.91.0") 
-- Checking for module 'ipopt>=3.11.9'
--   Found ipopt, version 3.11.9
-- Found IPOPT: /usr/lib/libipopt.so;/usr/lib/x86_64-linux-gnu/libdmumps_seq.so;/usr/lib/x86_64-linux-gnu/libblas.so;/usr/lib/x86_64-linux-gnu/liblapack.so;/usr/lib/x86_64-linux-gnu/libblas.so;/usr/lib/x86_64-linux-gnu/libdmumps_seq.so;/usr/lib/x86_64-linux-gnu/libdl.so;/usr/lib/x86_64-linux-gnu/libm.so;/usr/lib/gcc/x86_64-linux-gnu/7/libquadmath.so;/usr/lib/x86_64-linux-gnu/libblas.so;/usr/lib/x86_64-linux-gnu/libm.so;/usr/lib/x86_64-linux-gnu/libdl.so (Required is at least version "3.11.9") 
-- Configuring done
-- Generating done
-- Build files have been written to: /root/crs_ws_fanuc/build/ifopt
[35m[1mScanning dependencies of target ifopt_core[0m
[  8%] [32mBuilding CXX object ifopt_core/CMakeFiles/ifopt_core.dir/src/composite.cc.o[0m
[ 16%] [32mBuilding CXX object ifopt_core/CMakeFiles/ifopt_core.dir/src/problem.cc.o[0m
[ 25%] [32mBuilding CXX object ifopt_core/CMakeFiles/ifopt_core.dir/src/leaves.cc.o[0m
[ 33%] [32m[1mLinking CXX shared library libifopt_core.so[0m
[ 33%] Built target ifopt_core
[35m[1mScanning dependencies of target ifopt_ipopt[0m
[35m[1mScanning dependencies of target ifopt_core-test[0m
[ 41%] [32mBuilding CXX object ifopt_core/CMakeFiles/ifopt_core-test.dir/test/problem_test.cc.o[0m
[ 50%] [32mBuilding CXX object ifopt_ipopt/CMakeFiles/ifopt_ipopt.dir/src/ipopt_adapter.cc.o[0m
[ 58%] [32mBuilding CXX object ifopt_ipopt/CMakeFiles/ifopt_ipopt.dir/src/ipopt_solver.cc.o[0m
[ 66%] [32mBuilding CXX object ifopt_core/CMakeFiles/ifopt_core-test.dir/test/composite_test.cc.o[0m
[ 75%] [32m[1mLinking CXX shared library libifopt_ipopt.so[0m
[ 75%] Built target ifopt_ipopt
[35m[1mScanning dependencies of target ifopt_ipopt-example[0m
[ 83%] [32m[1mLinking CXX executable ifopt_core-test[0m
[ 91%] [32mBuilding CXX object ifopt_ipopt/CMakeFiles/ifopt_ipopt-example.dir/test/ex_test_ipopt.cc.o[0m
[ 91%] Built target ifopt_core-test
[100%] [32m[1mLinking CXX executable ifopt_ipopt-example[0m
[100%] Built target ifopt_ipopt-example
