[0.105s] Invoking command in '/root/crs_ws_fanuc/build/crs_robot_comms': AMENT_PREFIX_PATH=/root/crs_ws_fanuc/install/crs_msgs:/root/crs_ws_fanuc/install/ur_dashboard_msgs:/root/crs_ws_fanuc/install/cartesian_trajectory_msgs:${AMENT_PREFIX_PATH} CMAKE_PREFIX_PATH=/root/crs_ws_fanuc/install/crs_msgs:/root/crs_ws_fanuc/install/ur_dashboard_msgs:/root/crs_ws_fanuc/install/cartesian_trajectory_msgs:/opt/qt513/lib/cmake:/opt/ros/eloquent LD_LIBRARY_PATH=/root/crs_ws_fanuc/install/crs_msgs/lib:/root/crs_ws_fanuc/install/ur_dashboard_msgs/lib:/root/crs_ws_fanuc/install/cartesian_trajectory_msgs/lib:${LD_LIBRARY_PATH} PYTHONPATH=/root/crs_ws_fanuc/install/crs_msgs/lib/python3.6/site-packages:/root/crs_ws_fanuc/install/ur_dashboard_msgs/lib/python3.6/site-packages:/root/crs_ws_fanuc/install/cartesian_trajectory_msgs/lib/python3.6/site-packages:${PYTHONPATH} /usr/bin/cmake --build /root/crs_ws_fanuc/build/crs_robot_comms -- -j8 -l8
[0.194s] [ 50%] Built target crs_robot_comms_ur_comms
[0.199s] [100%] Built target crs_robot_comms_ur_comms_sim
[0.211s] Invoked command in '/root/crs_ws_fanuc/build/crs_robot_comms' returned '0': AMENT_PREFIX_PATH=/root/crs_ws_fanuc/install/crs_msgs:/root/crs_ws_fanuc/install/ur_dashboard_msgs:/root/crs_ws_fanuc/install/cartesian_trajectory_msgs:${AMENT_PREFIX_PATH} CMAKE_PREFIX_PATH=/root/crs_ws_fanuc/install/crs_msgs:/root/crs_ws_fanuc/install/ur_dashboard_msgs:/root/crs_ws_fanuc/install/cartesian_trajectory_msgs:/opt/qt513/lib/cmake:/opt/ros/eloquent LD_LIBRARY_PATH=/root/crs_ws_fanuc/install/crs_msgs/lib:/root/crs_ws_fanuc/install/ur_dashboard_msgs/lib:/root/crs_ws_fanuc/install/cartesian_trajectory_msgs/lib:${LD_LIBRARY_PATH} PYTHONPATH=/root/crs_ws_fanuc/install/crs_msgs/lib/python3.6/site-packages:/root/crs_ws_fanuc/install/ur_dashboard_msgs/lib/python3.6/site-packages:/root/crs_ws_fanuc/install/cartesian_trajectory_msgs/lib/python3.6/site-packages:${PYTHONPATH} /usr/bin/cmake --build /root/crs_ws_fanuc/build/crs_robot_comms -- -j8 -l8
[0.243s] Invoking command in '/root/crs_ws_fanuc/build/crs_robot_comms': AMENT_PREFIX_PATH=/root/crs_ws_fanuc/install/crs_msgs:/root/crs_ws_fanuc/install/ur_dashboard_msgs:/root/crs_ws_fanuc/install/cartesian_trajectory_msgs:${AMENT_PREFIX_PATH} CMAKE_PREFIX_PATH=/root/crs_ws_fanuc/install/crs_msgs:/root/crs_ws_fanuc/install/ur_dashboard_msgs:/root/crs_ws_fanuc/install/cartesian_trajectory_msgs:/opt/qt513/lib/cmake:/opt/ros/eloquent LD_LIBRARY_PATH=/root/crs_ws_fanuc/install/crs_msgs/lib:/root/crs_ws_fanuc/install/ur_dashboard_msgs/lib:/root/crs_ws_fanuc/install/cartesian_trajectory_msgs/lib:${LD_LIBRARY_PATH} PYTHONPATH=/root/crs_ws_fanuc/install/crs_msgs/lib/python3.6/site-packages:/root/crs_ws_fanuc/install/ur_dashboard_msgs/lib/python3.6/site-packages:/root/crs_ws_fanuc/install/cartesian_trajectory_msgs/lib/python3.6/site-packages:${PYTHONPATH} /usr/bin/cmake --build /root/crs_ws_fanuc/build/crs_robot_comms --target install -- -j8 -l8
[0.328s] [ 50%] Built target crs_robot_comms_ur_comms
[0.329s] [100%] Built target crs_robot_comms_ur_comms_sim
[0.349s] [36mInstall the project...[0m
[0.357s] -- Install configuration: "Debug"
[0.373s] -- Execute custom install script
[0.373s] -- Up-to-date symlink: /root/crs_ws_fanuc/install/crs_robot_comms/share/ament_index/resource_index/package_run_dependencies/crs_robot_comms
[0.373s] -- Up-to-date symlink: /root/crs_ws_fanuc/install/crs_robot_comms/share/ament_index/resource_index/parent_prefix_path/crs_robot_comms
[0.374s] -- Up-to-date symlink: /root/crs_ws_fanuc/install/crs_robot_comms/share/crs_robot_comms/environment/ament_prefix_path.sh
[0.374s] -- Up-to-date symlink: /root/crs_ws_fanuc/install/crs_robot_comms/share/crs_robot_comms/environment/ament_prefix_path.dsv
[0.375s] -- Up-to-date symlink: /root/crs_ws_fanuc/install/crs_robot_comms/share/crs_robot_comms/environment/path.sh
[0.375s] -- Up-to-date symlink: /root/crs_ws_fanuc/install/crs_robot_comms/share/crs_robot_comms/environment/path.dsv
[0.376s] -- Up-to-date symlink: /root/crs_ws_fanuc/install/crs_robot_comms/share/crs_robot_comms/local_setup.bash
[0.376s] -- Up-to-date symlink: /root/crs_ws_fanuc/install/crs_robot_comms/share/crs_robot_comms/local_setup.sh
[0.376s] -- Up-to-date symlink: /root/crs_ws_fanuc/install/crs_robot_comms/share/crs_robot_comms/local_setup.zsh
[0.377s] -- Up-to-date symlink: /root/crs_ws_fanuc/install/crs_robot_comms/share/crs_robot_comms/local_setup.dsv
[0.377s] -- Symlinking: /root/crs_ws_fanuc/install/crs_robot_comms/share/crs_robot_comms/package.dsv
[0.392s] -- Up-to-date symlink: /root/crs_ws_fanuc/install/crs_robot_comms/share/ament_index/resource_index/packages/crs_robot_comms
[0.392s] -- Up-to-date symlink: /root/crs_ws_fanuc/install/crs_robot_comms/share/crs_robot_comms/cmake/ament_cmake_export_interfaces-extras.cmake
[0.393s] -- Up-to-date symlink: /root/crs_ws_fanuc/install/crs_robot_comms/share/crs_robot_comms/cmake/ament_cmake_export_dependencies-extras.cmake
[0.393s] -- Up-to-date symlink: /root/crs_ws_fanuc/install/crs_robot_comms/share/crs_robot_comms/cmake/crs_robot_commsConfig.cmake
[0.393s] -- Up-to-date symlink: /root/crs_ws_fanuc/install/crs_robot_comms/share/crs_robot_comms/cmake/crs_robot_commsConfig-version.cmake
[0.393s] -- Up-to-date symlink: /root/crs_ws_fanuc/install/crs_robot_comms/share/crs_robot_comms/package.xml
[0.455s] -- Up-to-date: /root/crs_ws_fanuc/install/crs_robot_comms/lib/crs_robot_comms/crs_robot_comms_ur_comms
[0.470s] -- Up-to-date: /root/crs_ws_fanuc/install/crs_robot_comms/lib/crs_robot_comms/crs_robot_comms_ur_comms_sim
[0.470s] -- Up-to-date: /root/crs_ws_fanuc/install/crs_robot_comms/share/crs_robot_comms/cmake/-targetsExport.cmake
[0.470s] -- Up-to-date: /root/crs_ws_fanuc/install/crs_robot_comms/share/crs_robot_comms/cmake/-targetsExport-debug.cmake
[0.475s] Invoked command in '/root/crs_ws_fanuc/build/crs_robot_comms' returned '0': AMENT_PREFIX_PATH=/root/crs_ws_fanuc/install/crs_msgs:/root/crs_ws_fanuc/install/ur_dashboard_msgs:/root/crs_ws_fanuc/install/cartesian_trajectory_msgs:${AMENT_PREFIX_PATH} CMAKE_PREFIX_PATH=/root/crs_ws_fanuc/install/crs_msgs:/root/crs_ws_fanuc/install/ur_dashboard_msgs:/root/crs_ws_fanuc/install/cartesian_trajectory_msgs:/opt/qt513/lib/cmake:/opt/ros/eloquent LD_LIBRARY_PATH=/root/crs_ws_fanuc/install/crs_msgs/lib:/root/crs_ws_fanuc/install/ur_dashboard_msgs/lib:/root/crs_ws_fanuc/install/cartesian_trajectory_msgs/lib:${LD_LIBRARY_PATH} PYTHONPATH=/root/crs_ws_fanuc/install/crs_msgs/lib/python3.6/site-packages:/root/crs_ws_fanuc/install/ur_dashboard_msgs/lib/python3.6/site-packages:/root/crs_ws_fanuc/install/cartesian_trajectory_msgs/lib/python3.6/site-packages:${PYTHONPATH} /usr/bin/cmake --build /root/crs_ws_fanuc/build/crs_robot_comms --target install -- -j8 -l8
