-- Found OpenMP_CXX: -fopenmp  
-- Found OpenMP: TRUE   
-- Boost version: 1.65.1
-- Found the following Boost libraries:
--   system
--   python
--   thread
--   program_options
--   chrono
--   date_time
--   atomic
-- Boost version: 1.65.1
-- Found the following Boost libraries:
--   system
--   thread
--   program_options
--   chrono
--   date_time
--   atomic
-- Configuring done
-- Generating done
-- Build files have been written to: /root/crs_ws_fanuc/build/trajopt_tools
[ 25%] Building CXX object CMakeFiles/convex_decomposition_hacd_node.dir/src/convex_decomposition_hacd.cpp.o
[ 50%] Linking CXX executable convex_decomposition_hacd_node
[ 50%] Built target convex_decomposition_hacd_node
[ 75%] Building CXX object CMakeFiles/convex_decomposition_vhacd_node.dir/src/convex_decomposition_vhacd.cpp.o
[100%] Linking CXX executable convex_decomposition_vhacd_node
[100%] Built target convex_decomposition_vhacd_node
[ 50%] Built target convex_decomposition_hacd_node
[100%] Built target convex_decomposition_vhacd_node
Install the project...
-- Install configuration: "Debug"
-- Installing: /root/crs_ws_fanuc/install/trajopt_tools/bin/convex_decomposition_hacd_node
-- Set runtime path of "/root/crs_ws_fanuc/install/trajopt_tools/bin/convex_decomposition_hacd_node" to ""
-- Installing: /root/crs_ws_fanuc/install/trajopt_tools/bin/convex_decomposition_vhacd_node
-- Set runtime path of "/root/crs_ws_fanuc/install/trajopt_tools/bin/convex_decomposition_vhacd_node" to ""
-- Up-to-date: /root/crs_ws_fanuc/install/trajopt_tools/lib/cmake/trajopt_tools/trajopt_tools-targets.cmake
-- Installing: /root/crs_ws_fanuc/install/trajopt_tools/lib/cmake/trajopt_tools/trajopt_tools-targets-debug.cmake
-- Up-to-date: /root/crs_ws_fanuc/install/trajopt_tools/share/trajopt_tools/package.xml
-- Up-to-date: /root/crs_ws_fanuc/install/trajopt_tools/lib/cmake/trajopt_tools/trajopt_tools-config.cmake
-- Up-to-date: /root/crs_ws_fanuc/install/trajopt_tools/lib/cmake/trajopt_tools/trajopt_tools-config-version.cmake
