-- The CXX compiler identification is GNU 7.5.0
-- Check for working CXX compiler: /usr/bin/c++
-- Check for working CXX compiler: /usr/bin/c++ -- works
-- Detecting CXX compiler ABI info
-- Detecting CXX compiler ABI info - done
-- Detecting CXX compile features
-- Detecting CXX compile features - done
-- Looking for C++ include pthread.h
-- Looking for C++ include pthread.h - found
-- Looking for pthread_create
-- Looking for pthread_create - not found
-- Looking for pthread_create in pthreads
-- Looking for pthread_create in pthreads - not found
-- Looking for pthread_create in pthread
-- Looking for pthread_create in pthread - found
-- Found Threads: TRUE  
-- Boost version: 1.65.1
-- Found the following Boost libraries:
--   system
--   python
--   thread
--   program_options
--   chrono
--   date_time
--   atomic
-- Configuring done
-- Generating done
-- Build files have been written to: /root/crs_ws_fanuc/build/trajopt_utils
[35m[1mScanning dependencies of target trajopt_utils[0m
[ 20%] [32mBuilding CXX object CMakeFiles/trajopt_utils.dir/src/stl_to_string.cpp.o[0m
[ 40%] [32mBuilding CXX object CMakeFiles/trajopt_utils.dir/src/logging.cpp.o[0m
[ 60%] [32mBuilding CXX object CMakeFiles/trajopt_utils.dir/src/config.cpp.o[0m
[ 80%] [32mBuilding CXX object CMakeFiles/trajopt_utils.dir/src/clock.cpp.o[0m
[100%] [32m[1mLinking CXX shared library libtrajopt_utils.so[0m
[100%] Built target trajopt_utils
[100%] Built target trajopt_utils
[36mInstall the project...[0m
-- Install configuration: ""
-- Installing: /root/crs_ws_fanuc/install/trajopt_utils/lib/libtrajopt_utils.so
-- Installing: /root/crs_ws_fanuc/install/trajopt_utils/lib/cmake/trajopt_utils/trajopt_utils-targets.cmake
-- Installing: /root/crs_ws_fanuc/install/trajopt_utils/lib/cmake/trajopt_utils/trajopt_utils-targets-noconfig.cmake
-- Up-to-date: /root/crs_ws_fanuc/install/trajopt_utils/share/trajopt_utils/package.xml
-- Installing: /root/crs_ws_fanuc/install/trajopt_utils/lib/cmake/trajopt_utils/trajopt_utils-config.cmake
-- Installing: /root/crs_ws_fanuc/install/trajopt_utils/lib/cmake/trajopt_utils/trajopt_utils-config-version.cmake
-- Up-to-date: /root/crs_ws_fanuc/install/trajopt_utils/include/trajopt_utils
-- Up-to-date: /root/crs_ws_fanuc/install/trajopt_utils/include/trajopt_utils/interpolation.hpp
-- Up-to-date: /root/crs_ws_fanuc/install/trajopt_utils/include/trajopt_utils/macros.h
-- Up-to-date: /root/crs_ws_fanuc/install/trajopt_utils/include/trajopt_utils/eigen_conversions.hpp
-- Up-to-date: /root/crs_ws_fanuc/install/trajopt_utils/include/trajopt_utils/stl_to_string.hpp
-- Up-to-date: /root/crs_ws_fanuc/install/trajopt_utils/include/trajopt_utils/vector_ops.hpp
-- Up-to-date: /root/crs_ws_fanuc/install/trajopt_utils/include/trajopt_utils/clock.hpp
-- Up-to-date: /root/crs_ws_fanuc/install/trajopt_utils/include/trajopt_utils/eigen_slicing.hpp
-- Up-to-date: /root/crs_ws_fanuc/install/trajopt_utils/include/trajopt_utils/math.hpp
-- Up-to-date: /root/crs_ws_fanuc/install/trajopt_utils/include/trajopt_utils/logging.hpp
-- Up-to-date: /root/crs_ws_fanuc/install/trajopt_utils/include/trajopt_utils/config.hpp
-- Up-to-date: /root/crs_ws_fanuc/install/trajopt_utils/include/trajopt_utils/basic_array.hpp
-- Up-to-date: /root/crs_ws_fanuc/install/trajopt_utils/lib/cmake/trajopt_utils/trajopt_macros.cmake
