[0.145s] Invoking command in '/root/crs_ws_fanuc/build/trajopt_sco': CMAKE_PREFIX_PATH=/root/crs_ws_fanuc/install/trajopt_utils:/root/crs_ws_fanuc/install/osqp:/opt/qt513/lib/cmake:/opt/ros/eloquent LD_LIBRARY_PATH=/root/crs_ws_fanuc/install/trajopt_utils/lib:/root/crs_ws_fanuc/install/osqp/lib:${LD_LIBRARY_PATH} PKG_CONFIG_PATH=/root/crs_ws_fanuc/install/trajopt_utils/lib/x86_64-linux-gnu/pkgconfig:/root/crs_ws_fanuc/install/trajopt_utils/lib/pkgconfig:/root/crs_ws_fanuc/install/osqp/lib/x86_64-linux-gnu/pkgconfig:/root/crs_ws_fanuc/install/osqp/lib/pkgconfig /usr/bin/cmake --build /root/crs_ws_fanuc/build/trajopt_sco -- -j8 -l8
[0.369s] [ 15%] Built target bpmpd_caller
[0.408s] [100%] Built target trajopt_sco
[0.466s] Invoked command in '/root/crs_ws_fanuc/build/trajopt_sco' returned '0': CMAKE_PREFIX_PATH=/root/crs_ws_fanuc/install/trajopt_utils:/root/crs_ws_fanuc/install/osqp:/opt/qt513/lib/cmake:/opt/ros/eloquent LD_LIBRARY_PATH=/root/crs_ws_fanuc/install/trajopt_utils/lib:/root/crs_ws_fanuc/install/osqp/lib:${LD_LIBRARY_PATH} PKG_CONFIG_PATH=/root/crs_ws_fanuc/install/trajopt_utils/lib/x86_64-linux-gnu/pkgconfig:/root/crs_ws_fanuc/install/trajopt_utils/lib/pkgconfig:/root/crs_ws_fanuc/install/osqp/lib/x86_64-linux-gnu/pkgconfig:/root/crs_ws_fanuc/install/osqp/lib/pkgconfig /usr/bin/cmake --build /root/crs_ws_fanuc/build/trajopt_sco -- -j8 -l8
[0.924s] Invoking command in '/root/crs_ws_fanuc/build/trajopt_sco': CMAKE_PREFIX_PATH=/root/crs_ws_fanuc/install/trajopt_utils:/root/crs_ws_fanuc/install/osqp:/opt/qt513/lib/cmake:/opt/ros/eloquent LD_LIBRARY_PATH=/root/crs_ws_fanuc/install/trajopt_utils/lib:/root/crs_ws_fanuc/install/osqp/lib:${LD_LIBRARY_PATH} PKG_CONFIG_PATH=/root/crs_ws_fanuc/install/trajopt_utils/lib/x86_64-linux-gnu/pkgconfig:/root/crs_ws_fanuc/install/trajopt_utils/lib/pkgconfig:/root/crs_ws_fanuc/install/osqp/lib/x86_64-linux-gnu/pkgconfig:/root/crs_ws_fanuc/install/osqp/lib/pkgconfig /usr/bin/cmake --build /root/crs_ws_fanuc/build/trajopt_sco --target install -- -j8 -l8
[1.083s] [ 15%] Built target bpmpd_caller
[1.142s] [100%] Built target trajopt_sco
[1.190s] [36mInstall the project...[0m
[1.206s] -- Install configuration: "Debug"
[1.207s] -- Up-to-date: /root/crs_ws_fanuc/install/trajopt_sco/bin/bpmpd_caller
[1.207s] -- Up-to-date: /root/crs_ws_fanuc/install/trajopt_sco/bin/bpmpd.par
[1.208s] -- Up-to-date: /root/crs_ws_fanuc/install/trajopt_sco/lib/libtrajopt_sco.so
[1.208s] -- Up-to-date: /root/crs_ws_fanuc/install/trajopt_sco/lib/cmake/trajopt_sco/trajopt_sco-targets.cmake
[1.209s] -- Up-to-date: /root/crs_ws_fanuc/install/trajopt_sco/lib/cmake/trajopt_sco/trajopt_sco-targets-debug.cmake
[1.210s] -- Up-to-date: /root/crs_ws_fanuc/install/trajopt_sco/share/trajopt_sco/package.xml
[1.210s] -- Up-to-date: /root/crs_ws_fanuc/install/trajopt_sco/lib/cmake/trajopt_sco/trajopt_sco-config.cmake
[1.210s] -- Up-to-date: /root/crs_ws_fanuc/install/trajopt_sco/lib/cmake/trajopt_sco/trajopt_sco-config-version.cmake
[1.210s] -- Up-to-date: /root/crs_ws_fanuc/install/trajopt_sco/include/trajopt_sco
[1.211s] -- Up-to-date: /root/crs_ws_fanuc/install/trajopt_sco/include/trajopt_sco/optimizers.hpp
[1.211s] -- Up-to-date: /root/crs_ws_fanuc/install/trajopt_sco/include/trajopt_sco/num_diff.hpp
[1.211s] -- Up-to-date: /root/crs_ws_fanuc/install/trajopt_sco/include/trajopt_sco/expr_ops.hpp
[1.212s] -- Up-to-date: /root/crs_ws_fanuc/install/trajopt_sco/include/trajopt_sco/qpoases_interface.hpp
[1.212s] -- Up-to-date: /root/crs_ws_fanuc/install/trajopt_sco/include/trajopt_sco/osqp_interface.hpp
[1.220s] -- Up-to-date: /root/crs_ws_fanuc/install/trajopt_sco/include/trajopt_sco/gurobi_interface.hpp
[1.221s] -- Up-to-date: /root/crs_ws_fanuc/install/trajopt_sco/include/trajopt_sco/modeling_utils.hpp
[1.221s] -- Up-to-date: /root/crs_ws_fanuc/install/trajopt_sco/include/trajopt_sco/solver_utils.hpp
[1.221s] -- Up-to-date: /root/crs_ws_fanuc/install/trajopt_sco/include/trajopt_sco/bpmpd_io.hpp
[1.222s] -- Up-to-date: /root/crs_ws_fanuc/install/trajopt_sco/include/trajopt_sco/modeling.hpp
[1.222s] -- Up-to-date: /root/crs_ws_fanuc/install/trajopt_sco/include/trajopt_sco/expr_op_overloads.hpp
[1.223s] -- Up-to-date: /root/crs_ws_fanuc/install/trajopt_sco/include/trajopt_sco/solver_interface.hpp
[1.224s] -- Up-to-date: /root/crs_ws_fanuc/install/trajopt_sco/include/trajopt_sco/bpmpd_interface.hpp
[1.224s] -- Up-to-date: /root/crs_ws_fanuc/install/trajopt_sco/include/trajopt_sco/expr_vec_ops.hpp
[1.224s] -- Up-to-date: /root/crs_ws_fanuc/install/trajopt_sco/include/trajopt_sco/sco_common.hpp
[1.224s] -- Up-to-date: /root/crs_ws_fanuc/install/trajopt_sco/lib/cmake/trajopt_sco/FindGUROBI.cmake
[1.224s] -- Up-to-date: /root/crs_ws_fanuc/install/trajopt_sco/lib/cmake/trajopt_sco/FindqpOASES.cmake
[1.224s] Invoked command in '/root/crs_ws_fanuc/build/trajopt_sco' returned '0': CMAKE_PREFIX_PATH=/root/crs_ws_fanuc/install/trajopt_utils:/root/crs_ws_fanuc/install/osqp:/opt/qt513/lib/cmake:/opt/ros/eloquent LD_LIBRARY_PATH=/root/crs_ws_fanuc/install/trajopt_utils/lib:/root/crs_ws_fanuc/install/osqp/lib:${LD_LIBRARY_PATH} PKG_CONFIG_PATH=/root/crs_ws_fanuc/install/trajopt_utils/lib/x86_64-linux-gnu/pkgconfig:/root/crs_ws_fanuc/install/trajopt_utils/lib/pkgconfig:/root/crs_ws_fanuc/install/osqp/lib/x86_64-linux-gnu/pkgconfig:/root/crs_ws_fanuc/install/osqp/lib/pkgconfig /usr/bin/cmake --build /root/crs_ws_fanuc/build/trajopt_sco --target install -- -j8 -l8
