[0.053s] Invoking command in '/root/crs_ws_fanuc/build/region_detection_core': CMAKE_PREFIX_PATH=${CMAKE_PREFIX_PATH}:/opt/ros/eloquent /usr/bin/cmake --build /root/crs_ws_fanuc/build/region_detection_core -- -j8 -l8
[0.130s] [ 54%] Built target adaptive_threshold_test
[0.130s] [ 54%] Built target threshold_in_range_test
[0.131s] [ 54%] Built target threshold_grayscale_test
[0.139s] [ 81%] Built target region_detection_core
[0.174s] [100%] Built target region_detection_test
[0.206s] Invoked command in '/root/crs_ws_fanuc/build/region_detection_core' returned '0': CMAKE_PREFIX_PATH=${CMAKE_PREFIX_PATH}:/opt/ros/eloquent /usr/bin/cmake --build /root/crs_ws_fanuc/build/region_detection_core -- -j8 -l8
[0.291s] Invoking command in '/root/crs_ws_fanuc/build/region_detection_core': CMAKE_PREFIX_PATH=${CMAKE_PREFIX_PATH}:/opt/ros/eloquent /usr/bin/cmake --build /root/crs_ws_fanuc/build/region_detection_core --target install -- -j8 -l8
[0.386s] [ 18%] Built target threshold_grayscale_test
[0.389s] [ 36%] Built target threshold_in_range_test
[0.410s] [ 81%] Built target adaptive_threshold_test
[0.410s] [ 81%] Built target region_detection_core
[0.460s] [100%] Built target region_detection_test
[0.492s] [36mInstall the project...[0m
[0.508s] -- Install configuration: "Debug"
[0.508s] -- Up-to-date: /root/crs_ws_fanuc/install/region_detection_core/include/region_detection_core
[0.509s] -- Up-to-date: /root/crs_ws_fanuc/install/region_detection_core/include/region_detection_core/config_types.h
[0.510s] -- Up-to-date: /root/crs_ws_fanuc/install/region_detection_core/include/region_detection_core/region_crop.h
[0.510s] -- Up-to-date: /root/crs_ws_fanuc/install/region_detection_core/include/region_detection_core/region_detector.h
[0.510s] -- Up-to-date: /root/crs_ws_fanuc/install/region_detection_core/bin/threshold_grayscale_test
[0.513s] -- Up-to-date: /root/crs_ws_fanuc/install/region_detection_core/bin/threshold_in_range_test
[0.516s] -- Up-to-date: /root/crs_ws_fanuc/install/region_detection_core/bin/adaptive_threshold_test
[0.516s] -- Up-to-date: /root/crs_ws_fanuc/install/region_detection_core/bin/region_detection_test
[0.516s] -- Up-to-date: /root/crs_ws_fanuc/install/region_detection_core/lib/libregion_detection_core.so
[0.517s] -- Up-to-date: /root/crs_ws_fanuc/install/region_detection_core/lib/cmake/region_detection_core/region_detection_core-targets.cmake
[0.517s] -- Up-to-date: /root/crs_ws_fanuc/install/region_detection_core/lib/cmake/region_detection_core/region_detection_core-targets-debug.cmake
[0.518s] -- Up-to-date: /root/crs_ws_fanuc/install/region_detection_core/share/region_detection_core/package.xml
[0.518s] -- Up-to-date: /root/crs_ws_fanuc/install/region_detection_core/share/region_detection_core//config
[0.519s] -- Up-to-date: /root/crs_ws_fanuc/install/region_detection_core/share/region_detection_core//config/config.yaml
[0.519s] -- Up-to-date: /root/crs_ws_fanuc/install/region_detection_core/lib/cmake/region_detection_core/region_detection_core-config.cmake
[0.519s] -- Up-to-date: /root/crs_ws_fanuc/install/region_detection_core/lib/cmake/region_detection_core/region_detection_core-config-version.cmake
[0.523s] Invoked command in '/root/crs_ws_fanuc/build/region_detection_core' returned '0': CMAKE_PREFIX_PATH=${CMAKE_PREFIX_PATH}:/opt/ros/eloquent /usr/bin/cmake --build /root/crs_ws_fanuc/build/region_detection_core --target install -- -j8 -l8
