[0.060s] Invoking command in '/root/crs_ws_fanuc/build/region_detection_rclcpp': AMENT_PREFIX_PATH=/root/crs_ws_fanuc/install/region_detection_msgs:${AMENT_PREFIX_PATH} CMAKE_PREFIX_PATH=/root/crs_ws_fanuc/install/region_detection_msgs:/root/crs_ws_fanuc/install/region_detection_core:/opt/qt513/lib/cmake:/opt/ros/eloquent LD_LIBRARY_PATH=/root/crs_ws_fanuc/install/region_detection_msgs/lib:/root/crs_ws_fanuc/install/region_detection_core/lib:${LD_LIBRARY_PATH} PATH=/root/crs_ws_fanuc/install/region_detection_core/bin:${PATH} PKG_CONFIG_PATH=/root/crs_ws_fanuc/install/region_detection_core/lib/x86_64-linux-gnu/pkgconfig:/root/crs_ws_fanuc/install/region_detection_core/lib/pkgconfig PYTHONPATH=/root/crs_ws_fanuc/install/region_detection_msgs/lib/python3.6/site-packages:${PYTHONPATH} /usr/bin/cmake --build /root/crs_ws_fanuc/build/region_detection_rclcpp -- -j8 -l8
[0.193s] [ 33%] Built target interactive_region_selection
[0.236s] [ 66%] Built target crop_data_server
[0.241s] [100%] Built target region_detector_server
[0.268s] Invoked command in '/root/crs_ws_fanuc/build/region_detection_rclcpp' returned '0': AMENT_PREFIX_PATH=/root/crs_ws_fanuc/install/region_detection_msgs:${AMENT_PREFIX_PATH} CMAKE_PREFIX_PATH=/root/crs_ws_fanuc/install/region_detection_msgs:/root/crs_ws_fanuc/install/region_detection_core:/opt/qt513/lib/cmake:/opt/ros/eloquent LD_LIBRARY_PATH=/root/crs_ws_fanuc/install/region_detection_msgs/lib:/root/crs_ws_fanuc/install/region_detection_core/lib:${LD_LIBRARY_PATH} PATH=/root/crs_ws_fanuc/install/region_detection_core/bin:${PATH} PKG_CONFIG_PATH=/root/crs_ws_fanuc/install/region_detection_core/lib/x86_64-linux-gnu/pkgconfig:/root/crs_ws_fanuc/install/region_detection_core/lib/pkgconfig PYTHONPATH=/root/crs_ws_fanuc/install/region_detection_msgs/lib/python3.6/site-packages:${PYTHONPATH} /usr/bin/cmake --build /root/crs_ws_fanuc/build/region_detection_rclcpp -- -j8 -l8
[0.349s] Invoking command in '/root/crs_ws_fanuc/build/region_detection_rclcpp': AMENT_PREFIX_PATH=/root/crs_ws_fanuc/install/region_detection_msgs:${AMENT_PREFIX_PATH} CMAKE_PREFIX_PATH=/root/crs_ws_fanuc/install/region_detection_msgs:/root/crs_ws_fanuc/install/region_detection_core:/opt/qt513/lib/cmake:/opt/ros/eloquent LD_LIBRARY_PATH=/root/crs_ws_fanuc/install/region_detection_msgs/lib:/root/crs_ws_fanuc/install/region_detection_core/lib:${LD_LIBRARY_PATH} PATH=/root/crs_ws_fanuc/install/region_detection_core/bin:${PATH} PKG_CONFIG_PATH=/root/crs_ws_fanuc/install/region_detection_core/lib/x86_64-linux-gnu/pkgconfig:/root/crs_ws_fanuc/install/region_detection_core/lib/pkgconfig PYTHONPATH=/root/crs_ws_fanuc/install/region_detection_msgs/lib/python3.6/site-packages:${PYTHONPATH} /usr/bin/cmake --build /root/crs_ws_fanuc/build/region_detection_rclcpp --target install -- -j8 -l8
[0.456s] [ 33%] Built target interactive_region_selection
[0.465s] [ 66%] Built target region_detector_server
[0.475s] [100%] Built target crop_data_server
[0.503s] [36mInstall the project...[0m
[0.536s] -- Install configuration: "Debug"
[0.537s] -- Execute custom install script
[0.559s] -- Up-to-date symlink: /root/crs_ws_fanuc/install/region_detection_rclcpp/lib/region_detection_rclcpp/interactive_region_selection
[0.559s] -- Up-to-date symlink: /root/crs_ws_fanuc/install/region_detection_rclcpp/lib/region_detection_rclcpp/region_detector_server
[0.559s] -- Up-to-date symlink: /root/crs_ws_fanuc/install/region_detection_rclcpp/lib/region_detection_rclcpp/crop_data_server
[0.560s] -- Up-to-date symlink: /root/crs_ws_fanuc/install/region_detection_rclcpp/share/ament_index/resource_index/package_run_dependencies/region_detection_rclcpp
[0.560s] -- Up-to-date symlink: /root/crs_ws_fanuc/install/region_detection_rclcpp/share/ament_index/resource_index/parent_prefix_path/region_detection_rclcpp
[0.561s] -- Up-to-date symlink: /root/crs_ws_fanuc/install/region_detection_rclcpp/share/region_detection_rclcpp/environment/ament_prefix_path.sh
[0.562s] -- Up-to-date symlink: /root/crs_ws_fanuc/install/region_detection_rclcpp/share/region_detection_rclcpp/environment/ament_prefix_path.dsv
[0.562s] -- Up-to-date symlink: /root/crs_ws_fanuc/install/region_detection_rclcpp/share/region_detection_rclcpp/environment/path.sh
[0.564s] -- Up-to-date symlink: /root/crs_ws_fanuc/install/region_detection_rclcpp/share/region_detection_rclcpp/environment/path.dsv
[0.565s] -- Up-to-date symlink: /root/crs_ws_fanuc/install/region_detection_rclcpp/share/region_detection_rclcpp/local_setup.bash
[0.565s] -- Up-to-date symlink: /root/crs_ws_fanuc/install/region_detection_rclcpp/share/region_detection_rclcpp/local_setup.sh
[0.565s] -- Up-to-date symlink: /root/crs_ws_fanuc/install/region_detection_rclcpp/share/region_detection_rclcpp/local_setup.zsh
[0.565s] -- Up-to-date symlink: /root/crs_ws_fanuc/install/region_detection_rclcpp/share/region_detection_rclcpp/local_setup.dsv
[0.565s] -- Symlinking: /root/crs_ws_fanuc/install/region_detection_rclcpp/share/region_detection_rclcpp/package.dsv
[0.576s] -- Up-to-date symlink: /root/crs_ws_fanuc/install/region_detection_rclcpp/share/ament_index/resource_index/packages/region_detection_rclcpp
[0.577s] -- Up-to-date symlink: /root/crs_ws_fanuc/install/region_detection_rclcpp/share/region_detection_rclcpp/cmake/region_detection_rclcppConfig.cmake
[0.577s] -- Up-to-date symlink: /root/crs_ws_fanuc/install/region_detection_rclcpp/share/region_detection_rclcpp/cmake/region_detection_rclcppConfig-version.cmake
[0.577s] -- Up-to-date symlink: /root/crs_ws_fanuc/install/region_detection_rclcpp/share/region_detection_rclcpp/package.xml
[0.582s] Invoked command in '/root/crs_ws_fanuc/build/region_detection_rclcpp' returned '0': AMENT_PREFIX_PATH=/root/crs_ws_fanuc/install/region_detection_msgs:${AMENT_PREFIX_PATH} CMAKE_PREFIX_PATH=/root/crs_ws_fanuc/install/region_detection_msgs:/root/crs_ws_fanuc/install/region_detection_core:/opt/qt513/lib/cmake:/opt/ros/eloquent LD_LIBRARY_PATH=/root/crs_ws_fanuc/install/region_detection_msgs/lib:/root/crs_ws_fanuc/install/region_detection_core/lib:${LD_LIBRARY_PATH} PATH=/root/crs_ws_fanuc/install/region_detection_core/bin:${PATH} PKG_CONFIG_PATH=/root/crs_ws_fanuc/install/region_detection_core/lib/x86_64-linux-gnu/pkgconfig:/root/crs_ws_fanuc/install/region_detection_core/lib/pkgconfig PYTHONPATH=/root/crs_ws_fanuc/install/region_detection_msgs/lib/python3.6/site-packages:${PYTHONPATH} /usr/bin/cmake --build /root/crs_ws_fanuc/build/region_detection_rclcpp --target install -- -j8 -l8
