-- Boost version: 1.65.1
-- Found the following Boost libraries:
--   system
--   python
--   thread
--   program_options
--   chrono
--   date_time
--   atomic
-- Boost version: 1.65.1
-- Found the following Boost libraries:
--   system
--   thread
--   program_options
--   chrono
--   date_time
--   atomic
-- Configuring done
-- Generating done
-- Build files have been written to: /root/crs_ws_fanuc/build/trajopt_tools
[ 50%] Built target convex_decomposition_hacd_node
[100%] Built target convex_decomposition_vhacd_node
[ 50%] Built target convex_decomposition_hacd_node
[100%] Built target convex_decomposition_vhacd_node
[36mInstall the project...[0m
-- Install configuration: "Debug"
-- Up-to-date: /root/crs_ws_fanuc/install/trajopt_tools/bin/convex_decomposition_hacd_node
-- Up-to-date: /root/crs_ws_fanuc/install/trajopt_tools/bin/convex_decomposition_vhacd_node
-- Up-to-date: /root/crs_ws_fanuc/install/trajopt_tools/lib/cmake/trajopt_tools/trajopt_tools-targets.cmake
-- Installing: /root/crs_ws_fanuc/install/trajopt_tools/lib/cmake/trajopt_tools/trajopt_tools-targets-debug.cmake
-- Up-to-date: /root/crs_ws_fanuc/install/trajopt_tools/share/trajopt_tools/package.xml
-- Up-to-date: /root/crs_ws_fanuc/install/trajopt_tools/lib/cmake/trajopt_tools/trajopt_tools-config.cmake
-- Up-to-date: /root/crs_ws_fanuc/install/trajopt_tools/lib/cmake/trajopt_tools/trajopt_tools-config-version.cmake
