-- Boost version: 1.65.1
-- Found the following Boost libraries:
--   system
--   python
--   thread
--   program_options
--   chrono
--   date_time
--   atomic
NO_OPENCL OFF
-- [VHACD] Generating vhacd...
-- [VHACD] 	 INC_FILES: /root/crs_ws_fanuc/src/trajopt_ros/trajopt_ext/vhacd/include/vhacd/inc/FloatMath.h;/root/crs_ws_fanuc/src/trajopt_ros/trajopt_ext/vhacd/include/vhacd/inc/btAlignedAllocator.h;/root/crs_ws_fanuc/src/trajopt_ros/trajopt_ext/vhacd/include/vhacd/inc/btAlignedObjectArray.h;/root/crs_ws_fanuc/src/trajopt_ros/trajopt_ext/vhacd/include/vhacd/inc/btConvexHullComputer.h;/root/crs_ws_fanuc/src/trajopt_ros/trajopt_ext/vhacd/include/vhacd/inc/btMinMax.h;/root/crs_ws_fanuc/src/trajopt_ros/trajopt_ext/vhacd/include/vhacd/inc/btScalar.h;/root/crs_ws_fanuc/src/trajopt_ros/trajopt_ext/vhacd/include/vhacd/inc/btVector3.h;/root/crs_ws_fanuc/src/trajopt_ros/trajopt_ext/vhacd/include/vhacd/inc/vhacdCircularList.h;/root/crs_ws_fanuc/src/trajopt_ros/trajopt_ext/vhacd/include/vhacd/inc/vhacdICHull.h;/root/crs_ws_fanuc/src/trajopt_ros/trajopt_ext/vhacd/include/vhacd/inc/vhacdManifoldMesh.h;/root/crs_ws_fanuc/src/trajopt_ros/trajopt_ext/vhacd/include/vhacd/inc/vhacdMesh.h;/root/crs_ws_fanuc/src/trajopt_ros/trajopt_ext/vhacd/include/vhacd/inc/vhacdMutex.h;/root/crs_ws_fanuc/src/trajopt_ros/trajopt_ext/vhacd/include/vhacd/inc/vhacdRaycastMesh.h;/root/crs_ws_fanuc/src/trajopt_ros/trajopt_ext/vhacd/include/vhacd/inc/vhacdSArray.h;/root/crs_ws_fanuc/src/trajopt_ros/trajopt_ext/vhacd/include/vhacd/inc/vhacdTimer.h;/root/crs_ws_fanuc/src/trajopt_ros/trajopt_ext/vhacd/include/vhacd/inc/vhacdVHACD.h;/root/crs_ws_fanuc/src/trajopt_ros/trajopt_ext/vhacd/include/vhacd/inc/vhacdVector.h;/root/crs_ws_fanuc/src/trajopt_ros/trajopt_ext/vhacd/include/vhacd/inc/vhacdVolume.h;/root/crs_ws_fanuc/src/trajopt_ros/trajopt_ext/vhacd/include/vhacd/VHACD.h
-- [VHACD] 	 INL_FILES: /root/crs_ws_fanuc/src/trajopt_ros/trajopt_ext/vhacd/include/vhacd/inc/vhacdCircularList.inl;/root/crs_ws_fanuc/src/trajopt_ros/trajopt_ext/vhacd/include/vhacd/inc/vhacdVector.inl
-- [VHACD] 	 CPP_FILES: /root/crs_ws_fanuc/src/trajopt_ros/trajopt_ext/vhacd/src/FloatMath.cpp;/root/crs_ws_fanuc/src/trajopt_ros/trajopt_ext/vhacd/src/VHACD-ASYNC.cpp;/root/crs_ws_fanuc/src/trajopt_ros/trajopt_ext/vhacd/src/VHACD.cpp;/root/crs_ws_fanuc/src/trajopt_ros/trajopt_ext/vhacd/src/btAlignedAllocator.cpp;/root/crs_ws_fanuc/src/trajopt_ros/trajopt_ext/vhacd/src/btConvexHullComputer.cpp;/root/crs_ws_fanuc/src/trajopt_ros/trajopt_ext/vhacd/src/vhacdICHull.cpp;/root/crs_ws_fanuc/src/trajopt_ros/trajopt_ext/vhacd/src/vhacdManifoldMesh.cpp;/root/crs_ws_fanuc/src/trajopt_ros/trajopt_ext/vhacd/src/vhacdMesh.cpp;/root/crs_ws_fanuc/src/trajopt_ros/trajopt_ext/vhacd/src/vhacdRaycastMesh.cpp;/root/crs_ws_fanuc/src/trajopt_ros/trajopt_ext/vhacd/src/vhacdVolume.cpp
-- [VHACD] 	 C_FILES:   
-- [VHACD] 	 CL_FILES:  /root/crs_ws_fanuc/src/trajopt_ros/trajopt_ext/vhacd/include/vhacd/cl/vhacdKernels.cl
-- Could NOT find OpenCL (missing: OpenCL_LIBRARY OpenCL_INCLUDE_DIR) 
-- Configuring done
-- Generating done
-- Build files have been written to: /root/crs_ws_fanuc/build/vhacd
[100%] Built target vhacd
