[0.144s] Invoking command in '/root/crs_ws_fanuc/build/trajopt_sqp': CMAKE_PREFIX_PATH=/root/crs_ws_fanuc/install/trajopt_ifopt:/root/crs_ws_fanuc/install/trajopt:/root/crs_ws_fanuc/install/trajopt_sco:/root/crs_ws_fanuc/install/osqp_eigen:/root/crs_ws_fanuc/install/trajopt_utils:/root/crs_ws_fanuc/install/osqp:/root/crs_ws_fanuc/install/ifopt:/root/crs_ws_fanuc/install/crs_utils_py:/opt/ros/eloquent:/opt/ros/melodic:/root/crs_ws_fanuc/install/trajopt_tools:/root/crs_ws_fanuc/install/vhacd:/root/crs_ws_fanuc/install/crs_gui:/root/crs_ws_fanuc/install/crs_application:/root/crs_ws_fanuc/install/crs_motion_planning:/root/crs_ws_fanuc/install/ur_ikfast_kinematics:/root/crs_ws_fanuc/install/crs_robot_comms:/root/crs_ws_fanuc/install/ur_dashboard_msgs:/root/crs_ws_fanuc/install/trajopt_sqp:/root/crs_ws_fanuc/install/tesseract_monitoring:/root/crs_ws_fanuc/install/tesseract_rosutils:/root/crs_ws_fanuc/install/tesseract_process_planners:/root/crs_ws_fanuc/install/tesseract_motion_planners:/root/crs_ws_fanuc/install/tesseract_visualization:/root/crs_ws_fanuc/install/tesseract:/root/crs_ws_fanuc/install/tesseract_urdf:/root/crs_ws_fanuc/install/tesseract_plugins:/root/crs_ws_fanuc/install/tesseract_environment:/root/crs_ws_fanuc/install/tesseract_collision:/root/crs_ws_fanuc/install/tesseract_support:/root/crs_ws_fanuc/install/tesseract_kinematics:/root/crs_ws_fanuc/install/tesseract_scene_graph:/root/crs_ws_fanuc/install/tesseract_msgs:/root/crs_ws_fanuc/install/tesseract_geometry:/root/crs_ws_fanuc/install/tesseract_common:/root/crs_ws_fanuc/install/rclcpp_scxml_demos:/root/crs_ws_fanuc/install/scxml_core:/root/crs_ws_fanuc/install/region_detection_rclcpp:/root/crs_ws_fanuc/install/region_detection_msgs:/root/crs_ws_fanuc/install/region_detection_core:/root/crs_ws_fanuc/install/descartes_opw:/root/crs_ws_fanuc/install/opw_kinematics:/root/crs_ws_fanuc/install/octomap_msgs:/root/crs_ws_fanuc/install/fcl:/root/crs_ws_fanuc/install/libccd:/root/crs_ws_fanuc/install/iterative_spline_parameterization:/root/crs_ws_fanuc/install/gtest:/root/crs_ws_fanuc/install/descartes_samplers:/root/crs_ws_fanuc/install/descartes_ikfast:/root/crs_ws_fanuc/install/descartes_light:/root/crs_ws_fanuc/install/crs_toolpath_gen:/root/crs_ws_fanuc/install/crs_support:/root/crs_ws_fanuc/install/crs_process_data:/root/crs_ws_fanuc/install/crs_perception:/root/crs_ws_fanuc/install/crs_area_selection:/root/crs_ws_fanuc/install/crs_msgs:/root/crs_ws_fanuc/install/crs_gazebo_plugins:/root/crs_ws_fanuc/install/cartesian_trajectory_msgs:/root/crs_ws_fanuc/install/bullet3:/opt/qt513/lib/cmake LD_LIBRARY_PATH=/root/crs_ws_fanuc/install/trajopt_ifopt/lib:/root/crs_ws_fanuc/install/trajopt/lib:/root/crs_ws_fanuc/install/trajopt_sco/lib:/root/crs_ws_fanuc/install/osqp_eigen/lib:/root/crs_ws_fanuc/install/trajopt_utils/lib:/root/crs_ws_fanuc/install/osqp/lib:/root/crs_ws_fanuc/install/ifopt/lib:/opt/ros/melodic/lib:/root/crs_ws_fanuc/install/vhacd/lib:/root/crs_ws_fanuc/install/crs_gui/lib:/root/crs_ws_fanuc/install/crs_application/lib:/root/crs_ws_fanuc/install/crs_motion_planning/lib:/root/crs_ws_fanuc/install/ur_ikfast_kinematics/lib:/root/crs_ws_fanuc/install/ur_dashboard_msgs/lib:/root/crs_ws_fanuc/install/trajopt_sqp/lib:/root/crs_ws_fanuc/install/tesseract_monitoring/lib:/root/crs_ws_fanuc/install/tesseract_process_planners/lib:/root/crs_ws_fanuc/install/tesseract_motion_planners/lib:/root/crs_ws_fanuc/install/tesseract/lib:/root/crs_ws_fanuc/install/tesseract_urdf/lib:/root/crs_ws_fanuc/install/tesseract_plugins/lib:/root/crs_ws_fanuc/install/tesseract_environment/lib:/root/crs_ws_fanuc/install/tesseract_collision/lib:/root/crs_ws_fanuc/install/tesseract_kinematics/lib:/root/crs_ws_fanuc/install/tesseract_scene_graph/lib:/root/crs_ws_fanuc/install/tesseract_msgs/lib:/root/crs_ws_fanuc/install/scxml_core/lib:/root/crs_ws_fanuc/install/region_detection_msgs/lib:/root/crs_ws_fanuc/install/region_detection_core/lib:/root/crs_ws_fanuc/install/descartes_opw/lib:/root/crs_ws_fanuc/install/octomap_msgs/lib:/root/crs_ws_fanuc/install/fcl/lib:/root/crs_ws_fanuc/install/libccd/lib:/root/crs_ws_fanuc/install/gtest/lib:/root/crs_ws_fanuc/install/descartes_samplers/lib:/root/crs_ws_fanuc/install/descartes_light/lib:/root/crs_ws_fanuc/install/crs_perception/lib:/root/crs_ws_fanuc/install/crs_area_selection/lib:/root/crs_ws_fanuc/install/crs_msgs/lib:/root/crs_ws_fanuc/install/crs_gazebo_plugins/lib:/root/crs_ws_fanuc/install/cartesian_trajectory_msgs/lib:/root/crs_ws_fanuc/install/bullet3/lib:/opt/qt513/plugins:/opt/qt513/lib:/usr/lib/x86_64-linux-gnu/gazebo-9/plugins:/opt/ros/eloquent/opt/yaml_cpp_vendor/lib:/opt/ros/eloquent/opt/rviz_ogre_vendor/lib:/opt/ros/eloquent/lib/x86_64-linux-gnu:/opt/ros/eloquent/lib PATH=/root/crs_ws_fanuc/install/trajopt_sco/bin:/opt/ros/melodic/bin:/root/crs_ws_fanuc/install/trajopt_tools/bin:/root/crs_ws_fanuc/install/tesseract_urdf/bin:/root/crs_ws_fanuc/install/tesseract_collision/bin:/root/crs_ws_fanuc/install/tesseract_scene_graph/bin:/root/crs_ws_fanuc/install/tesseract_geometry/bin:/root/crs_ws_fanuc/install/swig/bin:/root/crs_ws_fanuc/install/region_detection_core/bin:/opt/ros/eloquent/bin:/usr/local/sbin:/usr/local/bin:/usr/sbin:/usr/bin:/sbin:/bin PKG_CONFIG_PATH=/root/crs_ws_fanuc/install/trajopt_ifopt/lib/x86_64-linux-gnu/pkgconfig:/root/crs_ws_fanuc/install/trajopt_ifopt/lib/pkgconfig:/root/crs_ws_fanuc/install/trajopt/lib/x86_64-linux-gnu/pkgconfig:/root/crs_ws_fanuc/install/trajopt/lib/pkgconfig:/root/crs_ws_fanuc/install/trajopt_sco/lib/x86_64-linux-gnu/pkgconfig:/root/crs_ws_fanuc/install/trajopt_sco/lib/pkgconfig:/root/crs_ws_fanuc/install/osqp_eigen/lib/x86_64-linux-gnu/pkgconfig:/root/crs_ws_fanuc/install/osqp_eigen/lib/pkgconfig:/root/crs_ws_fanuc/install/trajopt_utils/lib/x86_64-linux-gnu/pkgconfig:/root/crs_ws_fanuc/install/trajopt_utils/lib/pkgconfig:/root/crs_ws_fanuc/install/osqp/lib/x86_64-linux-gnu/pkgconfig:/root/crs_ws_fanuc/install/osqp/lib/pkgconfig:/root/crs_ws_fanuc/install/ifopt/lib/x86_64-linux-gnu/pkgconfig:/root/crs_ws_fanuc/install/ifopt/lib/pkgconfig:/opt/ros/melodic/lib/pkgconfig:/root/crs_ws_fanuc/install/trajopt_tools/lib/x86_64-linux-gnu/pkgconfig:/root/crs_ws_fanuc/install/trajopt_tools/lib/pkgconfig:/root/crs_ws_fanuc/install/vhacd/lib/x86_64-linux-gnu/pkgconfig:/root/crs_ws_fanuc/install/vhacd/lib/pkgconfig:/root/crs_ws_fanuc/install/ur_ikfast_kinematics/lib/x86_64-linux-gnu/pkgconfig:/root/crs_ws_fanuc/install/ur_ikfast_kinematics/lib/pkgconfig:/root/crs_ws_fanuc/install/trajopt_sqp/lib/x86_64-linux-gnu/pkgconfig:/root/crs_ws_fanuc/install/trajopt_sqp/lib/pkgconfig:/root/crs_ws_fanuc/install/tesseract_viewer_python/lib/x86_64-linux-gnu/pkgconfig:/root/crs_ws_fanuc/install/tesseract_viewer_python/lib/pkgconfig:/root/crs_ws_fanuc/install/tesseract_python/lib/x86_64-linux-gnu/pkgconfig:/root/crs_ws_fanuc/install/tesseract_python/lib/pkgconfig:/root/crs_ws_fanuc/install/tesseract_process_planners/lib/x86_64-linux-gnu/pkgconfig:/root/crs_ws_fanuc/install/tesseract_process_planners/lib/pkgconfig:/root/crs_ws_fanuc/install/tesseract_motion_planners/lib/x86_64-linux-gnu/pkgconfig:/root/crs_ws_fanuc/install/tesseract_motion_planners/lib/pkgconfig:/root/crs_ws_fanuc/install/tesseract_visualization/lib/x86_64-linux-gnu/pkgconfig:/root/crs_ws_fanuc/install/tesseract_visualization/lib/pkgconfig:/root/crs_ws_fanuc/install/tesseract/lib/x86_64-linux-gnu/pkgconfig:/root/crs_ws_fanuc/install/tesseract/lib/pkgconfig:/root/crs_ws_fanuc/install/tesseract_urdf/lib/x86_64-linux-gnu/pkgconfig:/root/crs_ws_fanuc/install/tesseract_urdf/lib/pkgconfig:/root/crs_ws_fanuc/install/tesseract_environment/lib/x86_64-linux-gnu/pkgconfig:/root/crs_ws_fanuc/install/tesseract_environment/lib/pkgconfig:/root/crs_ws_fanuc/install/tesseract_collision/lib/x86_64-linux-gnu/pkgconfig:/root/crs_ws_fanuc/install/tesseract_collision/lib/pkgconfig:/root/crs_ws_fanuc/install/tesseract_support/lib/x86_64-linux-gnu/pkgconfig:/root/crs_ws_fanuc/install/tesseract_support/lib/pkgconfig:/root/crs_ws_fanuc/install/tesseract_kinematics/lib/x86_64-linux-gnu/pkgconfig:/root/crs_ws_fanuc/install/tesseract_kinematics/lib/pkgconfig:/root/crs_ws_fanuc/install/tesseract_scene_graph/lib/x86_64-linux-gnu/pkgconfig:/root/crs_ws_fanuc/install/tesseract_scene_graph/lib/pkgconfig:/root/crs_ws_fanuc/install/tesseract_geometry/lib/x86_64-linux-gnu/pkgconfig:/root/crs_ws_fanuc/install/tesseract_geometry/lib/pkgconfig:/root/crs_ws_fanuc/install/tesseract_common/lib/x86_64-linux-gnu/pkgconfig:/root/crs_ws_fanuc/install/tesseract_common/lib/pkgconfig:/root/crs_ws_fanuc/install/swig/lib/x86_64-linux-gnu/pkgconfig:/root/crs_ws_fanuc/install/swig/lib/pkgconfig:/root/crs_ws_fanuc/install/scxml_core/lib/x86_64-linux-gnu/pkgconfig:/root/crs_ws_fanuc/install/scxml_core/lib/pkgconfig:/root/crs_ws_fanuc/install/region_detection_core/lib/x86_64-linux-gnu/pkgconfig:/root/crs_ws_fanuc/install/region_detection_core/lib/pkgconfig:/root/crs_ws_fanuc/install/orocos_kdl/lib/x86_64-linux-gnu/pkgconfig:/root/crs_ws_fanuc/install/orocos_kdl/lib/pkgconfig:/root/crs_ws_fanuc/install/descartes_opw/lib/x86_64-linux-gnu/pkgconfig:/root/crs_ws_fanuc/install/descartes_opw/lib/pkgconfig:/root/crs_ws_fanuc/install/opw_kinematics/lib/x86_64-linux-gnu/pkgconfig:/root/crs_ws_fanuc/install/opw_kinematics/lib/pkgconfig:/root/crs_ws_fanuc/install/fcl/lib/x86_64-linux-gnu/pkgconfig:/root/crs_ws_fanuc/install/fcl/lib/pkgconfig:/root/crs_ws_fanuc/install/libccd/lib/x86_64-linux-gnu/pkgconfig:/root/crs_ws_fanuc/install/libccd/lib/pkgconfig:/root/crs_ws_fanuc/install/iterative_spline_parameterization/lib/x86_64-linux-gnu/pkgconfig:/root/crs_ws_fanuc/install/iterative_spline_parameterization/lib/pkgconfig:/root/crs_ws_fanuc/install/gtest/lib/x86_64-linux-gnu/pkgconfig:/root/crs_ws_fanuc/install/gtest/lib/pkgconfig:/root/crs_ws_fanuc/install/descartes_samplers/lib/x86_64-linux-gnu/pkgconfig:/root/crs_ws_fanuc/install/descartes_samplers/lib/pkgconfig:/root/crs_ws_fanuc/install/descartes_ikfast/lib/x86_64-linux-gnu/pkgconfig:/root/crs_ws_fanuc/install/descartes_ikfast/lib/pkgconfig:/root/crs_ws_fanuc/install/descartes_light/lib/x86_64-linux-gnu/pkgconfig:/root/crs_ws_fanuc/install/descartes_light/lib/pkgconfig:/root/crs_ws_fanuc/install/eigen/lib/x86_64-linux-gnu/pkgconfig:/root/crs_ws_fanuc/install/eigen/lib/pkgconfig:/root/crs_ws_fanuc/install/bullet3/lib/x86_64-linux-gnu/pkgconfig:/root/crs_ws_fanuc/install/bullet3/lib/pkgconfig /usr/bin/cmake /root/crs_ws_fanuc/src/trajopt_ros/trajopt_optimizers/trajopt_sqp -DCMAKE_INSTALL_PREFIX=/root/crs_ws_fanuc/install/trajopt_sqp
[0.289s] -- The CXX compiler identification is GNU 7.5.0
[0.306s] -- Check for working CXX compiler: /usr/bin/c++
[0.484s] -- Check for working CXX compiler: /usr/bin/c++ -- works
[0.485s] -- Detecting CXX compiler ABI info
[0.673s] -- Detecting CXX compiler ABI info - done
[0.683s] -- Detecting CXX compile features
[1.486s] -- Detecting CXX compile features - done
[1.727s] -- Looking for C++ include pthread.h
[1.924s] -- Looking for C++ include pthread.h - found
[1.925s] -- Looking for pthread_create
[2.164s] -- Looking for pthread_create - not found
[2.165s] -- Looking for pthread_create in pthreads
[2.322s] -- Looking for pthread_create in pthreads - not found
[2.322s] -- Looking for pthread_create in pthread
[2.459s] -- Looking for pthread_create in pthread - found
[2.460s] -- Found Threads: TRUE  
[2.502s] -- Boost version: 1.65.1
[2.502s] -- Found the following Boost libraries:
[2.502s] --   system
[2.503s] --   python
[2.503s] --   thread
[2.503s] --   program_options
[2.503s] --   chrono
[2.503s] --   date_time
[2.503s] --   atomic
[2.568s] -- Found TinyXML2: /usr/lib/x86_64-linux-gnu/libtinyxml2.so  
[2.627s] -- Found Bullet: /root/crs_ws_fanuc/install/bullet3/lib/libBulletDynamics.so  
[2.689s] -- Checking for module 'eigen3'
[2.719s] --   Found eigen3, version 3.3.4
[2.793s] -- Found eigen: /usr/include/eigen3  
[3.007s] -- Boost version: 1.65.1
[3.007s] -- Found the following Boost libraries:
[3.007s] --   system
[3.007s] --   filesystem
[3.007s] --   thread
[3.008s] --   date_time
[3.008s] --   iostreams
[3.008s] --   serialization
[3.008s] --   chrono
[3.008s] --   atomic
[3.009s] --   regex
[3.009s] -- Checking for module 'libopenni'
[3.053s] --   Found libopenni, version 1.5.4.0
[3.186s] -- Found openni: /usr/lib/libOpenNI.so  
[3.187s] -- Checking for module 'libopenni2'
[3.235s] --   Found libopenni2, version 2.2.0.3
[3.373s] -- Found OpenNI2: /usr/lib/libOpenNI2.so  
[3.393s] -- Could NOT find ensenso (missing: ENSENSO_LIBRARY ENSENSO_INCLUDE_DIR) 
[3.393s] ** WARNING ** io features related to ensenso will be disabled
[3.404s] -- Could NOT find DAVIDSDK (missing: DAVIDSDK_LIBRARY DAVIDSDK_INCLUDE_DIR) 
[3.404s] ** WARNING ** io features related to davidSDK will be disabled
[3.407s] -- Could NOT find DSSDK (missing: _DSSDK_LIBRARIES) 
[3.408s] ** WARNING ** io features related to dssdk will be disabled
[3.408s] ** WARNING ** io features related to pcap will be disabled
[3.408s] ** WARNING ** io features related to png will be disabled
[3.541s] -- The imported target "vtkRenderingPythonTkWidgets" references the file
[3.541s]    "/usr/lib/x86_64-linux-gnu/libvtkRenderingPythonTkWidgets.so"
[3.541s] but this file does not exist.  Possible reasons include:
[3.541s] * The file was deleted, renamed, or moved to another location.
[3.542s] * An install or uninstall procedure did not complete successfully.
[3.542s] * The installation package was faulty and contained
[3.542s]    "/usr/lib/cmake/vtk-6.3/VTKTargets.cmake"
[3.542s] but not all the files it references.
[3.542s] 
[3.543s] -- The imported target "vtk" references the file
[3.543s]    "/usr/bin/vtk"
[3.543s] but this file does not exist.  Possible reasons include:
[3.543s] * The file was deleted, renamed, or moved to another location.
[3.543s] * An install or uninstall procedure did not complete successfully.
[3.543s] * The installation package was faulty and contained
[3.544s]    "/usr/lib/cmake/vtk-6.3/VTKTargets.cmake"
[3.544s] but not all the files it references.
[3.544s] 
[3.664s] -- Found libusb-1.0: /usr/include  
[3.665s] ** WARNING ** io features related to libusb-1.0 will be disabled
[3.665s] -- Checking for module 'flann'
[3.713s] --   Found flann, version 1.9.1
[3.864s] -- Found Flann: /usr/lib/x86_64-linux-gnu/libflann_cpp_s.a  
[3.937s] -- Could NOT find ensenso (missing: ENSENSO_LIBRARY ENSENSO_INCLUDE_DIR) 
[3.937s] ** WARNING ** visualization features related to ensenso will be disabled
[3.947s] -- Could NOT find DAVIDSDK (missing: DAVIDSDK_LIBRARY DAVIDSDK_INCLUDE_DIR) 
[3.947s] ** WARNING ** visualization features related to davidSDK will be disabled
[3.950s] -- Could NOT find DSSDK (missing: _DSSDK_LIBRARIES) 
[3.950s] ** WARNING ** visualization features related to dssdk will be disabled
[3.953s] -- Could NOT find RSSDK (missing: _RSSDK_LIBRARIES) 
[3.953s] ** WARNING ** visualization features related to rssdk will be disabled
[4.026s] -- Found qhull: /usr/lib/x86_64-linux-gnu/libqhull.so  
[4.078s] -- looking for PCL_COMMON
[4.080s] -- Found PCL_COMMON: /usr/lib/x86_64-linux-gnu/libpcl_common.so  
[4.080s] -- looking for PCL_OCTREE
[4.082s] -- Found PCL_OCTREE: /usr/lib/x86_64-linux-gnu/libpcl_octree.so  
[4.083s] -- looking for PCL_IO
[4.085s] -- Found PCL_IO: /usr/lib/x86_64-linux-gnu/libpcl_io.so  
[4.085s] -- looking for PCL_KDTREE
[4.088s] -- Found PCL_KDTREE: /usr/lib/x86_64-linux-gnu/libpcl_kdtree.so  
[4.088s] -- looking for PCL_SEARCH
[4.091s] -- Found PCL_SEARCH: /usr/lib/x86_64-linux-gnu/libpcl_search.so  
[4.091s] -- looking for PCL_SAMPLE_CONSENSUS
[4.093s] -- Found PCL_SAMPLE_CONSENSUS: /usr/lib/x86_64-linux-gnu/libpcl_sample_consensus.so  
[4.094s] -- looking for PCL_FILTERS
[4.096s] -- Found PCL_FILTERS: /usr/lib/x86_64-linux-gnu/libpcl_filters.so  
[4.096s] -- looking for PCL_2D
[4.097s] -- Found PCL_2D: /usr/include/pcl-1.8  
[4.098s] -- looking for PCL_GEOMETRY
[4.099s] -- Found PCL_GEOMETRY: /usr/include/pcl-1.8  
[4.099s] -- looking for PCL_FEATURES
[4.102s] -- Found PCL_FEATURES: /usr/lib/x86_64-linux-gnu/libpcl_features.so  
[4.102s] -- looking for PCL_ML
[4.105s] -- Found PCL_ML: /usr/lib/x86_64-linux-gnu/libpcl_ml.so  
[4.105s] -- looking for PCL_SEGMENTATION
[4.108s] -- Found PCL_SEGMENTATION: /usr/lib/x86_64-linux-gnu/libpcl_segmentation.so  
[4.109s] -- looking for PCL_VISUALIZATION
[4.112s] -- Found PCL_VISUALIZATION: /usr/lib/x86_64-linux-gnu/libpcl_visualization.so  
[4.112s] -- looking for PCL_SURFACE
[4.115s] -- Found PCL_SURFACE: /usr/lib/x86_64-linux-gnu/libpcl_surface.so  
[4.116s] -- looking for PCL_REGISTRATION
[4.119s] -- Found PCL_REGISTRATION: /usr/lib/x86_64-linux-gnu/libpcl_registration.so  
[4.119s] -- looking for PCL_KEYPOINTS
[4.122s] -- Found PCL_KEYPOINTS: /usr/lib/x86_64-linux-gnu/libpcl_keypoints.so  
[4.122s] -- looking for PCL_TRACKING
[4.125s] -- Found PCL_TRACKING: /usr/lib/x86_64-linux-gnu/libpcl_tracking.so  
[4.126s] -- looking for PCL_RECOGNITION
[4.128s] -- Found PCL_RECOGNITION: /usr/lib/x86_64-linux-gnu/libpcl_recognition.so  
[4.130s] -- looking for PCL_STEREO
[4.132s] -- Found PCL_STEREO: /usr/lib/x86_64-linux-gnu/libpcl_stereo.so  
[4.133s] -- looking for PCL_APPS
[4.135s] -- Found PCL_APPS: /usr/lib/x86_64-linux-gnu/libpcl_apps.so  
[4.139s] -- looking for PCL_IN_HAND_SCANNER
[4.140s] -- Found PCL_IN_HAND_SCANNER: /usr/include/pcl-1.8  
[4.140s] -- looking for PCL_MODELER
[4.141s] -- Found PCL_MODELER: /usr/include/pcl-1.8  
[4.141s] -- looking for PCL_POINT_CLOUD_EDITOR
[4.143s] -- Found PCL_POINT_CLOUD_EDITOR: /usr/include/pcl-1.8  
[4.143s] -- looking for PCL_OUTOFCORE
[4.146s] -- Found PCL_OUTOFCORE: /usr/lib/x86_64-linux-gnu/libpcl_outofcore.so  
[4.146s] -- looking for PCL_PEOPLE
[4.149s] -- Found PCL_PEOPLE: /usr/lib/x86_64-linux-gnu/libpcl_people.so  
[4.199s] -- Found PCL: /usr/lib/x86_64-linux-gnu/libboost_system.so;/usr/lib/x86_64-linux-gnu/libboost_filesystem.so;/usr/lib/x86_64-linux-gnu/libboost_thread.so;/usr/lib/x86_64-linux-gnu/libboost_date_time.so;/usr/lib/x86_64-linux-gnu/libboost_iostreams.so;/usr/lib/x86_64-linux-gnu/libboost_serialization.so;/usr/lib/x86_64-linux-gnu/libboost_chrono.so;/usr/lib/x86_64-linux-gnu/libboost_atomic.so;/usr/lib/x86_64-linux-gnu/libboost_regex.so;/usr/lib/x86_64-linux-gnu/libpthread.so;optimized;/usr/lib/x86_64-linux-gnu/libpcl_common.so;debug;/usr/lib/x86_64-linux-gnu/libpcl_common.so;optimized;/usr/lib/x86_64-linux-gnu/libpcl_octree.so;debug;/usr/lib/x86_64-linux-gnu/libpcl_octree.so;/usr/lib/libOpenNI.so;/usr/lib/libOpenNI2.so;vtkChartsCore;vtkCommonColor;vtkCommonDataModel;vtkCommonMath;vtkCommonCore;vtksys;vtkCommonMisc;vtkCommonSystem;vtkCommonTransforms;vtkInfovisCore;vtkFiltersExtraction;vtkCommonExecutionModel;vtkFiltersCore;vtkFiltersGeneral;vtkCommonComputationalGeometry;vtkFiltersStatistics;vtkImagingFourier;vtkImagingCore;vtkalglib;vtkRenderingContext2D;vtkRenderingCore;vtkFiltersGeometry;vtkFiltersSources;vtkRenderingFreeType;/usr/lib/x86_64-linux-gnu/libfreetype.so;/usr/lib/x86_64-linux-gnu/libz.so;vtkftgl;vtkDICOMParser;vtkDomainsChemistry;vtkIOXML;vtkIOGeometry;vtkIOCore;vtkIOXMLParser;/usr/lib/x86_64-linux-gnu/libexpat.so;vtkFiltersAMR;vtkParallelCore;vtkIOLegacy;vtkFiltersFlowPaths;vtkFiltersGeneric;vtkFiltersHybrid;vtkImagingSources;vtkFiltersHyperTree;vtkFiltersImaging;vtkImagingGeneral;vtkFiltersModeling;vtkFiltersParallel;vtkFiltersParallelFlowPaths;vtkParallelMPI;vtkFiltersParallelGeometry;vtkFiltersParallelImaging;vtkFiltersParallelMPI;vtkFiltersParallelStatistics;vtkFiltersProgrammable;vtkFiltersPython;/usr/lib/x86_64-linux-gnu/libpython2.7.so;vtkWrappingPythonCore;vtkWrappingTools;vtkFiltersReebGraph;vtkFiltersSMP;vtkFiltersSelection;vtkFiltersTexture;vtkFiltersVerdict;verdict;vtkGUISupportQt;vtkInteractionStyle;vtkRenderingOpenGL;vtkImagingHybrid;vtkIOImage;vtkmetaio;/usr/lib/x86_64-linux-gnu/libjpeg.so;/usr/lib/x86_64-linux-gnu/libpng.so;/usr/lib/x86_64-linux-gnu/libtiff.so;vtkGUISupportQtOpenGL;vtkGUISupportQtSQL;vtkIOSQL;sqlite3;vtkGUISupportQtWebkit;vtkViewsQt;vtkViewsInfovis;vtkInfovisLayout;vtkInfovisBoostGraphAlgorithms;vtkRenderingLabel;vtkViewsCore;vtkInteractionWidgets;vtkRenderingAnnotation;vtkImagingColor;vtkRenderingVolume;vtkGeovisCore;/usr/lib/x86_64-linux-gnu/libproj.so;vtkIOAMR;/usr/lib/x86_64-linux-gnu/hdf5/openmpi/libhdf5.so;/usr/lib/x86_64-linux-gnu/libsz.so;/usr/lib/x86_64-linux-gnu/libdl.so;/usr/lib/x86_64-linux-gnu/libm.so;/usr/lib/x86_64-linux-gnu/openmpi/lib/libmpi.so;vtkIOEnSight;vtkIOExodus;vtkexoIIc;/usr/lib/x86_64-linux-gnu/libnetcdf_c++.so;/usr/lib/x86_64-linux-gnu/libnetcdf.so;vtkIOExport;vtkRenderingGL2PS;vtkRenderingContextOpenGL;/usr/lib/x86_64-linux-gnu/libgl2ps.so;vtkIOFFMPEG;vtkIOMovie;/usr/lib/x86_64-linux-gnu/libtheoraenc.so;/usr/lib/x86_64-linux-gnu/libtheoradec.so;/usr/lib/x86_64-linux-gnu/libogg.so;vtkIOGDAL;vtkIOGeoJSON;vtkIOImport;vtkIOInfovis;/usr/lib/x86_64-linux-gnu/libxml2.so;vtkIOLSDyna;vtkIOMINC;vtkIOMPIImage;vtkIOMPIParallel;vtkIOParallel;vtkIONetCDF;/usr/lib/x86_64-linux-gnu/libjsoncpp.so;vtkIOMySQL;vtkIOODBC;vtkIOPLY;vtkIOParallelExodus;vtkIOParallelLSDyna;vtkIOParallelNetCDF;vtkIOParallelXML;vtkIOPostgreSQL;vtkIOVPIC;VPIC;vtkIOVideo;vtkIOXdmf2;vtkxdmf2;vtkImagingMath;vtkImagingMorphological;vtkImagingStatistics;vtkImagingStencil;vtkInteractionImage;vtkLocalExample;vtkParallelMPI4Py;vtkPythonInterpreter;vtkRenderingExternal;vtkRenderingFreeTypeFontConfig;vtkRenderingImage;vtkRenderingLIC;vtkRenderingLOD;vtkRenderingMatplotlib;vtkRenderingParallel;vtkRenderingParallelLIC;vtkRenderingQt;vtkRenderingVolumeAMR;vtkRenderingVolumeOpenGL;vtkTestingGenericBridge;vtkTestingIOSQL;vtkTestingRendering;vtkViewsContext2D;vtkViewsGeovis;vtkWrappingJava;optimized;/usr/lib/x86_64-linux-gnu/libpcl_io.so;debug;/usr/lib/x86_64-linux-gnu/libpcl_io.so;optimized;/usr/lib/x86_64-linux-gnu/libflann_cpp_s.a;debug;/usr/lib/x86_64-linux-gnu/libflann_cpp_s.a;optimized;/usr/lib/x86_64-linux-gnu/libpcl_kdtree.so;debug;/usr/lib/x86_64-linux-gnu/libpcl_kdtree.so;optimized;/usr/lib/x86_64-linux-gnu/libpcl_search.so;debug;/usr/lib/x86_64-linux-gnu/libpcl_search.so;optimized;/usr/lib/x86_64-linux-gnu/libpcl_sample_consensus.so;debug;/usr/lib/x86_64-linux-gnu/libpcl_sample_consensus.so;optimized;/usr/lib/x86_64-linux-gnu/libpcl_filters.so;debug;/usr/lib/x86_64-linux-gnu/libpcl_filters.so;optimized;/usr/lib/x86_64-linux-gnu/libpcl_features.so;debug;/usr/lib/x86_64-linux-gnu/libpcl_features.so;optimized;/usr/lib/x86_64-linux-gnu/libpcl_ml.so;debug;/usr/lib/x86_64-linux-gnu/libpcl_ml.so;optimized;/usr/lib/x86_64-linux-gnu/libpcl_segmentation.so;debug;/usr/lib/x86_64-linux-gnu/libpcl_segmentation.so;optimized;/usr/lib/x86_64-linux-gnu/libpcl_visualization.so;debug;/usr/lib/x86_64-linux-gnu/libpcl_visualization.so;optimized;/usr/lib/x86_64-linux-gnu/libqhull.so;debug;/usr/lib/x86_64-linux-gnu/libqhull.so;optimized;/usr/lib/x86_64-linux-gnu/libpcl_surface.so;debug;/usr/lib/x86_64-linux-gnu/libpcl_surface.so;optimized;/usr/lib/x86_64-linux-gnu/libpcl_registration.so;debug;/usr/lib/x86_64-linux-gnu/libpcl_registration.so;optimized;/usr/lib/x86_64-linux-gnu/libpcl_keypoints.so;debug;/usr/lib/x86_64-linux-gnu/libpcl_keypoints.so;optimized;/usr/lib/x86_64-linux-gnu/libpcl_tracking.so;debug;/usr/lib/x86_64-linux-gnu/libpcl_tracking.so;optimized;/usr/lib/x86_64-linux-gnu/libpcl_recognition.so;debug;/usr/lib/x86_64-linux-gnu/libpcl_recognition.so;optimized;/usr/lib/x86_64-linux-gnu/libpcl_stereo.so;debug;/usr/lib/x86_64-linux-gnu/libpcl_stereo.so;optimized;/usr/lib/x86_64-linux-gnu/libpcl_apps.so;debug;/usr/lib/x86_64-linux-gnu/libpcl_apps.so;optimized;/usr/lib/x86_64-linux-gnu/libpcl_outofcore.so;debug;/usr/lib/x86_64-linux-gnu/libpcl_outofcore.so;optimized;/usr/lib/x86_64-linux-gnu/libpcl_people.so;debug;/usr/lib/x86_64-linux-gnu/libpcl_people.so;/usr/lib/x86_64-linux-gnu/libboost_system.so;/usr/lib/x86_64-linux-gnu/libboost_filesystem.so;/usr/lib/x86_64-linux-gnu/libboost_thread.so;/usr/lib/x86_64-linux-gnu/libboost_date_time.so;/usr/lib/x86_64-linux-gnu/libboost_iostreams.so;/usr/lib/x86_64-linux-gnu/libboost_serialization.so;/usr/lib/x86_64-linux-gnu/libboost_chrono.so;/usr/lib/x86_64-linux-gnu/libboost_atomic.so;/usr/lib/x86_64-linux-gnu/libboost_regex.so;/usr/lib/x86_64-linux-gnu/libpthread.so;optimized;/usr/lib/x86_64-linux-gnu/libqhull.so;debug;/usr/lib/x86_64-linux-gnu/libqhull.so;/usr/lib/libOpenNI.so;/usr/lib/libOpenNI2.so;optimized;/usr/lib/x86_64-linux-gnu/libflann_cpp_s.a;debug;/usr/lib/x86_64-linux-gnu/libflann_cpp_s.a;vtkChartsCore;vtkCommonColor;vtkCommonDataModel;vtkCommonMath;vtkCommonCore;vtksys;vtkCommonMisc;vtkCommonSystem;vtkCommonTransforms;vtkInfovisCore;vtkFiltersExtraction;vtkCommonExecutionModel;vtkFiltersCore;vtkFiltersGeneral;vtkCommonComputationalGeometry;vtkFiltersStatistics;vtkImagingFourier;vtkImagingCore;vtkalglib;vtkRenderingContext2D;vtkRenderingCore;vtkFiltersGeometry;vtkFiltersSources;vtkRenderingFreeType;/usr/lib/x86_64-linux-gnu/libfreetype.so;/usr/lib/x86_64-linux-gnu/libz.so;vtkftgl;vtkDICOMParser;vtkDomainsChemistry;vtkIOXML;vtkIOGeometry;vtkIOCore;vtkIOXMLParser;/usr/lib/x86_64-linux-gnu/libexpat.so;vtkFiltersAMR;vtkParallelCore;vtkIOLegacy;vtkFiltersFlowPaths;vtkFiltersGeneric;vtkFiltersHybrid;vtkImagingSources;vtkFiltersHyperTree;vtkFiltersImaging;vtkImagingGeneral;vtkFiltersModeling;vtkFiltersParallel;vtkFiltersParallelFlowPaths;vtkParallelMPI;vtkFiltersParallelGeometry;vtkFiltersParallelImaging;vtkFiltersParallelMPI;vtkFiltersParallelStatistics;vtkFiltersProgrammable;vtkFiltersPython;/usr/lib/x86_64-linux-gnu/libpython2.7.so;vtkWrappingPythonCore;vtkWrappingTools;vtkFiltersReebGraph;vtkFiltersSMP;vtkFiltersSelection;vtkFiltersTexture;vtkFiltersVerdict;verdict;vtkGUISupportQt;vtkInteractionStyle;vtkRenderingOpenGL;vtkImagingHybrid;vtkIOImage;vtkmetaio;/usr/lib/x86_64-linux-gnu/libjpeg.so;/usr/lib/x86_64-linux-gnu/libpng.so;/usr/lib/x86_64-linux-gnu/libtiff.so;vtkGUISupportQtOpenGL;vtkGUISupportQtSQL;vtkIOSQL;sqlite3;vtkGUISupportQtWebkit;vtkViewsQt;vtkViewsInfovis;vtkInfovisLayout;vtkInfovisBoostGraphAlgorithms;vtkRenderingLabel;vtkViewsCore;vtkInteractionWidgets;vtkRenderingAnnotation;vtkImagingColor;vtkRenderingVolume;vtkGeovisCore;/usr/lib/x86_64-linux-gnu/libproj.so;vtkIOAMR;/usr/lib/x86_64-linux-gnu/hdf5/openmpi/libhdf5.so;/usr/lib/x86_64-linux-gnu/libsz.so;/usr/lib/x86_64-linux-gnu/libdl.so;/usr/lib/x86_64-linux-gnu/libm.so;/usr/lib/x86_64-linux-gnu/openmpi/lib/libmpi.so;vtkIOEnSight;vtkIOExodus;vtkexoIIc;/usr/lib/x86_64-linux-gnu/libnetcdf_c++.so;/usr/lib/x86_64-linux-gnu/libnetcdf.so;vtkIOExport;vtkRenderingGL2PS;vtkRenderingContextOpenGL;/usr/lib/x86_64-linux-gnu/libgl2ps.so;vtkIOFFMPEG;vtkIOMovie;/usr/lib/x86_64-linux-gnu/libtheoraenc.so;/usr/lib/x86_64-linux-gnu/libtheoradec.so;/usr/lib/x86_64-linux-gnu/libogg.so;vtkIOGDAL;vtkIOGeoJSON;vtkIOImport;vtkIOInfovis;/usr/lib/x86_64-linux-gnu/libxml2.so;vtkIOLSDyna;vtkIOMINC;vtkIOMPIImage;vtkIOMPIParallel;vtkIOParallel;vtkIONetCDF;/usr/lib/x86_64-linux-gnu/libjsoncpp.so;vtkIOMySQL;vtkIOODBC;vtkIOPLY;vtkIOParallelExodus;vtkIOParallelLSDyna;vtkIOParallelNetCDF;vtkIOParallelXML;vtkIOPostgreSQL;vtkIOVPIC;VPIC;vtkIOVideo;vtkIOXdmf2;vtkxdmf2;vtkImagingMath;vtkImagingMorphological;vtkImagingStatistics;vtkImagingStencil;vtkInteractionImage;vtkLocalExample;vtkParallelMPI4Py;vtkPythonInterpreter;vtkRenderingExternal;vtkRenderingFreeTypeFontConfig;vtkRenderingImage;vtkRenderingLIC;vtkRenderingLOD;vtkRenderingMatplotlib;vtkRenderingParallel;vtkRenderingParallelLIC;vtkRenderingQt;vtkRenderingVolumeAMR;vtkRenderingVolumeOpenGL;vtkTestingGenericBridge;vtkTestingIOSQL;vtkTestingRendering;vtkViewsContext2D;vtkViewsGeovis;vtkWrappingJava  
[4.346s] -- Configuring done
[4.542s] -- Generating done
[4.545s] -- Build files have been written to: /root/crs_ws_fanuc/build/trajopt_sqp
[4.561s] Invoked command in '/root/crs_ws_fanuc/build/trajopt_sqp' returned '0': CMAKE_PREFIX_PATH=/root/crs_ws_fanuc/install/trajopt_ifopt:/root/crs_ws_fanuc/install/trajopt:/root/crs_ws_fanuc/install/trajopt_sco:/root/crs_ws_fanuc/install/osqp_eigen:/root/crs_ws_fanuc/install/trajopt_utils:/root/crs_ws_fanuc/install/osqp:/root/crs_ws_fanuc/install/ifopt:/root/crs_ws_fanuc/install/crs_utils_py:/opt/ros/eloquent:/opt/ros/melodic:/root/crs_ws_fanuc/install/trajopt_tools:/root/crs_ws_fanuc/install/vhacd:/root/crs_ws_fanuc/install/crs_gui:/root/crs_ws_fanuc/install/crs_application:/root/crs_ws_fanuc/install/crs_motion_planning:/root/crs_ws_fanuc/install/ur_ikfast_kinematics:/root/crs_ws_fanuc/install/crs_robot_comms:/root/crs_ws_fanuc/install/ur_dashboard_msgs:/root/crs_ws_fanuc/install/trajopt_sqp:/root/crs_ws_fanuc/install/tesseract_monitoring:/root/crs_ws_fanuc/install/tesseract_rosutils:/root/crs_ws_fanuc/install/tesseract_process_planners:/root/crs_ws_fanuc/install/tesseract_motion_planners:/root/crs_ws_fanuc/install/tesseract_visualization:/root/crs_ws_fanuc/install/tesseract:/root/crs_ws_fanuc/install/tesseract_urdf:/root/crs_ws_fanuc/install/tesseract_plugins:/root/crs_ws_fanuc/install/tesseract_environment:/root/crs_ws_fanuc/install/tesseract_collision:/root/crs_ws_fanuc/install/tesseract_support:/root/crs_ws_fanuc/install/tesseract_kinematics:/root/crs_ws_fanuc/install/tesseract_scene_graph:/root/crs_ws_fanuc/install/tesseract_msgs:/root/crs_ws_fanuc/install/tesseract_geometry:/root/crs_ws_fanuc/install/tesseract_common:/root/crs_ws_fanuc/install/rclcpp_scxml_demos:/root/crs_ws_fanuc/install/scxml_core:/root/crs_ws_fanuc/install/region_detection_rclcpp:/root/crs_ws_fanuc/install/region_detection_msgs:/root/crs_ws_fanuc/install/region_detection_core:/root/crs_ws_fanuc/install/descartes_opw:/root/crs_ws_fanuc/install/opw_kinematics:/root/crs_ws_fanuc/install/octomap_msgs:/root/crs_ws_fanuc/install/fcl:/root/crs_ws_fanuc/install/libccd:/root/crs_ws_fanuc/install/iterative_spline_parameterization:/root/crs_ws_fanuc/install/gtest:/root/crs_ws_fanuc/install/descartes_samplers:/root/crs_ws_fanuc/install/descartes_ikfast:/root/crs_ws_fanuc/install/descartes_light:/root/crs_ws_fanuc/install/crs_toolpath_gen:/root/crs_ws_fanuc/install/crs_support:/root/crs_ws_fanuc/install/crs_process_data:/root/crs_ws_fanuc/install/crs_perception:/root/crs_ws_fanuc/install/crs_area_selection:/root/crs_ws_fanuc/install/crs_msgs:/root/crs_ws_fanuc/install/crs_gazebo_plugins:/root/crs_ws_fanuc/install/cartesian_trajectory_msgs:/root/crs_ws_fanuc/install/bullet3:/opt/qt513/lib/cmake LD_LIBRARY_PATH=/root/crs_ws_fanuc/install/trajopt_ifopt/lib:/root/crs_ws_fanuc/install/trajopt/lib:/root/crs_ws_fanuc/install/trajopt_sco/lib:/root/crs_ws_fanuc/install/osqp_eigen/lib:/root/crs_ws_fanuc/install/trajopt_utils/lib:/root/crs_ws_fanuc/install/osqp/lib:/root/crs_ws_fanuc/install/ifopt/lib:/opt/ros/melodic/lib:/root/crs_ws_fanuc/install/vhacd/lib:/root/crs_ws_fanuc/install/crs_gui/lib:/root/crs_ws_fanuc/install/crs_application/lib:/root/crs_ws_fanuc/install/crs_motion_planning/lib:/root/crs_ws_fanuc/install/ur_ikfast_kinematics/lib:/root/crs_ws_fanuc/install/ur_dashboard_msgs/lib:/root/crs_ws_fanuc/install/trajopt_sqp/lib:/root/crs_ws_fanuc/install/tesseract_monitoring/lib:/root/crs_ws_fanuc/install/tesseract_process_planners/lib:/root/crs_ws_fanuc/install/tesseract_motion_planners/lib:/root/crs_ws_fanuc/install/tesseract/lib:/root/crs_ws_fanuc/install/tesseract_urdf/lib:/root/crs_ws_fanuc/install/tesseract_plugins/lib:/root/crs_ws_fanuc/install/tesseract_environment/lib:/root/crs_ws_fanuc/install/tesseract_collision/lib:/root/crs_ws_fanuc/install/tesseract_kinematics/lib:/root/crs_ws_fanuc/install/tesseract_scene_graph/lib:/root/crs_ws_fanuc/install/tesseract_msgs/lib:/root/crs_ws_fanuc/install/scxml_core/lib:/root/crs_ws_fanuc/install/region_detection_msgs/lib:/root/crs_ws_fanuc/install/region_detection_core/lib:/root/crs_ws_fanuc/install/descartes_opw/lib:/root/crs_ws_fanuc/install/octomap_msgs/lib:/root/crs_ws_fanuc/install/fcl/lib:/root/crs_ws_fanuc/install/libccd/lib:/root/crs_ws_fanuc/install/gtest/lib:/root/crs_ws_fanuc/install/descartes_samplers/lib:/root/crs_ws_fanuc/install/descartes_light/lib:/root/crs_ws_fanuc/install/crs_perception/lib:/root/crs_ws_fanuc/install/crs_area_selection/lib:/root/crs_ws_fanuc/install/crs_msgs/lib:/root/crs_ws_fanuc/install/crs_gazebo_plugins/lib:/root/crs_ws_fanuc/install/cartesian_trajectory_msgs/lib:/root/crs_ws_fanuc/install/bullet3/lib:/opt/qt513/plugins:/opt/qt513/lib:/usr/lib/x86_64-linux-gnu/gazebo-9/plugins:/opt/ros/eloquent/opt/yaml_cpp_vendor/lib:/opt/ros/eloquent/opt/rviz_ogre_vendor/lib:/opt/ros/eloquent/lib/x86_64-linux-gnu:/opt/ros/eloquent/lib PATH=/root/crs_ws_fanuc/install/trajopt_sco/bin:/opt/ros/melodic/bin:/root/crs_ws_fanuc/install/trajopt_tools/bin:/root/crs_ws_fanuc/install/tesseract_urdf/bin:/root/crs_ws_fanuc/install/tesseract_collision/bin:/root/crs_ws_fanuc/install/tesseract_scene_graph/bin:/root/crs_ws_fanuc/install/tesseract_geometry/bin:/root/crs_ws_fanuc/install/swig/bin:/root/crs_ws_fanuc/install/region_detection_core/bin:/opt/ros/eloquent/bin:/usr/local/sbin:/usr/local/bin:/usr/sbin:/usr/bin:/sbin:/bin PKG_CONFIG_PATH=/root/crs_ws_fanuc/install/trajopt_ifopt/lib/x86_64-linux-gnu/pkgconfig:/root/crs_ws_fanuc/install/trajopt_ifopt/lib/pkgconfig:/root/crs_ws_fanuc/install/trajopt/lib/x86_64-linux-gnu/pkgconfig:/root/crs_ws_fanuc/install/trajopt/lib/pkgconfig:/root/crs_ws_fanuc/install/trajopt_sco/lib/x86_64-linux-gnu/pkgconfig:/root/crs_ws_fanuc/install/trajopt_sco/lib/pkgconfig:/root/crs_ws_fanuc/install/osqp_eigen/lib/x86_64-linux-gnu/pkgconfig:/root/crs_ws_fanuc/install/osqp_eigen/lib/pkgconfig:/root/crs_ws_fanuc/install/trajopt_utils/lib/x86_64-linux-gnu/pkgconfig:/root/crs_ws_fanuc/install/trajopt_utils/lib/pkgconfig:/root/crs_ws_fanuc/install/osqp/lib/x86_64-linux-gnu/pkgconfig:/root/crs_ws_fanuc/install/osqp/lib/pkgconfig:/root/crs_ws_fanuc/install/ifopt/lib/x86_64-linux-gnu/pkgconfig:/root/crs_ws_fanuc/install/ifopt/lib/pkgconfig:/opt/ros/melodic/lib/pkgconfig:/root/crs_ws_fanuc/install/trajopt_tools/lib/x86_64-linux-gnu/pkgconfig:/root/crs_ws_fanuc/install/trajopt_tools/lib/pkgconfig:/root/crs_ws_fanuc/install/vhacd/lib/x86_64-linux-gnu/pkgconfig:/root/crs_ws_fanuc/install/vhacd/lib/pkgconfig:/root/crs_ws_fanuc/install/ur_ikfast_kinematics/lib/x86_64-linux-gnu/pkgconfig:/root/crs_ws_fanuc/install/ur_ikfast_kinematics/lib/pkgconfig:/root/crs_ws_fanuc/install/trajopt_sqp/lib/x86_64-linux-gnu/pkgconfig:/root/crs_ws_fanuc/install/trajopt_sqp/lib/pkgconfig:/root/crs_ws_fanuc/install/tesseract_viewer_python/lib/x86_64-linux-gnu/pkgconfig:/root/crs_ws_fanuc/install/tesseract_viewer_python/lib/pkgconfig:/root/crs_ws_fanuc/install/tesseract_python/lib/x86_64-linux-gnu/pkgconfig:/root/crs_ws_fanuc/install/tesseract_python/lib/pkgconfig:/root/crs_ws_fanuc/install/tesseract_process_planners/lib/x86_64-linux-gnu/pkgconfig:/root/crs_ws_fanuc/install/tesseract_process_planners/lib/pkgconfig:/root/crs_ws_fanuc/install/tesseract_motion_planners/lib/x86_64-linux-gnu/pkgconfig:/root/crs_ws_fanuc/install/tesseract_motion_planners/lib/pkgconfig:/root/crs_ws_fanuc/install/tesseract_visualization/lib/x86_64-linux-gnu/pkgconfig:/root/crs_ws_fanuc/install/tesseract_visualization/lib/pkgconfig:/root/crs_ws_fanuc/install/tesseract/lib/x86_64-linux-gnu/pkgconfig:/root/crs_ws_fanuc/install/tesseract/lib/pkgconfig:/root/crs_ws_fanuc/install/tesseract_urdf/lib/x86_64-linux-gnu/pkgconfig:/root/crs_ws_fanuc/install/tesseract_urdf/lib/pkgconfig:/root/crs_ws_fanuc/install/tesseract_environment/lib/x86_64-linux-gnu/pkgconfig:/root/crs_ws_fanuc/install/tesseract_environment/lib/pkgconfig:/root/crs_ws_fanuc/install/tesseract_collision/lib/x86_64-linux-gnu/pkgconfig:/root/crs_ws_fanuc/install/tesseract_collision/lib/pkgconfig:/root/crs_ws_fanuc/install/tesseract_support/lib/x86_64-linux-gnu/pkgconfig:/root/crs_ws_fanuc/install/tesseract_support/lib/pkgconfig:/root/crs_ws_fanuc/install/tesseract_kinematics/lib/x86_64-linux-gnu/pkgconfig:/root/crs_ws_fanuc/install/tesseract_kinematics/lib/pkgconfig:/root/crs_ws_fanuc/install/tesseract_scene_graph/lib/x86_64-linux-gnu/pkgconfig:/root/crs_ws_fanuc/install/tesseract_scene_graph/lib/pkgconfig:/root/crs_ws_fanuc/install/tesseract_geometry/lib/x86_64-linux-gnu/pkgconfig:/root/crs_ws_fanuc/install/tesseract_geometry/lib/pkgconfig:/root/crs_ws_fanuc/install/tesseract_common/lib/x86_64-linux-gnu/pkgconfig:/root/crs_ws_fanuc/install/tesseract_common/lib/pkgconfig:/root/crs_ws_fanuc/install/swig/lib/x86_64-linux-gnu/pkgconfig:/root/crs_ws_fanuc/install/swig/lib/pkgconfig:/root/crs_ws_fanuc/install/scxml_core/lib/x86_64-linux-gnu/pkgconfig:/root/crs_ws_fanuc/install/scxml_core/lib/pkgconfig:/root/crs_ws_fanuc/install/region_detection_core/lib/x86_64-linux-gnu/pkgconfig:/root/crs_ws_fanuc/install/region_detection_core/lib/pkgconfig:/root/crs_ws_fanuc/install/orocos_kdl/lib/x86_64-linux-gnu/pkgconfig:/root/crs_ws_fanuc/install/orocos_kdl/lib/pkgconfig:/root/crs_ws_fanuc/install/descartes_opw/lib/x86_64-linux-gnu/pkgconfig:/root/crs_ws_fanuc/install/descartes_opw/lib/pkgconfig:/root/crs_ws_fanuc/install/opw_kinematics/lib/x86_64-linux-gnu/pkgconfig:/root/crs_ws_fanuc/install/opw_kinematics/lib/pkgconfig:/root/crs_ws_fanuc/install/fcl/lib/x86_64-linux-gnu/pkgconfig:/root/crs_ws_fanuc/install/fcl/lib/pkgconfig:/root/crs_ws_fanuc/install/libccd/lib/x86_64-linux-gnu/pkgconfig:/root/crs_ws_fanuc/install/libccd/lib/pkgconfig:/root/crs_ws_fanuc/install/iterative_spline_parameterization/lib/x86_64-linux-gnu/pkgconfig:/root/crs_ws_fanuc/install/iterative_spline_parameterization/lib/pkgconfig:/root/crs_ws_fanuc/install/gtest/lib/x86_64-linux-gnu/pkgconfig:/root/crs_ws_fanuc/install/gtest/lib/pkgconfig:/root/crs_ws_fanuc/install/descartes_samplers/lib/x86_64-linux-gnu/pkgconfig:/root/crs_ws_fanuc/install/descartes_samplers/lib/pkgconfig:/root/crs_ws_fanuc/install/descartes_ikfast/lib/x86_64-linux-gnu/pkgconfig:/root/crs_ws_fanuc/install/descartes_ikfast/lib/pkgconfig:/root/crs_ws_fanuc/install/descartes_light/lib/x86_64-linux-gnu/pkgconfig:/root/crs_ws_fanuc/install/descartes_light/lib/pkgconfig:/root/crs_ws_fanuc/install/eigen/lib/x86_64-linux-gnu/pkgconfig:/root/crs_ws_fanuc/install/eigen/lib/pkgconfig:/root/crs_ws_fanuc/install/bullet3/lib/x86_64-linux-gnu/pkgconfig:/root/crs_ws_fanuc/install/bullet3/lib/pkgconfig /usr/bin/cmake /root/crs_ws_fanuc/src/trajopt_ros/trajopt_optimizers/trajopt_sqp -DCMAKE_INSTALL_PREFIX=/root/crs_ws_fanuc/install/trajopt_sqp
[4.569s] Invoking command in '/root/crs_ws_fanuc/build/trajopt_sqp': CMAKE_PREFIX_PATH=/root/crs_ws_fanuc/install/trajopt_ifopt:/root/crs_ws_fanuc/install/trajopt:/root/crs_ws_fanuc/install/trajopt_sco:/root/crs_ws_fanuc/install/osqp_eigen:/root/crs_ws_fanuc/install/trajopt_utils:/root/crs_ws_fanuc/install/osqp:/root/crs_ws_fanuc/install/ifopt:/root/crs_ws_fanuc/install/crs_utils_py:/opt/ros/eloquent:/opt/ros/melodic:/root/crs_ws_fanuc/install/trajopt_tools:/root/crs_ws_fanuc/install/vhacd:/root/crs_ws_fanuc/install/crs_gui:/root/crs_ws_fanuc/install/crs_application:/root/crs_ws_fanuc/install/crs_motion_planning:/root/crs_ws_fanuc/install/ur_ikfast_kinematics:/root/crs_ws_fanuc/install/crs_robot_comms:/root/crs_ws_fanuc/install/ur_dashboard_msgs:/root/crs_ws_fanuc/install/trajopt_sqp:/root/crs_ws_fanuc/install/tesseract_monitoring:/root/crs_ws_fanuc/install/tesseract_rosutils:/root/crs_ws_fanuc/install/tesseract_process_planners:/root/crs_ws_fanuc/install/tesseract_motion_planners:/root/crs_ws_fanuc/install/tesseract_visualization:/root/crs_ws_fanuc/install/tesseract:/root/crs_ws_fanuc/install/tesseract_urdf:/root/crs_ws_fanuc/install/tesseract_plugins:/root/crs_ws_fanuc/install/tesseract_environment:/root/crs_ws_fanuc/install/tesseract_collision:/root/crs_ws_fanuc/install/tesseract_support:/root/crs_ws_fanuc/install/tesseract_kinematics:/root/crs_ws_fanuc/install/tesseract_scene_graph:/root/crs_ws_fanuc/install/tesseract_msgs:/root/crs_ws_fanuc/install/tesseract_geometry:/root/crs_ws_fanuc/install/tesseract_common:/root/crs_ws_fanuc/install/rclcpp_scxml_demos:/root/crs_ws_fanuc/install/scxml_core:/root/crs_ws_fanuc/install/region_detection_rclcpp:/root/crs_ws_fanuc/install/region_detection_msgs:/root/crs_ws_fanuc/install/region_detection_core:/root/crs_ws_fanuc/install/descartes_opw:/root/crs_ws_fanuc/install/opw_kinematics:/root/crs_ws_fanuc/install/octomap_msgs:/root/crs_ws_fanuc/install/fcl:/root/crs_ws_fanuc/install/libccd:/root/crs_ws_fanuc/install/iterative_spline_parameterization:/root/crs_ws_fanuc/install/gtest:/root/crs_ws_fanuc/install/descartes_samplers:/root/crs_ws_fanuc/install/descartes_ikfast:/root/crs_ws_fanuc/install/descartes_light:/root/crs_ws_fanuc/install/crs_toolpath_gen:/root/crs_ws_fanuc/install/crs_support:/root/crs_ws_fanuc/install/crs_process_data:/root/crs_ws_fanuc/install/crs_perception:/root/crs_ws_fanuc/install/crs_area_selection:/root/crs_ws_fanuc/install/crs_msgs:/root/crs_ws_fanuc/install/crs_gazebo_plugins:/root/crs_ws_fanuc/install/cartesian_trajectory_msgs:/root/crs_ws_fanuc/install/bullet3:/opt/qt513/lib/cmake LD_LIBRARY_PATH=/root/crs_ws_fanuc/install/trajopt_ifopt/lib:/root/crs_ws_fanuc/install/trajopt/lib:/root/crs_ws_fanuc/install/trajopt_sco/lib:/root/crs_ws_fanuc/install/osqp_eigen/lib:/root/crs_ws_fanuc/install/trajopt_utils/lib:/root/crs_ws_fanuc/install/osqp/lib:/root/crs_ws_fanuc/install/ifopt/lib:/opt/ros/melodic/lib:/root/crs_ws_fanuc/install/vhacd/lib:/root/crs_ws_fanuc/install/crs_gui/lib:/root/crs_ws_fanuc/install/crs_application/lib:/root/crs_ws_fanuc/install/crs_motion_planning/lib:/root/crs_ws_fanuc/install/ur_ikfast_kinematics/lib:/root/crs_ws_fanuc/install/ur_dashboard_msgs/lib:/root/crs_ws_fanuc/install/trajopt_sqp/lib:/root/crs_ws_fanuc/install/tesseract_monitoring/lib:/root/crs_ws_fanuc/install/tesseract_process_planners/lib:/root/crs_ws_fanuc/install/tesseract_motion_planners/lib:/root/crs_ws_fanuc/install/tesseract/lib:/root/crs_ws_fanuc/install/tesseract_urdf/lib:/root/crs_ws_fanuc/install/tesseract_plugins/lib:/root/crs_ws_fanuc/install/tesseract_environment/lib:/root/crs_ws_fanuc/install/tesseract_collision/lib:/root/crs_ws_fanuc/install/tesseract_kinematics/lib:/root/crs_ws_fanuc/install/tesseract_scene_graph/lib:/root/crs_ws_fanuc/install/tesseract_msgs/lib:/root/crs_ws_fanuc/install/scxml_core/lib:/root/crs_ws_fanuc/install/region_detection_msgs/lib:/root/crs_ws_fanuc/install/region_detection_core/lib:/root/crs_ws_fanuc/install/descartes_opw/lib:/root/crs_ws_fanuc/install/octomap_msgs/lib:/root/crs_ws_fanuc/install/fcl/lib:/root/crs_ws_fanuc/install/libccd/lib:/root/crs_ws_fanuc/install/gtest/lib:/root/crs_ws_fanuc/install/descartes_samplers/lib:/root/crs_ws_fanuc/install/descartes_light/lib:/root/crs_ws_fanuc/install/crs_perception/lib:/root/crs_ws_fanuc/install/crs_area_selection/lib:/root/crs_ws_fanuc/install/crs_msgs/lib:/root/crs_ws_fanuc/install/crs_gazebo_plugins/lib:/root/crs_ws_fanuc/install/cartesian_trajectory_msgs/lib:/root/crs_ws_fanuc/install/bullet3/lib:/opt/qt513/plugins:/opt/qt513/lib:/usr/lib/x86_64-linux-gnu/gazebo-9/plugins:/opt/ros/eloquent/opt/yaml_cpp_vendor/lib:/opt/ros/eloquent/opt/rviz_ogre_vendor/lib:/opt/ros/eloquent/lib/x86_64-linux-gnu:/opt/ros/eloquent/lib PATH=/root/crs_ws_fanuc/install/trajopt_sco/bin:/opt/ros/melodic/bin:/root/crs_ws_fanuc/install/trajopt_tools/bin:/root/crs_ws_fanuc/install/tesseract_urdf/bin:/root/crs_ws_fanuc/install/tesseract_collision/bin:/root/crs_ws_fanuc/install/tesseract_scene_graph/bin:/root/crs_ws_fanuc/install/tesseract_geometry/bin:/root/crs_ws_fanuc/install/swig/bin:/root/crs_ws_fanuc/install/region_detection_core/bin:/opt/ros/eloquent/bin:/usr/local/sbin:/usr/local/bin:/usr/sbin:/usr/bin:/sbin:/bin PKG_CONFIG_PATH=/root/crs_ws_fanuc/install/trajopt_ifopt/lib/x86_64-linux-gnu/pkgconfig:/root/crs_ws_fanuc/install/trajopt_ifopt/lib/pkgconfig:/root/crs_ws_fanuc/install/trajopt/lib/x86_64-linux-gnu/pkgconfig:/root/crs_ws_fanuc/install/trajopt/lib/pkgconfig:/root/crs_ws_fanuc/install/trajopt_sco/lib/x86_64-linux-gnu/pkgconfig:/root/crs_ws_fanuc/install/trajopt_sco/lib/pkgconfig:/root/crs_ws_fanuc/install/osqp_eigen/lib/x86_64-linux-gnu/pkgconfig:/root/crs_ws_fanuc/install/osqp_eigen/lib/pkgconfig:/root/crs_ws_fanuc/install/trajopt_utils/lib/x86_64-linux-gnu/pkgconfig:/root/crs_ws_fanuc/install/trajopt_utils/lib/pkgconfig:/root/crs_ws_fanuc/install/osqp/lib/x86_64-linux-gnu/pkgconfig:/root/crs_ws_fanuc/install/osqp/lib/pkgconfig:/root/crs_ws_fanuc/install/ifopt/lib/x86_64-linux-gnu/pkgconfig:/root/crs_ws_fanuc/install/ifopt/lib/pkgconfig:/opt/ros/melodic/lib/pkgconfig:/root/crs_ws_fanuc/install/trajopt_tools/lib/x86_64-linux-gnu/pkgconfig:/root/crs_ws_fanuc/install/trajopt_tools/lib/pkgconfig:/root/crs_ws_fanuc/install/vhacd/lib/x86_64-linux-gnu/pkgconfig:/root/crs_ws_fanuc/install/vhacd/lib/pkgconfig:/root/crs_ws_fanuc/install/ur_ikfast_kinematics/lib/x86_64-linux-gnu/pkgconfig:/root/crs_ws_fanuc/install/ur_ikfast_kinematics/lib/pkgconfig:/root/crs_ws_fanuc/install/trajopt_sqp/lib/x86_64-linux-gnu/pkgconfig:/root/crs_ws_fanuc/install/trajopt_sqp/lib/pkgconfig:/root/crs_ws_fanuc/install/tesseract_viewer_python/lib/x86_64-linux-gnu/pkgconfig:/root/crs_ws_fanuc/install/tesseract_viewer_python/lib/pkgconfig:/root/crs_ws_fanuc/install/tesseract_python/lib/x86_64-linux-gnu/pkgconfig:/root/crs_ws_fanuc/install/tesseract_python/lib/pkgconfig:/root/crs_ws_fanuc/install/tesseract_process_planners/lib/x86_64-linux-gnu/pkgconfig:/root/crs_ws_fanuc/install/tesseract_process_planners/lib/pkgconfig:/root/crs_ws_fanuc/install/tesseract_motion_planners/lib/x86_64-linux-gnu/pkgconfig:/root/crs_ws_fanuc/install/tesseract_motion_planners/lib/pkgconfig:/root/crs_ws_fanuc/install/tesseract_visualization/lib/x86_64-linux-gnu/pkgconfig:/root/crs_ws_fanuc/install/tesseract_visualization/lib/pkgconfig:/root/crs_ws_fanuc/install/tesseract/lib/x86_64-linux-gnu/pkgconfig:/root/crs_ws_fanuc/install/tesseract/lib/pkgconfig:/root/crs_ws_fanuc/install/tesseract_urdf/lib/x86_64-linux-gnu/pkgconfig:/root/crs_ws_fanuc/install/tesseract_urdf/lib/pkgconfig:/root/crs_ws_fanuc/install/tesseract_environment/lib/x86_64-linux-gnu/pkgconfig:/root/crs_ws_fanuc/install/tesseract_environment/lib/pkgconfig:/root/crs_ws_fanuc/install/tesseract_collision/lib/x86_64-linux-gnu/pkgconfig:/root/crs_ws_fanuc/install/tesseract_collision/lib/pkgconfig:/root/crs_ws_fanuc/install/tesseract_support/lib/x86_64-linux-gnu/pkgconfig:/root/crs_ws_fanuc/install/tesseract_support/lib/pkgconfig:/root/crs_ws_fanuc/install/tesseract_kinematics/lib/x86_64-linux-gnu/pkgconfig:/root/crs_ws_fanuc/install/tesseract_kinematics/lib/pkgconfig:/root/crs_ws_fanuc/install/tesseract_scene_graph/lib/x86_64-linux-gnu/pkgconfig:/root/crs_ws_fanuc/install/tesseract_scene_graph/lib/pkgconfig:/root/crs_ws_fanuc/install/tesseract_geometry/lib/x86_64-linux-gnu/pkgconfig:/root/crs_ws_fanuc/install/tesseract_geometry/lib/pkgconfig:/root/crs_ws_fanuc/install/tesseract_common/lib/x86_64-linux-gnu/pkgconfig:/root/crs_ws_fanuc/install/tesseract_common/lib/pkgconfig:/root/crs_ws_fanuc/install/swig/lib/x86_64-linux-gnu/pkgconfig:/root/crs_ws_fanuc/install/swig/lib/pkgconfig:/root/crs_ws_fanuc/install/scxml_core/lib/x86_64-linux-gnu/pkgconfig:/root/crs_ws_fanuc/install/scxml_core/lib/pkgconfig:/root/crs_ws_fanuc/install/region_detection_core/lib/x86_64-linux-gnu/pkgconfig:/root/crs_ws_fanuc/install/region_detection_core/lib/pkgconfig:/root/crs_ws_fanuc/install/orocos_kdl/lib/x86_64-linux-gnu/pkgconfig:/root/crs_ws_fanuc/install/orocos_kdl/lib/pkgconfig:/root/crs_ws_fanuc/install/descartes_opw/lib/x86_64-linux-gnu/pkgconfig:/root/crs_ws_fanuc/install/descartes_opw/lib/pkgconfig:/root/crs_ws_fanuc/install/opw_kinematics/lib/x86_64-linux-gnu/pkgconfig:/root/crs_ws_fanuc/install/opw_kinematics/lib/pkgconfig:/root/crs_ws_fanuc/install/fcl/lib/x86_64-linux-gnu/pkgconfig:/root/crs_ws_fanuc/install/fcl/lib/pkgconfig:/root/crs_ws_fanuc/install/libccd/lib/x86_64-linux-gnu/pkgconfig:/root/crs_ws_fanuc/install/libccd/lib/pkgconfig:/root/crs_ws_fanuc/install/iterative_spline_parameterization/lib/x86_64-linux-gnu/pkgconfig:/root/crs_ws_fanuc/install/iterative_spline_parameterization/lib/pkgconfig:/root/crs_ws_fanuc/install/gtest/lib/x86_64-linux-gnu/pkgconfig:/root/crs_ws_fanuc/install/gtest/lib/pkgconfig:/root/crs_ws_fanuc/install/descartes_samplers/lib/x86_64-linux-gnu/pkgconfig:/root/crs_ws_fanuc/install/descartes_samplers/lib/pkgconfig:/root/crs_ws_fanuc/install/descartes_ikfast/lib/x86_64-linux-gnu/pkgconfig:/root/crs_ws_fanuc/install/descartes_ikfast/lib/pkgconfig:/root/crs_ws_fanuc/install/descartes_light/lib/x86_64-linux-gnu/pkgconfig:/root/crs_ws_fanuc/install/descartes_light/lib/pkgconfig:/root/crs_ws_fanuc/install/eigen/lib/x86_64-linux-gnu/pkgconfig:/root/crs_ws_fanuc/install/eigen/lib/pkgconfig:/root/crs_ws_fanuc/install/bullet3/lib/x86_64-linux-gnu/pkgconfig:/root/crs_ws_fanuc/install/bullet3/lib/pkgconfig /usr/bin/cmake --build /root/crs_ws_fanuc/build/trajopt_sqp -- -j8 -l8
[4.699s] [35m[1mScanning dependencies of target trajopt_sqp[0m
[4.703s] [35m[1mScanning dependencies of target trajopt_sqp_callbacks[0m
[4.837s] [ 10%] [32mBuilding CXX object CMakeFiles/trajopt_sqp.dir/src/osqp_eigen_solver.cpp.o[0m
[4.853s] [ 20%] [32mBuilding CXX object CMakeFiles/trajopt_sqp.dir/src/qp_problem.cpp.o[0m
[4.866s] [ 30%] [32mBuilding CXX object CMakeFiles/trajopt_sqp.dir/src/trust_region_sqp_solver.cpp.o[0m
[4.974s] [ 40%] [32mBuilding CXX object CMakeFiles/trajopt_sqp_callbacks.dir/src/callbacks/clear_plotter.cpp.o[0m
[4.978s] [ 50%] [32mBuilding CXX object CMakeFiles/trajopt_sqp_callbacks.dir/src/callbacks/cartesian_error_plotter.cpp.o[0m
[4.979s] [ 60%] [32mBuilding CXX object CMakeFiles/trajopt_sqp_callbacks.dir/src/callbacks/collision_plotter.cpp.o[0m
[10.849s] [ 70%] [32mBuilding CXX object CMakeFiles/trajopt_sqp_callbacks.dir/src/callbacks/joint_state_plotter.cpp.o[0m
[10.860s] [ 80%] [32mBuilding CXX object CMakeFiles/trajopt_sqp_callbacks.dir/src/callbacks/wait_for_input.cpp.o[0m
[11.503s] [ 90%] [32m[1mLinking CXX shared library libtrajopt_sqp.so[0m
[12.279s] [ 90%] Built target trajopt_sqp
[21.554s] [100%] [32m[1mLinking CXX shared library libtrajopt_sqp_callbacks.so[0m
[22.520s] [100%] Built target trajopt_sqp_callbacks
[22.536s] Invoked command in '/root/crs_ws_fanuc/build/trajopt_sqp' returned '0': CMAKE_PREFIX_PATH=/root/crs_ws_fanuc/install/trajopt_ifopt:/root/crs_ws_fanuc/install/trajopt:/root/crs_ws_fanuc/install/trajopt_sco:/root/crs_ws_fanuc/install/osqp_eigen:/root/crs_ws_fanuc/install/trajopt_utils:/root/crs_ws_fanuc/install/osqp:/root/crs_ws_fanuc/install/ifopt:/root/crs_ws_fanuc/install/crs_utils_py:/opt/ros/eloquent:/opt/ros/melodic:/root/crs_ws_fanuc/install/trajopt_tools:/root/crs_ws_fanuc/install/vhacd:/root/crs_ws_fanuc/install/crs_gui:/root/crs_ws_fanuc/install/crs_application:/root/crs_ws_fanuc/install/crs_motion_planning:/root/crs_ws_fanuc/install/ur_ikfast_kinematics:/root/crs_ws_fanuc/install/crs_robot_comms:/root/crs_ws_fanuc/install/ur_dashboard_msgs:/root/crs_ws_fanuc/install/trajopt_sqp:/root/crs_ws_fanuc/install/tesseract_monitoring:/root/crs_ws_fanuc/install/tesseract_rosutils:/root/crs_ws_fanuc/install/tesseract_process_planners:/root/crs_ws_fanuc/install/tesseract_motion_planners:/root/crs_ws_fanuc/install/tesseract_visualization:/root/crs_ws_fanuc/install/tesseract:/root/crs_ws_fanuc/install/tesseract_urdf:/root/crs_ws_fanuc/install/tesseract_plugins:/root/crs_ws_fanuc/install/tesseract_environment:/root/crs_ws_fanuc/install/tesseract_collision:/root/crs_ws_fanuc/install/tesseract_support:/root/crs_ws_fanuc/install/tesseract_kinematics:/root/crs_ws_fanuc/install/tesseract_scene_graph:/root/crs_ws_fanuc/install/tesseract_msgs:/root/crs_ws_fanuc/install/tesseract_geometry:/root/crs_ws_fanuc/install/tesseract_common:/root/crs_ws_fanuc/install/rclcpp_scxml_demos:/root/crs_ws_fanuc/install/scxml_core:/root/crs_ws_fanuc/install/region_detection_rclcpp:/root/crs_ws_fanuc/install/region_detection_msgs:/root/crs_ws_fanuc/install/region_detection_core:/root/crs_ws_fanuc/install/descartes_opw:/root/crs_ws_fanuc/install/opw_kinematics:/root/crs_ws_fanuc/install/octomap_msgs:/root/crs_ws_fanuc/install/fcl:/root/crs_ws_fanuc/install/libccd:/root/crs_ws_fanuc/install/iterative_spline_parameterization:/root/crs_ws_fanuc/install/gtest:/root/crs_ws_fanuc/install/descartes_samplers:/root/crs_ws_fanuc/install/descartes_ikfast:/root/crs_ws_fanuc/install/descartes_light:/root/crs_ws_fanuc/install/crs_toolpath_gen:/root/crs_ws_fanuc/install/crs_support:/root/crs_ws_fanuc/install/crs_process_data:/root/crs_ws_fanuc/install/crs_perception:/root/crs_ws_fanuc/install/crs_area_selection:/root/crs_ws_fanuc/install/crs_msgs:/root/crs_ws_fanuc/install/crs_gazebo_plugins:/root/crs_ws_fanuc/install/cartesian_trajectory_msgs:/root/crs_ws_fanuc/install/bullet3:/opt/qt513/lib/cmake LD_LIBRARY_PATH=/root/crs_ws_fanuc/install/trajopt_ifopt/lib:/root/crs_ws_fanuc/install/trajopt/lib:/root/crs_ws_fanuc/install/trajopt_sco/lib:/root/crs_ws_fanuc/install/osqp_eigen/lib:/root/crs_ws_fanuc/install/trajopt_utils/lib:/root/crs_ws_fanuc/install/osqp/lib:/root/crs_ws_fanuc/install/ifopt/lib:/opt/ros/melodic/lib:/root/crs_ws_fanuc/install/vhacd/lib:/root/crs_ws_fanuc/install/crs_gui/lib:/root/crs_ws_fanuc/install/crs_application/lib:/root/crs_ws_fanuc/install/crs_motion_planning/lib:/root/crs_ws_fanuc/install/ur_ikfast_kinematics/lib:/root/crs_ws_fanuc/install/ur_dashboard_msgs/lib:/root/crs_ws_fanuc/install/trajopt_sqp/lib:/root/crs_ws_fanuc/install/tesseract_monitoring/lib:/root/crs_ws_fanuc/install/tesseract_process_planners/lib:/root/crs_ws_fanuc/install/tesseract_motion_planners/lib:/root/crs_ws_fanuc/install/tesseract/lib:/root/crs_ws_fanuc/install/tesseract_urdf/lib:/root/crs_ws_fanuc/install/tesseract_plugins/lib:/root/crs_ws_fanuc/install/tesseract_environment/lib:/root/crs_ws_fanuc/install/tesseract_collision/lib:/root/crs_ws_fanuc/install/tesseract_kinematics/lib:/root/crs_ws_fanuc/install/tesseract_scene_graph/lib:/root/crs_ws_fanuc/install/tesseract_msgs/lib:/root/crs_ws_fanuc/install/scxml_core/lib:/root/crs_ws_fanuc/install/region_detection_msgs/lib:/root/crs_ws_fanuc/install/region_detection_core/lib:/root/crs_ws_fanuc/install/descartes_opw/lib:/root/crs_ws_fanuc/install/octomap_msgs/lib:/root/crs_ws_fanuc/install/fcl/lib:/root/crs_ws_fanuc/install/libccd/lib:/root/crs_ws_fanuc/install/gtest/lib:/root/crs_ws_fanuc/install/descartes_samplers/lib:/root/crs_ws_fanuc/install/descartes_light/lib:/root/crs_ws_fanuc/install/crs_perception/lib:/root/crs_ws_fanuc/install/crs_area_selection/lib:/root/crs_ws_fanuc/install/crs_msgs/lib:/root/crs_ws_fanuc/install/crs_gazebo_plugins/lib:/root/crs_ws_fanuc/install/cartesian_trajectory_msgs/lib:/root/crs_ws_fanuc/install/bullet3/lib:/opt/qt513/plugins:/opt/qt513/lib:/usr/lib/x86_64-linux-gnu/gazebo-9/plugins:/opt/ros/eloquent/opt/yaml_cpp_vendor/lib:/opt/ros/eloquent/opt/rviz_ogre_vendor/lib:/opt/ros/eloquent/lib/x86_64-linux-gnu:/opt/ros/eloquent/lib PATH=/root/crs_ws_fanuc/install/trajopt_sco/bin:/opt/ros/melodic/bin:/root/crs_ws_fanuc/install/trajopt_tools/bin:/root/crs_ws_fanuc/install/tesseract_urdf/bin:/root/crs_ws_fanuc/install/tesseract_collision/bin:/root/crs_ws_fanuc/install/tesseract_scene_graph/bin:/root/crs_ws_fanuc/install/tesseract_geometry/bin:/root/crs_ws_fanuc/install/swig/bin:/root/crs_ws_fanuc/install/region_detection_core/bin:/opt/ros/eloquent/bin:/usr/local/sbin:/usr/local/bin:/usr/sbin:/usr/bin:/sbin:/bin PKG_CONFIG_PATH=/root/crs_ws_fanuc/install/trajopt_ifopt/lib/x86_64-linux-gnu/pkgconfig:/root/crs_ws_fanuc/install/trajopt_ifopt/lib/pkgconfig:/root/crs_ws_fanuc/install/trajopt/lib/x86_64-linux-gnu/pkgconfig:/root/crs_ws_fanuc/install/trajopt/lib/pkgconfig:/root/crs_ws_fanuc/install/trajopt_sco/lib/x86_64-linux-gnu/pkgconfig:/root/crs_ws_fanuc/install/trajopt_sco/lib/pkgconfig:/root/crs_ws_fanuc/install/osqp_eigen/lib/x86_64-linux-gnu/pkgconfig:/root/crs_ws_fanuc/install/osqp_eigen/lib/pkgconfig:/root/crs_ws_fanuc/install/trajopt_utils/lib/x86_64-linux-gnu/pkgconfig:/root/crs_ws_fanuc/install/trajopt_utils/lib/pkgconfig:/root/crs_ws_fanuc/install/osqp/lib/x86_64-linux-gnu/pkgconfig:/root/crs_ws_fanuc/install/osqp/lib/pkgconfig:/root/crs_ws_fanuc/install/ifopt/lib/x86_64-linux-gnu/pkgconfig:/root/crs_ws_fanuc/install/ifopt/lib/pkgconfig:/opt/ros/melodic/lib/pkgconfig:/root/crs_ws_fanuc/install/trajopt_tools/lib/x86_64-linux-gnu/pkgconfig:/root/crs_ws_fanuc/install/trajopt_tools/lib/pkgconfig:/root/crs_ws_fanuc/install/vhacd/lib/x86_64-linux-gnu/pkgconfig:/root/crs_ws_fanuc/install/vhacd/lib/pkgconfig:/root/crs_ws_fanuc/install/ur_ikfast_kinematics/lib/x86_64-linux-gnu/pkgconfig:/root/crs_ws_fanuc/install/ur_ikfast_kinematics/lib/pkgconfig:/root/crs_ws_fanuc/install/trajopt_sqp/lib/x86_64-linux-gnu/pkgconfig:/root/crs_ws_fanuc/install/trajopt_sqp/lib/pkgconfig:/root/crs_ws_fanuc/install/tesseract_viewer_python/lib/x86_64-linux-gnu/pkgconfig:/root/crs_ws_fanuc/install/tesseract_viewer_python/lib/pkgconfig:/root/crs_ws_fanuc/install/tesseract_python/lib/x86_64-linux-gnu/pkgconfig:/root/crs_ws_fanuc/install/tesseract_python/lib/pkgconfig:/root/crs_ws_fanuc/install/tesseract_process_planners/lib/x86_64-linux-gnu/pkgconfig:/root/crs_ws_fanuc/install/tesseract_process_planners/lib/pkgconfig:/root/crs_ws_fanuc/install/tesseract_motion_planners/lib/x86_64-linux-gnu/pkgconfig:/root/crs_ws_fanuc/install/tesseract_motion_planners/lib/pkgconfig:/root/crs_ws_fanuc/install/tesseract_visualization/lib/x86_64-linux-gnu/pkgconfig:/root/crs_ws_fanuc/install/tesseract_visualization/lib/pkgconfig:/root/crs_ws_fanuc/install/tesseract/lib/x86_64-linux-gnu/pkgconfig:/root/crs_ws_fanuc/install/tesseract/lib/pkgconfig:/root/crs_ws_fanuc/install/tesseract_urdf/lib/x86_64-linux-gnu/pkgconfig:/root/crs_ws_fanuc/install/tesseract_urdf/lib/pkgconfig:/root/crs_ws_fanuc/install/tesseract_environment/lib/x86_64-linux-gnu/pkgconfig:/root/crs_ws_fanuc/install/tesseract_environment/lib/pkgconfig:/root/crs_ws_fanuc/install/tesseract_collision/lib/x86_64-linux-gnu/pkgconfig:/root/crs_ws_fanuc/install/tesseract_collision/lib/pkgconfig:/root/crs_ws_fanuc/install/tesseract_support/lib/x86_64-linux-gnu/pkgconfig:/root/crs_ws_fanuc/install/tesseract_support/lib/pkgconfig:/root/crs_ws_fanuc/install/tesseract_kinematics/lib/x86_64-linux-gnu/pkgconfig:/root/crs_ws_fanuc/install/tesseract_kinematics/lib/pkgconfig:/root/crs_ws_fanuc/install/tesseract_scene_graph/lib/x86_64-linux-gnu/pkgconfig:/root/crs_ws_fanuc/install/tesseract_scene_graph/lib/pkgconfig:/root/crs_ws_fanuc/install/tesseract_geometry/lib/x86_64-linux-gnu/pkgconfig:/root/crs_ws_fanuc/install/tesseract_geometry/lib/pkgconfig:/root/crs_ws_fanuc/install/tesseract_common/lib/x86_64-linux-gnu/pkgconfig:/root/crs_ws_fanuc/install/tesseract_common/lib/pkgconfig:/root/crs_ws_fanuc/install/swig/lib/x86_64-linux-gnu/pkgconfig:/root/crs_ws_fanuc/install/swig/lib/pkgconfig:/root/crs_ws_fanuc/install/scxml_core/lib/x86_64-linux-gnu/pkgconfig:/root/crs_ws_fanuc/install/scxml_core/lib/pkgconfig:/root/crs_ws_fanuc/install/region_detection_core/lib/x86_64-linux-gnu/pkgconfig:/root/crs_ws_fanuc/install/region_detection_core/lib/pkgconfig:/root/crs_ws_fanuc/install/orocos_kdl/lib/x86_64-linux-gnu/pkgconfig:/root/crs_ws_fanuc/install/orocos_kdl/lib/pkgconfig:/root/crs_ws_fanuc/install/descartes_opw/lib/x86_64-linux-gnu/pkgconfig:/root/crs_ws_fanuc/install/descartes_opw/lib/pkgconfig:/root/crs_ws_fanuc/install/opw_kinematics/lib/x86_64-linux-gnu/pkgconfig:/root/crs_ws_fanuc/install/opw_kinematics/lib/pkgconfig:/root/crs_ws_fanuc/install/fcl/lib/x86_64-linux-gnu/pkgconfig:/root/crs_ws_fanuc/install/fcl/lib/pkgconfig:/root/crs_ws_fanuc/install/libccd/lib/x86_64-linux-gnu/pkgconfig:/root/crs_ws_fanuc/install/libccd/lib/pkgconfig:/root/crs_ws_fanuc/install/iterative_spline_parameterization/lib/x86_64-linux-gnu/pkgconfig:/root/crs_ws_fanuc/install/iterative_spline_parameterization/lib/pkgconfig:/root/crs_ws_fanuc/install/gtest/lib/x86_64-linux-gnu/pkgconfig:/root/crs_ws_fanuc/install/gtest/lib/pkgconfig:/root/crs_ws_fanuc/install/descartes_samplers/lib/x86_64-linux-gnu/pkgconfig:/root/crs_ws_fanuc/install/descartes_samplers/lib/pkgconfig:/root/crs_ws_fanuc/install/descartes_ikfast/lib/x86_64-linux-gnu/pkgconfig:/root/crs_ws_fanuc/install/descartes_ikfast/lib/pkgconfig:/root/crs_ws_fanuc/install/descartes_light/lib/x86_64-linux-gnu/pkgconfig:/root/crs_ws_fanuc/install/descartes_light/lib/pkgconfig:/root/crs_ws_fanuc/install/eigen/lib/x86_64-linux-gnu/pkgconfig:/root/crs_ws_fanuc/install/eigen/lib/pkgconfig:/root/crs_ws_fanuc/install/bullet3/lib/x86_64-linux-gnu/pkgconfig:/root/crs_ws_fanuc/install/bullet3/lib/pkgconfig /usr/bin/cmake --build /root/crs_ws_fanuc/build/trajopt_sqp -- -j8 -l8
[22.621s] Invoking command in '/root/crs_ws_fanuc/build/trajopt_sqp': CMAKE_PREFIX_PATH=/root/crs_ws_fanuc/install/trajopt_ifopt:/root/crs_ws_fanuc/install/trajopt:/root/crs_ws_fanuc/install/trajopt_sco:/root/crs_ws_fanuc/install/osqp_eigen:/root/crs_ws_fanuc/install/trajopt_utils:/root/crs_ws_fanuc/install/osqp:/root/crs_ws_fanuc/install/ifopt:/root/crs_ws_fanuc/install/crs_utils_py:/opt/ros/eloquent:/opt/ros/melodic:/root/crs_ws_fanuc/install/trajopt_tools:/root/crs_ws_fanuc/install/vhacd:/root/crs_ws_fanuc/install/crs_gui:/root/crs_ws_fanuc/install/crs_application:/root/crs_ws_fanuc/install/crs_motion_planning:/root/crs_ws_fanuc/install/ur_ikfast_kinematics:/root/crs_ws_fanuc/install/crs_robot_comms:/root/crs_ws_fanuc/install/ur_dashboard_msgs:/root/crs_ws_fanuc/install/trajopt_sqp:/root/crs_ws_fanuc/install/tesseract_monitoring:/root/crs_ws_fanuc/install/tesseract_rosutils:/root/crs_ws_fanuc/install/tesseract_process_planners:/root/crs_ws_fanuc/install/tesseract_motion_planners:/root/crs_ws_fanuc/install/tesseract_visualization:/root/crs_ws_fanuc/install/tesseract:/root/crs_ws_fanuc/install/tesseract_urdf:/root/crs_ws_fanuc/install/tesseract_plugins:/root/crs_ws_fanuc/install/tesseract_environment:/root/crs_ws_fanuc/install/tesseract_collision:/root/crs_ws_fanuc/install/tesseract_support:/root/crs_ws_fanuc/install/tesseract_kinematics:/root/crs_ws_fanuc/install/tesseract_scene_graph:/root/crs_ws_fanuc/install/tesseract_msgs:/root/crs_ws_fanuc/install/tesseract_geometry:/root/crs_ws_fanuc/install/tesseract_common:/root/crs_ws_fanuc/install/rclcpp_scxml_demos:/root/crs_ws_fanuc/install/scxml_core:/root/crs_ws_fanuc/install/region_detection_rclcpp:/root/crs_ws_fanuc/install/region_detection_msgs:/root/crs_ws_fanuc/install/region_detection_core:/root/crs_ws_fanuc/install/descartes_opw:/root/crs_ws_fanuc/install/opw_kinematics:/root/crs_ws_fanuc/install/octomap_msgs:/root/crs_ws_fanuc/install/fcl:/root/crs_ws_fanuc/install/libccd:/root/crs_ws_fanuc/install/iterative_spline_parameterization:/root/crs_ws_fanuc/install/gtest:/root/crs_ws_fanuc/install/descartes_samplers:/root/crs_ws_fanuc/install/descartes_ikfast:/root/crs_ws_fanuc/install/descartes_light:/root/crs_ws_fanuc/install/crs_toolpath_gen:/root/crs_ws_fanuc/install/crs_support:/root/crs_ws_fanuc/install/crs_process_data:/root/crs_ws_fanuc/install/crs_perception:/root/crs_ws_fanuc/install/crs_area_selection:/root/crs_ws_fanuc/install/crs_msgs:/root/crs_ws_fanuc/install/crs_gazebo_plugins:/root/crs_ws_fanuc/install/cartesian_trajectory_msgs:/root/crs_ws_fanuc/install/bullet3:/opt/qt513/lib/cmake LD_LIBRARY_PATH=/root/crs_ws_fanuc/install/trajopt_ifopt/lib:/root/crs_ws_fanuc/install/trajopt/lib:/root/crs_ws_fanuc/install/trajopt_sco/lib:/root/crs_ws_fanuc/install/osqp_eigen/lib:/root/crs_ws_fanuc/install/trajopt_utils/lib:/root/crs_ws_fanuc/install/osqp/lib:/root/crs_ws_fanuc/install/ifopt/lib:/opt/ros/melodic/lib:/root/crs_ws_fanuc/install/vhacd/lib:/root/crs_ws_fanuc/install/crs_gui/lib:/root/crs_ws_fanuc/install/crs_application/lib:/root/crs_ws_fanuc/install/crs_motion_planning/lib:/root/crs_ws_fanuc/install/ur_ikfast_kinematics/lib:/root/crs_ws_fanuc/install/ur_dashboard_msgs/lib:/root/crs_ws_fanuc/install/trajopt_sqp/lib:/root/crs_ws_fanuc/install/tesseract_monitoring/lib:/root/crs_ws_fanuc/install/tesseract_process_planners/lib:/root/crs_ws_fanuc/install/tesseract_motion_planners/lib:/root/crs_ws_fanuc/install/tesseract/lib:/root/crs_ws_fanuc/install/tesseract_urdf/lib:/root/crs_ws_fanuc/install/tesseract_plugins/lib:/root/crs_ws_fanuc/install/tesseract_environment/lib:/root/crs_ws_fanuc/install/tesseract_collision/lib:/root/crs_ws_fanuc/install/tesseract_kinematics/lib:/root/crs_ws_fanuc/install/tesseract_scene_graph/lib:/root/crs_ws_fanuc/install/tesseract_msgs/lib:/root/crs_ws_fanuc/install/scxml_core/lib:/root/crs_ws_fanuc/install/region_detection_msgs/lib:/root/crs_ws_fanuc/install/region_detection_core/lib:/root/crs_ws_fanuc/install/descartes_opw/lib:/root/crs_ws_fanuc/install/octomap_msgs/lib:/root/crs_ws_fanuc/install/fcl/lib:/root/crs_ws_fanuc/install/libccd/lib:/root/crs_ws_fanuc/install/gtest/lib:/root/crs_ws_fanuc/install/descartes_samplers/lib:/root/crs_ws_fanuc/install/descartes_light/lib:/root/crs_ws_fanuc/install/crs_perception/lib:/root/crs_ws_fanuc/install/crs_area_selection/lib:/root/crs_ws_fanuc/install/crs_msgs/lib:/root/crs_ws_fanuc/install/crs_gazebo_plugins/lib:/root/crs_ws_fanuc/install/cartesian_trajectory_msgs/lib:/root/crs_ws_fanuc/install/bullet3/lib:/opt/qt513/plugins:/opt/qt513/lib:/usr/lib/x86_64-linux-gnu/gazebo-9/plugins:/opt/ros/eloquent/opt/yaml_cpp_vendor/lib:/opt/ros/eloquent/opt/rviz_ogre_vendor/lib:/opt/ros/eloquent/lib/x86_64-linux-gnu:/opt/ros/eloquent/lib PATH=/root/crs_ws_fanuc/install/trajopt_sco/bin:/opt/ros/melodic/bin:/root/crs_ws_fanuc/install/trajopt_tools/bin:/root/crs_ws_fanuc/install/tesseract_urdf/bin:/root/crs_ws_fanuc/install/tesseract_collision/bin:/root/crs_ws_fanuc/install/tesseract_scene_graph/bin:/root/crs_ws_fanuc/install/tesseract_geometry/bin:/root/crs_ws_fanuc/install/swig/bin:/root/crs_ws_fanuc/install/region_detection_core/bin:/opt/ros/eloquent/bin:/usr/local/sbin:/usr/local/bin:/usr/sbin:/usr/bin:/sbin:/bin PKG_CONFIG_PATH=/root/crs_ws_fanuc/install/trajopt_ifopt/lib/x86_64-linux-gnu/pkgconfig:/root/crs_ws_fanuc/install/trajopt_ifopt/lib/pkgconfig:/root/crs_ws_fanuc/install/trajopt/lib/x86_64-linux-gnu/pkgconfig:/root/crs_ws_fanuc/install/trajopt/lib/pkgconfig:/root/crs_ws_fanuc/install/trajopt_sco/lib/x86_64-linux-gnu/pkgconfig:/root/crs_ws_fanuc/install/trajopt_sco/lib/pkgconfig:/root/crs_ws_fanuc/install/osqp_eigen/lib/x86_64-linux-gnu/pkgconfig:/root/crs_ws_fanuc/install/osqp_eigen/lib/pkgconfig:/root/crs_ws_fanuc/install/trajopt_utils/lib/x86_64-linux-gnu/pkgconfig:/root/crs_ws_fanuc/install/trajopt_utils/lib/pkgconfig:/root/crs_ws_fanuc/install/osqp/lib/x86_64-linux-gnu/pkgconfig:/root/crs_ws_fanuc/install/osqp/lib/pkgconfig:/root/crs_ws_fanuc/install/ifopt/lib/x86_64-linux-gnu/pkgconfig:/root/crs_ws_fanuc/install/ifopt/lib/pkgconfig:/opt/ros/melodic/lib/pkgconfig:/root/crs_ws_fanuc/install/trajopt_tools/lib/x86_64-linux-gnu/pkgconfig:/root/crs_ws_fanuc/install/trajopt_tools/lib/pkgconfig:/root/crs_ws_fanuc/install/vhacd/lib/x86_64-linux-gnu/pkgconfig:/root/crs_ws_fanuc/install/vhacd/lib/pkgconfig:/root/crs_ws_fanuc/install/ur_ikfast_kinematics/lib/x86_64-linux-gnu/pkgconfig:/root/crs_ws_fanuc/install/ur_ikfast_kinematics/lib/pkgconfig:/root/crs_ws_fanuc/install/trajopt_sqp/lib/x86_64-linux-gnu/pkgconfig:/root/crs_ws_fanuc/install/trajopt_sqp/lib/pkgconfig:/root/crs_ws_fanuc/install/tesseract_viewer_python/lib/x86_64-linux-gnu/pkgconfig:/root/crs_ws_fanuc/install/tesseract_viewer_python/lib/pkgconfig:/root/crs_ws_fanuc/install/tesseract_python/lib/x86_64-linux-gnu/pkgconfig:/root/crs_ws_fanuc/install/tesseract_python/lib/pkgconfig:/root/crs_ws_fanuc/install/tesseract_process_planners/lib/x86_64-linux-gnu/pkgconfig:/root/crs_ws_fanuc/install/tesseract_process_planners/lib/pkgconfig:/root/crs_ws_fanuc/install/tesseract_motion_planners/lib/x86_64-linux-gnu/pkgconfig:/root/crs_ws_fanuc/install/tesseract_motion_planners/lib/pkgconfig:/root/crs_ws_fanuc/install/tesseract_visualization/lib/x86_64-linux-gnu/pkgconfig:/root/crs_ws_fanuc/install/tesseract_visualization/lib/pkgconfig:/root/crs_ws_fanuc/install/tesseract/lib/x86_64-linux-gnu/pkgconfig:/root/crs_ws_fanuc/install/tesseract/lib/pkgconfig:/root/crs_ws_fanuc/install/tesseract_urdf/lib/x86_64-linux-gnu/pkgconfig:/root/crs_ws_fanuc/install/tesseract_urdf/lib/pkgconfig:/root/crs_ws_fanuc/install/tesseract_environment/lib/x86_64-linux-gnu/pkgconfig:/root/crs_ws_fanuc/install/tesseract_environment/lib/pkgconfig:/root/crs_ws_fanuc/install/tesseract_collision/lib/x86_64-linux-gnu/pkgconfig:/root/crs_ws_fanuc/install/tesseract_collision/lib/pkgconfig:/root/crs_ws_fanuc/install/tesseract_support/lib/x86_64-linux-gnu/pkgconfig:/root/crs_ws_fanuc/install/tesseract_support/lib/pkgconfig:/root/crs_ws_fanuc/install/tesseract_kinematics/lib/x86_64-linux-gnu/pkgconfig:/root/crs_ws_fanuc/install/tesseract_kinematics/lib/pkgconfig:/root/crs_ws_fanuc/install/tesseract_scene_graph/lib/x86_64-linux-gnu/pkgconfig:/root/crs_ws_fanuc/install/tesseract_scene_graph/lib/pkgconfig:/root/crs_ws_fanuc/install/tesseract_geometry/lib/x86_64-linux-gnu/pkgconfig:/root/crs_ws_fanuc/install/tesseract_geometry/lib/pkgconfig:/root/crs_ws_fanuc/install/tesseract_common/lib/x86_64-linux-gnu/pkgconfig:/root/crs_ws_fanuc/install/tesseract_common/lib/pkgconfig:/root/crs_ws_fanuc/install/swig/lib/x86_64-linux-gnu/pkgconfig:/root/crs_ws_fanuc/install/swig/lib/pkgconfig:/root/crs_ws_fanuc/install/scxml_core/lib/x86_64-linux-gnu/pkgconfig:/root/crs_ws_fanuc/install/scxml_core/lib/pkgconfig:/root/crs_ws_fanuc/install/region_detection_core/lib/x86_64-linux-gnu/pkgconfig:/root/crs_ws_fanuc/install/region_detection_core/lib/pkgconfig:/root/crs_ws_fanuc/install/orocos_kdl/lib/x86_64-linux-gnu/pkgconfig:/root/crs_ws_fanuc/install/orocos_kdl/lib/pkgconfig:/root/crs_ws_fanuc/install/descartes_opw/lib/x86_64-linux-gnu/pkgconfig:/root/crs_ws_fanuc/install/descartes_opw/lib/pkgconfig:/root/crs_ws_fanuc/install/opw_kinematics/lib/x86_64-linux-gnu/pkgconfig:/root/crs_ws_fanuc/install/opw_kinematics/lib/pkgconfig:/root/crs_ws_fanuc/install/fcl/lib/x86_64-linux-gnu/pkgconfig:/root/crs_ws_fanuc/install/fcl/lib/pkgconfig:/root/crs_ws_fanuc/install/libccd/lib/x86_64-linux-gnu/pkgconfig:/root/crs_ws_fanuc/install/libccd/lib/pkgconfig:/root/crs_ws_fanuc/install/iterative_spline_parameterization/lib/x86_64-linux-gnu/pkgconfig:/root/crs_ws_fanuc/install/iterative_spline_parameterization/lib/pkgconfig:/root/crs_ws_fanuc/install/gtest/lib/x86_64-linux-gnu/pkgconfig:/root/crs_ws_fanuc/install/gtest/lib/pkgconfig:/root/crs_ws_fanuc/install/descartes_samplers/lib/x86_64-linux-gnu/pkgconfig:/root/crs_ws_fanuc/install/descartes_samplers/lib/pkgconfig:/root/crs_ws_fanuc/install/descartes_ikfast/lib/x86_64-linux-gnu/pkgconfig:/root/crs_ws_fanuc/install/descartes_ikfast/lib/pkgconfig:/root/crs_ws_fanuc/install/descartes_light/lib/x86_64-linux-gnu/pkgconfig:/root/crs_ws_fanuc/install/descartes_light/lib/pkgconfig:/root/crs_ws_fanuc/install/eigen/lib/x86_64-linux-gnu/pkgconfig:/root/crs_ws_fanuc/install/eigen/lib/pkgconfig:/root/crs_ws_fanuc/install/bullet3/lib/x86_64-linux-gnu/pkgconfig:/root/crs_ws_fanuc/install/bullet3/lib/pkgconfig /usr/bin/cmake --build /root/crs_ws_fanuc/build/trajopt_sqp --target install -- -j8 -l8
[22.753s] [ 40%] Built target trajopt_sqp
[22.757s] [100%] Built target trajopt_sqp_callbacks
[22.798s] [36mInstall the project...[0m
[22.812s] -- Install configuration: ""
[22.812s] -- Installing: /root/crs_ws_fanuc/install/trajopt_sqp/lib/libtrajopt_sqp.so
[22.815s] -- Set runtime path of "/root/crs_ws_fanuc/install/trajopt_sqp/lib/libtrajopt_sqp.so" to ""
[22.815s] -- Installing: /root/crs_ws_fanuc/install/trajopt_sqp/lib/libtrajopt_sqp_callbacks.so
[22.817s] -- Set runtime path of "/root/crs_ws_fanuc/install/trajopt_sqp/lib/libtrajopt_sqp_callbacks.so" to ""
[22.817s] -- Installing: /root/crs_ws_fanuc/install/trajopt_sqp/lib/cmake/trajopt_sqp/trajopt_sqp-targets.cmake
[22.817s] -- Installing: /root/crs_ws_fanuc/install/trajopt_sqp/lib/cmake/trajopt_sqp/trajopt_sqp-targets-noconfig.cmake
[22.818s] -- Installing: /root/crs_ws_fanuc/install/trajopt_sqp/share/trajopt_sqp/package.xml
[22.818s] -- Installing: /root/crs_ws_fanuc/install/trajopt_sqp/lib/cmake/trajopt_sqp/trajopt_sqp-config.cmake
[22.818s] -- Installing: /root/crs_ws_fanuc/install/trajopt_sqp/lib/cmake/trajopt_sqp/trajopt_sqp-config-version.cmake
[22.818s] -- Up-to-date: /root/crs_ws_fanuc/install/trajopt_sqp/include/trajopt_sqp
[22.819s] -- Installing: /root/crs_ws_fanuc/install/trajopt_sqp/include/trajopt_sqp/osqp_eigen_solver.h
[22.819s] -- Installing: /root/crs_ws_fanuc/install/trajopt_sqp/include/trajopt_sqp/qp_solver.h
[22.819s] -- Installing: /root/crs_ws_fanuc/install/trajopt_sqp/include/trajopt_sqp/types.h
[22.819s] -- Installing: /root/crs_ws_fanuc/install/trajopt_sqp/include/trajopt_sqp/qp_problem.h
[22.819s] -- Up-to-date: /root/crs_ws_fanuc/install/trajopt_sqp/include/trajopt_sqp/callbacks
[22.820s] -- Installing: /root/crs_ws_fanuc/install/trajopt_sqp/include/trajopt_sqp/callbacks/clear_plotter.h
[22.820s] -- Installing: /root/crs_ws_fanuc/install/trajopt_sqp/include/trajopt_sqp/callbacks/collision_plotter.h
[22.820s] -- Installing: /root/crs_ws_fanuc/install/trajopt_sqp/include/trajopt_sqp/callbacks/cartesian_error_plotter.h
[22.820s] -- Installing: /root/crs_ws_fanuc/install/trajopt_sqp/include/trajopt_sqp/callbacks/joint_state_plotter.h
[22.820s] -- Installing: /root/crs_ws_fanuc/install/trajopt_sqp/include/trajopt_sqp/callbacks/wait_for_input.h
[22.820s] -- Installing: /root/crs_ws_fanuc/install/trajopt_sqp/include/trajopt_sqp/sqp_callback.h
[22.821s] -- Installing: /root/crs_ws_fanuc/install/trajopt_sqp/include/trajopt_sqp/trust_region_sqp_solver.h
[22.823s] Invoked command in '/root/crs_ws_fanuc/build/trajopt_sqp' returned '0': CMAKE_PREFIX_PATH=/root/crs_ws_fanuc/install/trajopt_ifopt:/root/crs_ws_fanuc/install/trajopt:/root/crs_ws_fanuc/install/trajopt_sco:/root/crs_ws_fanuc/install/osqp_eigen:/root/crs_ws_fanuc/install/trajopt_utils:/root/crs_ws_fanuc/install/osqp:/root/crs_ws_fanuc/install/ifopt:/root/crs_ws_fanuc/install/crs_utils_py:/opt/ros/eloquent:/opt/ros/melodic:/root/crs_ws_fanuc/install/trajopt_tools:/root/crs_ws_fanuc/install/vhacd:/root/crs_ws_fanuc/install/crs_gui:/root/crs_ws_fanuc/install/crs_application:/root/crs_ws_fanuc/install/crs_motion_planning:/root/crs_ws_fanuc/install/ur_ikfast_kinematics:/root/crs_ws_fanuc/install/crs_robot_comms:/root/crs_ws_fanuc/install/ur_dashboard_msgs:/root/crs_ws_fanuc/install/trajopt_sqp:/root/crs_ws_fanuc/install/tesseract_monitoring:/root/crs_ws_fanuc/install/tesseract_rosutils:/root/crs_ws_fanuc/install/tesseract_process_planners:/root/crs_ws_fanuc/install/tesseract_motion_planners:/root/crs_ws_fanuc/install/tesseract_visualization:/root/crs_ws_fanuc/install/tesseract:/root/crs_ws_fanuc/install/tesseract_urdf:/root/crs_ws_fanuc/install/tesseract_plugins:/root/crs_ws_fanuc/install/tesseract_environment:/root/crs_ws_fanuc/install/tesseract_collision:/root/crs_ws_fanuc/install/tesseract_support:/root/crs_ws_fanuc/install/tesseract_kinematics:/root/crs_ws_fanuc/install/tesseract_scene_graph:/root/crs_ws_fanuc/install/tesseract_msgs:/root/crs_ws_fanuc/install/tesseract_geometry:/root/crs_ws_fanuc/install/tesseract_common:/root/crs_ws_fanuc/install/rclcpp_scxml_demos:/root/crs_ws_fanuc/install/scxml_core:/root/crs_ws_fanuc/install/region_detection_rclcpp:/root/crs_ws_fanuc/install/region_detection_msgs:/root/crs_ws_fanuc/install/region_detection_core:/root/crs_ws_fanuc/install/descartes_opw:/root/crs_ws_fanuc/install/opw_kinematics:/root/crs_ws_fanuc/install/octomap_msgs:/root/crs_ws_fanuc/install/fcl:/root/crs_ws_fanuc/install/libccd:/root/crs_ws_fanuc/install/iterative_spline_parameterization:/root/crs_ws_fanuc/install/gtest:/root/crs_ws_fanuc/install/descartes_samplers:/root/crs_ws_fanuc/install/descartes_ikfast:/root/crs_ws_fanuc/install/descartes_light:/root/crs_ws_fanuc/install/crs_toolpath_gen:/root/crs_ws_fanuc/install/crs_support:/root/crs_ws_fanuc/install/crs_process_data:/root/crs_ws_fanuc/install/crs_perception:/root/crs_ws_fanuc/install/crs_area_selection:/root/crs_ws_fanuc/install/crs_msgs:/root/crs_ws_fanuc/install/crs_gazebo_plugins:/root/crs_ws_fanuc/install/cartesian_trajectory_msgs:/root/crs_ws_fanuc/install/bullet3:/opt/qt513/lib/cmake LD_LIBRARY_PATH=/root/crs_ws_fanuc/install/trajopt_ifopt/lib:/root/crs_ws_fanuc/install/trajopt/lib:/root/crs_ws_fanuc/install/trajopt_sco/lib:/root/crs_ws_fanuc/install/osqp_eigen/lib:/root/crs_ws_fanuc/install/trajopt_utils/lib:/root/crs_ws_fanuc/install/osqp/lib:/root/crs_ws_fanuc/install/ifopt/lib:/opt/ros/melodic/lib:/root/crs_ws_fanuc/install/vhacd/lib:/root/crs_ws_fanuc/install/crs_gui/lib:/root/crs_ws_fanuc/install/crs_application/lib:/root/crs_ws_fanuc/install/crs_motion_planning/lib:/root/crs_ws_fanuc/install/ur_ikfast_kinematics/lib:/root/crs_ws_fanuc/install/ur_dashboard_msgs/lib:/root/crs_ws_fanuc/install/trajopt_sqp/lib:/root/crs_ws_fanuc/install/tesseract_monitoring/lib:/root/crs_ws_fanuc/install/tesseract_process_planners/lib:/root/crs_ws_fanuc/install/tesseract_motion_planners/lib:/root/crs_ws_fanuc/install/tesseract/lib:/root/crs_ws_fanuc/install/tesseract_urdf/lib:/root/crs_ws_fanuc/install/tesseract_plugins/lib:/root/crs_ws_fanuc/install/tesseract_environment/lib:/root/crs_ws_fanuc/install/tesseract_collision/lib:/root/crs_ws_fanuc/install/tesseract_kinematics/lib:/root/crs_ws_fanuc/install/tesseract_scene_graph/lib:/root/crs_ws_fanuc/install/tesseract_msgs/lib:/root/crs_ws_fanuc/install/scxml_core/lib:/root/crs_ws_fanuc/install/region_detection_msgs/lib:/root/crs_ws_fanuc/install/region_detection_core/lib:/root/crs_ws_fanuc/install/descartes_opw/lib:/root/crs_ws_fanuc/install/octomap_msgs/lib:/root/crs_ws_fanuc/install/fcl/lib:/root/crs_ws_fanuc/install/libccd/lib:/root/crs_ws_fanuc/install/gtest/lib:/root/crs_ws_fanuc/install/descartes_samplers/lib:/root/crs_ws_fanuc/install/descartes_light/lib:/root/crs_ws_fanuc/install/crs_perception/lib:/root/crs_ws_fanuc/install/crs_area_selection/lib:/root/crs_ws_fanuc/install/crs_msgs/lib:/root/crs_ws_fanuc/install/crs_gazebo_plugins/lib:/root/crs_ws_fanuc/install/cartesian_trajectory_msgs/lib:/root/crs_ws_fanuc/install/bullet3/lib:/opt/qt513/plugins:/opt/qt513/lib:/usr/lib/x86_64-linux-gnu/gazebo-9/plugins:/opt/ros/eloquent/opt/yaml_cpp_vendor/lib:/opt/ros/eloquent/opt/rviz_ogre_vendor/lib:/opt/ros/eloquent/lib/x86_64-linux-gnu:/opt/ros/eloquent/lib PATH=/root/crs_ws_fanuc/install/trajopt_sco/bin:/opt/ros/melodic/bin:/root/crs_ws_fanuc/install/trajopt_tools/bin:/root/crs_ws_fanuc/install/tesseract_urdf/bin:/root/crs_ws_fanuc/install/tesseract_collision/bin:/root/crs_ws_fanuc/install/tesseract_scene_graph/bin:/root/crs_ws_fanuc/install/tesseract_geometry/bin:/root/crs_ws_fanuc/install/swig/bin:/root/crs_ws_fanuc/install/region_detection_core/bin:/opt/ros/eloquent/bin:/usr/local/sbin:/usr/local/bin:/usr/sbin:/usr/bin:/sbin:/bin PKG_CONFIG_PATH=/root/crs_ws_fanuc/install/trajopt_ifopt/lib/x86_64-linux-gnu/pkgconfig:/root/crs_ws_fanuc/install/trajopt_ifopt/lib/pkgconfig:/root/crs_ws_fanuc/install/trajopt/lib/x86_64-linux-gnu/pkgconfig:/root/crs_ws_fanuc/install/trajopt/lib/pkgconfig:/root/crs_ws_fanuc/install/trajopt_sco/lib/x86_64-linux-gnu/pkgconfig:/root/crs_ws_fanuc/install/trajopt_sco/lib/pkgconfig:/root/crs_ws_fanuc/install/osqp_eigen/lib/x86_64-linux-gnu/pkgconfig:/root/crs_ws_fanuc/install/osqp_eigen/lib/pkgconfig:/root/crs_ws_fanuc/install/trajopt_utils/lib/x86_64-linux-gnu/pkgconfig:/root/crs_ws_fanuc/install/trajopt_utils/lib/pkgconfig:/root/crs_ws_fanuc/install/osqp/lib/x86_64-linux-gnu/pkgconfig:/root/crs_ws_fanuc/install/osqp/lib/pkgconfig:/root/crs_ws_fanuc/install/ifopt/lib/x86_64-linux-gnu/pkgconfig:/root/crs_ws_fanuc/install/ifopt/lib/pkgconfig:/opt/ros/melodic/lib/pkgconfig:/root/crs_ws_fanuc/install/trajopt_tools/lib/x86_64-linux-gnu/pkgconfig:/root/crs_ws_fanuc/install/trajopt_tools/lib/pkgconfig:/root/crs_ws_fanuc/install/vhacd/lib/x86_64-linux-gnu/pkgconfig:/root/crs_ws_fanuc/install/vhacd/lib/pkgconfig:/root/crs_ws_fanuc/install/ur_ikfast_kinematics/lib/x86_64-linux-gnu/pkgconfig:/root/crs_ws_fanuc/install/ur_ikfast_kinematics/lib/pkgconfig:/root/crs_ws_fanuc/install/trajopt_sqp/lib/x86_64-linux-gnu/pkgconfig:/root/crs_ws_fanuc/install/trajopt_sqp/lib/pkgconfig:/root/crs_ws_fanuc/install/tesseract_viewer_python/lib/x86_64-linux-gnu/pkgconfig:/root/crs_ws_fanuc/install/tesseract_viewer_python/lib/pkgconfig:/root/crs_ws_fanuc/install/tesseract_python/lib/x86_64-linux-gnu/pkgconfig:/root/crs_ws_fanuc/install/tesseract_python/lib/pkgconfig:/root/crs_ws_fanuc/install/tesseract_process_planners/lib/x86_64-linux-gnu/pkgconfig:/root/crs_ws_fanuc/install/tesseract_process_planners/lib/pkgconfig:/root/crs_ws_fanuc/install/tesseract_motion_planners/lib/x86_64-linux-gnu/pkgconfig:/root/crs_ws_fanuc/install/tesseract_motion_planners/lib/pkgconfig:/root/crs_ws_fanuc/install/tesseract_visualization/lib/x86_64-linux-gnu/pkgconfig:/root/crs_ws_fanuc/install/tesseract_visualization/lib/pkgconfig:/root/crs_ws_fanuc/install/tesseract/lib/x86_64-linux-gnu/pkgconfig:/root/crs_ws_fanuc/install/tesseract/lib/pkgconfig:/root/crs_ws_fanuc/install/tesseract_urdf/lib/x86_64-linux-gnu/pkgconfig:/root/crs_ws_fanuc/install/tesseract_urdf/lib/pkgconfig:/root/crs_ws_fanuc/install/tesseract_environment/lib/x86_64-linux-gnu/pkgconfig:/root/crs_ws_fanuc/install/tesseract_environment/lib/pkgconfig:/root/crs_ws_fanuc/install/tesseract_collision/lib/x86_64-linux-gnu/pkgconfig:/root/crs_ws_fanuc/install/tesseract_collision/lib/pkgconfig:/root/crs_ws_fanuc/install/tesseract_support/lib/x86_64-linux-gnu/pkgconfig:/root/crs_ws_fanuc/install/tesseract_support/lib/pkgconfig:/root/crs_ws_fanuc/install/tesseract_kinematics/lib/x86_64-linux-gnu/pkgconfig:/root/crs_ws_fanuc/install/tesseract_kinematics/lib/pkgconfig:/root/crs_ws_fanuc/install/tesseract_scene_graph/lib/x86_64-linux-gnu/pkgconfig:/root/crs_ws_fanuc/install/tesseract_scene_graph/lib/pkgconfig:/root/crs_ws_fanuc/install/tesseract_geometry/lib/x86_64-linux-gnu/pkgconfig:/root/crs_ws_fanuc/install/tesseract_geometry/lib/pkgconfig:/root/crs_ws_fanuc/install/tesseract_common/lib/x86_64-linux-gnu/pkgconfig:/root/crs_ws_fanuc/install/tesseract_common/lib/pkgconfig:/root/crs_ws_fanuc/install/swig/lib/x86_64-linux-gnu/pkgconfig:/root/crs_ws_fanuc/install/swig/lib/pkgconfig:/root/crs_ws_fanuc/install/scxml_core/lib/x86_64-linux-gnu/pkgconfig:/root/crs_ws_fanuc/install/scxml_core/lib/pkgconfig:/root/crs_ws_fanuc/install/region_detection_core/lib/x86_64-linux-gnu/pkgconfig:/root/crs_ws_fanuc/install/region_detection_core/lib/pkgconfig:/root/crs_ws_fanuc/install/orocos_kdl/lib/x86_64-linux-gnu/pkgconfig:/root/crs_ws_fanuc/install/orocos_kdl/lib/pkgconfig:/root/crs_ws_fanuc/install/descartes_opw/lib/x86_64-linux-gnu/pkgconfig:/root/crs_ws_fanuc/install/descartes_opw/lib/pkgconfig:/root/crs_ws_fanuc/install/opw_kinematics/lib/x86_64-linux-gnu/pkgconfig:/root/crs_ws_fanuc/install/opw_kinematics/lib/pkgconfig:/root/crs_ws_fanuc/install/fcl/lib/x86_64-linux-gnu/pkgconfig:/root/crs_ws_fanuc/install/fcl/lib/pkgconfig:/root/crs_ws_fanuc/install/libccd/lib/x86_64-linux-gnu/pkgconfig:/root/crs_ws_fanuc/install/libccd/lib/pkgconfig:/root/crs_ws_fanuc/install/iterative_spline_parameterization/lib/x86_64-linux-gnu/pkgconfig:/root/crs_ws_fanuc/install/iterative_spline_parameterization/lib/pkgconfig:/root/crs_ws_fanuc/install/gtest/lib/x86_64-linux-gnu/pkgconfig:/root/crs_ws_fanuc/install/gtest/lib/pkgconfig:/root/crs_ws_fanuc/install/descartes_samplers/lib/x86_64-linux-gnu/pkgconfig:/root/crs_ws_fanuc/install/descartes_samplers/lib/pkgconfig:/root/crs_ws_fanuc/install/descartes_ikfast/lib/x86_64-linux-gnu/pkgconfig:/root/crs_ws_fanuc/install/descartes_ikfast/lib/pkgconfig:/root/crs_ws_fanuc/install/descartes_light/lib/x86_64-linux-gnu/pkgconfig:/root/crs_ws_fanuc/install/descartes_light/lib/pkgconfig:/root/crs_ws_fanuc/install/eigen/lib/x86_64-linux-gnu/pkgconfig:/root/crs_ws_fanuc/install/eigen/lib/pkgconfig:/root/crs_ws_fanuc/install/bullet3/lib/x86_64-linux-gnu/pkgconfig:/root/crs_ws_fanuc/install/bullet3/lib/pkgconfig /usr/bin/cmake --build /root/crs_ws_fanuc/build/trajopt_sqp --target install -- -j8 -l8
