-- The CXX compiler identification is GNU 7.5.0
-- Check for working CXX compiler: /usr/bin/c++
-- Check for working CXX compiler: /usr/bin/c++ -- works
-- Detecting CXX compiler ABI info
-- Detecting CXX compiler ABI info - done
-- Detecting CXX compile features
-- Detecting CXX compile features - done
-- Found ament_cmake: 0.8.3 (/opt/ros/eloquent/share/ament_cmake/cmake)
-- Found PythonInterp: /usr/bin/python3 (found suitable version "3.6.9", minimum required is "3") 
-- Using PYTHON_EXECUTABLE: /usr/bin/python3
-- Override CMake install command with custom implementation using symlinks instead of copying resources
-- Found rclcpp: 0.8.5 (/opt/ros/eloquent/share/rclcpp/cmake)
-- Found rosidl_adapter: 0.8.3 (/opt/ros/eloquent/share/rosidl_adapter/cmake)
-- Found rmw_implementation_cmake: 0.8.1 (/opt/ros/eloquent/share/rmw_implementation_cmake/cmake)
-- Using RMW implementation 'rmw_fastrtps_cpp' as default
-- Looking for C++ include pthread.h
-- Looking for C++ include pthread.h - found
-- Looking for pthread_create
-- Looking for pthread_create - not found
-- Looking for pthread_create in pthreads
-- Looking for pthread_create in pthreads - not found
-- Looking for pthread_create in pthread
-- Looking for pthread_create in pthread - found
-- Found Threads: TRUE  
-- Found pluginlib: 2.4.2 (/opt/ros/eloquent/share/pluginlib/cmake)
-- Found tinyxml2_vendor:  (/opt/ros/eloquent/share/tinyxml2_vendor/cmake)
-- Found TinyXML2: /usr/lib/x86_64-linux-gnu/libtinyxml2.so  
-- Found poco_vendor:  (/opt/ros/eloquent/share/poco_vendor/cmake)
-- Found shape_msgs: 0.8.1 (/opt/ros/eloquent/share/shape_msgs/cmake)
-- Found std_srvs: 0.8.1 (/opt/ros/eloquent/share/std_srvs/cmake)
-- Found rviz2: 7.0.7 (/opt/ros/eloquent/share/rviz2/cmake)
-- Found crs_area_selection: 0.1.0 (/root/crs_ws_fanuc/install/crs_area_selection/share/crs_area_selection/cmake)
-- Checking for module 'eigen3'
--   Found eigen3, version 3.3.4
-- Found eigen: /usr/include/eigen3  
-- Checking for module 'libopenni'
--   Found libopenni, version 1.5.4.0
-- Found openni: /usr/lib/libOpenNI.so  
-- The imported target "vtkRenderingPythonTkWidgets" references the file
   "/usr/lib/x86_64-linux-gnu/libvtkRenderingPythonTkWidgets.so"
but this file does not exist.  Possible reasons include:
* The file was deleted, renamed, or moved to another location.
* An install or uninstall procedure did not complete successfully.
* The installation package was faulty and contained
   "/usr/lib/cmake/vtk-6.3/VTKTargets.cmake"
but not all the files it references.

-- The imported target "vtk" references the file
   "/usr/bin/vtk"
but this file does not exist.  Possible reasons include:
* The file was deleted, renamed, or moved to another location.
* An install or uninstall procedure did not complete successfully.
* The installation package was faulty and contained
   "/usr/lib/cmake/vtk-6.3/VTKTargets.cmake"
but not all the files it references.

-- Found libusb-1.0: /usr/include  
-- Checking for module 'flann'
--   Found flann, version 1.9.1
-- Found Flann: /usr/lib/x86_64-linux-gnu/libflann_cpp_s.a  
-- Found qhull: /usr/lib/x86_64-linux-gnu/libqhull.so  
-- Found PCL_COMMON: /usr/lib/x86_64-linux-gnu/libpcl_common.so  
-- Found PCL_OCTREE: /usr/lib/x86_64-linux-gnu/libpcl_octree.so  
-- Found PCL_IO: /usr/lib/x86_64-linux-gnu/libpcl_io.so  
-- Found PCL_KDTREE: /usr/lib/x86_64-linux-gnu/libpcl_kdtree.so  
-- Found PCL_SEARCH: /usr/lib/x86_64-linux-gnu/libpcl_search.so  
-- Found PCL_SAMPLE_CONSENSUS: /usr/lib/x86_64-linux-gnu/libpcl_sample_consensus.so  
-- Found PCL_FILTERS: /usr/lib/x86_64-linux-gnu/libpcl_filters.so  
-- Found PCL_2D: /usr/include/pcl-1.8  
-- Found PCL_GEOMETRY: /usr/include/pcl-1.8  
-- Found PCL_FEATURES: /usr/lib/x86_64-linux-gnu/libpcl_features.so  
-- Found PCL_ML: /usr/lib/x86_64-linux-gnu/libpcl_ml.so  
-- Found PCL_SEGMENTATION: /usr/lib/x86_64-linux-gnu/libpcl_segmentation.so  
-- Found PCL_VISUALIZATION: /usr/lib/x86_64-linux-gnu/libpcl_visualization.so  
-- Found PCL_SURFACE: /usr/lib/x86_64-linux-gnu/libpcl_surface.so  
-- Found PCL_REGISTRATION: /usr/lib/x86_64-linux-gnu/libpcl_registration.so  
-- Found PCL_KEYPOINTS: /usr/lib/x86_64-linux-gnu/libpcl_keypoints.so  
-- Found PCL_TRACKING: /usr/lib/x86_64-linux-gnu/libpcl_tracking.so  
-- Found PCL_RECOGNITION: /usr/lib/x86_64-linux-gnu/libpcl_recognition.so  
-- Found PCL_STEREO: /usr/lib/x86_64-linux-gnu/libpcl_stereo.so  
-- Found PCL_APPS: /usr/lib/x86_64-linux-gnu/libpcl_apps.so  
-- Found PCL_IN_HAND_SCANNER: /usr/include/pcl-1.8  
-- Found PCL_MODELER: /usr/include/pcl-1.8  
-- Found PCL_POINT_CLOUD_EDITOR: /usr/include/pcl-1.8  
-- Found PCL_OUTOFCORE: /usr/lib/x86_64-linux-gnu/libpcl_outofcore.so  
-- Found PCL_PEOPLE: /usr/lib/x86_64-linux-gnu/libpcl_people.so  
-- Found crs_motion_planning: 0.0.0 (/root/crs_ws_fanuc/install/crs_motion_planning/share/crs_motion_planning/cmake)
-- Found OpenSSL: /usr/lib/x86_64-linux-gnu/libcrypto.so (found version "1.1.1") 
-- Found FastRTPS: /opt/ros/eloquent/include  
-- Found OMPL: /usr/lib/x86_64-linux-gnu/libompl.so  
-- Looking for sgemm_
-- Looking for sgemm_ - found
-- A library with BLAS API found.
-- Setting yaml-cpp_DIR to: '/opt/ros/eloquent/share/yaml_cpp_vendor/cmake/../../../opt/yaml_cpp_vendor/lib/cmake/yaml-cpp'
-- Configuring done
WARNING: Target "crs_gui_state_machine_interface_demo" requests linking to directory "/root/crs_ws_fanuc/build/crs_gui".  Targets may link only to libraries.  CMake is dropping the item.
WARNING: Target "crs_gui_crs_application_demo" requests linking to directory "/root/crs_ws_fanuc/build/crs_gui".  Targets may link only to libraries.  CMake is dropping the item.
WARNING: Target "crs_gui_panels" requests linking to directory "/root/crs_ws_fanuc/build/crs_gui".  Targets may link only to libraries.  CMake is dropping the item.
WARNING: Target "crs_gui_widgets" requests linking to directory "/root/crs_ws_fanuc/build/crs_gui".  Targets may link only to libraries.  CMake is dropping the item.
WARNING: Target "crs_gui_area_selection_demo" requests linking to directory "/root/crs_ws_fanuc/build/crs_gui".  Targets may link only to libraries.  CMake is dropping the item.
WARNING: Target "crs_gui_part_selection_demo" requests linking to directory "/root/crs_ws_fanuc/build/crs_gui".  Targets may link only to libraries.  CMake is dropping the item.
-- Generating done
-- Build files have been written to: /root/crs_ws_fanuc/build/crs_gui
[ 10%] [34m[1mGenerating ui_polygon_area_selection_widget.h[0m
[ 17%] [34m[1mGenerating ui_state_machine_interface.h[0m
[ 17%] [34m[1mGenerating ui_crs_application.h[0m
[ 10%] [34m[1mGenerating include/crs_gui/widgets/moc_state_machine_interface_widget.cpp[0m
[ 20%] [34m[1mGenerating include/crs_gui/widgets/moc_part_selection_widget.cpp[0m
[ 13%] [34m[1mGenerating ui_part_selection.h[0m
[ 24%] [34m[1mGenerating include/crs_gui/widgets/moc_crs_application_widget.cpp[0m
[ 27%] [34m[1mGenerating include/crs_gui/widgets/moc_polygon_area_selection_widget.cpp[0m
[35m[1mScanning dependencies of target crs_gui_widgets[0m
[ 31%] [32mBuilding CXX object CMakeFiles/crs_gui_widgets.dir/include/crs_gui/widgets/moc_part_selection_widget.cpp.o[0m
[ 37%] [32mBuilding CXX object CMakeFiles/crs_gui_widgets.dir/include/crs_gui/widgets/moc_polygon_area_selection_widget.cpp.o[0m
[ 37%] [32mBuilding CXX object CMakeFiles/crs_gui_widgets.dir/include/crs_gui/widgets/moc_state_machine_interface_widget.cpp.o[0m
[ 41%] [32mBuilding CXX object CMakeFiles/crs_gui_widgets.dir/include/crs_gui/widgets/moc_crs_application_widget.cpp.o[0m
[ 44%] [32mBuilding CXX object CMakeFiles/crs_gui_widgets.dir/src/widgets/crs_application_widget.cpp.o[0m
[ 48%] [32mBuilding CXX object CMakeFiles/crs_gui_widgets.dir/src/widgets/part_selection_widget.cpp.o[0m
[ 51%] [32mBuilding CXX object CMakeFiles/crs_gui_widgets.dir/src/widgets/state_machine_interface_widget.cpp.o[0m
[ 55%] [32mBuilding CXX object CMakeFiles/crs_gui_widgets.dir/src/widgets/polygon_area_selection_widget.cpp.o[0m
[01m[K/root/crs_ws_fanuc/src/collaborative-robotic-sanding/crs_gui/src/widgets/crs_application_widget.cpp:[m[K In member function ‘[01m[Kvoid crs_gui::CRSApplicationWidget::getConfigurationCb(crs_msgs::srv::GetConfiguration_Request_<std::allocator<void> >::SharedPtr, crs_msgs::srv::GetConfiguration_Response_<std::allocator<void> >::SharedPtr)[m[K’:
[01m[K/root/crs_ws_fanuc/src/collaborative-robotic-sanding/crs_gui/src/widgets/crs_application_widget.cpp:268:99:[m[K [01;35m[Kwarning: [m[Kunused parameter ‘[01m[Kreq[m[K’ [[01;35m[K-Wunused-parameter[m[K]
 void CRSApplicationWidget::getConfigurationCb(crs_msgs::srv::GetConfiguration::Request::SharedPtr [01;35m[Kreq[m[K,
                                                                                                   [01;35m[K^~~[m[K
[ 58%] [32m[1mLinking CXX shared library libcrs_gui_widgets.so[0m
[ 58%] Built target crs_gui_widgets
[ 62%] [34m[1mGenerating include/crs_gui/moc_application_panel.cpp[0m
[35m[1mScanning dependencies of target crs_gui_state_machine_interface_demo[0m
[35m[1mScanning dependencies of target crs_gui_part_selection_demo[0m
[35m[1mScanning dependencies of target crs_gui_crs_application_demo[0m
[35m[1mScanning dependencies of target crs_gui_area_selection_demo[0m
[35m[1mScanning dependencies of target crs_gui_panels[0m
[ 65%] [32mBuilding CXX object CMakeFiles/crs_gui_area_selection_demo.dir/src/nodes/area_selection_widget_demo.cpp.o[0m
[ 68%] [32mBuilding CXX object CMakeFiles/crs_gui_part_selection_demo.dir/src/nodes/part_selection_widget_demo.cpp.o[0m
[ 72%] [32mBuilding CXX object CMakeFiles/crs_gui_state_machine_interface_demo.dir/src/nodes/state_machine_interface_widget_demo.cpp.o[0m
[ 75%] [32mBuilding CXX object CMakeFiles/crs_gui_crs_application_demo.dir/src/nodes/crs_application_demo.cpp.o[0m
[ 79%] [32mBuilding CXX object CMakeFiles/crs_gui_panels.dir/include/crs_gui/moc_application_panel.cpp.o[0m
[ 82%] [32mBuilding CXX object CMakeFiles/crs_gui_panels.dir/src/application_panel.cpp.o[0m
In file included from [01m[K/root/crs_ws_fanuc/src/collaborative-robotic-sanding/crs_gui/src/application_panel.cpp:47:0[m[K:
[01m[K/opt/ros/eloquent/include/pluginlib/class_list_macros.h:36:2:[m[K [01;35m[Kwarning: [m[K#warning Including header <pluginlib/class_list_macros.h> is deprecated, include <pluginlib/class_list_macros.hpp> instead. [[01;35m[K-Wcpp[m[K]
 #[01;35m[Kwarning[m[K Including header <pluginlib/class_list_macros.h> is deprecated, \
  [01;35m[K^~~~~~~[m[K
[ 86%] [32m[1mLinking CXX executable crs_gui_part_selection_demo[0m
[ 89%] [32m[1mLinking CXX executable crs_gui_state_machine_interface_demo[0m
[ 93%] [32m[1mLinking CXX executable crs_gui_crs_application_demo[0m
[ 96%] [32m[1mLinking CXX executable crs_gui_area_selection_demo[0m
[100%] [32m[1mLinking CXX shared library libcrs_gui_panels.so[0m
[100%] Built target crs_gui_panels
[100%] Built target crs_gui_crs_application_demo
[100%] Built target crs_gui_area_selection_demo
[100%] Built target crs_gui_part_selection_demo
[100%] Built target crs_gui_state_machine_interface_demo
[ 58%] Built target crs_gui_widgets
[ 65%] Built target crs_gui_state_machine_interface_demo
[ 72%] Built target crs_gui_part_selection_demo
[ 79%] Built target crs_gui_area_selection_demo
[ 86%] Built target crs_gui_crs_application_demo
[100%] Built target crs_gui_panels
[36mInstall the project...[0m
-- Install configuration: ""
-- Execute custom install script
-- Symlinking: /root/crs_ws_fanuc/install/crs_gui/share/crs_gui//launch/area_selection_demo.launch.xml
-- Symlinking: /root/crs_ws_fanuc/install/crs_gui/share/crs_gui//launch/crs_application_demo.launch.xml
-- Symlinking: /root/crs_ws_fanuc/install/crs_gui/share/crs_gui//launch/state_machine_interface_demo.launch.xml
-- Symlinking: /root/crs_ws_fanuc/install/crs_gui/share/crs_gui//config/crs_application_demo.rviz
-- Symlinking: /root/crs_ws_fanuc/install/crs_gui/share/crs_gui/ui/crs_application.ui
-- Symlinking: /root/crs_ws_fanuc/install/crs_gui/share/crs_gui/ui/part_selection.ui
-- Symlinking: /root/crs_ws_fanuc/install/crs_gui/share/crs_gui/ui/polygon_area_selection_widget.ui
-- Symlinking: /root/crs_ws_fanuc/install/crs_gui/share/crs_gui/ui/state_machine_interface.ui
-- Symlinking: /root/crs_ws_fanuc/install/crs_gui/share/crs_gui/plugin_description.xml
-- Up-to-date symlink: /root/crs_ws_fanuc/install/crs_gui/share/crs_gui//plugin_description.xml
-- Symlinking: /root/crs_ws_fanuc/install/crs_gui/share/ament_index/resource_index/package_run_dependencies/crs_gui
-- Symlinking: /root/crs_ws_fanuc/install/crs_gui/share/ament_index/resource_index/parent_prefix_path/crs_gui
-- Up-to-date symlink: /root/crs_ws_fanuc/install/crs_gui/share/crs_gui/environment/ament_prefix_path.sh
-- Symlinking: /root/crs_ws_fanuc/install/crs_gui/share/crs_gui/environment/ament_prefix_path.dsv
-- Up-to-date symlink: /root/crs_ws_fanuc/install/crs_gui/share/crs_gui/environment/path.sh
-- Symlinking: /root/crs_ws_fanuc/install/crs_gui/share/crs_gui/environment/path.dsv
-- Symlinking: /root/crs_ws_fanuc/install/crs_gui/share/crs_gui/local_setup.bash
-- Symlinking: /root/crs_ws_fanuc/install/crs_gui/share/crs_gui/local_setup.sh
-- Symlinking: /root/crs_ws_fanuc/install/crs_gui/share/crs_gui/local_setup.zsh
-- Symlinking: /root/crs_ws_fanuc/install/crs_gui/share/crs_gui/local_setup.dsv
-- Symlinking: /root/crs_ws_fanuc/install/crs_gui/share/crs_gui/package.dsv
-- Symlinking: /root/crs_ws_fanuc/install/crs_gui/share/ament_index/resource_index/packages/crs_gui
-- Symlinking: /root/crs_ws_fanuc/install/crs_gui/share/ament_index/resource_index/rviz_common__pluginlib__plugin/crs_gui
-- Symlinking: /root/crs_ws_fanuc/install/crs_gui/share/crs_gui/cmake/ament_cmake_export_interfaces-extras.cmake
-- Symlinking: /root/crs_ws_fanuc/install/crs_gui/share/crs_gui/cmake/ament_cmake_export_dependencies-extras.cmake
-- Symlinking: /root/crs_ws_fanuc/install/crs_gui/share/crs_gui/cmake/crs_guiConfig.cmake
-- Symlinking: /root/crs_ws_fanuc/install/crs_gui/share/crs_gui/cmake/crs_guiConfig-version.cmake
-- Symlinking: /root/crs_ws_fanuc/install/crs_gui/share/crs_gui/package.xml
-- Installing: /root/crs_ws_fanuc/install/crs_gui/lib/libcrs_gui_panels.so
-- Set runtime path of "/root/crs_ws_fanuc/install/crs_gui/lib/libcrs_gui_panels.so" to ""
-- Installing: /root/crs_ws_fanuc/install/crs_gui/lib/libcrs_gui_widgets.so
-- Set runtime path of "/root/crs_ws_fanuc/install/crs_gui/lib/libcrs_gui_widgets.so" to ""
-- Installing: /root/crs_ws_fanuc/install/crs_gui/lib/crs_gui/crs_gui_area_selection_demo
-- Set runtime path of "/root/crs_ws_fanuc/install/crs_gui/lib/crs_gui/crs_gui_area_selection_demo" to ""
-- Installing: /root/crs_ws_fanuc/install/crs_gui/lib/crs_gui/crs_gui_part_selection_demo
-- Set runtime path of "/root/crs_ws_fanuc/install/crs_gui/lib/crs_gui/crs_gui_part_selection_demo" to ""
-- Installing: /root/crs_ws_fanuc/install/crs_gui/lib/crs_gui/crs_gui_crs_application_demo
-- Set runtime path of "/root/crs_ws_fanuc/install/crs_gui/lib/crs_gui/crs_gui_crs_application_demo" to ""
-- Installing: /root/crs_ws_fanuc/install/crs_gui/lib/crs_gui/crs_gui_state_machine_interface_demo
-- Set runtime path of "/root/crs_ws_fanuc/install/crs_gui/lib/crs_gui/crs_gui_state_machine_interface_demo" to ""
-- Up-to-date: /root/crs_ws_fanuc/install/crs_gui/include
-- Up-to-date: /root/crs_ws_fanuc/install/crs_gui/include/crs_gui
-- Up-to-date: /root/crs_ws_fanuc/install/crs_gui/include/crs_gui/widgets
-- Installing: /root/crs_ws_fanuc/install/crs_gui/include/crs_gui/widgets/polygon_area_selection_widget.h
-- Installing: /root/crs_ws_fanuc/install/crs_gui/include/crs_gui/widgets/part_selection_widget.h
-- Installing: /root/crs_ws_fanuc/install/crs_gui/include/crs_gui/widgets/crs_application_widget.h
-- Installing: /root/crs_ws_fanuc/install/crs_gui/include/crs_gui/widgets/state_machine_interface_widget.h
-- Installing: /root/crs_ws_fanuc/install/crs_gui/include/crs_gui/register_ros_msgs_for_qt.h
-- Installing: /root/crs_ws_fanuc/install/crs_gui/include/crs_gui/application_panel.h
-- Old export file "/root/crs_ws_fanuc/install/crs_gui/share/crs_gui/cmake/-targetsExport.cmake" will be replaced.  Removing files [/root/crs_ws_fanuc/install/crs_gui/share/crs_gui/cmake/-targetsExport-debug.cmake;/root/crs_ws_fanuc/install/crs_gui/share/crs_gui/cmake/-targetsExport-noconfig.cmake].
-- Installing: /root/crs_ws_fanuc/install/crs_gui/share/crs_gui/cmake/-targetsExport.cmake
-- Installing: /root/crs_ws_fanuc/install/crs_gui/share/crs_gui/cmake/-targetsExport-noconfig.cmake
