[0.088s] Invoking command in '/root/crs_ws_fanuc/build/opw_kinematics': CMAKE_PREFIX_PATH=/root/crs_ws_fanuc/install/crs_utils_py:/opt/ros/eloquent:${CMAKE_PREFIX_PATH} /usr/bin/cmake --build /root/crs_ws_fanuc/build/opw_kinematics -- -j8 -l8
[0.219s] [100%] Built target opw_kinematics_node
[0.263s] Invoked command in '/root/crs_ws_fanuc/build/opw_kinematics' returned '0': CMAKE_PREFIX_PATH=/root/crs_ws_fanuc/install/crs_utils_py:/opt/ros/eloquent:${CMAKE_PREFIX_PATH} /usr/bin/cmake --build /root/crs_ws_fanuc/build/opw_kinematics -- -j8 -l8
[0.341s] Invoking command in '/root/crs_ws_fanuc/build/opw_kinematics': CMAKE_PREFIX_PATH=/root/crs_ws_fanuc/install/crs_utils_py:/opt/ros/eloquent:${CMAKE_PREFIX_PATH} /usr/bin/cmake --build /root/crs_ws_fanuc/build/opw_kinematics --target install -- -j8 -l8
[0.490s] [100%] Built target opw_kinematics_node
[0.536s] [36mInstall the project...[0m
[0.556s] -- Install configuration: ""
[0.556s] -- Up-to-date: /root/crs_ws_fanuc/install/opw_kinematics/lib/cmake/opw_kinematics/opw_kinematics-targets.cmake
[0.556s] -- Up-to-date: /root/crs_ws_fanuc/install/opw_kinematics/include/opw_kinematics
[0.557s] -- Up-to-date: /root/crs_ws_fanuc/install/opw_kinematics/include/opw_kinematics/opw_io.h
[0.557s] -- Up-to-date: /root/crs_ws_fanuc/install/opw_kinematics/include/opw_kinematics/opw_kinematics.h
[0.557s] -- Up-to-date: /root/crs_ws_fanuc/install/opw_kinematics/include/opw_kinematics/opw_macros.h
[0.557s] -- Up-to-date: /root/crs_ws_fanuc/install/opw_kinematics/include/opw_kinematics/opw_parameters.h
[0.557s] -- Up-to-date: /root/crs_ws_fanuc/install/opw_kinematics/include/opw_kinematics/opw_parameters_examples.h
[0.558s] -- Up-to-date: /root/crs_ws_fanuc/install/opw_kinematics/include/opw_kinematics/opw_kinematics_impl.h
[0.558s] -- Up-to-date: /root/crs_ws_fanuc/install/opw_kinematics/include/opw_kinematics/opw_utilities.h
[0.558s] -- Up-to-date: /root/crs_ws_fanuc/install/opw_kinematics/share/opw_kinematics/package.xml
[0.558s] -- Up-to-date: /root/crs_ws_fanuc/install/opw_kinematics/lib/cmake/opw_kinematics/opw_kinematics-config.cmake
[0.558s] -- Up-to-date: /root/crs_ws_fanuc/install/opw_kinematics/lib/cmake/opw_kinematics/opw_kinematics-config-version.cmake
[0.563s] Invoked command in '/root/crs_ws_fanuc/build/opw_kinematics' returned '0': CMAKE_PREFIX_PATH=/root/crs_ws_fanuc/install/crs_utils_py:/opt/ros/eloquent:${CMAKE_PREFIX_PATH} /usr/bin/cmake --build /root/crs_ws_fanuc/build/opw_kinematics --target install -- -j8 -l8
