[0.147s] Invoking command in '/root/crs_ws_fanuc/build/crs_support': CMAKE_PREFIX_PATH=/root/crs_ws_fanuc/install/crs_utils_py:/opt/ros/eloquent:${CMAKE_PREFIX_PATH} /usr/bin/cmake /root/crs_ws_fanuc/src/collaborative-robotic-sanding/crs_support -DAMENT_CMAKE_SYMLINK_INSTALL=1 -DCMAKE_INSTALL_PREFIX=/root/crs_ws_fanuc/install/crs_support
[0.171s] -- Found ament_cmake: 0.8.3 (/opt/ros/eloquent/share/ament_cmake/cmake)
[0.223s] -- Using PYTHON_EXECUTABLE: /usr/bin/python3
[0.508s] -- Override CMake install command with custom implementation using symlinks instead of copying resources
[0.519s] -- Found ament_lint_auto: 0.8.2 (/opt/ros/eloquent/share/ament_lint_auto/cmake)
[0.646s] -- Added test 'copyright' to check for copyright in CMake / C / C++ / Python code
[0.658s] -- Added test 'flake8' to check Python code syntax and style conventions
[0.658s] -- Added test 'lint_cmake' to check CMake code style
[0.660s] -- Added test 'pep257' to check Python code against some of the style conventions in PEP 257
[0.666s] -- Added test 'xmllint' to check XML markup files
[0.669s] -- Configuring done
[0.672s] -- Generating done
[0.677s] -- Build files have been written to: /root/crs_ws_fanuc/build/crs_support
[0.733s] Invoked command in '/root/crs_ws_fanuc/build/crs_support' returned '0': CMAKE_PREFIX_PATH=/root/crs_ws_fanuc/install/crs_utils_py:/opt/ros/eloquent:${CMAKE_PREFIX_PATH} /usr/bin/cmake /root/crs_ws_fanuc/src/collaborative-robotic-sanding/crs_support -DAMENT_CMAKE_SYMLINK_INSTALL=1 -DCMAKE_INSTALL_PREFIX=/root/crs_ws_fanuc/install/crs_support
[0.737s] Invoking command in '/root/crs_ws_fanuc/build/crs_support': CMAKE_PREFIX_PATH=/root/crs_ws_fanuc/install/crs_utils_py:/opt/ros/eloquent:${CMAKE_PREFIX_PATH} /usr/bin/cmake --build /root/crs_ws_fanuc/build/crs_support -- -j8 -l8
[0.850s] Invoked command in '/root/crs_ws_fanuc/build/crs_support' returned '0': CMAKE_PREFIX_PATH=/root/crs_ws_fanuc/install/crs_utils_py:/opt/ros/eloquent:${CMAKE_PREFIX_PATH} /usr/bin/cmake --build /root/crs_ws_fanuc/build/crs_support -- -j8 -l8
[0.959s] Invoking command in '/root/crs_ws_fanuc/build/crs_support': CMAKE_PREFIX_PATH=/root/crs_ws_fanuc/install/crs_utils_py:/opt/ros/eloquent:${CMAKE_PREFIX_PATH} /usr/bin/cmake --build /root/crs_ws_fanuc/build/crs_support --target install -- -j8 -l8
[1.119s] [36mInstall the project...[0m
[1.139s] -- Install configuration: "Debug"
[1.140s] -- Execute custom install script
[1.141s] -- Up-to-date symlink: /root/crs_ws_fanuc/install/crs_support/share/crs_support//launch/environment_launch.launch.py
[1.141s] -- Up-to-date symlink: /root/crs_ws_fanuc/install/crs_support/share/crs_support//launch/environment_launch_swri.launch.py
[1.141s] -- Up-to-date symlink: /root/crs_ws_fanuc/install/crs_support/share/crs_support//launch/gazebo_swri_demo.launch.py
[1.141s] -- Up-to-date symlink: /root/crs_ws_fanuc/install/crs_support/share/crs_support//launch/gazebo_test.launch.py
[1.142s] -- Up-to-date symlink: /root/crs_ws_fanuc/install/crs_support/share/crs_support//launch/spawn_cart.launch.py
[1.142s] -- Up-to-date symlink: /root/crs_ws_fanuc/install/crs_support/share/crs_support//launch/spawn_part.launch.py
[1.143s] -- Up-to-date symlink: /root/crs_ws_fanuc/install/crs_support/share/crs_support//meshes/Mockup/collision/Mockup3_6_Cart_collision.stl
[1.144s] -- Up-to-date symlink: /root/crs_ws_fanuc/install/crs_support/share/crs_support//meshes/Mockup/collision/empty_cart_collision.stl
[1.144s] -- Up-to-date symlink: /root/crs_ws_fanuc/install/crs_support/share/crs_support//meshes/Mockup/collision/mockup_cart_collision_v3.stl
[1.145s] -- Up-to-date symlink: /root/crs_ws_fanuc/install/crs_support/share/crs_support//meshes/Mockup/visual/Mockup3_6_Frame_noTools_small.stl
[1.145s] -- Up-to-date symlink: /root/crs_ws_fanuc/install/crs_support/share/crs_support//meshes/Mockup/visual/empty_cart.stl
[1.145s] -- Up-to-date symlink: /root/crs_ws_fanuc/install/crs_support/share/crs_support//meshes/Mockup/visual/mock_up_frame.ply
[1.145s] -- Up-to-date symlink: /root/crs_ws_fanuc/install/crs_support/share/crs_support//meshes/Mockup/visual/mock_up_frame.stl
[1.146s] -- Up-to-date symlink: /root/crs_ws_fanuc/install/crs_support/share/crs_support//meshes/Mockup/visual/mockup_cart_v3.stl
[1.146s] -- Up-to-date symlink: /root/crs_ws_fanuc/install/crs_support/share/crs_support//meshes/Mockup/visual/mockup_cart_v4.stl
[1.148s] -- Up-to-date symlink: /root/crs_ws_fanuc/install/crs_support/share/crs_support//meshes/Mockup/visual/mockup_frame_v3.stl
[1.149s] -- Up-to-date symlink: /root/crs_ws_fanuc/install/crs_support/share/crs_support//meshes/Parts/collision/part1_ch.stl
[1.149s] -- Up-to-date symlink: /root/crs_ws_fanuc/install/crs_support/share/crs_support//meshes/Parts/visual/part1_ch.stl
[1.149s] -- Up-to-date symlink: /root/crs_ws_fanuc/install/crs_support/share/crs_support//meshes/Parts/visual/part_from_mockup.stl
[1.149s] -- Up-to-date symlink: /root/crs_ws_fanuc/install/crs_support/share/crs_support//meshes/Swri_demo/mold_transformed.stl
[1.149s] -- Up-to-date symlink: /root/crs_ws_fanuc/install/crs_support/share/crs_support//meshes/end_effector/collision/sander_collision.stl
[1.150s] -- Up-to-date symlink: /root/crs_ws_fanuc/install/crs_support/share/crs_support//meshes/end_effector/collision/tool_collision.stl
[1.150s] -- Up-to-date symlink: /root/crs_ws_fanuc/install/crs_support/share/crs_support//meshes/end_effector/visual/ee1.stl
[1.150s] -- Up-to-date symlink: /root/crs_ws_fanuc/install/crs_support/share/crs_support//meshes/end_effector/visual/ee2.stl
[1.150s] -- Up-to-date symlink: /root/crs_ws_fanuc/install/crs_support/share/crs_support//meshes/end_effector/visual/ee3.stl
[1.151s] -- Up-to-date symlink: /root/crs_ws_fanuc/install/crs_support/share/crs_support//meshes/end_effector/visual/sander.stl
[1.151s] -- Up-to-date symlink: /root/crs_ws_fanuc/install/crs_support/share/crs_support//meshes/end_effector/visual/tool.stl
[1.152s] -- Up-to-date symlink: /root/crs_ws_fanuc/install/crs_support/share/crs_support//meshes/ur10e/collision/base.stl
[1.154s] -- Up-to-date symlink: /root/crs_ws_fanuc/install/crs_support/share/crs_support//meshes/ur10e/collision/forearm.stl
[1.154s] -- Up-to-date symlink: /root/crs_ws_fanuc/install/crs_support/share/crs_support//meshes/ur10e/collision/forearm_multibody.dae
[1.154s] -- Up-to-date symlink: /root/crs_ws_fanuc/install/crs_support/share/crs_support//meshes/ur10e/collision/shoulder.stl
[1.154s] -- Up-to-date symlink: /root/crs_ws_fanuc/install/crs_support/share/crs_support//meshes/ur10e/collision/upper_arm_multibody.dae
[1.155s] -- Up-to-date symlink: /root/crs_ws_fanuc/install/crs_support/share/crs_support//meshes/ur10e/collision/upperarm.stl
[1.155s] -- Up-to-date symlink: /root/crs_ws_fanuc/install/crs_support/share/crs_support//meshes/ur10e/collision/wrist1.stl
[1.155s] -- Up-to-date symlink: /root/crs_ws_fanuc/install/crs_support/share/crs_support//meshes/ur10e/collision/wrist2.stl
[1.155s] -- Up-to-date symlink: /root/crs_ws_fanuc/install/crs_support/share/crs_support//meshes/ur10e/collision/wrist3.stl
[1.155s] -- Up-to-date symlink: /root/crs_ws_fanuc/install/crs_support/share/crs_support//meshes/ur10e/visual/base.dae
[1.156s] -- Up-to-date symlink: /root/crs_ws_fanuc/install/crs_support/share/crs_support//meshes/ur10e/visual/forearm.dae
[1.157s] -- Up-to-date symlink: /root/crs_ws_fanuc/install/crs_support/share/crs_support//meshes/ur10e/visual/shoulder.dae
[1.157s] -- Up-to-date symlink: /root/crs_ws_fanuc/install/crs_support/share/crs_support//meshes/ur10e/visual/upperarm.dae
[1.157s] -- Up-to-date symlink: /root/crs_ws_fanuc/install/crs_support/share/crs_support//meshes/ur10e/visual/wrist1.dae
[1.157s] -- Up-to-date symlink: /root/crs_ws_fanuc/install/crs_support/share/crs_support//meshes/ur10e/visual/wrist2.dae
[1.157s] -- Up-to-date symlink: /root/crs_ws_fanuc/install/crs_support/share/crs_support//meshes/ur10e/visual/wrist3.dae
[1.158s] -- Up-to-date symlink: /root/crs_ws_fanuc/install/crs_support/share/crs_support//urdf/crs.urdf.xacro
[1.158s] -- Up-to-date symlink: /root/crs_ws_fanuc/install/crs_support/share/crs_support//urdf/swri_demo.urdf.xacro
[1.158s] -- Up-to-date symlink: /root/crs_ws_fanuc/install/crs_support/share/crs_support//urdf/swri_demo_sander.urdf.xacro
[1.158s] -- Up-to-date symlink: /root/crs_ws_fanuc/install/crs_support/share/crs_support//urdf/ur10e_robot.srdf
[1.158s] -- Up-to-date symlink: /root/crs_ws_fanuc/install/crs_support/share/crs_support//sdf/cart.sdf
[1.158s] -- Up-to-date symlink: /root/crs_ws_fanuc/install/crs_support/share/crs_support//sdf/part1.sdf
[1.158s] -- Up-to-date symlink: /root/crs_ws_fanuc/install/crs_support/share/crs_support//worlds/crs.world
[1.159s] -- Up-to-date symlink: /root/crs_ws_fanuc/install/crs_support/share/crs_support//toolpaths/scanned_part1/job_45degrees.yaml
[1.159s] -- Up-to-date symlink: /root/crs_ws_fanuc/install/crs_support/share/crs_support//toolpaths/scanned_part1/job_90degrees.yaml
[1.159s] -- Up-to-date symlink: /root/crs_ws_fanuc/install/crs_support/share/crs_support//toolpaths/scanned_part1/job_long_strips.yaml
[1.159s] -- Up-to-date symlink: /root/crs_ws_fanuc/install/crs_support/share/ament_index/resource_index/package_run_dependencies/crs_support
[1.159s] -- Up-to-date symlink: /root/crs_ws_fanuc/install/crs_support/share/ament_index/resource_index/parent_prefix_path/crs_support
[1.159s] -- Up-to-date symlink: /root/crs_ws_fanuc/install/crs_support/share/crs_support/environment/ament_prefix_path.sh
[1.160s] -- Up-to-date symlink: /root/crs_ws_fanuc/install/crs_support/share/crs_support/environment/ament_prefix_path.dsv
[1.160s] -- Up-to-date symlink: /root/crs_ws_fanuc/install/crs_support/share/crs_support/environment/path.sh
[1.160s] -- Up-to-date symlink: /root/crs_ws_fanuc/install/crs_support/share/crs_support/environment/path.dsv
[1.160s] -- Up-to-date symlink: /root/crs_ws_fanuc/install/crs_support/share/crs_support/local_setup.bash
[1.160s] -- Up-to-date symlink: /root/crs_ws_fanuc/install/crs_support/share/crs_support/local_setup.sh
[1.160s] -- Up-to-date symlink: /root/crs_ws_fanuc/install/crs_support/share/crs_support/local_setup.zsh
[1.160s] -- Up-to-date symlink: /root/crs_ws_fanuc/install/crs_support/share/crs_support/local_setup.dsv
[1.160s] -- Symlinking: /root/crs_ws_fanuc/install/crs_support/share/crs_support/package.dsv
[1.184s] -- Up-to-date symlink: /root/crs_ws_fanuc/install/crs_support/share/ament_index/resource_index/packages/crs_support
[1.185s] -- Up-to-date symlink: /root/crs_ws_fanuc/install/crs_support/share/crs_support/cmake/crs_supportConfig.cmake
[1.185s] -- Up-to-date symlink: /root/crs_ws_fanuc/install/crs_support/share/crs_support/cmake/crs_supportConfig-version.cmake
[1.185s] -- Up-to-date symlink: /root/crs_ws_fanuc/install/crs_support/share/crs_support/package.xml
[1.192s] Invoked command in '/root/crs_ws_fanuc/build/crs_support' returned '0': CMAKE_PREFIX_PATH=/root/crs_ws_fanuc/install/crs_utils_py:/opt/ros/eloquent:${CMAKE_PREFIX_PATH} /usr/bin/cmake --build /root/crs_ws_fanuc/build/crs_support --target install -- -j8 -l8
