Determining if the pthread_create exist failed with the following output:
Change Dir: /root/crs_ws_fanuc/build/fanuc_r2000ic_support/CMakeFiles/CMakeTmp

Run Build Command:"/usr/bin/make" "cmTC_5d275/fast"
/usr/bin/make -f CMakeFiles/cmTC_5d275.dir/build.make CMakeFiles/cmTC_5d275.dir/build
make[1]: Entering directory '/root/crs_ws_fanuc/build/fanuc_r2000ic_support/CMakeFiles/CMakeTmp'
Building C object CMakeFiles/cmTC_5d275.dir/CheckSymbolExists.c.o
/usr/bin/cc    -o CMakeFiles/cmTC_5d275.dir/CheckSymbolExists.c.o   -c /root/crs_ws_fanuc/build/fanuc_r2000ic_support/CMakeFiles/CMakeTmp/CheckSymbolExists.c
Linking C executable cmTC_5d275
/usr/bin/cmake -E cmake_link_script CMakeFiles/cmTC_5d275.dir/link.txt --verbose=1
/usr/bin/cc      -rdynamic CMakeFiles/cmTC_5d275.dir/CheckSymbolExists.c.o  -o cmTC_5d275 
CMakeFiles/cmTC_5d275.dir/CheckSymbolExists.c.o: In function `main':
CheckSymbolExists.c:(.text+0x1b): undefined reference to `pthread_create'
collect2: error: ld returned 1 exit status
CMakeFiles/cmTC_5d275.dir/build.make:97: recipe for target 'cmTC_5d275' failed
make[1]: *** [cmTC_5d275] Error 1
make[1]: Leaving directory '/root/crs_ws_fanuc/build/fanuc_r2000ic_support/CMakeFiles/CMakeTmp'
Makefile:126: recipe for target 'cmTC_5d275/fast' failed
make: *** [cmTC_5d275/fast] Error 2

File /root/crs_ws_fanuc/build/fanuc_r2000ic_support/CMakeFiles/CMakeTmp/CheckSymbolExists.c:
/* */
#include <pthread.h>

int main(int argc, char** argv)
{
  (void)argv;
#ifndef pthread_create
  return ((int*)(&pthread_create))[argc];
#else
  (void)argc;
  return 0;
#endif
}

Determining if the function pthread_create exists in the pthreads failed with the following output:
Change Dir: /root/crs_ws_fanuc/build/fanuc_r2000ic_support/CMakeFiles/CMakeTmp

Run Build Command:"/usr/bin/make" "cmTC_68dac/fast"
/usr/bin/make -f CMakeFiles/cmTC_68dac.dir/build.make CMakeFiles/cmTC_68dac.dir/build
make[1]: Entering directory '/root/crs_ws_fanuc/build/fanuc_r2000ic_support/CMakeFiles/CMakeTmp'
Building C object CMakeFiles/cmTC_68dac.dir/CheckFunctionExists.c.o
/usr/bin/cc   -DCHECK_FUNCTION_EXISTS=pthread_create   -o CMakeFiles/cmTC_68dac.dir/CheckFunctionExists.c.o   -c /usr/share/cmake-3.10/Modules/CheckFunctionExists.c
Linking C executable cmTC_68dac
/usr/bin/cmake -E cmake_link_script CMakeFiles/cmTC_68dac.dir/link.txt --verbose=1
/usr/bin/cc  -DCHECK_FUNCTION_EXISTS=pthread_create    -rdynamic CMakeFiles/cmTC_68dac.dir/CheckFunctionExists.c.o  -o cmTC_68dac -lpthreads 
/usr/bin/ld: cannot find -lpthreads
collect2: error: ld returned 1 exit status
CMakeFiles/cmTC_68dac.dir/build.make:97: recipe for target 'cmTC_68dac' failed
make[1]: *** [cmTC_68dac] Error 1
make[1]: Leaving directory '/root/crs_ws_fanuc/build/fanuc_r2000ic_support/CMakeFiles/CMakeTmp'
Makefile:126: recipe for target 'cmTC_68dac/fast' failed
make: *** [cmTC_68dac/fast] Error 2


