-- The CXX compiler identification is GNU 7.5.0
-- Check for working CXX compiler: /usr/bin/c++
-- Check for working CXX compiler: /usr/bin/c++ -- works
-- Detecting CXX compiler ABI info
-- Detecting CXX compiler ABI info - done
-- Detecting CXX compile features
-- Detecting CXX compile features - done
-- Found OpenMP_CXX: -fopenmp (found version "4.5") 
-- Found OpenMP: TRUE (found version "4.5")  
-- Looking for sgemm_
-- Looking for sgemm_ - found
-- Looking for C++ include pthread.h
-- Looking for C++ include pthread.h - found
-- Looking for pthread_create
-- Looking for pthread_create - not found
-- Looking for pthread_create in pthreads
-- Looking for pthread_create in pthreads - not found
-- Looking for pthread_create in pthread
-- Looking for pthread_create in pthread - found
-- Found Threads: TRUE  
-- A library with BLAS API found.
-- Looking for cheev_
-- Looking for cheev_ - found
-- A library with LAPACK API found.
-- Configuring done
-- Generating done
-- Build files have been written to: /root/crs_ws_fanuc/build/descartes_ikfast
[36mInstall the project...[0m
-- Install configuration: ""
-- Installing: /root/crs_ws_fanuc/install/descartes_ikfast/lib/cmake/descartes_ikfast/descartes_ikfast-targets.cmake
-- Up-to-date: /root/crs_ws_fanuc/install/descartes_ikfast/share/descartes_ikfast/package.xml
-- Installing: /root/crs_ws_fanuc/install/descartes_ikfast/lib/cmake/descartes_ikfast/descartes_ikfast-config.cmake
-- Installing: /root/crs_ws_fanuc/install/descartes_ikfast/lib/cmake/descartes_ikfast/descartes_ikfast-config-version.cmake
-- Up-to-date: /root/crs_ws_fanuc/install/descartes_ikfast/include/descartes_ikfast
-- Up-to-date: /root/crs_ws_fanuc/install/descartes_ikfast/include/descartes_ikfast/impl
-- Up-to-date: /root/crs_ws_fanuc/install/descartes_ikfast/include/descartes_ikfast/impl/ikfast_kinematics.hpp
-- Up-to-date: /root/crs_ws_fanuc/install/descartes_ikfast/include/descartes_ikfast/ikfast_kinematics.h
-- Up-to-date: /root/crs_ws_fanuc/install/descartes_ikfast/include/descartes_ikfast/external
-- Up-to-date: /root/crs_ws_fanuc/install/descartes_ikfast/include/descartes_ikfast/external/ikfast.h
