-- Configuring done
-- Generating done
-- Build files have been written to: /root/crs_ws_fanuc/build/opw_kinematics
[ 50%] Building CXX object CMakeFiles/opw_kinematics_node.dir/src/test.cpp.o
[100%] Linking CXX executable node
[100%] Built target opw_kinematics_node
[100%] Built target opw_kinematics_node
Install the project...
-- Install configuration: "Debug"
-- Up-to-date: /root/crs_ws_fanuc/install/opw_kinematics/lib/cmake/opw_kinematics/opw_kinematics-targets.cmake
-- Up-to-date: /root/crs_ws_fanuc/install/opw_kinematics/include/opw_kinematics
-- Up-to-date: /root/crs_ws_fanuc/install/opw_kinematics/include/opw_kinematics/opw_io.h
-- Up-to-date: /root/crs_ws_fanuc/install/opw_kinematics/include/opw_kinematics/opw_kinematics.h
-- Up-to-date: /root/crs_ws_fanuc/install/opw_kinematics/include/opw_kinematics/opw_macros.h
-- Up-to-date: /root/crs_ws_fanuc/install/opw_kinematics/include/opw_kinematics/opw_parameters.h
-- Up-to-date: /root/crs_ws_fanuc/install/opw_kinematics/include/opw_kinematics/opw_parameters_examples.h
-- Up-to-date: /root/crs_ws_fanuc/install/opw_kinematics/include/opw_kinematics/opw_kinematics_impl.h
-- Up-to-date: /root/crs_ws_fanuc/install/opw_kinematics/include/opw_kinematics/opw_utilities.h
-- Up-to-date: /root/crs_ws_fanuc/install/opw_kinematics/share/opw_kinematics/package.xml
-- Up-to-date: /root/crs_ws_fanuc/install/opw_kinematics/lib/cmake/opw_kinematics/opw_kinematics-config.cmake
-- Up-to-date: /root/crs_ws_fanuc/install/opw_kinematics/lib/cmake/opw_kinematics/opw_kinematics-config-version.cmake
