Determining if the pthread_create exist failed with the following output:
Change Dir: /root/crs_ws_fanuc/build/crs_perception/CMakeFiles/CMakeTmp

Run Build Command:"/usr/bin/make" "cmTC_dc101/fast"
/usr/bin/make -f CMakeFiles/cmTC_dc101.dir/build.make CMakeFiles/cmTC_dc101.dir/build
make[1]: Entering directory '/root/crs_ws_fanuc/build/crs_perception/CMakeFiles/CMakeTmp'
Building C object CMakeFiles/cmTC_dc101.dir/CheckSymbolExists.c.o
/usr/bin/cc    -o CMakeFiles/cmTC_dc101.dir/CheckSymbolExists.c.o   -c /root/crs_ws_fanuc/build/crs_perception/CMakeFiles/CMakeTmp/CheckSymbolExists.c
Linking C executable cmTC_dc101
/usr/bin/cmake -E cmake_link_script CMakeFiles/cmTC_dc101.dir/link.txt --verbose=1
/usr/bin/cc      CMakeFiles/cmTC_dc101.dir/CheckSymbolExists.c.o  -o cmTC_dc101 
CMakeFiles/cmTC_dc101.dir/CheckSymbolExists.c.o: In function `main':
CheckSymbolExists.c:(.text+0x1b): undefined reference to `pthread_create'
collect2: error: ld returned 1 exit status
CMakeFiles/cmTC_dc101.dir/build.make:97: recipe for target 'cmTC_dc101' failed
make[1]: *** [cmTC_dc101] Error 1
make[1]: Leaving directory '/root/crs_ws_fanuc/build/crs_perception/CMakeFiles/CMakeTmp'
Makefile:126: recipe for target 'cmTC_dc101/fast' failed
make: *** [cmTC_dc101/fast] Error 2

File /root/crs_ws_fanuc/build/crs_perception/CMakeFiles/CMakeTmp/CheckSymbolExists.c:
/* */
#include <pthread.h>

int main(int argc, char** argv)
{
  (void)argv;
#ifndef pthread_create
  return ((int*)(&pthread_create))[argc];
#else
  (void)argc;
  return 0;
#endif
}

Determining if the function pthread_create exists in the pthreads failed with the following output:
Change Dir: /root/crs_ws_fanuc/build/crs_perception/CMakeFiles/CMakeTmp

Run Build Command:"/usr/bin/make" "cmTC_a448c/fast"
/usr/bin/make -f CMakeFiles/cmTC_a448c.dir/build.make CMakeFiles/cmTC_a448c.dir/build
make[1]: Entering directory '/root/crs_ws_fanuc/build/crs_perception/CMakeFiles/CMakeTmp'
Building C object CMakeFiles/cmTC_a448c.dir/CheckFunctionExists.c.o
/usr/bin/cc   -DCHECK_FUNCTION_EXISTS=pthread_create   -o CMakeFiles/cmTC_a448c.dir/CheckFunctionExists.c.o   -c /usr/share/cmake-3.10/Modules/CheckFunctionExists.c
Linking C executable cmTC_a448c
/usr/bin/cmake -E cmake_link_script CMakeFiles/cmTC_a448c.dir/link.txt --verbose=1
/usr/bin/cc  -DCHECK_FUNCTION_EXISTS=pthread_create    CMakeFiles/cmTC_a448c.dir/CheckFunctionExists.c.o  -o cmTC_a448c -lpthreads 
/usr/bin/ld: cannot find -lpthreads
collect2: error: ld returned 1 exit status
CMakeFiles/cmTC_a448c.dir/build.make:97: recipe for target 'cmTC_a448c' failed
make[1]: *** [cmTC_a448c] Error 1
make[1]: Leaving directory '/root/crs_ws_fanuc/build/crs_perception/CMakeFiles/CMakeTmp'
Makefile:126: recipe for target 'cmTC_a448c/fast' failed
make: *** [cmTC_a448c/fast] Error 2


