-- Boost version: 1.65.1
-- Found the following Boost libraries:
--   system
--   filesystem
--   thread
--   date_time
--   iostreams
--   serialization
--   chrono
--   atomic
--   regex
-- Could NOT find ensenso (missing: ENSENSO_LIBRARY ENSENSO_INCLUDE_DIR) 
-- Could NOT find DAVIDSDK (missing: DAVIDSDK_LIBRARY DAVIDSDK_INCLUDE_DIR) 
-- Could NOT find DSSDK (missing: _DSSDK_LIBRARIES) 
-- The imported target "vtkRenderingPythonTkWidgets" references the file
   "/usr/lib/x86_64-linux-gnu/libvtkRenderingPythonTkWidgets.so"
but this file does not exist.  Possible reasons include:
* The file was deleted, renamed, or moved to another location.
* An install or uninstall procedure did not complete successfully.
* The installation package was faulty and contained
   "/usr/lib/cmake/vtk-6.3/VTKTargets.cmake"
but not all the files it references.

-- The imported target "vtk" references the file
   "/usr/bin/vtk"
but this file does not exist.  Possible reasons include:
* The file was deleted, renamed, or moved to another location.
* An install or uninstall procedure did not complete successfully.
* The installation package was faulty and contained
   "/usr/lib/cmake/vtk-6.3/VTKTargets.cmake"
but not all the files it references.

-- looking for PCL_COMMON
-- looking for PCL_OCTREE
-- looking for PCL_IO
-- Found rclcpp: 0.8.5 (/opt/ros/eloquent/share/rclcpp/cmake)
-- Using PYTHON_EXECUTABLE: /usr/bin/python3
-- Override CMake install command with custom implementation using symlinks instead of copying resources
-- Found rosidl_adapter: 0.8.3 (/opt/ros/eloquent/share/rosidl_adapter/cmake)
-- Found rmw_implementation_cmake: 0.8.1 (/opt/ros/eloquent/share/rmw_implementation_cmake/cmake)
-- Using RMW implementation 'rmw_fastrtps_cpp' as default
-- Found rclcpp_components: 0.8.5 (/opt/ros/eloquent/share/rclcpp_components/cmake)
-- Found poco_vendor:  (/opt/ros/eloquent/share/poco_vendor/cmake)
-- Found region_detection_msgs: 0.0.0 (/root/crs_ws_fanuc/install/region_detection_msgs/share/region_detection_msgs/cmake)
-- Found interactive_markers: 2.0.1 (/opt/ros/eloquent/share/interactive_markers/cmake)
-- Found pcl_conversions: 2.1.0 (/opt/ros/eloquent/share/pcl_conversions/cmake)
-- Found cv_bridge: 2.1.4 (/opt/ros/eloquent/share/cv_bridge/cmake)
-- Found tf2_eigen: 0.12.6 (/opt/ros/eloquent/share/tf2_eigen/cmake)
-- Found ament_lint_auto: 0.8.2 (/opt/ros/eloquent/share/ament_lint_auto/cmake)
-- Added test 'copyright' to check for copyright in CMake / C / C++ / Python code
-- Added test 'cppcheck' to perform static code analysis on C / C++ code
-- Configured cppcheck include dirs: $<BUILD_INTERFACE:/root/crs_ws_fanuc/src/region_detection/region_detection_rclcpp/include>
-- Added test 'cpplint' to check C / C++ code against the Google style
-- Added test 'lint_cmake' to check CMake code style
-- Added test 'uncrustify' to check C / C++ code style
-- Added test 'xmllint' to check XML markup files
-- Configuring done
-- Generating done
-- Build files have been written to: /root/crs_ws_fanuc/build/region_detection_rclcpp
Scanning dependencies of target interactive_region_selection
[ 16%] Building CXX object CMakeFiles/interactive_region_selection.dir/src/interactive_region_selection.cpp.o
[ 33%] Linking CXX executable interactive_region_selection
[ 33%] Built target interactive_region_selection
Scanning dependencies of target region_detector_server
[ 50%] Building CXX object CMakeFiles/region_detector_server.dir/src/region_detector_server.cpp.o
[ 66%] Linking CXX executable region_detector_server
[ 66%] Built target region_detector_server
Scanning dependencies of target crop_data_server
[ 83%] Building CXX object CMakeFiles/crop_data_server.dir/src/crop_data_server.cpp.o
[100%] Linking CXX executable crop_data_server
[100%] Built target crop_data_server
[ 33%] Built target crop_data_server
[ 66%] Built target interactive_region_selection
[100%] Built target region_detector_server
Install the project...
-- Install configuration: "Debug"
-- Execute custom install script
-- Up-to-date symlink: /root/crs_ws_fanuc/install/region_detection_rclcpp/lib/region_detection_rclcpp/interactive_region_selection
-- Up-to-date symlink: /root/crs_ws_fanuc/install/region_detection_rclcpp/lib/region_detection_rclcpp/region_detector_server
-- Up-to-date symlink: /root/crs_ws_fanuc/install/region_detection_rclcpp/lib/region_detection_rclcpp/crop_data_server
-- Up-to-date symlink: /root/crs_ws_fanuc/install/region_detection_rclcpp/share/ament_index/resource_index/package_run_dependencies/region_detection_rclcpp
-- Up-to-date symlink: /root/crs_ws_fanuc/install/region_detection_rclcpp/share/ament_index/resource_index/parent_prefix_path/region_detection_rclcpp
-- Up-to-date symlink: /root/crs_ws_fanuc/install/region_detection_rclcpp/share/region_detection_rclcpp/environment/ament_prefix_path.sh
-- Up-to-date symlink: /root/crs_ws_fanuc/install/region_detection_rclcpp/share/region_detection_rclcpp/environment/ament_prefix_path.dsv
-- Up-to-date symlink: /root/crs_ws_fanuc/install/region_detection_rclcpp/share/region_detection_rclcpp/environment/path.sh
-- Up-to-date symlink: /root/crs_ws_fanuc/install/region_detection_rclcpp/share/region_detection_rclcpp/environment/path.dsv
-- Up-to-date symlink: /root/crs_ws_fanuc/install/region_detection_rclcpp/share/region_detection_rclcpp/local_setup.bash
-- Up-to-date symlink: /root/crs_ws_fanuc/install/region_detection_rclcpp/share/region_detection_rclcpp/local_setup.sh
-- Up-to-date symlink: /root/crs_ws_fanuc/install/region_detection_rclcpp/share/region_detection_rclcpp/local_setup.zsh
-- Up-to-date symlink: /root/crs_ws_fanuc/install/region_detection_rclcpp/share/region_detection_rclcpp/local_setup.dsv
-- Symlinking: /root/crs_ws_fanuc/install/region_detection_rclcpp/share/region_detection_rclcpp/package.dsv
-- Up-to-date symlink: /root/crs_ws_fanuc/install/region_detection_rclcpp/share/ament_index/resource_index/packages/region_detection_rclcpp
-- Up-to-date symlink: /root/crs_ws_fanuc/install/region_detection_rclcpp/share/region_detection_rclcpp/cmake/region_detection_rclcppConfig.cmake
-- Up-to-date symlink: /root/crs_ws_fanuc/install/region_detection_rclcpp/share/region_detection_rclcpp/cmake/region_detection_rclcppConfig-version.cmake
-- Up-to-date symlink: /root/crs_ws_fanuc/install/region_detection_rclcpp/share/region_detection_rclcpp/package.xml
