[0.021s] Invoking command in '/root/crs_ws_fanuc/build/octomap_msgs': CMAKE_PREFIX_PATH=${CMAKE_PREFIX_PATH}:/opt/ros/eloquent /usr/bin/cmake --build /root/crs_ws_fanuc/build/octomap_msgs -- -j8 -l8
[0.293s] [  1%] Built target octomap_msgs__cpp
[0.298s] [ 13%] Built target octomap_msgs__rosidl_generator_c
[0.401s] [ 24%] Built target octomap_msgs__rosidl_typesupport_introspection_c
[0.418s] [ 35%] Built target octomap_msgs__rosidl_typesupport_fastrtps_cpp
[0.432s] [ 47%] Built target octomap_msgs__rosidl_typesupport_introspection_cpp
[0.531s] [ 58%] Built target octomap_msgs__rosidl_typesupport_cpp
[0.547s] [ 69%] Built target octomap_msgs__rosidl_typesupport_fastrtps_c
[0.672s] [ 81%] Built target octomap_msgs__rosidl_typesupport_c
[0.771s] [ 81%] Built target octomap_msgs
[0.893s] [ 83%] Built target octomap_msgs__py
[1.050s] [ 92%] Built target octomap_msgs__python
[1.131s] [ 96%] Built target octomap_msgs__rosidl_typesupport_fastrtps_c__pyext
[1.148s] [100%] Built target octomap_msgs__rosidl_typesupport_c__pyext
[1.206s] Invoked command in '/root/crs_ws_fanuc/build/octomap_msgs' returned '0': CMAKE_PREFIX_PATH=${CMAKE_PREFIX_PATH}:/opt/ros/eloquent /usr/bin/cmake --build /root/crs_ws_fanuc/build/octomap_msgs -- -j8 -l8
[1.892s] Invoking command in '/root/crs_ws_fanuc/build/octomap_msgs': CMAKE_PREFIX_PATH=${CMAKE_PREFIX_PATH}:/opt/ros/eloquent /usr/bin/cmake --build /root/crs_ws_fanuc/build/octomap_msgs --target install -- -j8 -l8
[2.020s] [  1%] Built target octomap_msgs__cpp
[2.060s] [ 13%] Built target octomap_msgs__rosidl_generator_c
[2.111s] [ 24%] Built target octomap_msgs__rosidl_typesupport_fastrtps_cpp
[2.124s] [ 35%] Built target octomap_msgs__rosidl_typesupport_introspection_cpp
[2.165s] [ 47%] Built target octomap_msgs__rosidl_typesupport_introspection_c
[2.197s] [ 58%] Built target octomap_msgs__rosidl_typesupport_cpp
[2.206s] [ 69%] Built target octomap_msgs__rosidl_typesupport_fastrtps_c
[2.261s] [ 81%] Built target octomap_msgs__rosidl_typesupport_c
[2.310s] [ 81%] Built target octomap_msgs
[2.350s] [ 83%] Built target octomap_msgs__py
[2.412s] [ 92%] Built target octomap_msgs__python
[2.466s] [ 96%] Built target octomap_msgs__rosidl_typesupport_fastrtps_c__pyext
[2.468s] [100%] Built target octomap_msgs__rosidl_typesupport_c__pyext
[2.512s] [36mInstall the project...[0m
[2.530s] -- Install configuration: "Debug"
[2.531s] -- Execute custom install script
[2.532s] -- Up-to-date symlink: /root/crs_ws_fanuc/install/octomap_msgs/share/ament_index/resource_index/rosidl_interfaces/octomap_msgs
[2.532s] -- Up-to-date symlink: /root/crs_ws_fanuc/install/octomap_msgs/lib/liboctomap_msgs__rosidl_typesupport_c.so
[2.533s] -- Up-to-date symlink: /root/crs_ws_fanuc/install/octomap_msgs/share/octomap_msgs/environment/library_path.sh
[2.533s] -- Up-to-date symlink: /root/crs_ws_fanuc/install/octomap_msgs/share/octomap_msgs/environment/library_path.dsv
[2.534s] -- Up-to-date symlink: /root/crs_ws_fanuc/install/octomap_msgs/lib/liboctomap_msgs__rosidl_typesupport_cpp.so
[2.536s] -- Up-to-date symlink: /root/crs_ws_fanuc/install/octomap_msgs/include/octomap_msgs/msg/octomap__rosidl_typesupport_fastrtps_c.h
[2.536s] -- Up-to-date symlink: /root/crs_ws_fanuc/install/octomap_msgs/include/octomap_msgs/msg/octomap_with_pose__rosidl_typesupport_fastrtps_c.h
[2.536s] -- Up-to-date symlink: /root/crs_ws_fanuc/install/octomap_msgs/include/octomap_msgs/msg/rosidl_typesupport_fastrtps_c__visibility_control.h
[2.537s] -- Up-to-date symlink: /root/crs_ws_fanuc/install/octomap_msgs/include/octomap_msgs/srv/bounding_box_query__rosidl_typesupport_fastrtps_c.h
[2.537s] -- Up-to-date symlink: /root/crs_ws_fanuc/install/octomap_msgs/include/octomap_msgs/srv/get_octomap__rosidl_typesupport_fastrtps_c.h
[2.538s] -- Up-to-date symlink: /root/crs_ws_fanuc/install/octomap_msgs/lib/liboctomap_msgs__rosidl_typesupport_fastrtps_c.so
[2.539s] -- Up-to-date symlink: /root/crs_ws_fanuc/install/octomap_msgs/include/octomap_msgs/msg/octomap.h
[2.539s] -- Up-to-date symlink: /root/crs_ws_fanuc/install/octomap_msgs/include/octomap_msgs/msg/octomap__functions.h
[2.540s] -- Up-to-date symlink: /root/crs_ws_fanuc/install/octomap_msgs/include/octomap_msgs/msg/octomap__struct.h
[2.540s] -- Up-to-date symlink: /root/crs_ws_fanuc/install/octomap_msgs/include/octomap_msgs/msg/octomap__type_support.h
[2.540s] -- Up-to-date symlink: /root/crs_ws_fanuc/install/octomap_msgs/include/octomap_msgs/msg/octomap_with_pose.h
[2.541s] -- Up-to-date symlink: /root/crs_ws_fanuc/install/octomap_msgs/include/octomap_msgs/msg/octomap_with_pose__functions.h
[2.541s] -- Up-to-date symlink: /root/crs_ws_fanuc/install/octomap_msgs/include/octomap_msgs/msg/octomap_with_pose__struct.h
[2.542s] -- Up-to-date symlink: /root/crs_ws_fanuc/install/octomap_msgs/include/octomap_msgs/msg/octomap_with_pose__type_support.h
[2.543s] -- Up-to-date symlink: /root/crs_ws_fanuc/install/octomap_msgs/include/octomap_msgs/msg/rosidl_generator_c__visibility_control.h
[2.543s] -- Up-to-date symlink: /root/crs_ws_fanuc/install/octomap_msgs/include/octomap_msgs/srv/bounding_box_query.h
[2.543s] -- Up-to-date symlink: /root/crs_ws_fanuc/install/octomap_msgs/include/octomap_msgs/srv/bounding_box_query__functions.h
[2.543s] -- Up-to-date symlink: /root/crs_ws_fanuc/install/octomap_msgs/include/octomap_msgs/srv/bounding_box_query__struct.h
[2.543s] -- Up-to-date symlink: /root/crs_ws_fanuc/install/octomap_msgs/include/octomap_msgs/srv/bounding_box_query__type_support.h
[2.544s] -- Up-to-date symlink: /root/crs_ws_fanuc/install/octomap_msgs/include/octomap_msgs/srv/get_octomap.h
[2.544s] -- Up-to-date symlink: /root/crs_ws_fanuc/install/octomap_msgs/include/octomap_msgs/srv/get_octomap__functions.h
[2.544s] -- Up-to-date symlink: /root/crs_ws_fanuc/install/octomap_msgs/include/octomap_msgs/srv/get_octomap__struct.h
[2.544s] -- Up-to-date symlink: /root/crs_ws_fanuc/install/octomap_msgs/include/octomap_msgs/srv/get_octomap__type_support.h
[2.545s] -- Up-to-date symlink: /root/crs_ws_fanuc/install/octomap_msgs/lib/liboctomap_msgs__rosidl_generator_c.so
[2.546s] -- Up-to-date symlink: /root/crs_ws_fanuc/install/octomap_msgs/include/octomap_msgs/msg/octomap__rosidl_typesupport_fastrtps_cpp.hpp
[2.547s] -- Up-to-date symlink: /root/crs_ws_fanuc/install/octomap_msgs/include/octomap_msgs/msg/octomap_with_pose__rosidl_typesupport_fastrtps_cpp.hpp
[2.547s] -- Up-to-date symlink: /root/crs_ws_fanuc/install/octomap_msgs/include/octomap_msgs/msg/rosidl_typesupport_fastrtps_cpp__visibility_control.h
[2.547s] -- Up-to-date symlink: /root/crs_ws_fanuc/install/octomap_msgs/include/octomap_msgs/srv/bounding_box_query__rosidl_typesupport_fastrtps_cpp.hpp
[2.548s] -- Up-to-date symlink: /root/crs_ws_fanuc/install/octomap_msgs/include/octomap_msgs/srv/get_octomap__rosidl_typesupport_fastrtps_cpp.hpp
[2.548s] -- Up-to-date symlink: /root/crs_ws_fanuc/install/octomap_msgs/lib/liboctomap_msgs__rosidl_typesupport_fastrtps_cpp.so
[2.549s] -- Up-to-date symlink: /root/crs_ws_fanuc/install/octomap_msgs/include/octomap_msgs/msg/octomap.hpp
[2.550s] -- Up-to-date symlink: /root/crs_ws_fanuc/install/octomap_msgs/include/octomap_msgs/msg/octomap__struct.hpp
[2.550s] -- Up-to-date symlink: /root/crs_ws_fanuc/install/octomap_msgs/include/octomap_msgs/msg/octomap__traits.hpp
[2.550s] -- Up-to-date symlink: /root/crs_ws_fanuc/install/octomap_msgs/include/octomap_msgs/msg/octomap_with_pose.hpp
[2.551s] -- Up-to-date symlink: /root/crs_ws_fanuc/install/octomap_msgs/include/octomap_msgs/msg/octomap_with_pose__struct.hpp
[2.554s] -- Up-to-date symlink: /root/crs_ws_fanuc/install/octomap_msgs/include/octomap_msgs/msg/octomap_with_pose__traits.hpp
[2.554s] -- Up-to-date symlink: /root/crs_ws_fanuc/install/octomap_msgs/include/octomap_msgs/srv/bounding_box_query.hpp
[2.554s] -- Up-to-date symlink: /root/crs_ws_fanuc/install/octomap_msgs/include/octomap_msgs/srv/bounding_box_query__struct.hpp
[2.555s] -- Up-to-date symlink: /root/crs_ws_fanuc/install/octomap_msgs/include/octomap_msgs/srv/bounding_box_query__traits.hpp
[2.555s] -- Up-to-date symlink: /root/crs_ws_fanuc/install/octomap_msgs/include/octomap_msgs/srv/get_octomap.hpp
[2.555s] -- Up-to-date symlink: /root/crs_ws_fanuc/install/octomap_msgs/include/octomap_msgs/srv/get_octomap__struct.hpp
[2.556s] -- Up-to-date symlink: /root/crs_ws_fanuc/install/octomap_msgs/include/octomap_msgs/srv/get_octomap__traits.hpp
[2.557s] -- Up-to-date symlink: /root/crs_ws_fanuc/install/octomap_msgs/include/octomap_msgs/msg/octomap__rosidl_typesupport_introspection_c.h
[2.557s] -- Up-to-date symlink: /root/crs_ws_fanuc/install/octomap_msgs/include/octomap_msgs/msg/octomap_with_pose__rosidl_typesupport_introspection_c.h
[2.557s] -- Up-to-date symlink: /root/crs_ws_fanuc/install/octomap_msgs/include/octomap_msgs/msg/rosidl_typesupport_introspection_c__visibility_control.h
[2.558s] -- Up-to-date symlink: /root/crs_ws_fanuc/install/octomap_msgs/include/octomap_msgs/srv/bounding_box_query__rosidl_typesupport_introspection_c.h
[2.558s] -- Up-to-date symlink: /root/crs_ws_fanuc/install/octomap_msgs/include/octomap_msgs/srv/get_octomap__rosidl_typesupport_introspection_c.h
[2.559s] -- Up-to-date symlink: /root/crs_ws_fanuc/install/octomap_msgs/lib/liboctomap_msgs__rosidl_typesupport_introspection_c.so
[2.560s] -- Up-to-date symlink: /root/crs_ws_fanuc/install/octomap_msgs/include/octomap_msgs/msg/octomap__rosidl_typesupport_introspection_cpp.hpp
[2.561s] -- Up-to-date symlink: /root/crs_ws_fanuc/install/octomap_msgs/include/octomap_msgs/msg/octomap_with_pose__rosidl_typesupport_introspection_cpp.hpp
[2.561s] -- Up-to-date symlink: /root/crs_ws_fanuc/install/octomap_msgs/include/octomap_msgs/srv/bounding_box_query__rosidl_typesupport_introspection_cpp.hpp
[2.562s] -- Up-to-date symlink: /root/crs_ws_fanuc/install/octomap_msgs/include/octomap_msgs/srv/get_octomap__rosidl_typesupport_introspection_cpp.hpp
[2.562s] -- Up-to-date symlink: /root/crs_ws_fanuc/install/octomap_msgs/lib/liboctomap_msgs__rosidl_typesupport_introspection_cpp.so
[2.562s] -- Up-to-date symlink: /root/crs_ws_fanuc/install/octomap_msgs/share/octomap_msgs/environment/pythonpath.sh
[2.562s] -- Up-to-date symlink: /root/crs_ws_fanuc/install/octomap_msgs/share/octomap_msgs/environment/pythonpath.dsv
[2.563s] -- Up-to-date symlink: /root/crs_ws_fanuc/install/octomap_msgs/lib/python3.6/site-packages/octomap_msgs/__init__.py
[2.566s] -- Up-to-date symlink: /root/crs_ws_fanuc/install/octomap_msgs/lib/python3.6/site-packages/octomap_msgs/msg/__init__.py
[2.566s] -- Up-to-date symlink: /root/crs_ws_fanuc/install/octomap_msgs/lib/python3.6/site-packages/octomap_msgs/msg/_octomap.py
[2.567s] -- Up-to-date symlink: /root/crs_ws_fanuc/install/octomap_msgs/lib/python3.6/site-packages/octomap_msgs/msg/_octomap_with_pose.py
[2.567s] -- Up-to-date symlink: /root/crs_ws_fanuc/install/octomap_msgs/lib/python3.6/site-packages/octomap_msgs/srv/__init__.py
[2.567s] -- Up-to-date symlink: /root/crs_ws_fanuc/install/octomap_msgs/lib/python3.6/site-packages/octomap_msgs/srv/_bounding_box_query.py
[2.568s] -- Up-to-date symlink: /root/crs_ws_fanuc/install/octomap_msgs/lib/python3.6/site-packages/octomap_msgs/srv/_get_octomap.py
[2.568s] -- Up-to-date symlink: /root/crs_ws_fanuc/install/octomap_msgs/lib/python3.6/site-packages/octomap_msgs/octomap_msgs_s__rosidl_typesupport_c.cpython-36m-x86_64-linux-gnu.so
[2.568s] -- Up-to-date symlink: /root/crs_ws_fanuc/install/octomap_msgs/lib/python3.6/site-packages/octomap_msgs/octomap_msgs_s__rosidl_typesupport_fastrtps_c.cpython-36m-x86_64-linux-gnu.so
[2.568s] -- Up-to-date symlink: /root/crs_ws_fanuc/install/octomap_msgs/lib/liboctomap_msgs__python.so
[2.570s] -- Up-to-date symlink: /root/crs_ws_fanuc/install/octomap_msgs/share/octomap_msgs/msg/Octomap.idl
[2.570s] -- Up-to-date symlink: /root/crs_ws_fanuc/install/octomap_msgs/share/octomap_msgs/msg/OctomapWithPose.idl
[2.572s] -- Up-to-date symlink: /root/crs_ws_fanuc/install/octomap_msgs/share/octomap_msgs/srv/BoundingBoxQuery.idl
[2.572s] -- Up-to-date symlink: /root/crs_ws_fanuc/install/octomap_msgs/share/octomap_msgs/srv/GetOctomap.idl
[2.573s] -- Up-to-date symlink: /root/crs_ws_fanuc/install/octomap_msgs/share/octomap_msgs/msg/Octomap.msg
[2.581s] -- Up-to-date symlink: /root/crs_ws_fanuc/install/octomap_msgs/share/octomap_msgs/msg/OctomapWithPose.msg
[2.581s] -- Up-to-date symlink: /root/crs_ws_fanuc/install/octomap_msgs/share/octomap_msgs/srv/BoundingBoxQuery.srv
[2.581s] -- Up-to-date symlink: /root/crs_ws_fanuc/install/octomap_msgs/share/octomap_msgs/srv/BoundingBoxQuery_Request.msg
[2.581s] -- Up-to-date symlink: /root/crs_ws_fanuc/install/octomap_msgs/share/octomap_msgs/srv/BoundingBoxQuery_Response.msg
[2.582s] -- Up-to-date symlink: /root/crs_ws_fanuc/install/octomap_msgs/share/octomap_msgs/srv/GetOctomap.srv
[2.582s] -- Up-to-date symlink: /root/crs_ws_fanuc/install/octomap_msgs/share/octomap_msgs/srv/GetOctomap_Request.msg
[2.583s] -- Up-to-date symlink: /root/crs_ws_fanuc/install/octomap_msgs/share/octomap_msgs/srv/GetOctomap_Response.msg
[2.584s] -- Up-to-date symlink: /root/crs_ws_fanuc/install/octomap_msgs/share/ament_index/resource_index/package_run_dependencies/octomap_msgs
[2.584s] -- Up-to-date symlink: /root/crs_ws_fanuc/install/octomap_msgs/share/ament_index/resource_index/parent_prefix_path/octomap_msgs
[2.587s] -- Up-to-date symlink: /root/crs_ws_fanuc/install/octomap_msgs/share/octomap_msgs/environment/ament_prefix_path.sh
[2.588s] -- Up-to-date symlink: /root/crs_ws_fanuc/install/octomap_msgs/share/octomap_msgs/environment/ament_prefix_path.dsv
[2.588s] -- Up-to-date symlink: /root/crs_ws_fanuc/install/octomap_msgs/share/octomap_msgs/environment/path.sh
[2.589s] -- Up-to-date symlink: /root/crs_ws_fanuc/install/octomap_msgs/share/octomap_msgs/environment/path.dsv
[2.589s] -- Up-to-date symlink: /root/crs_ws_fanuc/install/octomap_msgs/share/octomap_msgs/local_setup.bash
[2.589s] -- Up-to-date symlink: /root/crs_ws_fanuc/install/octomap_msgs/share/octomap_msgs/local_setup.sh
[2.590s] -- Up-to-date symlink: /root/crs_ws_fanuc/install/octomap_msgs/share/octomap_msgs/local_setup.zsh
[2.590s] -- Up-to-date symlink: /root/crs_ws_fanuc/install/octomap_msgs/share/octomap_msgs/local_setup.dsv
[2.591s] -- Symlinking: /root/crs_ws_fanuc/install/octomap_msgs/share/octomap_msgs/package.dsv
[2.601s] -- Up-to-date symlink: /root/crs_ws_fanuc/install/octomap_msgs/share/ament_index/resource_index/packages/octomap_msgs
[2.602s] -- Up-to-date symlink: /root/crs_ws_fanuc/install/octomap_msgs/share/octomap_msgs/cmake/rosidl_cmake-extras.cmake
[2.602s] -- Up-to-date symlink: /root/crs_ws_fanuc/install/octomap_msgs/share/octomap_msgs/cmake/ament_cmake_export_dependencies-extras.cmake
[2.603s] -- Up-to-date symlink: /root/crs_ws_fanuc/install/octomap_msgs/share/octomap_msgs/cmake/ament_cmake_export_libraries-extras.cmake
[2.604s] -- Up-to-date symlink: /root/crs_ws_fanuc/install/octomap_msgs/share/octomap_msgs/cmake/ament_cmake_export_include_directories-extras.cmake
[2.605s] -- Up-to-date symlink: /root/crs_ws_fanuc/install/octomap_msgs/share/octomap_msgs/cmake/octomap_msgsConfig.cmake
[2.605s] -- Up-to-date symlink: /root/crs_ws_fanuc/install/octomap_msgs/share/octomap_msgs/cmake/octomap_msgsConfig-version.cmake
[2.605s] -- Up-to-date symlink: /root/crs_ws_fanuc/install/octomap_msgs/share/octomap_msgs/package.xml
[2.665s] -- Up-to-date: /root/crs_ws_fanuc/install/octomap_msgs/include
[2.665s] -- Up-to-date: /root/crs_ws_fanuc/install/octomap_msgs/include/octomap_msgs
[2.665s] -- Up-to-date: /root/crs_ws_fanuc/install/octomap_msgs/include/octomap_msgs/conversions.h
[2.675s] Invoked command in '/root/crs_ws_fanuc/build/octomap_msgs' returned '0': CMAKE_PREFIX_PATH=${CMAKE_PREFIX_PATH}:/opt/ros/eloquent /usr/bin/cmake --build /root/crs_ws_fanuc/build/octomap_msgs --target install -- -j8 -l8
