[0.101s] Invoking command in '/root/crs_ws_fanuc/build/trajopt_ifopt': CMAKE_PREFIX_PATH=/root/crs_ws_fanuc/install/trajopt:/root/crs_ws_fanuc/install/trajopt_sco:/root/crs_ws_fanuc/install/trajopt_utils:/root/crs_ws_fanuc/install/osqp:/root/crs_ws_fanuc/install/ifopt:/root/crs_ws_fanuc/install/crs_utils_py:/opt/ros/eloquent:/opt/ros/melodic:/root/crs_ws_fanuc/install/trajopt_tools:/root/crs_ws_fanuc/install/vhacd:/root/crs_ws_fanuc/install/crs_gui:/root/crs_ws_fanuc/install/crs_application:/root/crs_ws_fanuc/install/crs_motion_planning:/root/crs_ws_fanuc/install/ur_ikfast_kinematics:/root/crs_ws_fanuc/install/crs_robot_comms:/root/crs_ws_fanuc/install/ur_dashboard_msgs:/root/crs_ws_fanuc/install/trajopt_sqp:/root/crs_ws_fanuc/install/trajopt_ifopt:/root/crs_ws_fanuc/install/tesseract_monitoring:/root/crs_ws_fanuc/install/tesseract_rosutils:/root/crs_ws_fanuc/install/tesseract_process_planners:/root/crs_ws_fanuc/install/tesseract_motion_planners:/root/crs_ws_fanuc/install/tesseract_visualization:/root/crs_ws_fanuc/install/tesseract:/root/crs_ws_fanuc/install/tesseract_urdf:/root/crs_ws_fanuc/install/tesseract_plugins:/root/crs_ws_fanuc/install/tesseract_environment:/root/crs_ws_fanuc/install/tesseract_collision:/root/crs_ws_fanuc/install/tesseract_support:/root/crs_ws_fanuc/install/tesseract_kinematics:/root/crs_ws_fanuc/install/tesseract_scene_graph:/root/crs_ws_fanuc/install/tesseract_msgs:/root/crs_ws_fanuc/install/tesseract_geometry:/root/crs_ws_fanuc/install/tesseract_common:/root/crs_ws_fanuc/install/rclcpp_scxml_demos:/root/crs_ws_fanuc/install/scxml_core:/root/crs_ws_fanuc/install/region_detection_rclcpp:/root/crs_ws_fanuc/install/region_detection_msgs:/root/crs_ws_fanuc/install/region_detection_core:/root/crs_ws_fanuc/install/osqp_eigen:/root/crs_ws_fanuc/install/descartes_opw:/root/crs_ws_fanuc/install/opw_kinematics:/root/crs_ws_fanuc/install/octomap_msgs:/root/crs_ws_fanuc/install/fcl:/root/crs_ws_fanuc/install/libccd:/root/crs_ws_fanuc/install/iterative_spline_parameterization:/root/crs_ws_fanuc/install/gtest:/root/crs_ws_fanuc/install/descartes_samplers:/root/crs_ws_fanuc/install/descartes_ikfast:/root/crs_ws_fanuc/install/descartes_light:/root/crs_ws_fanuc/install/crs_toolpath_gen:/root/crs_ws_fanuc/install/crs_support:/root/crs_ws_fanuc/install/crs_process_data:/root/crs_ws_fanuc/install/crs_perception:/root/crs_ws_fanuc/install/crs_area_selection:/root/crs_ws_fanuc/install/crs_msgs:/root/crs_ws_fanuc/install/crs_gazebo_plugins:/root/crs_ws_fanuc/install/cartesian_trajectory_msgs:/root/crs_ws_fanuc/install/bullet3:/opt/qt513/lib/cmake LD_LIBRARY_PATH=/root/crs_ws_fanuc/install/trajopt/lib:/root/crs_ws_fanuc/install/trajopt_sco/lib:/root/crs_ws_fanuc/install/trajopt_utils/lib:/root/crs_ws_fanuc/install/osqp/lib:/root/crs_ws_fanuc/install/ifopt/lib:/opt/ros/melodic/lib:/root/crs_ws_fanuc/install/vhacd/lib:/root/crs_ws_fanuc/install/crs_gui/lib:/root/crs_ws_fanuc/install/crs_application/lib:/root/crs_ws_fanuc/install/crs_motion_planning/lib:/root/crs_ws_fanuc/install/ur_ikfast_kinematics/lib:/root/crs_ws_fanuc/install/ur_dashboard_msgs/lib:/root/crs_ws_fanuc/install/trajopt_sqp/lib:/root/crs_ws_fanuc/install/trajopt_ifopt/lib:/root/crs_ws_fanuc/install/tesseract_monitoring/lib:/root/crs_ws_fanuc/install/tesseract_process_planners/lib:/root/crs_ws_fanuc/install/tesseract_motion_planners/lib:/root/crs_ws_fanuc/install/tesseract/lib:/root/crs_ws_fanuc/install/tesseract_urdf/lib:/root/crs_ws_fanuc/install/tesseract_plugins/lib:/root/crs_ws_fanuc/install/tesseract_environment/lib:/root/crs_ws_fanuc/install/tesseract_collision/lib:/root/crs_ws_fanuc/install/tesseract_kinematics/lib:/root/crs_ws_fanuc/install/tesseract_scene_graph/lib:/root/crs_ws_fanuc/install/tesseract_msgs/lib:/root/crs_ws_fanuc/install/scxml_core/lib:/root/crs_ws_fanuc/install/region_detection_msgs/lib:/root/crs_ws_fanuc/install/region_detection_core/lib:/root/crs_ws_fanuc/install/osqp_eigen/lib:/root/crs_ws_fanuc/install/descartes_opw/lib:/root/crs_ws_fanuc/install/octomap_msgs/lib:/root/crs_ws_fanuc/install/fcl/lib:/root/crs_ws_fanuc/install/libccd/lib:/root/crs_ws_fanuc/install/gtest/lib:/root/crs_ws_fanuc/install/descartes_samplers/lib:/root/crs_ws_fanuc/install/descartes_light/lib:/root/crs_ws_fanuc/install/crs_perception/lib:/root/crs_ws_fanuc/install/crs_area_selection/lib:/root/crs_ws_fanuc/install/crs_msgs/lib:/root/crs_ws_fanuc/install/crs_gazebo_plugins/lib:/root/crs_ws_fanuc/install/cartesian_trajectory_msgs/lib:/root/crs_ws_fanuc/install/bullet3/lib:/opt/qt513/plugins:/opt/qt513/lib:/usr/lib/x86_64-linux-gnu/gazebo-9/plugins:/opt/ros/eloquent/opt/yaml_cpp_vendor/lib:/opt/ros/eloquent/opt/rviz_ogre_vendor/lib:/opt/ros/eloquent/lib/x86_64-linux-gnu:/opt/ros/eloquent/lib PATH=/root/crs_ws_fanuc/install/trajopt_sco/bin:/opt/ros/melodic/bin:/root/crs_ws_fanuc/install/trajopt_tools/bin:/root/crs_ws_fanuc/install/tesseract_urdf/bin:/root/crs_ws_fanuc/install/tesseract_collision/bin:/root/crs_ws_fanuc/install/tesseract_scene_graph/bin:/root/crs_ws_fanuc/install/tesseract_geometry/bin:/root/crs_ws_fanuc/install/swig/bin:/root/crs_ws_fanuc/install/region_detection_core/bin:/opt/ros/eloquent/bin:/usr/local/sbin:/usr/local/bin:/usr/sbin:/usr/bin:/sbin:/bin PKG_CONFIG_PATH=/root/crs_ws_fanuc/install/trajopt/lib/x86_64-linux-gnu/pkgconfig:/root/crs_ws_fanuc/install/trajopt/lib/pkgconfig:/root/crs_ws_fanuc/install/trajopt_sco/lib/x86_64-linux-gnu/pkgconfig:/root/crs_ws_fanuc/install/trajopt_sco/lib/pkgconfig:/root/crs_ws_fanuc/install/trajopt_utils/lib/x86_64-linux-gnu/pkgconfig:/root/crs_ws_fanuc/install/trajopt_utils/lib/pkgconfig:/root/crs_ws_fanuc/install/osqp/lib/x86_64-linux-gnu/pkgconfig:/root/crs_ws_fanuc/install/osqp/lib/pkgconfig:/root/crs_ws_fanuc/install/ifopt/lib/x86_64-linux-gnu/pkgconfig:/root/crs_ws_fanuc/install/ifopt/lib/pkgconfig:/opt/ros/melodic/lib/pkgconfig:/root/crs_ws_fanuc/install/trajopt_tools/lib/x86_64-linux-gnu/pkgconfig:/root/crs_ws_fanuc/install/trajopt_tools/lib/pkgconfig:/root/crs_ws_fanuc/install/vhacd/lib/x86_64-linux-gnu/pkgconfig:/root/crs_ws_fanuc/install/vhacd/lib/pkgconfig:/root/crs_ws_fanuc/install/ur_ikfast_kinematics/lib/x86_64-linux-gnu/pkgconfig:/root/crs_ws_fanuc/install/ur_ikfast_kinematics/lib/pkgconfig:/root/crs_ws_fanuc/install/trajopt_sqp/lib/x86_64-linux-gnu/pkgconfig:/root/crs_ws_fanuc/install/trajopt_sqp/lib/pkgconfig:/root/crs_ws_fanuc/install/trajopt_ifopt/lib/x86_64-linux-gnu/pkgconfig:/root/crs_ws_fanuc/install/trajopt_ifopt/lib/pkgconfig:/root/crs_ws_fanuc/install/tesseract_viewer_python/lib/x86_64-linux-gnu/pkgconfig:/root/crs_ws_fanuc/install/tesseract_viewer_python/lib/pkgconfig:/root/crs_ws_fanuc/install/tesseract_python/lib/x86_64-linux-gnu/pkgconfig:/root/crs_ws_fanuc/install/tesseract_python/lib/pkgconfig:/root/crs_ws_fanuc/install/tesseract_process_planners/lib/x86_64-linux-gnu/pkgconfig:/root/crs_ws_fanuc/install/tesseract_process_planners/lib/pkgconfig:/root/crs_ws_fanuc/install/tesseract_motion_planners/lib/x86_64-linux-gnu/pkgconfig:/root/crs_ws_fanuc/install/tesseract_motion_planners/lib/pkgconfig:/root/crs_ws_fanuc/install/tesseract_visualization/lib/x86_64-linux-gnu/pkgconfig:/root/crs_ws_fanuc/install/tesseract_visualization/lib/pkgconfig:/root/crs_ws_fanuc/install/tesseract/lib/x86_64-linux-gnu/pkgconfig:/root/crs_ws_fanuc/install/tesseract/lib/pkgconfig:/root/crs_ws_fanuc/install/tesseract_urdf/lib/x86_64-linux-gnu/pkgconfig:/root/crs_ws_fanuc/install/tesseract_urdf/lib/pkgconfig:/root/crs_ws_fanuc/install/tesseract_environment/lib/x86_64-linux-gnu/pkgconfig:/root/crs_ws_fanuc/install/tesseract_environment/lib/pkgconfig:/root/crs_ws_fanuc/install/tesseract_collision/lib/x86_64-linux-gnu/pkgconfig:/root/crs_ws_fanuc/install/tesseract_collision/lib/pkgconfig:/root/crs_ws_fanuc/install/tesseract_support/lib/x86_64-linux-gnu/pkgconfig:/root/crs_ws_fanuc/install/tesseract_support/lib/pkgconfig:/root/crs_ws_fanuc/install/tesseract_kinematics/lib/x86_64-linux-gnu/pkgconfig:/root/crs_ws_fanuc/install/tesseract_kinematics/lib/pkgconfig:/root/crs_ws_fanuc/install/tesseract_scene_graph/lib/x86_64-linux-gnu/pkgconfig:/root/crs_ws_fanuc/install/tesseract_scene_graph/lib/pkgconfig:/root/crs_ws_fanuc/install/tesseract_geometry/lib/x86_64-linux-gnu/pkgconfig:/root/crs_ws_fanuc/install/tesseract_geometry/lib/pkgconfig:/root/crs_ws_fanuc/install/tesseract_common/lib/x86_64-linux-gnu/pkgconfig:/root/crs_ws_fanuc/install/tesseract_common/lib/pkgconfig:/root/crs_ws_fanuc/install/swig/lib/x86_64-linux-gnu/pkgconfig:/root/crs_ws_fanuc/install/swig/lib/pkgconfig:/root/crs_ws_fanuc/install/scxml_core/lib/x86_64-linux-gnu/pkgconfig:/root/crs_ws_fanuc/install/scxml_core/lib/pkgconfig:/root/crs_ws_fanuc/install/region_detection_core/lib/x86_64-linux-gnu/pkgconfig:/root/crs_ws_fanuc/install/region_detection_core/lib/pkgconfig:/root/crs_ws_fanuc/install/osqp_eigen/lib/x86_64-linux-gnu/pkgconfig:/root/crs_ws_fanuc/install/osqp_eigen/lib/pkgconfig:/root/crs_ws_fanuc/install/orocos_kdl/lib/x86_64-linux-gnu/pkgconfig:/root/crs_ws_fanuc/install/orocos_kdl/lib/pkgconfig:/root/crs_ws_fanuc/install/descartes_opw/lib/x86_64-linux-gnu/pkgconfig:/root/crs_ws_fanuc/install/descartes_opw/lib/pkgconfig:/root/crs_ws_fanuc/install/opw_kinematics/lib/x86_64-linux-gnu/pkgconfig:/root/crs_ws_fanuc/install/opw_kinematics/lib/pkgconfig:/root/crs_ws_fanuc/install/fcl/lib/x86_64-linux-gnu/pkgconfig:/root/crs_ws_fanuc/install/fcl/lib/pkgconfig:/root/crs_ws_fanuc/install/libccd/lib/x86_64-linux-gnu/pkgconfig:/root/crs_ws_fanuc/install/libccd/lib/pkgconfig:/root/crs_ws_fanuc/install/iterative_spline_parameterization/lib/x86_64-linux-gnu/pkgconfig:/root/crs_ws_fanuc/install/iterative_spline_parameterization/lib/pkgconfig:/root/crs_ws_fanuc/install/gtest/lib/x86_64-linux-gnu/pkgconfig:/root/crs_ws_fanuc/install/gtest/lib/pkgconfig:/root/crs_ws_fanuc/install/descartes_samplers/lib/x86_64-linux-gnu/pkgconfig:/root/crs_ws_fanuc/install/descartes_samplers/lib/pkgconfig:/root/crs_ws_fanuc/install/descartes_ikfast/lib/x86_64-linux-gnu/pkgconfig:/root/crs_ws_fanuc/install/descartes_ikfast/lib/pkgconfig:/root/crs_ws_fanuc/install/descartes_light/lib/x86_64-linux-gnu/pkgconfig:/root/crs_ws_fanuc/install/descartes_light/lib/pkgconfig:/root/crs_ws_fanuc/install/eigen/lib/x86_64-linux-gnu/pkgconfig:/root/crs_ws_fanuc/install/eigen/lib/pkgconfig:/root/crs_ws_fanuc/install/bullet3/lib/x86_64-linux-gnu/pkgconfig:/root/crs_ws_fanuc/install/bullet3/lib/pkgconfig /usr/bin/cmake /root/crs_ws_fanuc/src/trajopt_ros/trajopt_ifopt -DCMAKE_INSTALL_PREFIX=/root/crs_ws_fanuc/install/trajopt_ifopt
[0.235s] -- The CXX compiler identification is GNU 7.5.0
[0.244s] -- Check for working CXX compiler: /usr/bin/c++
[0.473s] -- Check for working CXX compiler: /usr/bin/c++ -- works
[0.474s] -- Detecting CXX compiler ABI info
[0.686s] -- Detecting CXX compiler ABI info - done
[0.697s] -- Detecting CXX compile features
[1.643s] -- Detecting CXX compile features - done
[1.878s] -- Looking for C++ include pthread.h
[2.091s] -- Looking for C++ include pthread.h - found
[2.092s] -- Looking for pthread_create
[2.292s] -- Looking for pthread_create - not found
[2.292s] -- Looking for pthread_create in pthreads
[2.476s] -- Looking for pthread_create in pthreads - not found
[2.477s] -- Looking for pthread_create in pthread
[2.680s] -- Looking for pthread_create in pthread - found
[2.685s] -- Found Threads: TRUE  
[2.747s] -- Boost version: 1.65.1
[2.748s] -- Found the following Boost libraries:
[2.748s] --   system
[2.748s] --   python
[2.748s] --   thread
[2.748s] --   program_options
[2.749s] --   chrono
[2.749s] --   date_time
[2.749s] --   atomic
[2.826s] -- Found TinyXML2: /usr/lib/x86_64-linux-gnu/libtinyxml2.so  
[2.914s] -- Found Bullet: /root/crs_ws_fanuc/install/bullet3/lib/libBulletDynamics.so  
[3.010s] -- Checking for module 'eigen3'
[3.048s] --   Found eigen3, version 3.3.4
[3.196s] -- Found eigen: /usr/include/eigen3  
[3.477s] -- Boost version: 1.65.1
[3.477s] -- Found the following Boost libraries:
[3.477s] --   system
[3.478s] --   filesystem
[3.478s] --   thread
[3.478s] --   date_time
[3.478s] --   iostreams
[3.479s] --   serialization
[3.479s] --   chrono
[3.479s] --   atomic
[3.480s] --   regex
[3.482s] -- Checking for module 'libopenni'
[3.530s] --   Found libopenni, version 1.5.4.0
[3.683s] -- Found openni: /usr/lib/libOpenNI.so  
[3.684s] -- Checking for module 'libopenni2'
[3.754s] --   Found libopenni2, version 2.2.0.3
[3.902s] -- Found OpenNI2: /usr/lib/libOpenNI2.so  
[3.921s] -- Could NOT find ensenso (missing: ENSENSO_LIBRARY ENSENSO_INCLUDE_DIR) 
[3.922s] ** WARNING ** io features related to ensenso will be disabled
[3.933s] -- Could NOT find DAVIDSDK (missing: DAVIDSDK_LIBRARY DAVIDSDK_INCLUDE_DIR) 
[3.933s] ** WARNING ** io features related to davidSDK will be disabled
[3.936s] -- Could NOT find DSSDK (missing: _DSSDK_LIBRARIES) 
[3.936s] ** WARNING ** io features related to dssdk will be disabled
[3.936s] ** WARNING ** io features related to pcap will be disabled
[3.936s] ** WARNING ** io features related to png will be disabled
[4.054s] -- The imported target "vtkRenderingPythonTkWidgets" references the file
[4.054s]    "/usr/lib/x86_64-linux-gnu/libvtkRenderingPythonTkWidgets.so"
[4.054s] but this file does not exist.  Possible reasons include:
[4.055s] * The file was deleted, renamed, or moved to another location.
[4.055s] * An install or uninstall procedure did not complete successfully.
[4.055s] * The installation package was faulty and contained
[4.055s]    "/usr/lib/cmake/vtk-6.3/VTKTargets.cmake"
[4.055s] but not all the files it references.
[4.055s] 
[4.057s] -- The imported target "vtk" references the file
[4.057s]    "/usr/bin/vtk"
[4.057s] but this file does not exist.  Possible reasons include:
[4.057s] * The file was deleted, renamed, or moved to another location.
[4.057s] * An install or uninstall procedure did not complete successfully.
[4.058s] * The installation package was faulty and contained
[4.058s]    "/usr/lib/cmake/vtk-6.3/VTKTargets.cmake"
[4.058s] but not all the files it references.
[4.058s] 
[4.170s] -- Found libusb-1.0: /usr/include  
[4.170s] ** WARNING ** io features related to libusb-1.0 will be disabled
[4.171s] -- Checking for module 'flann'
[4.218s] --   Found flann, version 1.9.1
[4.364s] -- Found Flann: /usr/lib/x86_64-linux-gnu/libflann_cpp_s.a  
[4.442s] -- Could NOT find ensenso (missing: ENSENSO_LIBRARY ENSENSO_INCLUDE_DIR) 
[4.442s] ** WARNING ** visualization features related to ensenso will be disabled
[4.450s] -- Could NOT find DAVIDSDK (missing: DAVIDSDK_LIBRARY DAVIDSDK_INCLUDE_DIR) 
[4.451s] ** WARNING ** visualization features related to davidSDK will be disabled
[4.453s] -- Could NOT find DSSDK (missing: _DSSDK_LIBRARIES) 
[4.453s] ** WARNING ** visualization features related to dssdk will be disabled
[4.455s] -- Could NOT find RSSDK (missing: _RSSDK_LIBRARIES) 
[4.455s] ** WARNING ** visualization features related to rssdk will be disabled
[4.523s] -- Found qhull: /usr/lib/x86_64-linux-gnu/libqhull.so  
[4.569s] -- looking for PCL_COMMON
[4.571s] -- Found PCL_COMMON: /usr/lib/x86_64-linux-gnu/libpcl_common.so  
[4.572s] -- looking for PCL_OCTREE
[4.574s] -- Found PCL_OCTREE: /usr/lib/x86_64-linux-gnu/libpcl_octree.so  
[4.574s] -- looking for PCL_IO
[4.576s] -- Found PCL_IO: /usr/lib/x86_64-linux-gnu/libpcl_io.so  
[4.576s] -- looking for PCL_KDTREE
[4.578s] -- Found PCL_KDTREE: /usr/lib/x86_64-linux-gnu/libpcl_kdtree.so  
[4.579s] -- looking for PCL_SEARCH
[4.581s] -- Found PCL_SEARCH: /usr/lib/x86_64-linux-gnu/libpcl_search.so  
[4.581s] -- looking for PCL_SAMPLE_CONSENSUS
[4.583s] -- Found PCL_SAMPLE_CONSENSUS: /usr/lib/x86_64-linux-gnu/libpcl_sample_consensus.so  
[4.584s] -- looking for PCL_FILTERS
[4.586s] -- Found PCL_FILTERS: /usr/lib/x86_64-linux-gnu/libpcl_filters.so  
[4.586s] -- looking for PCL_2D
[4.587s] -- Found PCL_2D: /usr/include/pcl-1.8  
[4.587s] -- looking for PCL_GEOMETRY
[4.588s] -- Found PCL_GEOMETRY: /usr/include/pcl-1.8  
[4.589s] -- looking for PCL_FEATURES
[4.591s] -- Found PCL_FEATURES: /usr/lib/x86_64-linux-gnu/libpcl_features.so  
[4.592s] -- looking for PCL_ML
[4.594s] -- Found PCL_ML: /usr/lib/x86_64-linux-gnu/libpcl_ml.so  
[4.594s] -- looking for PCL_SEGMENTATION
[4.596s] -- Found PCL_SEGMENTATION: /usr/lib/x86_64-linux-gnu/libpcl_segmentation.so  
[4.597s] -- looking for PCL_VISUALIZATION
[4.599s] -- Found PCL_VISUALIZATION: /usr/lib/x86_64-linux-gnu/libpcl_visualization.so  
[4.600s] -- looking for PCL_SURFACE
[4.602s] -- Found PCL_SURFACE: /usr/lib/x86_64-linux-gnu/libpcl_surface.so  
[4.603s] -- looking for PCL_REGISTRATION
[4.605s] -- Found PCL_REGISTRATION: /usr/lib/x86_64-linux-gnu/libpcl_registration.so  
[4.606s] -- looking for PCL_KEYPOINTS
[4.608s] -- Found PCL_KEYPOINTS: /usr/lib/x86_64-linux-gnu/libpcl_keypoints.so  
[4.609s] -- looking for PCL_TRACKING
[4.611s] -- Found PCL_TRACKING: /usr/lib/x86_64-linux-gnu/libpcl_tracking.so  
[4.612s] -- looking for PCL_RECOGNITION
[4.614s] -- Found PCL_RECOGNITION: /usr/lib/x86_64-linux-gnu/libpcl_recognition.so  
[4.615s] -- looking for PCL_STEREO
[4.618s] -- Found PCL_STEREO: /usr/lib/x86_64-linux-gnu/libpcl_stereo.so  
[4.618s] -- looking for PCL_APPS
[4.620s] -- Found PCL_APPS: /usr/lib/x86_64-linux-gnu/libpcl_apps.so  
[4.623s] -- looking for PCL_IN_HAND_SCANNER
[4.624s] -- Found PCL_IN_HAND_SCANNER: /usr/include/pcl-1.8  
[4.624s] -- looking for PCL_MODELER
[4.625s] -- Found PCL_MODELER: /usr/include/pcl-1.8  
[4.626s] -- looking for PCL_POINT_CLOUD_EDITOR
[4.627s] -- Found PCL_POINT_CLOUD_EDITOR: /usr/include/pcl-1.8  
[4.627s] -- looking for PCL_OUTOFCORE
[4.630s] -- Found PCL_OUTOFCORE: /usr/lib/x86_64-linux-gnu/libpcl_outofcore.so  
[4.630s] -- looking for PCL_PEOPLE
[4.633s] -- Found PCL_PEOPLE: /usr/lib/x86_64-linux-gnu/libpcl_people.so  
[4.672s] -- Found PCL: /usr/lib/x86_64-linux-gnu/libboost_system.so;/usr/lib/x86_64-linux-gnu/libboost_filesystem.so;/usr/lib/x86_64-linux-gnu/libboost_thread.so;/usr/lib/x86_64-linux-gnu/libboost_date_time.so;/usr/lib/x86_64-linux-gnu/libboost_iostreams.so;/usr/lib/x86_64-linux-gnu/libboost_serialization.so;/usr/lib/x86_64-linux-gnu/libboost_chrono.so;/usr/lib/x86_64-linux-gnu/libboost_atomic.so;/usr/lib/x86_64-linux-gnu/libboost_regex.so;/usr/lib/x86_64-linux-gnu/libpthread.so;optimized;/usr/lib/x86_64-linux-gnu/libpcl_common.so;debug;/usr/lib/x86_64-linux-gnu/libpcl_common.so;optimized;/usr/lib/x86_64-linux-gnu/libpcl_octree.so;debug;/usr/lib/x86_64-linux-gnu/libpcl_octree.so;/usr/lib/libOpenNI.so;/usr/lib/libOpenNI2.so;vtkChartsCore;vtkCommonColor;vtkCommonDataModel;vtkCommonMath;vtkCommonCore;vtksys;vtkCommonMisc;vtkCommonSystem;vtkCommonTransforms;vtkInfovisCore;vtkFiltersExtraction;vtkCommonExecutionModel;vtkFiltersCore;vtkFiltersGeneral;vtkCommonComputationalGeometry;vtkFiltersStatistics;vtkImagingFourier;vtkImagingCore;vtkalglib;vtkRenderingContext2D;vtkRenderingCore;vtkFiltersGeometry;vtkFiltersSources;vtkRenderingFreeType;/usr/lib/x86_64-linux-gnu/libfreetype.so;/usr/lib/x86_64-linux-gnu/libz.so;vtkftgl;vtkDICOMParser;vtkDomainsChemistry;vtkIOXML;vtkIOGeometry;vtkIOCore;vtkIOXMLParser;/usr/lib/x86_64-linux-gnu/libexpat.so;vtkFiltersAMR;vtkParallelCore;vtkIOLegacy;vtkFiltersFlowPaths;vtkFiltersGeneric;vtkFiltersHybrid;vtkImagingSources;vtkFiltersHyperTree;vtkFiltersImaging;vtkImagingGeneral;vtkFiltersModeling;vtkFiltersParallel;vtkFiltersParallelFlowPaths;vtkParallelMPI;vtkFiltersParallelGeometry;vtkFiltersParallelImaging;vtkFiltersParallelMPI;vtkFiltersParallelStatistics;vtkFiltersProgrammable;vtkFiltersPython;/usr/lib/x86_64-linux-gnu/libpython2.7.so;vtkWrappingPythonCore;vtkWrappingTools;vtkFiltersReebGraph;vtkFiltersSMP;vtkFiltersSelection;vtkFiltersTexture;vtkFiltersVerdict;verdict;vtkGUISupportQt;vtkInteractionStyle;vtkRenderingOpenGL;vtkImagingHybrid;vtkIOImage;vtkmetaio;/usr/lib/x86_64-linux-gnu/libjpeg.so;/usr/lib/x86_64-linux-gnu/libpng.so;/usr/lib/x86_64-linux-gnu/libtiff.so;vtkGUISupportQtOpenGL;vtkGUISupportQtSQL;vtkIOSQL;sqlite3;vtkGUISupportQtWebkit;vtkViewsQt;vtkViewsInfovis;vtkInfovisLayout;vtkInfovisBoostGraphAlgorithms;vtkRenderingLabel;vtkViewsCore;vtkInteractionWidgets;vtkRenderingAnnotation;vtkImagingColor;vtkRenderingVolume;vtkGeovisCore;/usr/lib/x86_64-linux-gnu/libproj.so;vtkIOAMR;/usr/lib/x86_64-linux-gnu/hdf5/openmpi/libhdf5.so;/usr/lib/x86_64-linux-gnu/libsz.so;/usr/lib/x86_64-linux-gnu/libdl.so;/usr/lib/x86_64-linux-gnu/libm.so;/usr/lib/x86_64-linux-gnu/openmpi/lib/libmpi.so;vtkIOEnSight;vtkIOExodus;vtkexoIIc;/usr/lib/x86_64-linux-gnu/libnetcdf_c++.so;/usr/lib/x86_64-linux-gnu/libnetcdf.so;vtkIOExport;vtkRenderingGL2PS;vtkRenderingContextOpenGL;/usr/lib/x86_64-linux-gnu/libgl2ps.so;vtkIOFFMPEG;vtkIOMovie;/usr/lib/x86_64-linux-gnu/libtheoraenc.so;/usr/lib/x86_64-linux-gnu/libtheoradec.so;/usr/lib/x86_64-linux-gnu/libogg.so;vtkIOGDAL;vtkIOGeoJSON;vtkIOImport;vtkIOInfovis;/usr/lib/x86_64-linux-gnu/libxml2.so;vtkIOLSDyna;vtkIOMINC;vtkIOMPIImage;vtkIOMPIParallel;vtkIOParallel;vtkIONetCDF;/usr/lib/x86_64-linux-gnu/libjsoncpp.so;vtkIOMySQL;vtkIOODBC;vtkIOPLY;vtkIOParallelExodus;vtkIOParallelLSDyna;vtkIOParallelNetCDF;vtkIOParallelXML;vtkIOPostgreSQL;vtkIOVPIC;VPIC;vtkIOVideo;vtkIOXdmf2;vtkxdmf2;vtkImagingMath;vtkImagingMorphological;vtkImagingStatistics;vtkImagingStencil;vtkInteractionImage;vtkLocalExample;vtkParallelMPI4Py;vtkPythonInterpreter;vtkRenderingExternal;vtkRenderingFreeTypeFontConfig;vtkRenderingImage;vtkRenderingLIC;vtkRenderingLOD;vtkRenderingMatplotlib;vtkRenderingParallel;vtkRenderingParallelLIC;vtkRenderingQt;vtkRenderingVolumeAMR;vtkRenderingVolumeOpenGL;vtkTestingGenericBridge;vtkTestingIOSQL;vtkTestingRendering;vtkViewsContext2D;vtkViewsGeovis;vtkWrappingJava;optimized;/usr/lib/x86_64-linux-gnu/libpcl_io.so;debug;/usr/lib/x86_64-linux-gnu/libpcl_io.so;optimized;/usr/lib/x86_64-linux-gnu/libflann_cpp_s.a;debug;/usr/lib/x86_64-linux-gnu/libflann_cpp_s.a;optimized;/usr/lib/x86_64-linux-gnu/libpcl_kdtree.so;debug;/usr/lib/x86_64-linux-gnu/libpcl_kdtree.so;optimized;/usr/lib/x86_64-linux-gnu/libpcl_search.so;debug;/usr/lib/x86_64-linux-gnu/libpcl_search.so;optimized;/usr/lib/x86_64-linux-gnu/libpcl_sample_consensus.so;debug;/usr/lib/x86_64-linux-gnu/libpcl_sample_consensus.so;optimized;/usr/lib/x86_64-linux-gnu/libpcl_filters.so;debug;/usr/lib/x86_64-linux-gnu/libpcl_filters.so;optimized;/usr/lib/x86_64-linux-gnu/libpcl_features.so;debug;/usr/lib/x86_64-linux-gnu/libpcl_features.so;optimized;/usr/lib/x86_64-linux-gnu/libpcl_ml.so;debug;/usr/lib/x86_64-linux-gnu/libpcl_ml.so;optimized;/usr/lib/x86_64-linux-gnu/libpcl_segmentation.so;debug;/usr/lib/x86_64-linux-gnu/libpcl_segmentation.so;optimized;/usr/lib/x86_64-linux-gnu/libpcl_visualization.so;debug;/usr/lib/x86_64-linux-gnu/libpcl_visualization.so;optimized;/usr/lib/x86_64-linux-gnu/libqhull.so;debug;/usr/lib/x86_64-linux-gnu/libqhull.so;optimized;/usr/lib/x86_64-linux-gnu/libpcl_surface.so;debug;/usr/lib/x86_64-linux-gnu/libpcl_surface.so;optimized;/usr/lib/x86_64-linux-gnu/libpcl_registration.so;debug;/usr/lib/x86_64-linux-gnu/libpcl_registration.so;optimized;/usr/lib/x86_64-linux-gnu/libpcl_keypoints.so;debug;/usr/lib/x86_64-linux-gnu/libpcl_keypoints.so;optimized;/usr/lib/x86_64-linux-gnu/libpcl_tracking.so;debug;/usr/lib/x86_64-linux-gnu/libpcl_tracking.so;optimized;/usr/lib/x86_64-linux-gnu/libpcl_recognition.so;debug;/usr/lib/x86_64-linux-gnu/libpcl_recognition.so;optimized;/usr/lib/x86_64-linux-gnu/libpcl_stereo.so;debug;/usr/lib/x86_64-linux-gnu/libpcl_stereo.so;optimized;/usr/lib/x86_64-linux-gnu/libpcl_apps.so;debug;/usr/lib/x86_64-linux-gnu/libpcl_apps.so;optimized;/usr/lib/x86_64-linux-gnu/libpcl_outofcore.so;debug;/usr/lib/x86_64-linux-gnu/libpcl_outofcore.so;optimized;/usr/lib/x86_64-linux-gnu/libpcl_people.so;debug;/usr/lib/x86_64-linux-gnu/libpcl_people.so;/usr/lib/x86_64-linux-gnu/libboost_system.so;/usr/lib/x86_64-linux-gnu/libboost_filesystem.so;/usr/lib/x86_64-linux-gnu/libboost_thread.so;/usr/lib/x86_64-linux-gnu/libboost_date_time.so;/usr/lib/x86_64-linux-gnu/libboost_iostreams.so;/usr/lib/x86_64-linux-gnu/libboost_serialization.so;/usr/lib/x86_64-linux-gnu/libboost_chrono.so;/usr/lib/x86_64-linux-gnu/libboost_atomic.so;/usr/lib/x86_64-linux-gnu/libboost_regex.so;/usr/lib/x86_64-linux-gnu/libpthread.so;optimized;/usr/lib/x86_64-linux-gnu/libqhull.so;debug;/usr/lib/x86_64-linux-gnu/libqhull.so;/usr/lib/libOpenNI.so;/usr/lib/libOpenNI2.so;optimized;/usr/lib/x86_64-linux-gnu/libflann_cpp_s.a;debug;/usr/lib/x86_64-linux-gnu/libflann_cpp_s.a;vtkChartsCore;vtkCommonColor;vtkCommonDataModel;vtkCommonMath;vtkCommonCore;vtksys;vtkCommonMisc;vtkCommonSystem;vtkCommonTransforms;vtkInfovisCore;vtkFiltersExtraction;vtkCommonExecutionModel;vtkFiltersCore;vtkFiltersGeneral;vtkCommonComputationalGeometry;vtkFiltersStatistics;vtkImagingFourier;vtkImagingCore;vtkalglib;vtkRenderingContext2D;vtkRenderingCore;vtkFiltersGeometry;vtkFiltersSources;vtkRenderingFreeType;/usr/lib/x86_64-linux-gnu/libfreetype.so;/usr/lib/x86_64-linux-gnu/libz.so;vtkftgl;vtkDICOMParser;vtkDomainsChemistry;vtkIOXML;vtkIOGeometry;vtkIOCore;vtkIOXMLParser;/usr/lib/x86_64-linux-gnu/libexpat.so;vtkFiltersAMR;vtkParallelCore;vtkIOLegacy;vtkFiltersFlowPaths;vtkFiltersGeneric;vtkFiltersHybrid;vtkImagingSources;vtkFiltersHyperTree;vtkFiltersImaging;vtkImagingGeneral;vtkFiltersModeling;vtkFiltersParallel;vtkFiltersParallelFlowPaths;vtkParallelMPI;vtkFiltersParallelGeometry;vtkFiltersParallelImaging;vtkFiltersParallelMPI;vtkFiltersParallelStatistics;vtkFiltersProgrammable;vtkFiltersPython;/usr/lib/x86_64-linux-gnu/libpython2.7.so;vtkWrappingPythonCore;vtkWrappingTools;vtkFiltersReebGraph;vtkFiltersSMP;vtkFiltersSelection;vtkFiltersTexture;vtkFiltersVerdict;verdict;vtkGUISupportQt;vtkInteractionStyle;vtkRenderingOpenGL;vtkImagingHybrid;vtkIOImage;vtkmetaio;/usr/lib/x86_64-linux-gnu/libjpeg.so;/usr/lib/x86_64-linux-gnu/libpng.so;/usr/lib/x86_64-linux-gnu/libtiff.so;vtkGUISupportQtOpenGL;vtkGUISupportQtSQL;vtkIOSQL;sqlite3;vtkGUISupportQtWebkit;vtkViewsQt;vtkViewsInfovis;vtkInfovisLayout;vtkInfovisBoostGraphAlgorithms;vtkRenderingLabel;vtkViewsCore;vtkInteractionWidgets;vtkRenderingAnnotation;vtkImagingColor;vtkRenderingVolume;vtkGeovisCore;/usr/lib/x86_64-linux-gnu/libproj.so;vtkIOAMR;/usr/lib/x86_64-linux-gnu/hdf5/openmpi/libhdf5.so;/usr/lib/x86_64-linux-gnu/libsz.so;/usr/lib/x86_64-linux-gnu/libdl.so;/usr/lib/x86_64-linux-gnu/libm.so;/usr/lib/x86_64-linux-gnu/openmpi/lib/libmpi.so;vtkIOEnSight;vtkIOExodus;vtkexoIIc;/usr/lib/x86_64-linux-gnu/libnetcdf_c++.so;/usr/lib/x86_64-linux-gnu/libnetcdf.so;vtkIOExport;vtkRenderingGL2PS;vtkRenderingContextOpenGL;/usr/lib/x86_64-linux-gnu/libgl2ps.so;vtkIOFFMPEG;vtkIOMovie;/usr/lib/x86_64-linux-gnu/libtheoraenc.so;/usr/lib/x86_64-linux-gnu/libtheoradec.so;/usr/lib/x86_64-linux-gnu/libogg.so;vtkIOGDAL;vtkIOGeoJSON;vtkIOImport;vtkIOInfovis;/usr/lib/x86_64-linux-gnu/libxml2.so;vtkIOLSDyna;vtkIOMINC;vtkIOMPIImage;vtkIOMPIParallel;vtkIOParallel;vtkIONetCDF;/usr/lib/x86_64-linux-gnu/libjsoncpp.so;vtkIOMySQL;vtkIOODBC;vtkIOPLY;vtkIOParallelExodus;vtkIOParallelLSDyna;vtkIOParallelNetCDF;vtkIOParallelXML;vtkIOPostgreSQL;vtkIOVPIC;VPIC;vtkIOVideo;vtkIOXdmf2;vtkxdmf2;vtkImagingMath;vtkImagingMorphological;vtkImagingStatistics;vtkImagingStencil;vtkInteractionImage;vtkLocalExample;vtkParallelMPI4Py;vtkPythonInterpreter;vtkRenderingExternal;vtkRenderingFreeTypeFontConfig;vtkRenderingImage;vtkRenderingLIC;vtkRenderingLOD;vtkRenderingMatplotlib;vtkRenderingParallel;vtkRenderingParallelLIC;vtkRenderingQt;vtkRenderingVolumeAMR;vtkRenderingVolumeOpenGL;vtkTestingGenericBridge;vtkTestingIOSQL;vtkTestingRendering;vtkViewsContext2D;vtkViewsGeovis;vtkWrappingJava  
[4.795s] -- Configuring done
[4.956s] -- Generating done
[4.959s] -- Build files have been written to: /root/crs_ws_fanuc/build/trajopt_ifopt
[4.976s] Invoked command in '/root/crs_ws_fanuc/build/trajopt_ifopt' returned '0': CMAKE_PREFIX_PATH=/root/crs_ws_fanuc/install/trajopt:/root/crs_ws_fanuc/install/trajopt_sco:/root/crs_ws_fanuc/install/trajopt_utils:/root/crs_ws_fanuc/install/osqp:/root/crs_ws_fanuc/install/ifopt:/root/crs_ws_fanuc/install/crs_utils_py:/opt/ros/eloquent:/opt/ros/melodic:/root/crs_ws_fanuc/install/trajopt_tools:/root/crs_ws_fanuc/install/vhacd:/root/crs_ws_fanuc/install/crs_gui:/root/crs_ws_fanuc/install/crs_application:/root/crs_ws_fanuc/install/crs_motion_planning:/root/crs_ws_fanuc/install/ur_ikfast_kinematics:/root/crs_ws_fanuc/install/crs_robot_comms:/root/crs_ws_fanuc/install/ur_dashboard_msgs:/root/crs_ws_fanuc/install/trajopt_sqp:/root/crs_ws_fanuc/install/trajopt_ifopt:/root/crs_ws_fanuc/install/tesseract_monitoring:/root/crs_ws_fanuc/install/tesseract_rosutils:/root/crs_ws_fanuc/install/tesseract_process_planners:/root/crs_ws_fanuc/install/tesseract_motion_planners:/root/crs_ws_fanuc/install/tesseract_visualization:/root/crs_ws_fanuc/install/tesseract:/root/crs_ws_fanuc/install/tesseract_urdf:/root/crs_ws_fanuc/install/tesseract_plugins:/root/crs_ws_fanuc/install/tesseract_environment:/root/crs_ws_fanuc/install/tesseract_collision:/root/crs_ws_fanuc/install/tesseract_support:/root/crs_ws_fanuc/install/tesseract_kinematics:/root/crs_ws_fanuc/install/tesseract_scene_graph:/root/crs_ws_fanuc/install/tesseract_msgs:/root/crs_ws_fanuc/install/tesseract_geometry:/root/crs_ws_fanuc/install/tesseract_common:/root/crs_ws_fanuc/install/rclcpp_scxml_demos:/root/crs_ws_fanuc/install/scxml_core:/root/crs_ws_fanuc/install/region_detection_rclcpp:/root/crs_ws_fanuc/install/region_detection_msgs:/root/crs_ws_fanuc/install/region_detection_core:/root/crs_ws_fanuc/install/osqp_eigen:/root/crs_ws_fanuc/install/descartes_opw:/root/crs_ws_fanuc/install/opw_kinematics:/root/crs_ws_fanuc/install/octomap_msgs:/root/crs_ws_fanuc/install/fcl:/root/crs_ws_fanuc/install/libccd:/root/crs_ws_fanuc/install/iterative_spline_parameterization:/root/crs_ws_fanuc/install/gtest:/root/crs_ws_fanuc/install/descartes_samplers:/root/crs_ws_fanuc/install/descartes_ikfast:/root/crs_ws_fanuc/install/descartes_light:/root/crs_ws_fanuc/install/crs_toolpath_gen:/root/crs_ws_fanuc/install/crs_support:/root/crs_ws_fanuc/install/crs_process_data:/root/crs_ws_fanuc/install/crs_perception:/root/crs_ws_fanuc/install/crs_area_selection:/root/crs_ws_fanuc/install/crs_msgs:/root/crs_ws_fanuc/install/crs_gazebo_plugins:/root/crs_ws_fanuc/install/cartesian_trajectory_msgs:/root/crs_ws_fanuc/install/bullet3:/opt/qt513/lib/cmake LD_LIBRARY_PATH=/root/crs_ws_fanuc/install/trajopt/lib:/root/crs_ws_fanuc/install/trajopt_sco/lib:/root/crs_ws_fanuc/install/trajopt_utils/lib:/root/crs_ws_fanuc/install/osqp/lib:/root/crs_ws_fanuc/install/ifopt/lib:/opt/ros/melodic/lib:/root/crs_ws_fanuc/install/vhacd/lib:/root/crs_ws_fanuc/install/crs_gui/lib:/root/crs_ws_fanuc/install/crs_application/lib:/root/crs_ws_fanuc/install/crs_motion_planning/lib:/root/crs_ws_fanuc/install/ur_ikfast_kinematics/lib:/root/crs_ws_fanuc/install/ur_dashboard_msgs/lib:/root/crs_ws_fanuc/install/trajopt_sqp/lib:/root/crs_ws_fanuc/install/trajopt_ifopt/lib:/root/crs_ws_fanuc/install/tesseract_monitoring/lib:/root/crs_ws_fanuc/install/tesseract_process_planners/lib:/root/crs_ws_fanuc/install/tesseract_motion_planners/lib:/root/crs_ws_fanuc/install/tesseract/lib:/root/crs_ws_fanuc/install/tesseract_urdf/lib:/root/crs_ws_fanuc/install/tesseract_plugins/lib:/root/crs_ws_fanuc/install/tesseract_environment/lib:/root/crs_ws_fanuc/install/tesseract_collision/lib:/root/crs_ws_fanuc/install/tesseract_kinematics/lib:/root/crs_ws_fanuc/install/tesseract_scene_graph/lib:/root/crs_ws_fanuc/install/tesseract_msgs/lib:/root/crs_ws_fanuc/install/scxml_core/lib:/root/crs_ws_fanuc/install/region_detection_msgs/lib:/root/crs_ws_fanuc/install/region_detection_core/lib:/root/crs_ws_fanuc/install/osqp_eigen/lib:/root/crs_ws_fanuc/install/descartes_opw/lib:/root/crs_ws_fanuc/install/octomap_msgs/lib:/root/crs_ws_fanuc/install/fcl/lib:/root/crs_ws_fanuc/install/libccd/lib:/root/crs_ws_fanuc/install/gtest/lib:/root/crs_ws_fanuc/install/descartes_samplers/lib:/root/crs_ws_fanuc/install/descartes_light/lib:/root/crs_ws_fanuc/install/crs_perception/lib:/root/crs_ws_fanuc/install/crs_area_selection/lib:/root/crs_ws_fanuc/install/crs_msgs/lib:/root/crs_ws_fanuc/install/crs_gazebo_plugins/lib:/root/crs_ws_fanuc/install/cartesian_trajectory_msgs/lib:/root/crs_ws_fanuc/install/bullet3/lib:/opt/qt513/plugins:/opt/qt513/lib:/usr/lib/x86_64-linux-gnu/gazebo-9/plugins:/opt/ros/eloquent/opt/yaml_cpp_vendor/lib:/opt/ros/eloquent/opt/rviz_ogre_vendor/lib:/opt/ros/eloquent/lib/x86_64-linux-gnu:/opt/ros/eloquent/lib PATH=/root/crs_ws_fanuc/install/trajopt_sco/bin:/opt/ros/melodic/bin:/root/crs_ws_fanuc/install/trajopt_tools/bin:/root/crs_ws_fanuc/install/tesseract_urdf/bin:/root/crs_ws_fanuc/install/tesseract_collision/bin:/root/crs_ws_fanuc/install/tesseract_scene_graph/bin:/root/crs_ws_fanuc/install/tesseract_geometry/bin:/root/crs_ws_fanuc/install/swig/bin:/root/crs_ws_fanuc/install/region_detection_core/bin:/opt/ros/eloquent/bin:/usr/local/sbin:/usr/local/bin:/usr/sbin:/usr/bin:/sbin:/bin PKG_CONFIG_PATH=/root/crs_ws_fanuc/install/trajopt/lib/x86_64-linux-gnu/pkgconfig:/root/crs_ws_fanuc/install/trajopt/lib/pkgconfig:/root/crs_ws_fanuc/install/trajopt_sco/lib/x86_64-linux-gnu/pkgconfig:/root/crs_ws_fanuc/install/trajopt_sco/lib/pkgconfig:/root/crs_ws_fanuc/install/trajopt_utils/lib/x86_64-linux-gnu/pkgconfig:/root/crs_ws_fanuc/install/trajopt_utils/lib/pkgconfig:/root/crs_ws_fanuc/install/osqp/lib/x86_64-linux-gnu/pkgconfig:/root/crs_ws_fanuc/install/osqp/lib/pkgconfig:/root/crs_ws_fanuc/install/ifopt/lib/x86_64-linux-gnu/pkgconfig:/root/crs_ws_fanuc/install/ifopt/lib/pkgconfig:/opt/ros/melodic/lib/pkgconfig:/root/crs_ws_fanuc/install/trajopt_tools/lib/x86_64-linux-gnu/pkgconfig:/root/crs_ws_fanuc/install/trajopt_tools/lib/pkgconfig:/root/crs_ws_fanuc/install/vhacd/lib/x86_64-linux-gnu/pkgconfig:/root/crs_ws_fanuc/install/vhacd/lib/pkgconfig:/root/crs_ws_fanuc/install/ur_ikfast_kinematics/lib/x86_64-linux-gnu/pkgconfig:/root/crs_ws_fanuc/install/ur_ikfast_kinematics/lib/pkgconfig:/root/crs_ws_fanuc/install/trajopt_sqp/lib/x86_64-linux-gnu/pkgconfig:/root/crs_ws_fanuc/install/trajopt_sqp/lib/pkgconfig:/root/crs_ws_fanuc/install/trajopt_ifopt/lib/x86_64-linux-gnu/pkgconfig:/root/crs_ws_fanuc/install/trajopt_ifopt/lib/pkgconfig:/root/crs_ws_fanuc/install/tesseract_viewer_python/lib/x86_64-linux-gnu/pkgconfig:/root/crs_ws_fanuc/install/tesseract_viewer_python/lib/pkgconfig:/root/crs_ws_fanuc/install/tesseract_python/lib/x86_64-linux-gnu/pkgconfig:/root/crs_ws_fanuc/install/tesseract_python/lib/pkgconfig:/root/crs_ws_fanuc/install/tesseract_process_planners/lib/x86_64-linux-gnu/pkgconfig:/root/crs_ws_fanuc/install/tesseract_process_planners/lib/pkgconfig:/root/crs_ws_fanuc/install/tesseract_motion_planners/lib/x86_64-linux-gnu/pkgconfig:/root/crs_ws_fanuc/install/tesseract_motion_planners/lib/pkgconfig:/root/crs_ws_fanuc/install/tesseract_visualization/lib/x86_64-linux-gnu/pkgconfig:/root/crs_ws_fanuc/install/tesseract_visualization/lib/pkgconfig:/root/crs_ws_fanuc/install/tesseract/lib/x86_64-linux-gnu/pkgconfig:/root/crs_ws_fanuc/install/tesseract/lib/pkgconfig:/root/crs_ws_fanuc/install/tesseract_urdf/lib/x86_64-linux-gnu/pkgconfig:/root/crs_ws_fanuc/install/tesseract_urdf/lib/pkgconfig:/root/crs_ws_fanuc/install/tesseract_environment/lib/x86_64-linux-gnu/pkgconfig:/root/crs_ws_fanuc/install/tesseract_environment/lib/pkgconfig:/root/crs_ws_fanuc/install/tesseract_collision/lib/x86_64-linux-gnu/pkgconfig:/root/crs_ws_fanuc/install/tesseract_collision/lib/pkgconfig:/root/crs_ws_fanuc/install/tesseract_support/lib/x86_64-linux-gnu/pkgconfig:/root/crs_ws_fanuc/install/tesseract_support/lib/pkgconfig:/root/crs_ws_fanuc/install/tesseract_kinematics/lib/x86_64-linux-gnu/pkgconfig:/root/crs_ws_fanuc/install/tesseract_kinematics/lib/pkgconfig:/root/crs_ws_fanuc/install/tesseract_scene_graph/lib/x86_64-linux-gnu/pkgconfig:/root/crs_ws_fanuc/install/tesseract_scene_graph/lib/pkgconfig:/root/crs_ws_fanuc/install/tesseract_geometry/lib/x86_64-linux-gnu/pkgconfig:/root/crs_ws_fanuc/install/tesseract_geometry/lib/pkgconfig:/root/crs_ws_fanuc/install/tesseract_common/lib/x86_64-linux-gnu/pkgconfig:/root/crs_ws_fanuc/install/tesseract_common/lib/pkgconfig:/root/crs_ws_fanuc/install/swig/lib/x86_64-linux-gnu/pkgconfig:/root/crs_ws_fanuc/install/swig/lib/pkgconfig:/root/crs_ws_fanuc/install/scxml_core/lib/x86_64-linux-gnu/pkgconfig:/root/crs_ws_fanuc/install/scxml_core/lib/pkgconfig:/root/crs_ws_fanuc/install/region_detection_core/lib/x86_64-linux-gnu/pkgconfig:/root/crs_ws_fanuc/install/region_detection_core/lib/pkgconfig:/root/crs_ws_fanuc/install/osqp_eigen/lib/x86_64-linux-gnu/pkgconfig:/root/crs_ws_fanuc/install/osqp_eigen/lib/pkgconfig:/root/crs_ws_fanuc/install/orocos_kdl/lib/x86_64-linux-gnu/pkgconfig:/root/crs_ws_fanuc/install/orocos_kdl/lib/pkgconfig:/root/crs_ws_fanuc/install/descartes_opw/lib/x86_64-linux-gnu/pkgconfig:/root/crs_ws_fanuc/install/descartes_opw/lib/pkgconfig:/root/crs_ws_fanuc/install/opw_kinematics/lib/x86_64-linux-gnu/pkgconfig:/root/crs_ws_fanuc/install/opw_kinematics/lib/pkgconfig:/root/crs_ws_fanuc/install/fcl/lib/x86_64-linux-gnu/pkgconfig:/root/crs_ws_fanuc/install/fcl/lib/pkgconfig:/root/crs_ws_fanuc/install/libccd/lib/x86_64-linux-gnu/pkgconfig:/root/crs_ws_fanuc/install/libccd/lib/pkgconfig:/root/crs_ws_fanuc/install/iterative_spline_parameterization/lib/x86_64-linux-gnu/pkgconfig:/root/crs_ws_fanuc/install/iterative_spline_parameterization/lib/pkgconfig:/root/crs_ws_fanuc/install/gtest/lib/x86_64-linux-gnu/pkgconfig:/root/crs_ws_fanuc/install/gtest/lib/pkgconfig:/root/crs_ws_fanuc/install/descartes_samplers/lib/x86_64-linux-gnu/pkgconfig:/root/crs_ws_fanuc/install/descartes_samplers/lib/pkgconfig:/root/crs_ws_fanuc/install/descartes_ikfast/lib/x86_64-linux-gnu/pkgconfig:/root/crs_ws_fanuc/install/descartes_ikfast/lib/pkgconfig:/root/crs_ws_fanuc/install/descartes_light/lib/x86_64-linux-gnu/pkgconfig:/root/crs_ws_fanuc/install/descartes_light/lib/pkgconfig:/root/crs_ws_fanuc/install/eigen/lib/x86_64-linux-gnu/pkgconfig:/root/crs_ws_fanuc/install/eigen/lib/pkgconfig:/root/crs_ws_fanuc/install/bullet3/lib/x86_64-linux-gnu/pkgconfig:/root/crs_ws_fanuc/install/bullet3/lib/pkgconfig /usr/bin/cmake /root/crs_ws_fanuc/src/trajopt_ros/trajopt_ifopt -DCMAKE_INSTALL_PREFIX=/root/crs_ws_fanuc/install/trajopt_ifopt
[4.978s] Invoking command in '/root/crs_ws_fanuc/build/trajopt_ifopt': CMAKE_PREFIX_PATH=/root/crs_ws_fanuc/install/trajopt:/root/crs_ws_fanuc/install/trajopt_sco:/root/crs_ws_fanuc/install/trajopt_utils:/root/crs_ws_fanuc/install/osqp:/root/crs_ws_fanuc/install/ifopt:/root/crs_ws_fanuc/install/crs_utils_py:/opt/ros/eloquent:/opt/ros/melodic:/root/crs_ws_fanuc/install/trajopt_tools:/root/crs_ws_fanuc/install/vhacd:/root/crs_ws_fanuc/install/crs_gui:/root/crs_ws_fanuc/install/crs_application:/root/crs_ws_fanuc/install/crs_motion_planning:/root/crs_ws_fanuc/install/ur_ikfast_kinematics:/root/crs_ws_fanuc/install/crs_robot_comms:/root/crs_ws_fanuc/install/ur_dashboard_msgs:/root/crs_ws_fanuc/install/trajopt_sqp:/root/crs_ws_fanuc/install/trajopt_ifopt:/root/crs_ws_fanuc/install/tesseract_monitoring:/root/crs_ws_fanuc/install/tesseract_rosutils:/root/crs_ws_fanuc/install/tesseract_process_planners:/root/crs_ws_fanuc/install/tesseract_motion_planners:/root/crs_ws_fanuc/install/tesseract_visualization:/root/crs_ws_fanuc/install/tesseract:/root/crs_ws_fanuc/install/tesseract_urdf:/root/crs_ws_fanuc/install/tesseract_plugins:/root/crs_ws_fanuc/install/tesseract_environment:/root/crs_ws_fanuc/install/tesseract_collision:/root/crs_ws_fanuc/install/tesseract_support:/root/crs_ws_fanuc/install/tesseract_kinematics:/root/crs_ws_fanuc/install/tesseract_scene_graph:/root/crs_ws_fanuc/install/tesseract_msgs:/root/crs_ws_fanuc/install/tesseract_geometry:/root/crs_ws_fanuc/install/tesseract_common:/root/crs_ws_fanuc/install/rclcpp_scxml_demos:/root/crs_ws_fanuc/install/scxml_core:/root/crs_ws_fanuc/install/region_detection_rclcpp:/root/crs_ws_fanuc/install/region_detection_msgs:/root/crs_ws_fanuc/install/region_detection_core:/root/crs_ws_fanuc/install/osqp_eigen:/root/crs_ws_fanuc/install/descartes_opw:/root/crs_ws_fanuc/install/opw_kinematics:/root/crs_ws_fanuc/install/octomap_msgs:/root/crs_ws_fanuc/install/fcl:/root/crs_ws_fanuc/install/libccd:/root/crs_ws_fanuc/install/iterative_spline_parameterization:/root/crs_ws_fanuc/install/gtest:/root/crs_ws_fanuc/install/descartes_samplers:/root/crs_ws_fanuc/install/descartes_ikfast:/root/crs_ws_fanuc/install/descartes_light:/root/crs_ws_fanuc/install/crs_toolpath_gen:/root/crs_ws_fanuc/install/crs_support:/root/crs_ws_fanuc/install/crs_process_data:/root/crs_ws_fanuc/install/crs_perception:/root/crs_ws_fanuc/install/crs_area_selection:/root/crs_ws_fanuc/install/crs_msgs:/root/crs_ws_fanuc/install/crs_gazebo_plugins:/root/crs_ws_fanuc/install/cartesian_trajectory_msgs:/root/crs_ws_fanuc/install/bullet3:/opt/qt513/lib/cmake LD_LIBRARY_PATH=/root/crs_ws_fanuc/install/trajopt/lib:/root/crs_ws_fanuc/install/trajopt_sco/lib:/root/crs_ws_fanuc/install/trajopt_utils/lib:/root/crs_ws_fanuc/install/osqp/lib:/root/crs_ws_fanuc/install/ifopt/lib:/opt/ros/melodic/lib:/root/crs_ws_fanuc/install/vhacd/lib:/root/crs_ws_fanuc/install/crs_gui/lib:/root/crs_ws_fanuc/install/crs_application/lib:/root/crs_ws_fanuc/install/crs_motion_planning/lib:/root/crs_ws_fanuc/install/ur_ikfast_kinematics/lib:/root/crs_ws_fanuc/install/ur_dashboard_msgs/lib:/root/crs_ws_fanuc/install/trajopt_sqp/lib:/root/crs_ws_fanuc/install/trajopt_ifopt/lib:/root/crs_ws_fanuc/install/tesseract_monitoring/lib:/root/crs_ws_fanuc/install/tesseract_process_planners/lib:/root/crs_ws_fanuc/install/tesseract_motion_planners/lib:/root/crs_ws_fanuc/install/tesseract/lib:/root/crs_ws_fanuc/install/tesseract_urdf/lib:/root/crs_ws_fanuc/install/tesseract_plugins/lib:/root/crs_ws_fanuc/install/tesseract_environment/lib:/root/crs_ws_fanuc/install/tesseract_collision/lib:/root/crs_ws_fanuc/install/tesseract_kinematics/lib:/root/crs_ws_fanuc/install/tesseract_scene_graph/lib:/root/crs_ws_fanuc/install/tesseract_msgs/lib:/root/crs_ws_fanuc/install/scxml_core/lib:/root/crs_ws_fanuc/install/region_detection_msgs/lib:/root/crs_ws_fanuc/install/region_detection_core/lib:/root/crs_ws_fanuc/install/osqp_eigen/lib:/root/crs_ws_fanuc/install/descartes_opw/lib:/root/crs_ws_fanuc/install/octomap_msgs/lib:/root/crs_ws_fanuc/install/fcl/lib:/root/crs_ws_fanuc/install/libccd/lib:/root/crs_ws_fanuc/install/gtest/lib:/root/crs_ws_fanuc/install/descartes_samplers/lib:/root/crs_ws_fanuc/install/descartes_light/lib:/root/crs_ws_fanuc/install/crs_perception/lib:/root/crs_ws_fanuc/install/crs_area_selection/lib:/root/crs_ws_fanuc/install/crs_msgs/lib:/root/crs_ws_fanuc/install/crs_gazebo_plugins/lib:/root/crs_ws_fanuc/install/cartesian_trajectory_msgs/lib:/root/crs_ws_fanuc/install/bullet3/lib:/opt/qt513/plugins:/opt/qt513/lib:/usr/lib/x86_64-linux-gnu/gazebo-9/plugins:/opt/ros/eloquent/opt/yaml_cpp_vendor/lib:/opt/ros/eloquent/opt/rviz_ogre_vendor/lib:/opt/ros/eloquent/lib/x86_64-linux-gnu:/opt/ros/eloquent/lib PATH=/root/crs_ws_fanuc/install/trajopt_sco/bin:/opt/ros/melodic/bin:/root/crs_ws_fanuc/install/trajopt_tools/bin:/root/crs_ws_fanuc/install/tesseract_urdf/bin:/root/crs_ws_fanuc/install/tesseract_collision/bin:/root/crs_ws_fanuc/install/tesseract_scene_graph/bin:/root/crs_ws_fanuc/install/tesseract_geometry/bin:/root/crs_ws_fanuc/install/swig/bin:/root/crs_ws_fanuc/install/region_detection_core/bin:/opt/ros/eloquent/bin:/usr/local/sbin:/usr/local/bin:/usr/sbin:/usr/bin:/sbin:/bin PKG_CONFIG_PATH=/root/crs_ws_fanuc/install/trajopt/lib/x86_64-linux-gnu/pkgconfig:/root/crs_ws_fanuc/install/trajopt/lib/pkgconfig:/root/crs_ws_fanuc/install/trajopt_sco/lib/x86_64-linux-gnu/pkgconfig:/root/crs_ws_fanuc/install/trajopt_sco/lib/pkgconfig:/root/crs_ws_fanuc/install/trajopt_utils/lib/x86_64-linux-gnu/pkgconfig:/root/crs_ws_fanuc/install/trajopt_utils/lib/pkgconfig:/root/crs_ws_fanuc/install/osqp/lib/x86_64-linux-gnu/pkgconfig:/root/crs_ws_fanuc/install/osqp/lib/pkgconfig:/root/crs_ws_fanuc/install/ifopt/lib/x86_64-linux-gnu/pkgconfig:/root/crs_ws_fanuc/install/ifopt/lib/pkgconfig:/opt/ros/melodic/lib/pkgconfig:/root/crs_ws_fanuc/install/trajopt_tools/lib/x86_64-linux-gnu/pkgconfig:/root/crs_ws_fanuc/install/trajopt_tools/lib/pkgconfig:/root/crs_ws_fanuc/install/vhacd/lib/x86_64-linux-gnu/pkgconfig:/root/crs_ws_fanuc/install/vhacd/lib/pkgconfig:/root/crs_ws_fanuc/install/ur_ikfast_kinematics/lib/x86_64-linux-gnu/pkgconfig:/root/crs_ws_fanuc/install/ur_ikfast_kinematics/lib/pkgconfig:/root/crs_ws_fanuc/install/trajopt_sqp/lib/x86_64-linux-gnu/pkgconfig:/root/crs_ws_fanuc/install/trajopt_sqp/lib/pkgconfig:/root/crs_ws_fanuc/install/trajopt_ifopt/lib/x86_64-linux-gnu/pkgconfig:/root/crs_ws_fanuc/install/trajopt_ifopt/lib/pkgconfig:/root/crs_ws_fanuc/install/tesseract_viewer_python/lib/x86_64-linux-gnu/pkgconfig:/root/crs_ws_fanuc/install/tesseract_viewer_python/lib/pkgconfig:/root/crs_ws_fanuc/install/tesseract_python/lib/x86_64-linux-gnu/pkgconfig:/root/crs_ws_fanuc/install/tesseract_python/lib/pkgconfig:/root/crs_ws_fanuc/install/tesseract_process_planners/lib/x86_64-linux-gnu/pkgconfig:/root/crs_ws_fanuc/install/tesseract_process_planners/lib/pkgconfig:/root/crs_ws_fanuc/install/tesseract_motion_planners/lib/x86_64-linux-gnu/pkgconfig:/root/crs_ws_fanuc/install/tesseract_motion_planners/lib/pkgconfig:/root/crs_ws_fanuc/install/tesseract_visualization/lib/x86_64-linux-gnu/pkgconfig:/root/crs_ws_fanuc/install/tesseract_visualization/lib/pkgconfig:/root/crs_ws_fanuc/install/tesseract/lib/x86_64-linux-gnu/pkgconfig:/root/crs_ws_fanuc/install/tesseract/lib/pkgconfig:/root/crs_ws_fanuc/install/tesseract_urdf/lib/x86_64-linux-gnu/pkgconfig:/root/crs_ws_fanuc/install/tesseract_urdf/lib/pkgconfig:/root/crs_ws_fanuc/install/tesseract_environment/lib/x86_64-linux-gnu/pkgconfig:/root/crs_ws_fanuc/install/tesseract_environment/lib/pkgconfig:/root/crs_ws_fanuc/install/tesseract_collision/lib/x86_64-linux-gnu/pkgconfig:/root/crs_ws_fanuc/install/tesseract_collision/lib/pkgconfig:/root/crs_ws_fanuc/install/tesseract_support/lib/x86_64-linux-gnu/pkgconfig:/root/crs_ws_fanuc/install/tesseract_support/lib/pkgconfig:/root/crs_ws_fanuc/install/tesseract_kinematics/lib/x86_64-linux-gnu/pkgconfig:/root/crs_ws_fanuc/install/tesseract_kinematics/lib/pkgconfig:/root/crs_ws_fanuc/install/tesseract_scene_graph/lib/x86_64-linux-gnu/pkgconfig:/root/crs_ws_fanuc/install/tesseract_scene_graph/lib/pkgconfig:/root/crs_ws_fanuc/install/tesseract_geometry/lib/x86_64-linux-gnu/pkgconfig:/root/crs_ws_fanuc/install/tesseract_geometry/lib/pkgconfig:/root/crs_ws_fanuc/install/tesseract_common/lib/x86_64-linux-gnu/pkgconfig:/root/crs_ws_fanuc/install/tesseract_common/lib/pkgconfig:/root/crs_ws_fanuc/install/swig/lib/x86_64-linux-gnu/pkgconfig:/root/crs_ws_fanuc/install/swig/lib/pkgconfig:/root/crs_ws_fanuc/install/scxml_core/lib/x86_64-linux-gnu/pkgconfig:/root/crs_ws_fanuc/install/scxml_core/lib/pkgconfig:/root/crs_ws_fanuc/install/region_detection_core/lib/x86_64-linux-gnu/pkgconfig:/root/crs_ws_fanuc/install/region_detection_core/lib/pkgconfig:/root/crs_ws_fanuc/install/osqp_eigen/lib/x86_64-linux-gnu/pkgconfig:/root/crs_ws_fanuc/install/osqp_eigen/lib/pkgconfig:/root/crs_ws_fanuc/install/orocos_kdl/lib/x86_64-linux-gnu/pkgconfig:/root/crs_ws_fanuc/install/orocos_kdl/lib/pkgconfig:/root/crs_ws_fanuc/install/descartes_opw/lib/x86_64-linux-gnu/pkgconfig:/root/crs_ws_fanuc/install/descartes_opw/lib/pkgconfig:/root/crs_ws_fanuc/install/opw_kinematics/lib/x86_64-linux-gnu/pkgconfig:/root/crs_ws_fanuc/install/opw_kinematics/lib/pkgconfig:/root/crs_ws_fanuc/install/fcl/lib/x86_64-linux-gnu/pkgconfig:/root/crs_ws_fanuc/install/fcl/lib/pkgconfig:/root/crs_ws_fanuc/install/libccd/lib/x86_64-linux-gnu/pkgconfig:/root/crs_ws_fanuc/install/libccd/lib/pkgconfig:/root/crs_ws_fanuc/install/iterative_spline_parameterization/lib/x86_64-linux-gnu/pkgconfig:/root/crs_ws_fanuc/install/iterative_spline_parameterization/lib/pkgconfig:/root/crs_ws_fanuc/install/gtest/lib/x86_64-linux-gnu/pkgconfig:/root/crs_ws_fanuc/install/gtest/lib/pkgconfig:/root/crs_ws_fanuc/install/descartes_samplers/lib/x86_64-linux-gnu/pkgconfig:/root/crs_ws_fanuc/install/descartes_samplers/lib/pkgconfig:/root/crs_ws_fanuc/install/descartes_ikfast/lib/x86_64-linux-gnu/pkgconfig:/root/crs_ws_fanuc/install/descartes_ikfast/lib/pkgconfig:/root/crs_ws_fanuc/install/descartes_light/lib/x86_64-linux-gnu/pkgconfig:/root/crs_ws_fanuc/install/descartes_light/lib/pkgconfig:/root/crs_ws_fanuc/install/eigen/lib/x86_64-linux-gnu/pkgconfig:/root/crs_ws_fanuc/install/eigen/lib/pkgconfig:/root/crs_ws_fanuc/install/bullet3/lib/x86_64-linux-gnu/pkgconfig:/root/crs_ws_fanuc/install/bullet3/lib/pkgconfig /usr/bin/cmake --build /root/crs_ws_fanuc/build/trajopt_ifopt -- -j8 -l8
[5.130s] [35m[1mScanning dependencies of target trajopt_ifopt[0m
[5.374s] [ 14%] [32mBuilding CXX object CMakeFiles/trajopt_ifopt.dir/src/cartesian_position_constraint.cpp.o[0m
[25.982s] [ 28%] [32mBuilding CXX object CMakeFiles/trajopt_ifopt.dir/src/squared_cost.cpp.o[0m
[27.740s] [ 42%] [32mBuilding CXX object CMakeFiles/trajopt_ifopt.dir/src/joint_velocity_constraint.cpp.o[0m
[29.185s] [ 57%] [32mBuilding CXX object CMakeFiles/trajopt_ifopt.dir/src/joint_position_constraint.cpp.o[0m
[30.590s] [ 71%] [32mBuilding CXX object CMakeFiles/trajopt_ifopt.dir/src/inverse_kinematics_constraint.cpp.o[0m
[41.959s] [ 85%] [32mBuilding CXX object CMakeFiles/trajopt_ifopt.dir/src/collision_constraint.cpp.o[0m
[57.738s] [100%] [32m[1mLinking CXX shared library libtrajopt_ifopt.so[0m
[60.710s] [100%] Built target trajopt_ifopt
[60.743s] Invoked command in '/root/crs_ws_fanuc/build/trajopt_ifopt' returned '0': CMAKE_PREFIX_PATH=/root/crs_ws_fanuc/install/trajopt:/root/crs_ws_fanuc/install/trajopt_sco:/root/crs_ws_fanuc/install/trajopt_utils:/root/crs_ws_fanuc/install/osqp:/root/crs_ws_fanuc/install/ifopt:/root/crs_ws_fanuc/install/crs_utils_py:/opt/ros/eloquent:/opt/ros/melodic:/root/crs_ws_fanuc/install/trajopt_tools:/root/crs_ws_fanuc/install/vhacd:/root/crs_ws_fanuc/install/crs_gui:/root/crs_ws_fanuc/install/crs_application:/root/crs_ws_fanuc/install/crs_motion_planning:/root/crs_ws_fanuc/install/ur_ikfast_kinematics:/root/crs_ws_fanuc/install/crs_robot_comms:/root/crs_ws_fanuc/install/ur_dashboard_msgs:/root/crs_ws_fanuc/install/trajopt_sqp:/root/crs_ws_fanuc/install/trajopt_ifopt:/root/crs_ws_fanuc/install/tesseract_monitoring:/root/crs_ws_fanuc/install/tesseract_rosutils:/root/crs_ws_fanuc/install/tesseract_process_planners:/root/crs_ws_fanuc/install/tesseract_motion_planners:/root/crs_ws_fanuc/install/tesseract_visualization:/root/crs_ws_fanuc/install/tesseract:/root/crs_ws_fanuc/install/tesseract_urdf:/root/crs_ws_fanuc/install/tesseract_plugins:/root/crs_ws_fanuc/install/tesseract_environment:/root/crs_ws_fanuc/install/tesseract_collision:/root/crs_ws_fanuc/install/tesseract_support:/root/crs_ws_fanuc/install/tesseract_kinematics:/root/crs_ws_fanuc/install/tesseract_scene_graph:/root/crs_ws_fanuc/install/tesseract_msgs:/root/crs_ws_fanuc/install/tesseract_geometry:/root/crs_ws_fanuc/install/tesseract_common:/root/crs_ws_fanuc/install/rclcpp_scxml_demos:/root/crs_ws_fanuc/install/scxml_core:/root/crs_ws_fanuc/install/region_detection_rclcpp:/root/crs_ws_fanuc/install/region_detection_msgs:/root/crs_ws_fanuc/install/region_detection_core:/root/crs_ws_fanuc/install/osqp_eigen:/root/crs_ws_fanuc/install/descartes_opw:/root/crs_ws_fanuc/install/opw_kinematics:/root/crs_ws_fanuc/install/octomap_msgs:/root/crs_ws_fanuc/install/fcl:/root/crs_ws_fanuc/install/libccd:/root/crs_ws_fanuc/install/iterative_spline_parameterization:/root/crs_ws_fanuc/install/gtest:/root/crs_ws_fanuc/install/descartes_samplers:/root/crs_ws_fanuc/install/descartes_ikfast:/root/crs_ws_fanuc/install/descartes_light:/root/crs_ws_fanuc/install/crs_toolpath_gen:/root/crs_ws_fanuc/install/crs_support:/root/crs_ws_fanuc/install/crs_process_data:/root/crs_ws_fanuc/install/crs_perception:/root/crs_ws_fanuc/install/crs_area_selection:/root/crs_ws_fanuc/install/crs_msgs:/root/crs_ws_fanuc/install/crs_gazebo_plugins:/root/crs_ws_fanuc/install/cartesian_trajectory_msgs:/root/crs_ws_fanuc/install/bullet3:/opt/qt513/lib/cmake LD_LIBRARY_PATH=/root/crs_ws_fanuc/install/trajopt/lib:/root/crs_ws_fanuc/install/trajopt_sco/lib:/root/crs_ws_fanuc/install/trajopt_utils/lib:/root/crs_ws_fanuc/install/osqp/lib:/root/crs_ws_fanuc/install/ifopt/lib:/opt/ros/melodic/lib:/root/crs_ws_fanuc/install/vhacd/lib:/root/crs_ws_fanuc/install/crs_gui/lib:/root/crs_ws_fanuc/install/crs_application/lib:/root/crs_ws_fanuc/install/crs_motion_planning/lib:/root/crs_ws_fanuc/install/ur_ikfast_kinematics/lib:/root/crs_ws_fanuc/install/ur_dashboard_msgs/lib:/root/crs_ws_fanuc/install/trajopt_sqp/lib:/root/crs_ws_fanuc/install/trajopt_ifopt/lib:/root/crs_ws_fanuc/install/tesseract_monitoring/lib:/root/crs_ws_fanuc/install/tesseract_process_planners/lib:/root/crs_ws_fanuc/install/tesseract_motion_planners/lib:/root/crs_ws_fanuc/install/tesseract/lib:/root/crs_ws_fanuc/install/tesseract_urdf/lib:/root/crs_ws_fanuc/install/tesseract_plugins/lib:/root/crs_ws_fanuc/install/tesseract_environment/lib:/root/crs_ws_fanuc/install/tesseract_collision/lib:/root/crs_ws_fanuc/install/tesseract_kinematics/lib:/root/crs_ws_fanuc/install/tesseract_scene_graph/lib:/root/crs_ws_fanuc/install/tesseract_msgs/lib:/root/crs_ws_fanuc/install/scxml_core/lib:/root/crs_ws_fanuc/install/region_detection_msgs/lib:/root/crs_ws_fanuc/install/region_detection_core/lib:/root/crs_ws_fanuc/install/osqp_eigen/lib:/root/crs_ws_fanuc/install/descartes_opw/lib:/root/crs_ws_fanuc/install/octomap_msgs/lib:/root/crs_ws_fanuc/install/fcl/lib:/root/crs_ws_fanuc/install/libccd/lib:/root/crs_ws_fanuc/install/gtest/lib:/root/crs_ws_fanuc/install/descartes_samplers/lib:/root/crs_ws_fanuc/install/descartes_light/lib:/root/crs_ws_fanuc/install/crs_perception/lib:/root/crs_ws_fanuc/install/crs_area_selection/lib:/root/crs_ws_fanuc/install/crs_msgs/lib:/root/crs_ws_fanuc/install/crs_gazebo_plugins/lib:/root/crs_ws_fanuc/install/cartesian_trajectory_msgs/lib:/root/crs_ws_fanuc/install/bullet3/lib:/opt/qt513/plugins:/opt/qt513/lib:/usr/lib/x86_64-linux-gnu/gazebo-9/plugins:/opt/ros/eloquent/opt/yaml_cpp_vendor/lib:/opt/ros/eloquent/opt/rviz_ogre_vendor/lib:/opt/ros/eloquent/lib/x86_64-linux-gnu:/opt/ros/eloquent/lib PATH=/root/crs_ws_fanuc/install/trajopt_sco/bin:/opt/ros/melodic/bin:/root/crs_ws_fanuc/install/trajopt_tools/bin:/root/crs_ws_fanuc/install/tesseract_urdf/bin:/root/crs_ws_fanuc/install/tesseract_collision/bin:/root/crs_ws_fanuc/install/tesseract_scene_graph/bin:/root/crs_ws_fanuc/install/tesseract_geometry/bin:/root/crs_ws_fanuc/install/swig/bin:/root/crs_ws_fanuc/install/region_detection_core/bin:/opt/ros/eloquent/bin:/usr/local/sbin:/usr/local/bin:/usr/sbin:/usr/bin:/sbin:/bin PKG_CONFIG_PATH=/root/crs_ws_fanuc/install/trajopt/lib/x86_64-linux-gnu/pkgconfig:/root/crs_ws_fanuc/install/trajopt/lib/pkgconfig:/root/crs_ws_fanuc/install/trajopt_sco/lib/x86_64-linux-gnu/pkgconfig:/root/crs_ws_fanuc/install/trajopt_sco/lib/pkgconfig:/root/crs_ws_fanuc/install/trajopt_utils/lib/x86_64-linux-gnu/pkgconfig:/root/crs_ws_fanuc/install/trajopt_utils/lib/pkgconfig:/root/crs_ws_fanuc/install/osqp/lib/x86_64-linux-gnu/pkgconfig:/root/crs_ws_fanuc/install/osqp/lib/pkgconfig:/root/crs_ws_fanuc/install/ifopt/lib/x86_64-linux-gnu/pkgconfig:/root/crs_ws_fanuc/install/ifopt/lib/pkgconfig:/opt/ros/melodic/lib/pkgconfig:/root/crs_ws_fanuc/install/trajopt_tools/lib/x86_64-linux-gnu/pkgconfig:/root/crs_ws_fanuc/install/trajopt_tools/lib/pkgconfig:/root/crs_ws_fanuc/install/vhacd/lib/x86_64-linux-gnu/pkgconfig:/root/crs_ws_fanuc/install/vhacd/lib/pkgconfig:/root/crs_ws_fanuc/install/ur_ikfast_kinematics/lib/x86_64-linux-gnu/pkgconfig:/root/crs_ws_fanuc/install/ur_ikfast_kinematics/lib/pkgconfig:/root/crs_ws_fanuc/install/trajopt_sqp/lib/x86_64-linux-gnu/pkgconfig:/root/crs_ws_fanuc/install/trajopt_sqp/lib/pkgconfig:/root/crs_ws_fanuc/install/trajopt_ifopt/lib/x86_64-linux-gnu/pkgconfig:/root/crs_ws_fanuc/install/trajopt_ifopt/lib/pkgconfig:/root/crs_ws_fanuc/install/tesseract_viewer_python/lib/x86_64-linux-gnu/pkgconfig:/root/crs_ws_fanuc/install/tesseract_viewer_python/lib/pkgconfig:/root/crs_ws_fanuc/install/tesseract_python/lib/x86_64-linux-gnu/pkgconfig:/root/crs_ws_fanuc/install/tesseract_python/lib/pkgconfig:/root/crs_ws_fanuc/install/tesseract_process_planners/lib/x86_64-linux-gnu/pkgconfig:/root/crs_ws_fanuc/install/tesseract_process_planners/lib/pkgconfig:/root/crs_ws_fanuc/install/tesseract_motion_planners/lib/x86_64-linux-gnu/pkgconfig:/root/crs_ws_fanuc/install/tesseract_motion_planners/lib/pkgconfig:/root/crs_ws_fanuc/install/tesseract_visualization/lib/x86_64-linux-gnu/pkgconfig:/root/crs_ws_fanuc/install/tesseract_visualization/lib/pkgconfig:/root/crs_ws_fanuc/install/tesseract/lib/x86_64-linux-gnu/pkgconfig:/root/crs_ws_fanuc/install/tesseract/lib/pkgconfig:/root/crs_ws_fanuc/install/tesseract_urdf/lib/x86_64-linux-gnu/pkgconfig:/root/crs_ws_fanuc/install/tesseract_urdf/lib/pkgconfig:/root/crs_ws_fanuc/install/tesseract_environment/lib/x86_64-linux-gnu/pkgconfig:/root/crs_ws_fanuc/install/tesseract_environment/lib/pkgconfig:/root/crs_ws_fanuc/install/tesseract_collision/lib/x86_64-linux-gnu/pkgconfig:/root/crs_ws_fanuc/install/tesseract_collision/lib/pkgconfig:/root/crs_ws_fanuc/install/tesseract_support/lib/x86_64-linux-gnu/pkgconfig:/root/crs_ws_fanuc/install/tesseract_support/lib/pkgconfig:/root/crs_ws_fanuc/install/tesseract_kinematics/lib/x86_64-linux-gnu/pkgconfig:/root/crs_ws_fanuc/install/tesseract_kinematics/lib/pkgconfig:/root/crs_ws_fanuc/install/tesseract_scene_graph/lib/x86_64-linux-gnu/pkgconfig:/root/crs_ws_fanuc/install/tesseract_scene_graph/lib/pkgconfig:/root/crs_ws_fanuc/install/tesseract_geometry/lib/x86_64-linux-gnu/pkgconfig:/root/crs_ws_fanuc/install/tesseract_geometry/lib/pkgconfig:/root/crs_ws_fanuc/install/tesseract_common/lib/x86_64-linux-gnu/pkgconfig:/root/crs_ws_fanuc/install/tesseract_common/lib/pkgconfig:/root/crs_ws_fanuc/install/swig/lib/x86_64-linux-gnu/pkgconfig:/root/crs_ws_fanuc/install/swig/lib/pkgconfig:/root/crs_ws_fanuc/install/scxml_core/lib/x86_64-linux-gnu/pkgconfig:/root/crs_ws_fanuc/install/scxml_core/lib/pkgconfig:/root/crs_ws_fanuc/install/region_detection_core/lib/x86_64-linux-gnu/pkgconfig:/root/crs_ws_fanuc/install/region_detection_core/lib/pkgconfig:/root/crs_ws_fanuc/install/osqp_eigen/lib/x86_64-linux-gnu/pkgconfig:/root/crs_ws_fanuc/install/osqp_eigen/lib/pkgconfig:/root/crs_ws_fanuc/install/orocos_kdl/lib/x86_64-linux-gnu/pkgconfig:/root/crs_ws_fanuc/install/orocos_kdl/lib/pkgconfig:/root/crs_ws_fanuc/install/descartes_opw/lib/x86_64-linux-gnu/pkgconfig:/root/crs_ws_fanuc/install/descartes_opw/lib/pkgconfig:/root/crs_ws_fanuc/install/opw_kinematics/lib/x86_64-linux-gnu/pkgconfig:/root/crs_ws_fanuc/install/opw_kinematics/lib/pkgconfig:/root/crs_ws_fanuc/install/fcl/lib/x86_64-linux-gnu/pkgconfig:/root/crs_ws_fanuc/install/fcl/lib/pkgconfig:/root/crs_ws_fanuc/install/libccd/lib/x86_64-linux-gnu/pkgconfig:/root/crs_ws_fanuc/install/libccd/lib/pkgconfig:/root/crs_ws_fanuc/install/iterative_spline_parameterization/lib/x86_64-linux-gnu/pkgconfig:/root/crs_ws_fanuc/install/iterative_spline_parameterization/lib/pkgconfig:/root/crs_ws_fanuc/install/gtest/lib/x86_64-linux-gnu/pkgconfig:/root/crs_ws_fanuc/install/gtest/lib/pkgconfig:/root/crs_ws_fanuc/install/descartes_samplers/lib/x86_64-linux-gnu/pkgconfig:/root/crs_ws_fanuc/install/descartes_samplers/lib/pkgconfig:/root/crs_ws_fanuc/install/descartes_ikfast/lib/x86_64-linux-gnu/pkgconfig:/root/crs_ws_fanuc/install/descartes_ikfast/lib/pkgconfig:/root/crs_ws_fanuc/install/descartes_light/lib/x86_64-linux-gnu/pkgconfig:/root/crs_ws_fanuc/install/descartes_light/lib/pkgconfig:/root/crs_ws_fanuc/install/eigen/lib/x86_64-linux-gnu/pkgconfig:/root/crs_ws_fanuc/install/eigen/lib/pkgconfig:/root/crs_ws_fanuc/install/bullet3/lib/x86_64-linux-gnu/pkgconfig:/root/crs_ws_fanuc/install/bullet3/lib/pkgconfig /usr/bin/cmake --build /root/crs_ws_fanuc/build/trajopt_ifopt -- -j8 -l8
[60.881s] Invoking command in '/root/crs_ws_fanuc/build/trajopt_ifopt': CMAKE_PREFIX_PATH=/root/crs_ws_fanuc/install/trajopt:/root/crs_ws_fanuc/install/trajopt_sco:/root/crs_ws_fanuc/install/trajopt_utils:/root/crs_ws_fanuc/install/osqp:/root/crs_ws_fanuc/install/ifopt:/root/crs_ws_fanuc/install/crs_utils_py:/opt/ros/eloquent:/opt/ros/melodic:/root/crs_ws_fanuc/install/trajopt_tools:/root/crs_ws_fanuc/install/vhacd:/root/crs_ws_fanuc/install/crs_gui:/root/crs_ws_fanuc/install/crs_application:/root/crs_ws_fanuc/install/crs_motion_planning:/root/crs_ws_fanuc/install/ur_ikfast_kinematics:/root/crs_ws_fanuc/install/crs_robot_comms:/root/crs_ws_fanuc/install/ur_dashboard_msgs:/root/crs_ws_fanuc/install/trajopt_sqp:/root/crs_ws_fanuc/install/trajopt_ifopt:/root/crs_ws_fanuc/install/tesseract_monitoring:/root/crs_ws_fanuc/install/tesseract_rosutils:/root/crs_ws_fanuc/install/tesseract_process_planners:/root/crs_ws_fanuc/install/tesseract_motion_planners:/root/crs_ws_fanuc/install/tesseract_visualization:/root/crs_ws_fanuc/install/tesseract:/root/crs_ws_fanuc/install/tesseract_urdf:/root/crs_ws_fanuc/install/tesseract_plugins:/root/crs_ws_fanuc/install/tesseract_environment:/root/crs_ws_fanuc/install/tesseract_collision:/root/crs_ws_fanuc/install/tesseract_support:/root/crs_ws_fanuc/install/tesseract_kinematics:/root/crs_ws_fanuc/install/tesseract_scene_graph:/root/crs_ws_fanuc/install/tesseract_msgs:/root/crs_ws_fanuc/install/tesseract_geometry:/root/crs_ws_fanuc/install/tesseract_common:/root/crs_ws_fanuc/install/rclcpp_scxml_demos:/root/crs_ws_fanuc/install/scxml_core:/root/crs_ws_fanuc/install/region_detection_rclcpp:/root/crs_ws_fanuc/install/region_detection_msgs:/root/crs_ws_fanuc/install/region_detection_core:/root/crs_ws_fanuc/install/osqp_eigen:/root/crs_ws_fanuc/install/descartes_opw:/root/crs_ws_fanuc/install/opw_kinematics:/root/crs_ws_fanuc/install/octomap_msgs:/root/crs_ws_fanuc/install/fcl:/root/crs_ws_fanuc/install/libccd:/root/crs_ws_fanuc/install/iterative_spline_parameterization:/root/crs_ws_fanuc/install/gtest:/root/crs_ws_fanuc/install/descartes_samplers:/root/crs_ws_fanuc/install/descartes_ikfast:/root/crs_ws_fanuc/install/descartes_light:/root/crs_ws_fanuc/install/crs_toolpath_gen:/root/crs_ws_fanuc/install/crs_support:/root/crs_ws_fanuc/install/crs_process_data:/root/crs_ws_fanuc/install/crs_perception:/root/crs_ws_fanuc/install/crs_area_selection:/root/crs_ws_fanuc/install/crs_msgs:/root/crs_ws_fanuc/install/crs_gazebo_plugins:/root/crs_ws_fanuc/install/cartesian_trajectory_msgs:/root/crs_ws_fanuc/install/bullet3:/opt/qt513/lib/cmake LD_LIBRARY_PATH=/root/crs_ws_fanuc/install/trajopt/lib:/root/crs_ws_fanuc/install/trajopt_sco/lib:/root/crs_ws_fanuc/install/trajopt_utils/lib:/root/crs_ws_fanuc/install/osqp/lib:/root/crs_ws_fanuc/install/ifopt/lib:/opt/ros/melodic/lib:/root/crs_ws_fanuc/install/vhacd/lib:/root/crs_ws_fanuc/install/crs_gui/lib:/root/crs_ws_fanuc/install/crs_application/lib:/root/crs_ws_fanuc/install/crs_motion_planning/lib:/root/crs_ws_fanuc/install/ur_ikfast_kinematics/lib:/root/crs_ws_fanuc/install/ur_dashboard_msgs/lib:/root/crs_ws_fanuc/install/trajopt_sqp/lib:/root/crs_ws_fanuc/install/trajopt_ifopt/lib:/root/crs_ws_fanuc/install/tesseract_monitoring/lib:/root/crs_ws_fanuc/install/tesseract_process_planners/lib:/root/crs_ws_fanuc/install/tesseract_motion_planners/lib:/root/crs_ws_fanuc/install/tesseract/lib:/root/crs_ws_fanuc/install/tesseract_urdf/lib:/root/crs_ws_fanuc/install/tesseract_plugins/lib:/root/crs_ws_fanuc/install/tesseract_environment/lib:/root/crs_ws_fanuc/install/tesseract_collision/lib:/root/crs_ws_fanuc/install/tesseract_kinematics/lib:/root/crs_ws_fanuc/install/tesseract_scene_graph/lib:/root/crs_ws_fanuc/install/tesseract_msgs/lib:/root/crs_ws_fanuc/install/scxml_core/lib:/root/crs_ws_fanuc/install/region_detection_msgs/lib:/root/crs_ws_fanuc/install/region_detection_core/lib:/root/crs_ws_fanuc/install/osqp_eigen/lib:/root/crs_ws_fanuc/install/descartes_opw/lib:/root/crs_ws_fanuc/install/octomap_msgs/lib:/root/crs_ws_fanuc/install/fcl/lib:/root/crs_ws_fanuc/install/libccd/lib:/root/crs_ws_fanuc/install/gtest/lib:/root/crs_ws_fanuc/install/descartes_samplers/lib:/root/crs_ws_fanuc/install/descartes_light/lib:/root/crs_ws_fanuc/install/crs_perception/lib:/root/crs_ws_fanuc/install/crs_area_selection/lib:/root/crs_ws_fanuc/install/crs_msgs/lib:/root/crs_ws_fanuc/install/crs_gazebo_plugins/lib:/root/crs_ws_fanuc/install/cartesian_trajectory_msgs/lib:/root/crs_ws_fanuc/install/bullet3/lib:/opt/qt513/plugins:/opt/qt513/lib:/usr/lib/x86_64-linux-gnu/gazebo-9/plugins:/opt/ros/eloquent/opt/yaml_cpp_vendor/lib:/opt/ros/eloquent/opt/rviz_ogre_vendor/lib:/opt/ros/eloquent/lib/x86_64-linux-gnu:/opt/ros/eloquent/lib PATH=/root/crs_ws_fanuc/install/trajopt_sco/bin:/opt/ros/melodic/bin:/root/crs_ws_fanuc/install/trajopt_tools/bin:/root/crs_ws_fanuc/install/tesseract_urdf/bin:/root/crs_ws_fanuc/install/tesseract_collision/bin:/root/crs_ws_fanuc/install/tesseract_scene_graph/bin:/root/crs_ws_fanuc/install/tesseract_geometry/bin:/root/crs_ws_fanuc/install/swig/bin:/root/crs_ws_fanuc/install/region_detection_core/bin:/opt/ros/eloquent/bin:/usr/local/sbin:/usr/local/bin:/usr/sbin:/usr/bin:/sbin:/bin PKG_CONFIG_PATH=/root/crs_ws_fanuc/install/trajopt/lib/x86_64-linux-gnu/pkgconfig:/root/crs_ws_fanuc/install/trajopt/lib/pkgconfig:/root/crs_ws_fanuc/install/trajopt_sco/lib/x86_64-linux-gnu/pkgconfig:/root/crs_ws_fanuc/install/trajopt_sco/lib/pkgconfig:/root/crs_ws_fanuc/install/trajopt_utils/lib/x86_64-linux-gnu/pkgconfig:/root/crs_ws_fanuc/install/trajopt_utils/lib/pkgconfig:/root/crs_ws_fanuc/install/osqp/lib/x86_64-linux-gnu/pkgconfig:/root/crs_ws_fanuc/install/osqp/lib/pkgconfig:/root/crs_ws_fanuc/install/ifopt/lib/x86_64-linux-gnu/pkgconfig:/root/crs_ws_fanuc/install/ifopt/lib/pkgconfig:/opt/ros/melodic/lib/pkgconfig:/root/crs_ws_fanuc/install/trajopt_tools/lib/x86_64-linux-gnu/pkgconfig:/root/crs_ws_fanuc/install/trajopt_tools/lib/pkgconfig:/root/crs_ws_fanuc/install/vhacd/lib/x86_64-linux-gnu/pkgconfig:/root/crs_ws_fanuc/install/vhacd/lib/pkgconfig:/root/crs_ws_fanuc/install/ur_ikfast_kinematics/lib/x86_64-linux-gnu/pkgconfig:/root/crs_ws_fanuc/install/ur_ikfast_kinematics/lib/pkgconfig:/root/crs_ws_fanuc/install/trajopt_sqp/lib/x86_64-linux-gnu/pkgconfig:/root/crs_ws_fanuc/install/trajopt_sqp/lib/pkgconfig:/root/crs_ws_fanuc/install/trajopt_ifopt/lib/x86_64-linux-gnu/pkgconfig:/root/crs_ws_fanuc/install/trajopt_ifopt/lib/pkgconfig:/root/crs_ws_fanuc/install/tesseract_viewer_python/lib/x86_64-linux-gnu/pkgconfig:/root/crs_ws_fanuc/install/tesseract_viewer_python/lib/pkgconfig:/root/crs_ws_fanuc/install/tesseract_python/lib/x86_64-linux-gnu/pkgconfig:/root/crs_ws_fanuc/install/tesseract_python/lib/pkgconfig:/root/crs_ws_fanuc/install/tesseract_process_planners/lib/x86_64-linux-gnu/pkgconfig:/root/crs_ws_fanuc/install/tesseract_process_planners/lib/pkgconfig:/root/crs_ws_fanuc/install/tesseract_motion_planners/lib/x86_64-linux-gnu/pkgconfig:/root/crs_ws_fanuc/install/tesseract_motion_planners/lib/pkgconfig:/root/crs_ws_fanuc/install/tesseract_visualization/lib/x86_64-linux-gnu/pkgconfig:/root/crs_ws_fanuc/install/tesseract_visualization/lib/pkgconfig:/root/crs_ws_fanuc/install/tesseract/lib/x86_64-linux-gnu/pkgconfig:/root/crs_ws_fanuc/install/tesseract/lib/pkgconfig:/root/crs_ws_fanuc/install/tesseract_urdf/lib/x86_64-linux-gnu/pkgconfig:/root/crs_ws_fanuc/install/tesseract_urdf/lib/pkgconfig:/root/crs_ws_fanuc/install/tesseract_environment/lib/x86_64-linux-gnu/pkgconfig:/root/crs_ws_fanuc/install/tesseract_environment/lib/pkgconfig:/root/crs_ws_fanuc/install/tesseract_collision/lib/x86_64-linux-gnu/pkgconfig:/root/crs_ws_fanuc/install/tesseract_collision/lib/pkgconfig:/root/crs_ws_fanuc/install/tesseract_support/lib/x86_64-linux-gnu/pkgconfig:/root/crs_ws_fanuc/install/tesseract_support/lib/pkgconfig:/root/crs_ws_fanuc/install/tesseract_kinematics/lib/x86_64-linux-gnu/pkgconfig:/root/crs_ws_fanuc/install/tesseract_kinematics/lib/pkgconfig:/root/crs_ws_fanuc/install/tesseract_scene_graph/lib/x86_64-linux-gnu/pkgconfig:/root/crs_ws_fanuc/install/tesseract_scene_graph/lib/pkgconfig:/root/crs_ws_fanuc/install/tesseract_geometry/lib/x86_64-linux-gnu/pkgconfig:/root/crs_ws_fanuc/install/tesseract_geometry/lib/pkgconfig:/root/crs_ws_fanuc/install/tesseract_common/lib/x86_64-linux-gnu/pkgconfig:/root/crs_ws_fanuc/install/tesseract_common/lib/pkgconfig:/root/crs_ws_fanuc/install/swig/lib/x86_64-linux-gnu/pkgconfig:/root/crs_ws_fanuc/install/swig/lib/pkgconfig:/root/crs_ws_fanuc/install/scxml_core/lib/x86_64-linux-gnu/pkgconfig:/root/crs_ws_fanuc/install/scxml_core/lib/pkgconfig:/root/crs_ws_fanuc/install/region_detection_core/lib/x86_64-linux-gnu/pkgconfig:/root/crs_ws_fanuc/install/region_detection_core/lib/pkgconfig:/root/crs_ws_fanuc/install/osqp_eigen/lib/x86_64-linux-gnu/pkgconfig:/root/crs_ws_fanuc/install/osqp_eigen/lib/pkgconfig:/root/crs_ws_fanuc/install/orocos_kdl/lib/x86_64-linux-gnu/pkgconfig:/root/crs_ws_fanuc/install/orocos_kdl/lib/pkgconfig:/root/crs_ws_fanuc/install/descartes_opw/lib/x86_64-linux-gnu/pkgconfig:/root/crs_ws_fanuc/install/descartes_opw/lib/pkgconfig:/root/crs_ws_fanuc/install/opw_kinematics/lib/x86_64-linux-gnu/pkgconfig:/root/crs_ws_fanuc/install/opw_kinematics/lib/pkgconfig:/root/crs_ws_fanuc/install/fcl/lib/x86_64-linux-gnu/pkgconfig:/root/crs_ws_fanuc/install/fcl/lib/pkgconfig:/root/crs_ws_fanuc/install/libccd/lib/x86_64-linux-gnu/pkgconfig:/root/crs_ws_fanuc/install/libccd/lib/pkgconfig:/root/crs_ws_fanuc/install/iterative_spline_parameterization/lib/x86_64-linux-gnu/pkgconfig:/root/crs_ws_fanuc/install/iterative_spline_parameterization/lib/pkgconfig:/root/crs_ws_fanuc/install/gtest/lib/x86_64-linux-gnu/pkgconfig:/root/crs_ws_fanuc/install/gtest/lib/pkgconfig:/root/crs_ws_fanuc/install/descartes_samplers/lib/x86_64-linux-gnu/pkgconfig:/root/crs_ws_fanuc/install/descartes_samplers/lib/pkgconfig:/root/crs_ws_fanuc/install/descartes_ikfast/lib/x86_64-linux-gnu/pkgconfig:/root/crs_ws_fanuc/install/descartes_ikfast/lib/pkgconfig:/root/crs_ws_fanuc/install/descartes_light/lib/x86_64-linux-gnu/pkgconfig:/root/crs_ws_fanuc/install/descartes_light/lib/pkgconfig:/root/crs_ws_fanuc/install/eigen/lib/x86_64-linux-gnu/pkgconfig:/root/crs_ws_fanuc/install/eigen/lib/pkgconfig:/root/crs_ws_fanuc/install/bullet3/lib/x86_64-linux-gnu/pkgconfig:/root/crs_ws_fanuc/install/bullet3/lib/pkgconfig /usr/bin/cmake --build /root/crs_ws_fanuc/build/trajopt_ifopt --target install -- -j8 -l8
[61.112s] [100%] Built target trajopt_ifopt
[61.166s] [36mInstall the project...[0m
[61.190s] -- Install configuration: ""
[61.191s] -- Installing: /root/crs_ws_fanuc/install/trajopt_ifopt/lib/libtrajopt_ifopt.so
[61.203s] -- Set runtime path of "/root/crs_ws_fanuc/install/trajopt_ifopt/lib/libtrajopt_ifopt.so" to ""
[61.204s] -- Installing: /root/crs_ws_fanuc/install/trajopt_ifopt/lib/cmake/trajopt_ifopt/trajopt_ifopt-targets.cmake
[61.204s] -- Installing: /root/crs_ws_fanuc/install/trajopt_ifopt/lib/cmake/trajopt_ifopt/trajopt_ifopt-targets-noconfig.cmake
[61.204s] -- Installing: /root/crs_ws_fanuc/install/trajopt_ifopt/share/trajopt_ifopt/package.xml
[61.204s] -- Installing: /root/crs_ws_fanuc/install/trajopt_ifopt/lib/cmake/trajopt_ifopt/trajopt_ifopt-config.cmake
[61.204s] -- Installing: /root/crs_ws_fanuc/install/trajopt_ifopt/lib/cmake/trajopt_ifopt/trajopt_ifopt-config-version.cmake
[61.205s] -- Up-to-date: /root/crs_ws_fanuc/install/trajopt_ifopt/include/trajopt_ifopt
[61.205s] -- Up-to-date: /root/crs_ws_fanuc/install/trajopt_ifopt/include/trajopt_ifopt/costs
[61.205s] -- Installing: /root/crs_ws_fanuc/install/trajopt_ifopt/include/trajopt_ifopt/costs/squared_cost.h
[61.205s] -- Up-to-date: /root/crs_ws_fanuc/install/trajopt_ifopt/include/trajopt_ifopt/constraints
[61.205s] -- Installing: /root/crs_ws_fanuc/install/trajopt_ifopt/include/trajopt_ifopt/constraints/collision_constraint.h
[61.206s] -- Installing: /root/crs_ws_fanuc/install/trajopt_ifopt/include/trajopt_ifopt/constraints/joint_velocity_constraint.h
[61.206s] -- Installing: /root/crs_ws_fanuc/install/trajopt_ifopt/include/trajopt_ifopt/constraints/joint_position_constraint.h
[61.206s] -- Installing: /root/crs_ws_fanuc/install/trajopt_ifopt/include/trajopt_ifopt/constraints/inverse_kinematics_constraint.h
[61.206s] -- Installing: /root/crs_ws_fanuc/install/trajopt_ifopt/include/trajopt_ifopt/constraints/cartesian_position_constraint.h
[61.207s] -- Up-to-date: /root/crs_ws_fanuc/install/trajopt_ifopt/include/trajopt_ifopt/variable_sets
[61.207s] -- Installing: /root/crs_ws_fanuc/install/trajopt_ifopt/include/trajopt_ifopt/variable_sets/joint_position_variable.h
[61.207s] -- Up-to-date: /root/crs_ws_fanuc/install/trajopt_ifopt/include/trajopt_ifopt/utils
[61.207s] -- Installing: /root/crs_ws_fanuc/install/trajopt_ifopt/include/trajopt_ifopt/utils/ifopt_utils.h
[61.207s] -- Installing: /root/crs_ws_fanuc/install/trajopt_ifopt/include/trajopt_ifopt/utils/numeric_differentiation.h
[61.208s] -- Installing: /root/crs_ws_fanuc/install/trajopt_ifopt/include/trajopt_ifopt/utils/trajopt_utils.h
[61.211s] Invoked command in '/root/crs_ws_fanuc/build/trajopt_ifopt' returned '0': CMAKE_PREFIX_PATH=/root/crs_ws_fanuc/install/trajopt:/root/crs_ws_fanuc/install/trajopt_sco:/root/crs_ws_fanuc/install/trajopt_utils:/root/crs_ws_fanuc/install/osqp:/root/crs_ws_fanuc/install/ifopt:/root/crs_ws_fanuc/install/crs_utils_py:/opt/ros/eloquent:/opt/ros/melodic:/root/crs_ws_fanuc/install/trajopt_tools:/root/crs_ws_fanuc/install/vhacd:/root/crs_ws_fanuc/install/crs_gui:/root/crs_ws_fanuc/install/crs_application:/root/crs_ws_fanuc/install/crs_motion_planning:/root/crs_ws_fanuc/install/ur_ikfast_kinematics:/root/crs_ws_fanuc/install/crs_robot_comms:/root/crs_ws_fanuc/install/ur_dashboard_msgs:/root/crs_ws_fanuc/install/trajopt_sqp:/root/crs_ws_fanuc/install/trajopt_ifopt:/root/crs_ws_fanuc/install/tesseract_monitoring:/root/crs_ws_fanuc/install/tesseract_rosutils:/root/crs_ws_fanuc/install/tesseract_process_planners:/root/crs_ws_fanuc/install/tesseract_motion_planners:/root/crs_ws_fanuc/install/tesseract_visualization:/root/crs_ws_fanuc/install/tesseract:/root/crs_ws_fanuc/install/tesseract_urdf:/root/crs_ws_fanuc/install/tesseract_plugins:/root/crs_ws_fanuc/install/tesseract_environment:/root/crs_ws_fanuc/install/tesseract_collision:/root/crs_ws_fanuc/install/tesseract_support:/root/crs_ws_fanuc/install/tesseract_kinematics:/root/crs_ws_fanuc/install/tesseract_scene_graph:/root/crs_ws_fanuc/install/tesseract_msgs:/root/crs_ws_fanuc/install/tesseract_geometry:/root/crs_ws_fanuc/install/tesseract_common:/root/crs_ws_fanuc/install/rclcpp_scxml_demos:/root/crs_ws_fanuc/install/scxml_core:/root/crs_ws_fanuc/install/region_detection_rclcpp:/root/crs_ws_fanuc/install/region_detection_msgs:/root/crs_ws_fanuc/install/region_detection_core:/root/crs_ws_fanuc/install/osqp_eigen:/root/crs_ws_fanuc/install/descartes_opw:/root/crs_ws_fanuc/install/opw_kinematics:/root/crs_ws_fanuc/install/octomap_msgs:/root/crs_ws_fanuc/install/fcl:/root/crs_ws_fanuc/install/libccd:/root/crs_ws_fanuc/install/iterative_spline_parameterization:/root/crs_ws_fanuc/install/gtest:/root/crs_ws_fanuc/install/descartes_samplers:/root/crs_ws_fanuc/install/descartes_ikfast:/root/crs_ws_fanuc/install/descartes_light:/root/crs_ws_fanuc/install/crs_toolpath_gen:/root/crs_ws_fanuc/install/crs_support:/root/crs_ws_fanuc/install/crs_process_data:/root/crs_ws_fanuc/install/crs_perception:/root/crs_ws_fanuc/install/crs_area_selection:/root/crs_ws_fanuc/install/crs_msgs:/root/crs_ws_fanuc/install/crs_gazebo_plugins:/root/crs_ws_fanuc/install/cartesian_trajectory_msgs:/root/crs_ws_fanuc/install/bullet3:/opt/qt513/lib/cmake LD_LIBRARY_PATH=/root/crs_ws_fanuc/install/trajopt/lib:/root/crs_ws_fanuc/install/trajopt_sco/lib:/root/crs_ws_fanuc/install/trajopt_utils/lib:/root/crs_ws_fanuc/install/osqp/lib:/root/crs_ws_fanuc/install/ifopt/lib:/opt/ros/melodic/lib:/root/crs_ws_fanuc/install/vhacd/lib:/root/crs_ws_fanuc/install/crs_gui/lib:/root/crs_ws_fanuc/install/crs_application/lib:/root/crs_ws_fanuc/install/crs_motion_planning/lib:/root/crs_ws_fanuc/install/ur_ikfast_kinematics/lib:/root/crs_ws_fanuc/install/ur_dashboard_msgs/lib:/root/crs_ws_fanuc/install/trajopt_sqp/lib:/root/crs_ws_fanuc/install/trajopt_ifopt/lib:/root/crs_ws_fanuc/install/tesseract_monitoring/lib:/root/crs_ws_fanuc/install/tesseract_process_planners/lib:/root/crs_ws_fanuc/install/tesseract_motion_planners/lib:/root/crs_ws_fanuc/install/tesseract/lib:/root/crs_ws_fanuc/install/tesseract_urdf/lib:/root/crs_ws_fanuc/install/tesseract_plugins/lib:/root/crs_ws_fanuc/install/tesseract_environment/lib:/root/crs_ws_fanuc/install/tesseract_collision/lib:/root/crs_ws_fanuc/install/tesseract_kinematics/lib:/root/crs_ws_fanuc/install/tesseract_scene_graph/lib:/root/crs_ws_fanuc/install/tesseract_msgs/lib:/root/crs_ws_fanuc/install/scxml_core/lib:/root/crs_ws_fanuc/install/region_detection_msgs/lib:/root/crs_ws_fanuc/install/region_detection_core/lib:/root/crs_ws_fanuc/install/osqp_eigen/lib:/root/crs_ws_fanuc/install/descartes_opw/lib:/root/crs_ws_fanuc/install/octomap_msgs/lib:/root/crs_ws_fanuc/install/fcl/lib:/root/crs_ws_fanuc/install/libccd/lib:/root/crs_ws_fanuc/install/gtest/lib:/root/crs_ws_fanuc/install/descartes_samplers/lib:/root/crs_ws_fanuc/install/descartes_light/lib:/root/crs_ws_fanuc/install/crs_perception/lib:/root/crs_ws_fanuc/install/crs_area_selection/lib:/root/crs_ws_fanuc/install/crs_msgs/lib:/root/crs_ws_fanuc/install/crs_gazebo_plugins/lib:/root/crs_ws_fanuc/install/cartesian_trajectory_msgs/lib:/root/crs_ws_fanuc/install/bullet3/lib:/opt/qt513/plugins:/opt/qt513/lib:/usr/lib/x86_64-linux-gnu/gazebo-9/plugins:/opt/ros/eloquent/opt/yaml_cpp_vendor/lib:/opt/ros/eloquent/opt/rviz_ogre_vendor/lib:/opt/ros/eloquent/lib/x86_64-linux-gnu:/opt/ros/eloquent/lib PATH=/root/crs_ws_fanuc/install/trajopt_sco/bin:/opt/ros/melodic/bin:/root/crs_ws_fanuc/install/trajopt_tools/bin:/root/crs_ws_fanuc/install/tesseract_urdf/bin:/root/crs_ws_fanuc/install/tesseract_collision/bin:/root/crs_ws_fanuc/install/tesseract_scene_graph/bin:/root/crs_ws_fanuc/install/tesseract_geometry/bin:/root/crs_ws_fanuc/install/swig/bin:/root/crs_ws_fanuc/install/region_detection_core/bin:/opt/ros/eloquent/bin:/usr/local/sbin:/usr/local/bin:/usr/sbin:/usr/bin:/sbin:/bin PKG_CONFIG_PATH=/root/crs_ws_fanuc/install/trajopt/lib/x86_64-linux-gnu/pkgconfig:/root/crs_ws_fanuc/install/trajopt/lib/pkgconfig:/root/crs_ws_fanuc/install/trajopt_sco/lib/x86_64-linux-gnu/pkgconfig:/root/crs_ws_fanuc/install/trajopt_sco/lib/pkgconfig:/root/crs_ws_fanuc/install/trajopt_utils/lib/x86_64-linux-gnu/pkgconfig:/root/crs_ws_fanuc/install/trajopt_utils/lib/pkgconfig:/root/crs_ws_fanuc/install/osqp/lib/x86_64-linux-gnu/pkgconfig:/root/crs_ws_fanuc/install/osqp/lib/pkgconfig:/root/crs_ws_fanuc/install/ifopt/lib/x86_64-linux-gnu/pkgconfig:/root/crs_ws_fanuc/install/ifopt/lib/pkgconfig:/opt/ros/melodic/lib/pkgconfig:/root/crs_ws_fanuc/install/trajopt_tools/lib/x86_64-linux-gnu/pkgconfig:/root/crs_ws_fanuc/install/trajopt_tools/lib/pkgconfig:/root/crs_ws_fanuc/install/vhacd/lib/x86_64-linux-gnu/pkgconfig:/root/crs_ws_fanuc/install/vhacd/lib/pkgconfig:/root/crs_ws_fanuc/install/ur_ikfast_kinematics/lib/x86_64-linux-gnu/pkgconfig:/root/crs_ws_fanuc/install/ur_ikfast_kinematics/lib/pkgconfig:/root/crs_ws_fanuc/install/trajopt_sqp/lib/x86_64-linux-gnu/pkgconfig:/root/crs_ws_fanuc/install/trajopt_sqp/lib/pkgconfig:/root/crs_ws_fanuc/install/trajopt_ifopt/lib/x86_64-linux-gnu/pkgconfig:/root/crs_ws_fanuc/install/trajopt_ifopt/lib/pkgconfig:/root/crs_ws_fanuc/install/tesseract_viewer_python/lib/x86_64-linux-gnu/pkgconfig:/root/crs_ws_fanuc/install/tesseract_viewer_python/lib/pkgconfig:/root/crs_ws_fanuc/install/tesseract_python/lib/x86_64-linux-gnu/pkgconfig:/root/crs_ws_fanuc/install/tesseract_python/lib/pkgconfig:/root/crs_ws_fanuc/install/tesseract_process_planners/lib/x86_64-linux-gnu/pkgconfig:/root/crs_ws_fanuc/install/tesseract_process_planners/lib/pkgconfig:/root/crs_ws_fanuc/install/tesseract_motion_planners/lib/x86_64-linux-gnu/pkgconfig:/root/crs_ws_fanuc/install/tesseract_motion_planners/lib/pkgconfig:/root/crs_ws_fanuc/install/tesseract_visualization/lib/x86_64-linux-gnu/pkgconfig:/root/crs_ws_fanuc/install/tesseract_visualization/lib/pkgconfig:/root/crs_ws_fanuc/install/tesseract/lib/x86_64-linux-gnu/pkgconfig:/root/crs_ws_fanuc/install/tesseract/lib/pkgconfig:/root/crs_ws_fanuc/install/tesseract_urdf/lib/x86_64-linux-gnu/pkgconfig:/root/crs_ws_fanuc/install/tesseract_urdf/lib/pkgconfig:/root/crs_ws_fanuc/install/tesseract_environment/lib/x86_64-linux-gnu/pkgconfig:/root/crs_ws_fanuc/install/tesseract_environment/lib/pkgconfig:/root/crs_ws_fanuc/install/tesseract_collision/lib/x86_64-linux-gnu/pkgconfig:/root/crs_ws_fanuc/install/tesseract_collision/lib/pkgconfig:/root/crs_ws_fanuc/install/tesseract_support/lib/x86_64-linux-gnu/pkgconfig:/root/crs_ws_fanuc/install/tesseract_support/lib/pkgconfig:/root/crs_ws_fanuc/install/tesseract_kinematics/lib/x86_64-linux-gnu/pkgconfig:/root/crs_ws_fanuc/install/tesseract_kinematics/lib/pkgconfig:/root/crs_ws_fanuc/install/tesseract_scene_graph/lib/x86_64-linux-gnu/pkgconfig:/root/crs_ws_fanuc/install/tesseract_scene_graph/lib/pkgconfig:/root/crs_ws_fanuc/install/tesseract_geometry/lib/x86_64-linux-gnu/pkgconfig:/root/crs_ws_fanuc/install/tesseract_geometry/lib/pkgconfig:/root/crs_ws_fanuc/install/tesseract_common/lib/x86_64-linux-gnu/pkgconfig:/root/crs_ws_fanuc/install/tesseract_common/lib/pkgconfig:/root/crs_ws_fanuc/install/swig/lib/x86_64-linux-gnu/pkgconfig:/root/crs_ws_fanuc/install/swig/lib/pkgconfig:/root/crs_ws_fanuc/install/scxml_core/lib/x86_64-linux-gnu/pkgconfig:/root/crs_ws_fanuc/install/scxml_core/lib/pkgconfig:/root/crs_ws_fanuc/install/region_detection_core/lib/x86_64-linux-gnu/pkgconfig:/root/crs_ws_fanuc/install/region_detection_core/lib/pkgconfig:/root/crs_ws_fanuc/install/osqp_eigen/lib/x86_64-linux-gnu/pkgconfig:/root/crs_ws_fanuc/install/osqp_eigen/lib/pkgconfig:/root/crs_ws_fanuc/install/orocos_kdl/lib/x86_64-linux-gnu/pkgconfig:/root/crs_ws_fanuc/install/orocos_kdl/lib/pkgconfig:/root/crs_ws_fanuc/install/descartes_opw/lib/x86_64-linux-gnu/pkgconfig:/root/crs_ws_fanuc/install/descartes_opw/lib/pkgconfig:/root/crs_ws_fanuc/install/opw_kinematics/lib/x86_64-linux-gnu/pkgconfig:/root/crs_ws_fanuc/install/opw_kinematics/lib/pkgconfig:/root/crs_ws_fanuc/install/fcl/lib/x86_64-linux-gnu/pkgconfig:/root/crs_ws_fanuc/install/fcl/lib/pkgconfig:/root/crs_ws_fanuc/install/libccd/lib/x86_64-linux-gnu/pkgconfig:/root/crs_ws_fanuc/install/libccd/lib/pkgconfig:/root/crs_ws_fanuc/install/iterative_spline_parameterization/lib/x86_64-linux-gnu/pkgconfig:/root/crs_ws_fanuc/install/iterative_spline_parameterization/lib/pkgconfig:/root/crs_ws_fanuc/install/gtest/lib/x86_64-linux-gnu/pkgconfig:/root/crs_ws_fanuc/install/gtest/lib/pkgconfig:/root/crs_ws_fanuc/install/descartes_samplers/lib/x86_64-linux-gnu/pkgconfig:/root/crs_ws_fanuc/install/descartes_samplers/lib/pkgconfig:/root/crs_ws_fanuc/install/descartes_ikfast/lib/x86_64-linux-gnu/pkgconfig:/root/crs_ws_fanuc/install/descartes_ikfast/lib/pkgconfig:/root/crs_ws_fanuc/install/descartes_light/lib/x86_64-linux-gnu/pkgconfig:/root/crs_ws_fanuc/install/descartes_light/lib/pkgconfig:/root/crs_ws_fanuc/install/eigen/lib/x86_64-linux-gnu/pkgconfig:/root/crs_ws_fanuc/install/eigen/lib/pkgconfig:/root/crs_ws_fanuc/install/bullet3/lib/x86_64-linux-gnu/pkgconfig:/root/crs_ws_fanuc/install/bullet3/lib/pkgconfig /usr/bin/cmake --build /root/crs_ws_fanuc/build/trajopt_ifopt --target install -- -j8 -l8
