-- Configuring done
-- Generating done
-- Build files have been written to: /root/crs_ws_fanuc/build/descartes_samplers
[100%] Built target descartes_samplers
[100%] Built target descartes_samplers
[36mInstall the project...[0m
-- Install configuration: "Debug"
-- Up-to-date: /root/crs_ws_fanuc/install/descartes_samplers/lib/libdescartes_samplers.so
-- Up-to-date: /root/crs_ws_fanuc/install/descartes_samplers/lib/cmake/descartes_samplers/descartes_samplers-targets.cmake
-- Installing: /root/crs_ws_fanuc/install/descartes_samplers/lib/cmake/descartes_samplers/descartes_samplers-targets-debug.cmake
-- Up-to-date: /root/crs_ws_fanuc/install/descartes_samplers/share/descartes_samplers/package.xml
-- Up-to-date: /root/crs_ws_fanuc/install/descartes_samplers/lib/cmake/descartes_samplers/descartes_samplers-config.cmake
-- Up-to-date: /root/crs_ws_fanuc/install/descartes_samplers/lib/cmake/descartes_samplers/descartes_samplers-config-version.cmake
-- Up-to-date: /root/crs_ws_fanuc/install/descartes_samplers/include/descartes_samplers
-- Up-to-date: /root/crs_ws_fanuc/install/descartes_samplers/include/descartes_samplers/samplers
-- Up-to-date: /root/crs_ws_fanuc/install/descartes_samplers/include/descartes_samplers/samplers/external_axis_sampler.h
-- Up-to-date: /root/crs_ws_fanuc/install/descartes_samplers/include/descartes_samplers/samplers/impl
-- Up-to-date: /root/crs_ws_fanuc/install/descartes_samplers/include/descartes_samplers/samplers/impl/railed_axial_symmetric_sampler.hpp
-- Up-to-date: /root/crs_ws_fanuc/install/descartes_samplers/include/descartes_samplers/samplers/impl/axial_symmetric_sampler.hpp
-- Up-to-date: /root/crs_ws_fanuc/install/descartes_samplers/include/descartes_samplers/samplers/impl/external_axis_sampler.hpp
-- Up-to-date: /root/crs_ws_fanuc/install/descartes_samplers/include/descartes_samplers/samplers/impl/railed_cartesian_point_sampler.hpp
-- Up-to-date: /root/crs_ws_fanuc/install/descartes_samplers/include/descartes_samplers/samplers/impl/fixed_joint_pose_sampler.hpp
-- Up-to-date: /root/crs_ws_fanuc/install/descartes_samplers/include/descartes_samplers/samplers/impl/cartesian_point_sampler.hpp
-- Up-to-date: /root/crs_ws_fanuc/install/descartes_samplers/include/descartes_samplers/samplers/cartesian_point_sampler.h
-- Up-to-date: /root/crs_ws_fanuc/install/descartes_samplers/include/descartes_samplers/samplers/railed_cartesian_point_sampler.h
-- Up-to-date: /root/crs_ws_fanuc/install/descartes_samplers/include/descartes_samplers/samplers/fixed_joint_pose_sampler.h
-- Up-to-date: /root/crs_ws_fanuc/install/descartes_samplers/include/descartes_samplers/samplers/axial_symmetric_sampler.h
-- Up-to-date: /root/crs_ws_fanuc/install/descartes_samplers/include/descartes_samplers/samplers/railed_axial_symmetric_sampler.h
-- Up-to-date: /root/crs_ws_fanuc/install/descartes_samplers/include/descartes_samplers/evaluators
-- Up-to-date: /root/crs_ws_fanuc/install/descartes_samplers/include/descartes_samplers/evaluators/impl
-- Up-to-date: /root/crs_ws_fanuc/install/descartes_samplers/include/descartes_samplers/evaluators/impl/distance_edge_evaluator.hpp
-- Up-to-date: /root/crs_ws_fanuc/install/descartes_samplers/include/descartes_samplers/evaluators/impl/euclidean_distance_edge_evaluator.hpp
-- Up-to-date: /root/crs_ws_fanuc/install/descartes_samplers/include/descartes_samplers/evaluators/impl/gantry_euclidean_distance_edge_evaluator.hpp
-- Up-to-date: /root/crs_ws_fanuc/install/descartes_samplers/include/descartes_samplers/evaluators/gantry_euclidean_distance_edge_evaluator.h
-- Up-to-date: /root/crs_ws_fanuc/install/descartes_samplers/include/descartes_samplers/evaluators/distance_edge_evaluator.h
-- Up-to-date: /root/crs_ws_fanuc/install/descartes_samplers/include/descartes_samplers/evaluators/euclidean_distance_edge_evaluator.h
