** WARNING ** io features related to ensenso will be disabled
** WARNING ** io features related to davidSDK will be disabled
** WARNING ** io features related to dssdk will be disabled
** WARNING ** io features related to pcap will be disabled
** WARNING ** io features related to png will be disabled
** WARNING ** io features related to libusb-1.0 will be disabled
** WARNING ** visualization features related to ensenso will be disabled
** WARNING ** visualization features related to davidSDK will be disabled
** WARNING ** visualization features related to dssdk will be disabled
** WARNING ** visualization features related to rssdk will be disabled
In file included from /root/crs_ws_fanuc/src/collaborative-robotic-sanding/crs_motion_planning/src/path_processing_utils.cpp:3:0:
/root/crs_ws_fanuc/src/collaborative-robotic-sanding/crs_motion_planning/include/crs_motion_planning/path_processing_utils.h:54:103: warning: conversion to 'float' alters 'double' constant value [-Wfloat-conversion]
                                              const std::array<float, 4> color = { 1.0, 0.8, 1.0, 1.0 });
                                                                                                       ^
/root/crs_ws_fanuc/src/collaborative-robotic-sanding/crs_motion_planning/include/crs_motion_planning/path_processing_utils.h:96:98: warning: conversion to 'float' alters 'double' constant value [-Wfloat-conversion]
     const std::tuple<float, float, float, float>& point_rgba = std::make_tuple(0.1, .8, 0.2, 1.0));
                                                                                                  ^
/root/crs_ws_fanuc/src/collaborative-robotic-sanding/crs_motion_planning/include/crs_motion_planning/path_processing_utils.h:96:98: warning: conversion to 'float' alters 'double' constant value [-Wfloat-conversion]
/root/crs_ws_fanuc/src/collaborative-robotic-sanding/crs_motion_planning/src/path_processing_utils.cpp: In function 'bool crs_motion_planning::parsePathFromFile(const string&, const string&, std::vector<geometry_msgs::msg::PoseArray_<std::allocator<void> > >&)':
/root/crs_ws_fanuc/src/collaborative-robotic-sanding/crs_motion_planning/src/path_processing_utils.cpp:124:35: warning: conversion to 'int' from 'std::size_t {aka long unsigned int}' may alter its value [-Wconversion]
         for (int i = strip.size() - 1; i >= 0; --i)
                      ~~~~~~~~~~~~~^~~
/root/crs_ws_fanuc/src/collaborative-robotic-sanding/crs_motion_planning/src/path_processing_utils.cpp:60:12: warning: unused variable 'count' [-Wunused-variable]
     size_t count = 0;
            ^~~~~
/root/crs_ws_fanuc/src/collaborative-robotic-sanding/crs_motion_planning/src/path_processing_utils.cpp: In function 'visualization_msgs::msg::MarkerArray crs_motion_planning::convertToAxisMarkers(const std::vector<geometry_msgs::msg::PoseArray_<std::allocator<void> > >&, const string&, const string&, const size_t&, const double&, const double&, const std::array<float, 6>&)':
/root/crs_ws_fanuc/src/collaborative-robotic-sanding/crs_motion_planning/src/path_processing_utils.cpp:231:19: warning: conversion to 'int' from 'std::size_t {aka long unsigned int}' may alter its value [-Wconversion]
   int marker_id = start_id;
                   ^~~~~~~~
/root/crs_ws_fanuc/src/collaborative-robotic-sanding/crs_motion_planning/src/path_processing_utils.cpp: In function 'visualization_msgs::msg::MarkerArray crs_motion_planning::convertToDottedLineMarker(const std::vector<geometry_msgs::msg::PoseArray_<std::allocator<void> > >&, const string&, const string&, const size_t&, const std::array<float, 6>&, const float&, const float&, const std::tuple<float, float, float, float>&, const std::tuple<float, float, float, float>&)':
/root/crs_ws_fanuc/src/collaborative-robotic-sanding/crs_motion_planning/src/path_processing_utils.cpp:293:20: warning: conversion to 'visualization_msgs::msg::Marker_<std::allocator<void> >::_id_type {aka int}' from 'std::size_t {aka long unsigned int}' may alter its value [-Wconversion]
   line_marker.id = start_id;
                    ^~~~~~~~
/root/crs_ws_fanuc/src/collaborative-robotic-sanding/crs_motion_planning/src/path_processing_utils.cpp:307:20: warning: conversion to 'int' from 'std::size_t {aka long unsigned int}' may alter its value [-Wconversion]
   int id_counter = start_id;
                    ^~~~~~~~
/root/crs_ws_fanuc/src/collaborative-robotic-sanding/crs_motion_planning/src/path_processing_utils.cpp: In function 'void crs_motion_planning::cleanRasterStrip(const PoseArray&, const std::vector<long unsigned int>&, std::vector<geometry_msgs::msg::PoseArray_<std::allocator<void> > >&, geometry_msgs::msg::PoseArray&)':
/root/crs_ws_fanuc/src/collaborative-robotic-sanding/crs_motion_planning/src/path_processing_utils.cpp:437:49: warning: conversion to 'std::vector<geometry_msgs::msg::Pose_<std::allocator<void> >, std::allocator<geometry_msgs::msg::Pose_<std::allocator<void> > > >::size_type {aka long unsigned int}' from 'int' may change the sign of the result [-Wsign-conversion]
       if (curr_raster_pose_array.poses.size() > min_len_raster)
                                                 ^~~~~~~~~~~~~~
/root/crs_ws_fanuc/src/collaborative-robotic-sanding/crs_motion_planning/src/path_processing_utils.cpp:450:45: warning: conversion to 'std::vector<geometry_msgs::msg::Pose_<std::allocator<void> >, std::allocator<geometry_msgs::msg::Pose_<std::allocator<void> > > >::size_type {aka long unsigned int}' from 'int' may change the sign of the result [-Wsign-conversion]
   if (curr_raster_pose_array.poses.size() > min_len_raster)
                                             ^~~~~~~~~~~~~~
/root/crs_ws_fanuc/src/collaborative-robotic-sanding/crs_motion_planning/src/path_processing_utils.cpp: In function 'bool crs_motion_planning::timeParameterizeFreespace(const JointTrajectory&, const double&, const double&, trajectory_msgs::msg::JointTrajectory&)':
/root/crs_ws_fanuc/src/collaborative-robotic-sanding/crs_motion_planning/src/path_processing_utils.cpp:715:43: warning: conversion to '__gnu_cxx::__normal_iterator<iterative_spline_parameterization::TrajectoryState*, std::vector<iterative_spline_parameterization::TrajectoryState> >::difference_type {aka long int}' from 'size_t {aka long unsigned int}' may change the sign of the result [-Wsign-conversion]
       waypoints.erase(waypoints.begin() + i);
                                           ^
/root/crs_ws_fanuc/src/collaborative-robotic-sanding/crs_motion_planning/src/path_processing_utils.cpp:725:56: warning: conversion to 'std::vector<double>::size_type {aka long unsigned int}' from 'Eigen::EigenBase<Eigen::Matrix<double, -1, 1> >::Index {aka long int}' may change the sign of the result [-Wsign-conversion]
     traj_point.positions.resize(waypoint.positions.size());
                                 ~~~~~~~~~~~~~~~~~~~~~~~^~
/root/crs_ws_fanuc/src/collaborative-robotic-sanding/crs_motion_planning/src/path_processing_utils.cpp:728:58: warning: conversion to 'std::vector<double>::size_type {aka long unsigned int}' from 'Eigen::EigenBase<Eigen::Matrix<double, -1, 1> >::Index {aka long int}' may change the sign of the result [-Wsign-conversion]
     traj_point.velocities.resize(waypoint.velocities.size());
                                  ~~~~~~~~~~~~~~~~~~~~~~~~^~
/root/crs_ws_fanuc/src/collaborative-robotic-sanding/crs_motion_planning/src/path_processing_utils.cpp:731:64: warning: conversion to 'std::vector<double>::size_type {aka long unsigned int}' from 'Eigen::EigenBase<Eigen::Matrix<double, -1, 1> >::Index {aka long int}' may change the sign of the result [-Wsign-conversion]
     traj_point.accelerations.resize(waypoint.accelerations.size());
                                     ~~~~~~~~~~~~~~~~~~~~~~~~~~~^~
In file included from /root/crs_ws_fanuc/src/collaborative-robotic-sanding/crs_motion_planning/include/crs_motion_planning/path_planning_utils.h:31:0,
                 from /root/crs_ws_fanuc/src/collaborative-robotic-sanding/crs_motion_planning/src/path_planning_utils.cpp:1:
/root/crs_ws_fanuc/src/collaborative-robotic-sanding/crs_motion_planning/include/crs_motion_planning/path_processing_utils.h:54:103: warning: conversion to 'float' alters 'double' constant value [-Wfloat-conversion]
                                              const std::array<float, 4> color = { 1.0, 0.8, 1.0, 1.0 });
                                                                                                       ^
/root/crs_ws_fanuc/src/collaborative-robotic-sanding/crs_motion_planning/include/crs_motion_planning/path_processing_utils.h:96:98: warning: conversion to 'float' alters 'double' constant value [-Wfloat-conversion]
     const std::tuple<float, float, float, float>& point_rgba = std::make_tuple(0.1, .8, 0.2, 1.0));
                                                                                                  ^
/root/crs_ws_fanuc/src/collaborative-robotic-sanding/crs_motion_planning/include/crs_motion_planning/path_processing_utils.h:96:98: warning: conversion to 'float' alters 'double' constant value [-Wfloat-conversion]
/root/crs_ws_fanuc/src/collaborative-robotic-sanding/crs_motion_planning/src/path_planning_utils.cpp: In function 'bool crs_motion_planning::loadPathPlanningConfig(const string&, crs_motion_planning::pathPlanningConfig&)':
/root/crs_ws_fanuc/src/collaborative-robotic-sanding/crs_motion_planning/src/path_planning_utils.cpp:100:82: warning: conversion to 'int' from 'double' may alter its value [-Wfloat-conversion]
     ompl_config.n_output_states = ompl_yaml["default_n_output_states"].as<double>();
                                   ~~~~~~~~~~~~~~~~~~~~~~~~~~~~~~~~~~~~~~~~~~~~~~~^~
/root/crs_ws_fanuc/src/collaborative-robotic-sanding/crs_motion_planning/src/path_planning_utils.cpp: In member function 'bool crs_motion_planning::crsMotionPlanner::generateDescartesSeed(const PoseArray&, std::vector<long unsigned int>&, std::vector<long unsigned int>&, trajectory_msgs::msg::JointTrajectory&)':
/root/crs_ws_fanuc/src/collaborative-robotic-sanding/crs_motion_planning/src/path_planning_utils.cpp:278:60: warning: conversion to 'std::size_t {aka long unsigned int}' from 'int' may change the sign of the result [-Wsign-conversion]
   descartes_light::SolverD graph_builder(kin_interface->dof());
                                          ~~~~~~~~~~~~~~~~~~^~
/root/crs_ws_fanuc/src/collaborative-robotic-sanding/crs_motion_planning/src/path_planning_utils.cpp:296:71: warning: conversion to 'Eigen::Index {aka long int}' from 'std::vector<double>::size_type {aka long unsigned int}' may change the sign of the result [-Wsign-conversion]
   Eigen::Map<Eigen::VectorXd> solution_vec(&solution[0], solution.size());
                                                          ~~~~~~~~~~~~~^~
/root/crs_ws_fanuc/src/collaborative-robotic-sanding/crs_motion_planning/src/path_planning_utils.cpp:300:33: warning: conversion to 'int' from 'Eigen::EigenBase<Eigen::Matrix<double, -1, 1> >::Index {aka long int}' may alter its value [-Wconversion]
   int n_rows = seed_traj.size() / kin_interface->dof();
                ~~~~~~~~~~~~~~~~~^~~~~~~~~~~~~~~~~~~~~~
/root/crs_ws_fanuc/src/collaborative-robotic-sanding/crs_motion_planning/src/path_planning_utils.cpp: In member function 'bool crs_motion_planning::crsMotionPlanner::generateOMPLSeed(const Ptr&, const Ptr&, tesseract_common::JointTrajectory&)':
/root/crs_ws_fanuc/src/collaborative-robotic-sanding/crs_motion_planning/src/path_planning_utils.cpp:822:76: warning: conversion to 'std::vector<std::shared_ptr<const tesseract_motion_planners::OMPLPlannerConfigurator> >::size_type {aka long unsigned int}' from 'int' may change the sign of the result [-Wsign-conversion]
   ompl_configurators.insert(ompl_configurators.end(), config_->ompl_config.num_threads, rrt_connect_configuration);
                                                       ~~~~~~~~~~~~~~~~~~~~~^~~~~~~~~~~
/root/crs_ws_fanuc/src/collaborative-robotic-sanding/crs_motion_planning/src/path_planning_utils.cpp: In member function 'bool crs_motion_planning::crsMotionPlanner::trajoptFreespaceFromOMPL(const Ptr&, const Ptr&, const tesseract_common::JointTrajectory&, trajectory_msgs::msg::JointTrajectory&)':
/root/crs_ws_fanuc/src/collaborative-robotic-sanding/crs_motion_planning/src/path_planning_utils.cpp:956:55: warning: conversion to 'int' from 'Eigen::Index {aka long int}' may alter its value [-Wconversion]
   traj_pc->num_steps = seed_trajectory.trajectory.rows();
                        ~~~~~~~~~~~~~~~~~~~~~~~~~~~~~~~^~
/root/crs_ws_fanuc/src/collaborative-robotic-sanding/crs_motion_planning/src/path_planning_utils.cpp: In member function 'bool crs_motion_planning::crsMotionPlanner::generateFreespacePlans(crs_motion_planning::pathPlanningResults::Ptr&)':
/root/crs_ws_fanuc/src/collaborative-robotic-sanding/crs_motion_planning/src/path_planning_utils.cpp:1035:55: warning: conversion to 'std::vector<trajectory_msgs::msg::JointTrajectoryPoint_<std::allocator<void> >, std::allocator<trajectory_msgs::msg::JointTrajectoryPoint_<std::allocator<void> > > >::size_type {aka long unsigned int}' from 'int' may change the sign of the result [-Wsign-conversion]
       for (int i = 0; i < curr_joint_traj.points.size(); ++i)
                                                       ^
/root/crs_ws_fanuc/src/collaborative-robotic-sanding/crs_motion_planning/src/path_planning_utils.cpp:1098:55: warning: conversion to 'std::vector<trajectory_msgs::msg::JointTrajectoryPoint_<std::allocator<void> >, std::allocator<trajectory_msgs::msg::JointTrajectoryPoint_<std::allocator<void> > > >::size_type {aka long unsigned int}' from 'int' may change the sign of the result [-Wsign-conversion]
       for (int i = 0; i < curr_joint_traj.points.size(); ++i)
                                                       ^
/root/crs_ws_fanuc/src/collaborative-robotic-sanding/crs_motion_planning/src/path_planning_utils.cpp:1161:55: warning: conversion to 'std::vector<trajectory_msgs::msg::JointTrajectoryPoint_<std::allocator<void> >, std::allocator<trajectory_msgs::msg::JointTrajectoryPoint_<std::allocator<void> > > >::size_type {aka long unsigned int}' from 'int' may change the sign of the result [-Wsign-conversion]
       for (int i = 0; i < curr_joint_traj.points.size(); ++i)
                                                       ^
/root/crs_ws_fanuc/src/collaborative-robotic-sanding/crs_motion_planning/src/path_planning_utils.cpp: In member function 'bool crs_motion_planning::crsMotionPlanner::generateFreespacePlan(const Ptr&, const Ptr&, trajectory_msgs::msg::JointTrajectory&)':
/root/crs_ws_fanuc/src/collaborative-robotic-sanding/crs_motion_planning/src/path_planning_utils.cpp:1229:54: warning: conversion to 'std::vector<trajectory_msgs::msg::JointTrajectoryPoint_<std::allocator<void> >, std::allocator<trajectory_msgs::msg::JointTrajectoryPoint_<std::allocator<void> > > >::size_type {aka long unsigned int}' from 'int' may change the sign of the result [-Wsign-conversion]
     for (int i = 0; i < joint_trajectory.points.size(); ++i)
                                                      ^
/root/crs_ws_fanuc/src/collaborative-robotic-sanding/crs_motion_planning/src/path_planning_utils.cpp: In member function 'bool crs_motion_planning::crsMotionPlanner::findClosestJointOrientation(const Ptr&, const Ptr&, tesseract_motion_planners::JointWaypoint::Ptr&, const double&)':
/root/crs_ws_fanuc/src/collaborative-robotic-sanding/crs_motion_planning/src/path_planning_utils.cpp:1320:60: warning: conversion to 'std::size_t {aka long unsigned int}' from 'int' may change the sign of the result [-Wsign-conversion]
   descartes_light::SolverD graph_builder(kin_interface->dof());
                                          ~~~~~~~~~~~~~~~~~~^~
/root/crs_ws_fanuc/src/collaborative-robotic-sanding/crs_motion_planning/src/path_planning_utils.cpp:1333:71: warning: conversion to 'Eigen::Index {aka long int}' from 'std::vector<double>::size_type {aka long unsigned int}' may change the sign of the result [-Wsign-conversion]
   Eigen::Map<Eigen::VectorXd> solution_vec(&solution[0], solution.size());
                                                          ~~~~~~~~~~~~~^~
/root/crs_ws_fanuc/src/collaborative-robotic-sanding/crs_motion_planning/src/path_planning_utils.cpp:1337:33: warning: conversion to 'int' from 'Eigen::EigenBase<Eigen::Matrix<double, -1, 1> >::Index {aka long int}' may alter its value [-Wconversion]
   int n_rows = seed_traj.size() / kin_interface->dof();
                ~~~~~~~~~~~~~~~~~^~~~~~~~~~~~~~~~~~~~~~
In file included from /root/crs_ws_fanuc/src/collaborative-robotic-sanding/crs_motion_planning/include/crs_motion_planning/path_planning_utils.h:31:0,
                 from /root/crs_ws_fanuc/src/collaborative-robotic-sanding/crs_motion_planning/src/process_planner_test.cpp:7:
/root/crs_ws_fanuc/src/collaborative-robotic-sanding/crs_motion_planning/include/crs_motion_planning/path_processing_utils.h:54:103: warning: conversion to 'float' alters 'double' constant value [-Wfloat-conversion]
                                              const std::array<float, 4> color = { 1.0, 0.8, 1.0, 1.0 });
                                                                                                       ^
In file included from /root/crs_ws_fanuc/src/collaborative-robotic-sanding/crs_motion_planning/include/crs_motion_planning/path_planning_utils.h:31:0,
                 from /root/crs_ws_fanuc/src/collaborative-robotic-sanding/crs_motion_planning/src/motion_planning_server.cpp:8:
/root/crs_ws_fanuc/src/collaborative-robotic-sanding/crs_motion_planning/include/crs_motion_planning/path_processing_utils.h:54:103: warning: conversion to 'float' alters 'double' constant value [-Wfloat-conversion]
                                              const std::array<float, 4> color = { 1.0, 0.8, 1.0, 1.0 });
                                                                                                       ^
/root/crs_ws_fanuc/src/collaborative-robotic-sanding/crs_motion_planning/include/crs_motion_planning/path_processing_utils.h:96:98: warning: conversion to 'float' alters 'double' constant value [-Wfloat-conversion]
     const std::tuple<float, float, float, float>& point_rgba = std::make_tuple(0.1, .8, 0.2, 1.0));
                                                                                                  ^
/root/crs_ws_fanuc/src/collaborative-robotic-sanding/crs_motion_planning/include/crs_motion_planning/path_processing_utils.h:96:98: warning: conversion to 'float' alters 'double' constant value [-Wfloat-conversion]
/root/crs_ws_fanuc/src/collaborative-robotic-sanding/crs_motion_planning/include/crs_motion_planning/path_processing_utils.h:96:98: warning: conversion to 'float' alters 'double' constant value [-Wfloat-conversion]
     const std::tuple<float, float, float, float>& point_rgba = std::make_tuple(0.1, .8, 0.2, 1.0));
                                                                                                  ^
/root/crs_ws_fanuc/src/collaborative-robotic-sanding/crs_motion_planning/include/crs_motion_planning/path_processing_utils.h:96:98: warning: conversion to 'float' alters 'double' constant value [-Wfloat-conversion]
/root/crs_ws_fanuc/src/collaborative-robotic-sanding/crs_motion_planning/src/process_planner_test.cpp: In constructor 'ProcessPlannerTestServer::ProcessPlannerTestServer(std::shared_ptr<rclcpp::Node>)':
/root/crs_ws_fanuc/src/collaborative-robotic-sanding/crs_motion_planning/src/process_planner_test.cpp:519:33: warning: 'ProcessPlannerTestServer::pnode_' will be initialized after [-Wreorder]
   std::shared_ptr<rclcpp::Node> pnode_;
                                 ^~~~~~
/root/crs_ws_fanuc/src/collaborative-robotic-sanding/crs_motion_planning/src/process_planner_test.cpp:505:34: warning:   'std::shared_ptr<rclcpp::Clock> ProcessPlannerTestServer::clock_' [-Wreorder]
   std::shared_ptr<rclcpp::Clock> clock_;
                                  ^~~~~~
/root/crs_ws_fanuc/src/collaborative-robotic-sanding/crs_motion_planning/src/process_planner_test.cpp:91:3: warning:   when initialized here [-Wreorder]
   ProcessPlannerTestServer(std::shared_ptr<rclcpp::Node> node)
   ^~~~~~~~~~~~~~~~~~~~~~~~
/root/crs_ws_fanuc/src/collaborative-robotic-sanding/crs_motion_planning/src/process_planner_test.cpp: In member function 'void ProcessPlannerTestServer::planService(std::shared_ptr<std_srvs::srv::Trigger_Request_<std::allocator<void> > >, std::shared_ptr<std_srvs::srv::Trigger_Response_<std::allocator<void> > >)':
/root/crs_ws_fanuc/src/collaborative-robotic-sanding/crs_motion_planning/src/process_planner_test.cpp:261:69: warning: unused parameter 'request' [-Wunused-parameter]
   void planService(std::shared_ptr<std_srvs::srv::Trigger::Request> request,
                                                                     ^~~~~~~
/root/crs_ws_fanuc/src/collaborative-robotic-sanding/crs_motion_planning/src/process_planner_test.cpp: In member function 'void ProcessPlannerTestServer::testPartLoader(std::shared_ptr<std_srvs::srv::Trigger_Request_<std::allocator<void> > >, std::shared_ptr<std_srvs::srv::Trigger_Response_<std::allocator<void> > >)':
/root/crs_ws_fanuc/src/collaborative-robotic-sanding/crs_motion_planning/src/process_planner_test.cpp:470:72: warning: unused parameter 'request' [-Wunused-parameter]
   void testPartLoader(std::shared_ptr<std_srvs::srv::Trigger::Request> request,
                                                                        ^~~~~~~
/root/crs_ws_fanuc/src/collaborative-robotic-sanding/crs_motion_planning/src/process_planner_test.cpp:471:73: warning: unused parameter 'response' [-Wunused-parameter]
                       std::shared_ptr<std_srvs::srv::Trigger::Response> response)
                                                                         ^~~~~~~~
/root/crs_ws_fanuc/src/collaborative-robotic-sanding/crs_motion_planning/src/motion_planning_server.cpp: In member function 'void MotionPlanningServer::planFreespace(std::shared_ptr<crs_msgs::srv::CallFreespaceMotion_Request_<std::allocator<void> > >, std::shared_ptr<crs_msgs::srv::CallFreespaceMotion_Response_<std::allocator<void> > >)':
/root/crs_ws_fanuc/src/collaborative-robotic-sanding/crs_motion_planning/src/motion_planning_server.cpp:346:71: warning: conversion to 'int' from 'int64_t {aka long int}' may alter its value [-Wconversion]
           this->get_parameter(param_names::NUM_FREEPSACE_STEPS).as_int();
           ~~~~~~~~~~~~~~~~~~~~~~~~~~~~~~~~~~~~~~~~~~~~~~~~~~~~~~~~~~~~^~
/root/crs_ws_fanuc/src/collaborative-robotic-sanding/crs_motion_planning/src/motion_planning_server.cpp: In member function 'void MotionPlanningServer::removePartTesseract(std::shared_ptr<std_srvs::srv::Trigger_Request_<std::allocator<void> > >, std::shared_ptr<std_srvs::srv::Trigger_Response_<std::allocator<void> > >)':
/root/crs_ws_fanuc/src/collaborative-robotic-sanding/crs_motion_planning/src/motion_planning_server.cpp:501:77: warning: unused parameter 'request' [-Wunused-parameter]
   void removePartTesseract(std::shared_ptr<std_srvs::srv::Trigger::Request> request,
                                                                             ^~~~~~~
