[0.058s] Invoking command in '/root/crs_ws_fanuc/build/trajopt': CMAKE_PREFIX_PATH=/root/crs_ws_fanuc/install/trajopt_sco:/root/crs_ws_fanuc/install/trajopt_utils:/root/crs_ws_fanuc/install/osqp:/root/crs_ws_fanuc/install/trajopt_tools:/root/crs_ws_fanuc/install/vhacd:/root/crs_ws_fanuc/install/crs_gui:/root/crs_ws_fanuc/install/crs_application:/root/crs_ws_fanuc/install/crs_motion_planning:/root/crs_ws_fanuc/install/ur_ikfast_kinematics:/root/crs_ws_fanuc/install/crs_robot_comms:/root/crs_ws_fanuc/install/ur_dashboard_msgs:/root/crs_ws_fanuc/install/trajopt_sqp:/root/crs_ws_fanuc/install/trajopt_ifopt:/root/crs_ws_fanuc/install/tesseract_monitoring:/root/crs_ws_fanuc/install/tesseract_rosutils:/root/crs_ws_fanuc/install/tesseract_process_planners:/root/crs_ws_fanuc/install/tesseract_motion_planners:/root/crs_ws_fanuc/install/trajopt:/root/crs_ws_fanuc/install/tesseract_visualization:/root/crs_ws_fanuc/install/tesseract:/root/crs_ws_fanuc/install/tesseract_urdf:/root/crs_ws_fanuc/install/tesseract_plugins:/root/crs_ws_fanuc/install/tesseract_environment:/root/crs_ws_fanuc/install/tesseract_collision:/root/crs_ws_fanuc/install/tesseract_support:/root/crs_ws_fanuc/install/tesseract_kinematics:/root/crs_ws_fanuc/install/tesseract_scene_graph:/root/crs_ws_fanuc/install/tesseract_msgs:/root/crs_ws_fanuc/install/tesseract_geometry:/root/crs_ws_fanuc/install/tesseract_common:/root/crs_ws_fanuc/install/crs_utils_py:/opt/ros/eloquent:/root/crs_ws_fanuc/install/roscpp_scxml_demos:/root/crs_ws_fanuc/install/rclcpp_scxml_demos:/root/crs_ws_fanuc/install/scxml_core:/root/crs_ws_fanuc/install/region_detection_rclcpp:/root/crs_ws_fanuc/install/region_detection_msgs:/root/crs_ws_fanuc/install/region_detection_core:/root/crs_ws_fanuc/install/osqp_eigen:/root/crs_ws_fanuc/install/descartes_opw:/root/crs_ws_fanuc/install/opw_kinematics:/root/crs_ws_fanuc/install/octomap_msgs:/root/crs_ws_fanuc/install/fcl:/root/crs_ws_fanuc/install/libccd:/root/crs_ws_fanuc/install/iterative_spline_parameterization:/root/crs_ws_fanuc/install/ifopt:/root/crs_ws_fanuc/install/gtest:/root/crs_ws_fanuc/install/fanuc_resources:/root/crs_ws_fanuc/install/fanuc_r2000ic_moveit_config:/root/crs_ws_fanuc/install/fanuc_r2000ic_support:/root/crs_ws_fanuc/install/fanuc_r2000ic_moveit_plugins:/root/crs_ws_fanuc/install/descartes_samplers:/root/crs_ws_fanuc/install/descartes_ikfast:/root/crs_ws_fanuc/install/descartes_light:/root/crs_ws_fanuc/install/crs_toolpath_gen:/root/crs_ws_fanuc/install/crs_support:/root/crs_ws_fanuc/install/crs_process_data:/root/crs_ws_fanuc/install/crs_perception:/root/crs_ws_fanuc/install/crs_area_selection:/root/crs_ws_fanuc/install/crs_msgs:/root/crs_ws_fanuc/install/crs_gazebo_plugins:/root/crs_ws_fanuc/install/cartesian_trajectory_msgs:/root/crs_ws_fanuc/install/bullet3:/opt/qt513/lib/cmake LD_LIBRARY_PATH=/root/crs_ws_fanuc/install/trajopt_sco/lib:/root/crs_ws_fanuc/install/trajopt_utils/lib:/root/crs_ws_fanuc/install/osqp/lib:/root/crs_ws_fanuc/install/vhacd/lib:/root/crs_ws_fanuc/install/crs_gui/lib:/root/crs_ws_fanuc/install/crs_application/lib:/root/crs_ws_fanuc/install/crs_motion_planning/lib:/root/crs_ws_fanuc/install/ur_ikfast_kinematics/lib:/root/crs_ws_fanuc/install/ur_dashboard_msgs/lib:/root/crs_ws_fanuc/install/trajopt_sqp/lib:/root/crs_ws_fanuc/install/trajopt_ifopt/lib:/root/crs_ws_fanuc/install/tesseract_monitoring/lib:/root/crs_ws_fanuc/install/tesseract_process_planners/lib:/root/crs_ws_fanuc/install/tesseract_motion_planners/lib:/root/crs_ws_fanuc/install/trajopt/lib:/root/crs_ws_fanuc/install/tesseract/lib:/root/crs_ws_fanuc/install/tesseract_urdf/lib:/root/crs_ws_fanuc/install/tesseract_plugins/lib:/root/crs_ws_fanuc/install/tesseract_environment/lib:/root/crs_ws_fanuc/install/tesseract_collision/lib:/root/crs_ws_fanuc/install/tesseract_kinematics/lib:/root/crs_ws_fanuc/install/tesseract_scene_graph/lib:/root/crs_ws_fanuc/install/tesseract_msgs/lib:/root/crs_ws_fanuc/install/scxml_core/lib:/root/crs_ws_fanuc/install/region_detection_msgs/lib:/root/crs_ws_fanuc/install/region_detection_core/lib:/root/crs_ws_fanuc/install/osqp_eigen/lib:/root/crs_ws_fanuc/install/descartes_opw/lib:/root/crs_ws_fanuc/install/octomap_msgs/lib:/root/crs_ws_fanuc/install/fcl/lib:/root/crs_ws_fanuc/install/libccd/lib:/root/crs_ws_fanuc/install/ifopt/lib:/root/crs_ws_fanuc/install/gtest/lib:/root/crs_ws_fanuc/install/fanuc_r2000ic_moveit_plugins/lib:/root/crs_ws_fanuc/install/descartes_samplers/lib:/root/crs_ws_fanuc/install/descartes_light/lib:/root/crs_ws_fanuc/install/crs_perception/lib:/root/crs_ws_fanuc/install/crs_area_selection/lib:/root/crs_ws_fanuc/install/crs_msgs/lib:/root/crs_ws_fanuc/install/crs_gazebo_plugins/lib:/root/crs_ws_fanuc/install/cartesian_trajectory_msgs/lib:/root/crs_ws_fanuc/install/bullet3/lib:/opt/qt513/plugins:/opt/qt513/lib:/usr/lib/x86_64-linux-gnu/gazebo-9/plugins:/opt/ros/eloquent/opt/yaml_cpp_vendor/lib:/opt/ros/eloquent/opt/rviz_ogre_vendor/lib:/opt/ros/eloquent/lib/x86_64-linux-gnu:/opt/ros/eloquent/lib PATH=/root/crs_ws_fanuc/install/trajopt_sco/bin:/root/crs_ws_fanuc/install/trajopt_tools/bin:/root/crs_ws_fanuc/install/tesseract_urdf/bin:/root/crs_ws_fanuc/install/tesseract_collision/bin:/root/crs_ws_fanuc/install/tesseract_scene_graph/bin:/root/crs_ws_fanuc/install/tesseract_geometry/bin:/root/crs_ws_fanuc/install/swig/bin:/root/crs_ws_fanuc/install/region_detection_core/bin:/opt/ros/eloquent/bin:/usr/local/sbin:/usr/local/bin:/usr/sbin:/usr/bin:/sbin:/bin PKG_CONFIG_PATH=/root/crs_ws_fanuc/install/trajopt_sco/lib/x86_64-linux-gnu/pkgconfig:/root/crs_ws_fanuc/install/trajopt_sco/lib/pkgconfig:/root/crs_ws_fanuc/install/trajopt_utils/lib/x86_64-linux-gnu/pkgconfig:/root/crs_ws_fanuc/install/trajopt_utils/lib/pkgconfig:/root/crs_ws_fanuc/install/osqp/lib/x86_64-linux-gnu/pkgconfig:/root/crs_ws_fanuc/install/osqp/lib/pkgconfig:/root/crs_ws_fanuc/install/trajopt_tools/lib/x86_64-linux-gnu/pkgconfig:/root/crs_ws_fanuc/install/trajopt_tools/lib/pkgconfig:/root/crs_ws_fanuc/install/vhacd/lib/x86_64-linux-gnu/pkgconfig:/root/crs_ws_fanuc/install/vhacd/lib/pkgconfig:/root/crs_ws_fanuc/install/ur_ikfast_kinematics/lib/x86_64-linux-gnu/pkgconfig:/root/crs_ws_fanuc/install/ur_ikfast_kinematics/lib/pkgconfig:/root/crs_ws_fanuc/install/trajopt_sqp/lib/x86_64-linux-gnu/pkgconfig:/root/crs_ws_fanuc/install/trajopt_sqp/lib/pkgconfig:/root/crs_ws_fanuc/install/trajopt_ifopt/lib/x86_64-linux-gnu/pkgconfig:/root/crs_ws_fanuc/install/trajopt_ifopt/lib/pkgconfig:/root/crs_ws_fanuc/install/tesseract_viewer_python/lib/x86_64-linux-gnu/pkgconfig:/root/crs_ws_fanuc/install/tesseract_viewer_python/lib/pkgconfig:/root/crs_ws_fanuc/install/tesseract_python/lib/x86_64-linux-gnu/pkgconfig:/root/crs_ws_fanuc/install/tesseract_python/lib/pkgconfig:/root/crs_ws_fanuc/install/tesseract_process_planners/lib/x86_64-linux-gnu/pkgconfig:/root/crs_ws_fanuc/install/tesseract_process_planners/lib/pkgconfig:/root/crs_ws_fanuc/install/tesseract_motion_planners/lib/x86_64-linux-gnu/pkgconfig:/root/crs_ws_fanuc/install/tesseract_motion_planners/lib/pkgconfig:/root/crs_ws_fanuc/install/trajopt/lib/x86_64-linux-gnu/pkgconfig:/root/crs_ws_fanuc/install/trajopt/lib/pkgconfig:/root/crs_ws_fanuc/install/tesseract_visualization/lib/x86_64-linux-gnu/pkgconfig:/root/crs_ws_fanuc/install/tesseract_visualization/lib/pkgconfig:/root/crs_ws_fanuc/install/tesseract/lib/x86_64-linux-gnu/pkgconfig:/root/crs_ws_fanuc/install/tesseract/lib/pkgconfig:/root/crs_ws_fanuc/install/tesseract_urdf/lib/x86_64-linux-gnu/pkgconfig:/root/crs_ws_fanuc/install/tesseract_urdf/lib/pkgconfig:/root/crs_ws_fanuc/install/tesseract_environment/lib/x86_64-linux-gnu/pkgconfig:/root/crs_ws_fanuc/install/tesseract_environment/lib/pkgconfig:/root/crs_ws_fanuc/install/tesseract_collision/lib/x86_64-linux-gnu/pkgconfig:/root/crs_ws_fanuc/install/tesseract_collision/lib/pkgconfig:/root/crs_ws_fanuc/install/tesseract_support/lib/x86_64-linux-gnu/pkgconfig:/root/crs_ws_fanuc/install/tesseract_support/lib/pkgconfig:/root/crs_ws_fanuc/install/tesseract_kinematics/lib/x86_64-linux-gnu/pkgconfig:/root/crs_ws_fanuc/install/tesseract_kinematics/lib/pkgconfig:/root/crs_ws_fanuc/install/tesseract_scene_graph/lib/x86_64-linux-gnu/pkgconfig:/root/crs_ws_fanuc/install/tesseract_scene_graph/lib/pkgconfig:/root/crs_ws_fanuc/install/tesseract_geometry/lib/x86_64-linux-gnu/pkgconfig:/root/crs_ws_fanuc/install/tesseract_geometry/lib/pkgconfig:/root/crs_ws_fanuc/install/tesseract_common/lib/x86_64-linux-gnu/pkgconfig:/root/crs_ws_fanuc/install/tesseract_common/lib/pkgconfig:/root/crs_ws_fanuc/install/swig/lib/x86_64-linux-gnu/pkgconfig:/root/crs_ws_fanuc/install/swig/lib/pkgconfig:/root/crs_ws_fanuc/install/roscpp_scxml_demos/lib/pkgconfig:/root/crs_ws_fanuc/install/scxml_core/lib/x86_64-linux-gnu/pkgconfig:/root/crs_ws_fanuc/install/scxml_core/lib/pkgconfig:/root/crs_ws_fanuc/install/region_detection_core/lib/x86_64-linux-gnu/pkgconfig:/root/crs_ws_fanuc/install/region_detection_core/lib/pkgconfig:/root/crs_ws_fanuc/install/osqp_eigen/lib/x86_64-linux-gnu/pkgconfig:/root/crs_ws_fanuc/install/osqp_eigen/lib/pkgconfig:/root/crs_ws_fanuc/install/orocos_kdl/lib/x86_64-linux-gnu/pkgconfig:/root/crs_ws_fanuc/install/orocos_kdl/lib/pkgconfig:/root/crs_ws_fanuc/install/descartes_opw/lib/x86_64-linux-gnu/pkgconfig:/root/crs_ws_fanuc/install/descartes_opw/lib/pkgconfig:/root/crs_ws_fanuc/install/opw_kinematics/lib/x86_64-linux-gnu/pkgconfig:/root/crs_ws_fanuc/install/opw_kinematics/lib/pkgconfig:/root/crs_ws_fanuc/install/fcl/lib/x86_64-linux-gnu/pkgconfig:/root/crs_ws_fanuc/install/fcl/lib/pkgconfig:/root/crs_ws_fanuc/install/libccd/lib/x86_64-linux-gnu/pkgconfig:/root/crs_ws_fanuc/install/libccd/lib/pkgconfig:/root/crs_ws_fanuc/install/iterative_spline_parameterization/lib/x86_64-linux-gnu/pkgconfig:/root/crs_ws_fanuc/install/iterative_spline_parameterization/lib/pkgconfig:/root/crs_ws_fanuc/install/ifopt/lib/x86_64-linux-gnu/pkgconfig:/root/crs_ws_fanuc/install/ifopt/lib/pkgconfig:/root/crs_ws_fanuc/install/gtest/lib/x86_64-linux-gnu/pkgconfig:/root/crs_ws_fanuc/install/gtest/lib/pkgconfig:/root/crs_ws_fanuc/install/fanuc_resources/lib/x86_64-linux-gnu/pkgconfig:/root/crs_ws_fanuc/install/fanuc_resources/lib/pkgconfig:/root/crs_ws_fanuc/install/fanuc_r2000ic_moveit_config/lib/x86_64-linux-gnu/pkgconfig:/root/crs_ws_fanuc/install/fanuc_r2000ic_moveit_config/lib/pkgconfig:/root/crs_ws_fanuc/install/fanuc_r2000ic_support/lib/x86_64-linux-gnu/pkgconfig:/root/crs_ws_fanuc/install/fanuc_r2000ic_support/lib/pkgconfig:/root/crs_ws_fanuc/install/fanuc_r2000ic_moveit_plugins/lib/x86_64-linux-gnu/pkgconfig:/root/crs_ws_fanuc/install/fanuc_r2000ic_moveit_plugins/lib/pkgconfig:/root/crs_ws_fanuc/install/descartes_samplers/lib/x86_64-linux-gnu/pkgconfig:/root/crs_ws_fanuc/install/descartes_samplers/lib/pkgconfig:/root/crs_ws_fanuc/install/descartes_ikfast/lib/x86_64-linux-gnu/pkgconfig:/root/crs_ws_fanuc/install/descartes_ikfast/lib/pkgconfig:/root/crs_ws_fanuc/install/descartes_light/lib/x86_64-linux-gnu/pkgconfig:/root/crs_ws_fanuc/install/descartes_light/lib/pkgconfig:/root/crs_ws_fanuc/install/eigen/lib/x86_64-linux-gnu/pkgconfig:/root/crs_ws_fanuc/install/eigen/lib/pkgconfig:/root/crs_ws_fanuc/install/bullet3/lib/x86_64-linux-gnu/pkgconfig:/root/crs_ws_fanuc/install/bullet3/lib/pkgconfig /usr/bin/cmake /root/crs_ws_fanuc/src/trajopt_ros/trajopt -DCMAKE_INSTALL_PREFIX=/root/crs_ws_fanuc/install/trajopt
[0.271s] -- Boost version: 1.65.1
[0.271s] -- Found the following Boost libraries:
[0.272s] --   system
[0.272s] --   python
[0.272s] --   thread
[0.273s] --   program_options
[0.273s] --   chrono
[0.273s] --   date_time
[0.273s] --   atomic
[0.562s] -- Boost version: 1.65.1
[0.562s] -- Found the following Boost libraries:
[0.562s] --   system
[0.562s] --   filesystem
[0.562s] --   thread
[0.562s] --   date_time
[0.563s] --   iostreams
[0.563s] --   serialization
[0.563s] --   chrono
[0.563s] --   atomic
[0.563s] --   regex
[0.577s] -- Could NOT find ensenso (missing: ENSENSO_LIBRARY ENSENSO_INCLUDE_DIR) 
[0.577s] ** WARNING ** io features related to ensenso will be disabled
[0.583s] -- Could NOT find DAVIDSDK (missing: DAVIDSDK_LIBRARY DAVIDSDK_INCLUDE_DIR) 
[0.583s] ** WARNING ** io features related to davidSDK will be disabled
[0.585s] -- Could NOT find DSSDK (missing: _DSSDK_LIBRARIES) 
[0.585s] ** WARNING ** io features related to dssdk will be disabled
[0.586s] ** WARNING ** io features related to pcap will be disabled
[0.586s] ** WARNING ** io features related to png will be disabled
[0.654s] -- The imported target "vtkRenderingPythonTkWidgets" references the file
[0.654s]    "/usr/lib/x86_64-linux-gnu/libvtkRenderingPythonTkWidgets.so"
[0.654s] but this file does not exist.  Possible reasons include:
[0.654s] * The file was deleted, renamed, or moved to another location.
[0.654s] * An install or uninstall procedure did not complete successfully.
[0.655s] * The installation package was faulty and contained
[0.655s]    "/usr/lib/cmake/vtk-6.3/VTKTargets.cmake"
[0.655s] but not all the files it references.
[0.655s] 
[0.655s] -- The imported target "vtk" references the file
[0.655s]    "/usr/bin/vtk"
[0.656s] but this file does not exist.  Possible reasons include:
[0.656s] * The file was deleted, renamed, or moved to another location.
[0.656s] * An install or uninstall procedure did not complete successfully.
[0.656s] * The installation package was faulty and contained
[0.656s]    "/usr/lib/cmake/vtk-6.3/VTKTargets.cmake"
[0.656s] but not all the files it references.
[0.657s] 
[0.726s] ** WARNING ** io features related to libusb-1.0 will be disabled
[0.776s] -- Could NOT find ensenso (missing: ENSENSO_LIBRARY ENSENSO_INCLUDE_DIR) 
[0.776s] ** WARNING ** visualization features related to ensenso will be disabled
[0.783s] -- Could NOT find DAVIDSDK (missing: DAVIDSDK_LIBRARY DAVIDSDK_INCLUDE_DIR) 
[0.783s] ** WARNING ** visualization features related to davidSDK will be disabled
[0.784s] -- Could NOT find DSSDK (missing: _DSSDK_LIBRARIES) 
[0.784s] ** WARNING ** visualization features related to dssdk will be disabled
[0.786s] -- Could NOT find RSSDK (missing: _RSSDK_LIBRARIES) 
[0.786s] ** WARNING ** visualization features related to rssdk will be disabled
[0.858s] -- looking for PCL_COMMON
[0.859s] -- looking for PCL_OCTREE
[0.859s] -- looking for PCL_IO
[0.860s] -- looking for PCL_KDTREE
[0.861s] -- looking for PCL_SEARCH
[0.861s] -- looking for PCL_SAMPLE_CONSENSUS
[0.861s] -- looking for PCL_FILTERS
[0.862s] -- looking for PCL_2D
[0.862s] -- looking for PCL_GEOMETRY
[0.863s] -- looking for PCL_FEATURES
[0.864s] -- looking for PCL_ML
[0.864s] -- looking for PCL_SEGMENTATION
[0.865s] -- looking for PCL_VISUALIZATION
[0.866s] -- looking for PCL_SURFACE
[0.866s] -- looking for PCL_REGISTRATION
[0.867s] -- looking for PCL_KEYPOINTS
[0.868s] -- looking for PCL_TRACKING
[0.868s] -- looking for PCL_RECOGNITION
[0.869s] -- looking for PCL_STEREO
[0.870s] -- looking for PCL_APPS
[0.872s] -- looking for PCL_IN_HAND_SCANNER
[0.872s] -- looking for PCL_MODELER
[0.873s] -- looking for PCL_POINT_CLOUD_EDITOR
[0.873s] -- looking for PCL_OUTOFCORE
[0.874s] -- looking for PCL_PEOPLE
[0.966s] -- Configuring done
[1.102s] -- Generating done
[1.127s] -- Build files have been written to: /root/crs_ws_fanuc/build/trajopt
