[0.042s] Invoking command in '/root/crs_ws_fanuc/build/fanuc_r2000ic_support': /usr/bin/cmake /root/crs_ws_fanuc/src/collaborative-robotic-sanding/fanuc_r2000ic_support -DCATKIN_INSTALL_INTO_PREFIX_ROOT=0 -DCATKIN_SYMLINK_INSTALL=ON -DCMAKE_INSTALL_PREFIX=/root/crs_ws_fanuc/install/fanuc_r2000ic_support
[0.203s] -- The C compiler identification is GNU 7.5.0
[0.307s] -- The CXX compiler identification is GNU 7.5.0
[0.316s] -- Check for working C compiler: /usr/bin/cc
[0.730s] -- Check for working C compiler: /usr/bin/cc -- works
[0.731s] -- Detecting C compiler ABI info
[1.113s] -- Detecting C compiler ABI info - done
[1.128s] -- Detecting C compile features
[2.020s] -- Detecting C compile features - done
[2.025s] -- Check for working CXX compiler: /usr/bin/c++
[2.447s] -- Check for working CXX compiler: /usr/bin/c++ -- works
[2.449s] -- Detecting CXX compiler ABI info
[2.697s] -- Detecting CXX compiler ABI info - done
[2.718s] -- Detecting CXX compile features
[4.937s] -- Detecting CXX compile features - done
[4.963s] CMake Error at CMakeLists.txt:5 (find_package):
[4.963s]   By not providing "Findcatkin.cmake" in CMAKE_MODULE_PATH this project has
[4.963s]   asked CMake to find a package configuration file provided by "catkin", but
[4.963s]   CMake did not find one.
[4.963s] 
[4.964s]   Could not find a package configuration file provided by "catkin" with any
[4.964s]   of the following names:
[4.964s] 
[4.964s]     catkinConfig.cmake
[4.964s]     catkin-config.cmake
[4.964s] 
[4.964s]   Add the installation prefix of "catkin" to CMAKE_PREFIX_PATH or set
[4.964s]   "catkin_DIR" to a directory containing one of the above files.  If "catkin"
[4.965s]   provides a separate development package or SDK, be sure it has been
[4.965s]   installed.
[4.965s] 
[4.965s] 
[4.966s] -- Configuring incomplete, errors occurred!
[4.966s] See also "/root/crs_ws_fanuc/build/fanuc_r2000ic_support/CMakeFiles/CMakeOutput.log".
[4.970s] Invoked command in '/root/crs_ws_fanuc/build/fanuc_r2000ic_support' returned '1': /usr/bin/cmake /root/crs_ws_fanuc/src/collaborative-robotic-sanding/fanuc_r2000ic_support -DCATKIN_INSTALL_INTO_PREFIX_ROOT=0 -DCATKIN_SYMLINK_INSTALL=ON -DCMAKE_INSTALL_PREFIX=/root/crs_ws_fanuc/install/fanuc_r2000ic_support
