-- Found ament_cmake: 0.8.3 (/opt/ros/eloquent/share/ament_cmake/cmake)
-- Using PYTHON_EXECUTABLE: /usr/bin/python3
-- Override CMake install command with custom implementation using symlinks instead of copying resources
-- Found ament_index_cpp: 0.7.2 (/opt/ros/eloquent/share/ament_index_cpp/cmake)
-- Found rclcpp: 0.8.5 (/opt/ros/eloquent/share/rclcpp/cmake)
-- Found rosidl_adapter: 0.8.3 (/opt/ros/eloquent/share/rosidl_adapter/cmake)
-- Found rmw_implementation_cmake: 0.8.1 (/opt/ros/eloquent/share/rmw_implementation_cmake/cmake)
-- Using RMW implementation 'rmw_fastrtps_cpp' as default
-- Found tf2_ros: 0.12.6 (/opt/ros/eloquent/share/tf2_ros/cmake)
-- Found tf2_eigen: 0.12.6 (/opt/ros/eloquent/share/tf2_eigen/cmake)
-- Boost version: 1.65.1
-- Found the following Boost libraries:
--   system
--   filesystem
--   thread
--   date_time
--   iostreams
--   serialization
--   chrono
--   atomic
--   regex
-- Could NOT find ensenso (missing: ENSENSO_LIBRARY ENSENSO_INCLUDE_DIR) 
-- Could NOT find DAVIDSDK (missing: DAVIDSDK_LIBRARY DAVIDSDK_INCLUDE_DIR) 
-- Could NOT find DSSDK (missing: _DSSDK_LIBRARIES) 
-- The imported target "vtkRenderingPythonTkWidgets" references the file
   "/usr/lib/x86_64-linux-gnu/libvtkRenderingPythonTkWidgets.so"
but this file does not exist.  Possible reasons include:
* The file was deleted, renamed, or moved to another location.
* An install or uninstall procedure did not complete successfully.
* The installation package was faulty and contained
   "/usr/lib/cmake/vtk-6.3/VTKTargets.cmake"
but not all the files it references.

-- The imported target "vtk" references the file
   "/usr/bin/vtk"
but this file does not exist.  Possible reasons include:
* The file was deleted, renamed, or moved to another location.
* An install or uninstall procedure did not complete successfully.
* The installation package was faulty and contained
   "/usr/lib/cmake/vtk-6.3/VTKTargets.cmake"
but not all the files it references.

-- Could NOT find ensenso (missing: ENSENSO_LIBRARY ENSENSO_INCLUDE_DIR) 
-- Could NOT find DAVIDSDK (missing: DAVIDSDK_LIBRARY DAVIDSDK_INCLUDE_DIR) 
-- Could NOT find DSSDK (missing: _DSSDK_LIBRARIES) 
-- looking for PCL_COMMON
-- looking for PCL_KDTREE
-- looking for PCL_OCTREE
-- looking for PCL_SEARCH
-- looking for PCL_SAMPLE_CONSENSUS
-- looking for PCL_GEOMETRY
-- looking for PCL_FILTERS
-- looking for PCL_IO
-- looking for PCL_2D
-- looking for PCL_FEATURES
-- looking for PCL_ML
-- looking for PCL_SEGMENTATION
-- looking for PCL_SURFACE
-- Found sensor_msgs: 0.8.1 (/opt/ros/eloquent/share/sensor_msgs/cmake)
-- Found shape_msgs: 0.8.1 (/opt/ros/eloquent/share/shape_msgs/cmake)
-- Found std_srvs: 0.8.1 (/opt/ros/eloquent/share/std_srvs/cmake)
-- Found visualization_msgs: 0.8.1 (/opt/ros/eloquent/share/visualization_msgs/cmake)
-- Found crs_msgs: 0.0.0 (/root/crs_ws_fanuc/install/crs_msgs/share/crs_msgs/cmake)
-- Found ament_lint_auto: 0.8.2 (/opt/ros/eloquent/share/ament_lint_auto/cmake)
-- Configuring done
-- Generating done
-- Build files have been written to: /root/crs_ws_fanuc/build/crs_area_selection
[ 60%] Built target crs_area_selection_area_selection
[100%] Built target crs_area_selection_area_selection_node
[ 60%] Built target crs_area_selection_area_selection
[100%] Built target crs_area_selection_area_selection_node
[36mInstall the project...[0m
-- Install configuration: "Debug"
-- Execute custom install script
-- Up-to-date symlink: /root/crs_ws_fanuc/install/crs_area_selection/share/ament_index/resource_index/package_run_dependencies/crs_area_selection
-- Up-to-date symlink: /root/crs_ws_fanuc/install/crs_area_selection/share/ament_index/resource_index/parent_prefix_path/crs_area_selection
-- Up-to-date symlink: /root/crs_ws_fanuc/install/crs_area_selection/share/crs_area_selection/environment/ament_prefix_path.sh
-- Up-to-date symlink: /root/crs_ws_fanuc/install/crs_area_selection/share/crs_area_selection/environment/ament_prefix_path.dsv
-- Up-to-date symlink: /root/crs_ws_fanuc/install/crs_area_selection/share/crs_area_selection/environment/path.sh
-- Up-to-date symlink: /root/crs_ws_fanuc/install/crs_area_selection/share/crs_area_selection/environment/path.dsv
-- Up-to-date symlink: /root/crs_ws_fanuc/install/crs_area_selection/share/crs_area_selection/local_setup.bash
-- Up-to-date symlink: /root/crs_ws_fanuc/install/crs_area_selection/share/crs_area_selection/local_setup.sh
-- Up-to-date symlink: /root/crs_ws_fanuc/install/crs_area_selection/share/crs_area_selection/local_setup.zsh
-- Up-to-date symlink: /root/crs_ws_fanuc/install/crs_area_selection/share/crs_area_selection/local_setup.dsv
-- Symlinking: /root/crs_ws_fanuc/install/crs_area_selection/share/crs_area_selection/package.dsv
-- Up-to-date symlink: /root/crs_ws_fanuc/install/crs_area_selection/share/ament_index/resource_index/packages/crs_area_selection
-- Up-to-date symlink: /root/crs_ws_fanuc/install/crs_area_selection/share/crs_area_selection/cmake/ament_cmake_export_interfaces-extras.cmake
-- Up-to-date symlink: /root/crs_ws_fanuc/install/crs_area_selection/share/crs_area_selection/cmake/ament_cmake_export_dependencies-extras.cmake
-- Up-to-date symlink: /root/crs_ws_fanuc/install/crs_area_selection/share/crs_area_selection/cmake/crs_area_selectionConfig.cmake
-- Up-to-date symlink: /root/crs_ws_fanuc/install/crs_area_selection/share/crs_area_selection/cmake/crs_area_selectionConfig-version.cmake
-- Up-to-date symlink: /root/crs_ws_fanuc/install/crs_area_selection/share/crs_area_selection/package.xml
-- Up-to-date: /root/crs_ws_fanuc/install/crs_area_selection/lib/libcrs_area_selection_area_selection.so
-- Up-to-date: /root/crs_ws_fanuc/install/crs_area_selection/lib/crs_area_selection/crs_area_selection_area_selection_node
-- Up-to-date: /root/crs_ws_fanuc/install/crs_area_selection/include
-- Up-to-date: /root/crs_ws_fanuc/install/crs_area_selection/include/crs_area_selection
-- Up-to-date: /root/crs_ws_fanuc/install/crs_area_selection/include/crs_area_selection/area_selector_parameters.h
-- Up-to-date: /root/crs_ws_fanuc/install/crs_area_selection/include/crs_area_selection/area_selector.h
-- Up-to-date: /root/crs_ws_fanuc/install/crs_area_selection/include/crs_area_selection/selection_artist.h
-- Up-to-date: /root/crs_ws_fanuc/install/crs_area_selection/include/crs_area_selection/filter_impl.h
-- Up-to-date: /root/crs_ws_fanuc/install/crs_area_selection/include/crs_area_selection/filter.h
-- Up-to-date: /root/crs_ws_fanuc/install/crs_area_selection/share/crs_area_selection/cmake/-targetsExport.cmake
-- Installing: /root/crs_ws_fanuc/install/crs_area_selection/share/crs_area_selection/cmake/-targetsExport-debug.cmake
