[0.018s] Invoking command in '/root/crs_ws_fanuc/build/octomap_msgs': CMAKE_PREFIX_PATH=${CMAKE_PREFIX_PATH}:/opt/ros/eloquent /usr/bin/cmake --build /root/crs_ws_fanuc/build/octomap_msgs -- -j8 -l8
[0.096s] [  1%] Built target octomap_msgs__cpp
[0.103s] [ 13%] Built target octomap_msgs__rosidl_generator_c
[0.135s] [ 24%] Built target octomap_msgs__rosidl_typesupport_introspection_cpp
[0.140s] [ 35%] Built target octomap_msgs__rosidl_typesupport_fastrtps_cpp
[0.142s] [ 47%] Built target octomap_msgs__rosidl_typesupport_introspection_c
[0.180s] [ 58%] Built target octomap_msgs__rosidl_typesupport_cpp
[0.185s] [ 69%] Built target octomap_msgs__rosidl_typesupport_fastrtps_c
[0.215s] [ 81%] Built target octomap_msgs__rosidl_typesupport_c
[0.237s] [ 81%] Built target octomap_msgs
[0.261s] [ 83%] Built target octomap_msgs__py
[0.297s] [ 92%] Built target octomap_msgs__python
[0.333s] [100%] Built target octomap_msgs__rosidl_typesupport_c__pyext
[0.333s] [100%] Built target octomap_msgs__rosidl_typesupport_fastrtps_c__pyext
[0.397s] Invoked command in '/root/crs_ws_fanuc/build/octomap_msgs' returned '0': CMAKE_PREFIX_PATH=${CMAKE_PREFIX_PATH}:/opt/ros/eloquent /usr/bin/cmake --build /root/crs_ws_fanuc/build/octomap_msgs -- -j8 -l8
[0.512s] Invoking command in '/root/crs_ws_fanuc/build/octomap_msgs': CMAKE_PREFIX_PATH=${CMAKE_PREFIX_PATH}:/opt/ros/eloquent /usr/bin/cmake --build /root/crs_ws_fanuc/build/octomap_msgs --target install -- -j8 -l8
[0.576s] [  1%] Built target octomap_msgs__cpp
[0.581s] [ 13%] Built target octomap_msgs__rosidl_generator_c
[0.612s] [ 24%] Built target octomap_msgs__rosidl_typesupport_introspection_cpp
[0.623s] [ 43%] Built target octomap_msgs__rosidl_typesupport_introspection_c
[0.623s] [ 47%] Built target octomap_msgs__rosidl_typesupport_fastrtps_cpp
[0.669s] [ 58%] Built target octomap_msgs__rosidl_typesupport_cpp
[0.669s] [ 69%] Built target octomap_msgs__rosidl_typesupport_fastrtps_c
[0.701s] [ 81%] Built target octomap_msgs__rosidl_typesupport_c
[0.724s] [ 81%] Built target octomap_msgs
[0.751s] [ 83%] Built target octomap_msgs__py
[0.790s] [ 92%] Built target octomap_msgs__python
[0.833s] [100%] Built target octomap_msgs__rosidl_typesupport_c__pyext
[0.833s] [100%] Built target octomap_msgs__rosidl_typesupport_fastrtps_c__pyext
[0.853s] [36mInstall the project...[0m
[0.992s] -- Install configuration: "Debug"
[1.296s] -- Execute custom install script
[1.297s] -- Up-to-date symlink: /root/crs_ws_fanuc/install/octomap_msgs/share/ament_index/resource_index/rosidl_interfaces/octomap_msgs
[1.298s] -- Up-to-date symlink: /root/crs_ws_fanuc/install/octomap_msgs/lib/liboctomap_msgs__rosidl_typesupport_c.so
[1.298s] -- Up-to-date symlink: /root/crs_ws_fanuc/install/octomap_msgs/share/octomap_msgs/environment/library_path.sh
[1.299s] -- Up-to-date symlink: /root/crs_ws_fanuc/install/octomap_msgs/share/octomap_msgs/environment/library_path.dsv
[1.300s] -- Up-to-date symlink: /root/crs_ws_fanuc/install/octomap_msgs/lib/liboctomap_msgs__rosidl_typesupport_cpp.so
[1.304s] -- Up-to-date symlink: /root/crs_ws_fanuc/install/octomap_msgs/include/octomap_msgs/msg/octomap__rosidl_typesupport_fastrtps_c.h
[1.305s] -- Up-to-date symlink: /root/crs_ws_fanuc/install/octomap_msgs/include/octomap_msgs/msg/octomap_with_pose__rosidl_typesupport_fastrtps_c.h
[1.305s] -- Up-to-date symlink: /root/crs_ws_fanuc/install/octomap_msgs/include/octomap_msgs/msg/rosidl_typesupport_fastrtps_c__visibility_control.h
[1.305s] -- Up-to-date symlink: /root/crs_ws_fanuc/install/octomap_msgs/include/octomap_msgs/srv/bounding_box_query__rosidl_typesupport_fastrtps_c.h
[1.308s] -- Up-to-date symlink: /root/crs_ws_fanuc/install/octomap_msgs/include/octomap_msgs/srv/get_octomap__rosidl_typesupport_fastrtps_c.h
[1.309s] -- Up-to-date symlink: /root/crs_ws_fanuc/install/octomap_msgs/lib/liboctomap_msgs__rosidl_typesupport_fastrtps_c.so
[1.310s] -- Up-to-date symlink: /root/crs_ws_fanuc/install/octomap_msgs/include/octomap_msgs/msg/octomap.h
[1.311s] -- Up-to-date symlink: /root/crs_ws_fanuc/install/octomap_msgs/include/octomap_msgs/msg/octomap__functions.h
[1.311s] -- Up-to-date symlink: /root/crs_ws_fanuc/install/octomap_msgs/include/octomap_msgs/msg/octomap__struct.h
[1.315s] -- Up-to-date symlink: /root/crs_ws_fanuc/install/octomap_msgs/include/octomap_msgs/msg/octomap__type_support.h
[1.315s] -- Up-to-date symlink: /root/crs_ws_fanuc/install/octomap_msgs/include/octomap_msgs/msg/octomap_with_pose.h
[1.316s] -- Up-to-date symlink: /root/crs_ws_fanuc/install/octomap_msgs/include/octomap_msgs/msg/octomap_with_pose__functions.h
[1.316s] -- Up-to-date symlink: /root/crs_ws_fanuc/install/octomap_msgs/include/octomap_msgs/msg/octomap_with_pose__struct.h
[1.323s] -- Up-to-date symlink: /root/crs_ws_fanuc/install/octomap_msgs/include/octomap_msgs/msg/octomap_with_pose__type_support.h
[1.323s] -- Up-to-date symlink: /root/crs_ws_fanuc/install/octomap_msgs/include/octomap_msgs/msg/rosidl_generator_c__visibility_control.h
[1.323s] -- Up-to-date symlink: /root/crs_ws_fanuc/install/octomap_msgs/include/octomap_msgs/srv/bounding_box_query.h
[1.324s] -- Up-to-date symlink: /root/crs_ws_fanuc/install/octomap_msgs/include/octomap_msgs/srv/bounding_box_query__functions.h
[1.324s] -- Up-to-date symlink: /root/crs_ws_fanuc/install/octomap_msgs/include/octomap_msgs/srv/bounding_box_query__struct.h
[1.324s] -- Up-to-date symlink: /root/crs_ws_fanuc/install/octomap_msgs/include/octomap_msgs/srv/bounding_box_query__type_support.h
[1.324s] -- Up-to-date symlink: /root/crs_ws_fanuc/install/octomap_msgs/include/octomap_msgs/srv/get_octomap.h
[1.325s] -- Up-to-date symlink: /root/crs_ws_fanuc/install/octomap_msgs/include/octomap_msgs/srv/get_octomap__functions.h
[1.325s] -- Up-to-date symlink: /root/crs_ws_fanuc/install/octomap_msgs/include/octomap_msgs/srv/get_octomap__struct.h
[1.325s] -- Up-to-date symlink: /root/crs_ws_fanuc/install/octomap_msgs/include/octomap_msgs/srv/get_octomap__type_support.h
[1.325s] -- Up-to-date symlink: /root/crs_ws_fanuc/install/octomap_msgs/lib/liboctomap_msgs__rosidl_generator_c.so
[1.326s] -- Up-to-date symlink: /root/crs_ws_fanuc/install/octomap_msgs/include/octomap_msgs/msg/octomap__rosidl_typesupport_fastrtps_cpp.hpp
[1.326s] -- Up-to-date symlink: /root/crs_ws_fanuc/install/octomap_msgs/include/octomap_msgs/msg/octomap_with_pose__rosidl_typesupport_fastrtps_cpp.hpp
[1.326s] -- Up-to-date symlink: /root/crs_ws_fanuc/install/octomap_msgs/include/octomap_msgs/msg/rosidl_typesupport_fastrtps_cpp__visibility_control.h
[1.326s] -- Up-to-date symlink: /root/crs_ws_fanuc/install/octomap_msgs/include/octomap_msgs/srv/bounding_box_query__rosidl_typesupport_fastrtps_cpp.hpp
[1.328s] -- Up-to-date symlink: /root/crs_ws_fanuc/install/octomap_msgs/include/octomap_msgs/srv/get_octomap__rosidl_typesupport_fastrtps_cpp.hpp
[1.328s] -- Up-to-date symlink: /root/crs_ws_fanuc/install/octomap_msgs/lib/liboctomap_msgs__rosidl_typesupport_fastrtps_cpp.so
[1.328s] -- Up-to-date symlink: /root/crs_ws_fanuc/install/octomap_msgs/include/octomap_msgs/msg/octomap.hpp
[1.329s] -- Up-to-date symlink: /root/crs_ws_fanuc/install/octomap_msgs/include/octomap_msgs/msg/octomap__struct.hpp
[1.329s] -- Up-to-date symlink: /root/crs_ws_fanuc/install/octomap_msgs/include/octomap_msgs/msg/octomap__traits.hpp
[1.329s] -- Up-to-date symlink: /root/crs_ws_fanuc/install/octomap_msgs/include/octomap_msgs/msg/octomap_with_pose.hpp
[1.329s] -- Up-to-date symlink: /root/crs_ws_fanuc/install/octomap_msgs/include/octomap_msgs/msg/octomap_with_pose__struct.hpp
[1.330s] -- Up-to-date symlink: /root/crs_ws_fanuc/install/octomap_msgs/include/octomap_msgs/msg/octomap_with_pose__traits.hpp
[1.330s] -- Up-to-date symlink: /root/crs_ws_fanuc/install/octomap_msgs/include/octomap_msgs/srv/bounding_box_query.hpp
[1.330s] -- Up-to-date symlink: /root/crs_ws_fanuc/install/octomap_msgs/include/octomap_msgs/srv/bounding_box_query__struct.hpp
[1.331s] -- Up-to-date symlink: /root/crs_ws_fanuc/install/octomap_msgs/include/octomap_msgs/srv/bounding_box_query__traits.hpp
[1.331s] -- Up-to-date symlink: /root/crs_ws_fanuc/install/octomap_msgs/include/octomap_msgs/srv/get_octomap.hpp
[1.336s] -- Up-to-date symlink: /root/crs_ws_fanuc/install/octomap_msgs/include/octomap_msgs/srv/get_octomap__struct.hpp
[1.337s] -- Up-to-date symlink: /root/crs_ws_fanuc/install/octomap_msgs/include/octomap_msgs/srv/get_octomap__traits.hpp
[1.337s] -- Up-to-date symlink: /root/crs_ws_fanuc/install/octomap_msgs/include/octomap_msgs/msg/octomap__rosidl_typesupport_introspection_c.h
[1.337s] -- Up-to-date symlink: /root/crs_ws_fanuc/install/octomap_msgs/include/octomap_msgs/msg/octomap_with_pose__rosidl_typesupport_introspection_c.h
[1.337s] -- Up-to-date symlink: /root/crs_ws_fanuc/install/octomap_msgs/include/octomap_msgs/msg/rosidl_typesupport_introspection_c__visibility_control.h
[1.338s] -- Up-to-date symlink: /root/crs_ws_fanuc/install/octomap_msgs/include/octomap_msgs/srv/bounding_box_query__rosidl_typesupport_introspection_c.h
[1.338s] -- Up-to-date symlink: /root/crs_ws_fanuc/install/octomap_msgs/include/octomap_msgs/srv/get_octomap__rosidl_typesupport_introspection_c.h
[1.338s] -- Up-to-date symlink: /root/crs_ws_fanuc/install/octomap_msgs/lib/liboctomap_msgs__rosidl_typesupport_introspection_c.so
[1.339s] -- Up-to-date symlink: /root/crs_ws_fanuc/install/octomap_msgs/include/octomap_msgs/msg/octomap__rosidl_typesupport_introspection_cpp.hpp
[1.339s] -- Up-to-date symlink: /root/crs_ws_fanuc/install/octomap_msgs/include/octomap_msgs/msg/octomap_with_pose__rosidl_typesupport_introspection_cpp.hpp
[1.339s] -- Up-to-date symlink: /root/crs_ws_fanuc/install/octomap_msgs/include/octomap_msgs/srv/bounding_box_query__rosidl_typesupport_introspection_cpp.hpp
[1.339s] -- Up-to-date symlink: /root/crs_ws_fanuc/install/octomap_msgs/include/octomap_msgs/srv/get_octomap__rosidl_typesupport_introspection_cpp.hpp
[1.340s] -- Up-to-date symlink: /root/crs_ws_fanuc/install/octomap_msgs/lib/liboctomap_msgs__rosidl_typesupport_introspection_cpp.so
[1.340s] -- Up-to-date symlink: /root/crs_ws_fanuc/install/octomap_msgs/share/octomap_msgs/environment/pythonpath.sh
[1.340s] -- Up-to-date symlink: /root/crs_ws_fanuc/install/octomap_msgs/share/octomap_msgs/environment/pythonpath.dsv
[1.341s] -- Up-to-date symlink: /root/crs_ws_fanuc/install/octomap_msgs/lib/python3.6/site-packages/octomap_msgs/__init__.py
[1.341s] -- Up-to-date symlink: /root/crs_ws_fanuc/install/octomap_msgs/lib/python3.6/site-packages/octomap_msgs/msg/__init__.py
[1.341s] -- Up-to-date symlink: /root/crs_ws_fanuc/install/octomap_msgs/lib/python3.6/site-packages/octomap_msgs/msg/_octomap.py
[1.342s] -- Up-to-date symlink: /root/crs_ws_fanuc/install/octomap_msgs/lib/python3.6/site-packages/octomap_msgs/msg/_octomap_with_pose.py
[1.342s] -- Up-to-date symlink: /root/crs_ws_fanuc/install/octomap_msgs/lib/python3.6/site-packages/octomap_msgs/srv/__init__.py
[1.345s] -- Up-to-date symlink: /root/crs_ws_fanuc/install/octomap_msgs/lib/python3.6/site-packages/octomap_msgs/srv/_bounding_box_query.py
[1.345s] -- Up-to-date symlink: /root/crs_ws_fanuc/install/octomap_msgs/lib/python3.6/site-packages/octomap_msgs/srv/_get_octomap.py
[1.346s] -- Up-to-date symlink: /root/crs_ws_fanuc/install/octomap_msgs/lib/python3.6/site-packages/octomap_msgs/octomap_msgs_s__rosidl_typesupport_c.cpython-36m-x86_64-linux-gnu.so
[1.346s] -- Up-to-date symlink: /root/crs_ws_fanuc/install/octomap_msgs/lib/python3.6/site-packages/octomap_msgs/octomap_msgs_s__rosidl_typesupport_fastrtps_c.cpython-36m-x86_64-linux-gnu.so
[1.346s] -- Up-to-date symlink: /root/crs_ws_fanuc/install/octomap_msgs/lib/liboctomap_msgs__python.so
[1.347s] -- Up-to-date symlink: /root/crs_ws_fanuc/install/octomap_msgs/share/octomap_msgs/msg/Octomap.idl
[1.347s] -- Up-to-date symlink: /root/crs_ws_fanuc/install/octomap_msgs/share/octomap_msgs/msg/OctomapWithPose.idl
[1.347s] -- Up-to-date symlink: /root/crs_ws_fanuc/install/octomap_msgs/share/octomap_msgs/srv/BoundingBoxQuery.idl
[1.348s] -- Up-to-date symlink: /root/crs_ws_fanuc/install/octomap_msgs/share/octomap_msgs/srv/GetOctomap.idl
[1.348s] -- Up-to-date symlink: /root/crs_ws_fanuc/install/octomap_msgs/share/octomap_msgs/msg/Octomap.msg
[1.350s] -- Up-to-date symlink: /root/crs_ws_fanuc/install/octomap_msgs/share/octomap_msgs/msg/OctomapWithPose.msg
[1.350s] -- Up-to-date symlink: /root/crs_ws_fanuc/install/octomap_msgs/share/octomap_msgs/srv/BoundingBoxQuery.srv
[1.351s] -- Up-to-date symlink: /root/crs_ws_fanuc/install/octomap_msgs/share/octomap_msgs/srv/BoundingBoxQuery_Request.msg
[1.351s] -- Up-to-date symlink: /root/crs_ws_fanuc/install/octomap_msgs/share/octomap_msgs/srv/BoundingBoxQuery_Response.msg
[1.351s] -- Up-to-date symlink: /root/crs_ws_fanuc/install/octomap_msgs/share/octomap_msgs/srv/GetOctomap.srv
[1.352s] -- Up-to-date symlink: /root/crs_ws_fanuc/install/octomap_msgs/share/octomap_msgs/srv/GetOctomap_Request.msg
[1.352s] -- Up-to-date symlink: /root/crs_ws_fanuc/install/octomap_msgs/share/octomap_msgs/srv/GetOctomap_Response.msg
[1.353s] -- Up-to-date symlink: /root/crs_ws_fanuc/install/octomap_msgs/share/ament_index/resource_index/package_run_dependencies/octomap_msgs
[1.355s] -- Up-to-date symlink: /root/crs_ws_fanuc/install/octomap_msgs/share/ament_index/resource_index/parent_prefix_path/octomap_msgs
[1.355s] -- Up-to-date symlink: /root/crs_ws_fanuc/install/octomap_msgs/share/octomap_msgs/environment/ament_prefix_path.sh
[1.355s] -- Up-to-date symlink: /root/crs_ws_fanuc/install/octomap_msgs/share/octomap_msgs/environment/ament_prefix_path.dsv
[1.356s] -- Up-to-date symlink: /root/crs_ws_fanuc/install/octomap_msgs/share/octomap_msgs/environment/path.sh
[1.356s] -- Up-to-date symlink: /root/crs_ws_fanuc/install/octomap_msgs/share/octomap_msgs/environment/path.dsv
[1.356s] -- Up-to-date symlink: /root/crs_ws_fanuc/install/octomap_msgs/share/octomap_msgs/local_setup.bash
[1.356s] -- Up-to-date symlink: /root/crs_ws_fanuc/install/octomap_msgs/share/octomap_msgs/local_setup.sh
[1.357s] -- Up-to-date symlink: /root/crs_ws_fanuc/install/octomap_msgs/share/octomap_msgs/local_setup.zsh
[1.358s] -- Up-to-date symlink: /root/crs_ws_fanuc/install/octomap_msgs/share/octomap_msgs/local_setup.dsv
[1.358s] -- Symlinking: /root/crs_ws_fanuc/install/octomap_msgs/share/octomap_msgs/package.dsv
[1.358s] -- Up-to-date symlink: /root/crs_ws_fanuc/install/octomap_msgs/share/ament_index/resource_index/packages/octomap_msgs
[1.358s] -- Up-to-date symlink: /root/crs_ws_fanuc/install/octomap_msgs/share/octomap_msgs/cmake/rosidl_cmake-extras.cmake
[1.358s] -- Up-to-date symlink: /root/crs_ws_fanuc/install/octomap_msgs/share/octomap_msgs/cmake/ament_cmake_export_dependencies-extras.cmake
[1.359s] -- Up-to-date symlink: /root/crs_ws_fanuc/install/octomap_msgs/share/octomap_msgs/cmake/ament_cmake_export_libraries-extras.cmake
[1.359s] -- Up-to-date symlink: /root/crs_ws_fanuc/install/octomap_msgs/share/octomap_msgs/cmake/ament_cmake_export_include_directories-extras.cmake
[1.359s] -- Up-to-date symlink: /root/crs_ws_fanuc/install/octomap_msgs/share/octomap_msgs/cmake/octomap_msgsConfig.cmake
[1.359s] -- Up-to-date symlink: /root/crs_ws_fanuc/install/octomap_msgs/share/octomap_msgs/cmake/octomap_msgsConfig-version.cmake
[1.359s] -- Up-to-date symlink: /root/crs_ws_fanuc/install/octomap_msgs/share/octomap_msgs/package.xml
[1.395s] -- Up-to-date: /root/crs_ws_fanuc/install/octomap_msgs/include
[1.396s] -- Up-to-date: /root/crs_ws_fanuc/install/octomap_msgs/include/octomap_msgs
[1.396s] -- Up-to-date: /root/crs_ws_fanuc/install/octomap_msgs/include/octomap_msgs/conversions.h
[2.002s] Invoked command in '/root/crs_ws_fanuc/build/octomap_msgs' returned '0': CMAKE_PREFIX_PATH=${CMAKE_PREFIX_PATH}:/opt/ros/eloquent /usr/bin/cmake --build /root/crs_ws_fanuc/build/octomap_msgs --target install -- -j8 -l8
