-- Boost version: 1.65.1
-- Found the following Boost libraries:
--   system
--   python
--   thread
--   program_options
--   chrono
--   date_time
--   atomic
-- Configuring done
-- Generating done
-- Build files have been written to: /root/crs_ws_fanuc/build/trajopt_sco
[ 15%] Building CXX object CMakeFiles/trajopt_sco.dir/src/modeling.cpp.o
[ 23%] Building CXX object CMakeFiles/trajopt_sco.dir/src/expr_vec_ops.cpp.o
[ 30%] Building CXX object CMakeFiles/trajopt_sco.dir/src/optimizers.cpp.o
[  7%] Building CXX object CMakeFiles/trajopt_sco.dir/src/solver_utils.cpp.o
[ 38%] Building CXX object CMakeFiles/trajopt_sco.dir/src/expr_ops.cpp.o
[ 46%] Building CXX object CMakeFiles/trajopt_sco.dir/src/solver_interface.cpp.o
[ 53%] Building CXX object CMakeFiles/trajopt_sco.dir/src/modeling_utils.cpp.o
[ 61%] Building CXX object CMakeFiles/bpmpd_caller.dir/src/bpmpd_caller.cpp.o
<command-line>:0:0: warning: "HAVE_BPMPD" redefined
<command-line>:0:0: note: this is the location of the previous definition
[ 69%] Linking CXX executable bpmpd_caller
[ 69%] Built target bpmpd_caller
[ 76%] Building CXX object CMakeFiles/trajopt_sco.dir/src/num_diff.cpp.o
[ 84%] Building CXX object CMakeFiles/trajopt_sco.dir/src/bpmpd_interface.cpp.o
[ 92%] Building CXX object CMakeFiles/trajopt_sco.dir/src/osqp_interface.cpp.o
[100%] Linking CXX shared library libtrajopt_sco.so
[100%] Built target trajopt_sco
[ 15%] Built target bpmpd_caller
[100%] Built target trajopt_sco
Install the project...
-- Install configuration: "Debug"
-- Installing: /root/crs_ws_fanuc/install/trajopt_sco/bin/bpmpd_caller
-- Up-to-date: /root/crs_ws_fanuc/install/trajopt_sco/bin/bpmpd.par
-- Installing: /root/crs_ws_fanuc/install/trajopt_sco/lib/libtrajopt_sco.so
-- Set runtime path of "/root/crs_ws_fanuc/install/trajopt_sco/lib/libtrajopt_sco.so" to ""
-- Up-to-date: /root/crs_ws_fanuc/install/trajopt_sco/lib/cmake/trajopt_sco/trajopt_sco-targets.cmake
-- Installing: /root/crs_ws_fanuc/install/trajopt_sco/lib/cmake/trajopt_sco/trajopt_sco-targets-debug.cmake
-- Up-to-date: /root/crs_ws_fanuc/install/trajopt_sco/share/trajopt_sco/package.xml
-- Up-to-date: /root/crs_ws_fanuc/install/trajopt_sco/lib/cmake/trajopt_sco/trajopt_sco-config.cmake
-- Up-to-date: /root/crs_ws_fanuc/install/trajopt_sco/lib/cmake/trajopt_sco/trajopt_sco-config-version.cmake
-- Up-to-date: /root/crs_ws_fanuc/install/trajopt_sco/include/trajopt_sco
-- Up-to-date: /root/crs_ws_fanuc/install/trajopt_sco/include/trajopt_sco/optimizers.hpp
-- Up-to-date: /root/crs_ws_fanuc/install/trajopt_sco/include/trajopt_sco/num_diff.hpp
-- Up-to-date: /root/crs_ws_fanuc/install/trajopt_sco/include/trajopt_sco/expr_ops.hpp
-- Up-to-date: /root/crs_ws_fanuc/install/trajopt_sco/include/trajopt_sco/qpoases_interface.hpp
-- Up-to-date: /root/crs_ws_fanuc/install/trajopt_sco/include/trajopt_sco/osqp_interface.hpp
-- Up-to-date: /root/crs_ws_fanuc/install/trajopt_sco/include/trajopt_sco/gurobi_interface.hpp
-- Up-to-date: /root/crs_ws_fanuc/install/trajopt_sco/include/trajopt_sco/modeling_utils.hpp
-- Up-to-date: /root/crs_ws_fanuc/install/trajopt_sco/include/trajopt_sco/solver_utils.hpp
-- Up-to-date: /root/crs_ws_fanuc/install/trajopt_sco/include/trajopt_sco/bpmpd_io.hpp
-- Up-to-date: /root/crs_ws_fanuc/install/trajopt_sco/include/trajopt_sco/modeling.hpp
-- Up-to-date: /root/crs_ws_fanuc/install/trajopt_sco/include/trajopt_sco/expr_op_overloads.hpp
-- Up-to-date: /root/crs_ws_fanuc/install/trajopt_sco/include/trajopt_sco/solver_interface.hpp
-- Up-to-date: /root/crs_ws_fanuc/install/trajopt_sco/include/trajopt_sco/bpmpd_interface.hpp
-- Up-to-date: /root/crs_ws_fanuc/install/trajopt_sco/include/trajopt_sco/expr_vec_ops.hpp
-- Up-to-date: /root/crs_ws_fanuc/install/trajopt_sco/include/trajopt_sco/sco_common.hpp
-- Up-to-date: /root/crs_ws_fanuc/install/trajopt_sco/lib/cmake/trajopt_sco/FindGUROBI.cmake
-- Up-to-date: /root/crs_ws_fanuc/install/trajopt_sco/lib/cmake/trajopt_sco/FindqpOASES.cmake
