[0.020s] Invoking command in '/root/crs_ws_fanuc/build/crs_gazebo_plugins': CMAKE_PREFIX_PATH=/root/crs_ws_fanuc/install/crs_utils_py:/opt/ros/eloquent:${CMAKE_PREFIX_PATH} /usr/bin/cmake /root/crs_ws_fanuc/src/collaborative-robotic-sanding/crs_gazebo_plugins -DAMENT_CMAKE_SYMLINK_INSTALL=1 -DCMAKE_INSTALL_PREFIX=/root/crs_ws_fanuc/install/crs_gazebo_plugins
[0.165s] -- The C compiler identification is GNU 7.5.0
[0.277s] -- The CXX compiler identification is GNU 7.5.0
[0.298s] -- Check for working C compiler: /usr/bin/cc
[0.465s] -- Check for working C compiler: /usr/bin/cc -- works
[0.465s] -- Detecting C compiler ABI info
[0.674s] -- Detecting C compiler ABI info - done
[0.683s] -- Detecting C compile features
[1.251s] -- Detecting C compile features - done
[1.254s] -- Check for working CXX compiler: /usr/bin/c++
[1.598s] -- Check for working CXX compiler: /usr/bin/c++ -- works
[1.601s] -- Detecting CXX compiler ABI info
[1.789s] -- Detecting CXX compiler ABI info - done
[1.799s] -- Detecting CXX compile features
[3.827s] -- Detecting CXX compile features - done
[3.834s] -- Found ament_cmake: 0.8.3 (/opt/ros/eloquent/share/ament_cmake/cmake)
[3.940s] -- Found PythonInterp: /usr/bin/python3 (found suitable version "3.6.9", minimum required is "3") 
[3.941s] -- Using PYTHON_EXECUTABLE: /usr/bin/python3
[4.612s] -- Override CMake install command with custom implementation using symlinks instead of copying resources
[4.669s] -- Found rclcpp: 0.8.5 (/opt/ros/eloquent/share/rclcpp/cmake)
[4.765s] -- Found rosidl_adapter: 0.8.3 (/opt/ros/eloquent/share/rosidl_adapter/cmake)
[4.846s] -- Found rmw_implementation_cmake: 0.8.1 (/opt/ros/eloquent/share/rmw_implementation_cmake/cmake)
[4.850s] -- Using RMW implementation 'rmw_fastrtps_cpp' as default
[4.852s] -- Looking for pthread.h
[5.326s] -- Looking for pthread.h - found
[5.327s] -- Looking for pthread_create
[5.861s] -- Looking for pthread_create - not found
[5.861s] -- Looking for pthread_create in pthreads
[6.240s] -- Looking for pthread_create in pthreads - not found
[6.240s] -- Looking for pthread_create in pthread
[7.010s] -- Looking for pthread_create in pthread - found
[7.011s] -- Found Threads: TRUE  
[7.147s] -- Found rclcpp_action: 0.8.5 (/opt/ros/eloquent/share/rclcpp_action/cmake)
[7.616s] -- Found rclcpp_components: 0.8.5 (/opt/ros/eloquent/share/rclcpp_components/cmake)
[7.626s] -- Found poco_vendor:  (/opt/ros/eloquent/share/poco_vendor/cmake)
[7.817s] -- Found control_msgs: 2.2.0 (/opt/ros/eloquent/share/control_msgs/cmake)
[8.075s] -- Found gazebo_dev: 3.4.4 (/opt/ros/eloquent/share/gazebo_dev/cmake)
[8.129s] -- Found PkgConfig: /usr/bin/pkg-config (found version "0.29.1") 
[8.137s] -- Checking for module 'bullet>=2.82'
[8.353s] --   Found bullet, version 3.08
[8.885s] -- Found Simbody: /usr/include/simbody  
[9.663s] -- Boost version: 1.65.1
[9.663s] -- Found the following Boost libraries:
[9.664s] --   thread
[9.664s] --   signals
[9.664s] --   system
[9.664s] --   filesystem
[9.665s] --   program_options
[9.665s] --   regex
[9.665s] --   iostreams
[9.665s] --   date_time
[9.665s] --   chrono
[9.665s] --   atomic
[9.775s] -- Found Protobuf: /usr/lib/x86_64-linux-gnu/libprotobuf.so;-lpthread (found version "3.0.0") 
[10.139s] -- Boost version: 1.65.1
[10.141s] -- Looking for OGRE...
[10.143s] -- OGRE_PREFIX_WATCH changed.
[10.170s] -- Checking for module 'OGRE'
[10.293s] --   Found OGRE, version 1.9.0
[10.837s] -- Found Ogre Ghadamon (1.9.0)
[10.893s] -- Found OGRE: optimized;/usr/lib/x86_64-linux-gnu/libOgreMain.so;debug;/usr/lib/x86_64-linux-gnu/libOgreMain.so
[11.156s] -- Looking for OGRE_Paging...
[11.198s] -- Found OGRE_Paging: optimized;/usr/lib/x86_64-linux-gnu/libOgrePaging.so;debug;/usr/lib/x86_64-linux-gnu/libOgrePaging.so
[11.198s] -- Looking for OGRE_Terrain...
[11.242s] -- Found OGRE_Terrain: optimized;/usr/lib/x86_64-linux-gnu/libOgreTerrain.so;debug;/usr/lib/x86_64-linux-gnu/libOgreTerrain.so
[11.243s] -- Looking for OGRE_Property...
[11.286s] -- Found OGRE_Property: optimized;/usr/lib/x86_64-linux-gnu/libOgreProperty.so;debug;/usr/lib/x86_64-linux-gnu/libOgreProperty.so
[11.286s] -- Looking for OGRE_RTShaderSystem...
[11.325s] -- Found OGRE_RTShaderSystem: optimized;/usr/lib/x86_64-linux-gnu/libOgreRTShaderSystem.so;debug;/usr/lib/x86_64-linux-gnu/libOgreRTShaderSystem.so
[11.333s] -- Looking for OGRE_Volume...
[11.378s] -- Found OGRE_Volume: optimized;/usr/lib/x86_64-linux-gnu/libOgreVolume.so;debug;/usr/lib/x86_64-linux-gnu/libOgreVolume.so
[11.378s] -- Looking for OGRE_Overlay...
[11.413s] -- Found OGRE_Overlay: optimized;/usr/lib/x86_64-linux-gnu/libOgreOverlay.so;debug;/usr/lib/x86_64-linux-gnu/libOgreOverlay.so
[12.658s] -- Found Protobuf: /usr/lib/x86_64-linux-gnu/libprotobuf.so;-lpthread;-lpthread (found suitable version "3.0.0", minimum required is "2.3.0") 
[12.702s] -- Config-file not installed for ZeroMQ -- checking for pkg-config
[12.731s] -- Checking for module 'libzmq >= 4'
[12.859s] --   Found libzmq , version 4.2.5
[13.431s] -- Found ZeroMQ: TRUE (Required is at least version "4") 
[13.470s] -- Checking for module 'uuid'
[13.654s] --   Found uuid, version 2.31.1
[14.226s] -- Found UUID: TRUE  
[14.363s] -- Checking for module 'tinyxml2'
[14.530s] --   Found tinyxml2, version 6.0.0
[14.965s] -- Looking for dlfcn.h - found
[14.967s] -- Looking for libdl - found
[14.970s] -- Found DL: TRUE  
[14.971s] -- FreeImage.pc not found, we will search for FreeImage_INCLUDE_DIRS and FreeImage_LIBRARIES
[15.722s] -- Checking for module 'gts'
[15.850s] --   Found gts, version 0.7.6
[16.311s] -- Found GTS: TRUE  
[16.339s] -- Checking for module 'libswscale'
[16.503s] --   Found libswscale, version 4.8.100
[17.026s] -- Found SWSCALE: TRUE  
[17.052s] -- Checking for module 'libavdevice >= 56.4.100'
[17.248s] --   Found libavdevice , version 57.10.100
[17.834s] -- Found AVDEVICE: TRUE (Required is at least version "56.4.100") 
[17.863s] -- Checking for module 'libavformat'
[17.997s] --   Found libavformat, version 57.83.100
[18.571s] -- Found AVFORMAT: TRUE  
[18.606s] -- Checking for module 'libavcodec'
[18.769s] --   Found libavcodec, version 57.107.100
[19.214s] -- Found AVCODEC: TRUE  
[19.239s] -- Checking for module 'libavutil'
[19.417s] --   Found libavutil, version 55.78.100
[19.932s] -- Found AVUTIL: TRUE  
[20.002s] -- Found CURL: /usr/lib/x86_64-linux-gnu/libcurl.so (found version "7.58.0") 
[20.085s] -- Checking for module 'jsoncpp'
[20.281s] --   Found jsoncpp, version 1.7.4
[20.760s] -- Found JSONCPP: TRUE  
[20.796s] -- Checking for module 'yaml-0.1'
[20.990s] --   Found yaml-0.1, version 0.1.7
[21.452s] -- Found YAML: TRUE  
[21.499s] -- Checking for module 'libzip'
[21.629s] --   Found libzip, version 1.1.2
[22.115s] -- Found ZIP: TRUE  
[22.115s] -- Gazebo version: 9.0
[22.119s] -- Found gazebo_msgs: 3.4.4 (/opt/ros/eloquent/share/gazebo_msgs/cmake)
[22.210s] -- Found gazebo_ros: 3.4.4 (/opt/ros/eloquent/share/gazebo_ros/cmake)
[22.306s] -- Found gazebo_plugins: 3.4.4 (/opt/ros/eloquent/share/gazebo_plugins/cmake)
[22.953s] -- Found ament_lint_auto: 0.8.2 (/opt/ros/eloquent/share/ament_lint_auto/cmake)
[23.282s] -- Added test 'copyright' to check for copyright in CMake / C / C++ / Python code
[23.285s] -- Added test 'cppcheck' to perform static code analysis on C / C++ code
[23.297s] -- Configured cppcheck include dirs: /root/crs_ws_fanuc/src/collaborative-robotic-sanding/crs_gazebo_plugins/include
[23.299s] -- Added test 'cpplint' to check C / C++ code against the Google style
[23.302s] -- Added test 'lint_cmake' to check CMake code style
[23.305s] -- Added test 'uncrustify' to check C / C++ code style
[23.307s] -- Added test 'xmllint' to check XML markup files
[23.319s] -- Configuring done
[23.391s] -- Generating done
[23.397s] -- Build files have been written to: /root/crs_ws_fanuc/build/crs_gazebo_plugins
[23.415s] Invoked command in '/root/crs_ws_fanuc/build/crs_gazebo_plugins' returned '0': CMAKE_PREFIX_PATH=/root/crs_ws_fanuc/install/crs_utils_py:/opt/ros/eloquent:${CMAKE_PREFIX_PATH} /usr/bin/cmake /root/crs_ws_fanuc/src/collaborative-robotic-sanding/crs_gazebo_plugins -DAMENT_CMAKE_SYMLINK_INSTALL=1 -DCMAKE_INSTALL_PREFIX=/root/crs_ws_fanuc/install/crs_gazebo_plugins
[23.417s] Invoking command in '/root/crs_ws_fanuc/build/crs_gazebo_plugins': CMAKE_PREFIX_PATH=/root/crs_ws_fanuc/install/crs_utils_py:/opt/ros/eloquent:${CMAKE_PREFIX_PATH} /usr/bin/cmake --build /root/crs_ws_fanuc/build/crs_gazebo_plugins -- -j8 -l8
[23.809s] [35m[1mScanning dependencies of target crs_gazebo_plugins_joint_pose_trajectory[0m
[24.268s] [ 50%] [32mBuilding CXX object CMakeFiles/crs_gazebo_plugins_joint_pose_trajectory.dir/src/joint_pose_trajectory.cpp.o[0m
[33.431s] [01m[K/root/crs_ws_fanuc/src/collaborative-robotic-sanding/crs_gazebo_plugins/src/joint_pose_trajectory.cpp:[m[K In member function ‘[01m[Krclcpp_action::GoalResponse crs_gazebo_plugins::JointPoseTrajectoryPrivate::goalCallback(const GoalUUID&, std::shared_ptr<const control_msgs::action::FollowJointTrajectory_Goal_<std::allocator<void> > >)[m[K’:
[33.432s] [01m[K/root/crs_ws_fanuc/src/collaborative-robotic-sanding/crs_gazebo_plugins/src/joint_pose_trajectory.cpp:183:115:[m[K [01;35m[Kwarning: [m[Kunused parameter ‘[01m[Kgoal[m[K’ [[01;35m[K-Wunused-parameter[m[K]
[33.432s]                        std::shared_ptr<const control_msgs::action::FollowJointTrajectory::Goal> [01;35m[Kgoal[m[K)
[33.432s]                                                                                                 [01;35m[K^~~~[m[K
[38.930s] [100%] [32m[1mLinking CXX shared library libcrs_gazebo_plugins_joint_pose_trajectory.so[0m
[39.848s] [100%] Built target crs_gazebo_plugins_joint_pose_trajectory
[39.888s] Invoked command in '/root/crs_ws_fanuc/build/crs_gazebo_plugins' returned '0': CMAKE_PREFIX_PATH=/root/crs_ws_fanuc/install/crs_utils_py:/opt/ros/eloquent:${CMAKE_PREFIX_PATH} /usr/bin/cmake --build /root/crs_ws_fanuc/build/crs_gazebo_plugins -- -j8 -l8
[40.194s] Invoking command in '/root/crs_ws_fanuc/build/crs_gazebo_plugins': CMAKE_PREFIX_PATH=/root/crs_ws_fanuc/install/crs_utils_py:/opt/ros/eloquent:${CMAKE_PREFIX_PATH} /usr/bin/cmake --build /root/crs_ws_fanuc/build/crs_gazebo_plugins --target install -- -j8 -l8
[40.540s] [100%] Built target crs_gazebo_plugins_joint_pose_trajectory
[40.612s] [36mInstall the project...[0m
[40.657s] -- Install configuration: ""
[40.658s] -- Execute custom install script
[40.660s] -- Up-to-date symlink: /root/crs_ws_fanuc/install/crs_gazebo_plugins/share/crs_gazebo_plugins/environment/library_path.sh
[40.660s] -- Symlinking: /root/crs_ws_fanuc/install/crs_gazebo_plugins/share/crs_gazebo_plugins/environment/library_path.dsv
[40.704s] -- Symlinking: /root/crs_ws_fanuc/install/crs_gazebo_plugins/share/ament_index/resource_index/package_run_dependencies/crs_gazebo_plugins
[40.768s] -- Symlinking: /root/crs_ws_fanuc/install/crs_gazebo_plugins/share/ament_index/resource_index/parent_prefix_path/crs_gazebo_plugins
[40.814s] -- Up-to-date symlink: /root/crs_ws_fanuc/install/crs_gazebo_plugins/share/crs_gazebo_plugins/environment/ament_prefix_path.sh
[40.815s] -- Symlinking: /root/crs_ws_fanuc/install/crs_gazebo_plugins/share/crs_gazebo_plugins/environment/ament_prefix_path.dsv
[40.847s] -- Up-to-date symlink: /root/crs_ws_fanuc/install/crs_gazebo_plugins/share/crs_gazebo_plugins/environment/path.sh
[40.848s] -- Symlinking: /root/crs_ws_fanuc/install/crs_gazebo_plugins/share/crs_gazebo_plugins/environment/path.dsv
[40.888s] -- Symlinking: /root/crs_ws_fanuc/install/crs_gazebo_plugins/share/crs_gazebo_plugins/local_setup.bash
[40.956s] -- Symlinking: /root/crs_ws_fanuc/install/crs_gazebo_plugins/share/crs_gazebo_plugins/local_setup.sh
[41.039s] -- Symlinking: /root/crs_ws_fanuc/install/crs_gazebo_plugins/share/crs_gazebo_plugins/local_setup.zsh
[41.083s] -- Symlinking: /root/crs_ws_fanuc/install/crs_gazebo_plugins/share/crs_gazebo_plugins/local_setup.dsv
[41.141s] -- Symlinking: /root/crs_ws_fanuc/install/crs_gazebo_plugins/share/crs_gazebo_plugins/package.dsv
[41.188s] -- Symlinking: /root/crs_ws_fanuc/install/crs_gazebo_plugins/share/ament_index/resource_index/packages/crs_gazebo_plugins
[41.248s] -- Symlinking: /root/crs_ws_fanuc/install/crs_gazebo_plugins/share/crs_gazebo_plugins/cmake/ament_cmake_export_libraries-extras.cmake
[41.311s] -- Symlinking: /root/crs_ws_fanuc/install/crs_gazebo_plugins/share/crs_gazebo_plugins/cmake/crs_gazebo_pluginsConfig.cmake
[41.395s] -- Symlinking: /root/crs_ws_fanuc/install/crs_gazebo_plugins/share/crs_gazebo_plugins/cmake/crs_gazebo_pluginsConfig-version.cmake
[41.435s] -- Symlinking: /root/crs_ws_fanuc/install/crs_gazebo_plugins/share/crs_gazebo_plugins/package.xml
[41.501s] -- Symlinking: /root/crs_ws_fanuc/install/crs_gazebo_plugins/include/crs_gazebo_plugins/joint_pose_trajectory.hpp
[41.571s] -- Symlinking: /root/crs_ws_fanuc/install/crs_gazebo_plugins/lib/libcrs_gazebo_plugins_joint_pose_trajectory.so
[41.663s] Invoked command in '/root/crs_ws_fanuc/build/crs_gazebo_plugins' returned '0': CMAKE_PREFIX_PATH=/root/crs_ws_fanuc/install/crs_utils_py:/opt/ros/eloquent:${CMAKE_PREFIX_PATH} /usr/bin/cmake --build /root/crs_ws_fanuc/build/crs_gazebo_plugins --target install -- -j8 -l8
