** WARNING ** io features related to ensenso will be disabled
** WARNING ** io features related to davidSDK will be disabled
** WARNING ** io features related to dssdk will be disabled
** WARNING ** io features related to pcap will be disabled
** WARNING ** io features related to png will be disabled
** WARNING ** io features related to libusb-1.0 will be disabled
** WARNING ** 2d features related to ensenso will be disabled
** WARNING ** 2d features related to davidSDK will be disabled
** WARNING ** 2d features related to dssdk will be disabled
** WARNING ** 2d features related to pcap will be disabled
** WARNING ** 2d features related to png will be disabled
** WARNING ** 2d features related to libusb-1.0 will be disabled
In file included from /usr/include/pcl-1.8/pcl/sample_consensus/sac_model.h:52:0,
                 from /usr/include/pcl-1.8/pcl/sample_consensus/sac_model_plane.h:44,
                 from /usr/include/pcl-1.8/pcl/segmentation/extract_polygonal_prism_data.h:42,
                 from /root/crs_ws_fanuc/src/collaborative-robotic-sanding/crs_area_selection/src/area_selector.cpp:25:
/usr/include/pcl-1.8/pcl/sample_consensus/model_types.h: In function 'void __static_initialization_and_destruction_0(int, int)':
/usr/include/pcl-1.8/pcl/sample_consensus/model_types.h:99:3: warning: 'pcl::SAC_SAMPLE_SIZE' is deprecated: This map is deprecated and is kept only to prevent breaking existing user code. Starting from PCL 1.8.0 model sample size is a protected member of the SampleConsensusModel class [-Wdeprecated-declarations]
   SAC_SAMPLE_SIZE (sample_size_pairs, sample_size_pairs + sizeof (sample_size_pairs) / sizeof (SampleSizeModel));
   ^~~~~~~~~~~~~~~
/usr/include/pcl-1.8/pcl/sample_consensus/model_types.h:99:3: note: declared here
