[0.065s] Invoking command in '/root/crs_ws_fanuc/build/crs_robot_comms': AMENT_PREFIX_PATH=/root/crs_ws_fanuc/install/crs_msgs:/root/crs_ws_fanuc/install/ur_dashboard_msgs:/root/crs_ws_fanuc/install/cartesian_trajectory_msgs:${AMENT_PREFIX_PATH} CMAKE_PREFIX_PATH=/root/crs_ws_fanuc/install/crs_msgs:/root/crs_ws_fanuc/install/ur_dashboard_msgs:/root/crs_ws_fanuc/install/cartesian_trajectory_msgs:/opt/qt513/lib/cmake:/opt/ros/eloquent LD_LIBRARY_PATH=/root/crs_ws_fanuc/install/crs_msgs/lib:/root/crs_ws_fanuc/install/ur_dashboard_msgs/lib:/root/crs_ws_fanuc/install/cartesian_trajectory_msgs/lib:${LD_LIBRARY_PATH} PYTHONPATH=/root/crs_ws_fanuc/install/crs_msgs/lib/python3.6/site-packages:/root/crs_ws_fanuc/install/ur_dashboard_msgs/lib/python3.6/site-packages:/root/crs_ws_fanuc/install/cartesian_trajectory_msgs/lib/python3.6/site-packages:${PYTHONPATH} /usr/bin/cmake --build /root/crs_ws_fanuc/build/crs_robot_comms -- -j8 -l8
[0.256s] [ 50%] Built target crs_robot_comms_ur_comms_sim
[0.257s] [100%] Built target crs_robot_comms_ur_comms
[0.279s] Invoked command in '/root/crs_ws_fanuc/build/crs_robot_comms' returned '0': AMENT_PREFIX_PATH=/root/crs_ws_fanuc/install/crs_msgs:/root/crs_ws_fanuc/install/ur_dashboard_msgs:/root/crs_ws_fanuc/install/cartesian_trajectory_msgs:${AMENT_PREFIX_PATH} CMAKE_PREFIX_PATH=/root/crs_ws_fanuc/install/crs_msgs:/root/crs_ws_fanuc/install/ur_dashboard_msgs:/root/crs_ws_fanuc/install/cartesian_trajectory_msgs:/opt/qt513/lib/cmake:/opt/ros/eloquent LD_LIBRARY_PATH=/root/crs_ws_fanuc/install/crs_msgs/lib:/root/crs_ws_fanuc/install/ur_dashboard_msgs/lib:/root/crs_ws_fanuc/install/cartesian_trajectory_msgs/lib:${LD_LIBRARY_PATH} PYTHONPATH=/root/crs_ws_fanuc/install/crs_msgs/lib/python3.6/site-packages:/root/crs_ws_fanuc/install/ur_dashboard_msgs/lib/python3.6/site-packages:/root/crs_ws_fanuc/install/cartesian_trajectory_msgs/lib/python3.6/site-packages:${PYTHONPATH} /usr/bin/cmake --build /root/crs_ws_fanuc/build/crs_robot_comms -- -j8 -l8
[0.426s] Invoking command in '/root/crs_ws_fanuc/build/crs_robot_comms': AMENT_PREFIX_PATH=/root/crs_ws_fanuc/install/crs_msgs:/root/crs_ws_fanuc/install/ur_dashboard_msgs:/root/crs_ws_fanuc/install/cartesian_trajectory_msgs:${AMENT_PREFIX_PATH} CMAKE_PREFIX_PATH=/root/crs_ws_fanuc/install/crs_msgs:/root/crs_ws_fanuc/install/ur_dashboard_msgs:/root/crs_ws_fanuc/install/cartesian_trajectory_msgs:/opt/qt513/lib/cmake:/opt/ros/eloquent LD_LIBRARY_PATH=/root/crs_ws_fanuc/install/crs_msgs/lib:/root/crs_ws_fanuc/install/ur_dashboard_msgs/lib:/root/crs_ws_fanuc/install/cartesian_trajectory_msgs/lib:${LD_LIBRARY_PATH} PYTHONPATH=/root/crs_ws_fanuc/install/crs_msgs/lib/python3.6/site-packages:/root/crs_ws_fanuc/install/ur_dashboard_msgs/lib/python3.6/site-packages:/root/crs_ws_fanuc/install/cartesian_trajectory_msgs/lib/python3.6/site-packages:${PYTHONPATH} /usr/bin/cmake --build /root/crs_ws_fanuc/build/crs_robot_comms --target install -- -j8 -l8
[0.612s] [ 50%] Built target crs_robot_comms_ur_comms
[0.621s] [100%] Built target crs_robot_comms_ur_comms_sim
[0.697s] [36mInstall the project...[0m
[0.727s] -- Install configuration: "Debug"
[0.728s] -- Execute custom install script
[0.728s] -- Up-to-date symlink: /root/crs_ws_fanuc/install/crs_robot_comms/share/ament_index/resource_index/package_run_dependencies/crs_robot_comms
[0.729s] -- Up-to-date symlink: /root/crs_ws_fanuc/install/crs_robot_comms/share/ament_index/resource_index/parent_prefix_path/crs_robot_comms
[0.729s] -- Up-to-date symlink: /root/crs_ws_fanuc/install/crs_robot_comms/share/crs_robot_comms/environment/ament_prefix_path.sh
[0.730s] -- Up-to-date symlink: /root/crs_ws_fanuc/install/crs_robot_comms/share/crs_robot_comms/environment/ament_prefix_path.dsv
[0.730s] -- Up-to-date symlink: /root/crs_ws_fanuc/install/crs_robot_comms/share/crs_robot_comms/environment/path.sh
[0.731s] -- Up-to-date symlink: /root/crs_ws_fanuc/install/crs_robot_comms/share/crs_robot_comms/environment/path.dsv
[0.731s] -- Up-to-date symlink: /root/crs_ws_fanuc/install/crs_robot_comms/share/crs_robot_comms/local_setup.bash
[0.732s] -- Up-to-date symlink: /root/crs_ws_fanuc/install/crs_robot_comms/share/crs_robot_comms/local_setup.sh
[0.732s] -- Up-to-date symlink: /root/crs_ws_fanuc/install/crs_robot_comms/share/crs_robot_comms/local_setup.zsh
[0.733s] -- Up-to-date symlink: /root/crs_ws_fanuc/install/crs_robot_comms/share/crs_robot_comms/local_setup.dsv
[0.733s] -- Symlinking: /root/crs_ws_fanuc/install/crs_robot_comms/share/crs_robot_comms/package.dsv
[0.750s] -- Up-to-date symlink: /root/crs_ws_fanuc/install/crs_robot_comms/share/ament_index/resource_index/packages/crs_robot_comms
[0.750s] -- Up-to-date symlink: /root/crs_ws_fanuc/install/crs_robot_comms/share/crs_robot_comms/cmake/ament_cmake_export_interfaces-extras.cmake
[0.751s] -- Up-to-date symlink: /root/crs_ws_fanuc/install/crs_robot_comms/share/crs_robot_comms/cmake/ament_cmake_export_dependencies-extras.cmake
[0.752s] -- Up-to-date symlink: /root/crs_ws_fanuc/install/crs_robot_comms/share/crs_robot_comms/cmake/crs_robot_commsConfig.cmake
[0.752s] -- Up-to-date symlink: /root/crs_ws_fanuc/install/crs_robot_comms/share/crs_robot_comms/cmake/crs_robot_commsConfig-version.cmake
[0.752s] -- Up-to-date symlink: /root/crs_ws_fanuc/install/crs_robot_comms/share/crs_robot_comms/package.xml
[0.753s] -- Up-to-date: /root/crs_ws_fanuc/install/crs_robot_comms/lib/crs_robot_comms/crs_robot_comms_ur_comms
[0.754s] -- Up-to-date: /root/crs_ws_fanuc/install/crs_robot_comms/lib/crs_robot_comms/crs_robot_comms_ur_comms_sim
[0.754s] -- Up-to-date: /root/crs_ws_fanuc/install/crs_robot_comms/share/crs_robot_comms/cmake/-targetsExport.cmake
[0.755s] -- Up-to-date: /root/crs_ws_fanuc/install/crs_robot_comms/share/crs_robot_comms/cmake/-targetsExport-debug.cmake
[0.765s] Invoked command in '/root/crs_ws_fanuc/build/crs_robot_comms' returned '0': AMENT_PREFIX_PATH=/root/crs_ws_fanuc/install/crs_msgs:/root/crs_ws_fanuc/install/ur_dashboard_msgs:/root/crs_ws_fanuc/install/cartesian_trajectory_msgs:${AMENT_PREFIX_PATH} CMAKE_PREFIX_PATH=/root/crs_ws_fanuc/install/crs_msgs:/root/crs_ws_fanuc/install/ur_dashboard_msgs:/root/crs_ws_fanuc/install/cartesian_trajectory_msgs:/opt/qt513/lib/cmake:/opt/ros/eloquent LD_LIBRARY_PATH=/root/crs_ws_fanuc/install/crs_msgs/lib:/root/crs_ws_fanuc/install/ur_dashboard_msgs/lib:/root/crs_ws_fanuc/install/cartesian_trajectory_msgs/lib:${LD_LIBRARY_PATH} PYTHONPATH=/root/crs_ws_fanuc/install/crs_msgs/lib/python3.6/site-packages:/root/crs_ws_fanuc/install/ur_dashboard_msgs/lib/python3.6/site-packages:/root/crs_ws_fanuc/install/cartesian_trajectory_msgs/lib/python3.6/site-packages:${PYTHONPATH} /usr/bin/cmake --build /root/crs_ws_fanuc/build/crs_robot_comms --target install -- -j8 -l8
