Determining if the pthread_create exist failed with the following output:
Change Dir: /root/crs_ws_fanuc/build/region_detection_rclcpp/CMakeFiles/CMakeTmp

Run Build Command:"/usr/bin/make" "cmTC_6fb3f/fast"
/usr/bin/make -f CMakeFiles/cmTC_6fb3f.dir/build.make CMakeFiles/cmTC_6fb3f.dir/build
make[1]: Entering directory '/root/crs_ws_fanuc/build/region_detection_rclcpp/CMakeFiles/CMakeTmp'
Building C object CMakeFiles/cmTC_6fb3f.dir/CheckSymbolExists.c.o
/usr/bin/cc    -o CMakeFiles/cmTC_6fb3f.dir/CheckSymbolExists.c.o   -c /root/crs_ws_fanuc/build/region_detection_rclcpp/CMakeFiles/CMakeTmp/CheckSymbolExists.c
Linking C executable cmTC_6fb3f
/usr/bin/cmake -E cmake_link_script CMakeFiles/cmTC_6fb3f.dir/link.txt --verbose=1
/usr/bin/cc      CMakeFiles/cmTC_6fb3f.dir/CheckSymbolExists.c.o  -o cmTC_6fb3f 
CMakeFiles/cmTC_6fb3f.dir/CheckSymbolExists.c.o: In function `main':
CheckSymbolExists.c:(.text+0x1b): undefined reference to `pthread_create'
collect2: error: ld returned 1 exit status
CMakeFiles/cmTC_6fb3f.dir/build.make:97: recipe for target 'cmTC_6fb3f' failed
make[1]: *** [cmTC_6fb3f] Error 1
make[1]: Leaving directory '/root/crs_ws_fanuc/build/region_detection_rclcpp/CMakeFiles/CMakeTmp'
Makefile:126: recipe for target 'cmTC_6fb3f/fast' failed
make: *** [cmTC_6fb3f/fast] Error 2

File /root/crs_ws_fanuc/build/region_detection_rclcpp/CMakeFiles/CMakeTmp/CheckSymbolExists.c:
/* */
#include <pthread.h>

int main(int argc, char** argv)
{
  (void)argv;
#ifndef pthread_create
  return ((int*)(&pthread_create))[argc];
#else
  (void)argc;
  return 0;
#endif
}

Determining if the function pthread_create exists in the pthreads failed with the following output:
Change Dir: /root/crs_ws_fanuc/build/region_detection_rclcpp/CMakeFiles/CMakeTmp

Run Build Command:"/usr/bin/make" "cmTC_a6fb5/fast"
/usr/bin/make -f CMakeFiles/cmTC_a6fb5.dir/build.make CMakeFiles/cmTC_a6fb5.dir/build
make[1]: Entering directory '/root/crs_ws_fanuc/build/region_detection_rclcpp/CMakeFiles/CMakeTmp'
Building C object CMakeFiles/cmTC_a6fb5.dir/CheckFunctionExists.c.o
/usr/bin/cc   -DCHECK_FUNCTION_EXISTS=pthread_create   -o CMakeFiles/cmTC_a6fb5.dir/CheckFunctionExists.c.o   -c /usr/share/cmake-3.10/Modules/CheckFunctionExists.c
Linking C executable cmTC_a6fb5
/usr/bin/cmake -E cmake_link_script CMakeFiles/cmTC_a6fb5.dir/link.txt --verbose=1
/usr/bin/cc  -DCHECK_FUNCTION_EXISTS=pthread_create    CMakeFiles/cmTC_a6fb5.dir/CheckFunctionExists.c.o  -o cmTC_a6fb5 -lpthreads 
/usr/bin/ld: cannot find -lpthreads
collect2: error: ld returned 1 exit status
CMakeFiles/cmTC_a6fb5.dir/build.make:97: recipe for target 'cmTC_a6fb5' failed
make[1]: *** [cmTC_a6fb5] Error 1
make[1]: Leaving directory '/root/crs_ws_fanuc/build/region_detection_rclcpp/CMakeFiles/CMakeTmp'
Makefile:126: recipe for target 'cmTC_a6fb5/fast' failed
make: *** [cmTC_a6fb5/fast] Error 2


