-- Found ament_cmake: 0.8.3 (/opt/ros/eloquent/share/ament_cmake/cmake)
-- Found PythonInterp: /usr/bin/python3 (found suitable version "3.6.9", minimum required is "3") 
-- Using PYTHON_EXECUTABLE: /usr/bin/python3
-- Override CMake install command with custom implementation using symlinks instead of copying resources
-- Found rosidl_default_generators: 0.8.0 (/opt/ros/eloquent/share/rosidl_default_generators/cmake)
-- Found rosidl_adapter: 0.8.3 (/opt/ros/eloquent/share/rosidl_adapter/cmake)
-- Found builtin_interfaces: 0.8.0 (/opt/ros/eloquent/share/builtin_interfaces/cmake)
-- Found sensor_msgs: 0.8.1 (/opt/ros/eloquent/share/sensor_msgs/cmake)
-- Found PythonInterp: /usr/bin/python3 (found version "3.6.9") 
-- Using single matching rosidl_typesupport_c: rosidl_typesupport_fastrtps_c
-- Using single matching rosidl_typesupport_cpp: rosidl_typesupport_fastrtps_cpp
-- Found rmw_implementation_cmake: 0.8.1 (/opt/ros/eloquent/share/rmw_implementation_cmake/cmake)
-- Found PythonInterp: /usr/bin/python3 (found suitable version "3.6.9", minimum required is "3.5") 
-- Found python_cmake_module: 0.8.0 (/opt/ros/eloquent/share/python_cmake_module/cmake)
-- Using PYTHON_EXECUTABLE: /usr/bin/python3
-- Using PYTHON_INCLUDE_DIRS: /usr/include/python3.6m
-- Using PYTHON_LIBRARIES: /usr/lib/x86_64-linux-gnu/libpython3.6m.so
-- Found ament_lint_auto: 0.8.2 (/opt/ros/eloquent/share/ament_lint_auto/cmake)
-- Added test 'lint_cmake' to check CMake code style
-- Added test 'xmllint' to check XML markup files
-- Configuring done
-- Generating done
-- Build files have been written to: /root/crs_ws_fanuc/build/region_detection_msgs
[  1%] Built target region_detection_msgs__cpp
[  3%] Building C object CMakeFiles/region_detection_msgs__rosidl_generator_c.dir/rosidl_generator_c/region_detection_msgs/srv/show_selectable_regions__functions.c.o
[  4%] Building C object CMakeFiles/region_detection_msgs__rosidl_generator_c.dir/rosidl_generator_c/region_detection_msgs/msg/pose_set__functions.c.o
[  6%] Building C object CMakeFiles/region_detection_msgs__rosidl_generator_c.dir/rosidl_generator_c/region_detection_msgs/srv/get_selected_regions__functions.c.o
[  8%] Building C object CMakeFiles/region_detection_msgs__rosidl_generator_c.dir/rosidl_generator_c/region_detection_msgs/srv/detect_regions__functions.c.o
[  9%] Building C object CMakeFiles/region_detection_msgs__rosidl_generator_c.dir/rosidl_generator_c/region_detection_msgs/srv/crop_data__functions.c.o
[ 11%] Building CXX object CMakeFiles/region_detection_msgs__rosidl_typesupport_fastrtps_cpp.dir/rosidl_typesupport_fastrtps_cpp/region_detection_msgs/msg/dds_fastrtps/pose_set__type_support.cpp.o
[ 13%] Building CXX object CMakeFiles/region_detection_msgs__rosidl_typesupport_introspection_cpp.dir/rosidl_typesupport_introspection_cpp/region_detection_msgs/srv/detect_regions__type_support.cpp.o
[ 14%] Building CXX object CMakeFiles/region_detection_msgs__rosidl_typesupport_introspection_cpp.dir/rosidl_typesupport_introspection_cpp/region_detection_msgs/srv/crop_data__type_support.cpp.o
[ 16%] Building CXX object CMakeFiles/region_detection_msgs__rosidl_typesupport_introspection_cpp.dir/rosidl_typesupport_introspection_cpp/region_detection_msgs/msg/pose_set__type_support.cpp.o
[ 18%] Building CXX object CMakeFiles/region_detection_msgs__rosidl_typesupport_fastrtps_cpp.dir/rosidl_typesupport_fastrtps_cpp/region_detection_msgs/srv/dds_fastrtps/crop_data__type_support.cpp.o
[ 19%] Building CXX object CMakeFiles/region_detection_msgs__rosidl_typesupport_fastrtps_cpp.dir/rosidl_typesupport_fastrtps_cpp/region_detection_msgs/srv/dds_fastrtps/detect_regions__type_support.cpp.o
[ 21%] Building CXX object CMakeFiles/region_detection_msgs__rosidl_typesupport_introspection_cpp.dir/rosidl_typesupport_introspection_cpp/region_detection_msgs/srv/show_selectable_regions__type_support.cpp.o
[ 22%] Linking C shared library libregion_detection_msgs__rosidl_generator_c.so
[ 24%] Built target region_detection_msgs__rosidl_generator_c
[ 26%] Building C object CMakeFiles/region_detection_msgs__rosidl_typesupport_introspection_c.dir/rosidl_typesupport_introspection_c/region_detection_msgs/msg/pose_set__type_support.c.o
[ 27%] Building C object CMakeFiles/region_detection_msgs__rosidl_typesupport_introspection_c.dir/rosidl_typesupport_introspection_c/region_detection_msgs/srv/crop_data__type_support.c.o
[ 29%] Building C object CMakeFiles/region_detection_msgs__rosidl_typesupport_introspection_c.dir/rosidl_typesupport_introspection_c/region_detection_msgs/srv/detect_regions__type_support.c.o
[ 31%] Building CXX object CMakeFiles/region_detection_msgs__rosidl_typesupport_introspection_cpp.dir/rosidl_typesupport_introspection_cpp/region_detection_msgs/srv/get_selected_regions__type_support.cpp.o
[ 32%] Building CXX object CMakeFiles/region_detection_msgs__rosidl_typesupport_fastrtps_cpp.dir/rosidl_typesupport_fastrtps_cpp/region_detection_msgs/srv/dds_fastrtps/show_selectable_regions__type_support.cpp.o
[ 34%] Building C object CMakeFiles/region_detection_msgs__rosidl_typesupport_introspection_c.dir/rosidl_typesupport_introspection_c/region_detection_msgs/srv/show_selectable_regions__type_support.c.o
[ 36%] Building C object CMakeFiles/region_detection_msgs__rosidl_typesupport_introspection_c.dir/rosidl_typesupport_introspection_c/region_detection_msgs/srv/get_selected_regions__type_support.c.o
[ 37%] Building CXX object CMakeFiles/region_detection_msgs__rosidl_typesupport_fastrtps_cpp.dir/rosidl_typesupport_fastrtps_cpp/region_detection_msgs/srv/dds_fastrtps/get_selected_regions__type_support.cpp.o
[ 39%] Linking C shared library libregion_detection_msgs__rosidl_typesupport_introspection_c.so
[ 40%] Built target region_detection_msgs__rosidl_typesupport_introspection_c
[ 42%] Linking CXX shared library libregion_detection_msgs__rosidl_typesupport_introspection_cpp.so
[ 44%] Built target region_detection_msgs__rosidl_typesupport_introspection_cpp
[ 45%] Linking CXX shared library libregion_detection_msgs__rosidl_typesupport_fastrtps_cpp.so
[ 47%] Built target region_detection_msgs__rosidl_typesupport_fastrtps_cpp
[ 49%] Building CXX object CMakeFiles/region_detection_msgs__rosidl_typesupport_cpp.dir/rosidl_typesupport_cpp/region_detection_msgs/msg/pose_set__type_support.cpp.o
[ 50%] Building CXX object CMakeFiles/region_detection_msgs__rosidl_typesupport_cpp.dir/rosidl_typesupport_cpp/region_detection_msgs/srv/detect_regions__type_support.cpp.o
[ 52%] Building CXX object CMakeFiles/region_detection_msgs__rosidl_typesupport_cpp.dir/rosidl_typesupport_cpp/region_detection_msgs/srv/show_selectable_regions__type_support.cpp.o
[ 54%] Building CXX object CMakeFiles/region_detection_msgs__rosidl_typesupport_fastrtps_c.dir/rosidl_typesupport_fastrtps_c/region_detection_msgs/msg/pose_set__type_support_c.cpp.o
[ 55%] Building CXX object CMakeFiles/region_detection_msgs__rosidl_typesupport_fastrtps_c.dir/rosidl_typesupport_fastrtps_c/region_detection_msgs/srv/show_selectable_regions__type_support_c.cpp.o
[ 57%] Building CXX object CMakeFiles/region_detection_msgs__rosidl_typesupport_cpp.dir/rosidl_typesupport_cpp/region_detection_msgs/srv/crop_data__type_support.cpp.o
[ 59%] Building CXX object CMakeFiles/region_detection_msgs__rosidl_typesupport_fastrtps_c.dir/rosidl_typesupport_fastrtps_c/region_detection_msgs/srv/crop_data__type_support_c.cpp.o
[ 60%] Building CXX object CMakeFiles/region_detection_msgs__rosidl_typesupport_fastrtps_c.dir/rosidl_typesupport_fastrtps_c/region_detection_msgs/srv/detect_regions__type_support_c.cpp.o
[ 62%] Building CXX object CMakeFiles/region_detection_msgs__rosidl_typesupport_fastrtps_c.dir/rosidl_typesupport_fastrtps_c/region_detection_msgs/srv/get_selected_regions__type_support_c.cpp.o
[ 63%] Building CXX object CMakeFiles/region_detection_msgs__rosidl_typesupport_cpp.dir/rosidl_typesupport_cpp/region_detection_msgs/srv/get_selected_regions__type_support.cpp.o
[ 65%] Linking CXX shared library libregion_detection_msgs__rosidl_typesupport_fastrtps_c.so
[ 67%] Linking CXX shared library libregion_detection_msgs__rosidl_typesupport_cpp.so
[ 68%] Built target region_detection_msgs__rosidl_typesupport_fastrtps_c
[ 70%] Building CXX object CMakeFiles/region_detection_msgs__rosidl_typesupport_c.dir/rosidl_typesupport_c/region_detection_msgs/srv/show_selectable_regions__type_support.cpp.o
[ 72%] Building CXX object CMakeFiles/region_detection_msgs__rosidl_typesupport_c.dir/rosidl_typesupport_c/region_detection_msgs/msg/pose_set__type_support.cpp.o
[ 73%] Building CXX object CMakeFiles/region_detection_msgs__rosidl_typesupport_c.dir/rosidl_typesupport_c/region_detection_msgs/srv/get_selected_regions__type_support.cpp.o
[ 75%] Built target region_detection_msgs__rosidl_typesupport_cpp
[ 77%] Building CXX object CMakeFiles/region_detection_msgs__rosidl_typesupport_c.dir/rosidl_typesupport_c/region_detection_msgs/srv/crop_data__type_support.cpp.o
[ 78%] Building CXX object CMakeFiles/region_detection_msgs__rosidl_typesupport_c.dir/rosidl_typesupport_c/region_detection_msgs/srv/detect_regions__type_support.cpp.o
[ 80%] Linking CXX shared library libregion_detection_msgs__rosidl_typesupport_c.so
[ 81%] Built target region_detection_msgs__rosidl_typesupport_c
[ 81%] Built target region_detection_msgs
[ 83%] Built target region_detection_msgs__py
[ 85%] Building C object CMakeFiles/region_detection_msgs__python.dir/rosidl_generator_py/region_detection_msgs/msg/_pose_set_s.c.o
[ 86%] Building C object CMakeFiles/region_detection_msgs__python.dir/rosidl_generator_py/region_detection_msgs/srv/_show_selectable_regions_s.c.o
[ 88%] Building C object CMakeFiles/region_detection_msgs__python.dir/rosidl_generator_py/region_detection_msgs/srv/_get_selected_regions_s.c.o
[ 90%] Building C object CMakeFiles/region_detection_msgs__python.dir/rosidl_generator_py/region_detection_msgs/srv/_crop_data_s.c.o
[ 91%] Building C object CMakeFiles/region_detection_msgs__python.dir/rosidl_generator_py/region_detection_msgs/srv/_detect_regions_s.c.o
[ 93%] Linking CXX shared library rosidl_generator_py/region_detection_msgs/libregion_detection_msgs__python.so
[ 93%] Built target region_detection_msgs__python
[ 95%] Building C object CMakeFiles/region_detection_msgs__rosidl_typesupport_fastrtps_c__pyext.dir/rosidl_generator_py/region_detection_msgs/_region_detection_msgs_s.ep.rosidl_typesupport_fastrtps_c.c.o
[ 96%] Building C object CMakeFiles/region_detection_msgs__rosidl_typesupport_c__pyext.dir/rosidl_generator_py/region_detection_msgs/_region_detection_msgs_s.ep.rosidl_typesupport_c.c.o
[ 98%] Linking CXX shared library rosidl_generator_py/region_detection_msgs/region_detection_msgs_s__rosidl_typesupport_fastrtps_c.cpython-36m-x86_64-linux-gnu.so
[100%] Linking CXX shared library rosidl_generator_py/region_detection_msgs/region_detection_msgs_s__rosidl_typesupport_c.cpython-36m-x86_64-linux-gnu.so
[100%] Built target region_detection_msgs__rosidl_typesupport_c__pyext
[100%] Built target region_detection_msgs__rosidl_typesupport_fastrtps_c__pyext
[  1%] Built target region_detection_msgs__cpp
[ 13%] Built target region_detection_msgs__rosidl_generator_c
[ 24%] Built target region_detection_msgs__rosidl_typesupport_introspection_cpp
[ 36%] Built target region_detection_msgs__rosidl_typesupport_introspection_c
[ 47%] Built target region_detection_msgs__rosidl_typesupport_fastrtps_cpp
[ 59%] Built target region_detection_msgs__rosidl_typesupport_fastrtps_c
[ 70%] Built target region_detection_msgs__rosidl_typesupport_cpp
[ 81%] Built target region_detection_msgs__rosidl_typesupport_c
[ 81%] Built target region_detection_msgs
[ 83%] Built target region_detection_msgs__py
[ 93%] Built target region_detection_msgs__python
[ 96%] Built target region_detection_msgs__rosidl_typesupport_c__pyext
[100%] Built target region_detection_msgs__rosidl_typesupport_fastrtps_c__pyext
Install the project...
-- Install configuration: "Debug"
-- Execute custom install script
-- Up-to-date symlink: /root/crs_ws_fanuc/install/region_detection_msgs/share/ament_index/resource_index/rosidl_interfaces/region_detection_msgs
-- Up-to-date symlink: /root/crs_ws_fanuc/install/region_detection_msgs/lib/libregion_detection_msgs__rosidl_typesupport_c.so
-- Up-to-date symlink: /root/crs_ws_fanuc/install/region_detection_msgs/share/region_detection_msgs/environment/library_path.sh
-- Up-to-date symlink: /root/crs_ws_fanuc/install/region_detection_msgs/share/region_detection_msgs/environment/library_path.dsv
-- Up-to-date symlink: /root/crs_ws_fanuc/install/region_detection_msgs/lib/libregion_detection_msgs__rosidl_typesupport_cpp.so
-- Up-to-date symlink: /root/crs_ws_fanuc/install/region_detection_msgs/include/region_detection_msgs/msg/pose_set__rosidl_typesupport_fastrtps_c.h
-- Up-to-date symlink: /root/crs_ws_fanuc/install/region_detection_msgs/include/region_detection_msgs/msg/rosidl_typesupport_fastrtps_c__visibility_control.h
-- Up-to-date symlink: /root/crs_ws_fanuc/install/region_detection_msgs/include/region_detection_msgs/srv/crop_data__rosidl_typesupport_fastrtps_c.h
-- Up-to-date symlink: /root/crs_ws_fanuc/install/region_detection_msgs/include/region_detection_msgs/srv/detect_regions__rosidl_typesupport_fastrtps_c.h
-- Up-to-date symlink: /root/crs_ws_fanuc/install/region_detection_msgs/include/region_detection_msgs/srv/get_selected_regions__rosidl_typesupport_fastrtps_c.h
-- Up-to-date symlink: /root/crs_ws_fanuc/install/region_detection_msgs/include/region_detection_msgs/srv/show_selectable_regions__rosidl_typesupport_fastrtps_c.h
-- Up-to-date symlink: /root/crs_ws_fanuc/install/region_detection_msgs/lib/libregion_detection_msgs__rosidl_typesupport_fastrtps_c.so
-- Up-to-date symlink: /root/crs_ws_fanuc/install/region_detection_msgs/include/region_detection_msgs/msg/pose_set.h
-- Up-to-date symlink: /root/crs_ws_fanuc/install/region_detection_msgs/include/region_detection_msgs/msg/pose_set__functions.h
-- Up-to-date symlink: /root/crs_ws_fanuc/install/region_detection_msgs/include/region_detection_msgs/msg/pose_set__struct.h
-- Up-to-date symlink: /root/crs_ws_fanuc/install/region_detection_msgs/include/region_detection_msgs/msg/pose_set__type_support.h
-- Up-to-date symlink: /root/crs_ws_fanuc/install/region_detection_msgs/include/region_detection_msgs/msg/rosidl_generator_c__visibility_control.h
-- Up-to-date symlink: /root/crs_ws_fanuc/install/region_detection_msgs/include/region_detection_msgs/srv/crop_data.h
-- Up-to-date symlink: /root/crs_ws_fanuc/install/region_detection_msgs/include/region_detection_msgs/srv/crop_data__functions.h
-- Up-to-date symlink: /root/crs_ws_fanuc/install/region_detection_msgs/include/region_detection_msgs/srv/crop_data__struct.h
-- Up-to-date symlink: /root/crs_ws_fanuc/install/region_detection_msgs/include/region_detection_msgs/srv/crop_data__type_support.h
-- Up-to-date symlink: /root/crs_ws_fanuc/install/region_detection_msgs/include/region_detection_msgs/srv/detect_regions.h
-- Up-to-date symlink: /root/crs_ws_fanuc/install/region_detection_msgs/include/region_detection_msgs/srv/detect_regions__functions.h
-- Up-to-date symlink: /root/crs_ws_fanuc/install/region_detection_msgs/include/region_detection_msgs/srv/detect_regions__struct.h
-- Up-to-date symlink: /root/crs_ws_fanuc/install/region_detection_msgs/include/region_detection_msgs/srv/detect_regions__type_support.h
-- Up-to-date symlink: /root/crs_ws_fanuc/install/region_detection_msgs/include/region_detection_msgs/srv/get_selected_regions.h
-- Up-to-date symlink: /root/crs_ws_fanuc/install/region_detection_msgs/include/region_detection_msgs/srv/get_selected_regions__functions.h
-- Up-to-date symlink: /root/crs_ws_fanuc/install/region_detection_msgs/include/region_detection_msgs/srv/get_selected_regions__struct.h
-- Up-to-date symlink: /root/crs_ws_fanuc/install/region_detection_msgs/include/region_detection_msgs/srv/get_selected_regions__type_support.h
-- Up-to-date symlink: /root/crs_ws_fanuc/install/region_detection_msgs/include/region_detection_msgs/srv/show_selectable_regions.h
-- Up-to-date symlink: /root/crs_ws_fanuc/install/region_detection_msgs/include/region_detection_msgs/srv/show_selectable_regions__functions.h
-- Up-to-date symlink: /root/crs_ws_fanuc/install/region_detection_msgs/include/region_detection_msgs/srv/show_selectable_regions__struct.h
-- Up-to-date symlink: /root/crs_ws_fanuc/install/region_detection_msgs/include/region_detection_msgs/srv/show_selectable_regions__type_support.h
-- Up-to-date symlink: /root/crs_ws_fanuc/install/region_detection_msgs/lib/libregion_detection_msgs__rosidl_generator_c.so
-- Up-to-date symlink: /root/crs_ws_fanuc/install/region_detection_msgs/include/region_detection_msgs/msg/pose_set__rosidl_typesupport_fastrtps_cpp.hpp
-- Up-to-date symlink: /root/crs_ws_fanuc/install/region_detection_msgs/include/region_detection_msgs/msg/rosidl_typesupport_fastrtps_cpp__visibility_control.h
-- Up-to-date symlink: /root/crs_ws_fanuc/install/region_detection_msgs/include/region_detection_msgs/srv/crop_data__rosidl_typesupport_fastrtps_cpp.hpp
-- Up-to-date symlink: /root/crs_ws_fanuc/install/region_detection_msgs/include/region_detection_msgs/srv/detect_regions__rosidl_typesupport_fastrtps_cpp.hpp
-- Up-to-date symlink: /root/crs_ws_fanuc/install/region_detection_msgs/include/region_detection_msgs/srv/get_selected_regions__rosidl_typesupport_fastrtps_cpp.hpp
-- Up-to-date symlink: /root/crs_ws_fanuc/install/region_detection_msgs/include/region_detection_msgs/srv/show_selectable_regions__rosidl_typesupport_fastrtps_cpp.hpp
-- Up-to-date symlink: /root/crs_ws_fanuc/install/region_detection_msgs/lib/libregion_detection_msgs__rosidl_typesupport_fastrtps_cpp.so
-- Up-to-date symlink: /root/crs_ws_fanuc/install/region_detection_msgs/include/region_detection_msgs/msg/pose_set.hpp
-- Up-to-date symlink: /root/crs_ws_fanuc/install/region_detection_msgs/include/region_detection_msgs/msg/pose_set__struct.hpp
-- Up-to-date symlink: /root/crs_ws_fanuc/install/region_detection_msgs/include/region_detection_msgs/msg/pose_set__traits.hpp
-- Up-to-date symlink: /root/crs_ws_fanuc/install/region_detection_msgs/include/region_detection_msgs/srv/crop_data.hpp
-- Up-to-date symlink: /root/crs_ws_fanuc/install/region_detection_msgs/include/region_detection_msgs/srv/crop_data__struct.hpp
-- Up-to-date symlink: /root/crs_ws_fanuc/install/region_detection_msgs/include/region_detection_msgs/srv/crop_data__traits.hpp
-- Up-to-date symlink: /root/crs_ws_fanuc/install/region_detection_msgs/include/region_detection_msgs/srv/detect_regions.hpp
-- Up-to-date symlink: /root/crs_ws_fanuc/install/region_detection_msgs/include/region_detection_msgs/srv/detect_regions__struct.hpp
-- Up-to-date symlink: /root/crs_ws_fanuc/install/region_detection_msgs/include/region_detection_msgs/srv/detect_regions__traits.hpp
-- Up-to-date symlink: /root/crs_ws_fanuc/install/region_detection_msgs/include/region_detection_msgs/srv/get_selected_regions.hpp
-- Up-to-date symlink: /root/crs_ws_fanuc/install/region_detection_msgs/include/region_detection_msgs/srv/get_selected_regions__struct.hpp
-- Up-to-date symlink: /root/crs_ws_fanuc/install/region_detection_msgs/include/region_detection_msgs/srv/get_selected_regions__traits.hpp
-- Up-to-date symlink: /root/crs_ws_fanuc/install/region_detection_msgs/include/region_detection_msgs/srv/show_selectable_regions.hpp
-- Up-to-date symlink: /root/crs_ws_fanuc/install/region_detection_msgs/include/region_detection_msgs/srv/show_selectable_regions__struct.hpp
-- Up-to-date symlink: /root/crs_ws_fanuc/install/region_detection_msgs/include/region_detection_msgs/srv/show_selectable_regions__traits.hpp
-- Up-to-date symlink: /root/crs_ws_fanuc/install/region_detection_msgs/include/region_detection_msgs/msg/pose_set__rosidl_typesupport_introspection_c.h
-- Up-to-date symlink: /root/crs_ws_fanuc/install/region_detection_msgs/include/region_detection_msgs/msg/rosidl_typesupport_introspection_c__visibility_control.h
-- Up-to-date symlink: /root/crs_ws_fanuc/install/region_detection_msgs/include/region_detection_msgs/srv/crop_data__rosidl_typesupport_introspection_c.h
-- Up-to-date symlink: /root/crs_ws_fanuc/install/region_detection_msgs/include/region_detection_msgs/srv/detect_regions__rosidl_typesupport_introspection_c.h
-- Up-to-date symlink: /root/crs_ws_fanuc/install/region_detection_msgs/include/region_detection_msgs/srv/get_selected_regions__rosidl_typesupport_introspection_c.h
-- Up-to-date symlink: /root/crs_ws_fanuc/install/region_detection_msgs/include/region_detection_msgs/srv/show_selectable_regions__rosidl_typesupport_introspection_c.h
-- Up-to-date symlink: /root/crs_ws_fanuc/install/region_detection_msgs/lib/libregion_detection_msgs__rosidl_typesupport_introspection_c.so
-- Up-to-date symlink: /root/crs_ws_fanuc/install/region_detection_msgs/include/region_detection_msgs/msg/pose_set__rosidl_typesupport_introspection_cpp.hpp
-- Up-to-date symlink: /root/crs_ws_fanuc/install/region_detection_msgs/include/region_detection_msgs/srv/crop_data__rosidl_typesupport_introspection_cpp.hpp
-- Up-to-date symlink: /root/crs_ws_fanuc/install/region_detection_msgs/include/region_detection_msgs/srv/detect_regions__rosidl_typesupport_introspection_cpp.hpp
-- Up-to-date symlink: /root/crs_ws_fanuc/install/region_detection_msgs/include/region_detection_msgs/srv/get_selected_regions__rosidl_typesupport_introspection_cpp.hpp
-- Up-to-date symlink: /root/crs_ws_fanuc/install/region_detection_msgs/include/region_detection_msgs/srv/show_selectable_regions__rosidl_typesupport_introspection_cpp.hpp
-- Up-to-date symlink: /root/crs_ws_fanuc/install/region_detection_msgs/lib/libregion_detection_msgs__rosidl_typesupport_introspection_cpp.so
-- Up-to-date symlink: /root/crs_ws_fanuc/install/region_detection_msgs/share/region_detection_msgs/environment/pythonpath.sh
-- Up-to-date symlink: /root/crs_ws_fanuc/install/region_detection_msgs/share/region_detection_msgs/environment/pythonpath.dsv
-- Up-to-date symlink: /root/crs_ws_fanuc/install/region_detection_msgs/lib/python3.6/site-packages/region_detection_msgs/__init__.py
-- Up-to-date symlink: /root/crs_ws_fanuc/install/region_detection_msgs/lib/python3.6/site-packages/region_detection_msgs/msg/__init__.py
-- Up-to-date symlink: /root/crs_ws_fanuc/install/region_detection_msgs/lib/python3.6/site-packages/region_detection_msgs/msg/_pose_set.py
-- Up-to-date symlink: /root/crs_ws_fanuc/install/region_detection_msgs/lib/python3.6/site-packages/region_detection_msgs/srv/__init__.py
-- Up-to-date symlink: /root/crs_ws_fanuc/install/region_detection_msgs/lib/python3.6/site-packages/region_detection_msgs/srv/_crop_data.py
-- Up-to-date symlink: /root/crs_ws_fanuc/install/region_detection_msgs/lib/python3.6/site-packages/region_detection_msgs/srv/_detect_regions.py
-- Up-to-date symlink: /root/crs_ws_fanuc/install/region_detection_msgs/lib/python3.6/site-packages/region_detection_msgs/srv/_get_selected_regions.py
-- Up-to-date symlink: /root/crs_ws_fanuc/install/region_detection_msgs/lib/python3.6/site-packages/region_detection_msgs/srv/_show_selectable_regions.py
-- Up-to-date symlink: /root/crs_ws_fanuc/install/region_detection_msgs/lib/python3.6/site-packages/region_detection_msgs/region_detection_msgs_s__rosidl_typesupport_c.cpython-36m-x86_64-linux-gnu.so
-- Up-to-date symlink: /root/crs_ws_fanuc/install/region_detection_msgs/lib/python3.6/site-packages/region_detection_msgs/region_detection_msgs_s__rosidl_typesupport_fastrtps_c.cpython-36m-x86_64-linux-gnu.so
-- Up-to-date symlink: /root/crs_ws_fanuc/install/region_detection_msgs/lib/libregion_detection_msgs__python.so
-- Up-to-date symlink: /root/crs_ws_fanuc/install/region_detection_msgs/share/region_detection_msgs/msg/PoseSet.idl
-- Up-to-date symlink: /root/crs_ws_fanuc/install/region_detection_msgs/share/region_detection_msgs/srv/CropData.idl
-- Up-to-date symlink: /root/crs_ws_fanuc/install/region_detection_msgs/share/region_detection_msgs/srv/DetectRegions.idl
-- Up-to-date symlink: /root/crs_ws_fanuc/install/region_detection_msgs/share/region_detection_msgs/srv/ShowSelectableRegions.idl
-- Up-to-date symlink: /root/crs_ws_fanuc/install/region_detection_msgs/share/region_detection_msgs/srv/GetSelectedRegions.idl
-- Up-to-date symlink: /root/crs_ws_fanuc/install/region_detection_msgs/share/region_detection_msgs/msg/PoseSet.msg
-- Up-to-date symlink: /root/crs_ws_fanuc/install/region_detection_msgs/share/region_detection_msgs/srv/CropData.srv
-- Up-to-date symlink: /root/crs_ws_fanuc/install/region_detection_msgs/share/region_detection_msgs/srv/CropData_Request.msg
-- Up-to-date symlink: /root/crs_ws_fanuc/install/region_detection_msgs/share/region_detection_msgs/srv/CropData_Response.msg
-- Up-to-date symlink: /root/crs_ws_fanuc/install/region_detection_msgs/share/region_detection_msgs/srv/DetectRegions.srv
-- Up-to-date symlink: /root/crs_ws_fanuc/install/region_detection_msgs/share/region_detection_msgs/srv/DetectRegions_Request.msg
-- Up-to-date symlink: /root/crs_ws_fanuc/install/region_detection_msgs/share/region_detection_msgs/srv/DetectRegions_Response.msg
-- Up-to-date symlink: /root/crs_ws_fanuc/install/region_detection_msgs/share/region_detection_msgs/srv/ShowSelectableRegions.srv
-- Up-to-date symlink: /root/crs_ws_fanuc/install/region_detection_msgs/share/region_detection_msgs/srv/ShowSelectableRegions_Request.msg
-- Up-to-date symlink: /root/crs_ws_fanuc/install/region_detection_msgs/share/region_detection_msgs/srv/ShowSelectableRegions_Response.msg
-- Up-to-date symlink: /root/crs_ws_fanuc/install/region_detection_msgs/share/region_detection_msgs/srv/GetSelectedRegions.srv
-- Up-to-date symlink: /root/crs_ws_fanuc/install/region_detection_msgs/share/region_detection_msgs/srv/GetSelectedRegions_Request.msg
-- Up-to-date symlink: /root/crs_ws_fanuc/install/region_detection_msgs/share/region_detection_msgs/srv/GetSelectedRegions_Response.msg
-- Up-to-date symlink: /root/crs_ws_fanuc/install/region_detection_msgs/share/ament_index/resource_index/package_run_dependencies/region_detection_msgs
-- Up-to-date symlink: /root/crs_ws_fanuc/install/region_detection_msgs/share/ament_index/resource_index/parent_prefix_path/region_detection_msgs
-- Up-to-date symlink: /root/crs_ws_fanuc/install/region_detection_msgs/share/region_detection_msgs/environment/ament_prefix_path.sh
-- Up-to-date symlink: /root/crs_ws_fanuc/install/region_detection_msgs/share/region_detection_msgs/environment/ament_prefix_path.dsv
-- Up-to-date symlink: /root/crs_ws_fanuc/install/region_detection_msgs/share/region_detection_msgs/environment/path.sh
-- Up-to-date symlink: /root/crs_ws_fanuc/install/region_detection_msgs/share/region_detection_msgs/environment/path.dsv
-- Up-to-date symlink: /root/crs_ws_fanuc/install/region_detection_msgs/share/region_detection_msgs/local_setup.bash
-- Up-to-date symlink: /root/crs_ws_fanuc/install/region_detection_msgs/share/region_detection_msgs/local_setup.sh
-- Up-to-date symlink: /root/crs_ws_fanuc/install/region_detection_msgs/share/region_detection_msgs/local_setup.zsh
-- Up-to-date symlink: /root/crs_ws_fanuc/install/region_detection_msgs/share/region_detection_msgs/local_setup.dsv
-- Symlinking: /root/crs_ws_fanuc/install/region_detection_msgs/share/region_detection_msgs/package.dsv
-- Up-to-date symlink: /root/crs_ws_fanuc/install/region_detection_msgs/share/ament_index/resource_index/packages/region_detection_msgs
-- Up-to-date symlink: /root/crs_ws_fanuc/install/region_detection_msgs/share/region_detection_msgs/cmake/rosidl_cmake-extras.cmake
-- Up-to-date symlink: /root/crs_ws_fanuc/install/region_detection_msgs/share/region_detection_msgs/cmake/ament_cmake_export_dependencies-extras.cmake
-- Up-to-date symlink: /root/crs_ws_fanuc/install/region_detection_msgs/share/region_detection_msgs/cmake/ament_cmake_export_libraries-extras.cmake
-- Up-to-date symlink: /root/crs_ws_fanuc/install/region_detection_msgs/share/region_detection_msgs/cmake/ament_cmake_export_include_directories-extras.cmake
-- Up-to-date symlink: /root/crs_ws_fanuc/install/region_detection_msgs/share/region_detection_msgs/cmake/region_detection_msgsConfig.cmake
-- Up-to-date symlink: /root/crs_ws_fanuc/install/region_detection_msgs/share/region_detection_msgs/cmake/region_detection_msgsConfig-version.cmake
-- Up-to-date symlink: /root/crs_ws_fanuc/install/region_detection_msgs/share/region_detection_msgs/package.xml
Compiling '/root/crs_ws_fanuc/install/region_detection_msgs/lib/python3.6/site-packages/region_detection_msgs/__init__.py'...
