Determining if the pthread_create exist failed with the following output:
Change Dir: /root/crs_ws_fanuc/build/crs_gui/CMakeFiles/CMakeTmp

Run Build Command:"/usr/bin/make" "cmTC_fb8b0/fast"
/usr/bin/make -f CMakeFiles/cmTC_fb8b0.dir/build.make CMakeFiles/cmTC_fb8b0.dir/build
make[1]: Entering directory '/root/crs_ws_fanuc/build/crs_gui/CMakeFiles/CMakeTmp'
Building CXX object CMakeFiles/cmTC_fb8b0.dir/CheckSymbolExists.cxx.o
/usr/bin/c++     -o CMakeFiles/cmTC_fb8b0.dir/CheckSymbolExists.cxx.o -c /root/crs_ws_fanuc/build/crs_gui/CMakeFiles/CMakeTmp/CheckSymbolExists.cxx
Linking CXX executable cmTC_fb8b0
/usr/bin/cmake -E cmake_link_script CMakeFiles/cmTC_fb8b0.dir/link.txt --verbose=1
/usr/bin/c++       CMakeFiles/cmTC_fb8b0.dir/CheckSymbolExists.cxx.o  -o cmTC_fb8b0 
CMakeFiles/cmTC_fb8b0.dir/CheckSymbolExists.cxx.o: In function `main':
CheckSymbolExists.cxx:(.text+0x1b): undefined reference to `pthread_create'
collect2: error: ld returned 1 exit status
CMakeFiles/cmTC_fb8b0.dir/build.make:97: recipe for target 'cmTC_fb8b0' failed
make[1]: *** [cmTC_fb8b0] Error 1
make[1]: Leaving directory '/root/crs_ws_fanuc/build/crs_gui/CMakeFiles/CMakeTmp'
Makefile:126: recipe for target 'cmTC_fb8b0/fast' failed
make: *** [cmTC_fb8b0/fast] Error 2

File /root/crs_ws_fanuc/build/crs_gui/CMakeFiles/CMakeTmp/CheckSymbolExists.cxx:
/* */
#include <pthread.h>

int main(int argc, char** argv)
{
  (void)argv;
#ifndef pthread_create
  return ((int*)(&pthread_create))[argc];
#else
  (void)argc;
  return 0;
#endif
}

Determining if the function pthread_create exists in the pthreads failed with the following output:
Change Dir: /root/crs_ws_fanuc/build/crs_gui/CMakeFiles/CMakeTmp

Run Build Command:"/usr/bin/make" "cmTC_7f2fd/fast"
/usr/bin/make -f CMakeFiles/cmTC_7f2fd.dir/build.make CMakeFiles/cmTC_7f2fd.dir/build
make[1]: Entering directory '/root/crs_ws_fanuc/build/crs_gui/CMakeFiles/CMakeTmp'
Building CXX object CMakeFiles/cmTC_7f2fd.dir/CheckFunctionExists.cxx.o
/usr/bin/c++    -DCHECK_FUNCTION_EXISTS=pthread_create   -o CMakeFiles/cmTC_7f2fd.dir/CheckFunctionExists.cxx.o -c /root/crs_ws_fanuc/build/crs_gui/CMakeFiles/CheckLibraryExists/CheckFunctionExists.cxx
Linking CXX executable cmTC_7f2fd
/usr/bin/cmake -E cmake_link_script CMakeFiles/cmTC_7f2fd.dir/link.txt --verbose=1
/usr/bin/c++   -DCHECK_FUNCTION_EXISTS=pthread_create    CMakeFiles/cmTC_7f2fd.dir/CheckFunctionExists.cxx.o  -o cmTC_7f2fd -lpthreads 
/usr/bin/ld: cannot find -lpthreads
collect2: error: ld returned 1 exit status
CMakeFiles/cmTC_7f2fd.dir/build.make:97: recipe for target 'cmTC_7f2fd' failed
make[1]: *** [cmTC_7f2fd] Error 1
make[1]: Leaving directory '/root/crs_ws_fanuc/build/crs_gui/CMakeFiles/CMakeTmp'
Makefile:126: recipe for target 'cmTC_7f2fd/fast' failed
make: *** [cmTC_7f2fd/fast] Error 2


