[0.039s] Invoking command in '/root/crs_ws_fanuc/build/fanuc_r2000ic_moveit_config': CMAKE_PREFIX_PATH=/root/crs_ws_fanuc/install/fanuc_r2000ic_support:${CMAKE_PREFIX_PATH} PKG_CONFIG_PATH=/root/crs_ws_fanuc/install/fanuc_r2000ic_support/lib/x86_64-linux-gnu/pkgconfig:/root/crs_ws_fanuc/install/fanuc_r2000ic_support/lib/pkgconfig:${PKG_CONFIG_PATH} ROS_PACKAGE_PATH=/root/crs_ws_fanuc/install/fanuc_r2000ic_support/share:/root/crs_ws_fanuc/install/fanuc_resources/share:/root/crs_ws_fanuc/install/fanuc_r2000ic_moveit_config/share:/root/crs_ws_fanuc/install/fanuc_r2000ic_moveit_plugins/share /usr/bin/cmake /root/crs_ws_fanuc/src/collaborative-robotic-sanding/fanuc_r2000ic_moveit_config -DCATKIN_INSTALL_INTO_PREFIX_ROOT=0 -DCATKIN_SYMLINK_INSTALL=ON -DCMAKE_INSTALL_PREFIX=/root/crs_ws_fanuc/install/fanuc_r2000ic_moveit_config
[0.066s] -- Using CATKIN_DEVEL_PREFIX: /root/crs_ws_fanuc/build/fanuc_r2000ic_moveit_config/devel
[0.066s] -- Using CMAKE_PREFIX_PATH: /root/crs_ws_fanuc/install/fanuc_r2000ic_support;/opt/ros/melodic;/root/crs_ws_fanuc/install/trajopt_tools;/root/crs_ws_fanuc/install/vhacd;/root/crs_ws_fanuc/install/crs_gui;/root/crs_ws_fanuc/install/crs_application;/root/crs_ws_fanuc/install/crs_motion_planning;/root/crs_ws_fanuc/install/ur_ikfast_kinematics;/root/crs_ws_fanuc/install/crs_robot_comms;/root/crs_ws_fanuc/install/ur_dashboard_msgs;/root/crs_ws_fanuc/install/trajopt_sqp;/root/crs_ws_fanuc/install/trajopt_ifopt;/root/crs_ws_fanuc/install/tesseract_monitoring;/root/crs_ws_fanuc/install/tesseract_rosutils;/root/crs_ws_fanuc/install/tesseract_process_planners;/root/crs_ws_fanuc/install/tesseract_motion_planners;/root/crs_ws_fanuc/install/trajopt;/root/crs_ws_fanuc/install/trajopt_sco;/root/crs_ws_fanuc/install/trajopt_utils;/root/crs_ws_fanuc/install/tesseract_visualization;/root/crs_ws_fanuc/install/tesseract;/root/crs_ws_fanuc/install/tesseract_urdf;/root/crs_ws_fanuc/install/tesseract_plugins;/root/crs_ws_fanuc/install/tesseract_environment;/root/crs_ws_fanuc/install/tesseract_collision;/root/crs_ws_fanuc/install/tesseract_support;/root/crs_ws_fanuc/install/tesseract_kinematics;/root/crs_ws_fanuc/install/tesseract_scene_graph;/root/crs_ws_fanuc/install/tesseract_msgs;/root/crs_ws_fanuc/install/tesseract_geometry;/root/crs_ws_fanuc/install/tesseract_common;/root/crs_ws_fanuc/install/rclcpp_scxml_demos;/root/crs_ws_fanuc/install/scxml_core;/root/crs_ws_fanuc/install/region_detection_rclcpp;/root/crs_ws_fanuc/install/region_detection_msgs;/root/crs_ws_fanuc/install/region_detection_core;/root/crs_ws_fanuc/install/osqp_eigen;/root/crs_ws_fanuc/install/osqp;/root/crs_ws_fanuc/install/descartes_opw;/root/crs_ws_fanuc/install/opw_kinematics;/root/crs_ws_fanuc/install/octomap_msgs;/root/crs_ws_fanuc/install/fcl;/root/crs_ws_fanuc/install/libccd;/root/crs_ws_fanuc/install/iterative_spline_parameterization;/root/crs_ws_fanuc/install/ifopt;/root/crs_ws_fanuc/install/gtest;/root/crs_ws_fanuc/install/descartes_samplers;/root/crs_ws_fanuc/install/descartes_ikfast;/root/crs_ws_fanuc/install/descartes_light;/root/crs_ws_fanuc/install/crs_toolpath_gen;/root/crs_ws_fanuc/install/crs_support;/root/crs_ws_fanuc/install/crs_process_data;/root/crs_ws_fanuc/install/crs_perception;/root/crs_ws_fanuc/install/crs_area_selection;/root/crs_ws_fanuc/install/crs_msgs;/root/crs_ws_fanuc/install/crs_gazebo_plugins;/root/crs_ws_fanuc/install/cartesian_trajectory_msgs;/root/crs_ws_fanuc/install/bullet3;/opt/qt513/lib/cmake
[0.066s] -- This workspace overlays: /root/crs_ws_fanuc/install/fanuc_r2000ic_support;/opt/ros/melodic
[0.073s] -- Override CMake install command with custom implementation using symlinks instead of copying resources
[0.123s] -- Found PythonInterp: /usr/bin/python3 (found suitable version "3.6.9", minimum required is "3") 
[0.123s] -- Using PYTHON_EXECUTABLE: /usr/bin/python3
[0.123s] -- Using Debian Python package layout
[0.123s] -- Using empy: /usr/bin/empy
[0.341s] -- Using CATKIN_ENABLE_TESTING: ON
[0.341s] -- Call enable_testing()
[0.408s] -- Using CATKIN_TEST_RESULTS_DIR: /root/crs_ws_fanuc/build/fanuc_r2000ic_moveit_config/test_results
[0.444s] -- Forcing gtest/gmock from source, though one was otherwise available.
[0.444s] -- Found gtest sources under '/usr/src/googletest': gtests will be built
[0.444s] -- Found gmock sources under '/usr/src/googletest': gmock will be built
[0.483s] -- Found PythonInterp: /usr/bin/python3 (found version "3.6.9") 
[0.489s] -- Using Python nosetests: /usr/bin/nosetests
[0.658s] -- catkin 0.7.29
[0.658s] -- BUILD_SHARED_LIBS is on
[1.204s] -- Configuring done
[1.273s] -- Generating done
[1.294s] -- Build files have been written to: /root/crs_ws_fanuc/build/fanuc_r2000ic_moveit_config
[1.312s] Invoked command in '/root/crs_ws_fanuc/build/fanuc_r2000ic_moveit_config' returned '0': CMAKE_PREFIX_PATH=/root/crs_ws_fanuc/install/fanuc_r2000ic_support:${CMAKE_PREFIX_PATH} PKG_CONFIG_PATH=/root/crs_ws_fanuc/install/fanuc_r2000ic_support/lib/x86_64-linux-gnu/pkgconfig:/root/crs_ws_fanuc/install/fanuc_r2000ic_support/lib/pkgconfig:${PKG_CONFIG_PATH} ROS_PACKAGE_PATH=/root/crs_ws_fanuc/install/fanuc_r2000ic_support/share:/root/crs_ws_fanuc/install/fanuc_resources/share:/root/crs_ws_fanuc/install/fanuc_r2000ic_moveit_config/share:/root/crs_ws_fanuc/install/fanuc_r2000ic_moveit_plugins/share /usr/bin/cmake /root/crs_ws_fanuc/src/collaborative-robotic-sanding/fanuc_r2000ic_moveit_config -DCATKIN_INSTALL_INTO_PREFIX_ROOT=0 -DCATKIN_SYMLINK_INSTALL=ON -DCMAKE_INSTALL_PREFIX=/root/crs_ws_fanuc/install/fanuc_r2000ic_moveit_config
[1.316s] Invoking command in '/root/crs_ws_fanuc/build/fanuc_r2000ic_moveit_config': CMAKE_PREFIX_PATH=/root/crs_ws_fanuc/install/fanuc_r2000ic_support:${CMAKE_PREFIX_PATH} PKG_CONFIG_PATH=/root/crs_ws_fanuc/install/fanuc_r2000ic_support/lib/x86_64-linux-gnu/pkgconfig:/root/crs_ws_fanuc/install/fanuc_r2000ic_support/lib/pkgconfig:${PKG_CONFIG_PATH} ROS_PACKAGE_PATH=/root/crs_ws_fanuc/install/fanuc_r2000ic_support/share:/root/crs_ws_fanuc/install/fanuc_resources/share:/root/crs_ws_fanuc/install/fanuc_r2000ic_moveit_config/share:/root/crs_ws_fanuc/install/fanuc_r2000ic_moveit_plugins/share /usr/bin/cmake --build /root/crs_ws_fanuc/build/fanuc_r2000ic_moveit_config -- -j8 -l8
[1.406s] Invoked command in '/root/crs_ws_fanuc/build/fanuc_r2000ic_moveit_config' returned '0': CMAKE_PREFIX_PATH=/root/crs_ws_fanuc/install/fanuc_r2000ic_support:${CMAKE_PREFIX_PATH} PKG_CONFIG_PATH=/root/crs_ws_fanuc/install/fanuc_r2000ic_support/lib/x86_64-linux-gnu/pkgconfig:/root/crs_ws_fanuc/install/fanuc_r2000ic_support/lib/pkgconfig:${PKG_CONFIG_PATH} ROS_PACKAGE_PATH=/root/crs_ws_fanuc/install/fanuc_r2000ic_support/share:/root/crs_ws_fanuc/install/fanuc_resources/share:/root/crs_ws_fanuc/install/fanuc_r2000ic_moveit_config/share:/root/crs_ws_fanuc/install/fanuc_r2000ic_moveit_plugins/share /usr/bin/cmake --build /root/crs_ws_fanuc/build/fanuc_r2000ic_moveit_config -- -j8 -l8
[1.495s] Invoking command in '/root/crs_ws_fanuc/build/fanuc_r2000ic_moveit_config': CMAKE_PREFIX_PATH=/root/crs_ws_fanuc/install/fanuc_r2000ic_support:${CMAKE_PREFIX_PATH} PKG_CONFIG_PATH=/root/crs_ws_fanuc/install/fanuc_r2000ic_support/lib/x86_64-linux-gnu/pkgconfig:/root/crs_ws_fanuc/install/fanuc_r2000ic_support/lib/pkgconfig:${PKG_CONFIG_PATH} ROS_PACKAGE_PATH=/root/crs_ws_fanuc/install/fanuc_r2000ic_support/share:/root/crs_ws_fanuc/install/fanuc_resources/share:/root/crs_ws_fanuc/install/fanuc_r2000ic_moveit_config/share:/root/crs_ws_fanuc/install/fanuc_r2000ic_moveit_plugins/share /usr/bin/cmake --build /root/crs_ws_fanuc/build/fanuc_r2000ic_moveit_config --target tests -- -j8 -l8
[1.618s] Built target tests
[1.641s] Invoked command in '/root/crs_ws_fanuc/build/fanuc_r2000ic_moveit_config' returned '0': CMAKE_PREFIX_PATH=/root/crs_ws_fanuc/install/fanuc_r2000ic_support:${CMAKE_PREFIX_PATH} PKG_CONFIG_PATH=/root/crs_ws_fanuc/install/fanuc_r2000ic_support/lib/x86_64-linux-gnu/pkgconfig:/root/crs_ws_fanuc/install/fanuc_r2000ic_support/lib/pkgconfig:${PKG_CONFIG_PATH} ROS_PACKAGE_PATH=/root/crs_ws_fanuc/install/fanuc_r2000ic_support/share:/root/crs_ws_fanuc/install/fanuc_resources/share:/root/crs_ws_fanuc/install/fanuc_r2000ic_moveit_config/share:/root/crs_ws_fanuc/install/fanuc_r2000ic_moveit_plugins/share /usr/bin/cmake --build /root/crs_ws_fanuc/build/fanuc_r2000ic_moveit_config --target tests -- -j8 -l8
[1.748s] Invoking command in '/root/crs_ws_fanuc/build/fanuc_r2000ic_moveit_config': CMAKE_PREFIX_PATH=/root/crs_ws_fanuc/install/fanuc_r2000ic_support:${CMAKE_PREFIX_PATH} PKG_CONFIG_PATH=/root/crs_ws_fanuc/install/fanuc_r2000ic_support/lib/x86_64-linux-gnu/pkgconfig:/root/crs_ws_fanuc/install/fanuc_r2000ic_support/lib/pkgconfig:${PKG_CONFIG_PATH} ROS_PACKAGE_PATH=/root/crs_ws_fanuc/install/fanuc_r2000ic_support/share:/root/crs_ws_fanuc/install/fanuc_resources/share:/root/crs_ws_fanuc/install/fanuc_r2000ic_moveit_config/share:/root/crs_ws_fanuc/install/fanuc_r2000ic_moveit_plugins/share /usr/bin/cmake --build /root/crs_ws_fanuc/build/fanuc_r2000ic_moveit_config --target install -- -j8 -l8
[1.838s] [36mInstall the project...[0m
[1.857s] -- Install configuration: "Debug"
[1.858s] -- Execute custom install script
[1.859s] -- Up-to-date symlink: /root/crs_ws_fanuc/install/fanuc_r2000ic_moveit_config/lib/pkgconfig/fanuc_r2000ic_moveit_config.pc
[1.861s] -- Up-to-date symlink: /root/crs_ws_fanuc/install/fanuc_r2000ic_moveit_config/share/fanuc_r2000ic_moveit_config/cmake/fanuc_r2000ic_moveit_configConfig.cmake
[1.861s] -- Up-to-date symlink: /root/crs_ws_fanuc/install/fanuc_r2000ic_moveit_config/share/fanuc_r2000ic_moveit_config/cmake/fanuc_r2000ic_moveit_configConfig-version.cmake
[1.861s] -- Up-to-date symlink: /root/crs_ws_fanuc/install/fanuc_r2000ic_moveit_config/share/fanuc_r2000ic_moveit_config/package.xml
[1.861s] -- Up-to-date symlink: /root/crs_ws_fanuc/install/fanuc_r2000ic_moveit_config/share/fanuc_r2000ic_moveit_config/launch/chomp_planning_pipeline.launch.xml
[1.862s] -- Up-to-date symlink: /root/crs_ws_fanuc/install/fanuc_r2000ic_moveit_config/share/fanuc_r2000ic_moveit_config/launch/default_warehouse_db.launch
[1.862s] -- Up-to-date symlink: /root/crs_ws_fanuc/install/fanuc_r2000ic_moveit_config/share/fanuc_r2000ic_moveit_config/launch/demo.launch
[1.862s] -- Up-to-date symlink: /root/crs_ws_fanuc/install/fanuc_r2000ic_moveit_config/share/fanuc_r2000ic_moveit_config/launch/demo_gazebo.launch
[1.862s] -- Up-to-date symlink: /root/crs_ws_fanuc/install/fanuc_r2000ic_moveit_config/share/fanuc_r2000ic_moveit_config/launch/fake_moveit_controller_manager.launch.xml
[1.863s] -- Up-to-date symlink: /root/crs_ws_fanuc/install/fanuc_r2000ic_moveit_config/share/fanuc_r2000ic_moveit_config/launch/fanuc_r2000ic165f_moveit_controller_manager.launch
[1.863s] -- Up-to-date symlink: /root/crs_ws_fanuc/install/fanuc_r2000ic_moveit_config/share/fanuc_r2000ic_moveit_config/launch/fanuc_r2000ic165f_moveit_controller_manager.launch.xml
[1.863s] -- Up-to-date symlink: /root/crs_ws_fanuc/install/fanuc_r2000ic_moveit_config/share/fanuc_r2000ic_moveit_config/launch/fanuc_r2000ic165f_moveit_sensor_manager.launch.xml
[1.863s] -- Up-to-date symlink: /root/crs_ws_fanuc/install/fanuc_r2000ic_moveit_config/share/fanuc_r2000ic_moveit_config/launch/gazebo.launch
[1.864s] -- Up-to-date symlink: /root/crs_ws_fanuc/install/fanuc_r2000ic_moveit_config/share/fanuc_r2000ic_moveit_config/launch/joystick_control.launch
[1.864s] -- Up-to-date symlink: /root/crs_ws_fanuc/install/fanuc_r2000ic_moveit_config/share/fanuc_r2000ic_moveit_config/launch/move_group.launch
[1.864s] -- Up-to-date symlink: /root/crs_ws_fanuc/install/fanuc_r2000ic_moveit_config/share/fanuc_r2000ic_moveit_config/launch/moveit.rviz
[1.864s] -- Up-to-date symlink: /root/crs_ws_fanuc/install/fanuc_r2000ic_moveit_config/share/fanuc_r2000ic_moveit_config/launch/moveit_planning_execution.launch
[1.865s] -- Up-to-date symlink: /root/crs_ws_fanuc/install/fanuc_r2000ic_moveit_config/share/fanuc_r2000ic_moveit_config/launch/moveit_rviz.launch
[1.865s] -- Up-to-date symlink: /root/crs_ws_fanuc/install/fanuc_r2000ic_moveit_config/share/fanuc_r2000ic_moveit_config/launch/ompl_planning_pipeline.launch.xml
[1.865s] -- Up-to-date symlink: /root/crs_ws_fanuc/install/fanuc_r2000ic_moveit_config/share/fanuc_r2000ic_moveit_config/launch/planning_context.launch
[1.865s] -- Up-to-date symlink: /root/crs_ws_fanuc/install/fanuc_r2000ic_moveit_config/share/fanuc_r2000ic_moveit_config/launch/planning_pipeline.launch.xml
[1.866s] -- Up-to-date symlink: /root/crs_ws_fanuc/install/fanuc_r2000ic_moveit_config/share/fanuc_r2000ic_moveit_config/launch/ros_controllers.launch
[1.866s] -- Up-to-date symlink: /root/crs_ws_fanuc/install/fanuc_r2000ic_moveit_config/share/fanuc_r2000ic_moveit_config/launch/run_benchmark_ompl.launch
[1.866s] -- Up-to-date symlink: /root/crs_ws_fanuc/install/fanuc_r2000ic_moveit_config/share/fanuc_r2000ic_moveit_config/launch/sensor_manager.launch.xml
[1.866s] -- Up-to-date symlink: /root/crs_ws_fanuc/install/fanuc_r2000ic_moveit_config/share/fanuc_r2000ic_moveit_config/launch/sim_moveit_planning_execution.launch
[1.867s] -- Up-to-date symlink: /root/crs_ws_fanuc/install/fanuc_r2000ic_moveit_config/share/fanuc_r2000ic_moveit_config/launch/trajectory_execution.launch.xml
[1.867s] -- Up-to-date symlink: /root/crs_ws_fanuc/install/fanuc_r2000ic_moveit_config/share/fanuc_r2000ic_moveit_config/launch/warehouse.launch
[1.867s] -- Up-to-date symlink: /root/crs_ws_fanuc/install/fanuc_r2000ic_moveit_config/share/fanuc_r2000ic_moveit_config/launch/warehouse_settings.launch.xml
[1.868s] -- Up-to-date symlink: /root/crs_ws_fanuc/install/fanuc_r2000ic_moveit_config/share/fanuc_r2000ic_moveit_config/config/chomp_planning.yaml
[1.869s] -- Up-to-date symlink: /root/crs_ws_fanuc/install/fanuc_r2000ic_moveit_config/share/fanuc_r2000ic_moveit_config/config/controllers.yaml
[1.869s] -- Up-to-date symlink: /root/crs_ws_fanuc/install/fanuc_r2000ic_moveit_config/share/fanuc_r2000ic_moveit_config/config/fake_controllers.yaml
[1.869s] -- Up-to-date symlink: /root/crs_ws_fanuc/install/fanuc_r2000ic_moveit_config/share/fanuc_r2000ic_moveit_config/config/fanuc_r2000ic165f.srdf
[1.869s] -- Up-to-date symlink: /root/crs_ws_fanuc/install/fanuc_r2000ic_moveit_config/share/fanuc_r2000ic_moveit_config/config/joint_limits.yaml
[1.870s] -- Up-to-date symlink: /root/crs_ws_fanuc/install/fanuc_r2000ic_moveit_config/share/fanuc_r2000ic_moveit_config/config/kinematics.yaml
[1.870s] -- Up-to-date symlink: /root/crs_ws_fanuc/install/fanuc_r2000ic_moveit_config/share/fanuc_r2000ic_moveit_config/config/ompl_planning.yaml
[1.870s] -- Up-to-date symlink: /root/crs_ws_fanuc/install/fanuc_r2000ic_moveit_config/share/fanuc_r2000ic_moveit_config/config/ros_controllers.yaml
[1.870s] -- Up-to-date symlink: /root/crs_ws_fanuc/install/fanuc_r2000ic_moveit_config/share/fanuc_r2000ic_moveit_config/config/sensors_3d.yaml
[1.875s] Invoked command in '/root/crs_ws_fanuc/build/fanuc_r2000ic_moveit_config' returned '0': CMAKE_PREFIX_PATH=/root/crs_ws_fanuc/install/fanuc_r2000ic_support:${CMAKE_PREFIX_PATH} PKG_CONFIG_PATH=/root/crs_ws_fanuc/install/fanuc_r2000ic_support/lib/x86_64-linux-gnu/pkgconfig:/root/crs_ws_fanuc/install/fanuc_r2000ic_support/lib/pkgconfig:${PKG_CONFIG_PATH} ROS_PACKAGE_PATH=/root/crs_ws_fanuc/install/fanuc_r2000ic_support/share:/root/crs_ws_fanuc/install/fanuc_resources/share:/root/crs_ws_fanuc/install/fanuc_r2000ic_moveit_config/share:/root/crs_ws_fanuc/install/fanuc_r2000ic_moveit_plugins/share /usr/bin/cmake --build /root/crs_ws_fanuc/build/fanuc_r2000ic_moveit_config --target install -- -j8 -l8
