-- Found ament_cmake: 0.8.3 (/opt/ros/eloquent/share/ament_cmake/cmake)
-- Found PythonInterp: /usr/bin/python3 (found suitable version "3.6.9", minimum required is "3") 
-- Using PYTHON_EXECUTABLE: /usr/bin/python3
-- Override CMake install command with custom implementation using symlinks instead of copying resources
-- Found rosidl_default_generators: 0.8.0 (/opt/ros/eloquent/share/rosidl_default_generators/cmake)
-- Found rosidl_adapter: 0.8.3 (/opt/ros/eloquent/share/rosidl_adapter/cmake)
-- Found builtin_interfaces: 0.8.0 (/opt/ros/eloquent/share/builtin_interfaces/cmake)
-- Found sensor_msgs: 0.8.1 (/opt/ros/eloquent/share/sensor_msgs/cmake)
-- Found trajectory_msgs: 0.8.1 (/opt/ros/eloquent/share/trajectory_msgs/cmake)
-- Found cartesian_trajectory_msgs: 0.0.0 (/root/crs_ws_fanuc/install/cartesian_trajectory_msgs/share/cartesian_trajectory_msgs/cmake)
-- Found PythonInterp: /usr/bin/python3 (found version "3.6.9") 
-- Using single matching rosidl_typesupport_c: rosidl_typesupport_fastrtps_c
-- Using single matching rosidl_typesupport_cpp: rosidl_typesupport_fastrtps_cpp
-- Found rmw_implementation_cmake: 0.8.1 (/opt/ros/eloquent/share/rmw_implementation_cmake/cmake)
-- Found PythonInterp: /usr/bin/python3 (found suitable version "3.6.9", minimum required is "3.5") 
-- Found python_cmake_module: 0.8.0 (/opt/ros/eloquent/share/python_cmake_module/cmake)
-- Using PYTHON_EXECUTABLE: /usr/bin/python3
-- Using PYTHON_INCLUDE_DIRS: /usr/include/python3.6m
-- Using PYTHON_LIBRARIES: /usr/lib/x86_64-linux-gnu/libpython3.6m.so
-- Found ament_lint_auto: 0.8.2 (/opt/ros/eloquent/share/ament_lint_auto/cmake)
-- Added test 'copyright' to check for copyright in CMake / C / C++ / Python code
-- Added test 'cppcheck' to perform static code analysis on C / C++ code
-- Configured cppcheck include dirs: 
-- Added test 'cpplint' to check C / C++ code against the Google style
-- Added test 'flake8' to check Python code syntax and style conventions
-- Added test 'lint_cmake' to check CMake code style
-- Added test 'pep257' to check Python code against some of the style conventions in PEP 257
-- Added test 'uncrustify' to check C / C++ code style
-- Added test 'xmllint' to check XML markup files
-- Configuring done
-- Generating done
-- Build files have been written to: /root/crs_ws_fanuc/build/crs_msgs
[  0%] Built target crs_msgs__cpp
[ 12%] Built target crs_msgs__rosidl_generator_c
[ 25%] Built target crs_msgs__rosidl_typesupport_introspection_cpp
[ 37%] Built target crs_msgs__rosidl_typesupport_introspection_c
[ 49%] Built target crs_msgs__rosidl_typesupport_fastrtps_cpp
[ 73%] Built target crs_msgs__rosidl_typesupport_cpp
[ 73%] Built target crs_msgs__rosidl_typesupport_fastrtps_c
[ 85%] Built target crs_msgs__rosidl_typesupport_c
[ 85%] Built target crs_msgs
[ 86%] Built target crs_msgs__py
[ 97%] Built target crs_msgs__python
[ 99%] Built target crs_msgs__rosidl_typesupport_fastrtps_c__pyext
[100%] Built target crs_msgs__rosidl_typesupport_c__pyext
[  0%] Built target crs_msgs__cpp
[ 12%] Built target crs_msgs__rosidl_generator_c
[ 24%] Built target crs_msgs__rosidl_typesupport_fastrtps_cpp
[ 37%] Built target crs_msgs__rosidl_typesupport_introspection_cpp
[ 49%] Built target crs_msgs__rosidl_typesupport_introspection_c
[ 61%] Built target crs_msgs__rosidl_typesupport_cpp
[ 73%] Built target crs_msgs__rosidl_typesupport_fastrtps_c
[ 85%] Built target crs_msgs__rosidl_typesupport_c
[ 85%] Built target crs_msgs
[ 86%] Built target crs_msgs__py
[ 97%] Built target crs_msgs__python
[ 98%] Built target crs_msgs__rosidl_typesupport_fastrtps_c__pyext
[100%] Built target crs_msgs__rosidl_typesupport_c__pyext
[36mInstall the project...[0m
-- Install configuration: "Debug"
-- Execute custom install script
-- Up-to-date symlink: /root/crs_ws_fanuc/install/crs_msgs/share/ament_index/resource_index/rosidl_interfaces/crs_msgs
-- Up-to-date symlink: /root/crs_ws_fanuc/install/crs_msgs/lib/libcrs_msgs__rosidl_typesupport_c.so
-- Up-to-date symlink: /root/crs_ws_fanuc/install/crs_msgs/share/crs_msgs/environment/library_path.sh
-- Up-to-date symlink: /root/crs_ws_fanuc/install/crs_msgs/share/crs_msgs/environment/library_path.dsv
-- Up-to-date symlink: /root/crs_ws_fanuc/install/crs_msgs/lib/libcrs_msgs__rosidl_typesupport_cpp.so
-- Up-to-date symlink: /root/crs_ws_fanuc/install/crs_msgs/include/crs_msgs/msg/process_configuration__rosidl_typesupport_fastrtps_c.h
-- Up-to-date symlink: /root/crs_ws_fanuc/install/crs_msgs/include/crs_msgs/msg/process_motion_plan__rosidl_typesupport_fastrtps_c.h
-- Up-to-date symlink: /root/crs_ws_fanuc/install/crs_msgs/include/crs_msgs/msg/rosidl_typesupport_fastrtps_c__visibility_control.h
-- Up-to-date symlink: /root/crs_ws_fanuc/install/crs_msgs/include/crs_msgs/msg/tool_process_path__rosidl_typesupport_fastrtps_c.h
-- Up-to-date symlink: /root/crs_ws_fanuc/install/crs_msgs/include/crs_msgs/srv/call_freespace_motion__rosidl_typesupport_fastrtps_c.h
-- Up-to-date symlink: /root/crs_ws_fanuc/install/crs_msgs/include/crs_msgs/srv/crop_toolpaths__rosidl_typesupport_fastrtps_c.h
-- Up-to-date symlink: /root/crs_ws_fanuc/install/crs_msgs/include/crs_msgs/srv/execute_action__rosidl_typesupport_fastrtps_c.h
-- Up-to-date symlink: /root/crs_ws_fanuc/install/crs_msgs/include/crs_msgs/srv/get_available_actions__rosidl_typesupport_fastrtps_c.h
-- Up-to-date symlink: /root/crs_ws_fanuc/install/crs_msgs/include/crs_msgs/srv/get_configuration__rosidl_typesupport_fastrtps_c.h
-- Up-to-date symlink: /root/crs_ws_fanuc/install/crs_msgs/include/crs_msgs/srv/get_roi_selection__rosidl_typesupport_fastrtps_c.h
-- Up-to-date symlink: /root/crs_ws_fanuc/install/crs_msgs/include/crs_msgs/srv/load_part__rosidl_typesupport_fastrtps_c.h
-- Up-to-date symlink: /root/crs_ws_fanuc/install/crs_msgs/include/crs_msgs/srv/localize_to_part__rosidl_typesupport_fastrtps_c.h
-- Up-to-date symlink: /root/crs_ws_fanuc/install/crs_msgs/include/crs_msgs/srv/plan_process_motions__rosidl_typesupport_fastrtps_c.h
-- Up-to-date symlink: /root/crs_ws_fanuc/install/crs_msgs/include/crs_msgs/srv/robot_positioner__rosidl_typesupport_fastrtps_c.h
-- Up-to-date symlink: /root/crs_ws_fanuc/install/crs_msgs/include/crs_msgs/srv/run_robot_script__rosidl_typesupport_fastrtps_c.h
-- Up-to-date symlink: /root/crs_ws_fanuc/install/crs_msgs/lib/libcrs_msgs__rosidl_typesupport_fastrtps_c.so
-- Up-to-date symlink: /root/crs_ws_fanuc/install/crs_msgs/include/crs_msgs/msg/process_configuration.h
-- Up-to-date symlink: /root/crs_ws_fanuc/install/crs_msgs/include/crs_msgs/msg/process_configuration__functions.h
-- Up-to-date symlink: /root/crs_ws_fanuc/install/crs_msgs/include/crs_msgs/msg/process_configuration__struct.h
-- Up-to-date symlink: /root/crs_ws_fanuc/install/crs_msgs/include/crs_msgs/msg/process_configuration__type_support.h
-- Up-to-date symlink: /root/crs_ws_fanuc/install/crs_msgs/include/crs_msgs/msg/process_motion_plan.h
-- Up-to-date symlink: /root/crs_ws_fanuc/install/crs_msgs/include/crs_msgs/msg/process_motion_plan__functions.h
-- Up-to-date symlink: /root/crs_ws_fanuc/install/crs_msgs/include/crs_msgs/msg/process_motion_plan__struct.h
-- Up-to-date symlink: /root/crs_ws_fanuc/install/crs_msgs/include/crs_msgs/msg/process_motion_plan__type_support.h
-- Up-to-date symlink: /root/crs_ws_fanuc/install/crs_msgs/include/crs_msgs/msg/rosidl_generator_c__visibility_control.h
-- Up-to-date symlink: /root/crs_ws_fanuc/install/crs_msgs/include/crs_msgs/msg/tool_process_path.h
-- Up-to-date symlink: /root/crs_ws_fanuc/install/crs_msgs/include/crs_msgs/msg/tool_process_path__functions.h
-- Up-to-date symlink: /root/crs_ws_fanuc/install/crs_msgs/include/crs_msgs/msg/tool_process_path__struct.h
-- Up-to-date symlink: /root/crs_ws_fanuc/install/crs_msgs/include/crs_msgs/msg/tool_process_path__type_support.h
-- Up-to-date symlink: /root/crs_ws_fanuc/install/crs_msgs/include/crs_msgs/srv/call_freespace_motion.h
-- Up-to-date symlink: /root/crs_ws_fanuc/install/crs_msgs/include/crs_msgs/srv/call_freespace_motion__functions.h
-- Up-to-date symlink: /root/crs_ws_fanuc/install/crs_msgs/include/crs_msgs/srv/call_freespace_motion__struct.h
-- Up-to-date symlink: /root/crs_ws_fanuc/install/crs_msgs/include/crs_msgs/srv/call_freespace_motion__type_support.h
-- Up-to-date symlink: /root/crs_ws_fanuc/install/crs_msgs/include/crs_msgs/srv/crop_toolpaths.h
-- Up-to-date symlink: /root/crs_ws_fanuc/install/crs_msgs/include/crs_msgs/srv/crop_toolpaths__functions.h
-- Up-to-date symlink: /root/crs_ws_fanuc/install/crs_msgs/include/crs_msgs/srv/crop_toolpaths__struct.h
-- Up-to-date symlink: /root/crs_ws_fanuc/install/crs_msgs/include/crs_msgs/srv/crop_toolpaths__type_support.h
-- Up-to-date symlink: /root/crs_ws_fanuc/install/crs_msgs/include/crs_msgs/srv/execute_action.h
-- Up-to-date symlink: /root/crs_ws_fanuc/install/crs_msgs/include/crs_msgs/srv/execute_action__functions.h
-- Up-to-date symlink: /root/crs_ws_fanuc/install/crs_msgs/include/crs_msgs/srv/execute_action__struct.h
-- Up-to-date symlink: /root/crs_ws_fanuc/install/crs_msgs/include/crs_msgs/srv/execute_action__type_support.h
-- Up-to-date symlink: /root/crs_ws_fanuc/install/crs_msgs/include/crs_msgs/srv/get_available_actions.h
-- Up-to-date symlink: /root/crs_ws_fanuc/install/crs_msgs/include/crs_msgs/srv/get_available_actions__functions.h
-- Up-to-date symlink: /root/crs_ws_fanuc/install/crs_msgs/include/crs_msgs/srv/get_available_actions__struct.h
-- Up-to-date symlink: /root/crs_ws_fanuc/install/crs_msgs/include/crs_msgs/srv/get_available_actions__type_support.h
-- Up-to-date symlink: /root/crs_ws_fanuc/install/crs_msgs/include/crs_msgs/srv/get_configuration.h
-- Up-to-date symlink: /root/crs_ws_fanuc/install/crs_msgs/include/crs_msgs/srv/get_configuration__functions.h
-- Up-to-date symlink: /root/crs_ws_fanuc/install/crs_msgs/include/crs_msgs/srv/get_configuration__struct.h
-- Up-to-date symlink: /root/crs_ws_fanuc/install/crs_msgs/include/crs_msgs/srv/get_configuration__type_support.h
-- Up-to-date symlink: /root/crs_ws_fanuc/install/crs_msgs/include/crs_msgs/srv/get_roi_selection.h
-- Up-to-date symlink: /root/crs_ws_fanuc/install/crs_msgs/include/crs_msgs/srv/get_roi_selection__functions.h
-- Up-to-date symlink: /root/crs_ws_fanuc/install/crs_msgs/include/crs_msgs/srv/get_roi_selection__struct.h
-- Up-to-date symlink: /root/crs_ws_fanuc/install/crs_msgs/include/crs_msgs/srv/get_roi_selection__type_support.h
-- Up-to-date symlink: /root/crs_ws_fanuc/install/crs_msgs/include/crs_msgs/srv/load_part.h
-- Up-to-date symlink: /root/crs_ws_fanuc/install/crs_msgs/include/crs_msgs/srv/load_part__functions.h
-- Up-to-date symlink: /root/crs_ws_fanuc/install/crs_msgs/include/crs_msgs/srv/load_part__struct.h
-- Up-to-date symlink: /root/crs_ws_fanuc/install/crs_msgs/include/crs_msgs/srv/load_part__type_support.h
-- Up-to-date symlink: /root/crs_ws_fanuc/install/crs_msgs/include/crs_msgs/srv/localize_to_part.h
-- Up-to-date symlink: /root/crs_ws_fanuc/install/crs_msgs/include/crs_msgs/srv/localize_to_part__functions.h
-- Up-to-date symlink: /root/crs_ws_fanuc/install/crs_msgs/include/crs_msgs/srv/localize_to_part__struct.h
-- Up-to-date symlink: /root/crs_ws_fanuc/install/crs_msgs/include/crs_msgs/srv/localize_to_part__type_support.h
-- Up-to-date symlink: /root/crs_ws_fanuc/install/crs_msgs/include/crs_msgs/srv/plan_process_motions.h
-- Up-to-date symlink: /root/crs_ws_fanuc/install/crs_msgs/include/crs_msgs/srv/plan_process_motions__functions.h
-- Up-to-date symlink: /root/crs_ws_fanuc/install/crs_msgs/include/crs_msgs/srv/plan_process_motions__struct.h
-- Up-to-date symlink: /root/crs_ws_fanuc/install/crs_msgs/include/crs_msgs/srv/plan_process_motions__type_support.h
-- Up-to-date symlink: /root/crs_ws_fanuc/install/crs_msgs/include/crs_msgs/srv/robot_positioner.h
-- Up-to-date symlink: /root/crs_ws_fanuc/install/crs_msgs/include/crs_msgs/srv/robot_positioner__functions.h
-- Up-to-date symlink: /root/crs_ws_fanuc/install/crs_msgs/include/crs_msgs/srv/robot_positioner__struct.h
-- Up-to-date symlink: /root/crs_ws_fanuc/install/crs_msgs/include/crs_msgs/srv/robot_positioner__type_support.h
-- Up-to-date symlink: /root/crs_ws_fanuc/install/crs_msgs/include/crs_msgs/srv/run_robot_script.h
-- Up-to-date symlink: /root/crs_ws_fanuc/install/crs_msgs/include/crs_msgs/srv/run_robot_script__functions.h
-- Up-to-date symlink: /root/crs_ws_fanuc/install/crs_msgs/include/crs_msgs/srv/run_robot_script__struct.h
-- Up-to-date symlink: /root/crs_ws_fanuc/install/crs_msgs/include/crs_msgs/srv/run_robot_script__type_support.h
-- Up-to-date symlink: /root/crs_ws_fanuc/install/crs_msgs/lib/libcrs_msgs__rosidl_generator_c.so
-- Up-to-date symlink: /root/crs_ws_fanuc/install/crs_msgs/include/crs_msgs/msg/process_configuration__rosidl_typesupport_fastrtps_cpp.hpp
-- Up-to-date symlink: /root/crs_ws_fanuc/install/crs_msgs/include/crs_msgs/msg/process_motion_plan__rosidl_typesupport_fastrtps_cpp.hpp
-- Up-to-date symlink: /root/crs_ws_fanuc/install/crs_msgs/include/crs_msgs/msg/rosidl_typesupport_fastrtps_cpp__visibility_control.h
-- Up-to-date symlink: /root/crs_ws_fanuc/install/crs_msgs/include/crs_msgs/msg/tool_process_path__rosidl_typesupport_fastrtps_cpp.hpp
-- Up-to-date symlink: /root/crs_ws_fanuc/install/crs_msgs/include/crs_msgs/srv/call_freespace_motion__rosidl_typesupport_fastrtps_cpp.hpp
-- Up-to-date symlink: /root/crs_ws_fanuc/install/crs_msgs/include/crs_msgs/srv/crop_toolpaths__rosidl_typesupport_fastrtps_cpp.hpp
-- Up-to-date symlink: /root/crs_ws_fanuc/install/crs_msgs/include/crs_msgs/srv/execute_action__rosidl_typesupport_fastrtps_cpp.hpp
-- Up-to-date symlink: /root/crs_ws_fanuc/install/crs_msgs/include/crs_msgs/srv/get_available_actions__rosidl_typesupport_fastrtps_cpp.hpp
-- Up-to-date symlink: /root/crs_ws_fanuc/install/crs_msgs/include/crs_msgs/srv/get_configuration__rosidl_typesupport_fastrtps_cpp.hpp
-- Up-to-date symlink: /root/crs_ws_fanuc/install/crs_msgs/include/crs_msgs/srv/get_roi_selection__rosidl_typesupport_fastrtps_cpp.hpp
-- Up-to-date symlink: /root/crs_ws_fanuc/install/crs_msgs/include/crs_msgs/srv/load_part__rosidl_typesupport_fastrtps_cpp.hpp
-- Up-to-date symlink: /root/crs_ws_fanuc/install/crs_msgs/include/crs_msgs/srv/localize_to_part__rosidl_typesupport_fastrtps_cpp.hpp
-- Up-to-date symlink: /root/crs_ws_fanuc/install/crs_msgs/include/crs_msgs/srv/plan_process_motions__rosidl_typesupport_fastrtps_cpp.hpp
-- Up-to-date symlink: /root/crs_ws_fanuc/install/crs_msgs/include/crs_msgs/srv/robot_positioner__rosidl_typesupport_fastrtps_cpp.hpp
-- Up-to-date symlink: /root/crs_ws_fanuc/install/crs_msgs/include/crs_msgs/srv/run_robot_script__rosidl_typesupport_fastrtps_cpp.hpp
-- Up-to-date symlink: /root/crs_ws_fanuc/install/crs_msgs/lib/libcrs_msgs__rosidl_typesupport_fastrtps_cpp.so
-- Up-to-date symlink: /root/crs_ws_fanuc/install/crs_msgs/include/crs_msgs/msg/process_configuration.hpp
-- Up-to-date symlink: /root/crs_ws_fanuc/install/crs_msgs/include/crs_msgs/msg/process_configuration__struct.hpp
-- Up-to-date symlink: /root/crs_ws_fanuc/install/crs_msgs/include/crs_msgs/msg/process_configuration__traits.hpp
-- Up-to-date symlink: /root/crs_ws_fanuc/install/crs_msgs/include/crs_msgs/msg/process_motion_plan.hpp
-- Up-to-date symlink: /root/crs_ws_fanuc/install/crs_msgs/include/crs_msgs/msg/process_motion_plan__struct.hpp
-- Up-to-date symlink: /root/crs_ws_fanuc/install/crs_msgs/include/crs_msgs/msg/process_motion_plan__traits.hpp
-- Up-to-date symlink: /root/crs_ws_fanuc/install/crs_msgs/include/crs_msgs/msg/tool_process_path.hpp
-- Up-to-date symlink: /root/crs_ws_fanuc/install/crs_msgs/include/crs_msgs/msg/tool_process_path__struct.hpp
-- Up-to-date symlink: /root/crs_ws_fanuc/install/crs_msgs/include/crs_msgs/msg/tool_process_path__traits.hpp
-- Up-to-date symlink: /root/crs_ws_fanuc/install/crs_msgs/include/crs_msgs/srv/call_freespace_motion.hpp
-- Up-to-date symlink: /root/crs_ws_fanuc/install/crs_msgs/include/crs_msgs/srv/call_freespace_motion__struct.hpp
-- Up-to-date symlink: /root/crs_ws_fanuc/install/crs_msgs/include/crs_msgs/srv/call_freespace_motion__traits.hpp
-- Up-to-date symlink: /root/crs_ws_fanuc/install/crs_msgs/include/crs_msgs/srv/crop_toolpaths.hpp
-- Up-to-date symlink: /root/crs_ws_fanuc/install/crs_msgs/include/crs_msgs/srv/crop_toolpaths__struct.hpp
-- Up-to-date symlink: /root/crs_ws_fanuc/install/crs_msgs/include/crs_msgs/srv/crop_toolpaths__traits.hpp
-- Up-to-date symlink: /root/crs_ws_fanuc/install/crs_msgs/include/crs_msgs/srv/execute_action.hpp
-- Up-to-date symlink: /root/crs_ws_fanuc/install/crs_msgs/include/crs_msgs/srv/execute_action__struct.hpp
-- Up-to-date symlink: /root/crs_ws_fanuc/install/crs_msgs/include/crs_msgs/srv/execute_action__traits.hpp
-- Up-to-date symlink: /root/crs_ws_fanuc/install/crs_msgs/include/crs_msgs/srv/get_available_actions.hpp
-- Up-to-date symlink: /root/crs_ws_fanuc/install/crs_msgs/include/crs_msgs/srv/get_available_actions__struct.hpp
-- Up-to-date symlink: /root/crs_ws_fanuc/install/crs_msgs/include/crs_msgs/srv/get_available_actions__traits.hpp
-- Up-to-date symlink: /root/crs_ws_fanuc/install/crs_msgs/include/crs_msgs/srv/get_configuration.hpp
-- Up-to-date symlink: /root/crs_ws_fanuc/install/crs_msgs/include/crs_msgs/srv/get_configuration__struct.hpp
-- Up-to-date symlink: /root/crs_ws_fanuc/install/crs_msgs/include/crs_msgs/srv/get_configuration__traits.hpp
-- Up-to-date symlink: /root/crs_ws_fanuc/install/crs_msgs/include/crs_msgs/srv/get_roi_selection.hpp
-- Up-to-date symlink: /root/crs_ws_fanuc/install/crs_msgs/include/crs_msgs/srv/get_roi_selection__struct.hpp
-- Up-to-date symlink: /root/crs_ws_fanuc/install/crs_msgs/include/crs_msgs/srv/get_roi_selection__traits.hpp
-- Up-to-date symlink: /root/crs_ws_fanuc/install/crs_msgs/include/crs_msgs/srv/load_part.hpp
-- Up-to-date symlink: /root/crs_ws_fanuc/install/crs_msgs/include/crs_msgs/srv/load_part__struct.hpp
-- Up-to-date symlink: /root/crs_ws_fanuc/install/crs_msgs/include/crs_msgs/srv/load_part__traits.hpp
-- Up-to-date symlink: /root/crs_ws_fanuc/install/crs_msgs/include/crs_msgs/srv/localize_to_part.hpp
-- Up-to-date symlink: /root/crs_ws_fanuc/install/crs_msgs/include/crs_msgs/srv/localize_to_part__struct.hpp
-- Up-to-date symlink: /root/crs_ws_fanuc/install/crs_msgs/include/crs_msgs/srv/localize_to_part__traits.hpp
-- Up-to-date symlink: /root/crs_ws_fanuc/install/crs_msgs/include/crs_msgs/srv/plan_process_motions.hpp
-- Up-to-date symlink: /root/crs_ws_fanuc/install/crs_msgs/include/crs_msgs/srv/plan_process_motions__struct.hpp
-- Up-to-date symlink: /root/crs_ws_fanuc/install/crs_msgs/include/crs_msgs/srv/plan_process_motions__traits.hpp
-- Up-to-date symlink: /root/crs_ws_fanuc/install/crs_msgs/include/crs_msgs/srv/robot_positioner.hpp
-- Up-to-date symlink: /root/crs_ws_fanuc/install/crs_msgs/include/crs_msgs/srv/robot_positioner__struct.hpp
-- Up-to-date symlink: /root/crs_ws_fanuc/install/crs_msgs/include/crs_msgs/srv/robot_positioner__traits.hpp
-- Up-to-date symlink: /root/crs_ws_fanuc/install/crs_msgs/include/crs_msgs/srv/run_robot_script.hpp
-- Up-to-date symlink: /root/crs_ws_fanuc/install/crs_msgs/include/crs_msgs/srv/run_robot_script__struct.hpp
-- Up-to-date symlink: /root/crs_ws_fanuc/install/crs_msgs/include/crs_msgs/srv/run_robot_script__traits.hpp
-- Up-to-date symlink: /root/crs_ws_fanuc/install/crs_msgs/include/crs_msgs/msg/process_configuration__rosidl_typesupport_introspection_c.h
-- Up-to-date symlink: /root/crs_ws_fanuc/install/crs_msgs/include/crs_msgs/msg/process_motion_plan__rosidl_typesupport_introspection_c.h
-- Up-to-date symlink: /root/crs_ws_fanuc/install/crs_msgs/include/crs_msgs/msg/rosidl_typesupport_introspection_c__visibility_control.h
-- Up-to-date symlink: /root/crs_ws_fanuc/install/crs_msgs/include/crs_msgs/msg/tool_process_path__rosidl_typesupport_introspection_c.h
-- Up-to-date symlink: /root/crs_ws_fanuc/install/crs_msgs/include/crs_msgs/srv/call_freespace_motion__rosidl_typesupport_introspection_c.h
-- Up-to-date symlink: /root/crs_ws_fanuc/install/crs_msgs/include/crs_msgs/srv/crop_toolpaths__rosidl_typesupport_introspection_c.h
-- Up-to-date symlink: /root/crs_ws_fanuc/install/crs_msgs/include/crs_msgs/srv/execute_action__rosidl_typesupport_introspection_c.h
-- Up-to-date symlink: /root/crs_ws_fanuc/install/crs_msgs/include/crs_msgs/srv/get_available_actions__rosidl_typesupport_introspection_c.h
-- Up-to-date symlink: /root/crs_ws_fanuc/install/crs_msgs/include/crs_msgs/srv/get_configuration__rosidl_typesupport_introspection_c.h
-- Up-to-date symlink: /root/crs_ws_fanuc/install/crs_msgs/include/crs_msgs/srv/get_roi_selection__rosidl_typesupport_introspection_c.h
-- Up-to-date symlink: /root/crs_ws_fanuc/install/crs_msgs/include/crs_msgs/srv/load_part__rosidl_typesupport_introspection_c.h
-- Up-to-date symlink: /root/crs_ws_fanuc/install/crs_msgs/include/crs_msgs/srv/localize_to_part__rosidl_typesupport_introspection_c.h
-- Up-to-date symlink: /root/crs_ws_fanuc/install/crs_msgs/include/crs_msgs/srv/plan_process_motions__rosidl_typesupport_introspection_c.h
-- Up-to-date symlink: /root/crs_ws_fanuc/install/crs_msgs/include/crs_msgs/srv/robot_positioner__rosidl_typesupport_introspection_c.h
-- Up-to-date symlink: /root/crs_ws_fanuc/install/crs_msgs/include/crs_msgs/srv/run_robot_script__rosidl_typesupport_introspection_c.h
-- Up-to-date symlink: /root/crs_ws_fanuc/install/crs_msgs/lib/libcrs_msgs__rosidl_typesupport_introspection_c.so
-- Up-to-date symlink: /root/crs_ws_fanuc/install/crs_msgs/include/crs_msgs/msg/process_configuration__rosidl_typesupport_introspection_cpp.hpp
-- Up-to-date symlink: /root/crs_ws_fanuc/install/crs_msgs/include/crs_msgs/msg/process_motion_plan__rosidl_typesupport_introspection_cpp.hpp
-- Up-to-date symlink: /root/crs_ws_fanuc/install/crs_msgs/include/crs_msgs/msg/tool_process_path__rosidl_typesupport_introspection_cpp.hpp
-- Up-to-date symlink: /root/crs_ws_fanuc/install/crs_msgs/include/crs_msgs/srv/call_freespace_motion__rosidl_typesupport_introspection_cpp.hpp
-- Up-to-date symlink: /root/crs_ws_fanuc/install/crs_msgs/include/crs_msgs/srv/crop_toolpaths__rosidl_typesupport_introspection_cpp.hpp
-- Up-to-date symlink: /root/crs_ws_fanuc/install/crs_msgs/include/crs_msgs/srv/execute_action__rosidl_typesupport_introspection_cpp.hpp
-- Up-to-date symlink: /root/crs_ws_fanuc/install/crs_msgs/include/crs_msgs/srv/get_available_actions__rosidl_typesupport_introspection_cpp.hpp
-- Up-to-date symlink: /root/crs_ws_fanuc/install/crs_msgs/include/crs_msgs/srv/get_configuration__rosidl_typesupport_introspection_cpp.hpp
-- Up-to-date symlink: /root/crs_ws_fanuc/install/crs_msgs/include/crs_msgs/srv/get_roi_selection__rosidl_typesupport_introspection_cpp.hpp
-- Up-to-date symlink: /root/crs_ws_fanuc/install/crs_msgs/include/crs_msgs/srv/load_part__rosidl_typesupport_introspection_cpp.hpp
-- Up-to-date symlink: /root/crs_ws_fanuc/install/crs_msgs/include/crs_msgs/srv/localize_to_part__rosidl_typesupport_introspection_cpp.hpp
-- Up-to-date symlink: /root/crs_ws_fanuc/install/crs_msgs/include/crs_msgs/srv/plan_process_motions__rosidl_typesupport_introspection_cpp.hpp
-- Up-to-date symlink: /root/crs_ws_fanuc/install/crs_msgs/include/crs_msgs/srv/robot_positioner__rosidl_typesupport_introspection_cpp.hpp
-- Up-to-date symlink: /root/crs_ws_fanuc/install/crs_msgs/include/crs_msgs/srv/run_robot_script__rosidl_typesupport_introspection_cpp.hpp
-- Up-to-date symlink: /root/crs_ws_fanuc/install/crs_msgs/lib/libcrs_msgs__rosidl_typesupport_introspection_cpp.so
-- Up-to-date symlink: /root/crs_ws_fanuc/install/crs_msgs/share/crs_msgs/environment/pythonpath.sh
-- Up-to-date symlink: /root/crs_ws_fanuc/install/crs_msgs/share/crs_msgs/environment/pythonpath.dsv
-- Up-to-date symlink: /root/crs_ws_fanuc/install/crs_msgs/lib/python3.6/site-packages/crs_msgs/__init__.py
-- Up-to-date symlink: /root/crs_ws_fanuc/install/crs_msgs/lib/python3.6/site-packages/crs_msgs/msg/__init__.py
-- Up-to-date symlink: /root/crs_ws_fanuc/install/crs_msgs/lib/python3.6/site-packages/crs_msgs/msg/_process_configuration.py
-- Up-to-date symlink: /root/crs_ws_fanuc/install/crs_msgs/lib/python3.6/site-packages/crs_msgs/msg/_process_motion_plan.py
-- Up-to-date symlink: /root/crs_ws_fanuc/install/crs_msgs/lib/python3.6/site-packages/crs_msgs/msg/_tool_process_path.py
-- Up-to-date symlink: /root/crs_ws_fanuc/install/crs_msgs/lib/python3.6/site-packages/crs_msgs/srv/__init__.py
-- Up-to-date symlink: /root/crs_ws_fanuc/install/crs_msgs/lib/python3.6/site-packages/crs_msgs/srv/_call_freespace_motion.py
-- Up-to-date symlink: /root/crs_ws_fanuc/install/crs_msgs/lib/python3.6/site-packages/crs_msgs/srv/_crop_toolpaths.py
-- Up-to-date symlink: /root/crs_ws_fanuc/install/crs_msgs/lib/python3.6/site-packages/crs_msgs/srv/_execute_action.py
-- Up-to-date symlink: /root/crs_ws_fanuc/install/crs_msgs/lib/python3.6/site-packages/crs_msgs/srv/_get_available_actions.py
-- Up-to-date symlink: /root/crs_ws_fanuc/install/crs_msgs/lib/python3.6/site-packages/crs_msgs/srv/_get_configuration.py
-- Up-to-date symlink: /root/crs_ws_fanuc/install/crs_msgs/lib/python3.6/site-packages/crs_msgs/srv/_get_roi_selection.py
-- Up-to-date symlink: /root/crs_ws_fanuc/install/crs_msgs/lib/python3.6/site-packages/crs_msgs/srv/_load_part.py
-- Up-to-date symlink: /root/crs_ws_fanuc/install/crs_msgs/lib/python3.6/site-packages/crs_msgs/srv/_localize_to_part.py
-- Up-to-date symlink: /root/crs_ws_fanuc/install/crs_msgs/lib/python3.6/site-packages/crs_msgs/srv/_plan_process_motions.py
-- Up-to-date symlink: /root/crs_ws_fanuc/install/crs_msgs/lib/python3.6/site-packages/crs_msgs/srv/_robot_positioner.py
-- Up-to-date symlink: /root/crs_ws_fanuc/install/crs_msgs/lib/python3.6/site-packages/crs_msgs/srv/_run_robot_script.py
-- Up-to-date symlink: /root/crs_ws_fanuc/install/crs_msgs/lib/python3.6/site-packages/crs_msgs/crs_msgs_s__rosidl_typesupport_c.cpython-36m-x86_64-linux-gnu.so
-- Up-to-date symlink: /root/crs_ws_fanuc/install/crs_msgs/lib/python3.6/site-packages/crs_msgs/crs_msgs_s__rosidl_typesupport_fastrtps_c.cpython-36m-x86_64-linux-gnu.so
-- Up-to-date symlink: /root/crs_ws_fanuc/install/crs_msgs/lib/libcrs_msgs__python.so
-- Up-to-date symlink: /root/crs_ws_fanuc/install/crs_msgs/share/crs_msgs/msg/ProcessConfiguration.idl
-- Up-to-date symlink: /root/crs_ws_fanuc/install/crs_msgs/share/crs_msgs/msg/ProcessMotionPlan.idl
-- Up-to-date symlink: /root/crs_ws_fanuc/install/crs_msgs/share/crs_msgs/msg/ToolProcessPath.idl
-- Up-to-date symlink: /root/crs_ws_fanuc/install/crs_msgs/share/crs_msgs/srv/CallFreespaceMotion.idl
-- Up-to-date symlink: /root/crs_ws_fanuc/install/crs_msgs/share/crs_msgs/srv/GetROISelection.idl
-- Up-to-date symlink: /root/crs_ws_fanuc/install/crs_msgs/share/crs_msgs/srv/LoadPart.idl
-- Up-to-date symlink: /root/crs_ws_fanuc/install/crs_msgs/share/crs_msgs/srv/LocalizeToPart.idl
-- Up-to-date symlink: /root/crs_ws_fanuc/install/crs_msgs/share/crs_msgs/srv/ExecuteAction.idl
-- Up-to-date symlink: /root/crs_ws_fanuc/install/crs_msgs/share/crs_msgs/srv/GetAvailableActions.idl
-- Up-to-date symlink: /root/crs_ws_fanuc/install/crs_msgs/share/crs_msgs/srv/PlanProcessMotions.idl
-- Up-to-date symlink: /root/crs_ws_fanuc/install/crs_msgs/share/crs_msgs/srv/GetConfiguration.idl
-- Up-to-date symlink: /root/crs_ws_fanuc/install/crs_msgs/share/crs_msgs/srv/RobotPositioner.idl
-- Up-to-date symlink: /root/crs_ws_fanuc/install/crs_msgs/share/crs_msgs/srv/CropToolpaths.idl
-- Up-to-date symlink: /root/crs_ws_fanuc/install/crs_msgs/share/crs_msgs/srv/RunRobotScript.idl
-- Up-to-date symlink: /root/crs_ws_fanuc/install/crs_msgs/share/crs_msgs/msg/ProcessConfiguration.msg
-- Up-to-date symlink: /root/crs_ws_fanuc/install/crs_msgs/share/crs_msgs/msg/ProcessMotionPlan.msg
-- Up-to-date symlink: /root/crs_ws_fanuc/install/crs_msgs/share/crs_msgs/msg/ToolProcessPath.msg
-- Up-to-date symlink: /root/crs_ws_fanuc/install/crs_msgs/share/crs_msgs/srv/CallFreespaceMotion.srv
-- Up-to-date symlink: /root/crs_ws_fanuc/install/crs_msgs/share/crs_msgs/srv/CallFreespaceMotion_Request.msg
-- Up-to-date symlink: /root/crs_ws_fanuc/install/crs_msgs/share/crs_msgs/srv/CallFreespaceMotion_Response.msg
-- Up-to-date symlink: /root/crs_ws_fanuc/install/crs_msgs/share/crs_msgs/srv/GetROISelection.srv
-- Up-to-date symlink: /root/crs_ws_fanuc/install/crs_msgs/share/crs_msgs/srv/GetROISelection_Request.msg
-- Up-to-date symlink: /root/crs_ws_fanuc/install/crs_msgs/share/crs_msgs/srv/GetROISelection_Response.msg
-- Up-to-date symlink: /root/crs_ws_fanuc/install/crs_msgs/share/crs_msgs/srv/LoadPart.srv
-- Up-to-date symlink: /root/crs_ws_fanuc/install/crs_msgs/share/crs_msgs/srv/LoadPart_Request.msg
-- Up-to-date symlink: /root/crs_ws_fanuc/install/crs_msgs/share/crs_msgs/srv/LoadPart_Response.msg
-- Up-to-date symlink: /root/crs_ws_fanuc/install/crs_msgs/share/crs_msgs/srv/LocalizeToPart.srv
-- Up-to-date symlink: /root/crs_ws_fanuc/install/crs_msgs/share/crs_msgs/srv/LocalizeToPart_Request.msg
-- Up-to-date symlink: /root/crs_ws_fanuc/install/crs_msgs/share/crs_msgs/srv/LocalizeToPart_Response.msg
-- Up-to-date symlink: /root/crs_ws_fanuc/install/crs_msgs/share/crs_msgs/srv/ExecuteAction.srv
-- Up-to-date symlink: /root/crs_ws_fanuc/install/crs_msgs/share/crs_msgs/srv/ExecuteAction_Request.msg
-- Up-to-date symlink: /root/crs_ws_fanuc/install/crs_msgs/share/crs_msgs/srv/ExecuteAction_Response.msg
-- Up-to-date symlink: /root/crs_ws_fanuc/install/crs_msgs/share/crs_msgs/srv/GetAvailableActions.srv
-- Up-to-date symlink: /root/crs_ws_fanuc/install/crs_msgs/share/crs_msgs/srv/GetAvailableActions_Request.msg
-- Up-to-date symlink: /root/crs_ws_fanuc/install/crs_msgs/share/crs_msgs/srv/GetAvailableActions_Response.msg
-- Up-to-date symlink: /root/crs_ws_fanuc/install/crs_msgs/share/crs_msgs/srv/PlanProcessMotions.srv
-- Up-to-date symlink: /root/crs_ws_fanuc/install/crs_msgs/share/crs_msgs/srv/PlanProcessMotions_Request.msg
-- Up-to-date symlink: /root/crs_ws_fanuc/install/crs_msgs/share/crs_msgs/srv/PlanProcessMotions_Response.msg
-- Up-to-date symlink: /root/crs_ws_fanuc/install/crs_msgs/share/crs_msgs/srv/GetConfiguration.srv
-- Up-to-date symlink: /root/crs_ws_fanuc/install/crs_msgs/share/crs_msgs/srv/GetConfiguration_Request.msg
-- Up-to-date symlink: /root/crs_ws_fanuc/install/crs_msgs/share/crs_msgs/srv/GetConfiguration_Response.msg
-- Up-to-date symlink: /root/crs_ws_fanuc/install/crs_msgs/share/crs_msgs/srv/RobotPositioner.srv
-- Up-to-date symlink: /root/crs_ws_fanuc/install/crs_msgs/share/crs_msgs/srv/RobotPositioner_Request.msg
-- Up-to-date symlink: /root/crs_ws_fanuc/install/crs_msgs/share/crs_msgs/srv/RobotPositioner_Response.msg
-- Up-to-date symlink: /root/crs_ws_fanuc/install/crs_msgs/share/crs_msgs/srv/CropToolpaths.srv
-- Up-to-date symlink: /root/crs_ws_fanuc/install/crs_msgs/share/crs_msgs/srv/CropToolpaths_Request.msg
-- Up-to-date symlink: /root/crs_ws_fanuc/install/crs_msgs/share/crs_msgs/srv/CropToolpaths_Response.msg
-- Up-to-date symlink: /root/crs_ws_fanuc/install/crs_msgs/share/crs_msgs/srv/RunRobotScript.srv
-- Up-to-date symlink: /root/crs_ws_fanuc/install/crs_msgs/share/crs_msgs/srv/RunRobotScript_Request.msg
-- Up-to-date symlink: /root/crs_ws_fanuc/install/crs_msgs/share/crs_msgs/srv/RunRobotScript_Response.msg
-- Up-to-date symlink: /root/crs_ws_fanuc/install/crs_msgs/share/ament_index/resource_index/package_run_dependencies/crs_msgs
-- Up-to-date symlink: /root/crs_ws_fanuc/install/crs_msgs/share/ament_index/resource_index/parent_prefix_path/crs_msgs
-- Up-to-date symlink: /root/crs_ws_fanuc/install/crs_msgs/share/crs_msgs/environment/ament_prefix_path.sh
-- Up-to-date symlink: /root/crs_ws_fanuc/install/crs_msgs/share/crs_msgs/environment/ament_prefix_path.dsv
-- Up-to-date symlink: /root/crs_ws_fanuc/install/crs_msgs/share/crs_msgs/environment/path.sh
-- Up-to-date symlink: /root/crs_ws_fanuc/install/crs_msgs/share/crs_msgs/environment/path.dsv
-- Up-to-date symlink: /root/crs_ws_fanuc/install/crs_msgs/share/crs_msgs/local_setup.bash
-- Up-to-date symlink: /root/crs_ws_fanuc/install/crs_msgs/share/crs_msgs/local_setup.sh
-- Up-to-date symlink: /root/crs_ws_fanuc/install/crs_msgs/share/crs_msgs/local_setup.zsh
-- Up-to-date symlink: /root/crs_ws_fanuc/install/crs_msgs/share/crs_msgs/local_setup.dsv
-- Symlinking: /root/crs_ws_fanuc/install/crs_msgs/share/crs_msgs/package.dsv
-- Up-to-date symlink: /root/crs_ws_fanuc/install/crs_msgs/share/ament_index/resource_index/packages/crs_msgs
-- Up-to-date symlink: /root/crs_ws_fanuc/install/crs_msgs/share/crs_msgs/cmake/rosidl_cmake-extras.cmake
-- Up-to-date symlink: /root/crs_ws_fanuc/install/crs_msgs/share/crs_msgs/cmake/ament_cmake_export_dependencies-extras.cmake
-- Up-to-date symlink: /root/crs_ws_fanuc/install/crs_msgs/share/crs_msgs/cmake/ament_cmake_export_libraries-extras.cmake
-- Up-to-date symlink: /root/crs_ws_fanuc/install/crs_msgs/share/crs_msgs/cmake/ament_cmake_export_include_directories-extras.cmake
-- Up-to-date symlink: /root/crs_ws_fanuc/install/crs_msgs/share/crs_msgs/cmake/crs_msgsConfig.cmake
-- Up-to-date symlink: /root/crs_ws_fanuc/install/crs_msgs/share/crs_msgs/cmake/crs_msgsConfig-version.cmake
-- Up-to-date symlink: /root/crs_ws_fanuc/install/crs_msgs/share/crs_msgs/package.xml
Compiling '/root/crs_ws_fanuc/install/crs_msgs/lib/python3.6/site-packages/crs_msgs/__init__.py'...
