[0.073s] Invoking command in '/root/crs_ws_fanuc/build/crs_toolpath_gen': CMAKE_PREFIX_PATH=/root/crs_ws_fanuc/install/crs_utils_py:/opt/ros/eloquent:${CMAKE_PREFIX_PATH} /usr/bin/cmake /root/crs_ws_fanuc/src/collaborative-robotic-sanding/crs_toolpath_gen -DAMENT_CMAKE_SYMLINK_INSTALL=1 -DCMAKE_INSTALL_PREFIX=/root/crs_ws_fanuc/install/crs_toolpath_gen
[0.580s] -- The C compiler identification is GNU 7.5.0
[0.922s] -- The CXX compiler identification is GNU 7.5.0
[0.947s] -- Check for working C compiler: /usr/bin/cc
[1.494s] -- Check for working C compiler: /usr/bin/cc -- works
[1.495s] -- Detecting C compiler ABI info
[2.167s] -- Detecting C compiler ABI info - done
[2.180s] -- Detecting C compile features
[3.776s] -- Detecting C compile features - done
[3.780s] -- Check for working CXX compiler: /usr/bin/c++
[4.379s] -- Check for working CXX compiler: /usr/bin/c++ -- works
[4.379s] -- Detecting CXX compiler ABI info
[4.992s] -- Detecting CXX compiler ABI info - done
[5.002s] -- Detecting CXX compile features
[7.578s] -- Detecting CXX compile features - done
[7.583s] -- Found ament_cmake: 0.8.3 (/opt/ros/eloquent/share/ament_cmake/cmake)
[7.815s] -- Found PythonInterp: /usr/bin/python3 (found suitable version "3.6.9", minimum required is "3") 
[7.815s] -- Using PYTHON_EXECUTABLE: /usr/bin/python3
[8.371s] -- Override CMake install command with custom implementation using symlinks instead of copying resources
[8.439s] -- Found ament_lint_auto: 0.8.2 (/opt/ros/eloquent/share/ament_lint_auto/cmake)
[8.858s] -- Added test 'lint_cmake' to check CMake code style
[8.860s] -- Added test 'xmllint' to check XML markup files
[8.868s] -- Configuring done
[8.873s] -- Generating done
[8.876s] -- Build files have been written to: /root/crs_ws_fanuc/build/crs_toolpath_gen
[8.894s] Invoked command in '/root/crs_ws_fanuc/build/crs_toolpath_gen' returned '0': CMAKE_PREFIX_PATH=/root/crs_ws_fanuc/install/crs_utils_py:/opt/ros/eloquent:${CMAKE_PREFIX_PATH} /usr/bin/cmake /root/crs_ws_fanuc/src/collaborative-robotic-sanding/crs_toolpath_gen -DAMENT_CMAKE_SYMLINK_INSTALL=1 -DCMAKE_INSTALL_PREFIX=/root/crs_ws_fanuc/install/crs_toolpath_gen
[8.896s] Invoking command in '/root/crs_ws_fanuc/build/crs_toolpath_gen': CMAKE_PREFIX_PATH=/root/crs_ws_fanuc/install/crs_utils_py:/opt/ros/eloquent:${CMAKE_PREFIX_PATH} /usr/bin/cmake --build /root/crs_ws_fanuc/build/crs_toolpath_gen -- -j8 -l8
[9.257s] Invoked command in '/root/crs_ws_fanuc/build/crs_toolpath_gen' returned '0': CMAKE_PREFIX_PATH=/root/crs_ws_fanuc/install/crs_utils_py:/opt/ros/eloquent:${CMAKE_PREFIX_PATH} /usr/bin/cmake --build /root/crs_ws_fanuc/build/crs_toolpath_gen -- -j8 -l8
[9.649s] Invoking command in '/root/crs_ws_fanuc/build/crs_toolpath_gen': CMAKE_PREFIX_PATH=/root/crs_ws_fanuc/install/crs_utils_py:/opt/ros/eloquent:${CMAKE_PREFIX_PATH} /usr/bin/cmake --build /root/crs_ws_fanuc/build/crs_toolpath_gen --target install -- -j8 -l8
[10.153s] [36mInstall the project...[0m
[10.226s] -- Install configuration: ""
[10.227s] -- Execute custom install script
[10.227s] -- Symlinking: /root/crs_ws_fanuc/install/crs_toolpath_gen/share/ament_index/resource_index/package_run_dependencies/crs_toolpath_gen
[10.256s] -- Symlinking: /root/crs_ws_fanuc/install/crs_toolpath_gen/share/ament_index/resource_index/parent_prefix_path/crs_toolpath_gen
[10.329s] -- Up-to-date symlink: /root/crs_ws_fanuc/install/crs_toolpath_gen/share/crs_toolpath_gen/environment/ament_prefix_path.sh
[10.330s] -- Symlinking: /root/crs_ws_fanuc/install/crs_toolpath_gen/share/crs_toolpath_gen/environment/ament_prefix_path.dsv
[10.399s] -- Up-to-date symlink: /root/crs_ws_fanuc/install/crs_toolpath_gen/share/crs_toolpath_gen/environment/path.sh
[10.400s] -- Symlinking: /root/crs_ws_fanuc/install/crs_toolpath_gen/share/crs_toolpath_gen/environment/path.dsv
[10.462s] -- Symlinking: /root/crs_ws_fanuc/install/crs_toolpath_gen/share/crs_toolpath_gen/local_setup.bash
[10.489s] -- Symlinking: /root/crs_ws_fanuc/install/crs_toolpath_gen/share/crs_toolpath_gen/local_setup.sh
[10.516s] -- Symlinking: /root/crs_ws_fanuc/install/crs_toolpath_gen/share/crs_toolpath_gen/local_setup.zsh
[10.543s] -- Symlinking: /root/crs_ws_fanuc/install/crs_toolpath_gen/share/crs_toolpath_gen/local_setup.dsv
[10.571s] -- Symlinking: /root/crs_ws_fanuc/install/crs_toolpath_gen/share/crs_toolpath_gen/package.dsv
[10.603s] -- Symlinking: /root/crs_ws_fanuc/install/crs_toolpath_gen/share/ament_index/resource_index/packages/crs_toolpath_gen
[10.632s] -- Symlinking: /root/crs_ws_fanuc/install/crs_toolpath_gen/share/crs_toolpath_gen/cmake/crs_toolpath_genConfig.cmake
[10.691s] -- Symlinking: /root/crs_ws_fanuc/install/crs_toolpath_gen/share/crs_toolpath_gen/cmake/crs_toolpath_genConfig-version.cmake
[10.741s] -- Symlinking: /root/crs_ws_fanuc/install/crs_toolpath_gen/share/crs_toolpath_gen/package.xml
[10.792s] Invoked command in '/root/crs_ws_fanuc/build/crs_toolpath_gen' returned '0': CMAKE_PREFIX_PATH=/root/crs_ws_fanuc/install/crs_utils_py:/opt/ros/eloquent:${CMAKE_PREFIX_PATH} /usr/bin/cmake --build /root/crs_ws_fanuc/build/crs_toolpath_gen --target install -- -j8 -l8
