[0.086s] Invoking command in '/root/crs_ws_fanuc/build/ur_dashboard_msgs': CMAKE_PREFIX_PATH=${CMAKE_PREFIX_PATH}:/opt/ros/eloquent /usr/bin/cmake --build /root/crs_ws_fanuc/build/ur_dashboard_msgs -- -j8 -l8
[0.190s] [  0%] Built target ur_dashboard_msgs__cpp
[0.208s] [ 12%] Built target ur_dashboard_msgs__rosidl_generator_c
[0.250s] [ 25%] Built target ur_dashboard_msgs__rosidl_typesupport_introspection_cpp
[0.259s] [ 37%] Built target ur_dashboard_msgs__rosidl_typesupport_fastrtps_cpp
[0.260s] [ 49%] Built target ur_dashboard_msgs__rosidl_typesupport_introspection_c
[0.315s] [ 61%] Built target ur_dashboard_msgs__rosidl_typesupport_cpp
[0.330s] [ 73%] Built target ur_dashboard_msgs__rosidl_typesupport_fastrtps_c
[0.409s] [ 85%] Built target ur_dashboard_msgs__rosidl_typesupport_c
[0.455s] [ 85%] Built target ur_dashboard_msgs
[0.492s] [ 86%] Built target ur_dashboard_msgs__py
[0.560s] [ 97%] Built target ur_dashboard_msgs__python
[0.613s] [ 99%] Built target ur_dashboard_msgs__rosidl_typesupport_c__pyext
[0.617s] [100%] Built target ur_dashboard_msgs__rosidl_typesupport_fastrtps_c__pyext
[0.658s] Invoked command in '/root/crs_ws_fanuc/build/ur_dashboard_msgs' returned '0': CMAKE_PREFIX_PATH=${CMAKE_PREFIX_PATH}:/opt/ros/eloquent /usr/bin/cmake --build /root/crs_ws_fanuc/build/ur_dashboard_msgs -- -j8 -l8
[1.455s] Invoking command in '/root/crs_ws_fanuc/build/ur_dashboard_msgs': CMAKE_PREFIX_PATH=${CMAKE_PREFIX_PATH}:/opt/ros/eloquent /usr/bin/cmake --build /root/crs_ws_fanuc/build/ur_dashboard_msgs --target install -- -j8 -l8
[1.526s] [  0%] Built target ur_dashboard_msgs__cpp
[1.536s] [ 12%] Built target ur_dashboard_msgs__rosidl_generator_c
[1.568s] [ 25%] Built target ur_dashboard_msgs__rosidl_typesupport_introspection_cpp
[1.584s] [ 37%] Built target ur_dashboard_msgs__rosidl_typesupport_fastrtps_cpp
[1.593s] [ 49%] Built target ur_dashboard_msgs__rosidl_typesupport_introspection_c
[1.629s] [ 61%] Built target ur_dashboard_msgs__rosidl_typesupport_cpp
[1.638s] [ 73%] Built target ur_dashboard_msgs__rosidl_typesupport_fastrtps_c
[1.684s] [ 85%] Built target ur_dashboard_msgs__rosidl_typesupport_c
[1.708s] [ 85%] Built target ur_dashboard_msgs
[1.736s] [ 86%] Built target ur_dashboard_msgs__py
[1.773s] [ 97%] Built target ur_dashboard_msgs__python
[1.805s] [ 99%] Built target ur_dashboard_msgs__rosidl_typesupport_c__pyext
[1.807s] [100%] Built target ur_dashboard_msgs__rosidl_typesupport_fastrtps_c__pyext
[1.827s] [36mInstall the project...[0m
[1.836s] -- Install configuration: "Debug"
[1.836s] -- Execute custom install script
[1.837s] -- Up-to-date symlink: /root/crs_ws_fanuc/install/ur_dashboard_msgs/share/ament_index/resource_index/rosidl_interfaces/ur_dashboard_msgs
[1.837s] -- Up-to-date symlink: /root/crs_ws_fanuc/install/ur_dashboard_msgs/lib/libur_dashboard_msgs__rosidl_typesupport_c.so
[1.838s] -- Up-to-date symlink: /root/crs_ws_fanuc/install/ur_dashboard_msgs/share/ur_dashboard_msgs/environment/library_path.sh
[1.838s] -- Up-to-date symlink: /root/crs_ws_fanuc/install/ur_dashboard_msgs/share/ur_dashboard_msgs/environment/library_path.dsv
[1.838s] -- Up-to-date symlink: /root/crs_ws_fanuc/install/ur_dashboard_msgs/lib/libur_dashboard_msgs__rosidl_typesupport_cpp.so
[1.839s] -- Up-to-date symlink: /root/crs_ws_fanuc/install/ur_dashboard_msgs/include/ur_dashboard_msgs/action/set_mode__rosidl_typesupport_fastrtps_c.h
[1.840s] -- Up-to-date symlink: /root/crs_ws_fanuc/install/ur_dashboard_msgs/include/ur_dashboard_msgs/msg/program_state__rosidl_typesupport_fastrtps_c.h
[1.840s] -- Up-to-date symlink: /root/crs_ws_fanuc/install/ur_dashboard_msgs/include/ur_dashboard_msgs/msg/robot_mode__rosidl_typesupport_fastrtps_c.h
[1.840s] -- Up-to-date symlink: /root/crs_ws_fanuc/install/ur_dashboard_msgs/include/ur_dashboard_msgs/msg/rosidl_typesupport_fastrtps_c__visibility_control.h
[1.840s] -- Up-to-date symlink: /root/crs_ws_fanuc/install/ur_dashboard_msgs/include/ur_dashboard_msgs/msg/safety_mode__rosidl_typesupport_fastrtps_c.h
[1.840s] -- Up-to-date symlink: /root/crs_ws_fanuc/install/ur_dashboard_msgs/include/ur_dashboard_msgs/srv/add_to_log__rosidl_typesupport_fastrtps_c.h
[1.841s] -- Up-to-date symlink: /root/crs_ws_fanuc/install/ur_dashboard_msgs/include/ur_dashboard_msgs/srv/get_loaded_program__rosidl_typesupport_fastrtps_c.h
[1.841s] -- Up-to-date symlink: /root/crs_ws_fanuc/install/ur_dashboard_msgs/include/ur_dashboard_msgs/srv/get_program_state__rosidl_typesupport_fastrtps_c.h
[1.841s] -- Up-to-date symlink: /root/crs_ws_fanuc/install/ur_dashboard_msgs/include/ur_dashboard_msgs/srv/get_robot_mode__rosidl_typesupport_fastrtps_c.h
[1.841s] -- Up-to-date symlink: /root/crs_ws_fanuc/install/ur_dashboard_msgs/include/ur_dashboard_msgs/srv/get_safety_mode__rosidl_typesupport_fastrtps_c.h
[1.841s] -- Up-to-date symlink: /root/crs_ws_fanuc/install/ur_dashboard_msgs/include/ur_dashboard_msgs/srv/is_program_running__rosidl_typesupport_fastrtps_c.h
[1.841s] -- Up-to-date symlink: /root/crs_ws_fanuc/install/ur_dashboard_msgs/include/ur_dashboard_msgs/srv/is_program_saved__rosidl_typesupport_fastrtps_c.h
[1.842s] -- Up-to-date symlink: /root/crs_ws_fanuc/install/ur_dashboard_msgs/include/ur_dashboard_msgs/srv/load__rosidl_typesupport_fastrtps_c.h
[1.842s] -- Up-to-date symlink: /root/crs_ws_fanuc/install/ur_dashboard_msgs/include/ur_dashboard_msgs/srv/popup__rosidl_typesupport_fastrtps_c.h
[1.842s] -- Up-to-date symlink: /root/crs_ws_fanuc/install/ur_dashboard_msgs/include/ur_dashboard_msgs/srv/raw_request__rosidl_typesupport_fastrtps_c.h
[1.843s] -- Up-to-date symlink: /root/crs_ws_fanuc/install/ur_dashboard_msgs/lib/libur_dashboard_msgs__rosidl_typesupport_fastrtps_c.so
[1.844s] -- Up-to-date symlink: /root/crs_ws_fanuc/install/ur_dashboard_msgs/include/ur_dashboard_msgs/action/set_mode.h
[1.844s] -- Up-to-date symlink: /root/crs_ws_fanuc/install/ur_dashboard_msgs/include/ur_dashboard_msgs/action/set_mode__functions.h
[1.844s] -- Up-to-date symlink: /root/crs_ws_fanuc/install/ur_dashboard_msgs/include/ur_dashboard_msgs/action/set_mode__struct.h
[1.844s] -- Up-to-date symlink: /root/crs_ws_fanuc/install/ur_dashboard_msgs/include/ur_dashboard_msgs/action/set_mode__type_support.h
[1.844s] -- Up-to-date symlink: /root/crs_ws_fanuc/install/ur_dashboard_msgs/include/ur_dashboard_msgs/msg/program_state.h
[1.844s] -- Up-to-date symlink: /root/crs_ws_fanuc/install/ur_dashboard_msgs/include/ur_dashboard_msgs/msg/program_state__functions.h
[1.845s] -- Up-to-date symlink: /root/crs_ws_fanuc/install/ur_dashboard_msgs/include/ur_dashboard_msgs/msg/program_state__struct.h
[1.849s] -- Up-to-date symlink: /root/crs_ws_fanuc/install/ur_dashboard_msgs/include/ur_dashboard_msgs/msg/program_state__type_support.h
[1.849s] -- Up-to-date symlink: /root/crs_ws_fanuc/install/ur_dashboard_msgs/include/ur_dashboard_msgs/msg/robot_mode.h
[1.849s] -- Up-to-date symlink: /root/crs_ws_fanuc/install/ur_dashboard_msgs/include/ur_dashboard_msgs/msg/robot_mode__functions.h
[1.850s] -- Up-to-date symlink: /root/crs_ws_fanuc/install/ur_dashboard_msgs/include/ur_dashboard_msgs/msg/robot_mode__struct.h
[1.850s] -- Up-to-date symlink: /root/crs_ws_fanuc/install/ur_dashboard_msgs/include/ur_dashboard_msgs/msg/robot_mode__type_support.h
[1.850s] -- Up-to-date symlink: /root/crs_ws_fanuc/install/ur_dashboard_msgs/include/ur_dashboard_msgs/msg/rosidl_generator_c__visibility_control.h
[1.852s] -- Up-to-date symlink: /root/crs_ws_fanuc/install/ur_dashboard_msgs/include/ur_dashboard_msgs/msg/safety_mode.h
[1.852s] -- Up-to-date symlink: /root/crs_ws_fanuc/install/ur_dashboard_msgs/include/ur_dashboard_msgs/msg/safety_mode__functions.h
[1.852s] -- Up-to-date symlink: /root/crs_ws_fanuc/install/ur_dashboard_msgs/include/ur_dashboard_msgs/msg/safety_mode__struct.h
[1.852s] -- Up-to-date symlink: /root/crs_ws_fanuc/install/ur_dashboard_msgs/include/ur_dashboard_msgs/msg/safety_mode__type_support.h
[1.853s] -- Up-to-date symlink: /root/crs_ws_fanuc/install/ur_dashboard_msgs/include/ur_dashboard_msgs/srv/add_to_log.h
[1.853s] -- Up-to-date symlink: /root/crs_ws_fanuc/install/ur_dashboard_msgs/include/ur_dashboard_msgs/srv/add_to_log__functions.h
[1.854s] -- Up-to-date symlink: /root/crs_ws_fanuc/install/ur_dashboard_msgs/include/ur_dashboard_msgs/srv/add_to_log__struct.h
[1.854s] -- Up-to-date symlink: /root/crs_ws_fanuc/install/ur_dashboard_msgs/include/ur_dashboard_msgs/srv/add_to_log__type_support.h
[1.854s] -- Up-to-date symlink: /root/crs_ws_fanuc/install/ur_dashboard_msgs/include/ur_dashboard_msgs/srv/get_loaded_program.h
[1.855s] -- Up-to-date symlink: /root/crs_ws_fanuc/install/ur_dashboard_msgs/include/ur_dashboard_msgs/srv/get_loaded_program__functions.h
[1.857s] -- Up-to-date symlink: /root/crs_ws_fanuc/install/ur_dashboard_msgs/include/ur_dashboard_msgs/srv/get_loaded_program__struct.h
[1.857s] -- Up-to-date symlink: /root/crs_ws_fanuc/install/ur_dashboard_msgs/include/ur_dashboard_msgs/srv/get_loaded_program__type_support.h
[1.858s] -- Up-to-date symlink: /root/crs_ws_fanuc/install/ur_dashboard_msgs/include/ur_dashboard_msgs/srv/get_program_state.h
[1.858s] -- Up-to-date symlink: /root/crs_ws_fanuc/install/ur_dashboard_msgs/include/ur_dashboard_msgs/srv/get_program_state__functions.h
[1.858s] -- Up-to-date symlink: /root/crs_ws_fanuc/install/ur_dashboard_msgs/include/ur_dashboard_msgs/srv/get_program_state__struct.h
[1.858s] -- Up-to-date symlink: /root/crs_ws_fanuc/install/ur_dashboard_msgs/include/ur_dashboard_msgs/srv/get_program_state__type_support.h
[1.858s] -- Up-to-date symlink: /root/crs_ws_fanuc/install/ur_dashboard_msgs/include/ur_dashboard_msgs/srv/get_robot_mode.h
[1.858s] -- Up-to-date symlink: /root/crs_ws_fanuc/install/ur_dashboard_msgs/include/ur_dashboard_msgs/srv/get_robot_mode__functions.h
[1.859s] -- Up-to-date symlink: /root/crs_ws_fanuc/install/ur_dashboard_msgs/include/ur_dashboard_msgs/srv/get_robot_mode__struct.h
[1.859s] -- Up-to-date symlink: /root/crs_ws_fanuc/install/ur_dashboard_msgs/include/ur_dashboard_msgs/srv/get_robot_mode__type_support.h
[1.859s] -- Up-to-date symlink: /root/crs_ws_fanuc/install/ur_dashboard_msgs/include/ur_dashboard_msgs/srv/get_safety_mode.h
[1.859s] -- Up-to-date symlink: /root/crs_ws_fanuc/install/ur_dashboard_msgs/include/ur_dashboard_msgs/srv/get_safety_mode__functions.h
[1.860s] -- Up-to-date symlink: /root/crs_ws_fanuc/install/ur_dashboard_msgs/include/ur_dashboard_msgs/srv/get_safety_mode__struct.h
[1.860s] -- Up-to-date symlink: /root/crs_ws_fanuc/install/ur_dashboard_msgs/include/ur_dashboard_msgs/srv/get_safety_mode__type_support.h
[1.860s] -- Up-to-date symlink: /root/crs_ws_fanuc/install/ur_dashboard_msgs/include/ur_dashboard_msgs/srv/is_program_running.h
[1.860s] -- Up-to-date symlink: /root/crs_ws_fanuc/install/ur_dashboard_msgs/include/ur_dashboard_msgs/srv/is_program_running__functions.h
[1.860s] -- Up-to-date symlink: /root/crs_ws_fanuc/install/ur_dashboard_msgs/include/ur_dashboard_msgs/srv/is_program_running__struct.h
[1.861s] -- Up-to-date symlink: /root/crs_ws_fanuc/install/ur_dashboard_msgs/include/ur_dashboard_msgs/srv/is_program_running__type_support.h
[1.861s] -- Up-to-date symlink: /root/crs_ws_fanuc/install/ur_dashboard_msgs/include/ur_dashboard_msgs/srv/is_program_saved.h
[1.861s] -- Up-to-date symlink: /root/crs_ws_fanuc/install/ur_dashboard_msgs/include/ur_dashboard_msgs/srv/is_program_saved__functions.h
[1.861s] -- Up-to-date symlink: /root/crs_ws_fanuc/install/ur_dashboard_msgs/include/ur_dashboard_msgs/srv/is_program_saved__struct.h
[1.861s] -- Up-to-date symlink: /root/crs_ws_fanuc/install/ur_dashboard_msgs/include/ur_dashboard_msgs/srv/is_program_saved__type_support.h
[1.862s] -- Up-to-date symlink: /root/crs_ws_fanuc/install/ur_dashboard_msgs/include/ur_dashboard_msgs/srv/load.h
[1.862s] -- Up-to-date symlink: /root/crs_ws_fanuc/install/ur_dashboard_msgs/include/ur_dashboard_msgs/srv/load__functions.h
[1.863s] -- Up-to-date symlink: /root/crs_ws_fanuc/install/ur_dashboard_msgs/include/ur_dashboard_msgs/srv/load__struct.h
[1.863s] -- Up-to-date symlink: /root/crs_ws_fanuc/install/ur_dashboard_msgs/include/ur_dashboard_msgs/srv/load__type_support.h
[1.863s] -- Up-to-date symlink: /root/crs_ws_fanuc/install/ur_dashboard_msgs/include/ur_dashboard_msgs/srv/popup.h
[1.864s] -- Up-to-date symlink: /root/crs_ws_fanuc/install/ur_dashboard_msgs/include/ur_dashboard_msgs/srv/popup__functions.h
[1.864s] -- Up-to-date symlink: /root/crs_ws_fanuc/install/ur_dashboard_msgs/include/ur_dashboard_msgs/srv/popup__struct.h
[1.864s] -- Up-to-date symlink: /root/crs_ws_fanuc/install/ur_dashboard_msgs/include/ur_dashboard_msgs/srv/popup__type_support.h
[1.864s] -- Up-to-date symlink: /root/crs_ws_fanuc/install/ur_dashboard_msgs/include/ur_dashboard_msgs/srv/raw_request.h
[1.865s] -- Up-to-date symlink: /root/crs_ws_fanuc/install/ur_dashboard_msgs/include/ur_dashboard_msgs/srv/raw_request__functions.h
[1.865s] -- Up-to-date symlink: /root/crs_ws_fanuc/install/ur_dashboard_msgs/include/ur_dashboard_msgs/srv/raw_request__struct.h
[1.865s] -- Up-to-date symlink: /root/crs_ws_fanuc/install/ur_dashboard_msgs/include/ur_dashboard_msgs/srv/raw_request__type_support.h
[1.866s] -- Up-to-date symlink: /root/crs_ws_fanuc/install/ur_dashboard_msgs/lib/libur_dashboard_msgs__rosidl_generator_c.so
[1.866s] -- Up-to-date symlink: /root/crs_ws_fanuc/install/ur_dashboard_msgs/include/ur_dashboard_msgs/action/set_mode__rosidl_typesupport_fastrtps_cpp.hpp
[1.867s] -- Up-to-date symlink: /root/crs_ws_fanuc/install/ur_dashboard_msgs/include/ur_dashboard_msgs/msg/program_state__rosidl_typesupport_fastrtps_cpp.hpp
[1.867s] -- Up-to-date symlink: /root/crs_ws_fanuc/install/ur_dashboard_msgs/include/ur_dashboard_msgs/msg/robot_mode__rosidl_typesupport_fastrtps_cpp.hpp
[1.867s] -- Up-to-date symlink: /root/crs_ws_fanuc/install/ur_dashboard_msgs/include/ur_dashboard_msgs/msg/rosidl_typesupport_fastrtps_cpp__visibility_control.h
[1.867s] -- Up-to-date symlink: /root/crs_ws_fanuc/install/ur_dashboard_msgs/include/ur_dashboard_msgs/msg/safety_mode__rosidl_typesupport_fastrtps_cpp.hpp
[1.868s] -- Up-to-date symlink: /root/crs_ws_fanuc/install/ur_dashboard_msgs/include/ur_dashboard_msgs/srv/add_to_log__rosidl_typesupport_fastrtps_cpp.hpp
[1.868s] -- Up-to-date symlink: /root/crs_ws_fanuc/install/ur_dashboard_msgs/include/ur_dashboard_msgs/srv/get_loaded_program__rosidl_typesupport_fastrtps_cpp.hpp
[1.868s] -- Up-to-date symlink: /root/crs_ws_fanuc/install/ur_dashboard_msgs/include/ur_dashboard_msgs/srv/get_program_state__rosidl_typesupport_fastrtps_cpp.hpp
[1.868s] -- Up-to-date symlink: /root/crs_ws_fanuc/install/ur_dashboard_msgs/include/ur_dashboard_msgs/srv/get_robot_mode__rosidl_typesupport_fastrtps_cpp.hpp
[1.869s] -- Up-to-date symlink: /root/crs_ws_fanuc/install/ur_dashboard_msgs/include/ur_dashboard_msgs/srv/get_safety_mode__rosidl_typesupport_fastrtps_cpp.hpp
[1.869s] -- Up-to-date symlink: /root/crs_ws_fanuc/install/ur_dashboard_msgs/include/ur_dashboard_msgs/srv/is_program_running__rosidl_typesupport_fastrtps_cpp.hpp
[1.869s] -- Up-to-date symlink: /root/crs_ws_fanuc/install/ur_dashboard_msgs/include/ur_dashboard_msgs/srv/is_program_saved__rosidl_typesupport_fastrtps_cpp.hpp
[1.869s] -- Up-to-date symlink: /root/crs_ws_fanuc/install/ur_dashboard_msgs/include/ur_dashboard_msgs/srv/load__rosidl_typesupport_fastrtps_cpp.hpp
[1.870s] -- Up-to-date symlink: /root/crs_ws_fanuc/install/ur_dashboard_msgs/include/ur_dashboard_msgs/srv/popup__rosidl_typesupport_fastrtps_cpp.hpp
[1.871s] -- Up-to-date symlink: /root/crs_ws_fanuc/install/ur_dashboard_msgs/include/ur_dashboard_msgs/srv/raw_request__rosidl_typesupport_fastrtps_cpp.hpp
[1.871s] -- Up-to-date symlink: /root/crs_ws_fanuc/install/ur_dashboard_msgs/lib/libur_dashboard_msgs__rosidl_typesupport_fastrtps_cpp.so
[1.871s] -- Up-to-date symlink: /root/crs_ws_fanuc/install/ur_dashboard_msgs/include/ur_dashboard_msgs/action/set_mode.hpp
[1.872s] -- Up-to-date symlink: /root/crs_ws_fanuc/install/ur_dashboard_msgs/include/ur_dashboard_msgs/action/set_mode__struct.hpp
[1.872s] -- Up-to-date symlink: /root/crs_ws_fanuc/install/ur_dashboard_msgs/include/ur_dashboard_msgs/action/set_mode__traits.hpp
[1.872s] -- Up-to-date symlink: /root/crs_ws_fanuc/install/ur_dashboard_msgs/include/ur_dashboard_msgs/msg/program_state.hpp
[1.872s] -- Up-to-date symlink: /root/crs_ws_fanuc/install/ur_dashboard_msgs/include/ur_dashboard_msgs/msg/program_state__struct.hpp
[1.872s] -- Up-to-date symlink: /root/crs_ws_fanuc/install/ur_dashboard_msgs/include/ur_dashboard_msgs/msg/program_state__traits.hpp
[1.873s] -- Up-to-date symlink: /root/crs_ws_fanuc/install/ur_dashboard_msgs/include/ur_dashboard_msgs/msg/robot_mode.hpp
[1.873s] -- Up-to-date symlink: /root/crs_ws_fanuc/install/ur_dashboard_msgs/include/ur_dashboard_msgs/msg/robot_mode__struct.hpp
[1.873s] -- Up-to-date symlink: /root/crs_ws_fanuc/install/ur_dashboard_msgs/include/ur_dashboard_msgs/msg/robot_mode__traits.hpp
[1.873s] -- Up-to-date symlink: /root/crs_ws_fanuc/install/ur_dashboard_msgs/include/ur_dashboard_msgs/msg/safety_mode.hpp
[1.874s] -- Up-to-date symlink: /root/crs_ws_fanuc/install/ur_dashboard_msgs/include/ur_dashboard_msgs/msg/safety_mode__struct.hpp
[1.875s] -- Up-to-date symlink: /root/crs_ws_fanuc/install/ur_dashboard_msgs/include/ur_dashboard_msgs/msg/safety_mode__traits.hpp
[1.875s] -- Up-to-date symlink: /root/crs_ws_fanuc/install/ur_dashboard_msgs/include/ur_dashboard_msgs/srv/add_to_log.hpp
[1.875s] -- Up-to-date symlink: /root/crs_ws_fanuc/install/ur_dashboard_msgs/include/ur_dashboard_msgs/srv/add_to_log__struct.hpp
[1.876s] -- Up-to-date symlink: /root/crs_ws_fanuc/install/ur_dashboard_msgs/include/ur_dashboard_msgs/srv/add_to_log__traits.hpp
[1.876s] -- Up-to-date symlink: /root/crs_ws_fanuc/install/ur_dashboard_msgs/include/ur_dashboard_msgs/srv/get_loaded_program.hpp
[1.876s] -- Up-to-date symlink: /root/crs_ws_fanuc/install/ur_dashboard_msgs/include/ur_dashboard_msgs/srv/get_loaded_program__struct.hpp
[1.877s] -- Up-to-date symlink: /root/crs_ws_fanuc/install/ur_dashboard_msgs/include/ur_dashboard_msgs/srv/get_loaded_program__traits.hpp
[1.877s] -- Up-to-date symlink: /root/crs_ws_fanuc/install/ur_dashboard_msgs/include/ur_dashboard_msgs/srv/get_program_state.hpp
[1.877s] -- Up-to-date symlink: /root/crs_ws_fanuc/install/ur_dashboard_msgs/include/ur_dashboard_msgs/srv/get_program_state__struct.hpp
[1.877s] -- Up-to-date symlink: /root/crs_ws_fanuc/install/ur_dashboard_msgs/include/ur_dashboard_msgs/srv/get_program_state__traits.hpp
[1.877s] -- Up-to-date symlink: /root/crs_ws_fanuc/install/ur_dashboard_msgs/include/ur_dashboard_msgs/srv/get_robot_mode.hpp
[1.877s] -- Up-to-date symlink: /root/crs_ws_fanuc/install/ur_dashboard_msgs/include/ur_dashboard_msgs/srv/get_robot_mode__struct.hpp
[1.877s] -- Up-to-date symlink: /root/crs_ws_fanuc/install/ur_dashboard_msgs/include/ur_dashboard_msgs/srv/get_robot_mode__traits.hpp
[1.878s] -- Up-to-date symlink: /root/crs_ws_fanuc/install/ur_dashboard_msgs/include/ur_dashboard_msgs/srv/get_safety_mode.hpp
[1.878s] -- Up-to-date symlink: /root/crs_ws_fanuc/install/ur_dashboard_msgs/include/ur_dashboard_msgs/srv/get_safety_mode__struct.hpp
[1.878s] -- Up-to-date symlink: /root/crs_ws_fanuc/install/ur_dashboard_msgs/include/ur_dashboard_msgs/srv/get_safety_mode__traits.hpp
[1.878s] -- Up-to-date symlink: /root/crs_ws_fanuc/install/ur_dashboard_msgs/include/ur_dashboard_msgs/srv/is_program_running.hpp
[1.878s] -- Up-to-date symlink: /root/crs_ws_fanuc/install/ur_dashboard_msgs/include/ur_dashboard_msgs/srv/is_program_running__struct.hpp
[1.878s] -- Up-to-date symlink: /root/crs_ws_fanuc/install/ur_dashboard_msgs/include/ur_dashboard_msgs/srv/is_program_running__traits.hpp
[1.878s] -- Up-to-date symlink: /root/crs_ws_fanuc/install/ur_dashboard_msgs/include/ur_dashboard_msgs/srv/is_program_saved.hpp
[1.878s] -- Up-to-date symlink: /root/crs_ws_fanuc/install/ur_dashboard_msgs/include/ur_dashboard_msgs/srv/is_program_saved__struct.hpp
[1.878s] -- Up-to-date symlink: /root/crs_ws_fanuc/install/ur_dashboard_msgs/include/ur_dashboard_msgs/srv/is_program_saved__traits.hpp
[1.878s] -- Up-to-date symlink: /root/crs_ws_fanuc/install/ur_dashboard_msgs/include/ur_dashboard_msgs/srv/load.hpp
[1.878s] -- Up-to-date symlink: /root/crs_ws_fanuc/install/ur_dashboard_msgs/include/ur_dashboard_msgs/srv/load__struct.hpp
[1.879s] -- Up-to-date symlink: /root/crs_ws_fanuc/install/ur_dashboard_msgs/include/ur_dashboard_msgs/srv/load__traits.hpp
[1.879s] -- Up-to-date symlink: /root/crs_ws_fanuc/install/ur_dashboard_msgs/include/ur_dashboard_msgs/srv/popup.hpp
[1.879s] -- Up-to-date symlink: /root/crs_ws_fanuc/install/ur_dashboard_msgs/include/ur_dashboard_msgs/srv/popup__struct.hpp
[1.879s] -- Up-to-date symlink: /root/crs_ws_fanuc/install/ur_dashboard_msgs/include/ur_dashboard_msgs/srv/popup__traits.hpp
[1.879s] -- Up-to-date symlink: /root/crs_ws_fanuc/install/ur_dashboard_msgs/include/ur_dashboard_msgs/srv/raw_request.hpp
[1.879s] -- Up-to-date symlink: /root/crs_ws_fanuc/install/ur_dashboard_msgs/include/ur_dashboard_msgs/srv/raw_request__struct.hpp
[1.879s] -- Up-to-date symlink: /root/crs_ws_fanuc/install/ur_dashboard_msgs/include/ur_dashboard_msgs/srv/raw_request__traits.hpp
[1.879s] -- Up-to-date symlink: /root/crs_ws_fanuc/install/ur_dashboard_msgs/include/ur_dashboard_msgs/action/set_mode__rosidl_typesupport_introspection_c.h
[1.879s] -- Up-to-date symlink: /root/crs_ws_fanuc/install/ur_dashboard_msgs/include/ur_dashboard_msgs/msg/program_state__rosidl_typesupport_introspection_c.h
[1.879s] -- Up-to-date symlink: /root/crs_ws_fanuc/install/ur_dashboard_msgs/include/ur_dashboard_msgs/msg/robot_mode__rosidl_typesupport_introspection_c.h
[1.879s] -- Up-to-date symlink: /root/crs_ws_fanuc/install/ur_dashboard_msgs/include/ur_dashboard_msgs/msg/rosidl_typesupport_introspection_c__visibility_control.h
[1.880s] -- Up-to-date symlink: /root/crs_ws_fanuc/install/ur_dashboard_msgs/include/ur_dashboard_msgs/msg/safety_mode__rosidl_typesupport_introspection_c.h
[1.880s] -- Up-to-date symlink: /root/crs_ws_fanuc/install/ur_dashboard_msgs/include/ur_dashboard_msgs/srv/add_to_log__rosidl_typesupport_introspection_c.h
[1.880s] -- Up-to-date symlink: /root/crs_ws_fanuc/install/ur_dashboard_msgs/include/ur_dashboard_msgs/srv/get_loaded_program__rosidl_typesupport_introspection_c.h
[1.880s] -- Up-to-date symlink: /root/crs_ws_fanuc/install/ur_dashboard_msgs/include/ur_dashboard_msgs/srv/get_program_state__rosidl_typesupport_introspection_c.h
[1.880s] -- Up-to-date symlink: /root/crs_ws_fanuc/install/ur_dashboard_msgs/include/ur_dashboard_msgs/srv/get_robot_mode__rosidl_typesupport_introspection_c.h
[1.880s] -- Up-to-date symlink: /root/crs_ws_fanuc/install/ur_dashboard_msgs/include/ur_dashboard_msgs/srv/get_safety_mode__rosidl_typesupport_introspection_c.h
[1.880s] -- Up-to-date symlink: /root/crs_ws_fanuc/install/ur_dashboard_msgs/include/ur_dashboard_msgs/srv/is_program_running__rosidl_typesupport_introspection_c.h
[1.880s] -- Up-to-date symlink: /root/crs_ws_fanuc/install/ur_dashboard_msgs/include/ur_dashboard_msgs/srv/is_program_saved__rosidl_typesupport_introspection_c.h
[1.880s] -- Up-to-date symlink: /root/crs_ws_fanuc/install/ur_dashboard_msgs/include/ur_dashboard_msgs/srv/load__rosidl_typesupport_introspection_c.h
[1.880s] -- Up-to-date symlink: /root/crs_ws_fanuc/install/ur_dashboard_msgs/include/ur_dashboard_msgs/srv/popup__rosidl_typesupport_introspection_c.h
[1.880s] -- Up-to-date symlink: /root/crs_ws_fanuc/install/ur_dashboard_msgs/include/ur_dashboard_msgs/srv/raw_request__rosidl_typesupport_introspection_c.h
[1.881s] -- Up-to-date symlink: /root/crs_ws_fanuc/install/ur_dashboard_msgs/lib/libur_dashboard_msgs__rosidl_typesupport_introspection_c.so
[1.881s] -- Up-to-date symlink: /root/crs_ws_fanuc/install/ur_dashboard_msgs/include/ur_dashboard_msgs/action/set_mode__rosidl_typesupport_introspection_cpp.hpp
[1.881s] -- Up-to-date symlink: /root/crs_ws_fanuc/install/ur_dashboard_msgs/include/ur_dashboard_msgs/msg/program_state__rosidl_typesupport_introspection_cpp.hpp
[1.881s] -- Up-to-date symlink: /root/crs_ws_fanuc/install/ur_dashboard_msgs/include/ur_dashboard_msgs/msg/robot_mode__rosidl_typesupport_introspection_cpp.hpp
[1.881s] -- Up-to-date symlink: /root/crs_ws_fanuc/install/ur_dashboard_msgs/include/ur_dashboard_msgs/msg/safety_mode__rosidl_typesupport_introspection_cpp.hpp
[1.881s] -- Up-to-date symlink: /root/crs_ws_fanuc/install/ur_dashboard_msgs/include/ur_dashboard_msgs/srv/add_to_log__rosidl_typesupport_introspection_cpp.hpp
[1.881s] -- Up-to-date symlink: /root/crs_ws_fanuc/install/ur_dashboard_msgs/include/ur_dashboard_msgs/srv/get_loaded_program__rosidl_typesupport_introspection_cpp.hpp
[1.881s] -- Up-to-date symlink: /root/crs_ws_fanuc/install/ur_dashboard_msgs/include/ur_dashboard_msgs/srv/get_program_state__rosidl_typesupport_introspection_cpp.hpp
[1.881s] -- Up-to-date symlink: /root/crs_ws_fanuc/install/ur_dashboard_msgs/include/ur_dashboard_msgs/srv/get_robot_mode__rosidl_typesupport_introspection_cpp.hpp
[1.881s] -- Up-to-date symlink: /root/crs_ws_fanuc/install/ur_dashboard_msgs/include/ur_dashboard_msgs/srv/get_safety_mode__rosidl_typesupport_introspection_cpp.hpp
[1.881s] -- Up-to-date symlink: /root/crs_ws_fanuc/install/ur_dashboard_msgs/include/ur_dashboard_msgs/srv/is_program_running__rosidl_typesupport_introspection_cpp.hpp
[1.882s] -- Up-to-date symlink: /root/crs_ws_fanuc/install/ur_dashboard_msgs/include/ur_dashboard_msgs/srv/is_program_saved__rosidl_typesupport_introspection_cpp.hpp
[1.882s] -- Up-to-date symlink: /root/crs_ws_fanuc/install/ur_dashboard_msgs/include/ur_dashboard_msgs/srv/load__rosidl_typesupport_introspection_cpp.hpp
[1.882s] -- Up-to-date symlink: /root/crs_ws_fanuc/install/ur_dashboard_msgs/include/ur_dashboard_msgs/srv/popup__rosidl_typesupport_introspection_cpp.hpp
[1.882s] -- Up-to-date symlink: /root/crs_ws_fanuc/install/ur_dashboard_msgs/include/ur_dashboard_msgs/srv/raw_request__rosidl_typesupport_introspection_cpp.hpp
[1.882s] -- Up-to-date symlink: /root/crs_ws_fanuc/install/ur_dashboard_msgs/lib/libur_dashboard_msgs__rosidl_typesupport_introspection_cpp.so
[1.882s] -- Up-to-date symlink: /root/crs_ws_fanuc/install/ur_dashboard_msgs/share/ur_dashboard_msgs/environment/pythonpath.sh
[1.882s] -- Up-to-date symlink: /root/crs_ws_fanuc/install/ur_dashboard_msgs/share/ur_dashboard_msgs/environment/pythonpath.dsv
[1.882s] -- Up-to-date symlink: /root/crs_ws_fanuc/install/ur_dashboard_msgs/lib/python3.6/site-packages/ur_dashboard_msgs/__init__.py
[1.882s] -- Up-to-date symlink: /root/crs_ws_fanuc/install/ur_dashboard_msgs/lib/python3.6/site-packages/ur_dashboard_msgs/msg/__init__.py
[1.882s] -- Up-to-date symlink: /root/crs_ws_fanuc/install/ur_dashboard_msgs/lib/python3.6/site-packages/ur_dashboard_msgs/msg/_program_state.py
[1.882s] -- Up-to-date symlink: /root/crs_ws_fanuc/install/ur_dashboard_msgs/lib/python3.6/site-packages/ur_dashboard_msgs/msg/_robot_mode.py
[1.883s] -- Up-to-date symlink: /root/crs_ws_fanuc/install/ur_dashboard_msgs/lib/python3.6/site-packages/ur_dashboard_msgs/msg/_safety_mode.py
[1.883s] -- Up-to-date symlink: /root/crs_ws_fanuc/install/ur_dashboard_msgs/lib/python3.6/site-packages/ur_dashboard_msgs/srv/__init__.py
[1.883s] -- Up-to-date symlink: /root/crs_ws_fanuc/install/ur_dashboard_msgs/lib/python3.6/site-packages/ur_dashboard_msgs/srv/_add_to_log.py
[1.883s] -- Up-to-date symlink: /root/crs_ws_fanuc/install/ur_dashboard_msgs/lib/python3.6/site-packages/ur_dashboard_msgs/srv/_get_loaded_program.py
[1.883s] -- Up-to-date symlink: /root/crs_ws_fanuc/install/ur_dashboard_msgs/lib/python3.6/site-packages/ur_dashboard_msgs/srv/_get_program_state.py
[1.883s] -- Up-to-date symlink: /root/crs_ws_fanuc/install/ur_dashboard_msgs/lib/python3.6/site-packages/ur_dashboard_msgs/srv/_get_robot_mode.py
[1.883s] -- Up-to-date symlink: /root/crs_ws_fanuc/install/ur_dashboard_msgs/lib/python3.6/site-packages/ur_dashboard_msgs/srv/_get_safety_mode.py
[1.883s] -- Up-to-date symlink: /root/crs_ws_fanuc/install/ur_dashboard_msgs/lib/python3.6/site-packages/ur_dashboard_msgs/srv/_is_program_running.py
[1.883s] -- Up-to-date symlink: /root/crs_ws_fanuc/install/ur_dashboard_msgs/lib/python3.6/site-packages/ur_dashboard_msgs/srv/_is_program_saved.py
[1.883s] -- Up-to-date symlink: /root/crs_ws_fanuc/install/ur_dashboard_msgs/lib/python3.6/site-packages/ur_dashboard_msgs/srv/_load.py
[1.883s] -- Up-to-date symlink: /root/crs_ws_fanuc/install/ur_dashboard_msgs/lib/python3.6/site-packages/ur_dashboard_msgs/srv/_popup.py
[1.884s] -- Up-to-date symlink: /root/crs_ws_fanuc/install/ur_dashboard_msgs/lib/python3.6/site-packages/ur_dashboard_msgs/srv/_raw_request.py
[1.884s] -- Up-to-date symlink: /root/crs_ws_fanuc/install/ur_dashboard_msgs/lib/python3.6/site-packages/ur_dashboard_msgs/action/__init__.py
[1.884s] -- Up-to-date symlink: /root/crs_ws_fanuc/install/ur_dashboard_msgs/lib/python3.6/site-packages/ur_dashboard_msgs/action/_set_mode.py
[1.884s] -- Up-to-date symlink: /root/crs_ws_fanuc/install/ur_dashboard_msgs/lib/python3.6/site-packages/ur_dashboard_msgs/ur_dashboard_msgs_s__rosidl_typesupport_c.cpython-36m-x86_64-linux-gnu.so
[1.884s] -- Up-to-date symlink: /root/crs_ws_fanuc/install/ur_dashboard_msgs/lib/python3.6/site-packages/ur_dashboard_msgs/ur_dashboard_msgs_s__rosidl_typesupport_fastrtps_c.cpython-36m-x86_64-linux-gnu.so
[1.884s] -- Up-to-date symlink: /root/crs_ws_fanuc/install/ur_dashboard_msgs/lib/libur_dashboard_msgs__python.so
[1.884s] -- Up-to-date symlink: /root/crs_ws_fanuc/install/ur_dashboard_msgs/share/ur_dashboard_msgs/msg/ProgramState.idl
[1.884s] -- Up-to-date symlink: /root/crs_ws_fanuc/install/ur_dashboard_msgs/share/ur_dashboard_msgs/msg/RobotMode.idl
[1.884s] -- Up-to-date symlink: /root/crs_ws_fanuc/install/ur_dashboard_msgs/share/ur_dashboard_msgs/msg/SafetyMode.idl
[1.884s] -- Up-to-date symlink: /root/crs_ws_fanuc/install/ur_dashboard_msgs/share/ur_dashboard_msgs/srv/AddToLog.idl
[1.884s] -- Up-to-date symlink: /root/crs_ws_fanuc/install/ur_dashboard_msgs/share/ur_dashboard_msgs/srv/GetLoadedProgram.idl
[1.885s] -- Up-to-date symlink: /root/crs_ws_fanuc/install/ur_dashboard_msgs/share/ur_dashboard_msgs/srv/GetProgramState.idl
[1.885s] -- Up-to-date symlink: /root/crs_ws_fanuc/install/ur_dashboard_msgs/share/ur_dashboard_msgs/srv/GetRobotMode.idl
[1.885s] -- Up-to-date symlink: /root/crs_ws_fanuc/install/ur_dashboard_msgs/share/ur_dashboard_msgs/srv/GetSafetyMode.idl
[1.885s] -- Up-to-date symlink: /root/crs_ws_fanuc/install/ur_dashboard_msgs/share/ur_dashboard_msgs/srv/IsProgramRunning.idl
[1.885s] -- Up-to-date symlink: /root/crs_ws_fanuc/install/ur_dashboard_msgs/share/ur_dashboard_msgs/srv/IsProgramSaved.idl
[1.885s] -- Up-to-date symlink: /root/crs_ws_fanuc/install/ur_dashboard_msgs/share/ur_dashboard_msgs/srv/Load.idl
[1.885s] -- Up-to-date symlink: /root/crs_ws_fanuc/install/ur_dashboard_msgs/share/ur_dashboard_msgs/srv/Popup.idl
[1.885s] -- Up-to-date symlink: /root/crs_ws_fanuc/install/ur_dashboard_msgs/share/ur_dashboard_msgs/srv/RawRequest.idl
[1.885s] -- Up-to-date symlink: /root/crs_ws_fanuc/install/ur_dashboard_msgs/share/ur_dashboard_msgs/action/SetMode.idl
[1.885s] -- Up-to-date symlink: /root/crs_ws_fanuc/install/ur_dashboard_msgs/share/ur_dashboard_msgs/msg/ProgramState.msg
[1.885s] -- Up-to-date symlink: /root/crs_ws_fanuc/install/ur_dashboard_msgs/share/ur_dashboard_msgs/msg/RobotMode.msg
[1.886s] -- Up-to-date symlink: /root/crs_ws_fanuc/install/ur_dashboard_msgs/share/ur_dashboard_msgs/msg/SafetyMode.msg
[1.886s] -- Up-to-date symlink: /root/crs_ws_fanuc/install/ur_dashboard_msgs/share/ur_dashboard_msgs/srv/AddToLog.srv
[1.886s] -- Up-to-date symlink: /root/crs_ws_fanuc/install/ur_dashboard_msgs/share/ur_dashboard_msgs/srv/AddToLog_Request.msg
[1.886s] -- Up-to-date symlink: /root/crs_ws_fanuc/install/ur_dashboard_msgs/share/ur_dashboard_msgs/srv/AddToLog_Response.msg
[1.886s] -- Up-to-date symlink: /root/crs_ws_fanuc/install/ur_dashboard_msgs/share/ur_dashboard_msgs/srv/GetLoadedProgram.srv
[1.886s] -- Up-to-date symlink: /root/crs_ws_fanuc/install/ur_dashboard_msgs/share/ur_dashboard_msgs/srv/GetLoadedProgram_Request.msg
[1.886s] -- Up-to-date symlink: /root/crs_ws_fanuc/install/ur_dashboard_msgs/share/ur_dashboard_msgs/srv/GetLoadedProgram_Response.msg
[1.886s] -- Up-to-date symlink: /root/crs_ws_fanuc/install/ur_dashboard_msgs/share/ur_dashboard_msgs/srv/GetProgramState.srv
[1.886s] -- Up-to-date symlink: /root/crs_ws_fanuc/install/ur_dashboard_msgs/share/ur_dashboard_msgs/srv/GetProgramState_Request.msg
[1.886s] -- Up-to-date symlink: /root/crs_ws_fanuc/install/ur_dashboard_msgs/share/ur_dashboard_msgs/srv/GetProgramState_Response.msg
[1.886s] -- Up-to-date symlink: /root/crs_ws_fanuc/install/ur_dashboard_msgs/share/ur_dashboard_msgs/srv/GetRobotMode.srv
[1.886s] -- Up-to-date symlink: /root/crs_ws_fanuc/install/ur_dashboard_msgs/share/ur_dashboard_msgs/srv/GetRobotMode_Request.msg
[1.887s] -- Up-to-date symlink: /root/crs_ws_fanuc/install/ur_dashboard_msgs/share/ur_dashboard_msgs/srv/GetRobotMode_Response.msg
[1.887s] -- Up-to-date symlink: /root/crs_ws_fanuc/install/ur_dashboard_msgs/share/ur_dashboard_msgs/srv/GetSafetyMode.srv
[1.887s] -- Up-to-date symlink: /root/crs_ws_fanuc/install/ur_dashboard_msgs/share/ur_dashboard_msgs/srv/GetSafetyMode_Request.msg
[1.887s] -- Up-to-date symlink: /root/crs_ws_fanuc/install/ur_dashboard_msgs/share/ur_dashboard_msgs/srv/GetSafetyMode_Response.msg
[1.887s] -- Up-to-date symlink: /root/crs_ws_fanuc/install/ur_dashboard_msgs/share/ur_dashboard_msgs/srv/IsProgramRunning.srv
[1.887s] -- Up-to-date symlink: /root/crs_ws_fanuc/install/ur_dashboard_msgs/share/ur_dashboard_msgs/srv/IsProgramRunning_Request.msg
[1.887s] -- Up-to-date symlink: /root/crs_ws_fanuc/install/ur_dashboard_msgs/share/ur_dashboard_msgs/srv/IsProgramRunning_Response.msg
[1.887s] -- Up-to-date symlink: /root/crs_ws_fanuc/install/ur_dashboard_msgs/share/ur_dashboard_msgs/srv/IsProgramSaved.srv
[1.888s] -- Up-to-date symlink: /root/crs_ws_fanuc/install/ur_dashboard_msgs/share/ur_dashboard_msgs/srv/IsProgramSaved_Request.msg
[1.888s] -- Up-to-date symlink: /root/crs_ws_fanuc/install/ur_dashboard_msgs/share/ur_dashboard_msgs/srv/IsProgramSaved_Response.msg
[1.888s] -- Up-to-date symlink: /root/crs_ws_fanuc/install/ur_dashboard_msgs/share/ur_dashboard_msgs/srv/Load.srv
[1.888s] -- Up-to-date symlink: /root/crs_ws_fanuc/install/ur_dashboard_msgs/share/ur_dashboard_msgs/srv/Load_Request.msg
[1.889s] -- Up-to-date symlink: /root/crs_ws_fanuc/install/ur_dashboard_msgs/share/ur_dashboard_msgs/srv/Load_Response.msg
[1.889s] -- Up-to-date symlink: /root/crs_ws_fanuc/install/ur_dashboard_msgs/share/ur_dashboard_msgs/srv/Popup.srv
[1.889s] -- Up-to-date symlink: /root/crs_ws_fanuc/install/ur_dashboard_msgs/share/ur_dashboard_msgs/srv/Popup_Request.msg
[1.890s] -- Up-to-date symlink: /root/crs_ws_fanuc/install/ur_dashboard_msgs/share/ur_dashboard_msgs/srv/Popup_Response.msg
[1.890s] -- Up-to-date symlink: /root/crs_ws_fanuc/install/ur_dashboard_msgs/share/ur_dashboard_msgs/srv/RawRequest.srv
[1.890s] -- Up-to-date symlink: /root/crs_ws_fanuc/install/ur_dashboard_msgs/share/ur_dashboard_msgs/srv/RawRequest_Request.msg
[1.890s] -- Up-to-date symlink: /root/crs_ws_fanuc/install/ur_dashboard_msgs/share/ur_dashboard_msgs/srv/RawRequest_Response.msg
[1.890s] -- Up-to-date symlink: /root/crs_ws_fanuc/install/ur_dashboard_msgs/share/ur_dashboard_msgs/action/SetMode.action
[1.891s] -- Up-to-date symlink: /root/crs_ws_fanuc/install/ur_dashboard_msgs/share/ament_index/resource_index/package_run_dependencies/ur_dashboard_msgs
[1.891s] -- Up-to-date symlink: /root/crs_ws_fanuc/install/ur_dashboard_msgs/share/ament_index/resource_index/parent_prefix_path/ur_dashboard_msgs
[1.893s] -- Up-to-date symlink: /root/crs_ws_fanuc/install/ur_dashboard_msgs/share/ur_dashboard_msgs/environment/ament_prefix_path.sh
[1.893s] -- Up-to-date symlink: /root/crs_ws_fanuc/install/ur_dashboard_msgs/share/ur_dashboard_msgs/environment/ament_prefix_path.dsv
[1.893s] -- Up-to-date symlink: /root/crs_ws_fanuc/install/ur_dashboard_msgs/share/ur_dashboard_msgs/environment/path.sh
[1.893s] -- Up-to-date symlink: /root/crs_ws_fanuc/install/ur_dashboard_msgs/share/ur_dashboard_msgs/environment/path.dsv
[1.894s] -- Up-to-date symlink: /root/crs_ws_fanuc/install/ur_dashboard_msgs/share/ur_dashboard_msgs/local_setup.bash
[1.894s] -- Up-to-date symlink: /root/crs_ws_fanuc/install/ur_dashboard_msgs/share/ur_dashboard_msgs/local_setup.sh
[1.894s] -- Up-to-date symlink: /root/crs_ws_fanuc/install/ur_dashboard_msgs/share/ur_dashboard_msgs/local_setup.zsh
[1.896s] -- Up-to-date symlink: /root/crs_ws_fanuc/install/ur_dashboard_msgs/share/ur_dashboard_msgs/local_setup.dsv
[1.897s] -- Symlinking: /root/crs_ws_fanuc/install/ur_dashboard_msgs/share/ur_dashboard_msgs/package.dsv
[1.904s] -- Up-to-date symlink: /root/crs_ws_fanuc/install/ur_dashboard_msgs/share/ament_index/resource_index/packages/ur_dashboard_msgs
[1.908s] -- Up-to-date symlink: /root/crs_ws_fanuc/install/ur_dashboard_msgs/share/ur_dashboard_msgs/cmake/rosidl_cmake-extras.cmake
[1.908s] -- Up-to-date symlink: /root/crs_ws_fanuc/install/ur_dashboard_msgs/share/ur_dashboard_msgs/cmake/ament_cmake_export_dependencies-extras.cmake
[1.908s] -- Up-to-date symlink: /root/crs_ws_fanuc/install/ur_dashboard_msgs/share/ur_dashboard_msgs/cmake/ament_cmake_export_libraries-extras.cmake
[1.909s] -- Up-to-date symlink: /root/crs_ws_fanuc/install/ur_dashboard_msgs/share/ur_dashboard_msgs/cmake/ament_cmake_export_include_directories-extras.cmake
[1.909s] -- Up-to-date symlink: /root/crs_ws_fanuc/install/ur_dashboard_msgs/share/ur_dashboard_msgs/cmake/ur_dashboard_msgsConfig.cmake
[1.909s] -- Up-to-date symlink: /root/crs_ws_fanuc/install/ur_dashboard_msgs/share/ur_dashboard_msgs/cmake/ur_dashboard_msgsConfig-version.cmake
[1.909s] -- Up-to-date symlink: /root/crs_ws_fanuc/install/ur_dashboard_msgs/share/ur_dashboard_msgs/package.xml
[1.961s] Invoked command in '/root/crs_ws_fanuc/build/ur_dashboard_msgs' returned '0': CMAKE_PREFIX_PATH=${CMAKE_PREFIX_PATH}:/opt/ros/eloquent /usr/bin/cmake --build /root/crs_ws_fanuc/build/ur_dashboard_msgs --target install -- -j8 -l8
