-- The C compiler identification is GNU 7.5.0
-- The CXX compiler identification is GNU 7.5.0
-- Check for working C compiler: /usr/bin/cc
-- Check for working C compiler: /usr/bin/cc -- works
-- Detecting C compiler ABI info
-- Detecting C compiler ABI info - done
-- Detecting C compile features
-- Detecting C compile features - done
-- Check for working CXX compiler: /usr/bin/c++
-- Check for working CXX compiler: /usr/bin/c++ -- works
-- Detecting CXX compiler ABI info
-- Detecting CXX compiler ABI info - done
-- Detecting CXX compile features
-- Detecting CXX compile features - done
-- Using CATKIN_DEVEL_PREFIX: /root/crs_ws_fanuc/build/fanuc_r2000ic_moveit_plugins/devel
-- Using CMAKE_PREFIX_PATH: /opt/ros/melodic;/root/crs_ws_fanuc/install/trajopt_tools;/root/crs_ws_fanuc/install/vhacd;/root/crs_ws_fanuc/install/crs_gui;/root/crs_ws_fanuc/install/crs_application;/root/crs_ws_fanuc/install/crs_motion_planning;/root/crs_ws_fanuc/install/ur_ikfast_kinematics;/root/crs_ws_fanuc/install/crs_robot_comms;/root/crs_ws_fanuc/install/ur_dashboard_msgs;/root/crs_ws_fanuc/install/trajopt_sqp;/root/crs_ws_fanuc/install/trajopt_ifopt;/root/crs_ws_fanuc/install/tesseract_monitoring;/root/crs_ws_fanuc/install/tesseract_rosutils;/root/crs_ws_fanuc/install/tesseract_process_planners;/root/crs_ws_fanuc/install/tesseract_motion_planners;/root/crs_ws_fanuc/install/trajopt;/root/crs_ws_fanuc/install/trajopt_sco;/root/crs_ws_fanuc/install/trajopt_utils;/root/crs_ws_fanuc/install/tesseract_visualization;/root/crs_ws_fanuc/install/tesseract;/root/crs_ws_fanuc/install/tesseract_urdf;/root/crs_ws_fanuc/install/tesseract_plugins;/root/crs_ws_fanuc/install/tesseract_environment;/root/crs_ws_fanuc/install/tesseract_collision;/root/crs_ws_fanuc/install/tesseract_support;/root/crs_ws_fanuc/install/tesseract_kinematics;/root/crs_ws_fanuc/install/tesseract_scene_graph;/root/crs_ws_fanuc/install/tesseract_msgs;/root/crs_ws_fanuc/install/tesseract_geometry;/root/crs_ws_fanuc/install/tesseract_common;/root/crs_ws_fanuc/install/rclcpp_scxml_demos;/root/crs_ws_fanuc/install/scxml_core;/root/crs_ws_fanuc/install/region_detection_rclcpp;/root/crs_ws_fanuc/install/region_detection_msgs;/root/crs_ws_fanuc/install/region_detection_core;/root/crs_ws_fanuc/install/osqp_eigen;/root/crs_ws_fanuc/install/osqp;/root/crs_ws_fanuc/install/descartes_opw;/root/crs_ws_fanuc/install/opw_kinematics;/root/crs_ws_fanuc/install/octomap_msgs;/root/crs_ws_fanuc/install/fcl;/root/crs_ws_fanuc/install/libccd;/root/crs_ws_fanuc/install/iterative_spline_parameterization;/root/crs_ws_fanuc/install/ifopt;/root/crs_ws_fanuc/install/gtest;/root/crs_ws_fanuc/install/descartes_samplers;/root/crs_ws_fanuc/install/descartes_ikfast;/root/crs_ws_fanuc/install/descartes_light;/root/crs_ws_fanuc/install/crs_toolpath_gen;/root/crs_ws_fanuc/install/crs_support;/root/crs_ws_fanuc/install/crs_process_data;/root/crs_ws_fanuc/install/crs_perception;/root/crs_ws_fanuc/install/crs_area_selection;/root/crs_ws_fanuc/install/crs_msgs;/root/crs_ws_fanuc/install/crs_gazebo_plugins;/root/crs_ws_fanuc/install/cartesian_trajectory_msgs;/root/crs_ws_fanuc/install/bullet3;/opt/qt513/lib/cmake
-- This workspace overlays: /opt/ros/melodic
-- Override CMake install command with custom implementation using symlinks instead of copying resources
-- Found PythonInterp: /usr/bin/python3 (found suitable version "3.6.9", minimum required is "3") 
-- Using PYTHON_EXECUTABLE: /usr/bin/python3
-- Using Debian Python package layout
-- Using empy: /usr/bin/empy
-- Using CATKIN_ENABLE_TESTING: ON
-- Call enable_testing()
-- Using CATKIN_TEST_RESULTS_DIR: /root/crs_ws_fanuc/build/fanuc_r2000ic_moveit_plugins/test_results
-- Forcing gtest/gmock from source, though one was otherwise available.
-- Found gtest sources under '/usr/src/googletest': gtests will be built
-- Found gmock sources under '/usr/src/googletest': gmock will be built
-- Found PythonInterp: /usr/bin/python3 (found version "3.6.9") 
-- Found Threads: TRUE  
-- Using Python nosetests: /usr/bin/nosetests
-- catkin 0.7.29
-- BUILD_SHARED_LIBS is on
-- Using these message generators: gencpp;geneus;genlisp;gennodejs;genpy
-- Looking for sgemm_
-- Looking for sgemm_ - found
-- A library with BLAS API found.
-- Looking for cheev_
-- Looking for cheev_ - found
-- A library with LAPACK API found.
-- Configuring done
-- Generating done
-- Build files have been written to: /root/crs_ws_fanuc/build/fanuc_r2000ic_moveit_plugins
[35m[1mScanning dependencies of target fanuc_r2000ic_r2000ic_manipulator_moveit_ikfast_plugin[0m
[ 50%] [32mBuilding CXX object CMakeFiles/fanuc_r2000ic_r2000ic_manipulator_moveit_ikfast_plugin.dir/src/fanuc_r2000ic_r2000ic_manipulator_ikfast_moveit_plugin.cpp.o[0m
[100%] [32m[1mLinking CXX shared library devel/lib/libfanuc_r2000ic_r2000ic_manipulator_moveit_ikfast_plugin.so[0m
[100%] Built target fanuc_r2000ic_r2000ic_manipulator_moveit_ikfast_plugin
[35m[1mScanning dependencies of target tests[0m
Built target tests
[100%] Built target fanuc_r2000ic_r2000ic_manipulator_moveit_ikfast_plugin
[36mInstall the project...[0m
-- Install configuration: ""
-- Execute custom install script
-- Up-to-date symlink: /root/crs_ws_fanuc/install/fanuc_r2000ic_moveit_plugins/lib/pkgconfig/fanuc_r2000ic_moveit_plugins.pc
-- Up-to-date symlink: /root/crs_ws_fanuc/install/fanuc_r2000ic_moveit_plugins/share/fanuc_r2000ic_moveit_plugins/cmake/fanuc_r2000ic_moveit_pluginsConfig.cmake
-- Up-to-date symlink: /root/crs_ws_fanuc/install/fanuc_r2000ic_moveit_plugins/share/fanuc_r2000ic_moveit_plugins/cmake/fanuc_r2000ic_moveit_pluginsConfig-version.cmake
-- Up-to-date symlink: /root/crs_ws_fanuc/install/fanuc_r2000ic_moveit_plugins/share/fanuc_r2000ic_moveit_plugins/package.xml
-- Up-to-date symlink: /root/crs_ws_fanuc/install/fanuc_r2000ic_moveit_plugins/lib/libfanuc_r2000ic_r2000ic_manipulator_moveit_ikfast_plugin.so
-- Up-to-date symlink: /root/crs_ws_fanuc/install/fanuc_r2000ic_moveit_plugins/share/fanuc_r2000ic_moveit_plugins/fanuc_r2000ic_r2000ic_manipulator_moveit_ikfast_plugin_description.xml
