Determining if the pthread_create exist failed with the following output:
Change Dir: /root/crs_ws_fanuc/build/region_detection_core/CMakeFiles/CMakeTmp

Run Build Command:"/usr/bin/make" "cmTC_41ed3/fast"
/usr/bin/make -f CMakeFiles/cmTC_41ed3.dir/build.make CMakeFiles/cmTC_41ed3.dir/build
make[1]: Entering directory '/root/crs_ws_fanuc/build/region_detection_core/CMakeFiles/CMakeTmp'
Building CXX object CMakeFiles/cmTC_41ed3.dir/CheckSymbolExists.cxx.o
/usr/bin/c++     -o CMakeFiles/cmTC_41ed3.dir/CheckSymbolExists.cxx.o -c /root/crs_ws_fanuc/build/region_detection_core/CMakeFiles/CMakeTmp/CheckSymbolExists.cxx
Linking CXX executable cmTC_41ed3
/usr/bin/cmake -E cmake_link_script CMakeFiles/cmTC_41ed3.dir/link.txt --verbose=1
/usr/bin/c++       CMakeFiles/cmTC_41ed3.dir/CheckSymbolExists.cxx.o  -o cmTC_41ed3 
CMakeFiles/cmTC_41ed3.dir/CheckSymbolExists.cxx.o: In function `main':
CheckSymbolExists.cxx:(.text+0x1b): undefined reference to `pthread_create'
collect2: error: ld returned 1 exit status
CMakeFiles/cmTC_41ed3.dir/build.make:97: recipe for target 'cmTC_41ed3' failed
make[1]: *** [cmTC_41ed3] Error 1
make[1]: Leaving directory '/root/crs_ws_fanuc/build/region_detection_core/CMakeFiles/CMakeTmp'
Makefile:126: recipe for target 'cmTC_41ed3/fast' failed
make: *** [cmTC_41ed3/fast] Error 2

File /root/crs_ws_fanuc/build/region_detection_core/CMakeFiles/CMakeTmp/CheckSymbolExists.cxx:
/* */
#include <pthread.h>

int main(int argc, char** argv)
{
  (void)argv;
#ifndef pthread_create
  return ((int*)(&pthread_create))[argc];
#else
  (void)argc;
  return 0;
#endif
}

Determining if the function pthread_create exists in the pthreads failed with the following output:
Change Dir: /root/crs_ws_fanuc/build/region_detection_core/CMakeFiles/CMakeTmp

Run Build Command:"/usr/bin/make" "cmTC_0fb1b/fast"
/usr/bin/make -f CMakeFiles/cmTC_0fb1b.dir/build.make CMakeFiles/cmTC_0fb1b.dir/build
make[1]: Entering directory '/root/crs_ws_fanuc/build/region_detection_core/CMakeFiles/CMakeTmp'
Building CXX object CMakeFiles/cmTC_0fb1b.dir/CheckFunctionExists.cxx.o
/usr/bin/c++    -DCHECK_FUNCTION_EXISTS=pthread_create   -o CMakeFiles/cmTC_0fb1b.dir/CheckFunctionExists.cxx.o -c /root/crs_ws_fanuc/build/region_detection_core/CMakeFiles/CheckLibraryExists/CheckFunctionExists.cxx
Linking CXX executable cmTC_0fb1b
/usr/bin/cmake -E cmake_link_script CMakeFiles/cmTC_0fb1b.dir/link.txt --verbose=1
/usr/bin/c++   -DCHECK_FUNCTION_EXISTS=pthread_create    CMakeFiles/cmTC_0fb1b.dir/CheckFunctionExists.cxx.o  -o cmTC_0fb1b -lpthreads 
/usr/bin/ld: cannot find -lpthreads
collect2: error: ld returned 1 exit status
CMakeFiles/cmTC_0fb1b.dir/build.make:97: recipe for target 'cmTC_0fb1b' failed
make[1]: *** [cmTC_0fb1b] Error 1
make[1]: Leaving directory '/root/crs_ws_fanuc/build/region_detection_core/CMakeFiles/CMakeTmp'
Makefile:126: recipe for target 'cmTC_0fb1b/fast' failed
make: *** [cmTC_0fb1b/fast] Error 2


