Determining if the pthread_create exist failed with the following output:
Change Dir: /root/crs_ws_fanuc/build/vhacd/CMakeFiles/CMakeTmp

Run Build Command:"/usr/bin/make" "cmTC_76213/fast"
/usr/bin/make -f CMakeFiles/cmTC_76213.dir/build.make CMakeFiles/cmTC_76213.dir/build
make[1]: Entering directory '/root/crs_ws_fanuc/build/vhacd/CMakeFiles/CMakeTmp'
Building CXX object CMakeFiles/cmTC_76213.dir/CheckSymbolExists.cxx.o
/usr/bin/c++     -o CMakeFiles/cmTC_76213.dir/CheckSymbolExists.cxx.o -c /root/crs_ws_fanuc/build/vhacd/CMakeFiles/CMakeTmp/CheckSymbolExists.cxx
Linking CXX executable cmTC_76213
/usr/bin/cmake -E cmake_link_script CMakeFiles/cmTC_76213.dir/link.txt --verbose=1
/usr/bin/c++       CMakeFiles/cmTC_76213.dir/CheckSymbolExists.cxx.o  -o cmTC_76213 
CMakeFiles/cmTC_76213.dir/CheckSymbolExists.cxx.o: In function `main':
CheckSymbolExists.cxx:(.text+0x1b): undefined reference to `pthread_create'
collect2: error: ld returned 1 exit status
CMakeFiles/cmTC_76213.dir/build.make:97: recipe for target 'cmTC_76213' failed
make[1]: *** [cmTC_76213] Error 1
make[1]: Leaving directory '/root/crs_ws_fanuc/build/vhacd/CMakeFiles/CMakeTmp'
Makefile:126: recipe for target 'cmTC_76213/fast' failed
make: *** [cmTC_76213/fast] Error 2

File /root/crs_ws_fanuc/build/vhacd/CMakeFiles/CMakeTmp/CheckSymbolExists.cxx:
/* */
#include <pthread.h>

int main(int argc, char** argv)
{
  (void)argv;
#ifndef pthread_create
  return ((int*)(&pthread_create))[argc];
#else
  (void)argc;
  return 0;
#endif
}

Determining if the function pthread_create exists in the pthreads failed with the following output:
Change Dir: /root/crs_ws_fanuc/build/vhacd/CMakeFiles/CMakeTmp

Run Build Command:"/usr/bin/make" "cmTC_c8994/fast"
/usr/bin/make -f CMakeFiles/cmTC_c8994.dir/build.make CMakeFiles/cmTC_c8994.dir/build
make[1]: Entering directory '/root/crs_ws_fanuc/build/vhacd/CMakeFiles/CMakeTmp'
Building CXX object CMakeFiles/cmTC_c8994.dir/CheckFunctionExists.cxx.o
/usr/bin/c++    -DCHECK_FUNCTION_EXISTS=pthread_create   -o CMakeFiles/cmTC_c8994.dir/CheckFunctionExists.cxx.o -c /root/crs_ws_fanuc/build/vhacd/CMakeFiles/CheckLibraryExists/CheckFunctionExists.cxx
Linking CXX executable cmTC_c8994
/usr/bin/cmake -E cmake_link_script CMakeFiles/cmTC_c8994.dir/link.txt --verbose=1
/usr/bin/c++   -DCHECK_FUNCTION_EXISTS=pthread_create    CMakeFiles/cmTC_c8994.dir/CheckFunctionExists.cxx.o  -o cmTC_c8994 -lpthreads 
/usr/bin/ld: cannot find -lpthreads
collect2: error: ld returned 1 exit status
CMakeFiles/cmTC_c8994.dir/build.make:97: recipe for target 'cmTC_c8994' failed
make[1]: *** [cmTC_c8994] Error 1
make[1]: Leaving directory '/root/crs_ws_fanuc/build/vhacd/CMakeFiles/CMakeTmp'
Makefile:126: recipe for target 'cmTC_c8994/fast' failed
make: *** [cmTC_c8994/fast] Error 2


Determining if the CL_VERSION_2_2 exist failed with the following output:
Change Dir: /root/crs_ws_fanuc/build/vhacd/CMakeFiles/CMakeTmp

Run Build Command:"/usr/bin/make" "cmTC_7dc27/fast"
/usr/bin/make -f CMakeFiles/cmTC_7dc27.dir/build.make CMakeFiles/cmTC_7dc27.dir/build
make[1]: Entering directory '/root/crs_ws_fanuc/build/vhacd/CMakeFiles/CMakeTmp'
Building CXX object CMakeFiles/cmTC_7dc27.dir/CheckSymbolExists.cxx.o
/usr/bin/c++     -o CMakeFiles/cmTC_7dc27.dir/CheckSymbolExists.cxx.o -c /root/crs_ws_fanuc/build/vhacd/CMakeFiles/CMakeTmp/CheckSymbolExists.cxx
/root/crs_ws_fanuc/build/vhacd/CMakeFiles/CMakeTmp/CheckSymbolExists.cxx:2:10: fatal error: OpenCL_INCLUDE_DIR-NOTFOUND/CL/cl.h: No such file or directory
 #include <OpenCL_INCLUDE_DIR-NOTFOUND/CL/cl.h>
          ^~~~~~~~~~~~~~~~~~~~~~~~~~~~~~~~~~~~~
compilation terminated.
CMakeFiles/cmTC_7dc27.dir/build.make:65: recipe for target 'CMakeFiles/cmTC_7dc27.dir/CheckSymbolExists.cxx.o' failed
make[1]: *** [CMakeFiles/cmTC_7dc27.dir/CheckSymbolExists.cxx.o] Error 1
make[1]: Leaving directory '/root/crs_ws_fanuc/build/vhacd/CMakeFiles/CMakeTmp'
Makefile:126: recipe for target 'cmTC_7dc27/fast' failed
make: *** [cmTC_7dc27/fast] Error 2

File /root/crs_ws_fanuc/build/vhacd/CMakeFiles/CMakeTmp/CheckSymbolExists.cxx:
/* */
#include <OpenCL_INCLUDE_DIR-NOTFOUND/CL/cl.h>

int main(int argc, char** argv)
{
  (void)argv;
#ifndef CL_VERSION_2_2
  return ((int*)(&CL_VERSION_2_2))[argc];
#else
  (void)argc;
  return 0;
#endif
}

Determining if the CL_VERSION_2_1 exist failed with the following output:
Change Dir: /root/crs_ws_fanuc/build/vhacd/CMakeFiles/CMakeTmp

Run Build Command:"/usr/bin/make" "cmTC_a5062/fast"
/usr/bin/make -f CMakeFiles/cmTC_a5062.dir/build.make CMakeFiles/cmTC_a5062.dir/build
make[1]: Entering directory '/root/crs_ws_fanuc/build/vhacd/CMakeFiles/CMakeTmp'
Building CXX object CMakeFiles/cmTC_a5062.dir/CheckSymbolExists.cxx.o
/usr/bin/c++     -o CMakeFiles/cmTC_a5062.dir/CheckSymbolExists.cxx.o -c /root/crs_ws_fanuc/build/vhacd/CMakeFiles/CMakeTmp/CheckSymbolExists.cxx
/root/crs_ws_fanuc/build/vhacd/CMakeFiles/CMakeTmp/CheckSymbolExists.cxx:2:10: fatal error: OpenCL_INCLUDE_DIR-NOTFOUND/CL/cl.h: No such file or directory
 #include <OpenCL_INCLUDE_DIR-NOTFOUND/CL/cl.h>
          ^~~~~~~~~~~~~~~~~~~~~~~~~~~~~~~~~~~~~
compilation terminated.
CMakeFiles/cmTC_a5062.dir/build.make:65: recipe for target 'CMakeFiles/cmTC_a5062.dir/CheckSymbolExists.cxx.o' failed
make[1]: *** [CMakeFiles/cmTC_a5062.dir/CheckSymbolExists.cxx.o] Error 1
make[1]: Leaving directory '/root/crs_ws_fanuc/build/vhacd/CMakeFiles/CMakeTmp'
Makefile:126: recipe for target 'cmTC_a5062/fast' failed
make: *** [cmTC_a5062/fast] Error 2

File /root/crs_ws_fanuc/build/vhacd/CMakeFiles/CMakeTmp/CheckSymbolExists.cxx:
/* */
#include <OpenCL_INCLUDE_DIR-NOTFOUND/CL/cl.h>

int main(int argc, char** argv)
{
  (void)argv;
#ifndef CL_VERSION_2_1
  return ((int*)(&CL_VERSION_2_1))[argc];
#else
  (void)argc;
  return 0;
#endif
}

Determining if the CL_VERSION_2_0 exist failed with the following output:
Change Dir: /root/crs_ws_fanuc/build/vhacd/CMakeFiles/CMakeTmp

Run Build Command:"/usr/bin/make" "cmTC_a3792/fast"
/usr/bin/make -f CMakeFiles/cmTC_a3792.dir/build.make CMakeFiles/cmTC_a3792.dir/build
make[1]: Entering directory '/root/crs_ws_fanuc/build/vhacd/CMakeFiles/CMakeTmp'
Building CXX object CMakeFiles/cmTC_a3792.dir/CheckSymbolExists.cxx.o
/usr/bin/c++     -o CMakeFiles/cmTC_a3792.dir/CheckSymbolExists.cxx.o -c /root/crs_ws_fanuc/build/vhacd/CMakeFiles/CMakeTmp/CheckSymbolExists.cxx
/root/crs_ws_fanuc/build/vhacd/CMakeFiles/CMakeTmp/CheckSymbolExists.cxx:2:10: fatal error: OpenCL_INCLUDE_DIR-NOTFOUND/CL/cl.h: No such file or directory
 #include <OpenCL_INCLUDE_DIR-NOTFOUND/CL/cl.h>
          ^~~~~~~~~~~~~~~~~~~~~~~~~~~~~~~~~~~~~
compilation terminated.
CMakeFiles/cmTC_a3792.dir/build.make:65: recipe for target 'CMakeFiles/cmTC_a3792.dir/CheckSymbolExists.cxx.o' failed
make[1]: *** [CMakeFiles/cmTC_a3792.dir/CheckSymbolExists.cxx.o] Error 1
make[1]: Leaving directory '/root/crs_ws_fanuc/build/vhacd/CMakeFiles/CMakeTmp'
Makefile:126: recipe for target 'cmTC_a3792/fast' failed
make: *** [cmTC_a3792/fast] Error 2

File /root/crs_ws_fanuc/build/vhacd/CMakeFiles/CMakeTmp/CheckSymbolExists.cxx:
/* */
#include <OpenCL_INCLUDE_DIR-NOTFOUND/CL/cl.h>

int main(int argc, char** argv)
{
  (void)argv;
#ifndef CL_VERSION_2_0
  return ((int*)(&CL_VERSION_2_0))[argc];
#else
  (void)argc;
  return 0;
#endif
}

Determining if the CL_VERSION_1_2 exist failed with the following output:
Change Dir: /root/crs_ws_fanuc/build/vhacd/CMakeFiles/CMakeTmp

Run Build Command:"/usr/bin/make" "cmTC_9cde8/fast"
/usr/bin/make -f CMakeFiles/cmTC_9cde8.dir/build.make CMakeFiles/cmTC_9cde8.dir/build
make[1]: Entering directory '/root/crs_ws_fanuc/build/vhacd/CMakeFiles/CMakeTmp'
Building CXX object CMakeFiles/cmTC_9cde8.dir/CheckSymbolExists.cxx.o
/usr/bin/c++     -o CMakeFiles/cmTC_9cde8.dir/CheckSymbolExists.cxx.o -c /root/crs_ws_fanuc/build/vhacd/CMakeFiles/CMakeTmp/CheckSymbolExists.cxx
/root/crs_ws_fanuc/build/vhacd/CMakeFiles/CMakeTmp/CheckSymbolExists.cxx:2:10: fatal error: OpenCL_INCLUDE_DIR-NOTFOUND/CL/cl.h: No such file or directory
 #include <OpenCL_INCLUDE_DIR-NOTFOUND/CL/cl.h>
          ^~~~~~~~~~~~~~~~~~~~~~~~~~~~~~~~~~~~~
compilation terminated.
CMakeFiles/cmTC_9cde8.dir/build.make:65: recipe for target 'CMakeFiles/cmTC_9cde8.dir/CheckSymbolExists.cxx.o' failed
make[1]: *** [CMakeFiles/cmTC_9cde8.dir/CheckSymbolExists.cxx.o] Error 1
make[1]: Leaving directory '/root/crs_ws_fanuc/build/vhacd/CMakeFiles/CMakeTmp'
Makefile:126: recipe for target 'cmTC_9cde8/fast' failed
make: *** [cmTC_9cde8/fast] Error 2

File /root/crs_ws_fanuc/build/vhacd/CMakeFiles/CMakeTmp/CheckSymbolExists.cxx:
/* */
#include <OpenCL_INCLUDE_DIR-NOTFOUND/CL/cl.h>

int main(int argc, char** argv)
{
  (void)argv;
#ifndef CL_VERSION_1_2
  return ((int*)(&CL_VERSION_1_2))[argc];
#else
  (void)argc;
  return 0;
#endif
}

Determining if the CL_VERSION_1_1 exist failed with the following output:
Change Dir: /root/crs_ws_fanuc/build/vhacd/CMakeFiles/CMakeTmp

Run Build Command:"/usr/bin/make" "cmTC_671d0/fast"
/usr/bin/make -f CMakeFiles/cmTC_671d0.dir/build.make CMakeFiles/cmTC_671d0.dir/build
make[1]: Entering directory '/root/crs_ws_fanuc/build/vhacd/CMakeFiles/CMakeTmp'
Building CXX object CMakeFiles/cmTC_671d0.dir/CheckSymbolExists.cxx.o
/usr/bin/c++     -o CMakeFiles/cmTC_671d0.dir/CheckSymbolExists.cxx.o -c /root/crs_ws_fanuc/build/vhacd/CMakeFiles/CMakeTmp/CheckSymbolExists.cxx
/root/crs_ws_fanuc/build/vhacd/CMakeFiles/CMakeTmp/CheckSymbolExists.cxx:2:10: fatal error: OpenCL_INCLUDE_DIR-NOTFOUND/CL/cl.h: No such file or directory
 #include <OpenCL_INCLUDE_DIR-NOTFOUND/CL/cl.h>
          ^~~~~~~~~~~~~~~~~~~~~~~~~~~~~~~~~~~~~
compilation terminated.
CMakeFiles/cmTC_671d0.dir/build.make:65: recipe for target 'CMakeFiles/cmTC_671d0.dir/CheckSymbolExists.cxx.o' failed
make[1]: *** [CMakeFiles/cmTC_671d0.dir/CheckSymbolExists.cxx.o] Error 1
make[1]: Leaving directory '/root/crs_ws_fanuc/build/vhacd/CMakeFiles/CMakeTmp'
Makefile:126: recipe for target 'cmTC_671d0/fast' failed
make: *** [cmTC_671d0/fast] Error 2

File /root/crs_ws_fanuc/build/vhacd/CMakeFiles/CMakeTmp/CheckSymbolExists.cxx:
/* */
#include <OpenCL_INCLUDE_DIR-NOTFOUND/CL/cl.h>

int main(int argc, char** argv)
{
  (void)argv;
#ifndef CL_VERSION_1_1
  return ((int*)(&CL_VERSION_1_1))[argc];
#else
  (void)argc;
  return 0;
#endif
}

Determining if the CL_VERSION_1_0 exist failed with the following output:
Change Dir: /root/crs_ws_fanuc/build/vhacd/CMakeFiles/CMakeTmp

Run Build Command:"/usr/bin/make" "cmTC_be4a5/fast"
/usr/bin/make -f CMakeFiles/cmTC_be4a5.dir/build.make CMakeFiles/cmTC_be4a5.dir/build
make[1]: Entering directory '/root/crs_ws_fanuc/build/vhacd/CMakeFiles/CMakeTmp'
Building CXX object CMakeFiles/cmTC_be4a5.dir/CheckSymbolExists.cxx.o
/usr/bin/c++     -o CMakeFiles/cmTC_be4a5.dir/CheckSymbolExists.cxx.o -c /root/crs_ws_fanuc/build/vhacd/CMakeFiles/CMakeTmp/CheckSymbolExists.cxx
/root/crs_ws_fanuc/build/vhacd/CMakeFiles/CMakeTmp/CheckSymbolExists.cxx:2:10: fatal error: OpenCL_INCLUDE_DIR-NOTFOUND/CL/cl.h: No such file or directory
 #include <OpenCL_INCLUDE_DIR-NOTFOUND/CL/cl.h>
          ^~~~~~~~~~~~~~~~~~~~~~~~~~~~~~~~~~~~~
compilation terminated.
CMakeFiles/cmTC_be4a5.dir/build.make:65: recipe for target 'CMakeFiles/cmTC_be4a5.dir/CheckSymbolExists.cxx.o' failed
make[1]: *** [CMakeFiles/cmTC_be4a5.dir/CheckSymbolExists.cxx.o] Error 1
make[1]: Leaving directory '/root/crs_ws_fanuc/build/vhacd/CMakeFiles/CMakeTmp'
Makefile:126: recipe for target 'cmTC_be4a5/fast' failed
make: *** [cmTC_be4a5/fast] Error 2

File /root/crs_ws_fanuc/build/vhacd/CMakeFiles/CMakeTmp/CheckSymbolExists.cxx:
/* */
#include <OpenCL_INCLUDE_DIR-NOTFOUND/CL/cl.h>

int main(int argc, char** argv)
{
  (void)argv;
#ifndef CL_VERSION_1_0
  return ((int*)(&CL_VERSION_1_0))[argc];
#else
  (void)argc;
  return 0;
#endif
}

