-- Using CATKIN_DEVEL_PREFIX: /root/crs_ws_fanuc/build/fanuc_r2000ic_support/devel
-- Using CMAKE_PREFIX_PATH: /opt/ros/melodic;/root/crs_ws_fanuc/install/trajopt_tools;/root/crs_ws_fanuc/install/vhacd;/root/crs_ws_fanuc/install/crs_gui;/root/crs_ws_fanuc/install/crs_application;/root/crs_ws_fanuc/install/crs_motion_planning;/root/crs_ws_fanuc/install/ur_ikfast_kinematics;/root/crs_ws_fanuc/install/crs_robot_comms;/root/crs_ws_fanuc/install/ur_dashboard_msgs;/root/crs_ws_fanuc/install/trajopt_sqp;/root/crs_ws_fanuc/install/trajopt_ifopt;/root/crs_ws_fanuc/install/tesseract_monitoring;/root/crs_ws_fanuc/install/tesseract_rosutils;/root/crs_ws_fanuc/install/tesseract_process_planners;/root/crs_ws_fanuc/install/tesseract_motion_planners;/root/crs_ws_fanuc/install/trajopt;/root/crs_ws_fanuc/install/trajopt_sco;/root/crs_ws_fanuc/install/trajopt_utils;/root/crs_ws_fanuc/install/tesseract_visualization;/root/crs_ws_fanuc/install/tesseract;/root/crs_ws_fanuc/install/tesseract_urdf;/root/crs_ws_fanuc/install/tesseract_plugins;/root/crs_ws_fanuc/install/tesseract_environment;/root/crs_ws_fanuc/install/tesseract_collision;/root/crs_ws_fanuc/install/tesseract_support;/root/crs_ws_fanuc/install/tesseract_kinematics;/root/crs_ws_fanuc/install/tesseract_scene_graph;/root/crs_ws_fanuc/install/tesseract_msgs;/root/crs_ws_fanuc/install/tesseract_geometry;/root/crs_ws_fanuc/install/tesseract_common;/root/crs_ws_fanuc/install/rclcpp_scxml_demos;/root/crs_ws_fanuc/install/scxml_core;/root/crs_ws_fanuc/install/region_detection_rclcpp;/root/crs_ws_fanuc/install/region_detection_msgs;/root/crs_ws_fanuc/install/region_detection_core;/root/crs_ws_fanuc/install/osqp_eigen;/root/crs_ws_fanuc/install/osqp;/root/crs_ws_fanuc/install/descartes_opw;/root/crs_ws_fanuc/install/opw_kinematics;/root/crs_ws_fanuc/install/octomap_msgs;/root/crs_ws_fanuc/install/fcl;/root/crs_ws_fanuc/install/libccd;/root/crs_ws_fanuc/install/iterative_spline_parameterization;/root/crs_ws_fanuc/install/ifopt;/root/crs_ws_fanuc/install/gtest;/root/crs_ws_fanuc/install/descartes_samplers;/root/crs_ws_fanuc/install/descartes_ikfast;/root/crs_ws_fanuc/install/descartes_light;/root/crs_ws_fanuc/install/crs_toolpath_gen;/root/crs_ws_fanuc/install/crs_support;/root/crs_ws_fanuc/install/crs_process_data;/root/crs_ws_fanuc/install/crs_perception;/root/crs_ws_fanuc/install/crs_area_selection;/root/crs_ws_fanuc/install/crs_msgs;/root/crs_ws_fanuc/install/crs_gazebo_plugins;/root/crs_ws_fanuc/install/cartesian_trajectory_msgs;/root/crs_ws_fanuc/install/bullet3;/opt/qt513/lib/cmake
-- This workspace overlays: /opt/ros/melodic
-- Override CMake install command with custom implementation using symlinks instead of copying resources
-- Found PythonInterp: /usr/bin/python3 (found suitable version "3.6.9", minimum required is "3") 
-- Using PYTHON_EXECUTABLE: /usr/bin/python3
-- Using Debian Python package layout
-- Using empy: /usr/bin/empy
-- Using CATKIN_ENABLE_TESTING: ON
-- Call enable_testing()
-- Using CATKIN_TEST_RESULTS_DIR: /root/crs_ws_fanuc/build/fanuc_r2000ic_support/test_results
-- Forcing gtest/gmock from source, though one was otherwise available.
-- Found gtest sources under '/usr/src/googletest': gtests will be built
-- Found gmock sources under '/usr/src/googletest': gmock will be built
-- Found PythonInterp: /usr/bin/python3 (found version "3.6.9") 
-- Found Threads: TRUE  
-- Using Python nosetests: /usr/bin/nosetests
-- catkin 0.7.29
-- BUILD_SHARED_LIBS is on
-- Configuring done
-- Generating done
-- Build files have been written to: /root/crs_ws_fanuc/build/fanuc_r2000ic_support
[35m[1mScanning dependencies of target tests[0m
Built target tests
[36mInstall the project...[0m
-- Install configuration: ""
-- Execute custom install script
-- Up-to-date symlink: /root/crs_ws_fanuc/install/fanuc_r2000ic_support/lib/pkgconfig/fanuc_r2000ic_support.pc
-- Up-to-date symlink: /root/crs_ws_fanuc/install/fanuc_r2000ic_support/share/fanuc_r2000ic_support/cmake/fanuc_r2000ic_supportConfig.cmake
-- Up-to-date symlink: /root/crs_ws_fanuc/install/fanuc_r2000ic_support/share/fanuc_r2000ic_support/cmake/fanuc_r2000ic_supportConfig-version.cmake
-- Up-to-date symlink: /root/crs_ws_fanuc/install/fanuc_r2000ic_support/share/fanuc_r2000ic_support/package.xml
-- Up-to-date symlink: /root/crs_ws_fanuc/install/fanuc_r2000ic_support/share/fanuc_r2000ic_support/config/joint_names_r2000ic125l.yaml
-- Up-to-date symlink: /root/crs_ws_fanuc/install/fanuc_r2000ic_support/share/fanuc_r2000ic_support/config/joint_names_r2000ic165f.yaml
-- Up-to-date symlink: /root/crs_ws_fanuc/install/fanuc_r2000ic_support/share/fanuc_r2000ic_support/launch/load_r2000ic125l.launch
-- Up-to-date symlink: /root/crs_ws_fanuc/install/fanuc_r2000ic_support/share/fanuc_r2000ic_support/launch/load_r2000ic165f.launch
-- Up-to-date symlink: /root/crs_ws_fanuc/install/fanuc_r2000ic_support/share/fanuc_r2000ic_support/launch/robot_interface_streaming_r2000ic125l.launch
-- Up-to-date symlink: /root/crs_ws_fanuc/install/fanuc_r2000ic_support/share/fanuc_r2000ic_support/launch/robot_interface_streaming_r2000ic165f.launch
-- Up-to-date symlink: /root/crs_ws_fanuc/install/fanuc_r2000ic_support/share/fanuc_r2000ic_support/launch/robot_state_visualize_r2000ic125l.launch
-- Up-to-date symlink: /root/crs_ws_fanuc/install/fanuc_r2000ic_support/share/fanuc_r2000ic_support/launch/robot_state_visualize_r2000ic165f.launch
-- Up-to-date symlink: /root/crs_ws_fanuc/install/fanuc_r2000ic_support/share/fanuc_r2000ic_support/launch/test_r2000ic125l.launch
-- Up-to-date symlink: /root/crs_ws_fanuc/install/fanuc_r2000ic_support/share/fanuc_r2000ic_support/launch/test_r2000ic165f.launch
-- Up-to-date symlink: /root/crs_ws_fanuc/install/fanuc_r2000ic_support/share/fanuc_r2000ic_support/meshes/r2000ic165f/collision/base_link.stl
-- Up-to-date symlink: /root/crs_ws_fanuc/install/fanuc_r2000ic_support/share/fanuc_r2000ic_support/meshes/r2000ic165f/collision/link_1.stl
-- Up-to-date symlink: /root/crs_ws_fanuc/install/fanuc_r2000ic_support/share/fanuc_r2000ic_support/meshes/r2000ic165f/collision/link_2.stl
-- Up-to-date symlink: /root/crs_ws_fanuc/install/fanuc_r2000ic_support/share/fanuc_r2000ic_support/meshes/r2000ic165f/collision/link_3.stl
-- Up-to-date symlink: /root/crs_ws_fanuc/install/fanuc_r2000ic_support/share/fanuc_r2000ic_support/meshes/r2000ic165f/collision/link_4.stl
-- Up-to-date symlink: /root/crs_ws_fanuc/install/fanuc_r2000ic_support/share/fanuc_r2000ic_support/meshes/r2000ic165f/collision/link_5.stl
-- Up-to-date symlink: /root/crs_ws_fanuc/install/fanuc_r2000ic_support/share/fanuc_r2000ic_support/meshes/r2000ic165f/collision/link_6.stl
-- Up-to-date symlink: /root/crs_ws_fanuc/install/fanuc_r2000ic_support/share/fanuc_r2000ic_support/meshes/r2000ic165f/visual/base_link.stl
-- Up-to-date symlink: /root/crs_ws_fanuc/install/fanuc_r2000ic_support/share/fanuc_r2000ic_support/meshes/r2000ic165f/visual/link_1.stl
-- Up-to-date symlink: /root/crs_ws_fanuc/install/fanuc_r2000ic_support/share/fanuc_r2000ic_support/meshes/r2000ic165f/visual/link_2.stl
-- Up-to-date symlink: /root/crs_ws_fanuc/install/fanuc_r2000ic_support/share/fanuc_r2000ic_support/meshes/r2000ic165f/visual/link_3.stl
-- Up-to-date symlink: /root/crs_ws_fanuc/install/fanuc_r2000ic_support/share/fanuc_r2000ic_support/meshes/r2000ic165f/visual/link_4.stl
-- Up-to-date symlink: /root/crs_ws_fanuc/install/fanuc_r2000ic_support/share/fanuc_r2000ic_support/meshes/r2000ic165f/visual/link_5.stl
-- Up-to-date symlink: /root/crs_ws_fanuc/install/fanuc_r2000ic_support/share/fanuc_r2000ic_support/meshes/r2000ic165f/visual/link_6.stl
-- Up-to-date symlink: /root/crs_ws_fanuc/install/fanuc_r2000ic_support/share/fanuc_r2000ic_support/urdf/frames.gv
-- Up-to-date symlink: /root/crs_ws_fanuc/install/fanuc_r2000ic_support/share/fanuc_r2000ic_support/urdf/frames.pdf
-- Up-to-date symlink: /root/crs_ws_fanuc/install/fanuc_r2000ic_support/share/fanuc_r2000ic_support/urdf/r2000ic125l.xacro
-- Up-to-date symlink: /root/crs_ws_fanuc/install/fanuc_r2000ic_support/share/fanuc_r2000ic_support/urdf/r2000ic125l_macro.xacro
-- Up-to-date symlink: /root/crs_ws_fanuc/install/fanuc_r2000ic_support/share/fanuc_r2000ic_support/urdf/r2000ic165f.dae
-- Up-to-date symlink: /root/crs_ws_fanuc/install/fanuc_r2000ic_support/share/fanuc_r2000ic_support/urdf/r2000ic165f.urdf
-- Up-to-date symlink: /root/crs_ws_fanuc/install/fanuc_r2000ic_support/share/fanuc_r2000ic_support/urdf/r2000ic165f.xacro
-- Up-to-date symlink: /root/crs_ws_fanuc/install/fanuc_r2000ic_support/share/fanuc_r2000ic_support/urdf/r2000ic165f_macro.xacro
