[0.082s] Invoking command in '/root/crs_ws_fanuc/build/fanuc_r2000ic_support': /usr/bin/cmake /root/crs_ws_fanuc/src/collaborative-robotic-sanding/fanuc_r2000ic_support -DCATKIN_INSTALL_INTO_PREFIX_ROOT=0 -DCATKIN_SYMLINK_INSTALL=ON -DCMAKE_INSTALL_PREFIX=/root/crs_ws_fanuc/install/fanuc_r2000ic_support
[0.118s] -- Using CATKIN_DEVEL_PREFIX: /root/crs_ws_fanuc/build/fanuc_r2000ic_support/devel
[0.119s] -- Using CMAKE_PREFIX_PATH: /opt/ros/melodic;/root/crs_ws_fanuc/install/trajopt_tools;/root/crs_ws_fanuc/install/vhacd;/root/crs_ws_fanuc/install/crs_gui;/root/crs_ws_fanuc/install/crs_application;/root/crs_ws_fanuc/install/crs_motion_planning;/root/crs_ws_fanuc/install/ur_ikfast_kinematics;/root/crs_ws_fanuc/install/crs_robot_comms;/root/crs_ws_fanuc/install/ur_dashboard_msgs;/root/crs_ws_fanuc/install/trajopt_sqp;/root/crs_ws_fanuc/install/trajopt_ifopt;/root/crs_ws_fanuc/install/tesseract_monitoring;/root/crs_ws_fanuc/install/tesseract_rosutils;/root/crs_ws_fanuc/install/tesseract_process_planners;/root/crs_ws_fanuc/install/tesseract_motion_planners;/root/crs_ws_fanuc/install/trajopt;/root/crs_ws_fanuc/install/trajopt_sco;/root/crs_ws_fanuc/install/trajopt_utils;/root/crs_ws_fanuc/install/tesseract_visualization;/root/crs_ws_fanuc/install/tesseract;/root/crs_ws_fanuc/install/tesseract_urdf;/root/crs_ws_fanuc/install/tesseract_plugins;/root/crs_ws_fanuc/install/tesseract_environment;/root/crs_ws_fanuc/install/tesseract_collision;/root/crs_ws_fanuc/install/tesseract_support;/root/crs_ws_fanuc/install/tesseract_kinematics;/root/crs_ws_fanuc/install/tesseract_scene_graph;/root/crs_ws_fanuc/install/tesseract_msgs;/root/crs_ws_fanuc/install/tesseract_geometry;/root/crs_ws_fanuc/install/tesseract_common;/root/crs_ws_fanuc/install/rclcpp_scxml_demos;/root/crs_ws_fanuc/install/scxml_core;/root/crs_ws_fanuc/install/region_detection_rclcpp;/root/crs_ws_fanuc/install/region_detection_msgs;/root/crs_ws_fanuc/install/region_detection_core;/root/crs_ws_fanuc/install/osqp_eigen;/root/crs_ws_fanuc/install/osqp;/root/crs_ws_fanuc/install/descartes_opw;/root/crs_ws_fanuc/install/opw_kinematics;/root/crs_ws_fanuc/install/octomap_msgs;/root/crs_ws_fanuc/install/fcl;/root/crs_ws_fanuc/install/libccd;/root/crs_ws_fanuc/install/iterative_spline_parameterization;/root/crs_ws_fanuc/install/ifopt;/root/crs_ws_fanuc/install/gtest;/root/crs_ws_fanuc/install/descartes_samplers;/root/crs_ws_fanuc/install/descartes_ikfast;/root/crs_ws_fanuc/install/descartes_light;/root/crs_ws_fanuc/install/crs_toolpath_gen;/root/crs_ws_fanuc/install/crs_support;/root/crs_ws_fanuc/install/crs_process_data;/root/crs_ws_fanuc/install/crs_perception;/root/crs_ws_fanuc/install/crs_area_selection;/root/crs_ws_fanuc/install/crs_msgs;/root/crs_ws_fanuc/install/crs_gazebo_plugins;/root/crs_ws_fanuc/install/cartesian_trajectory_msgs;/root/crs_ws_fanuc/install/bullet3;/opt/qt513/lib/cmake
[0.119s] -- This workspace overlays: /opt/ros/melodic
[0.119s] -- Override CMake install command with custom implementation using symlinks instead of copying resources
[0.181s] -- Found PythonInterp: /usr/bin/python3 (found suitable version "3.6.9", minimum required is "3") 
[0.181s] -- Using PYTHON_EXECUTABLE: /usr/bin/python3
[0.181s] -- Using Debian Python package layout
[0.181s] -- Using empy: /usr/bin/empy
[0.617s] -- Using CATKIN_ENABLE_TESTING: ON
[0.618s] -- Call enable_testing()
[0.639s] -- Using CATKIN_TEST_RESULTS_DIR: /root/crs_ws_fanuc/build/fanuc_r2000ic_support/test_results
[2.972s] -- Forcing gtest/gmock from source, though one was otherwise available.
[2.972s] -- Found gtest sources under '/usr/src/googletest': gtests will be built
[2.973s] -- Found gmock sources under '/usr/src/googletest': gmock will be built
[3.176s] -- Found PythonInterp: /usr/bin/python3 (found version "3.6.9") 
[3.179s] -- Found Threads: TRUE  
[3.188s] -- Using Python nosetests: /usr/bin/nosetests
[3.523s] -- catkin 0.7.29
[3.523s] -- BUILD_SHARED_LIBS is on
[4.955s] -- Configuring done
[4.995s] -- Generating done
[5.005s] -- Build files have been written to: /root/crs_ws_fanuc/build/fanuc_r2000ic_support
[5.009s] Invoked command in '/root/crs_ws_fanuc/build/fanuc_r2000ic_support' returned '0': /usr/bin/cmake /root/crs_ws_fanuc/src/collaborative-robotic-sanding/fanuc_r2000ic_support -DCATKIN_INSTALL_INTO_PREFIX_ROOT=0 -DCATKIN_SYMLINK_INSTALL=ON -DCMAKE_INSTALL_PREFIX=/root/crs_ws_fanuc/install/fanuc_r2000ic_support
[5.013s] Invoking command in '/root/crs_ws_fanuc/build/fanuc_r2000ic_support': /usr/bin/cmake --build /root/crs_ws_fanuc/build/fanuc_r2000ic_support -- -j8 -l8
[5.391s] Invoked command in '/root/crs_ws_fanuc/build/fanuc_r2000ic_support' returned '0': /usr/bin/cmake --build /root/crs_ws_fanuc/build/fanuc_r2000ic_support -- -j8 -l8
[5.715s] Invoking command in '/root/crs_ws_fanuc/build/fanuc_r2000ic_support': /usr/bin/cmake --build /root/crs_ws_fanuc/build/fanuc_r2000ic_support --target tests -- -j8 -l8
[5.982s] [35m[1mScanning dependencies of target tests[0m
[6.035s] Built target tests
[6.169s] Invoked command in '/root/crs_ws_fanuc/build/fanuc_r2000ic_support' returned '0': /usr/bin/cmake --build /root/crs_ws_fanuc/build/fanuc_r2000ic_support --target tests -- -j8 -l8
[6.923s] Invoking command in '/root/crs_ws_fanuc/build/fanuc_r2000ic_support': /usr/bin/cmake --build /root/crs_ws_fanuc/build/fanuc_r2000ic_support --target install -- -j8 -l8
[7.381s] [36mInstall the project...[0m
[7.447s] -- Install configuration: ""
[7.450s] -- Execute custom install script
[7.451s] -- Up-to-date symlink: /root/crs_ws_fanuc/install/fanuc_r2000ic_support/lib/pkgconfig/fanuc_r2000ic_support.pc
[7.453s] -- Up-to-date symlink: /root/crs_ws_fanuc/install/fanuc_r2000ic_support/share/fanuc_r2000ic_support/cmake/fanuc_r2000ic_supportConfig.cmake
[7.453s] -- Up-to-date symlink: /root/crs_ws_fanuc/install/fanuc_r2000ic_support/share/fanuc_r2000ic_support/cmake/fanuc_r2000ic_supportConfig-version.cmake
[7.455s] -- Up-to-date symlink: /root/crs_ws_fanuc/install/fanuc_r2000ic_support/share/fanuc_r2000ic_support/package.xml
[7.457s] -- Up-to-date symlink: /root/crs_ws_fanuc/install/fanuc_r2000ic_support/share/fanuc_r2000ic_support/config/joint_names_r2000ic125l.yaml
[7.457s] -- Up-to-date symlink: /root/crs_ws_fanuc/install/fanuc_r2000ic_support/share/fanuc_r2000ic_support/config/joint_names_r2000ic165f.yaml
[7.459s] -- Up-to-date symlink: /root/crs_ws_fanuc/install/fanuc_r2000ic_support/share/fanuc_r2000ic_support/launch/load_r2000ic125l.launch
[7.459s] -- Up-to-date symlink: /root/crs_ws_fanuc/install/fanuc_r2000ic_support/share/fanuc_r2000ic_support/launch/load_r2000ic165f.launch
[7.460s] -- Up-to-date symlink: /root/crs_ws_fanuc/install/fanuc_r2000ic_support/share/fanuc_r2000ic_support/launch/robot_interface_streaming_r2000ic125l.launch
[7.462s] -- Up-to-date symlink: /root/crs_ws_fanuc/install/fanuc_r2000ic_support/share/fanuc_r2000ic_support/launch/robot_interface_streaming_r2000ic165f.launch
[7.463s] -- Up-to-date symlink: /root/crs_ws_fanuc/install/fanuc_r2000ic_support/share/fanuc_r2000ic_support/launch/robot_state_visualize_r2000ic125l.launch
[7.463s] -- Up-to-date symlink: /root/crs_ws_fanuc/install/fanuc_r2000ic_support/share/fanuc_r2000ic_support/launch/robot_state_visualize_r2000ic165f.launch
[7.463s] -- Up-to-date symlink: /root/crs_ws_fanuc/install/fanuc_r2000ic_support/share/fanuc_r2000ic_support/launch/test_r2000ic125l.launch
[7.469s] -- Up-to-date symlink: /root/crs_ws_fanuc/install/fanuc_r2000ic_support/share/fanuc_r2000ic_support/launch/test_r2000ic165f.launch
[7.474s] -- Up-to-date symlink: /root/crs_ws_fanuc/install/fanuc_r2000ic_support/share/fanuc_r2000ic_support/meshes/r2000ic165f/collision/base_link.stl
[7.474s] -- Up-to-date symlink: /root/crs_ws_fanuc/install/fanuc_r2000ic_support/share/fanuc_r2000ic_support/meshes/r2000ic165f/collision/link_1.stl
[7.475s] -- Up-to-date symlink: /root/crs_ws_fanuc/install/fanuc_r2000ic_support/share/fanuc_r2000ic_support/meshes/r2000ic165f/collision/link_2.stl
[7.478s] -- Up-to-date symlink: /root/crs_ws_fanuc/install/fanuc_r2000ic_support/share/fanuc_r2000ic_support/meshes/r2000ic165f/collision/link_3.stl
[7.479s] -- Up-to-date symlink: /root/crs_ws_fanuc/install/fanuc_r2000ic_support/share/fanuc_r2000ic_support/meshes/r2000ic165f/collision/link_4.stl
[7.479s] -- Up-to-date symlink: /root/crs_ws_fanuc/install/fanuc_r2000ic_support/share/fanuc_r2000ic_support/meshes/r2000ic165f/collision/link_5.stl
[7.483s] -- Up-to-date symlink: /root/crs_ws_fanuc/install/fanuc_r2000ic_support/share/fanuc_r2000ic_support/meshes/r2000ic165f/collision/link_6.stl
[7.484s] -- Up-to-date symlink: /root/crs_ws_fanuc/install/fanuc_r2000ic_support/share/fanuc_r2000ic_support/meshes/r2000ic165f/visual/base_link.stl
[7.485s] -- Up-to-date symlink: /root/crs_ws_fanuc/install/fanuc_r2000ic_support/share/fanuc_r2000ic_support/meshes/r2000ic165f/visual/link_1.stl
[7.486s] -- Up-to-date symlink: /root/crs_ws_fanuc/install/fanuc_r2000ic_support/share/fanuc_r2000ic_support/meshes/r2000ic165f/visual/link_2.stl
[7.490s] -- Up-to-date symlink: /root/crs_ws_fanuc/install/fanuc_r2000ic_support/share/fanuc_r2000ic_support/meshes/r2000ic165f/visual/link_3.stl
[7.491s] -- Up-to-date symlink: /root/crs_ws_fanuc/install/fanuc_r2000ic_support/share/fanuc_r2000ic_support/meshes/r2000ic165f/visual/link_4.stl
[7.492s] -- Up-to-date symlink: /root/crs_ws_fanuc/install/fanuc_r2000ic_support/share/fanuc_r2000ic_support/meshes/r2000ic165f/visual/link_5.stl
[7.492s] -- Up-to-date symlink: /root/crs_ws_fanuc/install/fanuc_r2000ic_support/share/fanuc_r2000ic_support/meshes/r2000ic165f/visual/link_6.stl
[7.496s] -- Up-to-date symlink: /root/crs_ws_fanuc/install/fanuc_r2000ic_support/share/fanuc_r2000ic_support/urdf/frames.gv
[7.496s] -- Up-to-date symlink: /root/crs_ws_fanuc/install/fanuc_r2000ic_support/share/fanuc_r2000ic_support/urdf/frames.pdf
[7.499s] -- Up-to-date symlink: /root/crs_ws_fanuc/install/fanuc_r2000ic_support/share/fanuc_r2000ic_support/urdf/r2000ic125l.xacro
[7.499s] -- Up-to-date symlink: /root/crs_ws_fanuc/install/fanuc_r2000ic_support/share/fanuc_r2000ic_support/urdf/r2000ic125l_macro.xacro
[7.499s] -- Up-to-date symlink: /root/crs_ws_fanuc/install/fanuc_r2000ic_support/share/fanuc_r2000ic_support/urdf/r2000ic165f.dae
[7.502s] -- Up-to-date symlink: /root/crs_ws_fanuc/install/fanuc_r2000ic_support/share/fanuc_r2000ic_support/urdf/r2000ic165f.urdf
[7.502s] -- Up-to-date symlink: /root/crs_ws_fanuc/install/fanuc_r2000ic_support/share/fanuc_r2000ic_support/urdf/r2000ic165f.xacro
[7.502s] -- Up-to-date symlink: /root/crs_ws_fanuc/install/fanuc_r2000ic_support/share/fanuc_r2000ic_support/urdf/r2000ic165f_macro.xacro
[7.511s] Invoked command in '/root/crs_ws_fanuc/build/fanuc_r2000ic_support' returned '0': /usr/bin/cmake --build /root/crs_ws_fanuc/build/fanuc_r2000ic_support --target install -- -j8 -l8
