-- The CXX compiler identification is GNU 7.5.0
-- Check for working CXX compiler: /usr/bin/c++
-- Check for working CXX compiler: /usr/bin/c++ -- works
-- Detecting CXX compiler ABI info
-- Detecting CXX compiler ABI info - done
-- Detecting CXX compile features
-- Detecting CXX compile features - done
-- Found OpenMP_CXX: -fopenmp (found version "4.5") 
-- Found OpenMP: TRUE (found version "4.5")  
-- Configuring done
-- Generating done
-- Build files have been written to: /root/crs_ws_fanuc/build/descartes_samplers
[35m[1mScanning dependencies of target descartes_samplers[0m
[ 10%] [32mBuilding CXX object CMakeFiles/descartes_samplers.dir/src/evaluators/distance_edge_evaluator.cpp.o[0m
[ 20%] [32mBuilding CXX object CMakeFiles/descartes_samplers.dir/src/evaluators/euclidean_distance_edge_evaluator.cpp.o[0m
[ 30%] [32mBuilding CXX object CMakeFiles/descartes_samplers.dir/src/samplers/axial_symmetric_sampler.cpp.o[0m
[ 40%] [32mBuilding CXX object CMakeFiles/descartes_samplers.dir/src/evaluators/gantry_euclidean_distance_edge_evaluator.cpp.o[0m
[ 50%] [32mBuilding CXX object CMakeFiles/descartes_samplers.dir/src/samplers/external_axis_sampler.cpp.o[0m
[ 60%] [32mBuilding CXX object CMakeFiles/descartes_samplers.dir/src/samplers/fixed_joint_pose_sampler.cpp.o[0m
[ 70%] [32mBuilding CXX object CMakeFiles/descartes_samplers.dir/src/samplers/cartesian_point_sampler.cpp.o[0m
[ 80%] [32mBuilding CXX object CMakeFiles/descartes_samplers.dir/src/samplers/railed_axial_symmetric_sampler.cpp.o[0m
[ 90%] [32mBuilding CXX object CMakeFiles/descartes_samplers.dir/src/samplers/railed_cartesian_point_sampler.cpp.o[0m
[100%] [32m[1mLinking CXX shared library libdescartes_samplers.so[0m
[100%] Built target descartes_samplers
[100%] Built target descartes_samplers
[36mInstall the project...[0m
-- Install configuration: ""
-- Installing: /root/crs_ws_fanuc/install/descartes_samplers/lib/libdescartes_samplers.so
-- Set runtime path of "/root/crs_ws_fanuc/install/descartes_samplers/lib/libdescartes_samplers.so" to ""
-- Installing: /root/crs_ws_fanuc/install/descartes_samplers/lib/cmake/descartes_samplers/descartes_samplers-targets.cmake
-- Installing: /root/crs_ws_fanuc/install/descartes_samplers/lib/cmake/descartes_samplers/descartes_samplers-targets-noconfig.cmake
-- Up-to-date: /root/crs_ws_fanuc/install/descartes_samplers/share/descartes_samplers/package.xml
-- Installing: /root/crs_ws_fanuc/install/descartes_samplers/lib/cmake/descartes_samplers/descartes_samplers-config.cmake
-- Installing: /root/crs_ws_fanuc/install/descartes_samplers/lib/cmake/descartes_samplers/descartes_samplers-config-version.cmake
-- Up-to-date: /root/crs_ws_fanuc/install/descartes_samplers/include/descartes_samplers
-- Up-to-date: /root/crs_ws_fanuc/install/descartes_samplers/include/descartes_samplers/samplers
-- Up-to-date: /root/crs_ws_fanuc/install/descartes_samplers/include/descartes_samplers/samplers/external_axis_sampler.h
-- Up-to-date: /root/crs_ws_fanuc/install/descartes_samplers/include/descartes_samplers/samplers/impl
-- Up-to-date: /root/crs_ws_fanuc/install/descartes_samplers/include/descartes_samplers/samplers/impl/railed_axial_symmetric_sampler.hpp
-- Up-to-date: /root/crs_ws_fanuc/install/descartes_samplers/include/descartes_samplers/samplers/impl/axial_symmetric_sampler.hpp
-- Up-to-date: /root/crs_ws_fanuc/install/descartes_samplers/include/descartes_samplers/samplers/impl/external_axis_sampler.hpp
-- Up-to-date: /root/crs_ws_fanuc/install/descartes_samplers/include/descartes_samplers/samplers/impl/railed_cartesian_point_sampler.hpp
-- Up-to-date: /root/crs_ws_fanuc/install/descartes_samplers/include/descartes_samplers/samplers/impl/fixed_joint_pose_sampler.hpp
-- Up-to-date: /root/crs_ws_fanuc/install/descartes_samplers/include/descartes_samplers/samplers/impl/cartesian_point_sampler.hpp
-- Up-to-date: /root/crs_ws_fanuc/install/descartes_samplers/include/descartes_samplers/samplers/cartesian_point_sampler.h
-- Up-to-date: /root/crs_ws_fanuc/install/descartes_samplers/include/descartes_samplers/samplers/railed_cartesian_point_sampler.h
-- Up-to-date: /root/crs_ws_fanuc/install/descartes_samplers/include/descartes_samplers/samplers/fixed_joint_pose_sampler.h
-- Up-to-date: /root/crs_ws_fanuc/install/descartes_samplers/include/descartes_samplers/samplers/axial_symmetric_sampler.h
-- Up-to-date: /root/crs_ws_fanuc/install/descartes_samplers/include/descartes_samplers/samplers/railed_axial_symmetric_sampler.h
-- Up-to-date: /root/crs_ws_fanuc/install/descartes_samplers/include/descartes_samplers/evaluators
-- Up-to-date: /root/crs_ws_fanuc/install/descartes_samplers/include/descartes_samplers/evaluators/impl
-- Up-to-date: /root/crs_ws_fanuc/install/descartes_samplers/include/descartes_samplers/evaluators/impl/distance_edge_evaluator.hpp
-- Up-to-date: /root/crs_ws_fanuc/install/descartes_samplers/include/descartes_samplers/evaluators/impl/euclidean_distance_edge_evaluator.hpp
-- Up-to-date: /root/crs_ws_fanuc/install/descartes_samplers/include/descartes_samplers/evaluators/impl/gantry_euclidean_distance_edge_evaluator.hpp
-- Up-to-date: /root/crs_ws_fanuc/install/descartes_samplers/include/descartes_samplers/evaluators/gantry_euclidean_distance_edge_evaluator.h
-- Up-to-date: /root/crs_ws_fanuc/install/descartes_samplers/include/descartes_samplers/evaluators/distance_edge_evaluator.h
-- Up-to-date: /root/crs_ws_fanuc/install/descartes_samplers/include/descartes_samplers/evaluators/euclidean_distance_edge_evaluator.h
