[0.096s] Invoking command in '/root/crs_ws_fanuc/build/crs_msgs': AMENT_PREFIX_PATH=/root/crs_ws_fanuc/install/cartesian_trajectory_msgs:${AMENT_PREFIX_PATH} CMAKE_PREFIX_PATH=/root/crs_ws_fanuc/install/cartesian_trajectory_msgs:/opt/qt513/lib/cmake:/opt/ros/eloquent LD_LIBRARY_PATH=/root/crs_ws_fanuc/install/cartesian_trajectory_msgs/lib:${LD_LIBRARY_PATH} PYTHONPATH=/root/crs_ws_fanuc/install/cartesian_trajectory_msgs/lib/python3.6/site-packages:${PYTHONPATH} /usr/bin/cmake --build /root/crs_ws_fanuc/build/crs_msgs -- -j8 -l8
[0.263s] [  0%] Built target crs_msgs__cpp
[0.281s] [ 12%] Built target crs_msgs__rosidl_generator_c
[0.294s] [ 25%] Built target crs_msgs__rosidl_typesupport_introspection_cpp
[0.294s] [ 37%] Built target crs_msgs__rosidl_typesupport_fastrtps_cpp
[0.294s] [ 49%] Built target crs_msgs__rosidl_typesupport_introspection_c
[0.298s] [ 61%] Built target crs_msgs__rosidl_typesupport_cpp
[0.299s] [ 73%] Built target crs_msgs__rosidl_typesupport_fastrtps_c
[0.361s] [ 85%] Built target crs_msgs__rosidl_typesupport_c
[0.386s] [ 85%] Built target crs_msgs
[0.414s] [ 86%] Built target crs_msgs__py
[0.478s] [ 97%] Built target crs_msgs__python
[0.554s] [ 99%] Built target crs_msgs__rosidl_typesupport_c__pyext
[0.556s] [100%] Built target crs_msgs__rosidl_typesupport_fastrtps_c__pyext
[0.781s] Invoked command in '/root/crs_ws_fanuc/build/crs_msgs' returned '0': AMENT_PREFIX_PATH=/root/crs_ws_fanuc/install/cartesian_trajectory_msgs:${AMENT_PREFIX_PATH} CMAKE_PREFIX_PATH=/root/crs_ws_fanuc/install/cartesian_trajectory_msgs:/opt/qt513/lib/cmake:/opt/ros/eloquent LD_LIBRARY_PATH=/root/crs_ws_fanuc/install/cartesian_trajectory_msgs/lib:${LD_LIBRARY_PATH} PYTHONPATH=/root/crs_ws_fanuc/install/cartesian_trajectory_msgs/lib/python3.6/site-packages:${PYTHONPATH} /usr/bin/cmake --build /root/crs_ws_fanuc/build/crs_msgs -- -j8 -l8
[1.407s] Invoking command in '/root/crs_ws_fanuc/build/crs_msgs': AMENT_PREFIX_PATH=/root/crs_ws_fanuc/install/cartesian_trajectory_msgs:${AMENT_PREFIX_PATH} CMAKE_PREFIX_PATH=/root/crs_ws_fanuc/install/cartesian_trajectory_msgs:/opt/qt513/lib/cmake:/opt/ros/eloquent LD_LIBRARY_PATH=/root/crs_ws_fanuc/install/cartesian_trajectory_msgs/lib:${LD_LIBRARY_PATH} PYTHONPATH=/root/crs_ws_fanuc/install/cartesian_trajectory_msgs/lib/python3.6/site-packages:${PYTHONPATH} /usr/bin/cmake --build /root/crs_ws_fanuc/build/crs_msgs --target install -- -j8 -l8
[1.504s] [  0%] Built target crs_msgs__cpp
[1.509s] [ 12%] Built target crs_msgs__rosidl_generator_c
[1.565s] [ 25%] Built target crs_msgs__rosidl_typesupport_introspection_cpp
[1.586s] [ 37%] Built target crs_msgs__rosidl_typesupport_fastrtps_cpp
[1.600s] [ 49%] Built target crs_msgs__rosidl_typesupport_introspection_c
[1.656s] [ 61%] Built target crs_msgs__rosidl_typesupport_fastrtps_c
[1.658s] [ 73%] Built target crs_msgs__rosidl_typesupport_cpp
[1.705s] [ 85%] Built target crs_msgs__rosidl_typesupport_c
[1.731s] [ 85%] Built target crs_msgs
[1.768s] [ 86%] Built target crs_msgs__py
[1.834s] [ 97%] Built target crs_msgs__python
[1.882s] [ 98%] Built target crs_msgs__rosidl_typesupport_fastrtps_c__pyext
[1.896s] [100%] Built target crs_msgs__rosidl_typesupport_c__pyext
[1.921s] [36mInstall the project...[0m
[1.948s] -- Install configuration: "Debug"
[1.949s] -- Execute custom install script
[1.949s] -- Up-to-date symlink: /root/crs_ws_fanuc/install/crs_msgs/share/ament_index/resource_index/rosidl_interfaces/crs_msgs
[1.968s] -- Up-to-date symlink: /root/crs_ws_fanuc/install/crs_msgs/lib/libcrs_msgs__rosidl_typesupport_c.so
[1.968s] -- Up-to-date symlink: /root/crs_ws_fanuc/install/crs_msgs/share/crs_msgs/environment/library_path.sh
[1.969s] -- Up-to-date symlink: /root/crs_ws_fanuc/install/crs_msgs/share/crs_msgs/environment/library_path.dsv
[1.985s] -- Up-to-date symlink: /root/crs_ws_fanuc/install/crs_msgs/lib/libcrs_msgs__rosidl_typesupport_cpp.so
[1.986s] -- Up-to-date symlink: /root/crs_ws_fanuc/install/crs_msgs/include/crs_msgs/msg/process_configuration__rosidl_typesupport_fastrtps_c.h
[1.987s] -- Up-to-date symlink: /root/crs_ws_fanuc/install/crs_msgs/include/crs_msgs/msg/process_motion_plan__rosidl_typesupport_fastrtps_c.h
[1.987s] -- Up-to-date symlink: /root/crs_ws_fanuc/install/crs_msgs/include/crs_msgs/msg/rosidl_typesupport_fastrtps_c__visibility_control.h
[1.987s] -- Up-to-date symlink: /root/crs_ws_fanuc/install/crs_msgs/include/crs_msgs/msg/tool_process_path__rosidl_typesupport_fastrtps_c.h
[1.987s] -- Up-to-date symlink: /root/crs_ws_fanuc/install/crs_msgs/include/crs_msgs/srv/call_freespace_motion__rosidl_typesupport_fastrtps_c.h
[1.987s] -- Up-to-date symlink: /root/crs_ws_fanuc/install/crs_msgs/include/crs_msgs/srv/crop_toolpaths__rosidl_typesupport_fastrtps_c.h
[1.988s] -- Up-to-date symlink: /root/crs_ws_fanuc/install/crs_msgs/include/crs_msgs/srv/execute_action__rosidl_typesupport_fastrtps_c.h
[1.988s] -- Up-to-date symlink: /root/crs_ws_fanuc/install/crs_msgs/include/crs_msgs/srv/get_available_actions__rosidl_typesupport_fastrtps_c.h
[1.988s] -- Up-to-date symlink: /root/crs_ws_fanuc/install/crs_msgs/include/crs_msgs/srv/get_configuration__rosidl_typesupport_fastrtps_c.h
[1.989s] -- Up-to-date symlink: /root/crs_ws_fanuc/install/crs_msgs/include/crs_msgs/srv/get_roi_selection__rosidl_typesupport_fastrtps_c.h
[1.989s] -- Up-to-date symlink: /root/crs_ws_fanuc/install/crs_msgs/include/crs_msgs/srv/load_part__rosidl_typesupport_fastrtps_c.h
[1.989s] -- Up-to-date symlink: /root/crs_ws_fanuc/install/crs_msgs/include/crs_msgs/srv/localize_to_part__rosidl_typesupport_fastrtps_c.h
[1.989s] -- Up-to-date symlink: /root/crs_ws_fanuc/install/crs_msgs/include/crs_msgs/srv/plan_process_motions__rosidl_typesupport_fastrtps_c.h
[1.990s] -- Up-to-date symlink: /root/crs_ws_fanuc/install/crs_msgs/include/crs_msgs/srv/robot_positioner__rosidl_typesupport_fastrtps_c.h
[1.990s] -- Up-to-date symlink: /root/crs_ws_fanuc/install/crs_msgs/include/crs_msgs/srv/run_robot_script__rosidl_typesupport_fastrtps_c.h
[2.005s] -- Up-to-date symlink: /root/crs_ws_fanuc/install/crs_msgs/lib/libcrs_msgs__rosidl_typesupport_fastrtps_c.so
[2.006s] -- Up-to-date symlink: /root/crs_ws_fanuc/install/crs_msgs/include/crs_msgs/msg/process_configuration.h
[2.006s] -- Up-to-date symlink: /root/crs_ws_fanuc/install/crs_msgs/include/crs_msgs/msg/process_configuration__functions.h
[2.006s] -- Up-to-date symlink: /root/crs_ws_fanuc/install/crs_msgs/include/crs_msgs/msg/process_configuration__struct.h
[2.006s] -- Up-to-date symlink: /root/crs_ws_fanuc/install/crs_msgs/include/crs_msgs/msg/process_configuration__type_support.h
[2.007s] -- Up-to-date symlink: /root/crs_ws_fanuc/install/crs_msgs/include/crs_msgs/msg/process_motion_plan.h
[2.007s] -- Up-to-date symlink: /root/crs_ws_fanuc/install/crs_msgs/include/crs_msgs/msg/process_motion_plan__functions.h
[2.007s] -- Up-to-date symlink: /root/crs_ws_fanuc/install/crs_msgs/include/crs_msgs/msg/process_motion_plan__struct.h
[2.007s] -- Up-to-date symlink: /root/crs_ws_fanuc/install/crs_msgs/include/crs_msgs/msg/process_motion_plan__type_support.h
[2.007s] -- Up-to-date symlink: /root/crs_ws_fanuc/install/crs_msgs/include/crs_msgs/msg/rosidl_generator_c__visibility_control.h
[2.007s] -- Up-to-date symlink: /root/crs_ws_fanuc/install/crs_msgs/include/crs_msgs/msg/tool_process_path.h
[2.008s] -- Up-to-date symlink: /root/crs_ws_fanuc/install/crs_msgs/include/crs_msgs/msg/tool_process_path__functions.h
[2.008s] -- Up-to-date symlink: /root/crs_ws_fanuc/install/crs_msgs/include/crs_msgs/msg/tool_process_path__struct.h
[2.008s] -- Up-to-date symlink: /root/crs_ws_fanuc/install/crs_msgs/include/crs_msgs/msg/tool_process_path__type_support.h
[2.008s] -- Up-to-date symlink: /root/crs_ws_fanuc/install/crs_msgs/include/crs_msgs/srv/call_freespace_motion.h
[2.008s] -- Up-to-date symlink: /root/crs_ws_fanuc/install/crs_msgs/include/crs_msgs/srv/call_freespace_motion__functions.h
[2.009s] -- Up-to-date symlink: /root/crs_ws_fanuc/install/crs_msgs/include/crs_msgs/srv/call_freespace_motion__struct.h
[2.009s] -- Up-to-date symlink: /root/crs_ws_fanuc/install/crs_msgs/include/crs_msgs/srv/call_freespace_motion__type_support.h
[2.009s] -- Up-to-date symlink: /root/crs_ws_fanuc/install/crs_msgs/include/crs_msgs/srv/crop_toolpaths.h
[2.009s] -- Up-to-date symlink: /root/crs_ws_fanuc/install/crs_msgs/include/crs_msgs/srv/crop_toolpaths__functions.h
[2.010s] -- Up-to-date symlink: /root/crs_ws_fanuc/install/crs_msgs/include/crs_msgs/srv/crop_toolpaths__struct.h
[2.010s] -- Up-to-date symlink: /root/crs_ws_fanuc/install/crs_msgs/include/crs_msgs/srv/crop_toolpaths__type_support.h
[2.010s] -- Up-to-date symlink: /root/crs_ws_fanuc/install/crs_msgs/include/crs_msgs/srv/execute_action.h
[2.010s] -- Up-to-date symlink: /root/crs_ws_fanuc/install/crs_msgs/include/crs_msgs/srv/execute_action__functions.h
[2.010s] -- Up-to-date symlink: /root/crs_ws_fanuc/install/crs_msgs/include/crs_msgs/srv/execute_action__struct.h
[2.010s] -- Up-to-date symlink: /root/crs_ws_fanuc/install/crs_msgs/include/crs_msgs/srv/execute_action__type_support.h
[2.010s] -- Up-to-date symlink: /root/crs_ws_fanuc/install/crs_msgs/include/crs_msgs/srv/get_available_actions.h
[2.011s] -- Up-to-date symlink: /root/crs_ws_fanuc/install/crs_msgs/include/crs_msgs/srv/get_available_actions__functions.h
[2.011s] -- Up-to-date symlink: /root/crs_ws_fanuc/install/crs_msgs/include/crs_msgs/srv/get_available_actions__struct.h
[2.011s] -- Up-to-date symlink: /root/crs_ws_fanuc/install/crs_msgs/include/crs_msgs/srv/get_available_actions__type_support.h
[2.011s] -- Up-to-date symlink: /root/crs_ws_fanuc/install/crs_msgs/include/crs_msgs/srv/get_configuration.h
[2.012s] -- Up-to-date symlink: /root/crs_ws_fanuc/install/crs_msgs/include/crs_msgs/srv/get_configuration__functions.h
[2.012s] -- Up-to-date symlink: /root/crs_ws_fanuc/install/crs_msgs/include/crs_msgs/srv/get_configuration__struct.h
[2.012s] -- Up-to-date symlink: /root/crs_ws_fanuc/install/crs_msgs/include/crs_msgs/srv/get_configuration__type_support.h
[2.012s] -- Up-to-date symlink: /root/crs_ws_fanuc/install/crs_msgs/include/crs_msgs/srv/get_roi_selection.h
[2.013s] -- Up-to-date symlink: /root/crs_ws_fanuc/install/crs_msgs/include/crs_msgs/srv/get_roi_selection__functions.h
[2.013s] -- Up-to-date symlink: /root/crs_ws_fanuc/install/crs_msgs/include/crs_msgs/srv/get_roi_selection__struct.h
[2.013s] -- Up-to-date symlink: /root/crs_ws_fanuc/install/crs_msgs/include/crs_msgs/srv/get_roi_selection__type_support.h
[2.013s] -- Up-to-date symlink: /root/crs_ws_fanuc/install/crs_msgs/include/crs_msgs/srv/load_part.h
[2.013s] -- Up-to-date symlink: /root/crs_ws_fanuc/install/crs_msgs/include/crs_msgs/srv/load_part__functions.h
[2.014s] -- Up-to-date symlink: /root/crs_ws_fanuc/install/crs_msgs/include/crs_msgs/srv/load_part__struct.h
[2.014s] -- Up-to-date symlink: /root/crs_ws_fanuc/install/crs_msgs/include/crs_msgs/srv/load_part__type_support.h
[2.014s] -- Up-to-date symlink: /root/crs_ws_fanuc/install/crs_msgs/include/crs_msgs/srv/localize_to_part.h
[2.014s] -- Up-to-date symlink: /root/crs_ws_fanuc/install/crs_msgs/include/crs_msgs/srv/localize_to_part__functions.h
[2.014s] -- Up-to-date symlink: /root/crs_ws_fanuc/install/crs_msgs/include/crs_msgs/srv/localize_to_part__struct.h
[2.014s] -- Up-to-date symlink: /root/crs_ws_fanuc/install/crs_msgs/include/crs_msgs/srv/localize_to_part__type_support.h
[2.015s] -- Up-to-date symlink: /root/crs_ws_fanuc/install/crs_msgs/include/crs_msgs/srv/plan_process_motions.h
[2.015s] -- Up-to-date symlink: /root/crs_ws_fanuc/install/crs_msgs/include/crs_msgs/srv/plan_process_motions__functions.h
[2.015s] -- Up-to-date symlink: /root/crs_ws_fanuc/install/crs_msgs/include/crs_msgs/srv/plan_process_motions__struct.h
[2.015s] -- Up-to-date symlink: /root/crs_ws_fanuc/install/crs_msgs/include/crs_msgs/srv/plan_process_motions__type_support.h
[2.015s] -- Up-to-date symlink: /root/crs_ws_fanuc/install/crs_msgs/include/crs_msgs/srv/robot_positioner.h
[2.016s] -- Up-to-date symlink: /root/crs_ws_fanuc/install/crs_msgs/include/crs_msgs/srv/robot_positioner__functions.h
[2.016s] -- Up-to-date symlink: /root/crs_ws_fanuc/install/crs_msgs/include/crs_msgs/srv/robot_positioner__struct.h
[2.016s] -- Up-to-date symlink: /root/crs_ws_fanuc/install/crs_msgs/include/crs_msgs/srv/robot_positioner__type_support.h
[2.016s] -- Up-to-date symlink: /root/crs_ws_fanuc/install/crs_msgs/include/crs_msgs/srv/run_robot_script.h
[2.016s] -- Up-to-date symlink: /root/crs_ws_fanuc/install/crs_msgs/include/crs_msgs/srv/run_robot_script__functions.h
[2.016s] -- Up-to-date symlink: /root/crs_ws_fanuc/install/crs_msgs/include/crs_msgs/srv/run_robot_script__struct.h
[2.017s] -- Up-to-date symlink: /root/crs_ws_fanuc/install/crs_msgs/include/crs_msgs/srv/run_robot_script__type_support.h
[2.041s] -- Up-to-date symlink: /root/crs_ws_fanuc/install/crs_msgs/lib/libcrs_msgs__rosidl_generator_c.so
[2.042s] -- Up-to-date symlink: /root/crs_ws_fanuc/install/crs_msgs/include/crs_msgs/msg/process_configuration__rosidl_typesupport_fastrtps_cpp.hpp
[2.042s] -- Up-to-date symlink: /root/crs_ws_fanuc/install/crs_msgs/include/crs_msgs/msg/process_motion_plan__rosidl_typesupport_fastrtps_cpp.hpp
[2.045s] -- Up-to-date symlink: /root/crs_ws_fanuc/install/crs_msgs/include/crs_msgs/msg/rosidl_typesupport_fastrtps_cpp__visibility_control.h
[2.045s] -- Up-to-date symlink: /root/crs_ws_fanuc/install/crs_msgs/include/crs_msgs/msg/tool_process_path__rosidl_typesupport_fastrtps_cpp.hpp
[2.045s] -- Up-to-date symlink: /root/crs_ws_fanuc/install/crs_msgs/include/crs_msgs/srv/call_freespace_motion__rosidl_typesupport_fastrtps_cpp.hpp
[2.045s] -- Up-to-date symlink: /root/crs_ws_fanuc/install/crs_msgs/include/crs_msgs/srv/crop_toolpaths__rosidl_typesupport_fastrtps_cpp.hpp
[2.045s] -- Up-to-date symlink: /root/crs_ws_fanuc/install/crs_msgs/include/crs_msgs/srv/execute_action__rosidl_typesupport_fastrtps_cpp.hpp
[2.046s] -- Up-to-date symlink: /root/crs_ws_fanuc/install/crs_msgs/include/crs_msgs/srv/get_available_actions__rosidl_typesupport_fastrtps_cpp.hpp
[2.046s] -- Up-to-date symlink: /root/crs_ws_fanuc/install/crs_msgs/include/crs_msgs/srv/get_configuration__rosidl_typesupport_fastrtps_cpp.hpp
[2.046s] -- Up-to-date symlink: /root/crs_ws_fanuc/install/crs_msgs/include/crs_msgs/srv/get_roi_selection__rosidl_typesupport_fastrtps_cpp.hpp
[2.046s] -- Up-to-date symlink: /root/crs_ws_fanuc/install/crs_msgs/include/crs_msgs/srv/load_part__rosidl_typesupport_fastrtps_cpp.hpp
[2.046s] -- Up-to-date symlink: /root/crs_ws_fanuc/install/crs_msgs/include/crs_msgs/srv/localize_to_part__rosidl_typesupport_fastrtps_cpp.hpp
[2.046s] -- Up-to-date symlink: /root/crs_ws_fanuc/install/crs_msgs/include/crs_msgs/srv/plan_process_motions__rosidl_typesupport_fastrtps_cpp.hpp
[2.046s] -- Up-to-date symlink: /root/crs_ws_fanuc/install/crs_msgs/include/crs_msgs/srv/robot_positioner__rosidl_typesupport_fastrtps_cpp.hpp
[2.047s] -- Up-to-date symlink: /root/crs_ws_fanuc/install/crs_msgs/include/crs_msgs/srv/run_robot_script__rosidl_typesupport_fastrtps_cpp.hpp
[2.076s] -- Up-to-date symlink: /root/crs_ws_fanuc/install/crs_msgs/lib/libcrs_msgs__rosidl_typesupport_fastrtps_cpp.so
[2.077s] -- Up-to-date symlink: /root/crs_ws_fanuc/install/crs_msgs/include/crs_msgs/msg/process_configuration.hpp
[2.077s] -- Up-to-date symlink: /root/crs_ws_fanuc/install/crs_msgs/include/crs_msgs/msg/process_configuration__struct.hpp
[2.077s] -- Up-to-date symlink: /root/crs_ws_fanuc/install/crs_msgs/include/crs_msgs/msg/process_configuration__traits.hpp
[2.077s] -- Up-to-date symlink: /root/crs_ws_fanuc/install/crs_msgs/include/crs_msgs/msg/process_motion_plan.hpp
[2.077s] -- Up-to-date symlink: /root/crs_ws_fanuc/install/crs_msgs/include/crs_msgs/msg/process_motion_plan__struct.hpp
[2.078s] -- Up-to-date symlink: /root/crs_ws_fanuc/install/crs_msgs/include/crs_msgs/msg/process_motion_plan__traits.hpp
[2.078s] -- Up-to-date symlink: /root/crs_ws_fanuc/install/crs_msgs/include/crs_msgs/msg/tool_process_path.hpp
[2.078s] -- Up-to-date symlink: /root/crs_ws_fanuc/install/crs_msgs/include/crs_msgs/msg/tool_process_path__struct.hpp
[2.078s] -- Up-to-date symlink: /root/crs_ws_fanuc/install/crs_msgs/include/crs_msgs/msg/tool_process_path__traits.hpp
[2.078s] -- Up-to-date symlink: /root/crs_ws_fanuc/install/crs_msgs/include/crs_msgs/srv/call_freespace_motion.hpp
[2.079s] -- Up-to-date symlink: /root/crs_ws_fanuc/install/crs_msgs/include/crs_msgs/srv/call_freespace_motion__struct.hpp
[2.079s] -- Up-to-date symlink: /root/crs_ws_fanuc/install/crs_msgs/include/crs_msgs/srv/call_freespace_motion__traits.hpp
[2.079s] -- Up-to-date symlink: /root/crs_ws_fanuc/install/crs_msgs/include/crs_msgs/srv/crop_toolpaths.hpp
[2.079s] -- Up-to-date symlink: /root/crs_ws_fanuc/install/crs_msgs/include/crs_msgs/srv/crop_toolpaths__struct.hpp
[2.080s] -- Up-to-date symlink: /root/crs_ws_fanuc/install/crs_msgs/include/crs_msgs/srv/crop_toolpaths__traits.hpp
[2.080s] -- Up-to-date symlink: /root/crs_ws_fanuc/install/crs_msgs/include/crs_msgs/srv/execute_action.hpp
[2.080s] -- Up-to-date symlink: /root/crs_ws_fanuc/install/crs_msgs/include/crs_msgs/srv/execute_action__struct.hpp
[2.080s] -- Up-to-date symlink: /root/crs_ws_fanuc/install/crs_msgs/include/crs_msgs/srv/execute_action__traits.hpp
[2.081s] -- Up-to-date symlink: /root/crs_ws_fanuc/install/crs_msgs/include/crs_msgs/srv/get_available_actions.hpp
[2.081s] -- Up-to-date symlink: /root/crs_ws_fanuc/install/crs_msgs/include/crs_msgs/srv/get_available_actions__struct.hpp
[2.081s] -- Up-to-date symlink: /root/crs_ws_fanuc/install/crs_msgs/include/crs_msgs/srv/get_available_actions__traits.hpp
[2.082s] -- Up-to-date symlink: /root/crs_ws_fanuc/install/crs_msgs/include/crs_msgs/srv/get_configuration.hpp
[2.082s] -- Up-to-date symlink: /root/crs_ws_fanuc/install/crs_msgs/include/crs_msgs/srv/get_configuration__struct.hpp
[2.082s] -- Up-to-date symlink: /root/crs_ws_fanuc/install/crs_msgs/include/crs_msgs/srv/get_configuration__traits.hpp
[2.082s] -- Up-to-date symlink: /root/crs_ws_fanuc/install/crs_msgs/include/crs_msgs/srv/get_roi_selection.hpp
[2.083s] -- Up-to-date symlink: /root/crs_ws_fanuc/install/crs_msgs/include/crs_msgs/srv/get_roi_selection__struct.hpp
[2.083s] -- Up-to-date symlink: /root/crs_ws_fanuc/install/crs_msgs/include/crs_msgs/srv/get_roi_selection__traits.hpp
[2.083s] -- Up-to-date symlink: /root/crs_ws_fanuc/install/crs_msgs/include/crs_msgs/srv/load_part.hpp
[2.083s] -- Up-to-date symlink: /root/crs_ws_fanuc/install/crs_msgs/include/crs_msgs/srv/load_part__struct.hpp
[2.084s] -- Up-to-date symlink: /root/crs_ws_fanuc/install/crs_msgs/include/crs_msgs/srv/load_part__traits.hpp
[2.084s] -- Up-to-date symlink: /root/crs_ws_fanuc/install/crs_msgs/include/crs_msgs/srv/localize_to_part.hpp
[2.084s] -- Up-to-date symlink: /root/crs_ws_fanuc/install/crs_msgs/include/crs_msgs/srv/localize_to_part__struct.hpp
[2.084s] -- Up-to-date symlink: /root/crs_ws_fanuc/install/crs_msgs/include/crs_msgs/srv/localize_to_part__traits.hpp
[2.085s] -- Up-to-date symlink: /root/crs_ws_fanuc/install/crs_msgs/include/crs_msgs/srv/plan_process_motions.hpp
[2.085s] -- Up-to-date symlink: /root/crs_ws_fanuc/install/crs_msgs/include/crs_msgs/srv/plan_process_motions__struct.hpp
[2.085s] -- Up-to-date symlink: /root/crs_ws_fanuc/install/crs_msgs/include/crs_msgs/srv/plan_process_motions__traits.hpp
[2.085s] -- Up-to-date symlink: /root/crs_ws_fanuc/install/crs_msgs/include/crs_msgs/srv/robot_positioner.hpp
[2.086s] -- Up-to-date symlink: /root/crs_ws_fanuc/install/crs_msgs/include/crs_msgs/srv/robot_positioner__struct.hpp
[2.086s] -- Up-to-date symlink: /root/crs_ws_fanuc/install/crs_msgs/include/crs_msgs/srv/robot_positioner__traits.hpp
[2.086s] -- Up-to-date symlink: /root/crs_ws_fanuc/install/crs_msgs/include/crs_msgs/srv/run_robot_script.hpp
[2.088s] -- Up-to-date symlink: /root/crs_ws_fanuc/install/crs_msgs/include/crs_msgs/srv/run_robot_script__struct.hpp
[2.089s] -- Up-to-date symlink: /root/crs_ws_fanuc/install/crs_msgs/include/crs_msgs/srv/run_robot_script__traits.hpp
[2.089s] -- Up-to-date symlink: /root/crs_ws_fanuc/install/crs_msgs/include/crs_msgs/msg/process_configuration__rosidl_typesupport_introspection_c.h
[2.090s] -- Up-to-date symlink: /root/crs_ws_fanuc/install/crs_msgs/include/crs_msgs/msg/process_motion_plan__rosidl_typesupport_introspection_c.h
[2.090s] -- Up-to-date symlink: /root/crs_ws_fanuc/install/crs_msgs/include/crs_msgs/msg/rosidl_typesupport_introspection_c__visibility_control.h
[2.090s] -- Up-to-date symlink: /root/crs_ws_fanuc/install/crs_msgs/include/crs_msgs/msg/tool_process_path__rosidl_typesupport_introspection_c.h
[2.090s] -- Up-to-date symlink: /root/crs_ws_fanuc/install/crs_msgs/include/crs_msgs/srv/call_freespace_motion__rosidl_typesupport_introspection_c.h
[2.091s] -- Up-to-date symlink: /root/crs_ws_fanuc/install/crs_msgs/include/crs_msgs/srv/crop_toolpaths__rosidl_typesupport_introspection_c.h
[2.091s] -- Up-to-date symlink: /root/crs_ws_fanuc/install/crs_msgs/include/crs_msgs/srv/execute_action__rosidl_typesupport_introspection_c.h
[2.091s] -- Up-to-date symlink: /root/crs_ws_fanuc/install/crs_msgs/include/crs_msgs/srv/get_available_actions__rosidl_typesupport_introspection_c.h
[2.092s] -- Up-to-date symlink: /root/crs_ws_fanuc/install/crs_msgs/include/crs_msgs/srv/get_configuration__rosidl_typesupport_introspection_c.h
[2.092s] -- Up-to-date symlink: /root/crs_ws_fanuc/install/crs_msgs/include/crs_msgs/srv/get_roi_selection__rosidl_typesupport_introspection_c.h
[2.093s] -- Up-to-date symlink: /root/crs_ws_fanuc/install/crs_msgs/include/crs_msgs/srv/load_part__rosidl_typesupport_introspection_c.h
[2.093s] -- Up-to-date symlink: /root/crs_ws_fanuc/install/crs_msgs/include/crs_msgs/srv/localize_to_part__rosidl_typesupport_introspection_c.h
[2.093s] -- Up-to-date symlink: /root/crs_ws_fanuc/install/crs_msgs/include/crs_msgs/srv/plan_process_motions__rosidl_typesupport_introspection_c.h
[2.093s] -- Up-to-date symlink: /root/crs_ws_fanuc/install/crs_msgs/include/crs_msgs/srv/robot_positioner__rosidl_typesupport_introspection_c.h
[2.094s] -- Up-to-date symlink: /root/crs_ws_fanuc/install/crs_msgs/include/crs_msgs/srv/run_robot_script__rosidl_typesupport_introspection_c.h
[2.094s] -- Up-to-date symlink: /root/crs_ws_fanuc/install/crs_msgs/lib/libcrs_msgs__rosidl_typesupport_introspection_c.so
[2.094s] -- Up-to-date symlink: /root/crs_ws_fanuc/install/crs_msgs/include/crs_msgs/msg/process_configuration__rosidl_typesupport_introspection_cpp.hpp
[2.094s] -- Up-to-date symlink: /root/crs_ws_fanuc/install/crs_msgs/include/crs_msgs/msg/process_motion_plan__rosidl_typesupport_introspection_cpp.hpp
[2.095s] -- Up-to-date symlink: /root/crs_ws_fanuc/install/crs_msgs/include/crs_msgs/msg/tool_process_path__rosidl_typesupport_introspection_cpp.hpp
[2.095s] -- Up-to-date symlink: /root/crs_ws_fanuc/install/crs_msgs/include/crs_msgs/srv/call_freespace_motion__rosidl_typesupport_introspection_cpp.hpp
[2.095s] -- Up-to-date symlink: /root/crs_ws_fanuc/install/crs_msgs/include/crs_msgs/srv/crop_toolpaths__rosidl_typesupport_introspection_cpp.hpp
[2.097s] -- Up-to-date symlink: /root/crs_ws_fanuc/install/crs_msgs/include/crs_msgs/srv/execute_action__rosidl_typesupport_introspection_cpp.hpp
[2.097s] -- Up-to-date symlink: /root/crs_ws_fanuc/install/crs_msgs/include/crs_msgs/srv/get_available_actions__rosidl_typesupport_introspection_cpp.hpp
[2.097s] -- Up-to-date symlink: /root/crs_ws_fanuc/install/crs_msgs/include/crs_msgs/srv/get_configuration__rosidl_typesupport_introspection_cpp.hpp
[2.097s] -- Up-to-date symlink: /root/crs_ws_fanuc/install/crs_msgs/include/crs_msgs/srv/get_roi_selection__rosidl_typesupport_introspection_cpp.hpp
[2.097s] -- Up-to-date symlink: /root/crs_ws_fanuc/install/crs_msgs/include/crs_msgs/srv/load_part__rosidl_typesupport_introspection_cpp.hpp
[2.097s] -- Up-to-date symlink: /root/crs_ws_fanuc/install/crs_msgs/include/crs_msgs/srv/localize_to_part__rosidl_typesupport_introspection_cpp.hpp
[2.097s] -- Up-to-date symlink: /root/crs_ws_fanuc/install/crs_msgs/include/crs_msgs/srv/plan_process_motions__rosidl_typesupport_introspection_cpp.hpp
[2.098s] -- Up-to-date symlink: /root/crs_ws_fanuc/install/crs_msgs/include/crs_msgs/srv/robot_positioner__rosidl_typesupport_introspection_cpp.hpp
[2.098s] -- Up-to-date symlink: /root/crs_ws_fanuc/install/crs_msgs/include/crs_msgs/srv/run_robot_script__rosidl_typesupport_introspection_cpp.hpp
[2.110s] -- Up-to-date symlink: /root/crs_ws_fanuc/install/crs_msgs/lib/libcrs_msgs__rosidl_typesupport_introspection_cpp.so
[2.110s] -- Up-to-date symlink: /root/crs_ws_fanuc/install/crs_msgs/share/crs_msgs/environment/pythonpath.sh
[2.110s] -- Up-to-date symlink: /root/crs_ws_fanuc/install/crs_msgs/share/crs_msgs/environment/pythonpath.dsv
[2.112s] -- Up-to-date symlink: /root/crs_ws_fanuc/install/crs_msgs/lib/python3.6/site-packages/crs_msgs/__init__.py
[2.112s] -- Up-to-date symlink: /root/crs_ws_fanuc/install/crs_msgs/lib/python3.6/site-packages/crs_msgs/msg/__init__.py
[2.112s] -- Up-to-date symlink: /root/crs_ws_fanuc/install/crs_msgs/lib/python3.6/site-packages/crs_msgs/msg/_process_configuration.py
[2.113s] -- Up-to-date symlink: /root/crs_ws_fanuc/install/crs_msgs/lib/python3.6/site-packages/crs_msgs/msg/_process_motion_plan.py
[2.113s] -- Up-to-date symlink: /root/crs_ws_fanuc/install/crs_msgs/lib/python3.6/site-packages/crs_msgs/msg/_tool_process_path.py
[2.113s] -- Up-to-date symlink: /root/crs_ws_fanuc/install/crs_msgs/lib/python3.6/site-packages/crs_msgs/srv/__init__.py
[2.114s] -- Up-to-date symlink: /root/crs_ws_fanuc/install/crs_msgs/lib/python3.6/site-packages/crs_msgs/srv/_call_freespace_motion.py
[2.114s] -- Up-to-date symlink: /root/crs_ws_fanuc/install/crs_msgs/lib/python3.6/site-packages/crs_msgs/srv/_crop_toolpaths.py
[2.114s] -- Up-to-date symlink: /root/crs_ws_fanuc/install/crs_msgs/lib/python3.6/site-packages/crs_msgs/srv/_execute_action.py
[2.115s] -- Up-to-date symlink: /root/crs_ws_fanuc/install/crs_msgs/lib/python3.6/site-packages/crs_msgs/srv/_get_available_actions.py
[2.115s] -- Up-to-date symlink: /root/crs_ws_fanuc/install/crs_msgs/lib/python3.6/site-packages/crs_msgs/srv/_get_configuration.py
[2.115s] -- Up-to-date symlink: /root/crs_ws_fanuc/install/crs_msgs/lib/python3.6/site-packages/crs_msgs/srv/_get_roi_selection.py
[2.115s] -- Up-to-date symlink: /root/crs_ws_fanuc/install/crs_msgs/lib/python3.6/site-packages/crs_msgs/srv/_load_part.py
[2.116s] -- Up-to-date symlink: /root/crs_ws_fanuc/install/crs_msgs/lib/python3.6/site-packages/crs_msgs/srv/_localize_to_part.py
[2.116s] -- Up-to-date symlink: /root/crs_ws_fanuc/install/crs_msgs/lib/python3.6/site-packages/crs_msgs/srv/_plan_process_motions.py
[2.116s] -- Up-to-date symlink: /root/crs_ws_fanuc/install/crs_msgs/lib/python3.6/site-packages/crs_msgs/srv/_robot_positioner.py
[2.116s] -- Up-to-date symlink: /root/crs_ws_fanuc/install/crs_msgs/lib/python3.6/site-packages/crs_msgs/srv/_run_robot_script.py
[2.116s] -- Up-to-date symlink: /root/crs_ws_fanuc/install/crs_msgs/lib/python3.6/site-packages/crs_msgs/crs_msgs_s__rosidl_typesupport_c.cpython-36m-x86_64-linux-gnu.so
[2.125s] -- Up-to-date symlink: /root/crs_ws_fanuc/install/crs_msgs/lib/python3.6/site-packages/crs_msgs/crs_msgs_s__rosidl_typesupport_fastrtps_c.cpython-36m-x86_64-linux-gnu.so
[2.126s] -- Up-to-date symlink: /root/crs_ws_fanuc/install/crs_msgs/lib/libcrs_msgs__python.so
[2.126s] -- Up-to-date symlink: /root/crs_ws_fanuc/install/crs_msgs/share/crs_msgs/msg/ProcessConfiguration.idl
[2.126s] -- Up-to-date symlink: /root/crs_ws_fanuc/install/crs_msgs/share/crs_msgs/msg/ProcessMotionPlan.idl
[2.127s] -- Up-to-date symlink: /root/crs_ws_fanuc/install/crs_msgs/share/crs_msgs/msg/ToolProcessPath.idl
[2.127s] -- Up-to-date symlink: /root/crs_ws_fanuc/install/crs_msgs/share/crs_msgs/srv/CallFreespaceMotion.idl
[2.127s] -- Up-to-date symlink: /root/crs_ws_fanuc/install/crs_msgs/share/crs_msgs/srv/GetROISelection.idl
[2.128s] -- Up-to-date symlink: /root/crs_ws_fanuc/install/crs_msgs/share/crs_msgs/srv/LoadPart.idl
[2.128s] -- Up-to-date symlink: /root/crs_ws_fanuc/install/crs_msgs/share/crs_msgs/srv/LocalizeToPart.idl
[2.128s] -- Up-to-date symlink: /root/crs_ws_fanuc/install/crs_msgs/share/crs_msgs/srv/ExecuteAction.idl
[2.129s] -- Up-to-date symlink: /root/crs_ws_fanuc/install/crs_msgs/share/crs_msgs/srv/GetAvailableActions.idl
[2.129s] -- Up-to-date symlink: /root/crs_ws_fanuc/install/crs_msgs/share/crs_msgs/srv/PlanProcessMotions.idl
[2.129s] -- Up-to-date symlink: /root/crs_ws_fanuc/install/crs_msgs/share/crs_msgs/srv/GetConfiguration.idl
[2.130s] -- Up-to-date symlink: /root/crs_ws_fanuc/install/crs_msgs/share/crs_msgs/srv/RobotPositioner.idl
[2.130s] -- Up-to-date symlink: /root/crs_ws_fanuc/install/crs_msgs/share/crs_msgs/srv/CropToolpaths.idl
[2.131s] -- Up-to-date symlink: /root/crs_ws_fanuc/install/crs_msgs/share/crs_msgs/srv/RunRobotScript.idl
[2.131s] -- Up-to-date symlink: /root/crs_ws_fanuc/install/crs_msgs/share/crs_msgs/msg/ProcessConfiguration.msg
[2.131s] -- Up-to-date symlink: /root/crs_ws_fanuc/install/crs_msgs/share/crs_msgs/msg/ProcessMotionPlan.msg
[2.132s] -- Up-to-date symlink: /root/crs_ws_fanuc/install/crs_msgs/share/crs_msgs/msg/ToolProcessPath.msg
[2.132s] -- Up-to-date symlink: /root/crs_ws_fanuc/install/crs_msgs/share/crs_msgs/srv/CallFreespaceMotion.srv
[2.132s] -- Up-to-date symlink: /root/crs_ws_fanuc/install/crs_msgs/share/crs_msgs/srv/CallFreespaceMotion_Request.msg
[2.133s] -- Up-to-date symlink: /root/crs_ws_fanuc/install/crs_msgs/share/crs_msgs/srv/CallFreespaceMotion_Response.msg
[2.133s] -- Up-to-date symlink: /root/crs_ws_fanuc/install/crs_msgs/share/crs_msgs/srv/GetROISelection.srv
[2.134s] -- Up-to-date symlink: /root/crs_ws_fanuc/install/crs_msgs/share/crs_msgs/srv/GetROISelection_Request.msg
[2.134s] -- Up-to-date symlink: /root/crs_ws_fanuc/install/crs_msgs/share/crs_msgs/srv/GetROISelection_Response.msg
[2.134s] -- Up-to-date symlink: /root/crs_ws_fanuc/install/crs_msgs/share/crs_msgs/srv/LoadPart.srv
[2.135s] -- Up-to-date symlink: /root/crs_ws_fanuc/install/crs_msgs/share/crs_msgs/srv/LoadPart_Request.msg
[2.135s] -- Up-to-date symlink: /root/crs_ws_fanuc/install/crs_msgs/share/crs_msgs/srv/LoadPart_Response.msg
[2.135s] -- Up-to-date symlink: /root/crs_ws_fanuc/install/crs_msgs/share/crs_msgs/srv/LocalizeToPart.srv
[2.136s] -- Up-to-date symlink: /root/crs_ws_fanuc/install/crs_msgs/share/crs_msgs/srv/LocalizeToPart_Request.msg
[2.136s] -- Up-to-date symlink: /root/crs_ws_fanuc/install/crs_msgs/share/crs_msgs/srv/LocalizeToPart_Response.msg
[2.137s] -- Up-to-date symlink: /root/crs_ws_fanuc/install/crs_msgs/share/crs_msgs/srv/ExecuteAction.srv
[2.137s] -- Up-to-date symlink: /root/crs_ws_fanuc/install/crs_msgs/share/crs_msgs/srv/ExecuteAction_Request.msg
[2.137s] -- Up-to-date symlink: /root/crs_ws_fanuc/install/crs_msgs/share/crs_msgs/srv/ExecuteAction_Response.msg
[2.138s] -- Up-to-date symlink: /root/crs_ws_fanuc/install/crs_msgs/share/crs_msgs/srv/GetAvailableActions.srv
[2.138s] -- Up-to-date symlink: /root/crs_ws_fanuc/install/crs_msgs/share/crs_msgs/srv/GetAvailableActions_Request.msg
[2.138s] -- Up-to-date symlink: /root/crs_ws_fanuc/install/crs_msgs/share/crs_msgs/srv/GetAvailableActions_Response.msg
[2.139s] -- Up-to-date symlink: /root/crs_ws_fanuc/install/crs_msgs/share/crs_msgs/srv/PlanProcessMotions.srv
[2.139s] -- Up-to-date symlink: /root/crs_ws_fanuc/install/crs_msgs/share/crs_msgs/srv/PlanProcessMotions_Request.msg
[2.140s] -- Up-to-date symlink: /root/crs_ws_fanuc/install/crs_msgs/share/crs_msgs/srv/PlanProcessMotions_Response.msg
[2.140s] -- Up-to-date symlink: /root/crs_ws_fanuc/install/crs_msgs/share/crs_msgs/srv/GetConfiguration.srv
[2.141s] -- Up-to-date symlink: /root/crs_ws_fanuc/install/crs_msgs/share/crs_msgs/srv/GetConfiguration_Request.msg
[2.141s] -- Up-to-date symlink: /root/crs_ws_fanuc/install/crs_msgs/share/crs_msgs/srv/GetConfiguration_Response.msg
[2.141s] -- Up-to-date symlink: /root/crs_ws_fanuc/install/crs_msgs/share/crs_msgs/srv/RobotPositioner.srv
[2.142s] -- Up-to-date symlink: /root/crs_ws_fanuc/install/crs_msgs/share/crs_msgs/srv/RobotPositioner_Request.msg
[2.143s] -- Up-to-date symlink: /root/crs_ws_fanuc/install/crs_msgs/share/crs_msgs/srv/RobotPositioner_Response.msg
[2.144s] -- Up-to-date symlink: /root/crs_ws_fanuc/install/crs_msgs/share/crs_msgs/srv/CropToolpaths.srv
[2.145s] -- Up-to-date symlink: /root/crs_ws_fanuc/install/crs_msgs/share/crs_msgs/srv/CropToolpaths_Request.msg
[2.146s] -- Up-to-date symlink: /root/crs_ws_fanuc/install/crs_msgs/share/crs_msgs/srv/CropToolpaths_Response.msg
[2.149s] -- Up-to-date symlink: /root/crs_ws_fanuc/install/crs_msgs/share/crs_msgs/srv/RunRobotScript.srv
[2.150s] -- Up-to-date symlink: /root/crs_ws_fanuc/install/crs_msgs/share/crs_msgs/srv/RunRobotScript_Request.msg
[2.150s] -- Up-to-date symlink: /root/crs_ws_fanuc/install/crs_msgs/share/crs_msgs/srv/RunRobotScript_Response.msg
[2.150s] -- Up-to-date symlink: /root/crs_ws_fanuc/install/crs_msgs/share/ament_index/resource_index/package_run_dependencies/crs_msgs
[2.150s] -- Up-to-date symlink: /root/crs_ws_fanuc/install/crs_msgs/share/ament_index/resource_index/parent_prefix_path/crs_msgs
[2.150s] -- Up-to-date symlink: /root/crs_ws_fanuc/install/crs_msgs/share/crs_msgs/environment/ament_prefix_path.sh
[2.150s] -- Up-to-date symlink: /root/crs_ws_fanuc/install/crs_msgs/share/crs_msgs/environment/ament_prefix_path.dsv
[2.152s] -- Up-to-date symlink: /root/crs_ws_fanuc/install/crs_msgs/share/crs_msgs/environment/path.sh
[2.152s] -- Up-to-date symlink: /root/crs_ws_fanuc/install/crs_msgs/share/crs_msgs/environment/path.dsv
[2.152s] -- Up-to-date symlink: /root/crs_ws_fanuc/install/crs_msgs/share/crs_msgs/local_setup.bash
[2.152s] -- Up-to-date symlink: /root/crs_ws_fanuc/install/crs_msgs/share/crs_msgs/local_setup.sh
[2.153s] -- Up-to-date symlink: /root/crs_ws_fanuc/install/crs_msgs/share/crs_msgs/local_setup.zsh
[2.153s] -- Up-to-date symlink: /root/crs_ws_fanuc/install/crs_msgs/share/crs_msgs/local_setup.dsv
[2.153s] -- Symlinking: /root/crs_ws_fanuc/install/crs_msgs/share/crs_msgs/package.dsv
[2.159s] -- Up-to-date symlink: /root/crs_ws_fanuc/install/crs_msgs/share/ament_index/resource_index/packages/crs_msgs
[2.159s] -- Up-to-date symlink: /root/crs_ws_fanuc/install/crs_msgs/share/crs_msgs/cmake/rosidl_cmake-extras.cmake
[2.160s] -- Up-to-date symlink: /root/crs_ws_fanuc/install/crs_msgs/share/crs_msgs/cmake/ament_cmake_export_dependencies-extras.cmake
[2.160s] -- Up-to-date symlink: /root/crs_ws_fanuc/install/crs_msgs/share/crs_msgs/cmake/ament_cmake_export_libraries-extras.cmake
[2.160s] -- Up-to-date symlink: /root/crs_ws_fanuc/install/crs_msgs/share/crs_msgs/cmake/ament_cmake_export_include_directories-extras.cmake
[2.161s] -- Up-to-date symlink: /root/crs_ws_fanuc/install/crs_msgs/share/crs_msgs/cmake/crs_msgsConfig.cmake
[2.161s] -- Up-to-date symlink: /root/crs_ws_fanuc/install/crs_msgs/share/crs_msgs/cmake/crs_msgsConfig-version.cmake
[2.161s] -- Up-to-date symlink: /root/crs_ws_fanuc/install/crs_msgs/share/crs_msgs/package.xml
[2.252s] Invoked command in '/root/crs_ws_fanuc/build/crs_msgs' returned '0': AMENT_PREFIX_PATH=/root/crs_ws_fanuc/install/cartesian_trajectory_msgs:${AMENT_PREFIX_PATH} CMAKE_PREFIX_PATH=/root/crs_ws_fanuc/install/cartesian_trajectory_msgs:/opt/qt513/lib/cmake:/opt/ros/eloquent LD_LIBRARY_PATH=/root/crs_ws_fanuc/install/cartesian_trajectory_msgs/lib:${LD_LIBRARY_PATH} PYTHONPATH=/root/crs_ws_fanuc/install/cartesian_trajectory_msgs/lib/python3.6/site-packages:${PYTHONPATH} /usr/bin/cmake --build /root/crs_ws_fanuc/build/crs_msgs --target install -- -j8 -l8
