[0.089s] Invoking command in '/root/crs_ws_fanuc/build/crs_process_data': CMAKE_PREFIX_PATH=/root/crs_ws_fanuc/install/crs_utils_py:/opt/ros/eloquent:${CMAKE_PREFIX_PATH} /usr/bin/cmake --build /root/crs_ws_fanuc/build/crs_process_data -- -j8 -l8
[0.193s] Invoked command in '/root/crs_ws_fanuc/build/crs_process_data' returned '0': CMAKE_PREFIX_PATH=/root/crs_ws_fanuc/install/crs_utils_py:/opt/ros/eloquent:${CMAKE_PREFIX_PATH} /usr/bin/cmake --build /root/crs_ws_fanuc/build/crs_process_data -- -j8 -l8
[0.260s] Invoking command in '/root/crs_ws_fanuc/build/crs_process_data': CMAKE_PREFIX_PATH=/root/crs_ws_fanuc/install/crs_utils_py:/opt/ros/eloquent:${CMAKE_PREFIX_PATH} /usr/bin/cmake --build /root/crs_ws_fanuc/build/crs_process_data --target install -- -j8 -l8
[0.383s] [36mInstall the project...[0m
[0.405s] -- Install configuration: ""
[0.406s] -- Execute custom install script
[0.409s] -- Up-to-date symlink: /root/crs_ws_fanuc/install/crs_process_data/share/crs_process_data//data/main/toolpaths/part_1/crs.yaml
[0.409s] -- Up-to-date symlink: /root/crs_ws_fanuc/install/crs_process_data/share/crs_process_data//data/main/toolpaths/part_1/job_toolpath_ls10cm_ps15cm_r0d.yaml
[0.409s] -- Up-to-date symlink: /root/crs_ws_fanuc/install/crs_process_data/share/crs_process_data//data/main/toolpaths/part_1/job_toolpath_ls10cm_ps20cm_r0d.yaml
[0.409s] -- Up-to-date symlink: /root/crs_ws_fanuc/install/crs_process_data/share/crs_process_data//data/main/toolpaths/part_1/job_toolpath_ls20cm_ps20cm_r90d.yaml
[0.410s] -- Up-to-date symlink: /root/crs_ws_fanuc/install/crs_process_data/share/crs_process_data//data/main/toolpaths/part_1/part_1.stl
[0.410s] -- Up-to-date symlink: /root/crs_ws_fanuc/install/crs_process_data/share/crs_process_data//data/main/toolpaths/part_2/configs/job_0_degrees_20200520T192241.997282_config.yaml
[0.410s] -- Up-to-date symlink: /root/crs_ws_fanuc/install/crs_process_data/share/crs_process_data//data/main/toolpaths/part_2/crs.yaml
[0.411s] -- Up-to-date symlink: /root/crs_ws_fanuc/install/crs_process_data/share/crs_process_data//data/main/toolpaths/part_2/job_0_degrees_20200520T192241.997282.yaml
[0.411s] -- Up-to-date symlink: /root/crs_ws_fanuc/install/crs_process_data/share/crs_process_data//data/main/toolpaths/part_2/job_45_degrees_20200520T192321.124980.yaml
[0.411s] -- Up-to-date symlink: /root/crs_ws_fanuc/install/crs_process_data/share/crs_process_data//data/main/toolpaths/part_2/job_90_degrees_20200520T192342.971284.yaml
[0.412s] -- Up-to-date symlink: /root/crs_ws_fanuc/install/crs_process_data/share/crs_process_data//data/main/toolpaths/part_2/job_neg_45_degrees_20200520T192431.034149.yaml
[0.412s] -- Up-to-date symlink: /root/crs_ws_fanuc/install/crs_process_data/share/crs_process_data//data/main/toolpaths/part_2/job_neg_90_degrees_20200520T192403.508846.yaml
[0.412s] -- Up-to-date symlink: /root/crs_ws_fanuc/install/crs_process_data/share/crs_process_data//data/main/toolpaths/part_2/part_2.stl
[0.413s] -- Up-to-date symlink: /root/crs_ws_fanuc/install/crs_process_data/share/crs_process_data//data/main/toolpaths/part_3/crs.yaml
[0.413s] -- Up-to-date symlink: /root/crs_ws_fanuc/install/crs_process_data/share/crs_process_data//data/main/toolpaths/part_3/job_0_degrees_20200520T192928.608964.yaml
[0.413s] -- Up-to-date symlink: /root/crs_ws_fanuc/install/crs_process_data/share/crs_process_data//data/main/toolpaths/part_3/job_45_degrees_20200520T193117.992144.yaml
[0.414s] -- Up-to-date symlink: /root/crs_ws_fanuc/install/crs_process_data/share/crs_process_data//data/main/toolpaths/part_3/job_90_degrees_20200520T193139.616155.yaml
[0.414s] -- Up-to-date symlink: /root/crs_ws_fanuc/install/crs_process_data/share/crs_process_data//data/main/toolpaths/part_3/job_neg_45_degrees_20200520T193244.746333.yaml
[0.414s] -- Up-to-date symlink: /root/crs_ws_fanuc/install/crs_process_data/share/crs_process_data//data/main/toolpaths/part_3/job_neg_90_degrees_20200520T193201.590978.yaml
[0.414s] -- Up-to-date symlink: /root/crs_ws_fanuc/install/crs_process_data/share/crs_process_data//data/main/toolpaths/part_3/part_3.stl
[0.415s] -- Up-to-date symlink: /root/crs_ws_fanuc/install/crs_process_data/share/crs_process_data//data/main/toolpaths/part_5/crs.yaml
[0.415s] -- Up-to-date symlink: /root/crs_ws_fanuc/install/crs_process_data/share/crs_process_data//data/main/toolpaths/part_5/job_toolpath_ls10cm_ps10cm_r0d.yaml
[0.415s] -- Up-to-date symlink: /root/crs_ws_fanuc/install/crs_process_data/share/crs_process_data//data/main/toolpaths/part_5/job_toolpath_ls20cm_ps10cm_r0d.yaml
[0.416s] -- Up-to-date symlink: /root/crs_ws_fanuc/install/crs_process_data/share/crs_process_data//data/main/toolpaths/part_5/job_toolpath_ls20cm_ps15cm_r-20d.yaml
[0.416s] -- Up-to-date symlink: /root/crs_ws_fanuc/install/crs_process_data/share/crs_process_data//data/main/toolpaths/part_5/job_toolpath_ls20cm_ps15cm_r0d.yaml
[0.417s] -- Up-to-date symlink: /root/crs_ws_fanuc/install/crs_process_data/share/crs_process_data//data/main/toolpaths/part_5/job_toolpath_ls20cm_ps15cm_r60d.yaml
[0.417s] -- Up-to-date symlink: /root/crs_ws_fanuc/install/crs_process_data/share/crs_process_data//data/main/toolpaths/part_5/part_5.stl
[0.417s] -- Up-to-date symlink: /root/crs_ws_fanuc/install/crs_process_data/share/crs_process_data//data/surrogate1/toolpaths/fake_part/configs/fake_toolpath_config.yaml
[0.418s] -- Up-to-date symlink: /root/crs_ws_fanuc/install/crs_process_data/share/crs_process_data//data/surrogate1/toolpaths/fake_part/crs.yaml
[0.419s] -- Up-to-date symlink: /root/crs_ws_fanuc/install/crs_process_data/share/crs_process_data//data/surrogate1/toolpaths/fake_part/fake_part.stl
[0.419s] -- Up-to-date symlink: /root/crs_ws_fanuc/install/crs_process_data/share/crs_process_data//data/surrogate1/toolpaths/fake_part/fake_toolpath.yaml
[0.419s] -- Up-to-date symlink: /root/crs_ws_fanuc/install/crs_process_data/share/crs_process_data//data/surrogate1/toolpaths/part_2/crs.yaml
[0.420s] -- Up-to-date symlink: /root/crs_ws_fanuc/install/crs_process_data/share/crs_process_data//data/surrogate1/toolpaths/part_2/job_0_degrees_20200520T192241.997282.yaml
[0.420s] -- Up-to-date symlink: /root/crs_ws_fanuc/install/crs_process_data/share/crs_process_data//data/surrogate1/toolpaths/part_2/job_45_degrees_20200520T192321.124980.yaml
[0.420s] -- Up-to-date symlink: /root/crs_ws_fanuc/install/crs_process_data/share/crs_process_data//data/surrogate1/toolpaths/part_2/job_90_degrees_20200520T192342.971284.yaml
[0.421s] -- Up-to-date symlink: /root/crs_ws_fanuc/install/crs_process_data/share/crs_process_data//data/surrogate1/toolpaths/part_2/job_90_mid.yaml
[0.421s] -- Up-to-date symlink: /root/crs_ws_fanuc/install/crs_process_data/share/crs_process_data//data/surrogate1/toolpaths/part_2/job_90_red.yaml
[0.421s] -- Up-to-date symlink: /root/crs_ws_fanuc/install/crs_process_data/share/crs_process_data//data/surrogate1/toolpaths/part_2/job_90_red_red.yaml
[0.422s] -- Up-to-date symlink: /root/crs_ws_fanuc/install/crs_process_data/share/crs_process_data//data/surrogate1/toolpaths/part_2/job_neg_45_degrees_20200520T192431.034149.yaml
[0.423s] -- Up-to-date symlink: /root/crs_ws_fanuc/install/crs_process_data/share/crs_process_data//data/surrogate1/toolpaths/part_2/job_neg_90_degrees_20200520T192403.508846.yaml
[0.423s] -- Up-to-date symlink: /root/crs_ws_fanuc/install/crs_process_data/share/crs_process_data//data/surrogate1/toolpaths/part_2/part_2.stl
[0.425s] -- Up-to-date symlink: /root/crs_ws_fanuc/install/crs_process_data/share/crs_process_data//data/surrogate1/toolpaths/part_2/part_2_original.stl
[0.426s] -- Up-to-date symlink: /root/crs_ws_fanuc/install/crs_process_data/share/crs_process_data//data/surrogate1/toolpaths/swri_part/crs.yaml
[0.427s] -- Up-to-date symlink: /root/crs_ws_fanuc/install/crs_process_data/share/crs_process_data//data/surrogate1/toolpaths/swri_part/job_job_ls10cm_ps10cm_r0d_20200804T170757.524898.yaml
[0.427s] -- Up-to-date symlink: /root/crs_ws_fanuc/install/crs_process_data/share/crs_process_data//data/surrogate1/toolpaths/swri_part/job_reduced.yaml
[0.428s] -- Up-to-date symlink: /root/crs_ws_fanuc/install/crs_process_data/share/crs_process_data//data/surrogate1/toolpaths/swri_part/job_toolpath_ls10cm_ps10cm_r90d_20200804T194320.202533.yaml
[0.429s] -- Up-to-date symlink: /root/crs_ws_fanuc/install/crs_process_data/share/crs_process_data//data/surrogate1/toolpaths/swri_part/swri_part.stl
[0.429s] -- Up-to-date symlink: /root/crs_ws_fanuc/install/crs_process_data/share/ament_index/resource_index/package_run_dependencies/crs_process_data
[0.430s] -- Up-to-date symlink: /root/crs_ws_fanuc/install/crs_process_data/share/ament_index/resource_index/parent_prefix_path/crs_process_data
[0.430s] -- Up-to-date symlink: /root/crs_ws_fanuc/install/crs_process_data/share/crs_process_data/environment/ament_prefix_path.sh
[0.431s] -- Up-to-date symlink: /root/crs_ws_fanuc/install/crs_process_data/share/crs_process_data/environment/ament_prefix_path.dsv
[0.432s] -- Up-to-date symlink: /root/crs_ws_fanuc/install/crs_process_data/share/crs_process_data/environment/path.sh
[0.432s] -- Up-to-date symlink: /root/crs_ws_fanuc/install/crs_process_data/share/crs_process_data/environment/path.dsv
[0.433s] -- Up-to-date symlink: /root/crs_ws_fanuc/install/crs_process_data/share/crs_process_data/local_setup.bash
[0.433s] -- Up-to-date symlink: /root/crs_ws_fanuc/install/crs_process_data/share/crs_process_data/local_setup.sh
[0.433s] -- Up-to-date symlink: /root/crs_ws_fanuc/install/crs_process_data/share/crs_process_data/local_setup.zsh
[0.434s] -- Up-to-date symlink: /root/crs_ws_fanuc/install/crs_process_data/share/crs_process_data/local_setup.dsv
[0.434s] -- Symlinking: /root/crs_ws_fanuc/install/crs_process_data/share/crs_process_data/package.dsv
[0.457s] -- Up-to-date symlink: /root/crs_ws_fanuc/install/crs_process_data/share/ament_index/resource_index/packages/crs_process_data
[0.457s] -- Up-to-date symlink: /root/crs_ws_fanuc/install/crs_process_data/share/crs_process_data/cmake/crs_process_dataConfig.cmake
[0.458s] -- Up-to-date symlink: /root/crs_ws_fanuc/install/crs_process_data/share/crs_process_data/cmake/crs_process_dataConfig-version.cmake
[0.458s] -- Up-to-date symlink: /root/crs_ws_fanuc/install/crs_process_data/share/crs_process_data/package.xml
[0.470s] Invoked command in '/root/crs_ws_fanuc/build/crs_process_data' returned '0': CMAKE_PREFIX_PATH=/root/crs_ws_fanuc/install/crs_utils_py:/opt/ros/eloquent:${CMAKE_PREFIX_PATH} /usr/bin/cmake --build /root/crs_ws_fanuc/build/crs_process_data --target install -- -j8 -l8
