[0.048s] Invoking command in '/root/crs_ws_fanuc/build/octomap_msgs': CMAKE_PREFIX_PATH=${CMAKE_PREFIX_PATH}:/opt/ros/eloquent /usr/bin/cmake --build /root/crs_ws_fanuc/build/octomap_msgs -- -j8 -l8
[0.141s] [  1%] Built target octomap_msgs__cpp
[0.147s] [ 13%] Built target octomap_msgs__rosidl_generator_c
[0.186s] [ 24%] Built target octomap_msgs__rosidl_typesupport_introspection_cpp
[0.195s] [ 35%] Built target octomap_msgs__rosidl_typesupport_introspection_c
[0.206s] [ 47%] Built target octomap_msgs__rosidl_typesupport_fastrtps_cpp
[0.259s] [ 58%] Built target octomap_msgs__rosidl_typesupport_cpp
[0.261s] [ 69%] Built target octomap_msgs__rosidl_typesupport_fastrtps_c
[0.306s] [ 81%] Built target octomap_msgs__rosidl_typesupport_c
[0.334s] [ 81%] Built target octomap_msgs
[0.364s] [ 83%] Built target octomap_msgs__py
[0.411s] [ 92%] Built target octomap_msgs__python
[0.459s] [ 96%] Built target octomap_msgs__rosidl_typesupport_fastrtps_c__pyext
[0.472s] [100%] Built target octomap_msgs__rosidl_typesupport_c__pyext
[0.491s] Invoked command in '/root/crs_ws_fanuc/build/octomap_msgs' returned '0': CMAKE_PREFIX_PATH=${CMAKE_PREFIX_PATH}:/opt/ros/eloquent /usr/bin/cmake --build /root/crs_ws_fanuc/build/octomap_msgs -- -j8 -l8
[0.704s] Invoking command in '/root/crs_ws_fanuc/build/octomap_msgs': CMAKE_PREFIX_PATH=${CMAKE_PREFIX_PATH}:/opt/ros/eloquent /usr/bin/cmake --build /root/crs_ws_fanuc/build/octomap_msgs --target install -- -j8 -l8
[0.784s] [  1%] Built target octomap_msgs__cpp
[0.798s] [ 13%] Built target octomap_msgs__rosidl_generator_c
[0.839s] [ 24%] Built target octomap_msgs__rosidl_typesupport_introspection_cpp
[0.846s] [ 35%] Built target octomap_msgs__rosidl_typesupport_fastrtps_cpp
[0.861s] [ 47%] Built target octomap_msgs__rosidl_typesupport_introspection_c
[0.903s] [ 58%] Built target octomap_msgs__rosidl_typesupport_cpp
[0.904s] [ 69%] Built target octomap_msgs__rosidl_typesupport_fastrtps_c
[0.948s] [ 81%] Built target octomap_msgs__rosidl_typesupport_c
[0.976s] [ 81%] Built target octomap_msgs
[1.009s] [ 83%] Built target octomap_msgs__py
[1.049s] [ 92%] Built target octomap_msgs__python
[1.082s] [ 96%] Built target octomap_msgs__rosidl_typesupport_fastrtps_c__pyext
[1.090s] [100%] Built target octomap_msgs__rosidl_typesupport_c__pyext
[1.111s] [36mInstall the project...[0m
[1.120s] -- Install configuration: "Debug"
[1.120s] -- Execute custom install script
[1.121s] -- Up-to-date symlink: /root/crs_ws_fanuc/install/octomap_msgs/share/ament_index/resource_index/rosidl_interfaces/octomap_msgs
[1.121s] -- Up-to-date symlink: /root/crs_ws_fanuc/install/octomap_msgs/lib/liboctomap_msgs__rosidl_typesupport_c.so
[1.121s] -- Up-to-date symlink: /root/crs_ws_fanuc/install/octomap_msgs/share/octomap_msgs/environment/library_path.sh
[1.122s] -- Up-to-date symlink: /root/crs_ws_fanuc/install/octomap_msgs/share/octomap_msgs/environment/library_path.dsv
[1.122s] -- Up-to-date symlink: /root/crs_ws_fanuc/install/octomap_msgs/lib/liboctomap_msgs__rosidl_typesupport_cpp.so
[1.123s] -- Up-to-date symlink: /root/crs_ws_fanuc/install/octomap_msgs/include/octomap_msgs/msg/octomap__rosidl_typesupport_fastrtps_c.h
[1.123s] -- Up-to-date symlink: /root/crs_ws_fanuc/install/octomap_msgs/include/octomap_msgs/msg/octomap_with_pose__rosidl_typesupport_fastrtps_c.h
[1.123s] -- Up-to-date symlink: /root/crs_ws_fanuc/install/octomap_msgs/include/octomap_msgs/msg/rosidl_typesupport_fastrtps_c__visibility_control.h
[1.123s] -- Up-to-date symlink: /root/crs_ws_fanuc/install/octomap_msgs/include/octomap_msgs/srv/bounding_box_query__rosidl_typesupport_fastrtps_c.h
[1.123s] -- Up-to-date symlink: /root/crs_ws_fanuc/install/octomap_msgs/include/octomap_msgs/srv/get_octomap__rosidl_typesupport_fastrtps_c.h
[1.124s] -- Up-to-date symlink: /root/crs_ws_fanuc/install/octomap_msgs/lib/liboctomap_msgs__rosidl_typesupport_fastrtps_c.so
[1.125s] -- Up-to-date symlink: /root/crs_ws_fanuc/install/octomap_msgs/include/octomap_msgs/msg/octomap.h
[1.125s] -- Up-to-date symlink: /root/crs_ws_fanuc/install/octomap_msgs/include/octomap_msgs/msg/octomap__functions.h
[1.125s] -- Up-to-date symlink: /root/crs_ws_fanuc/install/octomap_msgs/include/octomap_msgs/msg/octomap__struct.h
[1.125s] -- Up-to-date symlink: /root/crs_ws_fanuc/install/octomap_msgs/include/octomap_msgs/msg/octomap__type_support.h
[1.125s] -- Up-to-date symlink: /root/crs_ws_fanuc/install/octomap_msgs/include/octomap_msgs/msg/octomap_with_pose.h
[1.126s] -- Up-to-date symlink: /root/crs_ws_fanuc/install/octomap_msgs/include/octomap_msgs/msg/octomap_with_pose__functions.h
[1.126s] -- Up-to-date symlink: /root/crs_ws_fanuc/install/octomap_msgs/include/octomap_msgs/msg/octomap_with_pose__struct.h
[1.126s] -- Up-to-date symlink: /root/crs_ws_fanuc/install/octomap_msgs/include/octomap_msgs/msg/octomap_with_pose__type_support.h
[1.127s] -- Up-to-date symlink: /root/crs_ws_fanuc/install/octomap_msgs/include/octomap_msgs/msg/rosidl_generator_c__visibility_control.h
[1.127s] -- Up-to-date symlink: /root/crs_ws_fanuc/install/octomap_msgs/include/octomap_msgs/srv/bounding_box_query.h
[1.127s] -- Up-to-date symlink: /root/crs_ws_fanuc/install/octomap_msgs/include/octomap_msgs/srv/bounding_box_query__functions.h
[1.127s] -- Up-to-date symlink: /root/crs_ws_fanuc/install/octomap_msgs/include/octomap_msgs/srv/bounding_box_query__struct.h
[1.128s] -- Up-to-date symlink: /root/crs_ws_fanuc/install/octomap_msgs/include/octomap_msgs/srv/bounding_box_query__type_support.h
[1.128s] -- Up-to-date symlink: /root/crs_ws_fanuc/install/octomap_msgs/include/octomap_msgs/srv/get_octomap.h
[1.128s] -- Up-to-date symlink: /root/crs_ws_fanuc/install/octomap_msgs/include/octomap_msgs/srv/get_octomap__functions.h
[1.129s] -- Up-to-date symlink: /root/crs_ws_fanuc/install/octomap_msgs/include/octomap_msgs/srv/get_octomap__struct.h
[1.129s] -- Up-to-date symlink: /root/crs_ws_fanuc/install/octomap_msgs/include/octomap_msgs/srv/get_octomap__type_support.h
[1.130s] -- Up-to-date symlink: /root/crs_ws_fanuc/install/octomap_msgs/lib/liboctomap_msgs__rosidl_generator_c.so
[1.131s] -- Up-to-date symlink: /root/crs_ws_fanuc/install/octomap_msgs/include/octomap_msgs/msg/octomap__rosidl_typesupport_fastrtps_cpp.hpp
[1.131s] -- Up-to-date symlink: /root/crs_ws_fanuc/install/octomap_msgs/include/octomap_msgs/msg/octomap_with_pose__rosidl_typesupport_fastrtps_cpp.hpp
[1.131s] -- Up-to-date symlink: /root/crs_ws_fanuc/install/octomap_msgs/include/octomap_msgs/msg/rosidl_typesupport_fastrtps_cpp__visibility_control.h
[1.131s] -- Up-to-date symlink: /root/crs_ws_fanuc/install/octomap_msgs/include/octomap_msgs/srv/bounding_box_query__rosidl_typesupport_fastrtps_cpp.hpp
[1.132s] -- Up-to-date symlink: /root/crs_ws_fanuc/install/octomap_msgs/include/octomap_msgs/srv/get_octomap__rosidl_typesupport_fastrtps_cpp.hpp
[1.132s] -- Up-to-date symlink: /root/crs_ws_fanuc/install/octomap_msgs/lib/liboctomap_msgs__rosidl_typesupport_fastrtps_cpp.so
[1.133s] -- Up-to-date symlink: /root/crs_ws_fanuc/install/octomap_msgs/include/octomap_msgs/msg/octomap.hpp
[1.134s] -- Up-to-date symlink: /root/crs_ws_fanuc/install/octomap_msgs/include/octomap_msgs/msg/octomap__struct.hpp
[1.134s] -- Up-to-date symlink: /root/crs_ws_fanuc/install/octomap_msgs/include/octomap_msgs/msg/octomap__traits.hpp
[1.134s] -- Up-to-date symlink: /root/crs_ws_fanuc/install/octomap_msgs/include/octomap_msgs/msg/octomap_with_pose.hpp
[1.134s] -- Up-to-date symlink: /root/crs_ws_fanuc/install/octomap_msgs/include/octomap_msgs/msg/octomap_with_pose__struct.hpp
[1.135s] -- Up-to-date symlink: /root/crs_ws_fanuc/install/octomap_msgs/include/octomap_msgs/msg/octomap_with_pose__traits.hpp
[1.135s] -- Up-to-date symlink: /root/crs_ws_fanuc/install/octomap_msgs/include/octomap_msgs/srv/bounding_box_query.hpp
[1.135s] -- Up-to-date symlink: /root/crs_ws_fanuc/install/octomap_msgs/include/octomap_msgs/srv/bounding_box_query__struct.hpp
[1.135s] -- Up-to-date symlink: /root/crs_ws_fanuc/install/octomap_msgs/include/octomap_msgs/srv/bounding_box_query__traits.hpp
[1.136s] -- Up-to-date symlink: /root/crs_ws_fanuc/install/octomap_msgs/include/octomap_msgs/srv/get_octomap.hpp
[1.136s] -- Up-to-date symlink: /root/crs_ws_fanuc/install/octomap_msgs/include/octomap_msgs/srv/get_octomap__struct.hpp
[1.136s] -- Up-to-date symlink: /root/crs_ws_fanuc/install/octomap_msgs/include/octomap_msgs/srv/get_octomap__traits.hpp
[1.137s] -- Up-to-date symlink: /root/crs_ws_fanuc/install/octomap_msgs/include/octomap_msgs/msg/octomap__rosidl_typesupport_introspection_c.h
[1.137s] -- Up-to-date symlink: /root/crs_ws_fanuc/install/octomap_msgs/include/octomap_msgs/msg/octomap_with_pose__rosidl_typesupport_introspection_c.h
[1.138s] -- Up-to-date symlink: /root/crs_ws_fanuc/install/octomap_msgs/include/octomap_msgs/msg/rosidl_typesupport_introspection_c__visibility_control.h
[1.138s] -- Up-to-date symlink: /root/crs_ws_fanuc/install/octomap_msgs/include/octomap_msgs/srv/bounding_box_query__rosidl_typesupport_introspection_c.h
[1.138s] -- Up-to-date symlink: /root/crs_ws_fanuc/install/octomap_msgs/include/octomap_msgs/srv/get_octomap__rosidl_typesupport_introspection_c.h
[1.139s] -- Up-to-date symlink: /root/crs_ws_fanuc/install/octomap_msgs/lib/liboctomap_msgs__rosidl_typesupport_introspection_c.so
[1.139s] -- Up-to-date symlink: /root/crs_ws_fanuc/install/octomap_msgs/include/octomap_msgs/msg/octomap__rosidl_typesupport_introspection_cpp.hpp
[1.140s] -- Up-to-date symlink: /root/crs_ws_fanuc/install/octomap_msgs/include/octomap_msgs/msg/octomap_with_pose__rosidl_typesupport_introspection_cpp.hpp
[1.140s] -- Up-to-date symlink: /root/crs_ws_fanuc/install/octomap_msgs/include/octomap_msgs/srv/bounding_box_query__rosidl_typesupport_introspection_cpp.hpp
[1.140s] -- Up-to-date symlink: /root/crs_ws_fanuc/install/octomap_msgs/include/octomap_msgs/srv/get_octomap__rosidl_typesupport_introspection_cpp.hpp
[1.140s] -- Up-to-date symlink: /root/crs_ws_fanuc/install/octomap_msgs/lib/liboctomap_msgs__rosidl_typesupport_introspection_cpp.so
[1.141s] -- Up-to-date symlink: /root/crs_ws_fanuc/install/octomap_msgs/share/octomap_msgs/environment/pythonpath.sh
[1.141s] -- Up-to-date symlink: /root/crs_ws_fanuc/install/octomap_msgs/share/octomap_msgs/environment/pythonpath.dsv
[1.142s] -- Up-to-date symlink: /root/crs_ws_fanuc/install/octomap_msgs/lib/python3.6/site-packages/octomap_msgs/__init__.py
[1.142s] -- Up-to-date symlink: /root/crs_ws_fanuc/install/octomap_msgs/lib/python3.6/site-packages/octomap_msgs/msg/__init__.py
[1.143s] -- Up-to-date symlink: /root/crs_ws_fanuc/install/octomap_msgs/lib/python3.6/site-packages/octomap_msgs/msg/_octomap.py
[1.143s] -- Up-to-date symlink: /root/crs_ws_fanuc/install/octomap_msgs/lib/python3.6/site-packages/octomap_msgs/msg/_octomap_with_pose.py
[1.144s] -- Up-to-date symlink: /root/crs_ws_fanuc/install/octomap_msgs/lib/python3.6/site-packages/octomap_msgs/srv/__init__.py
[1.144s] -- Up-to-date symlink: /root/crs_ws_fanuc/install/octomap_msgs/lib/python3.6/site-packages/octomap_msgs/srv/_bounding_box_query.py
[1.144s] -- Up-to-date symlink: /root/crs_ws_fanuc/install/octomap_msgs/lib/python3.6/site-packages/octomap_msgs/srv/_get_octomap.py
[1.145s] -- Up-to-date symlink: /root/crs_ws_fanuc/install/octomap_msgs/lib/python3.6/site-packages/octomap_msgs/octomap_msgs_s__rosidl_typesupport_c.cpython-36m-x86_64-linux-gnu.so
[1.145s] -- Up-to-date symlink: /root/crs_ws_fanuc/install/octomap_msgs/lib/python3.6/site-packages/octomap_msgs/octomap_msgs_s__rosidl_typesupport_fastrtps_c.cpython-36m-x86_64-linux-gnu.so
[1.146s] -- Up-to-date symlink: /root/crs_ws_fanuc/install/octomap_msgs/lib/liboctomap_msgs__python.so
[1.146s] -- Up-to-date symlink: /root/crs_ws_fanuc/install/octomap_msgs/share/octomap_msgs/msg/Octomap.idl
[1.146s] -- Up-to-date symlink: /root/crs_ws_fanuc/install/octomap_msgs/share/octomap_msgs/msg/OctomapWithPose.idl
[1.147s] -- Up-to-date symlink: /root/crs_ws_fanuc/install/octomap_msgs/share/octomap_msgs/srv/BoundingBoxQuery.idl
[1.147s] -- Up-to-date symlink: /root/crs_ws_fanuc/install/octomap_msgs/share/octomap_msgs/srv/GetOctomap.idl
[1.148s] -- Up-to-date symlink: /root/crs_ws_fanuc/install/octomap_msgs/share/octomap_msgs/msg/Octomap.msg
[1.148s] -- Up-to-date symlink: /root/crs_ws_fanuc/install/octomap_msgs/share/octomap_msgs/msg/OctomapWithPose.msg
[1.148s] -- Up-to-date symlink: /root/crs_ws_fanuc/install/octomap_msgs/share/octomap_msgs/srv/BoundingBoxQuery.srv
[1.149s] -- Up-to-date symlink: /root/crs_ws_fanuc/install/octomap_msgs/share/octomap_msgs/srv/BoundingBoxQuery_Request.msg
[1.149s] -- Up-to-date symlink: /root/crs_ws_fanuc/install/octomap_msgs/share/octomap_msgs/srv/BoundingBoxQuery_Response.msg
[1.149s] -- Up-to-date symlink: /root/crs_ws_fanuc/install/octomap_msgs/share/octomap_msgs/srv/GetOctomap.srv
[1.150s] -- Up-to-date symlink: /root/crs_ws_fanuc/install/octomap_msgs/share/octomap_msgs/srv/GetOctomap_Request.msg
[1.150s] -- Up-to-date symlink: /root/crs_ws_fanuc/install/octomap_msgs/share/octomap_msgs/srv/GetOctomap_Response.msg
[1.151s] -- Up-to-date symlink: /root/crs_ws_fanuc/install/octomap_msgs/share/ament_index/resource_index/package_run_dependencies/octomap_msgs
[1.151s] -- Up-to-date symlink: /root/crs_ws_fanuc/install/octomap_msgs/share/ament_index/resource_index/parent_prefix_path/octomap_msgs
[1.151s] -- Up-to-date symlink: /root/crs_ws_fanuc/install/octomap_msgs/share/octomap_msgs/environment/ament_prefix_path.sh
[1.152s] -- Up-to-date symlink: /root/crs_ws_fanuc/install/octomap_msgs/share/octomap_msgs/environment/ament_prefix_path.dsv
[1.152s] -- Up-to-date symlink: /root/crs_ws_fanuc/install/octomap_msgs/share/octomap_msgs/environment/path.sh
[1.153s] -- Up-to-date symlink: /root/crs_ws_fanuc/install/octomap_msgs/share/octomap_msgs/environment/path.dsv
[1.153s] -- Up-to-date symlink: /root/crs_ws_fanuc/install/octomap_msgs/share/octomap_msgs/local_setup.bash
[1.153s] -- Up-to-date symlink: /root/crs_ws_fanuc/install/octomap_msgs/share/octomap_msgs/local_setup.sh
[1.154s] -- Up-to-date symlink: /root/crs_ws_fanuc/install/octomap_msgs/share/octomap_msgs/local_setup.zsh
[1.154s] -- Up-to-date symlink: /root/crs_ws_fanuc/install/octomap_msgs/share/octomap_msgs/local_setup.dsv
[1.154s] -- Symlinking: /root/crs_ws_fanuc/install/octomap_msgs/share/octomap_msgs/package.dsv
[1.166s] -- Up-to-date symlink: /root/crs_ws_fanuc/install/octomap_msgs/share/ament_index/resource_index/packages/octomap_msgs
[1.166s] -- Up-to-date symlink: /root/crs_ws_fanuc/install/octomap_msgs/share/octomap_msgs/cmake/rosidl_cmake-extras.cmake
[1.166s] -- Up-to-date symlink: /root/crs_ws_fanuc/install/octomap_msgs/share/octomap_msgs/cmake/ament_cmake_export_dependencies-extras.cmake
[1.167s] -- Up-to-date symlink: /root/crs_ws_fanuc/install/octomap_msgs/share/octomap_msgs/cmake/ament_cmake_export_libraries-extras.cmake
[1.167s] -- Up-to-date symlink: /root/crs_ws_fanuc/install/octomap_msgs/share/octomap_msgs/cmake/ament_cmake_export_include_directories-extras.cmake
[1.167s] -- Up-to-date symlink: /root/crs_ws_fanuc/install/octomap_msgs/share/octomap_msgs/cmake/octomap_msgsConfig.cmake
[1.167s] -- Up-to-date symlink: /root/crs_ws_fanuc/install/octomap_msgs/share/octomap_msgs/cmake/octomap_msgsConfig-version.cmake
[1.168s] -- Up-to-date symlink: /root/crs_ws_fanuc/install/octomap_msgs/share/octomap_msgs/package.xml
[1.205s] -- Up-to-date: /root/crs_ws_fanuc/install/octomap_msgs/include
[1.205s] -- Up-to-date: /root/crs_ws_fanuc/install/octomap_msgs/include/octomap_msgs
[1.205s] -- Up-to-date: /root/crs_ws_fanuc/install/octomap_msgs/include/octomap_msgs/conversions.h
[1.211s] Invoked command in '/root/crs_ws_fanuc/build/octomap_msgs' returned '0': CMAKE_PREFIX_PATH=${CMAKE_PREFIX_PATH}:/opt/ros/eloquent /usr/bin/cmake --build /root/crs_ws_fanuc/build/octomap_msgs --target install -- -j8 -l8
