Determining if the pthread_create exist failed with the following output:
Change Dir: /root/crs_ws_fanuc/build/trajopt_ifopt/CMakeFiles/CMakeTmp

Run Build Command:"/usr/bin/make" "cmTC_0d6ec/fast"
/usr/bin/make -f CMakeFiles/cmTC_0d6ec.dir/build.make CMakeFiles/cmTC_0d6ec.dir/build
make[1]: Entering directory '/root/crs_ws_fanuc/build/trajopt_ifopt/CMakeFiles/CMakeTmp'
Building CXX object CMakeFiles/cmTC_0d6ec.dir/CheckSymbolExists.cxx.o
/usr/bin/c++     -o CMakeFiles/cmTC_0d6ec.dir/CheckSymbolExists.cxx.o -c /root/crs_ws_fanuc/build/trajopt_ifopt/CMakeFiles/CMakeTmp/CheckSymbolExists.cxx
Linking CXX executable cmTC_0d6ec
/usr/bin/cmake -E cmake_link_script CMakeFiles/cmTC_0d6ec.dir/link.txt --verbose=1
/usr/bin/c++       CMakeFiles/cmTC_0d6ec.dir/CheckSymbolExists.cxx.o  -o cmTC_0d6ec 
CMakeFiles/cmTC_0d6ec.dir/CheckSymbolExists.cxx.o: In function `main':
CheckSymbolExists.cxx:(.text+0x1b): undefined reference to `pthread_create'
collect2: error: ld returned 1 exit status
CMakeFiles/cmTC_0d6ec.dir/build.make:97: recipe for target 'cmTC_0d6ec' failed
make[1]: *** [cmTC_0d6ec] Error 1
make[1]: Leaving directory '/root/crs_ws_fanuc/build/trajopt_ifopt/CMakeFiles/CMakeTmp'
Makefile:126: recipe for target 'cmTC_0d6ec/fast' failed
make: *** [cmTC_0d6ec/fast] Error 2

File /root/crs_ws_fanuc/build/trajopt_ifopt/CMakeFiles/CMakeTmp/CheckSymbolExists.cxx:
/* */
#include <pthread.h>

int main(int argc, char** argv)
{
  (void)argv;
#ifndef pthread_create
  return ((int*)(&pthread_create))[argc];
#else
  (void)argc;
  return 0;
#endif
}

Determining if the function pthread_create exists in the pthreads failed with the following output:
Change Dir: /root/crs_ws_fanuc/build/trajopt_ifopt/CMakeFiles/CMakeTmp

Run Build Command:"/usr/bin/make" "cmTC_d74a2/fast"
/usr/bin/make -f CMakeFiles/cmTC_d74a2.dir/build.make CMakeFiles/cmTC_d74a2.dir/build
make[1]: Entering directory '/root/crs_ws_fanuc/build/trajopt_ifopt/CMakeFiles/CMakeTmp'
Building CXX object CMakeFiles/cmTC_d74a2.dir/CheckFunctionExists.cxx.o
/usr/bin/c++    -DCHECK_FUNCTION_EXISTS=pthread_create   -o CMakeFiles/cmTC_d74a2.dir/CheckFunctionExists.cxx.o -c /root/crs_ws_fanuc/build/trajopt_ifopt/CMakeFiles/CheckLibraryExists/CheckFunctionExists.cxx
Linking CXX executable cmTC_d74a2
/usr/bin/cmake -E cmake_link_script CMakeFiles/cmTC_d74a2.dir/link.txt --verbose=1
/usr/bin/c++   -DCHECK_FUNCTION_EXISTS=pthread_create    CMakeFiles/cmTC_d74a2.dir/CheckFunctionExists.cxx.o  -o cmTC_d74a2 -lpthreads 
/usr/bin/ld: cannot find -lpthreads
collect2: error: ld returned 1 exit status
CMakeFiles/cmTC_d74a2.dir/build.make:97: recipe for target 'cmTC_d74a2' failed
make[1]: *** [cmTC_d74a2] Error 1
make[1]: Leaving directory '/root/crs_ws_fanuc/build/trajopt_ifopt/CMakeFiles/CMakeTmp'
Makefile:126: recipe for target 'cmTC_d74a2/fast' failed
make: *** [cmTC_d74a2/fast] Error 2


