[0.084s] Invoking command in '/root/crs_ws_fanuc/build/ur_dashboard_msgs': CMAKE_PREFIX_PATH=${CMAKE_PREFIX_PATH}:/opt/ros/eloquent /usr/bin/cmake --build /root/crs_ws_fanuc/build/ur_dashboard_msgs -- -j8 -l8
[0.188s] [  0%] Built target ur_dashboard_msgs__cpp
[0.198s] [ 12%] Built target ur_dashboard_msgs__rosidl_generator_c
[0.245s] [ 25%] Built target ur_dashboard_msgs__rosidl_typesupport_introspection_cpp
[0.246s] [ 37%] Built target ur_dashboard_msgs__rosidl_typesupport_introspection_c
[0.263s] [ 49%] Built target ur_dashboard_msgs__rosidl_typesupport_fastrtps_cpp
[0.327s] [ 61%] Built target ur_dashboard_msgs__rosidl_typesupport_fastrtps_c
[0.330s] [ 73%] Built target ur_dashboard_msgs__rosidl_typesupport_cpp
[0.384s] [ 85%] Built target ur_dashboard_msgs__rosidl_typesupport_c
[0.410s] [ 85%] Built target ur_dashboard_msgs
[0.456s] [ 86%] Built target ur_dashboard_msgs__py
[0.519s] [ 97%] Built target ur_dashboard_msgs__python
[0.566s] [ 98%] Built target ur_dashboard_msgs__rosidl_typesupport_fastrtps_c__pyext
[0.574s] [100%] Built target ur_dashboard_msgs__rosidl_typesupport_c__pyext
[0.618s] Invoked command in '/root/crs_ws_fanuc/build/ur_dashboard_msgs' returned '0': CMAKE_PREFIX_PATH=${CMAKE_PREFIX_PATH}:/opt/ros/eloquent /usr/bin/cmake --build /root/crs_ws_fanuc/build/ur_dashboard_msgs -- -j8 -l8
[1.386s] Invoking command in '/root/crs_ws_fanuc/build/ur_dashboard_msgs': CMAKE_PREFIX_PATH=${CMAKE_PREFIX_PATH}:/opt/ros/eloquent /usr/bin/cmake --build /root/crs_ws_fanuc/build/ur_dashboard_msgs --target install -- -j8 -l8
[1.389s] [  0%] Built target ur_dashboard_msgs__cpp
[1.391s] [ 12%] Built target ur_dashboard_msgs__rosidl_generator_c
[1.392s] [ 25%] Built target ur_dashboard_msgs__rosidl_typesupport_introspection_cpp
[1.392s] [ 37%] Built target ur_dashboard_msgs__rosidl_typesupport_introspection_c
[1.398s] [ 49%] Built target ur_dashboard_msgs__rosidl_typesupport_fastrtps_cpp
[1.441s] [ 61%] Built target ur_dashboard_msgs__rosidl_typesupport_cpp
[1.459s] [ 73%] Built target ur_dashboard_msgs__rosidl_typesupport_fastrtps_c
[1.509s] [ 85%] Built target ur_dashboard_msgs__rosidl_typesupport_c
[1.538s] [ 85%] Built target ur_dashboard_msgs
[1.565s] [ 86%] Built target ur_dashboard_msgs__py
[1.610s] [ 97%] Built target ur_dashboard_msgs__python
[1.641s] [ 98%] Built target ur_dashboard_msgs__rosidl_typesupport_fastrtps_c__pyext
[1.647s] [100%] Built target ur_dashboard_msgs__rosidl_typesupport_c__pyext
[1.668s] [36mInstall the project...[0m
[1.677s] -- Install configuration: "Debug"
[1.678s] -- Execute custom install script
[1.678s] -- Up-to-date symlink: /root/crs_ws_fanuc/install/ur_dashboard_msgs/share/ament_index/resource_index/rosidl_interfaces/ur_dashboard_msgs
[1.679s] -- Up-to-date symlink: /root/crs_ws_fanuc/install/ur_dashboard_msgs/lib/libur_dashboard_msgs__rosidl_typesupport_c.so
[1.679s] -- Up-to-date symlink: /root/crs_ws_fanuc/install/ur_dashboard_msgs/share/ur_dashboard_msgs/environment/library_path.sh
[1.680s] -- Up-to-date symlink: /root/crs_ws_fanuc/install/ur_dashboard_msgs/share/ur_dashboard_msgs/environment/library_path.dsv
[1.680s] -- Up-to-date symlink: /root/crs_ws_fanuc/install/ur_dashboard_msgs/lib/libur_dashboard_msgs__rosidl_typesupport_cpp.so
[1.681s] -- Up-to-date symlink: /root/crs_ws_fanuc/install/ur_dashboard_msgs/include/ur_dashboard_msgs/action/set_mode__rosidl_typesupport_fastrtps_c.h
[1.682s] -- Up-to-date symlink: /root/crs_ws_fanuc/install/ur_dashboard_msgs/include/ur_dashboard_msgs/msg/program_state__rosidl_typesupport_fastrtps_c.h
[1.682s] -- Up-to-date symlink: /root/crs_ws_fanuc/install/ur_dashboard_msgs/include/ur_dashboard_msgs/msg/robot_mode__rosidl_typesupport_fastrtps_c.h
[1.682s] -- Up-to-date symlink: /root/crs_ws_fanuc/install/ur_dashboard_msgs/include/ur_dashboard_msgs/msg/rosidl_typesupport_fastrtps_c__visibility_control.h
[1.682s] -- Up-to-date symlink: /root/crs_ws_fanuc/install/ur_dashboard_msgs/include/ur_dashboard_msgs/msg/safety_mode__rosidl_typesupport_fastrtps_c.h
[1.683s] -- Up-to-date symlink: /root/crs_ws_fanuc/install/ur_dashboard_msgs/include/ur_dashboard_msgs/srv/add_to_log__rosidl_typesupport_fastrtps_c.h
[1.683s] -- Up-to-date symlink: /root/crs_ws_fanuc/install/ur_dashboard_msgs/include/ur_dashboard_msgs/srv/get_loaded_program__rosidl_typesupport_fastrtps_c.h
[1.683s] -- Up-to-date symlink: /root/crs_ws_fanuc/install/ur_dashboard_msgs/include/ur_dashboard_msgs/srv/get_program_state__rosidl_typesupport_fastrtps_c.h
[1.683s] -- Up-to-date symlink: /root/crs_ws_fanuc/install/ur_dashboard_msgs/include/ur_dashboard_msgs/srv/get_robot_mode__rosidl_typesupport_fastrtps_c.h
[1.684s] -- Up-to-date symlink: /root/crs_ws_fanuc/install/ur_dashboard_msgs/include/ur_dashboard_msgs/srv/get_safety_mode__rosidl_typesupport_fastrtps_c.h
[1.684s] -- Up-to-date symlink: /root/crs_ws_fanuc/install/ur_dashboard_msgs/include/ur_dashboard_msgs/srv/is_program_running__rosidl_typesupport_fastrtps_c.h
[1.684s] -- Up-to-date symlink: /root/crs_ws_fanuc/install/ur_dashboard_msgs/include/ur_dashboard_msgs/srv/is_program_saved__rosidl_typesupport_fastrtps_c.h
[1.684s] -- Up-to-date symlink: /root/crs_ws_fanuc/install/ur_dashboard_msgs/include/ur_dashboard_msgs/srv/load__rosidl_typesupport_fastrtps_c.h
[1.684s] -- Up-to-date symlink: /root/crs_ws_fanuc/install/ur_dashboard_msgs/include/ur_dashboard_msgs/srv/popup__rosidl_typesupport_fastrtps_c.h
[1.685s] -- Up-to-date symlink: /root/crs_ws_fanuc/install/ur_dashboard_msgs/include/ur_dashboard_msgs/srv/raw_request__rosidl_typesupport_fastrtps_c.h
[1.685s] -- Up-to-date symlink: /root/crs_ws_fanuc/install/ur_dashboard_msgs/lib/libur_dashboard_msgs__rosidl_typesupport_fastrtps_c.so
[1.686s] -- Up-to-date symlink: /root/crs_ws_fanuc/install/ur_dashboard_msgs/include/ur_dashboard_msgs/action/set_mode.h
[1.686s] -- Up-to-date symlink: /root/crs_ws_fanuc/install/ur_dashboard_msgs/include/ur_dashboard_msgs/action/set_mode__functions.h
[1.687s] -- Up-to-date symlink: /root/crs_ws_fanuc/install/ur_dashboard_msgs/include/ur_dashboard_msgs/action/set_mode__struct.h
[1.687s] -- Up-to-date symlink: /root/crs_ws_fanuc/install/ur_dashboard_msgs/include/ur_dashboard_msgs/action/set_mode__type_support.h
[1.687s] -- Up-to-date symlink: /root/crs_ws_fanuc/install/ur_dashboard_msgs/include/ur_dashboard_msgs/msg/program_state.h
[1.687s] -- Up-to-date symlink: /root/crs_ws_fanuc/install/ur_dashboard_msgs/include/ur_dashboard_msgs/msg/program_state__functions.h
[1.687s] -- Up-to-date symlink: /root/crs_ws_fanuc/install/ur_dashboard_msgs/include/ur_dashboard_msgs/msg/program_state__struct.h
[1.687s] -- Up-to-date symlink: /root/crs_ws_fanuc/install/ur_dashboard_msgs/include/ur_dashboard_msgs/msg/program_state__type_support.h
[1.688s] -- Up-to-date symlink: /root/crs_ws_fanuc/install/ur_dashboard_msgs/include/ur_dashboard_msgs/msg/robot_mode.h
[1.688s] -- Up-to-date symlink: /root/crs_ws_fanuc/install/ur_dashboard_msgs/include/ur_dashboard_msgs/msg/robot_mode__functions.h
[1.688s] -- Up-to-date symlink: /root/crs_ws_fanuc/install/ur_dashboard_msgs/include/ur_dashboard_msgs/msg/robot_mode__struct.h
[1.688s] -- Up-to-date symlink: /root/crs_ws_fanuc/install/ur_dashboard_msgs/include/ur_dashboard_msgs/msg/robot_mode__type_support.h
[1.688s] -- Up-to-date symlink: /root/crs_ws_fanuc/install/ur_dashboard_msgs/include/ur_dashboard_msgs/msg/rosidl_generator_c__visibility_control.h
[1.689s] -- Up-to-date symlink: /root/crs_ws_fanuc/install/ur_dashboard_msgs/include/ur_dashboard_msgs/msg/safety_mode.h
[1.689s] -- Up-to-date symlink: /root/crs_ws_fanuc/install/ur_dashboard_msgs/include/ur_dashboard_msgs/msg/safety_mode__functions.h
[1.689s] -- Up-to-date symlink: /root/crs_ws_fanuc/install/ur_dashboard_msgs/include/ur_dashboard_msgs/msg/safety_mode__struct.h
[1.689s] -- Up-to-date symlink: /root/crs_ws_fanuc/install/ur_dashboard_msgs/include/ur_dashboard_msgs/msg/safety_mode__type_support.h
[1.689s] -- Up-to-date symlink: /root/crs_ws_fanuc/install/ur_dashboard_msgs/include/ur_dashboard_msgs/srv/add_to_log.h
[1.689s] -- Up-to-date symlink: /root/crs_ws_fanuc/install/ur_dashboard_msgs/include/ur_dashboard_msgs/srv/add_to_log__functions.h
[1.690s] -- Up-to-date symlink: /root/crs_ws_fanuc/install/ur_dashboard_msgs/include/ur_dashboard_msgs/srv/add_to_log__struct.h
[1.690s] -- Up-to-date symlink: /root/crs_ws_fanuc/install/ur_dashboard_msgs/include/ur_dashboard_msgs/srv/add_to_log__type_support.h
[1.690s] -- Up-to-date symlink: /root/crs_ws_fanuc/install/ur_dashboard_msgs/include/ur_dashboard_msgs/srv/get_loaded_program.h
[1.690s] -- Up-to-date symlink: /root/crs_ws_fanuc/install/ur_dashboard_msgs/include/ur_dashboard_msgs/srv/get_loaded_program__functions.h
[1.690s] -- Up-to-date symlink: /root/crs_ws_fanuc/install/ur_dashboard_msgs/include/ur_dashboard_msgs/srv/get_loaded_program__struct.h
[1.691s] -- Up-to-date symlink: /root/crs_ws_fanuc/install/ur_dashboard_msgs/include/ur_dashboard_msgs/srv/get_loaded_program__type_support.h
[1.691s] -- Up-to-date symlink: /root/crs_ws_fanuc/install/ur_dashboard_msgs/include/ur_dashboard_msgs/srv/get_program_state.h
[1.691s] -- Up-to-date symlink: /root/crs_ws_fanuc/install/ur_dashboard_msgs/include/ur_dashboard_msgs/srv/get_program_state__functions.h
[1.691s] -- Up-to-date symlink: /root/crs_ws_fanuc/install/ur_dashboard_msgs/include/ur_dashboard_msgs/srv/get_program_state__struct.h
[1.691s] -- Up-to-date symlink: /root/crs_ws_fanuc/install/ur_dashboard_msgs/include/ur_dashboard_msgs/srv/get_program_state__type_support.h
[1.691s] -- Up-to-date symlink: /root/crs_ws_fanuc/install/ur_dashboard_msgs/include/ur_dashboard_msgs/srv/get_robot_mode.h
[1.692s] -- Up-to-date symlink: /root/crs_ws_fanuc/install/ur_dashboard_msgs/include/ur_dashboard_msgs/srv/get_robot_mode__functions.h
[1.692s] -- Up-to-date symlink: /root/crs_ws_fanuc/install/ur_dashboard_msgs/include/ur_dashboard_msgs/srv/get_robot_mode__struct.h
[1.692s] -- Up-to-date symlink: /root/crs_ws_fanuc/install/ur_dashboard_msgs/include/ur_dashboard_msgs/srv/get_robot_mode__type_support.h
[1.692s] -- Up-to-date symlink: /root/crs_ws_fanuc/install/ur_dashboard_msgs/include/ur_dashboard_msgs/srv/get_safety_mode.h
[1.692s] -- Up-to-date symlink: /root/crs_ws_fanuc/install/ur_dashboard_msgs/include/ur_dashboard_msgs/srv/get_safety_mode__functions.h
[1.692s] -- Up-to-date symlink: /root/crs_ws_fanuc/install/ur_dashboard_msgs/include/ur_dashboard_msgs/srv/get_safety_mode__struct.h
[1.693s] -- Up-to-date symlink: /root/crs_ws_fanuc/install/ur_dashboard_msgs/include/ur_dashboard_msgs/srv/get_safety_mode__type_support.h
[1.693s] -- Up-to-date symlink: /root/crs_ws_fanuc/install/ur_dashboard_msgs/include/ur_dashboard_msgs/srv/is_program_running.h
[1.693s] -- Up-to-date symlink: /root/crs_ws_fanuc/install/ur_dashboard_msgs/include/ur_dashboard_msgs/srv/is_program_running__functions.h
[1.693s] -- Up-to-date symlink: /root/crs_ws_fanuc/install/ur_dashboard_msgs/include/ur_dashboard_msgs/srv/is_program_running__struct.h
[1.693s] -- Up-to-date symlink: /root/crs_ws_fanuc/install/ur_dashboard_msgs/include/ur_dashboard_msgs/srv/is_program_running__type_support.h
[1.693s] -- Up-to-date symlink: /root/crs_ws_fanuc/install/ur_dashboard_msgs/include/ur_dashboard_msgs/srv/is_program_saved.h
[1.694s] -- Up-to-date symlink: /root/crs_ws_fanuc/install/ur_dashboard_msgs/include/ur_dashboard_msgs/srv/is_program_saved__functions.h
[1.694s] -- Up-to-date symlink: /root/crs_ws_fanuc/install/ur_dashboard_msgs/include/ur_dashboard_msgs/srv/is_program_saved__struct.h
[1.694s] -- Up-to-date symlink: /root/crs_ws_fanuc/install/ur_dashboard_msgs/include/ur_dashboard_msgs/srv/is_program_saved__type_support.h
[1.694s] -- Up-to-date symlink: /root/crs_ws_fanuc/install/ur_dashboard_msgs/include/ur_dashboard_msgs/srv/load.h
[1.694s] -- Up-to-date symlink: /root/crs_ws_fanuc/install/ur_dashboard_msgs/include/ur_dashboard_msgs/srv/load__functions.h
[1.694s] -- Up-to-date symlink: /root/crs_ws_fanuc/install/ur_dashboard_msgs/include/ur_dashboard_msgs/srv/load__struct.h
[1.694s] -- Up-to-date symlink: /root/crs_ws_fanuc/install/ur_dashboard_msgs/include/ur_dashboard_msgs/srv/load__type_support.h
[1.695s] -- Up-to-date symlink: /root/crs_ws_fanuc/install/ur_dashboard_msgs/include/ur_dashboard_msgs/srv/popup.h
[1.695s] -- Up-to-date symlink: /root/crs_ws_fanuc/install/ur_dashboard_msgs/include/ur_dashboard_msgs/srv/popup__functions.h
[1.695s] -- Up-to-date symlink: /root/crs_ws_fanuc/install/ur_dashboard_msgs/include/ur_dashboard_msgs/srv/popup__struct.h
[1.695s] -- Up-to-date symlink: /root/crs_ws_fanuc/install/ur_dashboard_msgs/include/ur_dashboard_msgs/srv/popup__type_support.h
[1.695s] -- Up-to-date symlink: /root/crs_ws_fanuc/install/ur_dashboard_msgs/include/ur_dashboard_msgs/srv/raw_request.h
[1.696s] -- Up-to-date symlink: /root/crs_ws_fanuc/install/ur_dashboard_msgs/include/ur_dashboard_msgs/srv/raw_request__functions.h
[1.696s] -- Up-to-date symlink: /root/crs_ws_fanuc/install/ur_dashboard_msgs/include/ur_dashboard_msgs/srv/raw_request__struct.h
[1.696s] -- Up-to-date symlink: /root/crs_ws_fanuc/install/ur_dashboard_msgs/include/ur_dashboard_msgs/srv/raw_request__type_support.h
[1.696s] -- Up-to-date symlink: /root/crs_ws_fanuc/install/ur_dashboard_msgs/lib/libur_dashboard_msgs__rosidl_generator_c.so
[1.697s] -- Up-to-date symlink: /root/crs_ws_fanuc/install/ur_dashboard_msgs/include/ur_dashboard_msgs/action/set_mode__rosidl_typesupport_fastrtps_cpp.hpp
[1.698s] -- Up-to-date symlink: /root/crs_ws_fanuc/install/ur_dashboard_msgs/include/ur_dashboard_msgs/msg/program_state__rosidl_typesupport_fastrtps_cpp.hpp
[1.698s] -- Up-to-date symlink: /root/crs_ws_fanuc/install/ur_dashboard_msgs/include/ur_dashboard_msgs/msg/robot_mode__rosidl_typesupport_fastrtps_cpp.hpp
[1.698s] -- Up-to-date symlink: /root/crs_ws_fanuc/install/ur_dashboard_msgs/include/ur_dashboard_msgs/msg/rosidl_typesupport_fastrtps_cpp__visibility_control.h
[1.698s] -- Up-to-date symlink: /root/crs_ws_fanuc/install/ur_dashboard_msgs/include/ur_dashboard_msgs/msg/safety_mode__rosidl_typesupport_fastrtps_cpp.hpp
[1.698s] -- Up-to-date symlink: /root/crs_ws_fanuc/install/ur_dashboard_msgs/include/ur_dashboard_msgs/srv/add_to_log__rosidl_typesupport_fastrtps_cpp.hpp
[1.698s] -- Up-to-date symlink: /root/crs_ws_fanuc/install/ur_dashboard_msgs/include/ur_dashboard_msgs/srv/get_loaded_program__rosidl_typesupport_fastrtps_cpp.hpp
[1.699s] -- Up-to-date symlink: /root/crs_ws_fanuc/install/ur_dashboard_msgs/include/ur_dashboard_msgs/srv/get_program_state__rosidl_typesupport_fastrtps_cpp.hpp
[1.699s] -- Up-to-date symlink: /root/crs_ws_fanuc/install/ur_dashboard_msgs/include/ur_dashboard_msgs/srv/get_robot_mode__rosidl_typesupport_fastrtps_cpp.hpp
[1.699s] -- Up-to-date symlink: /root/crs_ws_fanuc/install/ur_dashboard_msgs/include/ur_dashboard_msgs/srv/get_safety_mode__rosidl_typesupport_fastrtps_cpp.hpp
[1.699s] -- Up-to-date symlink: /root/crs_ws_fanuc/install/ur_dashboard_msgs/include/ur_dashboard_msgs/srv/is_program_running__rosidl_typesupport_fastrtps_cpp.hpp
[1.699s] -- Up-to-date symlink: /root/crs_ws_fanuc/install/ur_dashboard_msgs/include/ur_dashboard_msgs/srv/is_program_saved__rosidl_typesupport_fastrtps_cpp.hpp
[1.699s] -- Up-to-date symlink: /root/crs_ws_fanuc/install/ur_dashboard_msgs/include/ur_dashboard_msgs/srv/load__rosidl_typesupport_fastrtps_cpp.hpp
[1.700s] -- Up-to-date symlink: /root/crs_ws_fanuc/install/ur_dashboard_msgs/include/ur_dashboard_msgs/srv/popup__rosidl_typesupport_fastrtps_cpp.hpp
[1.700s] -- Up-to-date symlink: /root/crs_ws_fanuc/install/ur_dashboard_msgs/include/ur_dashboard_msgs/srv/raw_request__rosidl_typesupport_fastrtps_cpp.hpp
[1.700s] -- Up-to-date symlink: /root/crs_ws_fanuc/install/ur_dashboard_msgs/lib/libur_dashboard_msgs__rosidl_typesupport_fastrtps_cpp.so
[1.701s] -- Up-to-date symlink: /root/crs_ws_fanuc/install/ur_dashboard_msgs/include/ur_dashboard_msgs/action/set_mode.hpp
[1.701s] -- Up-to-date symlink: /root/crs_ws_fanuc/install/ur_dashboard_msgs/include/ur_dashboard_msgs/action/set_mode__struct.hpp
[1.701s] -- Up-to-date symlink: /root/crs_ws_fanuc/install/ur_dashboard_msgs/include/ur_dashboard_msgs/action/set_mode__traits.hpp
[1.702s] -- Up-to-date symlink: /root/crs_ws_fanuc/install/ur_dashboard_msgs/include/ur_dashboard_msgs/msg/program_state.hpp
[1.702s] -- Up-to-date symlink: /root/crs_ws_fanuc/install/ur_dashboard_msgs/include/ur_dashboard_msgs/msg/program_state__struct.hpp
[1.702s] -- Up-to-date symlink: /root/crs_ws_fanuc/install/ur_dashboard_msgs/include/ur_dashboard_msgs/msg/program_state__traits.hpp
[1.703s] -- Up-to-date symlink: /root/crs_ws_fanuc/install/ur_dashboard_msgs/include/ur_dashboard_msgs/msg/robot_mode.hpp
[1.703s] -- Up-to-date symlink: /root/crs_ws_fanuc/install/ur_dashboard_msgs/include/ur_dashboard_msgs/msg/robot_mode__struct.hpp
[1.703s] -- Up-to-date symlink: /root/crs_ws_fanuc/install/ur_dashboard_msgs/include/ur_dashboard_msgs/msg/robot_mode__traits.hpp
[1.703s] -- Up-to-date symlink: /root/crs_ws_fanuc/install/ur_dashboard_msgs/include/ur_dashboard_msgs/msg/safety_mode.hpp
[1.704s] -- Up-to-date symlink: /root/crs_ws_fanuc/install/ur_dashboard_msgs/include/ur_dashboard_msgs/msg/safety_mode__struct.hpp
[1.704s] -- Up-to-date symlink: /root/crs_ws_fanuc/install/ur_dashboard_msgs/include/ur_dashboard_msgs/msg/safety_mode__traits.hpp
[1.704s] -- Up-to-date symlink: /root/crs_ws_fanuc/install/ur_dashboard_msgs/include/ur_dashboard_msgs/srv/add_to_log.hpp
[1.704s] -- Up-to-date symlink: /root/crs_ws_fanuc/install/ur_dashboard_msgs/include/ur_dashboard_msgs/srv/add_to_log__struct.hpp
[1.705s] -- Up-to-date symlink: /root/crs_ws_fanuc/install/ur_dashboard_msgs/include/ur_dashboard_msgs/srv/add_to_log__traits.hpp
[1.705s] -- Up-to-date symlink: /root/crs_ws_fanuc/install/ur_dashboard_msgs/include/ur_dashboard_msgs/srv/get_loaded_program.hpp
[1.705s] -- Up-to-date symlink: /root/crs_ws_fanuc/install/ur_dashboard_msgs/include/ur_dashboard_msgs/srv/get_loaded_program__struct.hpp
[1.706s] -- Up-to-date symlink: /root/crs_ws_fanuc/install/ur_dashboard_msgs/include/ur_dashboard_msgs/srv/get_loaded_program__traits.hpp
[1.706s] -- Up-to-date symlink: /root/crs_ws_fanuc/install/ur_dashboard_msgs/include/ur_dashboard_msgs/srv/get_program_state.hpp
[1.706s] -- Up-to-date symlink: /root/crs_ws_fanuc/install/ur_dashboard_msgs/include/ur_dashboard_msgs/srv/get_program_state__struct.hpp
[1.706s] -- Up-to-date symlink: /root/crs_ws_fanuc/install/ur_dashboard_msgs/include/ur_dashboard_msgs/srv/get_program_state__traits.hpp
[1.707s] -- Up-to-date symlink: /root/crs_ws_fanuc/install/ur_dashboard_msgs/include/ur_dashboard_msgs/srv/get_robot_mode.hpp
[1.707s] -- Up-to-date symlink: /root/crs_ws_fanuc/install/ur_dashboard_msgs/include/ur_dashboard_msgs/srv/get_robot_mode__struct.hpp
[1.707s] -- Up-to-date symlink: /root/crs_ws_fanuc/install/ur_dashboard_msgs/include/ur_dashboard_msgs/srv/get_robot_mode__traits.hpp
[1.707s] -- Up-to-date symlink: /root/crs_ws_fanuc/install/ur_dashboard_msgs/include/ur_dashboard_msgs/srv/get_safety_mode.hpp
[1.708s] -- Up-to-date symlink: /root/crs_ws_fanuc/install/ur_dashboard_msgs/include/ur_dashboard_msgs/srv/get_safety_mode__struct.hpp
[1.708s] -- Up-to-date symlink: /root/crs_ws_fanuc/install/ur_dashboard_msgs/include/ur_dashboard_msgs/srv/get_safety_mode__traits.hpp
[1.708s] -- Up-to-date symlink: /root/crs_ws_fanuc/install/ur_dashboard_msgs/include/ur_dashboard_msgs/srv/is_program_running.hpp
[1.709s] -- Up-to-date symlink: /root/crs_ws_fanuc/install/ur_dashboard_msgs/include/ur_dashboard_msgs/srv/is_program_running__struct.hpp
[1.709s] -- Up-to-date symlink: /root/crs_ws_fanuc/install/ur_dashboard_msgs/include/ur_dashboard_msgs/srv/is_program_running__traits.hpp
[1.709s] -- Up-to-date symlink: /root/crs_ws_fanuc/install/ur_dashboard_msgs/include/ur_dashboard_msgs/srv/is_program_saved.hpp
[1.709s] -- Up-to-date symlink: /root/crs_ws_fanuc/install/ur_dashboard_msgs/include/ur_dashboard_msgs/srv/is_program_saved__struct.hpp
[1.710s] -- Up-to-date symlink: /root/crs_ws_fanuc/install/ur_dashboard_msgs/include/ur_dashboard_msgs/srv/is_program_saved__traits.hpp
[1.710s] -- Up-to-date symlink: /root/crs_ws_fanuc/install/ur_dashboard_msgs/include/ur_dashboard_msgs/srv/load.hpp
[1.710s] -- Up-to-date symlink: /root/crs_ws_fanuc/install/ur_dashboard_msgs/include/ur_dashboard_msgs/srv/load__struct.hpp
[1.711s] -- Up-to-date symlink: /root/crs_ws_fanuc/install/ur_dashboard_msgs/include/ur_dashboard_msgs/srv/load__traits.hpp
[1.711s] -- Up-to-date symlink: /root/crs_ws_fanuc/install/ur_dashboard_msgs/include/ur_dashboard_msgs/srv/popup.hpp
[1.711s] -- Up-to-date symlink: /root/crs_ws_fanuc/install/ur_dashboard_msgs/include/ur_dashboard_msgs/srv/popup__struct.hpp
[1.711s] -- Up-to-date symlink: /root/crs_ws_fanuc/install/ur_dashboard_msgs/include/ur_dashboard_msgs/srv/popup__traits.hpp
[1.712s] -- Up-to-date symlink: /root/crs_ws_fanuc/install/ur_dashboard_msgs/include/ur_dashboard_msgs/srv/raw_request.hpp
[1.712s] -- Up-to-date symlink: /root/crs_ws_fanuc/install/ur_dashboard_msgs/include/ur_dashboard_msgs/srv/raw_request__struct.hpp
[1.712s] -- Up-to-date symlink: /root/crs_ws_fanuc/install/ur_dashboard_msgs/include/ur_dashboard_msgs/srv/raw_request__traits.hpp
[1.713s] -- Up-to-date symlink: /root/crs_ws_fanuc/install/ur_dashboard_msgs/include/ur_dashboard_msgs/action/set_mode__rosidl_typesupport_introspection_c.h
[1.714s] -- Up-to-date symlink: /root/crs_ws_fanuc/install/ur_dashboard_msgs/include/ur_dashboard_msgs/msg/program_state__rosidl_typesupport_introspection_c.h
[1.714s] -- Up-to-date symlink: /root/crs_ws_fanuc/install/ur_dashboard_msgs/include/ur_dashboard_msgs/msg/robot_mode__rosidl_typesupport_introspection_c.h
[1.714s] -- Up-to-date symlink: /root/crs_ws_fanuc/install/ur_dashboard_msgs/include/ur_dashboard_msgs/msg/rosidl_typesupport_introspection_c__visibility_control.h
[1.715s] -- Up-to-date symlink: /root/crs_ws_fanuc/install/ur_dashboard_msgs/include/ur_dashboard_msgs/msg/safety_mode__rosidl_typesupport_introspection_c.h
[1.715s] -- Up-to-date symlink: /root/crs_ws_fanuc/install/ur_dashboard_msgs/include/ur_dashboard_msgs/srv/add_to_log__rosidl_typesupport_introspection_c.h
[1.715s] -- Up-to-date symlink: /root/crs_ws_fanuc/install/ur_dashboard_msgs/include/ur_dashboard_msgs/srv/get_loaded_program__rosidl_typesupport_introspection_c.h
[1.715s] -- Up-to-date symlink: /root/crs_ws_fanuc/install/ur_dashboard_msgs/include/ur_dashboard_msgs/srv/get_program_state__rosidl_typesupport_introspection_c.h
[1.716s] -- Up-to-date symlink: /root/crs_ws_fanuc/install/ur_dashboard_msgs/include/ur_dashboard_msgs/srv/get_robot_mode__rosidl_typesupport_introspection_c.h
[1.716s] -- Up-to-date symlink: /root/crs_ws_fanuc/install/ur_dashboard_msgs/include/ur_dashboard_msgs/srv/get_safety_mode__rosidl_typesupport_introspection_c.h
[1.716s] -- Up-to-date symlink: /root/crs_ws_fanuc/install/ur_dashboard_msgs/include/ur_dashboard_msgs/srv/is_program_running__rosidl_typesupport_introspection_c.h
[1.717s] -- Up-to-date symlink: /root/crs_ws_fanuc/install/ur_dashboard_msgs/include/ur_dashboard_msgs/srv/is_program_saved__rosidl_typesupport_introspection_c.h
[1.717s] -- Up-to-date symlink: /root/crs_ws_fanuc/install/ur_dashboard_msgs/include/ur_dashboard_msgs/srv/load__rosidl_typesupport_introspection_c.h
[1.717s] -- Up-to-date symlink: /root/crs_ws_fanuc/install/ur_dashboard_msgs/include/ur_dashboard_msgs/srv/popup__rosidl_typesupport_introspection_c.h
[1.717s] -- Up-to-date symlink: /root/crs_ws_fanuc/install/ur_dashboard_msgs/include/ur_dashboard_msgs/srv/raw_request__rosidl_typesupport_introspection_c.h
[1.718s] -- Up-to-date symlink: /root/crs_ws_fanuc/install/ur_dashboard_msgs/lib/libur_dashboard_msgs__rosidl_typesupport_introspection_c.so
[1.719s] -- Up-to-date symlink: /root/crs_ws_fanuc/install/ur_dashboard_msgs/include/ur_dashboard_msgs/action/set_mode__rosidl_typesupport_introspection_cpp.hpp
[1.719s] -- Up-to-date symlink: /root/crs_ws_fanuc/install/ur_dashboard_msgs/include/ur_dashboard_msgs/msg/program_state__rosidl_typesupport_introspection_cpp.hpp
[1.720s] -- Up-to-date symlink: /root/crs_ws_fanuc/install/ur_dashboard_msgs/include/ur_dashboard_msgs/msg/robot_mode__rosidl_typesupport_introspection_cpp.hpp
[1.720s] -- Up-to-date symlink: /root/crs_ws_fanuc/install/ur_dashboard_msgs/include/ur_dashboard_msgs/msg/safety_mode__rosidl_typesupport_introspection_cpp.hpp
[1.720s] -- Up-to-date symlink: /root/crs_ws_fanuc/install/ur_dashboard_msgs/include/ur_dashboard_msgs/srv/add_to_log__rosidl_typesupport_introspection_cpp.hpp
[1.721s] -- Up-to-date symlink: /root/crs_ws_fanuc/install/ur_dashboard_msgs/include/ur_dashboard_msgs/srv/get_loaded_program__rosidl_typesupport_introspection_cpp.hpp
[1.721s] -- Up-to-date symlink: /root/crs_ws_fanuc/install/ur_dashboard_msgs/include/ur_dashboard_msgs/srv/get_program_state__rosidl_typesupport_introspection_cpp.hpp
[1.721s] -- Up-to-date symlink: /root/crs_ws_fanuc/install/ur_dashboard_msgs/include/ur_dashboard_msgs/srv/get_robot_mode__rosidl_typesupport_introspection_cpp.hpp
[1.721s] -- Up-to-date symlink: /root/crs_ws_fanuc/install/ur_dashboard_msgs/include/ur_dashboard_msgs/srv/get_safety_mode__rosidl_typesupport_introspection_cpp.hpp
[1.722s] -- Up-to-date symlink: /root/crs_ws_fanuc/install/ur_dashboard_msgs/include/ur_dashboard_msgs/srv/is_program_running__rosidl_typesupport_introspection_cpp.hpp
[1.722s] -- Up-to-date symlink: /root/crs_ws_fanuc/install/ur_dashboard_msgs/include/ur_dashboard_msgs/srv/is_program_saved__rosidl_typesupport_introspection_cpp.hpp
[1.722s] -- Up-to-date symlink: /root/crs_ws_fanuc/install/ur_dashboard_msgs/include/ur_dashboard_msgs/srv/load__rosidl_typesupport_introspection_cpp.hpp
[1.722s] -- Up-to-date symlink: /root/crs_ws_fanuc/install/ur_dashboard_msgs/include/ur_dashboard_msgs/srv/popup__rosidl_typesupport_introspection_cpp.hpp
[1.723s] -- Up-to-date symlink: /root/crs_ws_fanuc/install/ur_dashboard_msgs/include/ur_dashboard_msgs/srv/raw_request__rosidl_typesupport_introspection_cpp.hpp
[1.723s] -- Up-to-date symlink: /root/crs_ws_fanuc/install/ur_dashboard_msgs/lib/libur_dashboard_msgs__rosidl_typesupport_introspection_cpp.so
[1.724s] -- Up-to-date symlink: /root/crs_ws_fanuc/install/ur_dashboard_msgs/share/ur_dashboard_msgs/environment/pythonpath.sh
[1.724s] -- Up-to-date symlink: /root/crs_ws_fanuc/install/ur_dashboard_msgs/share/ur_dashboard_msgs/environment/pythonpath.dsv
[1.725s] -- Up-to-date symlink: /root/crs_ws_fanuc/install/ur_dashboard_msgs/lib/python3.6/site-packages/ur_dashboard_msgs/__init__.py
[1.725s] -- Up-to-date symlink: /root/crs_ws_fanuc/install/ur_dashboard_msgs/lib/python3.6/site-packages/ur_dashboard_msgs/msg/__init__.py
[1.726s] -- Up-to-date symlink: /root/crs_ws_fanuc/install/ur_dashboard_msgs/lib/python3.6/site-packages/ur_dashboard_msgs/msg/_program_state.py
[1.726s] -- Up-to-date symlink: /root/crs_ws_fanuc/install/ur_dashboard_msgs/lib/python3.6/site-packages/ur_dashboard_msgs/msg/_robot_mode.py
[1.726s] -- Up-to-date symlink: /root/crs_ws_fanuc/install/ur_dashboard_msgs/lib/python3.6/site-packages/ur_dashboard_msgs/msg/_safety_mode.py
[1.727s] -- Up-to-date symlink: /root/crs_ws_fanuc/install/ur_dashboard_msgs/lib/python3.6/site-packages/ur_dashboard_msgs/srv/__init__.py
[1.727s] -- Up-to-date symlink: /root/crs_ws_fanuc/install/ur_dashboard_msgs/lib/python3.6/site-packages/ur_dashboard_msgs/srv/_add_to_log.py
[1.727s] -- Up-to-date symlink: /root/crs_ws_fanuc/install/ur_dashboard_msgs/lib/python3.6/site-packages/ur_dashboard_msgs/srv/_get_loaded_program.py
[1.728s] -- Up-to-date symlink: /root/crs_ws_fanuc/install/ur_dashboard_msgs/lib/python3.6/site-packages/ur_dashboard_msgs/srv/_get_program_state.py
[1.728s] -- Up-to-date symlink: /root/crs_ws_fanuc/install/ur_dashboard_msgs/lib/python3.6/site-packages/ur_dashboard_msgs/srv/_get_robot_mode.py
[1.728s] -- Up-to-date symlink: /root/crs_ws_fanuc/install/ur_dashboard_msgs/lib/python3.6/site-packages/ur_dashboard_msgs/srv/_get_safety_mode.py
[1.728s] -- Up-to-date symlink: /root/crs_ws_fanuc/install/ur_dashboard_msgs/lib/python3.6/site-packages/ur_dashboard_msgs/srv/_is_program_running.py
[1.729s] -- Up-to-date symlink: /root/crs_ws_fanuc/install/ur_dashboard_msgs/lib/python3.6/site-packages/ur_dashboard_msgs/srv/_is_program_saved.py
[1.729s] -- Up-to-date symlink: /root/crs_ws_fanuc/install/ur_dashboard_msgs/lib/python3.6/site-packages/ur_dashboard_msgs/srv/_load.py
[1.729s] -- Up-to-date symlink: /root/crs_ws_fanuc/install/ur_dashboard_msgs/lib/python3.6/site-packages/ur_dashboard_msgs/srv/_popup.py
[1.729s] -- Up-to-date symlink: /root/crs_ws_fanuc/install/ur_dashboard_msgs/lib/python3.6/site-packages/ur_dashboard_msgs/srv/_raw_request.py
[1.730s] -- Up-to-date symlink: /root/crs_ws_fanuc/install/ur_dashboard_msgs/lib/python3.6/site-packages/ur_dashboard_msgs/action/__init__.py
[1.730s] -- Up-to-date symlink: /root/crs_ws_fanuc/install/ur_dashboard_msgs/lib/python3.6/site-packages/ur_dashboard_msgs/action/_set_mode.py
[1.731s] -- Up-to-date symlink: /root/crs_ws_fanuc/install/ur_dashboard_msgs/lib/python3.6/site-packages/ur_dashboard_msgs/ur_dashboard_msgs_s__rosidl_typesupport_c.cpython-36m-x86_64-linux-gnu.so
[1.732s] -- Up-to-date symlink: /root/crs_ws_fanuc/install/ur_dashboard_msgs/lib/python3.6/site-packages/ur_dashboard_msgs/ur_dashboard_msgs_s__rosidl_typesupport_fastrtps_c.cpython-36m-x86_64-linux-gnu.so
[1.732s] -- Up-to-date symlink: /root/crs_ws_fanuc/install/ur_dashboard_msgs/lib/libur_dashboard_msgs__python.so
[1.732s] -- Up-to-date symlink: /root/crs_ws_fanuc/install/ur_dashboard_msgs/share/ur_dashboard_msgs/msg/ProgramState.idl
[1.733s] -- Up-to-date symlink: /root/crs_ws_fanuc/install/ur_dashboard_msgs/share/ur_dashboard_msgs/msg/RobotMode.idl
[1.733s] -- Up-to-date symlink: /root/crs_ws_fanuc/install/ur_dashboard_msgs/share/ur_dashboard_msgs/msg/SafetyMode.idl
[1.734s] -- Up-to-date symlink: /root/crs_ws_fanuc/install/ur_dashboard_msgs/share/ur_dashboard_msgs/srv/AddToLog.idl
[1.734s] -- Up-to-date symlink: /root/crs_ws_fanuc/install/ur_dashboard_msgs/share/ur_dashboard_msgs/srv/GetLoadedProgram.idl
[1.734s] -- Up-to-date symlink: /root/crs_ws_fanuc/install/ur_dashboard_msgs/share/ur_dashboard_msgs/srv/GetProgramState.idl
[1.735s] -- Up-to-date symlink: /root/crs_ws_fanuc/install/ur_dashboard_msgs/share/ur_dashboard_msgs/srv/GetRobotMode.idl
[1.735s] -- Up-to-date symlink: /root/crs_ws_fanuc/install/ur_dashboard_msgs/share/ur_dashboard_msgs/srv/GetSafetyMode.idl
[1.736s] -- Up-to-date symlink: /root/crs_ws_fanuc/install/ur_dashboard_msgs/share/ur_dashboard_msgs/srv/IsProgramRunning.idl
[1.736s] -- Up-to-date symlink: /root/crs_ws_fanuc/install/ur_dashboard_msgs/share/ur_dashboard_msgs/srv/IsProgramSaved.idl
[1.736s] -- Up-to-date symlink: /root/crs_ws_fanuc/install/ur_dashboard_msgs/share/ur_dashboard_msgs/srv/Load.idl
[1.737s] -- Up-to-date symlink: /root/crs_ws_fanuc/install/ur_dashboard_msgs/share/ur_dashboard_msgs/srv/Popup.idl
[1.737s] -- Up-to-date symlink: /root/crs_ws_fanuc/install/ur_dashboard_msgs/share/ur_dashboard_msgs/srv/RawRequest.idl
[1.738s] -- Up-to-date symlink: /root/crs_ws_fanuc/install/ur_dashboard_msgs/share/ur_dashboard_msgs/action/SetMode.idl
[1.738s] -- Up-to-date symlink: /root/crs_ws_fanuc/install/ur_dashboard_msgs/share/ur_dashboard_msgs/msg/ProgramState.msg
[1.738s] -- Up-to-date symlink: /root/crs_ws_fanuc/install/ur_dashboard_msgs/share/ur_dashboard_msgs/msg/RobotMode.msg
[1.739s] -- Up-to-date symlink: /root/crs_ws_fanuc/install/ur_dashboard_msgs/share/ur_dashboard_msgs/msg/SafetyMode.msg
[1.739s] -- Up-to-date symlink: /root/crs_ws_fanuc/install/ur_dashboard_msgs/share/ur_dashboard_msgs/srv/AddToLog.srv
[1.740s] -- Up-to-date symlink: /root/crs_ws_fanuc/install/ur_dashboard_msgs/share/ur_dashboard_msgs/srv/AddToLog_Request.msg
[1.740s] -- Up-to-date symlink: /root/crs_ws_fanuc/install/ur_dashboard_msgs/share/ur_dashboard_msgs/srv/AddToLog_Response.msg
[1.740s] -- Up-to-date symlink: /root/crs_ws_fanuc/install/ur_dashboard_msgs/share/ur_dashboard_msgs/srv/GetLoadedProgram.srv
[1.741s] -- Up-to-date symlink: /root/crs_ws_fanuc/install/ur_dashboard_msgs/share/ur_dashboard_msgs/srv/GetLoadedProgram_Request.msg
[1.741s] -- Up-to-date symlink: /root/crs_ws_fanuc/install/ur_dashboard_msgs/share/ur_dashboard_msgs/srv/GetLoadedProgram_Response.msg
[1.741s] -- Up-to-date symlink: /root/crs_ws_fanuc/install/ur_dashboard_msgs/share/ur_dashboard_msgs/srv/GetProgramState.srv
[1.742s] -- Up-to-date symlink: /root/crs_ws_fanuc/install/ur_dashboard_msgs/share/ur_dashboard_msgs/srv/GetProgramState_Request.msg
[1.742s] -- Up-to-date symlink: /root/crs_ws_fanuc/install/ur_dashboard_msgs/share/ur_dashboard_msgs/srv/GetProgramState_Response.msg
[1.743s] -- Up-to-date symlink: /root/crs_ws_fanuc/install/ur_dashboard_msgs/share/ur_dashboard_msgs/srv/GetRobotMode.srv
[1.743s] -- Up-to-date symlink: /root/crs_ws_fanuc/install/ur_dashboard_msgs/share/ur_dashboard_msgs/srv/GetRobotMode_Request.msg
[1.743s] -- Up-to-date symlink: /root/crs_ws_fanuc/install/ur_dashboard_msgs/share/ur_dashboard_msgs/srv/GetRobotMode_Response.msg
[1.748s] -- Up-to-date symlink: /root/crs_ws_fanuc/install/ur_dashboard_msgs/share/ur_dashboard_msgs/srv/GetSafetyMode.srv
[1.748s] -- Up-to-date symlink: /root/crs_ws_fanuc/install/ur_dashboard_msgs/share/ur_dashboard_msgs/srv/GetSafetyMode_Request.msg
[1.748s] -- Up-to-date symlink: /root/crs_ws_fanuc/install/ur_dashboard_msgs/share/ur_dashboard_msgs/srv/GetSafetyMode_Response.msg
[1.748s] -- Up-to-date symlink: /root/crs_ws_fanuc/install/ur_dashboard_msgs/share/ur_dashboard_msgs/srv/IsProgramRunning.srv
[1.749s] -- Up-to-date symlink: /root/crs_ws_fanuc/install/ur_dashboard_msgs/share/ur_dashboard_msgs/srv/IsProgramRunning_Request.msg
[1.751s] -- Up-to-date symlink: /root/crs_ws_fanuc/install/ur_dashboard_msgs/share/ur_dashboard_msgs/srv/IsProgramRunning_Response.msg
[1.751s] -- Up-to-date symlink: /root/crs_ws_fanuc/install/ur_dashboard_msgs/share/ur_dashboard_msgs/srv/IsProgramSaved.srv
[1.751s] -- Up-to-date symlink: /root/crs_ws_fanuc/install/ur_dashboard_msgs/share/ur_dashboard_msgs/srv/IsProgramSaved_Request.msg
[1.751s] -- Up-to-date symlink: /root/crs_ws_fanuc/install/ur_dashboard_msgs/share/ur_dashboard_msgs/srv/IsProgramSaved_Response.msg
[1.752s] -- Up-to-date symlink: /root/crs_ws_fanuc/install/ur_dashboard_msgs/share/ur_dashboard_msgs/srv/Load.srv
[1.753s] -- Up-to-date symlink: /root/crs_ws_fanuc/install/ur_dashboard_msgs/share/ur_dashboard_msgs/srv/Load_Request.msg
[1.753s] -- Up-to-date symlink: /root/crs_ws_fanuc/install/ur_dashboard_msgs/share/ur_dashboard_msgs/srv/Load_Response.msg
[1.753s] -- Up-to-date symlink: /root/crs_ws_fanuc/install/ur_dashboard_msgs/share/ur_dashboard_msgs/srv/Popup.srv
[1.753s] -- Up-to-date symlink: /root/crs_ws_fanuc/install/ur_dashboard_msgs/share/ur_dashboard_msgs/srv/Popup_Request.msg
[1.754s] -- Up-to-date symlink: /root/crs_ws_fanuc/install/ur_dashboard_msgs/share/ur_dashboard_msgs/srv/Popup_Response.msg
[1.754s] -- Up-to-date symlink: /root/crs_ws_fanuc/install/ur_dashboard_msgs/share/ur_dashboard_msgs/srv/RawRequest.srv
[1.755s] -- Up-to-date symlink: /root/crs_ws_fanuc/install/ur_dashboard_msgs/share/ur_dashboard_msgs/srv/RawRequest_Request.msg
[1.756s] -- Up-to-date symlink: /root/crs_ws_fanuc/install/ur_dashboard_msgs/share/ur_dashboard_msgs/srv/RawRequest_Response.msg
[1.756s] -- Up-to-date symlink: /root/crs_ws_fanuc/install/ur_dashboard_msgs/share/ur_dashboard_msgs/action/SetMode.action
[1.758s] -- Up-to-date symlink: /root/crs_ws_fanuc/install/ur_dashboard_msgs/share/ament_index/resource_index/package_run_dependencies/ur_dashboard_msgs
[1.758s] -- Up-to-date symlink: /root/crs_ws_fanuc/install/ur_dashboard_msgs/share/ament_index/resource_index/parent_prefix_path/ur_dashboard_msgs
[1.758s] -- Up-to-date symlink: /root/crs_ws_fanuc/install/ur_dashboard_msgs/share/ur_dashboard_msgs/environment/ament_prefix_path.sh
[1.761s] -- Up-to-date symlink: /root/crs_ws_fanuc/install/ur_dashboard_msgs/share/ur_dashboard_msgs/environment/ament_prefix_path.dsv
[1.761s] -- Up-to-date symlink: /root/crs_ws_fanuc/install/ur_dashboard_msgs/share/ur_dashboard_msgs/environment/path.sh
[1.761s] -- Up-to-date symlink: /root/crs_ws_fanuc/install/ur_dashboard_msgs/share/ur_dashboard_msgs/environment/path.dsv
[1.761s] -- Up-to-date symlink: /root/crs_ws_fanuc/install/ur_dashboard_msgs/share/ur_dashboard_msgs/local_setup.bash
[1.762s] -- Up-to-date symlink: /root/crs_ws_fanuc/install/ur_dashboard_msgs/share/ur_dashboard_msgs/local_setup.sh
[1.762s] -- Up-to-date symlink: /root/crs_ws_fanuc/install/ur_dashboard_msgs/share/ur_dashboard_msgs/local_setup.zsh
[1.762s] -- Up-to-date symlink: /root/crs_ws_fanuc/install/ur_dashboard_msgs/share/ur_dashboard_msgs/local_setup.dsv
[1.762s] -- Symlinking: /root/crs_ws_fanuc/install/ur_dashboard_msgs/share/ur_dashboard_msgs/package.dsv
[1.764s] -- Up-to-date symlink: /root/crs_ws_fanuc/install/ur_dashboard_msgs/share/ament_index/resource_index/packages/ur_dashboard_msgs
[1.764s] -- Up-to-date symlink: /root/crs_ws_fanuc/install/ur_dashboard_msgs/share/ur_dashboard_msgs/cmake/rosidl_cmake-extras.cmake
[1.764s] -- Up-to-date symlink: /root/crs_ws_fanuc/install/ur_dashboard_msgs/share/ur_dashboard_msgs/cmake/ament_cmake_export_dependencies-extras.cmake
[1.765s] -- Up-to-date symlink: /root/crs_ws_fanuc/install/ur_dashboard_msgs/share/ur_dashboard_msgs/cmake/ament_cmake_export_libraries-extras.cmake
[1.765s] -- Up-to-date symlink: /root/crs_ws_fanuc/install/ur_dashboard_msgs/share/ur_dashboard_msgs/cmake/ament_cmake_export_include_directories-extras.cmake
[1.765s] -- Up-to-date symlink: /root/crs_ws_fanuc/install/ur_dashboard_msgs/share/ur_dashboard_msgs/cmake/ur_dashboard_msgsConfig.cmake
[1.765s] -- Up-to-date symlink: /root/crs_ws_fanuc/install/ur_dashboard_msgs/share/ur_dashboard_msgs/cmake/ur_dashboard_msgsConfig-version.cmake
[1.766s] -- Up-to-date symlink: /root/crs_ws_fanuc/install/ur_dashboard_msgs/share/ur_dashboard_msgs/package.xml
[1.832s] Invoked command in '/root/crs_ws_fanuc/build/ur_dashboard_msgs' returned '0': CMAKE_PREFIX_PATH=${CMAKE_PREFIX_PATH}:/opt/ros/eloquent /usr/bin/cmake --build /root/crs_ws_fanuc/build/ur_dashboard_msgs --target install -- -j8 -l8
