[0.045s] Invoking command in '/root/crs_ws_fanuc/build/crs_area_selection': CMAKE_PREFIX_PATH=/root/crs_ws_fanuc/install/crs_msgs:/root/crs_ws_fanuc/install/cartesian_trajectory_msgs:/root/crs_ws_fanuc/install/crs_utils_py:/opt/ros/eloquent:/opt/ros/melodic:/root/crs_ws_fanuc/install/trajopt_tools:/root/crs_ws_fanuc/install/vhacd:/root/crs_ws_fanuc/install/crs_gui:/root/crs_ws_fanuc/install/crs_application:/root/crs_ws_fanuc/install/crs_motion_planning:/root/crs_ws_fanuc/install/ur_ikfast_kinematics:/root/crs_ws_fanuc/install/crs_robot_comms:/root/crs_ws_fanuc/install/ur_dashboard_msgs:/root/crs_ws_fanuc/install/trajopt_sqp:/root/crs_ws_fanuc/install/trajopt_ifopt:/root/crs_ws_fanuc/install/tesseract_monitoring:/root/crs_ws_fanuc/install/tesseract_rosutils:/root/crs_ws_fanuc/install/tesseract_process_planners:/root/crs_ws_fanuc/install/tesseract_motion_planners:/root/crs_ws_fanuc/install/trajopt:/root/crs_ws_fanuc/install/trajopt_sco:/root/crs_ws_fanuc/install/trajopt_utils:/root/crs_ws_fanuc/install/tesseract_visualization:/root/crs_ws_fanuc/install/tesseract:/root/crs_ws_fanuc/install/tesseract_urdf:/root/crs_ws_fanuc/install/tesseract_plugins:/root/crs_ws_fanuc/install/tesseract_environment:/root/crs_ws_fanuc/install/tesseract_collision:/root/crs_ws_fanuc/install/tesseract_support:/root/crs_ws_fanuc/install/tesseract_kinematics:/root/crs_ws_fanuc/install/tesseract_scene_graph:/root/crs_ws_fanuc/install/tesseract_msgs:/root/crs_ws_fanuc/install/tesseract_geometry:/root/crs_ws_fanuc/install/tesseract_common:/root/crs_ws_fanuc/install/rclcpp_scxml_demos:/root/crs_ws_fanuc/install/scxml_core:/root/crs_ws_fanuc/install/region_detection_rclcpp:/root/crs_ws_fanuc/install/region_detection_msgs:/root/crs_ws_fanuc/install/region_detection_core:/root/crs_ws_fanuc/install/osqp_eigen:/root/crs_ws_fanuc/install/osqp:/root/crs_ws_fanuc/install/descartes_opw:/root/crs_ws_fanuc/install/opw_kinematics:/root/crs_ws_fanuc/install/octomap_msgs:/root/crs_ws_fanuc/install/fcl:/root/crs_ws_fanuc/install/libccd:/root/crs_ws_fanuc/install/iterative_spline_parameterization:/root/crs_ws_fanuc/install/ifopt:/root/crs_ws_fanuc/install/gtest:/root/crs_ws_fanuc/install/descartes_samplers:/root/crs_ws_fanuc/install/descartes_ikfast:/root/crs_ws_fanuc/install/descartes_light:/root/crs_ws_fanuc/install/crs_toolpath_gen:/root/crs_ws_fanuc/install/crs_support:/root/crs_ws_fanuc/install/crs_process_data:/root/crs_ws_fanuc/install/crs_perception:/root/crs_ws_fanuc/install/crs_area_selection:/root/crs_ws_fanuc/install/crs_gazebo_plugins:/root/crs_ws_fanuc/install/bullet3:/opt/qt513/lib/cmake LD_LIBRARY_PATH=/root/crs_ws_fanuc/install/crs_msgs/lib:/root/crs_ws_fanuc/install/cartesian_trajectory_msgs/lib:/opt/ros/melodic/lib:/root/crs_ws_fanuc/install/vhacd/lib:/root/crs_ws_fanuc/install/crs_gui/lib:/root/crs_ws_fanuc/install/crs_application/lib:/root/crs_ws_fanuc/install/crs_motion_planning/lib:/root/crs_ws_fanuc/install/ur_ikfast_kinematics/lib:/root/crs_ws_fanuc/install/ur_dashboard_msgs/lib:/root/crs_ws_fanuc/install/trajopt_sqp/lib:/root/crs_ws_fanuc/install/trajopt_ifopt/lib:/root/crs_ws_fanuc/install/tesseract_monitoring/lib:/root/crs_ws_fanuc/install/tesseract_process_planners/lib:/root/crs_ws_fanuc/install/tesseract_motion_planners/lib:/root/crs_ws_fanuc/install/trajopt/lib:/root/crs_ws_fanuc/install/trajopt_sco/lib:/root/crs_ws_fanuc/install/trajopt_utils/lib:/root/crs_ws_fanuc/install/tesseract/lib:/root/crs_ws_fanuc/install/tesseract_urdf/lib:/root/crs_ws_fanuc/install/tesseract_plugins/lib:/root/crs_ws_fanuc/install/tesseract_environment/lib:/root/crs_ws_fanuc/install/tesseract_collision/lib:/root/crs_ws_fanuc/install/tesseract_kinematics/lib:/root/crs_ws_fanuc/install/tesseract_scene_graph/lib:/root/crs_ws_fanuc/install/tesseract_msgs/lib:/root/crs_ws_fanuc/install/scxml_core/lib:/root/crs_ws_fanuc/install/region_detection_msgs/lib:/root/crs_ws_fanuc/install/region_detection_core/lib:/root/crs_ws_fanuc/install/osqp_eigen/lib:/root/crs_ws_fanuc/install/osqp/lib:/root/crs_ws_fanuc/install/descartes_opw/lib:/root/crs_ws_fanuc/install/octomap_msgs/lib:/root/crs_ws_fanuc/install/fcl/lib:/root/crs_ws_fanuc/install/libccd/lib:/root/crs_ws_fanuc/install/ifopt/lib:/root/crs_ws_fanuc/install/gtest/lib:/root/crs_ws_fanuc/install/descartes_samplers/lib:/root/crs_ws_fanuc/install/descartes_light/lib:/root/crs_ws_fanuc/install/crs_perception/lib:/root/crs_ws_fanuc/install/crs_area_selection/lib:/root/crs_ws_fanuc/install/crs_gazebo_plugins/lib:/root/crs_ws_fanuc/install/bullet3/lib:/opt/qt513/plugins:/opt/qt513/lib:/usr/lib/x86_64-linux-gnu/gazebo-9/plugins:/opt/ros/eloquent/opt/yaml_cpp_vendor/lib:/opt/ros/eloquent/opt/rviz_ogre_vendor/lib:/opt/ros/eloquent/lib/x86_64-linux-gnu:/opt/ros/eloquent/lib PYTHONPATH=/root/crs_ws_fanuc/install/crs_msgs/lib/python3.6/site-packages:/root/crs_ws_fanuc/install/cartesian_trajectory_msgs/lib/python3.6/site-packages:/opt/ros/melodic/lib/python2.7/dist-packages:/root/crs_ws_fanuc/install/ur_dashboard_msgs/lib/python3.6/site-packages:/root/crs_ws_fanuc/install/tesseract_msgs/lib/python3.6/site-packages:/root/crs_ws_fanuc/install/region_detection_msgs/lib/python3.6/site-packages:/root/crs_ws_fanuc/install/octomap_msgs/lib/python3.6/site-packages:/root/crs_ws_fanuc/install/crs_utils_py/lib/python3.6/site-packages:/opt/ros/eloquent/lib/python3.6/site-packages /usr/bin/cmake /root/crs_ws_fanuc/src/collaborative-robotic-sanding/crs_area_selection -DAMENT_CMAKE_SYMLINK_INSTALL=1 -DCMAKE_INSTALL_PREFIX=/root/crs_ws_fanuc/install/crs_area_selection
[0.148s] -- The CXX compiler identification is GNU 7.5.0
[0.161s] -- Check for working CXX compiler: /usr/bin/c++
[0.287s] -- Check for working CXX compiler: /usr/bin/c++ -- works
[0.288s] -- Detecting CXX compiler ABI info
[0.413s] -- Detecting CXX compiler ABI info - done
[0.419s] -- Detecting CXX compile features
[0.965s] -- Detecting CXX compile features - done
[0.970s] -- Found ament_cmake: 0.8.3 (/opt/ros/eloquent/share/ament_cmake/cmake)
[1.023s] -- Found PythonInterp: /usr/bin/python3 (found suitable version "3.6.9", minimum required is "3") 
[1.023s] -- Using PYTHON_EXECUTABLE: /usr/bin/python3
[1.291s] -- Override CMake install command with custom implementation using symlinks instead of copying resources
[1.340s] -- Found ament_index_cpp: 0.7.2 (/opt/ros/eloquent/share/ament_index_cpp/cmake)
[1.347s] -- Found rclcpp: 0.8.5 (/opt/ros/eloquent/share/rclcpp/cmake)
[1.387s] -- Found rosidl_adapter: 0.8.3 (/opt/ros/eloquent/share/rosidl_adapter/cmake)
[1.466s] -- Found rmw_implementation_cmake: 0.8.1 (/opt/ros/eloquent/share/rmw_implementation_cmake/cmake)
[1.469s] -- Using RMW implementation 'rmw_fastrtps_cpp' as default
[1.471s] -- Looking for C++ include pthread.h
[1.615s] -- Looking for C++ include pthread.h - found
[1.616s] -- Looking for pthread_create
[1.747s] -- Looking for pthread_create - not found
[1.747s] -- Looking for pthread_create in pthreads
[1.860s] -- Looking for pthread_create in pthreads - not found
[1.860s] -- Looking for pthread_create in pthread
[1.976s] -- Looking for pthread_create in pthread - found
[1.977s] -- Found Threads: TRUE  
[2.027s] -- Found tf2_ros: 0.12.6 (/opt/ros/eloquent/share/tf2_ros/cmake)
[2.114s] -- Found tf2_eigen: 0.12.6 (/opt/ros/eloquent/share/tf2_eigen/cmake)
[2.133s] -- Found Eigen3: TRUE (found version "3.3.4") 
[2.156s] -- Checking for module 'eigen3'
[2.185s] --   Found eigen3, version 3.3.4
[2.260s] -- Found eigen: /usr/include/eigen3  
[2.475s] -- Boost version: 1.65.1
[2.476s] -- Found the following Boost libraries:
[2.476s] --   system
[2.476s] --   filesystem
[2.476s] --   thread
[2.476s] --   date_time
[2.476s] --   iostreams
[2.476s] --   serialization
[2.476s] --   chrono
[2.476s] --   atomic
[2.476s] --   regex
[2.479s] -- Checking for module 'flann'
[2.513s] --   Found flann, version 1.9.1
[2.613s] -- Found Flann: /usr/lib/x86_64-linux-gnu/libflann_cpp_s.a  
[2.617s] -- Checking for module 'libopenni'
[2.650s] --   Found libopenni, version 1.5.4.0
[2.742s] -- Found openni: /usr/lib/libOpenNI.so  
[2.743s] -- Checking for module 'libopenni2'
[2.779s] --   Found libopenni2, version 2.2.0.3
[2.871s] -- Found OpenNI2: /usr/lib/libOpenNI2.so  
[2.879s] -- Could NOT find ensenso (missing: ENSENSO_LIBRARY ENSENSO_INCLUDE_DIR) 
[2.880s] ** WARNING ** io features related to ensenso will be disabled
[2.884s] -- Could NOT find DAVIDSDK (missing: DAVIDSDK_LIBRARY DAVIDSDK_INCLUDE_DIR) 
[2.884s] ** WARNING ** io features related to davidSDK will be disabled
[2.886s] -- Could NOT find DSSDK (missing: _DSSDK_LIBRARIES) 
[2.886s] ** WARNING ** io features related to dssdk will be disabled
[2.886s] ** WARNING ** io features related to pcap will be disabled
[2.886s] ** WARNING ** io features related to png will be disabled
[2.947s] -- The imported target "vtkRenderingPythonTkWidgets" references the file
[2.947s]    "/usr/lib/x86_64-linux-gnu/libvtkRenderingPythonTkWidgets.so"
[2.948s] but this file does not exist.  Possible reasons include:
[2.948s] * The file was deleted, renamed, or moved to another location.
[2.948s] * An install or uninstall procedure did not complete successfully.
[2.948s] * The installation package was faulty and contained
[2.948s]    "/usr/lib/cmake/vtk-6.3/VTKTargets.cmake"
[2.948s] but not all the files it references.
[2.949s] 
[2.949s] -- The imported target "vtk" references the file
[2.949s]    "/usr/bin/vtk"
[2.949s] but this file does not exist.  Possible reasons include:
[2.950s] * The file was deleted, renamed, or moved to another location.
[2.950s] * An install or uninstall procedure did not complete successfully.
[2.950s] * The installation package was faulty and contained
[2.950s]    "/usr/lib/cmake/vtk-6.3/VTKTargets.cmake"
[2.950s] but not all the files it references.
[2.950s] 
[3.028s] -- Found libusb-1.0: /usr/include  
[3.029s] ** WARNING ** io features related to libusb-1.0 will be disabled
[3.069s] -- Could NOT find ensenso (missing: ENSENSO_LIBRARY ENSENSO_INCLUDE_DIR) 
[3.070s] ** WARNING ** 2d features related to ensenso will be disabled
[3.074s] -- Could NOT find DAVIDSDK (missing: DAVIDSDK_LIBRARY DAVIDSDK_INCLUDE_DIR) 
[3.075s] ** WARNING ** 2d features related to davidSDK will be disabled
[3.076s] -- Could NOT find DSSDK (missing: _DSSDK_LIBRARIES) 
[3.076s] ** WARNING ** 2d features related to dssdk will be disabled
[3.076s] ** WARNING ** 2d features related to pcap will be disabled
[3.076s] ** WARNING ** 2d features related to png will be disabled
[3.102s] ** WARNING ** 2d features related to libusb-1.0 will be disabled
[3.139s] -- Found qhull: /usr/lib/x86_64-linux-gnu/libqhull.so  
[3.139s] -- looking for PCL_COMMON
[3.140s] -- Found PCL_COMMON: /usr/lib/x86_64-linux-gnu/libpcl_common.so  
[3.141s] -- looking for PCL_KDTREE
[3.141s] -- Found PCL_KDTREE: /usr/lib/x86_64-linux-gnu/libpcl_kdtree.so  
[3.142s] -- looking for PCL_OCTREE
[3.143s] -- Found PCL_OCTREE: /usr/lib/x86_64-linux-gnu/libpcl_octree.so  
[3.143s] -- looking for PCL_SEARCH
[3.144s] -- Found PCL_SEARCH: /usr/lib/x86_64-linux-gnu/libpcl_search.so  
[3.144s] -- looking for PCL_SAMPLE_CONSENSUS
[3.145s] -- Found PCL_SAMPLE_CONSENSUS: /usr/lib/x86_64-linux-gnu/libpcl_sample_consensus.so  
[3.145s] -- looking for PCL_GEOMETRY
[3.145s] -- Found PCL_GEOMETRY: /usr/include/pcl-1.8  
[3.146s] -- looking for PCL_FILTERS
[3.147s] -- Found PCL_FILTERS: /usr/lib/x86_64-linux-gnu/libpcl_filters.so  
[3.147s] -- looking for PCL_IO
[3.148s] -- Found PCL_IO: /usr/lib/x86_64-linux-gnu/libpcl_io.so  
[3.148s] -- looking for PCL_2D
[3.148s] -- Found PCL_2D: /usr/include/pcl-1.8  
[3.149s] -- looking for PCL_FEATURES
[3.150s] -- Found PCL_FEATURES: /usr/lib/x86_64-linux-gnu/libpcl_features.so  
[3.151s] -- looking for PCL_ML
[3.153s] -- Found PCL_ML: /usr/lib/x86_64-linux-gnu/libpcl_ml.so  
[3.153s] -- looking for PCL_SEGMENTATION
[3.154s] -- Found PCL_SEGMENTATION: /usr/lib/x86_64-linux-gnu/libpcl_segmentation.so  
[3.155s] -- looking for PCL_SURFACE
[3.156s] -- Found PCL_SURFACE: /usr/lib/x86_64-linux-gnu/libpcl_surface.so  
[3.172s] -- Found PCL: /usr/lib/x86_64-linux-gnu/libboost_system.so;/usr/lib/x86_64-linux-gnu/libboost_filesystem.so;/usr/lib/x86_64-linux-gnu/libboost_thread.so;/usr/lib/x86_64-linux-gnu/libboost_date_time.so;/usr/lib/x86_64-linux-gnu/libboost_iostreams.so;/usr/lib/x86_64-linux-gnu/libboost_serialization.so;/usr/lib/x86_64-linux-gnu/libboost_chrono.so;/usr/lib/x86_64-linux-gnu/libboost_atomic.so;/usr/lib/x86_64-linux-gnu/libboost_regex.so;/usr/lib/x86_64-linux-gnu/libpthread.so;optimized;/usr/lib/x86_64-linux-gnu/libpcl_common.so;debug;/usr/lib/x86_64-linux-gnu/libpcl_common.so;optimized;/usr/lib/x86_64-linux-gnu/libflann_cpp_s.a;debug;/usr/lib/x86_64-linux-gnu/libflann_cpp_s.a;optimized;/usr/lib/x86_64-linux-gnu/libpcl_kdtree.so;debug;/usr/lib/x86_64-linux-gnu/libpcl_kdtree.so;optimized;/usr/lib/x86_64-linux-gnu/libpcl_octree.so;debug;/usr/lib/x86_64-linux-gnu/libpcl_octree.so;optimized;/usr/lib/x86_64-linux-gnu/libpcl_search.so;debug;/usr/lib/x86_64-linux-gnu/libpcl_search.so;optimized;/usr/lib/x86_64-linux-gnu/libpcl_sample_consensus.so;debug;/usr/lib/x86_64-linux-gnu/libpcl_sample_consensus.so;optimized;/usr/lib/x86_64-linux-gnu/libpcl_filters.so;debug;/usr/lib/x86_64-linux-gnu/libpcl_filters.so;/usr/lib/libOpenNI.so;/usr/lib/libOpenNI2.so;vtkChartsCore;vtkCommonColor;vtkCommonDataModel;vtkCommonMath;vtkCommonCore;vtksys;vtkCommonMisc;vtkCommonSystem;vtkCommonTransforms;vtkInfovisCore;vtkFiltersExtraction;vtkCommonExecutionModel;vtkFiltersCore;vtkFiltersGeneral;vtkCommonComputationalGeometry;vtkFiltersStatistics;vtkImagingFourier;vtkImagingCore;vtkalglib;vtkRenderingContext2D;vtkRenderingCore;vtkFiltersGeometry;vtkFiltersSources;vtkRenderingFreeType;/usr/lib/x86_64-linux-gnu/libfreetype.so;/usr/lib/x86_64-linux-gnu/libz.so;vtkftgl;vtkDICOMParser;vtkDomainsChemistry;vtkIOXML;vtkIOGeometry;vtkIOCore;vtkIOXMLParser;/usr/lib/x86_64-linux-gnu/libexpat.so;vtkFiltersAMR;vtkParallelCore;vtkIOLegacy;vtkFiltersFlowPaths;vtkFiltersGeneric;vtkFiltersHybrid;vtkImagingSources;vtkFiltersHyperTree;vtkFiltersImaging;vtkImagingGeneral;vtkFiltersModeling;vtkFiltersParallel;vtkFiltersParallelFlowPaths;vtkParallelMPI;vtkFiltersParallelGeometry;vtkFiltersParallelImaging;vtkFiltersParallelMPI;vtkFiltersParallelStatistics;vtkFiltersProgrammable;vtkFiltersPython;/usr/lib/x86_64-linux-gnu/libpython2.7.so;vtkWrappingPythonCore;vtkWrappingTools;vtkFiltersReebGraph;vtkFiltersSMP;vtkFiltersSelection;vtkFiltersTexture;vtkFiltersVerdict;verdict;vtkGUISupportQt;vtkInteractionStyle;vtkRenderingOpenGL;vtkImagingHybrid;vtkIOImage;vtkmetaio;/usr/lib/x86_64-linux-gnu/libjpeg.so;/usr/lib/x86_64-linux-gnu/libpng.so;/usr/lib/x86_64-linux-gnu/libtiff.so;vtkGUISupportQtOpenGL;vtkGUISupportQtSQL;vtkIOSQL;sqlite3;vtkGUISupportQtWebkit;vtkViewsQt;vtkViewsInfovis;vtkInfovisLayout;vtkInfovisBoostGraphAlgorithms;vtkRenderingLabel;vtkViewsCore;vtkInteractionWidgets;vtkRenderingAnnotation;vtkImagingColor;vtkRenderingVolume;vtkGeovisCore;/usr/lib/x86_64-linux-gnu/libproj.so;vtkIOAMR;/usr/lib/x86_64-linux-gnu/hdf5/openmpi/libhdf5.so;/usr/lib/x86_64-linux-gnu/libsz.so;/usr/lib/x86_64-linux-gnu/libdl.so;/usr/lib/x86_64-linux-gnu/libm.so;/usr/lib/x86_64-linux-gnu/openmpi/lib/libmpi.so;vtkIOEnSight;vtkIOExodus;vtkexoIIc;/usr/lib/x86_64-linux-gnu/libnetcdf_c++.so;/usr/lib/x86_64-linux-gnu/libnetcdf.so;vtkIOExport;vtkRenderingGL2PS;vtkRenderingContextOpenGL;/usr/lib/x86_64-linux-gnu/libgl2ps.so;vtkIOFFMPEG;vtkIOMovie;/usr/lib/x86_64-linux-gnu/libtheoraenc.so;/usr/lib/x86_64-linux-gnu/libtheoradec.so;/usr/lib/x86_64-linux-gnu/libogg.so;vtkIOGDAL;vtkIOGeoJSON;vtkIOImport;vtkIOInfovis;/usr/lib/x86_64-linux-gnu/libxml2.so;vtkIOLSDyna;vtkIOMINC;vtkIOMPIImage;vtkIOMPIParallel;vtkIOParallel;vtkIONetCDF;/usr/lib/x86_64-linux-gnu/libjsoncpp.so;vtkIOMySQL;vtkIOODBC;vtkIOPLY;vtkIOParallelExodus;vtkIOParallelLSDyna;vtkIOParallelNetCDF;vtkIOParallelXML;vtkIOPostgreSQL;vtkIOVPIC;VPIC;vtkIOVideo;vtkIOXdmf2;vtkxdmf2;vtkImagingMath;vtkImagingMorphological;vtkImagingStatistics;vtkImagingStencil;vtkInteractionImage;vtkLocalExample;vtkParallelMPI4Py;vtkPythonInterpreter;vtkRenderingExternal;vtkRenderingFreeTypeFontConfig;vtkRenderingImage;vtkRenderingLIC;vtkRenderingLOD;vtkRenderingMatplotlib;vtkRenderingParallel;vtkRenderingParallelLIC;vtkRenderingQt;vtkRenderingVolumeAMR;vtkRenderingVolumeOpenGL;vtkTestingGenericBridge;vtkTestingIOSQL;vtkTestingRendering;vtkViewsContext2D;vtkViewsGeovis;vtkWrappingJava;optimized;/usr/lib/x86_64-linux-gnu/libpcl_io.so;debug;/usr/lib/x86_64-linux-gnu/libpcl_io.so;optimized;/usr/lib/x86_64-linux-gnu/libpcl_features.so;debug;/usr/lib/x86_64-linux-gnu/libpcl_features.so;optimized;/usr/lib/x86_64-linux-gnu/libpcl_ml.so;debug;/usr/lib/x86_64-linux-gnu/libpcl_ml.so;optimized;/usr/lib/x86_64-linux-gnu/libpcl_segmentation.so;debug;/usr/lib/x86_64-linux-gnu/libpcl_segmentation.so;optimized;/usr/lib/x86_64-linux-gnu/libqhull.so;debug;/usr/lib/x86_64-linux-gnu/libqhull.so;optimized;/usr/lib/x86_64-linux-gnu/libpcl_surface.so;debug;/usr/lib/x86_64-linux-gnu/libpcl_surface.so;/usr/lib/x86_64-linux-gnu/libboost_system.so;/usr/lib/x86_64-linux-gnu/libboost_filesystem.so;/usr/lib/x86_64-linux-gnu/libboost_thread.so;/usr/lib/x86_64-linux-gnu/libboost_date_time.so;/usr/lib/x86_64-linux-gnu/libboost_iostreams.so;/usr/lib/x86_64-linux-gnu/libboost_serialization.so;/usr/lib/x86_64-linux-gnu/libboost_chrono.so;/usr/lib/x86_64-linux-gnu/libboost_atomic.so;/usr/lib/x86_64-linux-gnu/libboost_regex.so;/usr/lib/x86_64-linux-gnu/libpthread.so;optimized;/usr/lib/x86_64-linux-gnu/libqhull.so;debug;/usr/lib/x86_64-linux-gnu/libqhull.so;/usr/lib/libOpenNI.so;/usr/lib/libOpenNI2.so;optimized;/usr/lib/x86_64-linux-gnu/libflann_cpp_s.a;debug;/usr/lib/x86_64-linux-gnu/libflann_cpp_s.a;vtkChartsCore;vtkCommonColor;vtkCommonDataModel;vtkCommonMath;vtkCommonCore;vtksys;vtkCommonMisc;vtkCommonSystem;vtkCommonTransforms;vtkInfovisCore;vtkFiltersExtraction;vtkCommonExecutionModel;vtkFiltersCore;vtkFiltersGeneral;vtkCommonComputationalGeometry;vtkFiltersStatistics;vtkImagingFourier;vtkImagingCore;vtkalglib;vtkRenderingContext2D;vtkRenderingCore;vtkFiltersGeometry;vtkFiltersSources;vtkRenderingFreeType;/usr/lib/x86_64-linux-gnu/libfreetype.so;/usr/lib/x86_64-linux-gnu/libz.so;vtkftgl;vtkDICOMParser;vtkDomainsChemistry;vtkIOXML;vtkIOGeometry;vtkIOCore;vtkIOXMLParser;/usr/lib/x86_64-linux-gnu/libexpat.so;vtkFiltersAMR;vtkParallelCore;vtkIOLegacy;vtkFiltersFlowPaths;vtkFiltersGeneric;vtkFiltersHybrid;vtkImagingSources;vtkFiltersHyperTree;vtkFiltersImaging;vtkImagingGeneral;vtkFiltersModeling;vtkFiltersParallel;vtkFiltersParallelFlowPaths;vtkParallelMPI;vtkFiltersParallelGeometry;vtkFiltersParallelImaging;vtkFiltersParallelMPI;vtkFiltersParallelStatistics;vtkFiltersProgrammable;vtkFiltersPython;/usr/lib/x86_64-linux-gnu/libpython2.7.so;vtkWrappingPythonCore;vtkWrappingTools;vtkFiltersReebGraph;vtkFiltersSMP;vtkFiltersSelection;vtkFiltersTexture;vtkFiltersVerdict;verdict;vtkGUISupportQt;vtkInteractionStyle;vtkRenderingOpenGL;vtkImagingHybrid;vtkIOImage;vtkmetaio;/usr/lib/x86_64-linux-gnu/libjpeg.so;/usr/lib/x86_64-linux-gnu/libpng.so;/usr/lib/x86_64-linux-gnu/libtiff.so;vtkGUISupportQtOpenGL;vtkGUISupportQtSQL;vtkIOSQL;sqlite3;vtkGUISupportQtWebkit;vtkViewsQt;vtkViewsInfovis;vtkInfovisLayout;vtkInfovisBoostGraphAlgorithms;vtkRenderingLabel;vtkViewsCore;vtkInteractionWidgets;vtkRenderingAnnotation;vtkImagingColor;vtkRenderingVolume;vtkGeovisCore;/usr/lib/x86_64-linux-gnu/libproj.so;vtkIOAMR;/usr/lib/x86_64-linux-gnu/hdf5/openmpi/libhdf5.so;/usr/lib/x86_64-linux-gnu/libsz.so;/usr/lib/x86_64-linux-gnu/libdl.so;/usr/lib/x86_64-linux-gnu/libm.so;/usr/lib/x86_64-linux-gnu/openmpi/lib/libmpi.so;vtkIOEnSight;vtkIOExodus;vtkexoIIc;/usr/lib/x86_64-linux-gnu/libnetcdf_c++.so;/usr/lib/x86_64-linux-gnu/libnetcdf.so;vtkIOExport;vtkRenderingGL2PS;vtkRenderingContextOpenGL;/usr/lib/x86_64-linux-gnu/libgl2ps.so;vtkIOFFMPEG;vtkIOMovie;/usr/lib/x86_64-linux-gnu/libtheoraenc.so;/usr/lib/x86_64-linux-gnu/libtheoradec.so;/usr/lib/x86_64-linux-gnu/libogg.so;vtkIOGDAL;vtkIOGeoJSON;vtkIOImport;vtkIOInfovis;/usr/lib/x86_64-linux-gnu/libxml2.so;vtkIOLSDyna;vtkIOMINC;vtkIOMPIImage;vtkIOMPIParallel;vtkIOParallel;vtkIONetCDF;/usr/lib/x86_64-linux-gnu/libjsoncpp.so;vtkIOMySQL;vtkIOODBC;vtkIOPLY;vtkIOParallelExodus;vtkIOParallelLSDyna;vtkIOParallelNetCDF;vtkIOParallelXML;vtkIOPostgreSQL;vtkIOVPIC;VPIC;vtkIOVideo;vtkIOXdmf2;vtkxdmf2;vtkImagingMath;vtkImagingMorphological;vtkImagingStatistics;vtkImagingStencil;vtkInteractionImage;vtkLocalExample;vtkParallelMPI4Py;vtkPythonInterpreter;vtkRenderingExternal;vtkRenderingFreeTypeFontConfig;vtkRenderingImage;vtkRenderingLIC;vtkRenderingLOD;vtkRenderingMatplotlib;vtkRenderingParallel;vtkRenderingParallelLIC;vtkRenderingQt;vtkRenderingVolumeAMR;vtkRenderingVolumeOpenGL;vtkTestingGenericBridge;vtkTestingIOSQL;vtkTestingRendering;vtkViewsContext2D;vtkViewsGeovis;vtkWrappingJava (Required is at least version "1.8") 
[3.174s] -- Found sensor_msgs: 0.8.1 (/opt/ros/eloquent/share/sensor_msgs/cmake)
[3.189s] -- Found shape_msgs: 0.8.1 (/opt/ros/eloquent/share/shape_msgs/cmake)
[3.199s] -- Found std_srvs: 0.8.1 (/opt/ros/eloquent/share/std_srvs/cmake)
[3.205s] -- Found visualization_msgs: 0.8.1 (/opt/ros/eloquent/share/visualization_msgs/cmake)
[3.218s] -- Found crs_msgs: 0.0.0 (/root/crs_ws_fanuc/install/crs_msgs/share/crs_msgs/cmake)
[3.671s] -- Found ament_lint_auto: 0.8.2 (/opt/ros/eloquent/share/ament_lint_auto/cmake)
[3.809s] -- Configuring done
[4.057s] -- Generating done
[4.062s] -- Build files have been written to: /root/crs_ws_fanuc/build/crs_area_selection
[4.076s] Invoked command in '/root/crs_ws_fanuc/build/crs_area_selection' returned '0': CMAKE_PREFIX_PATH=/root/crs_ws_fanuc/install/crs_msgs:/root/crs_ws_fanuc/install/cartesian_trajectory_msgs:/root/crs_ws_fanuc/install/crs_utils_py:/opt/ros/eloquent:/opt/ros/melodic:/root/crs_ws_fanuc/install/trajopt_tools:/root/crs_ws_fanuc/install/vhacd:/root/crs_ws_fanuc/install/crs_gui:/root/crs_ws_fanuc/install/crs_application:/root/crs_ws_fanuc/install/crs_motion_planning:/root/crs_ws_fanuc/install/ur_ikfast_kinematics:/root/crs_ws_fanuc/install/crs_robot_comms:/root/crs_ws_fanuc/install/ur_dashboard_msgs:/root/crs_ws_fanuc/install/trajopt_sqp:/root/crs_ws_fanuc/install/trajopt_ifopt:/root/crs_ws_fanuc/install/tesseract_monitoring:/root/crs_ws_fanuc/install/tesseract_rosutils:/root/crs_ws_fanuc/install/tesseract_process_planners:/root/crs_ws_fanuc/install/tesseract_motion_planners:/root/crs_ws_fanuc/install/trajopt:/root/crs_ws_fanuc/install/trajopt_sco:/root/crs_ws_fanuc/install/trajopt_utils:/root/crs_ws_fanuc/install/tesseract_visualization:/root/crs_ws_fanuc/install/tesseract:/root/crs_ws_fanuc/install/tesseract_urdf:/root/crs_ws_fanuc/install/tesseract_plugins:/root/crs_ws_fanuc/install/tesseract_environment:/root/crs_ws_fanuc/install/tesseract_collision:/root/crs_ws_fanuc/install/tesseract_support:/root/crs_ws_fanuc/install/tesseract_kinematics:/root/crs_ws_fanuc/install/tesseract_scene_graph:/root/crs_ws_fanuc/install/tesseract_msgs:/root/crs_ws_fanuc/install/tesseract_geometry:/root/crs_ws_fanuc/install/tesseract_common:/root/crs_ws_fanuc/install/rclcpp_scxml_demos:/root/crs_ws_fanuc/install/scxml_core:/root/crs_ws_fanuc/install/region_detection_rclcpp:/root/crs_ws_fanuc/install/region_detection_msgs:/root/crs_ws_fanuc/install/region_detection_core:/root/crs_ws_fanuc/install/osqp_eigen:/root/crs_ws_fanuc/install/osqp:/root/crs_ws_fanuc/install/descartes_opw:/root/crs_ws_fanuc/install/opw_kinematics:/root/crs_ws_fanuc/install/octomap_msgs:/root/crs_ws_fanuc/install/fcl:/root/crs_ws_fanuc/install/libccd:/root/crs_ws_fanuc/install/iterative_spline_parameterization:/root/crs_ws_fanuc/install/ifopt:/root/crs_ws_fanuc/install/gtest:/root/crs_ws_fanuc/install/descartes_samplers:/root/crs_ws_fanuc/install/descartes_ikfast:/root/crs_ws_fanuc/install/descartes_light:/root/crs_ws_fanuc/install/crs_toolpath_gen:/root/crs_ws_fanuc/install/crs_support:/root/crs_ws_fanuc/install/crs_process_data:/root/crs_ws_fanuc/install/crs_perception:/root/crs_ws_fanuc/install/crs_area_selection:/root/crs_ws_fanuc/install/crs_gazebo_plugins:/root/crs_ws_fanuc/install/bullet3:/opt/qt513/lib/cmake LD_LIBRARY_PATH=/root/crs_ws_fanuc/install/crs_msgs/lib:/root/crs_ws_fanuc/install/cartesian_trajectory_msgs/lib:/opt/ros/melodic/lib:/root/crs_ws_fanuc/install/vhacd/lib:/root/crs_ws_fanuc/install/crs_gui/lib:/root/crs_ws_fanuc/install/crs_application/lib:/root/crs_ws_fanuc/install/crs_motion_planning/lib:/root/crs_ws_fanuc/install/ur_ikfast_kinematics/lib:/root/crs_ws_fanuc/install/ur_dashboard_msgs/lib:/root/crs_ws_fanuc/install/trajopt_sqp/lib:/root/crs_ws_fanuc/install/trajopt_ifopt/lib:/root/crs_ws_fanuc/install/tesseract_monitoring/lib:/root/crs_ws_fanuc/install/tesseract_process_planners/lib:/root/crs_ws_fanuc/install/tesseract_motion_planners/lib:/root/crs_ws_fanuc/install/trajopt/lib:/root/crs_ws_fanuc/install/trajopt_sco/lib:/root/crs_ws_fanuc/install/trajopt_utils/lib:/root/crs_ws_fanuc/install/tesseract/lib:/root/crs_ws_fanuc/install/tesseract_urdf/lib:/root/crs_ws_fanuc/install/tesseract_plugins/lib:/root/crs_ws_fanuc/install/tesseract_environment/lib:/root/crs_ws_fanuc/install/tesseract_collision/lib:/root/crs_ws_fanuc/install/tesseract_kinematics/lib:/root/crs_ws_fanuc/install/tesseract_scene_graph/lib:/root/crs_ws_fanuc/install/tesseract_msgs/lib:/root/crs_ws_fanuc/install/scxml_core/lib:/root/crs_ws_fanuc/install/region_detection_msgs/lib:/root/crs_ws_fanuc/install/region_detection_core/lib:/root/crs_ws_fanuc/install/osqp_eigen/lib:/root/crs_ws_fanuc/install/osqp/lib:/root/crs_ws_fanuc/install/descartes_opw/lib:/root/crs_ws_fanuc/install/octomap_msgs/lib:/root/crs_ws_fanuc/install/fcl/lib:/root/crs_ws_fanuc/install/libccd/lib:/root/crs_ws_fanuc/install/ifopt/lib:/root/crs_ws_fanuc/install/gtest/lib:/root/crs_ws_fanuc/install/descartes_samplers/lib:/root/crs_ws_fanuc/install/descartes_light/lib:/root/crs_ws_fanuc/install/crs_perception/lib:/root/crs_ws_fanuc/install/crs_area_selection/lib:/root/crs_ws_fanuc/install/crs_gazebo_plugins/lib:/root/crs_ws_fanuc/install/bullet3/lib:/opt/qt513/plugins:/opt/qt513/lib:/usr/lib/x86_64-linux-gnu/gazebo-9/plugins:/opt/ros/eloquent/opt/yaml_cpp_vendor/lib:/opt/ros/eloquent/opt/rviz_ogre_vendor/lib:/opt/ros/eloquent/lib/x86_64-linux-gnu:/opt/ros/eloquent/lib PYTHONPATH=/root/crs_ws_fanuc/install/crs_msgs/lib/python3.6/site-packages:/root/crs_ws_fanuc/install/cartesian_trajectory_msgs/lib/python3.6/site-packages:/opt/ros/melodic/lib/python2.7/dist-packages:/root/crs_ws_fanuc/install/ur_dashboard_msgs/lib/python3.6/site-packages:/root/crs_ws_fanuc/install/tesseract_msgs/lib/python3.6/site-packages:/root/crs_ws_fanuc/install/region_detection_msgs/lib/python3.6/site-packages:/root/crs_ws_fanuc/install/octomap_msgs/lib/python3.6/site-packages:/root/crs_ws_fanuc/install/crs_utils_py/lib/python3.6/site-packages:/opt/ros/eloquent/lib/python3.6/site-packages /usr/bin/cmake /root/crs_ws_fanuc/src/collaborative-robotic-sanding/crs_area_selection -DAMENT_CMAKE_SYMLINK_INSTALL=1 -DCMAKE_INSTALL_PREFIX=/root/crs_ws_fanuc/install/crs_area_selection
[4.080s] Invoking command in '/root/crs_ws_fanuc/build/crs_area_selection': CMAKE_PREFIX_PATH=/root/crs_ws_fanuc/install/crs_msgs:/root/crs_ws_fanuc/install/cartesian_trajectory_msgs:/root/crs_ws_fanuc/install/crs_utils_py:/opt/ros/eloquent:/opt/ros/melodic:/root/crs_ws_fanuc/install/trajopt_tools:/root/crs_ws_fanuc/install/vhacd:/root/crs_ws_fanuc/install/crs_gui:/root/crs_ws_fanuc/install/crs_application:/root/crs_ws_fanuc/install/crs_motion_planning:/root/crs_ws_fanuc/install/ur_ikfast_kinematics:/root/crs_ws_fanuc/install/crs_robot_comms:/root/crs_ws_fanuc/install/ur_dashboard_msgs:/root/crs_ws_fanuc/install/trajopt_sqp:/root/crs_ws_fanuc/install/trajopt_ifopt:/root/crs_ws_fanuc/install/tesseract_monitoring:/root/crs_ws_fanuc/install/tesseract_rosutils:/root/crs_ws_fanuc/install/tesseract_process_planners:/root/crs_ws_fanuc/install/tesseract_motion_planners:/root/crs_ws_fanuc/install/trajopt:/root/crs_ws_fanuc/install/trajopt_sco:/root/crs_ws_fanuc/install/trajopt_utils:/root/crs_ws_fanuc/install/tesseract_visualization:/root/crs_ws_fanuc/install/tesseract:/root/crs_ws_fanuc/install/tesseract_urdf:/root/crs_ws_fanuc/install/tesseract_plugins:/root/crs_ws_fanuc/install/tesseract_environment:/root/crs_ws_fanuc/install/tesseract_collision:/root/crs_ws_fanuc/install/tesseract_support:/root/crs_ws_fanuc/install/tesseract_kinematics:/root/crs_ws_fanuc/install/tesseract_scene_graph:/root/crs_ws_fanuc/install/tesseract_msgs:/root/crs_ws_fanuc/install/tesseract_geometry:/root/crs_ws_fanuc/install/tesseract_common:/root/crs_ws_fanuc/install/rclcpp_scxml_demos:/root/crs_ws_fanuc/install/scxml_core:/root/crs_ws_fanuc/install/region_detection_rclcpp:/root/crs_ws_fanuc/install/region_detection_msgs:/root/crs_ws_fanuc/install/region_detection_core:/root/crs_ws_fanuc/install/osqp_eigen:/root/crs_ws_fanuc/install/osqp:/root/crs_ws_fanuc/install/descartes_opw:/root/crs_ws_fanuc/install/opw_kinematics:/root/crs_ws_fanuc/install/octomap_msgs:/root/crs_ws_fanuc/install/fcl:/root/crs_ws_fanuc/install/libccd:/root/crs_ws_fanuc/install/iterative_spline_parameterization:/root/crs_ws_fanuc/install/ifopt:/root/crs_ws_fanuc/install/gtest:/root/crs_ws_fanuc/install/descartes_samplers:/root/crs_ws_fanuc/install/descartes_ikfast:/root/crs_ws_fanuc/install/descartes_light:/root/crs_ws_fanuc/install/crs_toolpath_gen:/root/crs_ws_fanuc/install/crs_support:/root/crs_ws_fanuc/install/crs_process_data:/root/crs_ws_fanuc/install/crs_perception:/root/crs_ws_fanuc/install/crs_area_selection:/root/crs_ws_fanuc/install/crs_gazebo_plugins:/root/crs_ws_fanuc/install/bullet3:/opt/qt513/lib/cmake LD_LIBRARY_PATH=/root/crs_ws_fanuc/install/crs_msgs/lib:/root/crs_ws_fanuc/install/cartesian_trajectory_msgs/lib:/opt/ros/melodic/lib:/root/crs_ws_fanuc/install/vhacd/lib:/root/crs_ws_fanuc/install/crs_gui/lib:/root/crs_ws_fanuc/install/crs_application/lib:/root/crs_ws_fanuc/install/crs_motion_planning/lib:/root/crs_ws_fanuc/install/ur_ikfast_kinematics/lib:/root/crs_ws_fanuc/install/ur_dashboard_msgs/lib:/root/crs_ws_fanuc/install/trajopt_sqp/lib:/root/crs_ws_fanuc/install/trajopt_ifopt/lib:/root/crs_ws_fanuc/install/tesseract_monitoring/lib:/root/crs_ws_fanuc/install/tesseract_process_planners/lib:/root/crs_ws_fanuc/install/tesseract_motion_planners/lib:/root/crs_ws_fanuc/install/trajopt/lib:/root/crs_ws_fanuc/install/trajopt_sco/lib:/root/crs_ws_fanuc/install/trajopt_utils/lib:/root/crs_ws_fanuc/install/tesseract/lib:/root/crs_ws_fanuc/install/tesseract_urdf/lib:/root/crs_ws_fanuc/install/tesseract_plugins/lib:/root/crs_ws_fanuc/install/tesseract_environment/lib:/root/crs_ws_fanuc/install/tesseract_collision/lib:/root/crs_ws_fanuc/install/tesseract_kinematics/lib:/root/crs_ws_fanuc/install/tesseract_scene_graph/lib:/root/crs_ws_fanuc/install/tesseract_msgs/lib:/root/crs_ws_fanuc/install/scxml_core/lib:/root/crs_ws_fanuc/install/region_detection_msgs/lib:/root/crs_ws_fanuc/install/region_detection_core/lib:/root/crs_ws_fanuc/install/osqp_eigen/lib:/root/crs_ws_fanuc/install/osqp/lib:/root/crs_ws_fanuc/install/descartes_opw/lib:/root/crs_ws_fanuc/install/octomap_msgs/lib:/root/crs_ws_fanuc/install/fcl/lib:/root/crs_ws_fanuc/install/libccd/lib:/root/crs_ws_fanuc/install/ifopt/lib:/root/crs_ws_fanuc/install/gtest/lib:/root/crs_ws_fanuc/install/descartes_samplers/lib:/root/crs_ws_fanuc/install/descartes_light/lib:/root/crs_ws_fanuc/install/crs_perception/lib:/root/crs_ws_fanuc/install/crs_area_selection/lib:/root/crs_ws_fanuc/install/crs_gazebo_plugins/lib:/root/crs_ws_fanuc/install/bullet3/lib:/opt/qt513/plugins:/opt/qt513/lib:/usr/lib/x86_64-linux-gnu/gazebo-9/plugins:/opt/ros/eloquent/opt/yaml_cpp_vendor/lib:/opt/ros/eloquent/opt/rviz_ogre_vendor/lib:/opt/ros/eloquent/lib/x86_64-linux-gnu:/opt/ros/eloquent/lib PYTHONPATH=/root/crs_ws_fanuc/install/crs_msgs/lib/python3.6/site-packages:/root/crs_ws_fanuc/install/cartesian_trajectory_msgs/lib/python3.6/site-packages:/opt/ros/melodic/lib/python2.7/dist-packages:/root/crs_ws_fanuc/install/ur_dashboard_msgs/lib/python3.6/site-packages:/root/crs_ws_fanuc/install/tesseract_msgs/lib/python3.6/site-packages:/root/crs_ws_fanuc/install/region_detection_msgs/lib/python3.6/site-packages:/root/crs_ws_fanuc/install/octomap_msgs/lib/python3.6/site-packages:/root/crs_ws_fanuc/install/crs_utils_py/lib/python3.6/site-packages:/opt/ros/eloquent/lib/python3.6/site-packages /usr/bin/cmake --build /root/crs_ws_fanuc/build/crs_area_selection -- -j8 -l8
[4.191s] [35m[1mScanning dependencies of target crs_area_selection_area_selection[0m
[4.429s] [ 20%] [32mBuilding CXX object CMakeFiles/crs_area_selection_area_selection.dir/src/area_selector.cpp.o[0m
[4.437s] [ 40%] [32mBuilding CXX object CMakeFiles/crs_area_selection_area_selection.dir/src/selection_artist.cpp.o[0m
[20.854s] In file included from [01m[K/usr/include/pcl-1.8/pcl/sample_consensus/sac_model.h:52:0[m[K,
[20.854s]                  from [01m[K/usr/include/pcl-1.8/pcl/sample_consensus/sac_model_plane.h:44[m[K,
[20.854s]                  from [01m[K/usr/include/pcl-1.8/pcl/segmentation/extract_polygonal_prism_data.h:42[m[K,
[20.855s]                  from [01m[K/root/crs_ws_fanuc/src/collaborative-robotic-sanding/crs_area_selection/src/area_selector.cpp:25[m[K:
[20.855s] [01m[K/usr/include/pcl-1.8/pcl/sample_consensus/model_types.h:[m[K In function ‘[01m[Kvoid __static_initialization_and_destruction_0(int, int)[m[K’:
[20.855s] [01m[K/usr/include/pcl-1.8/pcl/sample_consensus/model_types.h:99:3:[m[K [01;35m[Kwarning: [m[K‘[01m[Kpcl::SAC_SAMPLE_SIZE[m[K’ is deprecated: This map is deprecated and is kept only to prevent breaking existing user code. Starting from PCL 1.8.0 model sample size is a protected member of the SampleConsensusModel class [[01;35m[K-Wdeprecated-declarations[m[K]
[20.855s]    [01;35m[KSAC_SAMPLE_SIZE[m[K (sample_size_pairs, sample_size_pairs + sizeof (sample_size_pairs) / sizeof (SampleSizeModel));
[20.855s]    [01;35m[K^~~~~~~~~~~~~~~[m[K
[20.855s] [01m[K/usr/include/pcl-1.8/pcl/sample_consensus/model_types.h:99:3:[m[K [01;36m[Knote: [m[Kdeclared here
[26.076s] [ 60%] [32m[1mLinking CXX shared library libcrs_area_selection_area_selection.so[0m
[36.163s] [ 60%] Built target crs_area_selection_area_selection
[36.194s] [35m[1mScanning dependencies of target crs_area_selection_area_selection_node[0m
[36.347s] [ 80%] [32mBuilding CXX object CMakeFiles/crs_area_selection_area_selection_node.dir/src/area_selection_node.cpp.o[0m
[43.213s] [100%] [32m[1mLinking CXX executable crs_area_selection_area_selection_node[0m
[46.611s] [100%] Built target crs_area_selection_area_selection_node
[46.636s] Invoked command in '/root/crs_ws_fanuc/build/crs_area_selection' returned '0': CMAKE_PREFIX_PATH=/root/crs_ws_fanuc/install/crs_msgs:/root/crs_ws_fanuc/install/cartesian_trajectory_msgs:/root/crs_ws_fanuc/install/crs_utils_py:/opt/ros/eloquent:/opt/ros/melodic:/root/crs_ws_fanuc/install/trajopt_tools:/root/crs_ws_fanuc/install/vhacd:/root/crs_ws_fanuc/install/crs_gui:/root/crs_ws_fanuc/install/crs_application:/root/crs_ws_fanuc/install/crs_motion_planning:/root/crs_ws_fanuc/install/ur_ikfast_kinematics:/root/crs_ws_fanuc/install/crs_robot_comms:/root/crs_ws_fanuc/install/ur_dashboard_msgs:/root/crs_ws_fanuc/install/trajopt_sqp:/root/crs_ws_fanuc/install/trajopt_ifopt:/root/crs_ws_fanuc/install/tesseract_monitoring:/root/crs_ws_fanuc/install/tesseract_rosutils:/root/crs_ws_fanuc/install/tesseract_process_planners:/root/crs_ws_fanuc/install/tesseract_motion_planners:/root/crs_ws_fanuc/install/trajopt:/root/crs_ws_fanuc/install/trajopt_sco:/root/crs_ws_fanuc/install/trajopt_utils:/root/crs_ws_fanuc/install/tesseract_visualization:/root/crs_ws_fanuc/install/tesseract:/root/crs_ws_fanuc/install/tesseract_urdf:/root/crs_ws_fanuc/install/tesseract_plugins:/root/crs_ws_fanuc/install/tesseract_environment:/root/crs_ws_fanuc/install/tesseract_collision:/root/crs_ws_fanuc/install/tesseract_support:/root/crs_ws_fanuc/install/tesseract_kinematics:/root/crs_ws_fanuc/install/tesseract_scene_graph:/root/crs_ws_fanuc/install/tesseract_msgs:/root/crs_ws_fanuc/install/tesseract_geometry:/root/crs_ws_fanuc/install/tesseract_common:/root/crs_ws_fanuc/install/rclcpp_scxml_demos:/root/crs_ws_fanuc/install/scxml_core:/root/crs_ws_fanuc/install/region_detection_rclcpp:/root/crs_ws_fanuc/install/region_detection_msgs:/root/crs_ws_fanuc/install/region_detection_core:/root/crs_ws_fanuc/install/osqp_eigen:/root/crs_ws_fanuc/install/osqp:/root/crs_ws_fanuc/install/descartes_opw:/root/crs_ws_fanuc/install/opw_kinematics:/root/crs_ws_fanuc/install/octomap_msgs:/root/crs_ws_fanuc/install/fcl:/root/crs_ws_fanuc/install/libccd:/root/crs_ws_fanuc/install/iterative_spline_parameterization:/root/crs_ws_fanuc/install/ifopt:/root/crs_ws_fanuc/install/gtest:/root/crs_ws_fanuc/install/descartes_samplers:/root/crs_ws_fanuc/install/descartes_ikfast:/root/crs_ws_fanuc/install/descartes_light:/root/crs_ws_fanuc/install/crs_toolpath_gen:/root/crs_ws_fanuc/install/crs_support:/root/crs_ws_fanuc/install/crs_process_data:/root/crs_ws_fanuc/install/crs_perception:/root/crs_ws_fanuc/install/crs_area_selection:/root/crs_ws_fanuc/install/crs_gazebo_plugins:/root/crs_ws_fanuc/install/bullet3:/opt/qt513/lib/cmake LD_LIBRARY_PATH=/root/crs_ws_fanuc/install/crs_msgs/lib:/root/crs_ws_fanuc/install/cartesian_trajectory_msgs/lib:/opt/ros/melodic/lib:/root/crs_ws_fanuc/install/vhacd/lib:/root/crs_ws_fanuc/install/crs_gui/lib:/root/crs_ws_fanuc/install/crs_application/lib:/root/crs_ws_fanuc/install/crs_motion_planning/lib:/root/crs_ws_fanuc/install/ur_ikfast_kinematics/lib:/root/crs_ws_fanuc/install/ur_dashboard_msgs/lib:/root/crs_ws_fanuc/install/trajopt_sqp/lib:/root/crs_ws_fanuc/install/trajopt_ifopt/lib:/root/crs_ws_fanuc/install/tesseract_monitoring/lib:/root/crs_ws_fanuc/install/tesseract_process_planners/lib:/root/crs_ws_fanuc/install/tesseract_motion_planners/lib:/root/crs_ws_fanuc/install/trajopt/lib:/root/crs_ws_fanuc/install/trajopt_sco/lib:/root/crs_ws_fanuc/install/trajopt_utils/lib:/root/crs_ws_fanuc/install/tesseract/lib:/root/crs_ws_fanuc/install/tesseract_urdf/lib:/root/crs_ws_fanuc/install/tesseract_plugins/lib:/root/crs_ws_fanuc/install/tesseract_environment/lib:/root/crs_ws_fanuc/install/tesseract_collision/lib:/root/crs_ws_fanuc/install/tesseract_kinematics/lib:/root/crs_ws_fanuc/install/tesseract_scene_graph/lib:/root/crs_ws_fanuc/install/tesseract_msgs/lib:/root/crs_ws_fanuc/install/scxml_core/lib:/root/crs_ws_fanuc/install/region_detection_msgs/lib:/root/crs_ws_fanuc/install/region_detection_core/lib:/root/crs_ws_fanuc/install/osqp_eigen/lib:/root/crs_ws_fanuc/install/osqp/lib:/root/crs_ws_fanuc/install/descartes_opw/lib:/root/crs_ws_fanuc/install/octomap_msgs/lib:/root/crs_ws_fanuc/install/fcl/lib:/root/crs_ws_fanuc/install/libccd/lib:/root/crs_ws_fanuc/install/ifopt/lib:/root/crs_ws_fanuc/install/gtest/lib:/root/crs_ws_fanuc/install/descartes_samplers/lib:/root/crs_ws_fanuc/install/descartes_light/lib:/root/crs_ws_fanuc/install/crs_perception/lib:/root/crs_ws_fanuc/install/crs_area_selection/lib:/root/crs_ws_fanuc/install/crs_gazebo_plugins/lib:/root/crs_ws_fanuc/install/bullet3/lib:/opt/qt513/plugins:/opt/qt513/lib:/usr/lib/x86_64-linux-gnu/gazebo-9/plugins:/opt/ros/eloquent/opt/yaml_cpp_vendor/lib:/opt/ros/eloquent/opt/rviz_ogre_vendor/lib:/opt/ros/eloquent/lib/x86_64-linux-gnu:/opt/ros/eloquent/lib PYTHONPATH=/root/crs_ws_fanuc/install/crs_msgs/lib/python3.6/site-packages:/root/crs_ws_fanuc/install/cartesian_trajectory_msgs/lib/python3.6/site-packages:/opt/ros/melodic/lib/python2.7/dist-packages:/root/crs_ws_fanuc/install/ur_dashboard_msgs/lib/python3.6/site-packages:/root/crs_ws_fanuc/install/tesseract_msgs/lib/python3.6/site-packages:/root/crs_ws_fanuc/install/region_detection_msgs/lib/python3.6/site-packages:/root/crs_ws_fanuc/install/octomap_msgs/lib/python3.6/site-packages:/root/crs_ws_fanuc/install/crs_utils_py/lib/python3.6/site-packages:/opt/ros/eloquent/lib/python3.6/site-packages /usr/bin/cmake --build /root/crs_ws_fanuc/build/crs_area_selection -- -j8 -l8
[46.708s] Invoking command in '/root/crs_ws_fanuc/build/crs_area_selection': CMAKE_PREFIX_PATH=/root/crs_ws_fanuc/install/crs_msgs:/root/crs_ws_fanuc/install/cartesian_trajectory_msgs:/root/crs_ws_fanuc/install/crs_utils_py:/opt/ros/eloquent:/opt/ros/melodic:/root/crs_ws_fanuc/install/trajopt_tools:/root/crs_ws_fanuc/install/vhacd:/root/crs_ws_fanuc/install/crs_gui:/root/crs_ws_fanuc/install/crs_application:/root/crs_ws_fanuc/install/crs_motion_planning:/root/crs_ws_fanuc/install/ur_ikfast_kinematics:/root/crs_ws_fanuc/install/crs_robot_comms:/root/crs_ws_fanuc/install/ur_dashboard_msgs:/root/crs_ws_fanuc/install/trajopt_sqp:/root/crs_ws_fanuc/install/trajopt_ifopt:/root/crs_ws_fanuc/install/tesseract_monitoring:/root/crs_ws_fanuc/install/tesseract_rosutils:/root/crs_ws_fanuc/install/tesseract_process_planners:/root/crs_ws_fanuc/install/tesseract_motion_planners:/root/crs_ws_fanuc/install/trajopt:/root/crs_ws_fanuc/install/trajopt_sco:/root/crs_ws_fanuc/install/trajopt_utils:/root/crs_ws_fanuc/install/tesseract_visualization:/root/crs_ws_fanuc/install/tesseract:/root/crs_ws_fanuc/install/tesseract_urdf:/root/crs_ws_fanuc/install/tesseract_plugins:/root/crs_ws_fanuc/install/tesseract_environment:/root/crs_ws_fanuc/install/tesseract_collision:/root/crs_ws_fanuc/install/tesseract_support:/root/crs_ws_fanuc/install/tesseract_kinematics:/root/crs_ws_fanuc/install/tesseract_scene_graph:/root/crs_ws_fanuc/install/tesseract_msgs:/root/crs_ws_fanuc/install/tesseract_geometry:/root/crs_ws_fanuc/install/tesseract_common:/root/crs_ws_fanuc/install/rclcpp_scxml_demos:/root/crs_ws_fanuc/install/scxml_core:/root/crs_ws_fanuc/install/region_detection_rclcpp:/root/crs_ws_fanuc/install/region_detection_msgs:/root/crs_ws_fanuc/install/region_detection_core:/root/crs_ws_fanuc/install/osqp_eigen:/root/crs_ws_fanuc/install/osqp:/root/crs_ws_fanuc/install/descartes_opw:/root/crs_ws_fanuc/install/opw_kinematics:/root/crs_ws_fanuc/install/octomap_msgs:/root/crs_ws_fanuc/install/fcl:/root/crs_ws_fanuc/install/libccd:/root/crs_ws_fanuc/install/iterative_spline_parameterization:/root/crs_ws_fanuc/install/ifopt:/root/crs_ws_fanuc/install/gtest:/root/crs_ws_fanuc/install/descartes_samplers:/root/crs_ws_fanuc/install/descartes_ikfast:/root/crs_ws_fanuc/install/descartes_light:/root/crs_ws_fanuc/install/crs_toolpath_gen:/root/crs_ws_fanuc/install/crs_support:/root/crs_ws_fanuc/install/crs_process_data:/root/crs_ws_fanuc/install/crs_perception:/root/crs_ws_fanuc/install/crs_area_selection:/root/crs_ws_fanuc/install/crs_gazebo_plugins:/root/crs_ws_fanuc/install/bullet3:/opt/qt513/lib/cmake LD_LIBRARY_PATH=/root/crs_ws_fanuc/install/crs_msgs/lib:/root/crs_ws_fanuc/install/cartesian_trajectory_msgs/lib:/opt/ros/melodic/lib:/root/crs_ws_fanuc/install/vhacd/lib:/root/crs_ws_fanuc/install/crs_gui/lib:/root/crs_ws_fanuc/install/crs_application/lib:/root/crs_ws_fanuc/install/crs_motion_planning/lib:/root/crs_ws_fanuc/install/ur_ikfast_kinematics/lib:/root/crs_ws_fanuc/install/ur_dashboard_msgs/lib:/root/crs_ws_fanuc/install/trajopt_sqp/lib:/root/crs_ws_fanuc/install/trajopt_ifopt/lib:/root/crs_ws_fanuc/install/tesseract_monitoring/lib:/root/crs_ws_fanuc/install/tesseract_process_planners/lib:/root/crs_ws_fanuc/install/tesseract_motion_planners/lib:/root/crs_ws_fanuc/install/trajopt/lib:/root/crs_ws_fanuc/install/trajopt_sco/lib:/root/crs_ws_fanuc/install/trajopt_utils/lib:/root/crs_ws_fanuc/install/tesseract/lib:/root/crs_ws_fanuc/install/tesseract_urdf/lib:/root/crs_ws_fanuc/install/tesseract_plugins/lib:/root/crs_ws_fanuc/install/tesseract_environment/lib:/root/crs_ws_fanuc/install/tesseract_collision/lib:/root/crs_ws_fanuc/install/tesseract_kinematics/lib:/root/crs_ws_fanuc/install/tesseract_scene_graph/lib:/root/crs_ws_fanuc/install/tesseract_msgs/lib:/root/crs_ws_fanuc/install/scxml_core/lib:/root/crs_ws_fanuc/install/region_detection_msgs/lib:/root/crs_ws_fanuc/install/region_detection_core/lib:/root/crs_ws_fanuc/install/osqp_eigen/lib:/root/crs_ws_fanuc/install/osqp/lib:/root/crs_ws_fanuc/install/descartes_opw/lib:/root/crs_ws_fanuc/install/octomap_msgs/lib:/root/crs_ws_fanuc/install/fcl/lib:/root/crs_ws_fanuc/install/libccd/lib:/root/crs_ws_fanuc/install/ifopt/lib:/root/crs_ws_fanuc/install/gtest/lib:/root/crs_ws_fanuc/install/descartes_samplers/lib:/root/crs_ws_fanuc/install/descartes_light/lib:/root/crs_ws_fanuc/install/crs_perception/lib:/root/crs_ws_fanuc/install/crs_area_selection/lib:/root/crs_ws_fanuc/install/crs_gazebo_plugins/lib:/root/crs_ws_fanuc/install/bullet3/lib:/opt/qt513/plugins:/opt/qt513/lib:/usr/lib/x86_64-linux-gnu/gazebo-9/plugins:/opt/ros/eloquent/opt/yaml_cpp_vendor/lib:/opt/ros/eloquent/opt/rviz_ogre_vendor/lib:/opt/ros/eloquent/lib/x86_64-linux-gnu:/opt/ros/eloquent/lib PYTHONPATH=/root/crs_ws_fanuc/install/crs_msgs/lib/python3.6/site-packages:/root/crs_ws_fanuc/install/cartesian_trajectory_msgs/lib/python3.6/site-packages:/opt/ros/melodic/lib/python2.7/dist-packages:/root/crs_ws_fanuc/install/ur_dashboard_msgs/lib/python3.6/site-packages:/root/crs_ws_fanuc/install/tesseract_msgs/lib/python3.6/site-packages:/root/crs_ws_fanuc/install/region_detection_msgs/lib/python3.6/site-packages:/root/crs_ws_fanuc/install/octomap_msgs/lib/python3.6/site-packages:/root/crs_ws_fanuc/install/crs_utils_py/lib/python3.6/site-packages:/opt/ros/eloquent/lib/python3.6/site-packages /usr/bin/cmake --build /root/crs_ws_fanuc/build/crs_area_selection --target install -- -j8 -l8
[46.864s] [ 60%] Built target crs_area_selection_area_selection
[46.944s] [100%] Built target crs_area_selection_area_selection_node
[46.985s] [36mInstall the project...[0m
[47.001s] -- Install configuration: ""
[47.002s] -- Execute custom install script
[47.002s] -- Symlinking: /root/crs_ws_fanuc/install/crs_area_selection/share/ament_index/resource_index/package_run_dependencies/crs_area_selection
[47.018s] -- Symlinking: /root/crs_ws_fanuc/install/crs_area_selection/share/ament_index/resource_index/parent_prefix_path/crs_area_selection
[47.033s] -- Up-to-date symlink: /root/crs_ws_fanuc/install/crs_area_selection/share/crs_area_selection/environment/ament_prefix_path.sh
[47.033s] -- Symlinking: /root/crs_ws_fanuc/install/crs_area_selection/share/crs_area_selection/environment/ament_prefix_path.dsv
[47.049s] -- Up-to-date symlink: /root/crs_ws_fanuc/install/crs_area_selection/share/crs_area_selection/environment/path.sh
[47.050s] -- Symlinking: /root/crs_ws_fanuc/install/crs_area_selection/share/crs_area_selection/environment/path.dsv
[47.066s] -- Symlinking: /root/crs_ws_fanuc/install/crs_area_selection/share/crs_area_selection/local_setup.bash
[47.088s] -- Symlinking: /root/crs_ws_fanuc/install/crs_area_selection/share/crs_area_selection/local_setup.sh
[47.104s] -- Symlinking: /root/crs_ws_fanuc/install/crs_area_selection/share/crs_area_selection/local_setup.zsh
[47.119s] -- Symlinking: /root/crs_ws_fanuc/install/crs_area_selection/share/crs_area_selection/local_setup.dsv
[47.135s] -- Symlinking: /root/crs_ws_fanuc/install/crs_area_selection/share/crs_area_selection/package.dsv
[47.150s] -- Symlinking: /root/crs_ws_fanuc/install/crs_area_selection/share/ament_index/resource_index/packages/crs_area_selection
[47.165s] -- Symlinking: /root/crs_ws_fanuc/install/crs_area_selection/share/crs_area_selection/cmake/ament_cmake_export_interfaces-extras.cmake
[47.179s] -- Symlinking: /root/crs_ws_fanuc/install/crs_area_selection/share/crs_area_selection/cmake/ament_cmake_export_dependencies-extras.cmake
[47.193s] -- Symlinking: /root/crs_ws_fanuc/install/crs_area_selection/share/crs_area_selection/cmake/crs_area_selectionConfig.cmake
[47.207s] -- Symlinking: /root/crs_ws_fanuc/install/crs_area_selection/share/crs_area_selection/cmake/crs_area_selectionConfig-version.cmake
[47.223s] -- Symlinking: /root/crs_ws_fanuc/install/crs_area_selection/share/crs_area_selection/package.xml
[47.239s] -- Installing: /root/crs_ws_fanuc/install/crs_area_selection/lib/libcrs_area_selection_area_selection.so
[47.248s] -- Set runtime path of "/root/crs_ws_fanuc/install/crs_area_selection/lib/libcrs_area_selection_area_selection.so" to ""
[47.248s] -- Installing: /root/crs_ws_fanuc/install/crs_area_selection/lib/crs_area_selection/crs_area_selection_area_selection_node
[47.249s] -- Set runtime path of "/root/crs_ws_fanuc/install/crs_area_selection/lib/crs_area_selection/crs_area_selection_area_selection_node" to ""
[47.249s] -- Up-to-date: /root/crs_ws_fanuc/install/crs_area_selection/include
[47.249s] -- Up-to-date: /root/crs_ws_fanuc/install/crs_area_selection/include/crs_area_selection
[47.249s] -- Up-to-date: /root/crs_ws_fanuc/install/crs_area_selection/include/crs_area_selection/area_selector_parameters.h
[47.250s] -- Up-to-date: /root/crs_ws_fanuc/install/crs_area_selection/include/crs_area_selection/area_selector.h
[47.250s] -- Up-to-date: /root/crs_ws_fanuc/install/crs_area_selection/include/crs_area_selection/selection_artist.h
[47.250s] -- Up-to-date: /root/crs_ws_fanuc/install/crs_area_selection/include/crs_area_selection/filter_impl.h
[47.250s] -- Up-to-date: /root/crs_ws_fanuc/install/crs_area_selection/include/crs_area_selection/filter.h
[47.250s] -- Installing: /root/crs_ws_fanuc/install/crs_area_selection/share/crs_area_selection/cmake/-targetsExport.cmake
[47.250s] -- Installing: /root/crs_ws_fanuc/install/crs_area_selection/share/crs_area_selection/cmake/-targetsExport-noconfig.cmake
[47.256s] Invoked command in '/root/crs_ws_fanuc/build/crs_area_selection' returned '0': CMAKE_PREFIX_PATH=/root/crs_ws_fanuc/install/crs_msgs:/root/crs_ws_fanuc/install/cartesian_trajectory_msgs:/root/crs_ws_fanuc/install/crs_utils_py:/opt/ros/eloquent:/opt/ros/melodic:/root/crs_ws_fanuc/install/trajopt_tools:/root/crs_ws_fanuc/install/vhacd:/root/crs_ws_fanuc/install/crs_gui:/root/crs_ws_fanuc/install/crs_application:/root/crs_ws_fanuc/install/crs_motion_planning:/root/crs_ws_fanuc/install/ur_ikfast_kinematics:/root/crs_ws_fanuc/install/crs_robot_comms:/root/crs_ws_fanuc/install/ur_dashboard_msgs:/root/crs_ws_fanuc/install/trajopt_sqp:/root/crs_ws_fanuc/install/trajopt_ifopt:/root/crs_ws_fanuc/install/tesseract_monitoring:/root/crs_ws_fanuc/install/tesseract_rosutils:/root/crs_ws_fanuc/install/tesseract_process_planners:/root/crs_ws_fanuc/install/tesseract_motion_planners:/root/crs_ws_fanuc/install/trajopt:/root/crs_ws_fanuc/install/trajopt_sco:/root/crs_ws_fanuc/install/trajopt_utils:/root/crs_ws_fanuc/install/tesseract_visualization:/root/crs_ws_fanuc/install/tesseract:/root/crs_ws_fanuc/install/tesseract_urdf:/root/crs_ws_fanuc/install/tesseract_plugins:/root/crs_ws_fanuc/install/tesseract_environment:/root/crs_ws_fanuc/install/tesseract_collision:/root/crs_ws_fanuc/install/tesseract_support:/root/crs_ws_fanuc/install/tesseract_kinematics:/root/crs_ws_fanuc/install/tesseract_scene_graph:/root/crs_ws_fanuc/install/tesseract_msgs:/root/crs_ws_fanuc/install/tesseract_geometry:/root/crs_ws_fanuc/install/tesseract_common:/root/crs_ws_fanuc/install/rclcpp_scxml_demos:/root/crs_ws_fanuc/install/scxml_core:/root/crs_ws_fanuc/install/region_detection_rclcpp:/root/crs_ws_fanuc/install/region_detection_msgs:/root/crs_ws_fanuc/install/region_detection_core:/root/crs_ws_fanuc/install/osqp_eigen:/root/crs_ws_fanuc/install/osqp:/root/crs_ws_fanuc/install/descartes_opw:/root/crs_ws_fanuc/install/opw_kinematics:/root/crs_ws_fanuc/install/octomap_msgs:/root/crs_ws_fanuc/install/fcl:/root/crs_ws_fanuc/install/libccd:/root/crs_ws_fanuc/install/iterative_spline_parameterization:/root/crs_ws_fanuc/install/ifopt:/root/crs_ws_fanuc/install/gtest:/root/crs_ws_fanuc/install/descartes_samplers:/root/crs_ws_fanuc/install/descartes_ikfast:/root/crs_ws_fanuc/install/descartes_light:/root/crs_ws_fanuc/install/crs_toolpath_gen:/root/crs_ws_fanuc/install/crs_support:/root/crs_ws_fanuc/install/crs_process_data:/root/crs_ws_fanuc/install/crs_perception:/root/crs_ws_fanuc/install/crs_area_selection:/root/crs_ws_fanuc/install/crs_gazebo_plugins:/root/crs_ws_fanuc/install/bullet3:/opt/qt513/lib/cmake LD_LIBRARY_PATH=/root/crs_ws_fanuc/install/crs_msgs/lib:/root/crs_ws_fanuc/install/cartesian_trajectory_msgs/lib:/opt/ros/melodic/lib:/root/crs_ws_fanuc/install/vhacd/lib:/root/crs_ws_fanuc/install/crs_gui/lib:/root/crs_ws_fanuc/install/crs_application/lib:/root/crs_ws_fanuc/install/crs_motion_planning/lib:/root/crs_ws_fanuc/install/ur_ikfast_kinematics/lib:/root/crs_ws_fanuc/install/ur_dashboard_msgs/lib:/root/crs_ws_fanuc/install/trajopt_sqp/lib:/root/crs_ws_fanuc/install/trajopt_ifopt/lib:/root/crs_ws_fanuc/install/tesseract_monitoring/lib:/root/crs_ws_fanuc/install/tesseract_process_planners/lib:/root/crs_ws_fanuc/install/tesseract_motion_planners/lib:/root/crs_ws_fanuc/install/trajopt/lib:/root/crs_ws_fanuc/install/trajopt_sco/lib:/root/crs_ws_fanuc/install/trajopt_utils/lib:/root/crs_ws_fanuc/install/tesseract/lib:/root/crs_ws_fanuc/install/tesseract_urdf/lib:/root/crs_ws_fanuc/install/tesseract_plugins/lib:/root/crs_ws_fanuc/install/tesseract_environment/lib:/root/crs_ws_fanuc/install/tesseract_collision/lib:/root/crs_ws_fanuc/install/tesseract_kinematics/lib:/root/crs_ws_fanuc/install/tesseract_scene_graph/lib:/root/crs_ws_fanuc/install/tesseract_msgs/lib:/root/crs_ws_fanuc/install/scxml_core/lib:/root/crs_ws_fanuc/install/region_detection_msgs/lib:/root/crs_ws_fanuc/install/region_detection_core/lib:/root/crs_ws_fanuc/install/osqp_eigen/lib:/root/crs_ws_fanuc/install/osqp/lib:/root/crs_ws_fanuc/install/descartes_opw/lib:/root/crs_ws_fanuc/install/octomap_msgs/lib:/root/crs_ws_fanuc/install/fcl/lib:/root/crs_ws_fanuc/install/libccd/lib:/root/crs_ws_fanuc/install/ifopt/lib:/root/crs_ws_fanuc/install/gtest/lib:/root/crs_ws_fanuc/install/descartes_samplers/lib:/root/crs_ws_fanuc/install/descartes_light/lib:/root/crs_ws_fanuc/install/crs_perception/lib:/root/crs_ws_fanuc/install/crs_area_selection/lib:/root/crs_ws_fanuc/install/crs_gazebo_plugins/lib:/root/crs_ws_fanuc/install/bullet3/lib:/opt/qt513/plugins:/opt/qt513/lib:/usr/lib/x86_64-linux-gnu/gazebo-9/plugins:/opt/ros/eloquent/opt/yaml_cpp_vendor/lib:/opt/ros/eloquent/opt/rviz_ogre_vendor/lib:/opt/ros/eloquent/lib/x86_64-linux-gnu:/opt/ros/eloquent/lib PYTHONPATH=/root/crs_ws_fanuc/install/crs_msgs/lib/python3.6/site-packages:/root/crs_ws_fanuc/install/cartesian_trajectory_msgs/lib/python3.6/site-packages:/opt/ros/melodic/lib/python2.7/dist-packages:/root/crs_ws_fanuc/install/ur_dashboard_msgs/lib/python3.6/site-packages:/root/crs_ws_fanuc/install/tesseract_msgs/lib/python3.6/site-packages:/root/crs_ws_fanuc/install/region_detection_msgs/lib/python3.6/site-packages:/root/crs_ws_fanuc/install/octomap_msgs/lib/python3.6/site-packages:/root/crs_ws_fanuc/install/crs_utils_py/lib/python3.6/site-packages:/opt/ros/eloquent/lib/python3.6/site-packages /usr/bin/cmake --build /root/crs_ws_fanuc/build/crs_area_selection --target install -- -j8 -l8
