[ 58%] Built target crs_gui_widgets
[ 72%] Built target crs_gui_state_machine_interface_demo
[ 72%] Built target crs_gui_part_selection_demo
[ 79%] Built target crs_gui_area_selection_demo
[ 86%] Built target crs_gui_crs_application_demo
[100%] Built target crs_gui_panels
[ 58%] Built target crs_gui_widgets
[ 65%] Built target crs_gui_area_selection_demo
[ 72%] Built target crs_gui_crs_application_demo
[ 79%] Built target crs_gui_part_selection_demo
[ 86%] Built target crs_gui_state_machine_interface_demo
[100%] Built target crs_gui_panels
[36mInstall the project...[0m
-- Install configuration: "Debug"
-- Execute custom install script
-- Up-to-date symlink: /root/crs_ws_fanuc/install/crs_gui/share/crs_gui//launch/area_selection_demo.launch.xml
-- Up-to-date symlink: /root/crs_ws_fanuc/install/crs_gui/share/crs_gui//launch/crs_application_demo.launch.xml
-- Up-to-date symlink: /root/crs_ws_fanuc/install/crs_gui/share/crs_gui//launch/state_machine_interface_demo.launch.xml
-- Up-to-date symlink: /root/crs_ws_fanuc/install/crs_gui/share/crs_gui//config/crs_application_demo.rviz
-- Up-to-date symlink: /root/crs_ws_fanuc/install/crs_gui/share/crs_gui/ui/crs_application.ui
-- Up-to-date symlink: /root/crs_ws_fanuc/install/crs_gui/share/crs_gui/ui/part_selection.ui
-- Up-to-date symlink: /root/crs_ws_fanuc/install/crs_gui/share/crs_gui/ui/polygon_area_selection_widget.ui
-- Up-to-date symlink: /root/crs_ws_fanuc/install/crs_gui/share/crs_gui/ui/state_machine_interface.ui
-- Up-to-date symlink: /root/crs_ws_fanuc/install/crs_gui/share/crs_gui/plugin_description.xml
-- Up-to-date symlink: /root/crs_ws_fanuc/install/crs_gui/share/crs_gui//plugin_description.xml
-- Up-to-date symlink: /root/crs_ws_fanuc/install/crs_gui/share/ament_index/resource_index/package_run_dependencies/crs_gui
-- Up-to-date symlink: /root/crs_ws_fanuc/install/crs_gui/share/ament_index/resource_index/parent_prefix_path/crs_gui
-- Up-to-date symlink: /root/crs_ws_fanuc/install/crs_gui/share/crs_gui/environment/ament_prefix_path.sh
-- Up-to-date symlink: /root/crs_ws_fanuc/install/crs_gui/share/crs_gui/environment/ament_prefix_path.dsv
-- Up-to-date symlink: /root/crs_ws_fanuc/install/crs_gui/share/crs_gui/environment/path.sh
-- Up-to-date symlink: /root/crs_ws_fanuc/install/crs_gui/share/crs_gui/environment/path.dsv
-- Up-to-date symlink: /root/crs_ws_fanuc/install/crs_gui/share/crs_gui/local_setup.bash
-- Up-to-date symlink: /root/crs_ws_fanuc/install/crs_gui/share/crs_gui/local_setup.sh
-- Up-to-date symlink: /root/crs_ws_fanuc/install/crs_gui/share/crs_gui/local_setup.zsh
-- Up-to-date symlink: /root/crs_ws_fanuc/install/crs_gui/share/crs_gui/local_setup.dsv
-- Symlinking: /root/crs_ws_fanuc/install/crs_gui/share/crs_gui/package.dsv
-- Up-to-date symlink: /root/crs_ws_fanuc/install/crs_gui/share/ament_index/resource_index/packages/crs_gui
-- Up-to-date symlink: /root/crs_ws_fanuc/install/crs_gui/share/ament_index/resource_index/rviz_common__pluginlib__plugin/crs_gui
-- Up-to-date symlink: /root/crs_ws_fanuc/install/crs_gui/share/crs_gui/cmake/ament_cmake_export_interfaces-extras.cmake
-- Up-to-date symlink: /root/crs_ws_fanuc/install/crs_gui/share/crs_gui/cmake/ament_cmake_export_dependencies-extras.cmake
-- Up-to-date symlink: /root/crs_ws_fanuc/install/crs_gui/share/crs_gui/cmake/crs_guiConfig.cmake
-- Up-to-date symlink: /root/crs_ws_fanuc/install/crs_gui/share/crs_gui/cmake/crs_guiConfig-version.cmake
-- Up-to-date symlink: /root/crs_ws_fanuc/install/crs_gui/share/crs_gui/package.xml
-- Up-to-date: /root/crs_ws_fanuc/install/crs_gui/lib/libcrs_gui_panels.so
-- Up-to-date: /root/crs_ws_fanuc/install/crs_gui/lib/libcrs_gui_widgets.so
-- Up-to-date: /root/crs_ws_fanuc/install/crs_gui/lib/crs_gui/crs_gui_area_selection_demo
-- Up-to-date: /root/crs_ws_fanuc/install/crs_gui/lib/crs_gui/crs_gui_part_selection_demo
-- Up-to-date: /root/crs_ws_fanuc/install/crs_gui/lib/crs_gui/crs_gui_crs_application_demo
-- Up-to-date: /root/crs_ws_fanuc/install/crs_gui/lib/crs_gui/crs_gui_state_machine_interface_demo
-- Up-to-date: /root/crs_ws_fanuc/install/crs_gui/include
-- Up-to-date: /root/crs_ws_fanuc/install/crs_gui/include/crs_gui
-- Up-to-date: /root/crs_ws_fanuc/install/crs_gui/include/crs_gui/widgets
-- Up-to-date: /root/crs_ws_fanuc/install/crs_gui/include/crs_gui/widgets/polygon_area_selection_widget.h
-- Up-to-date: /root/crs_ws_fanuc/install/crs_gui/include/crs_gui/widgets/part_selection_widget.h
-- Up-to-date: /root/crs_ws_fanuc/install/crs_gui/include/crs_gui/widgets/crs_application_widget.h
-- Up-to-date: /root/crs_ws_fanuc/install/crs_gui/include/crs_gui/widgets/state_machine_interface_widget.h
-- Up-to-date: /root/crs_ws_fanuc/install/crs_gui/include/crs_gui/register_ros_msgs_for_qt.h
-- Up-to-date: /root/crs_ws_fanuc/install/crs_gui/include/crs_gui/application_panel.h
-- Up-to-date: /root/crs_ws_fanuc/install/crs_gui/share/crs_gui/cmake/-targetsExport.cmake
-- Up-to-date: /root/crs_ws_fanuc/install/crs_gui/share/crs_gui/cmake/-targetsExport-debug.cmake
