-- Found ament_cmake: 0.8.3 (/opt/ros/eloquent/share/ament_cmake/cmake)
-- Using PYTHON_EXECUTABLE: /usr/bin/python3
-- Override CMake install command with custom implementation using symlinks instead of copying resources
-- Found ament_index_cpp: 0.7.2 (/opt/ros/eloquent/share/ament_index_cpp/cmake)
-- Found rosidl_default_generators: 0.8.0 (/opt/ros/eloquent/share/rosidl_default_generators/cmake)
-- Found rosidl_adapter: 0.8.3 (/opt/ros/eloquent/share/rosidl_adapter/cmake)
-- Found rclcpp: 0.8.5 (/opt/ros/eloquent/share/rclcpp/cmake)
-- Found rmw_implementation_cmake: 0.8.1 (/opt/ros/eloquent/share/rmw_implementation_cmake/cmake)
-- Using RMW implementation 'rmw_fastrtps_cpp' as default
-- Found rclcpp_action: 0.8.5 (/opt/ros/eloquent/share/rclcpp_action/cmake)
-- Found crs_msgs: 0.0.0 (/root/crs_ws_fanuc/install/crs_msgs/share/crs_msgs/cmake)
-- Boost version: 1.65.1
-- Found the following Boost libraries:
--   system
--   python
--   thread
--   program_options
--   chrono
--   date_time
--   atomic
-- Boost version: 1.65.1
-- Found the following Boost libraries:
--   system
--   filesystem
--   thread
--   date_time
--   iostreams
--   serialization
--   chrono
--   atomic
--   regex
-- Could NOT find ensenso (missing: ENSENSO_LIBRARY ENSENSO_INCLUDE_DIR) 
** WARNING ** io features related to ensenso will be disabled
-- Could NOT find DAVIDSDK (missing: DAVIDSDK_LIBRARY DAVIDSDK_INCLUDE_DIR) 
** WARNING ** io features related to davidSDK will be disabled
-- Could NOT find DSSDK (missing: _DSSDK_LIBRARIES) 
** WARNING ** io features related to dssdk will be disabled
** WARNING ** io features related to pcap will be disabled
** WARNING ** io features related to png will be disabled
-- The imported target "vtkRenderingPythonTkWidgets" references the file
   "/usr/lib/x86_64-linux-gnu/libvtkRenderingPythonTkWidgets.so"
but this file does not exist.  Possible reasons include:
* The file was deleted, renamed, or moved to another location.
* An install or uninstall procedure did not complete successfully.
* The installation package was faulty and contained
   "/usr/lib/cmake/vtk-6.3/VTKTargets.cmake"
but not all the files it references.

-- The imported target "vtk" references the file
   "/usr/bin/vtk"
but this file does not exist.  Possible reasons include:
* The file was deleted, renamed, or moved to another location.
* An install or uninstall procedure did not complete successfully.
* The installation package was faulty and contained
   "/usr/lib/cmake/vtk-6.3/VTKTargets.cmake"
but not all the files it references.

** WARNING ** io features related to libusb-1.0 will be disabled
-- Could NOT find ensenso (missing: ENSENSO_LIBRARY ENSENSO_INCLUDE_DIR) 
** WARNING ** visualization features related to ensenso will be disabled
-- Could NOT find DAVIDSDK (missing: DAVIDSDK_LIBRARY DAVIDSDK_INCLUDE_DIR) 
** WARNING ** visualization features related to davidSDK will be disabled
-- Could NOT find DSSDK (missing: _DSSDK_LIBRARIES) 
** WARNING ** visualization features related to dssdk will be disabled
-- Could NOT find RSSDK (missing: _RSSDK_LIBRARIES) 
** WARNING ** visualization features related to rssdk will be disabled
-- looking for PCL_COMMON
-- looking for PCL_OCTREE
-- looking for PCL_IO
-- looking for PCL_KDTREE
-- looking for PCL_SEARCH
-- looking for PCL_SAMPLE_CONSENSUS
-- looking for PCL_FILTERS
-- looking for PCL_2D
-- looking for PCL_GEOMETRY
-- looking for PCL_FEATURES
-- looking for PCL_ML
-- looking for PCL_SEGMENTATION
-- looking for PCL_VISUALIZATION
-- looking for PCL_SURFACE
-- looking for PCL_REGISTRATION
-- looking for PCL_KEYPOINTS
-- looking for PCL_TRACKING
-- looking for PCL_RECOGNITION
-- looking for PCL_STEREO
-- looking for PCL_APPS
-- looking for PCL_IN_HAND_SCANNER
-- looking for PCL_MODELER
-- looking for PCL_POINT_CLOUD_EDITOR
-- looking for PCL_OUTOFCORE
-- looking for PCL_PEOPLE
-- A library with BLAS API found.
-- A library with LAPACK API found.
-- Found std_srvs: 0.8.1 (/opt/ros/eloquent/share/std_srvs/cmake)
-- Found visualization_msgs: 0.8.1 (/opt/ros/eloquent/share/visualization_msgs/cmake)
-- Found control_msgs: 2.2.0 (/opt/ros/eloquent/share/control_msgs/cmake)
-- Found tf2: 0.12.6 (/opt/ros/eloquent/share/tf2/cmake)
-- Found tf2_ros: 0.12.6 (/opt/ros/eloquent/share/tf2_ros/cmake)
-- Found tf2_eigen: 0.12.6 (/opt/ros/eloquent/share/tf2_eigen/cmake)
-- Found tf2_geometry_msgs: 0.12.6 (/opt/ros/eloquent/share/tf2_geometry_msgs/cmake)
-- Found yaml_cpp_vendor: 7.0.0 (/opt/ros/eloquent/share/yaml_cpp_vendor/cmake)
-- Setting yaml-cpp_DIR to: '/opt/ros/eloquent/share/yaml_cpp_vendor/cmake/../../../opt/yaml_cpp_vendor/lib/cmake/yaml-cpp'
-- Found ament_lint_auto: 0.8.2 (/opt/ros/eloquent/share/ament_lint_auto/cmake)
-- Added test 'copyright' to check for copyright in CMake / C / C++ / Python code
-- Added test 'cppcheck' to perform static code analysis on C / C++ code
-- Configured cppcheck include dirs: $<BUILD_INTERFACE:/root/crs_ws_fanuc/src/collaborative-robotic-sanding/crs_motion_planning/include>
-- Added test 'cpplint' to check C / C++ code against the Google style
-- Added test 'lint_cmake' to check CMake code style
-- Added test 'uncrustify' to check C / C++ code style
-- Added test 'xmllint' to check XML markup files
-- Configuring done
-- Generating done
-- Build files have been written to: /root/crs_ws_fanuc/build/crs_motion_planning
[ 25%] Built target crs_motion_planning_path_processing_utils
[ 50%] Built target crs_motion_planning_path_planning_utils
[ 75%] Built target crs_motion_planning_process_planner_test
[100%] Built target crs_motion_planning_motion_planning_server
[ 25%] Built target crs_motion_planning_path_processing_utils
[ 50%] Built target crs_motion_planning_path_planning_utils
[100%] Built target crs_motion_planning_process_planner_test
[100%] Built target crs_motion_planning_motion_planning_server
[36mInstall the project...[0m
-- Install configuration: "Debug"
-- Execute custom install script
-- Up-to-date symlink: /root/crs_ws_fanuc/install/crs_motion_planning/share/ament_index/resource_index/package_run_dependencies/crs_motion_planning
-- Up-to-date symlink: /root/crs_ws_fanuc/install/crs_motion_planning/share/ament_index/resource_index/parent_prefix_path/crs_motion_planning
-- Up-to-date symlink: /root/crs_ws_fanuc/install/crs_motion_planning/share/crs_motion_planning/environment/ament_prefix_path.sh
-- Up-to-date symlink: /root/crs_ws_fanuc/install/crs_motion_planning/share/crs_motion_planning/environment/ament_prefix_path.dsv
-- Up-to-date symlink: /root/crs_ws_fanuc/install/crs_motion_planning/share/crs_motion_planning/environment/path.sh
-- Up-to-date symlink: /root/crs_ws_fanuc/install/crs_motion_planning/share/crs_motion_planning/environment/path.dsv
-- Up-to-date symlink: /root/crs_ws_fanuc/install/crs_motion_planning/share/crs_motion_planning/local_setup.bash
-- Up-to-date symlink: /root/crs_ws_fanuc/install/crs_motion_planning/share/crs_motion_planning/local_setup.sh
-- Up-to-date symlink: /root/crs_ws_fanuc/install/crs_motion_planning/share/crs_motion_planning/local_setup.zsh
-- Up-to-date symlink: /root/crs_ws_fanuc/install/crs_motion_planning/share/crs_motion_planning/local_setup.dsv
-- Symlinking: /root/crs_ws_fanuc/install/crs_motion_planning/share/crs_motion_planning/package.dsv
-- Up-to-date symlink: /root/crs_ws_fanuc/install/crs_motion_planning/share/ament_index/resource_index/packages/crs_motion_planning
-- Up-to-date symlink: /root/crs_ws_fanuc/install/crs_motion_planning/share/crs_motion_planning/cmake/ament_cmake_export_include_directories-extras.cmake
-- Up-to-date symlink: /root/crs_ws_fanuc/install/crs_motion_planning/share/crs_motion_planning/cmake/ament_cmake_export_interfaces-extras.cmake
-- Up-to-date symlink: /root/crs_ws_fanuc/install/crs_motion_planning/share/crs_motion_planning/cmake/ament_cmake_export_dependencies-extras.cmake
-- Up-to-date symlink: /root/crs_ws_fanuc/install/crs_motion_planning/share/crs_motion_planning/cmake/crs_motion_planningConfig.cmake
-- Up-to-date symlink: /root/crs_ws_fanuc/install/crs_motion_planning/share/crs_motion_planning/cmake/crs_motion_planningConfig-version.cmake
-- Up-to-date symlink: /root/crs_ws_fanuc/install/crs_motion_planning/share/crs_motion_planning/package.xml
-- Up-to-date: /root/crs_ws_fanuc/install/crs_motion_planning/include/crs_motion_planning/
-- Up-to-date: /root/crs_ws_fanuc/install/crs_motion_planning/include/crs_motion_planning//path_processing_utils.h
-- Up-to-date: /root/crs_ws_fanuc/install/crs_motion_planning/include/crs_motion_planning//path_planning_utils.h
-- Up-to-date: /root/crs_ws_fanuc/install/crs_motion_planning/lib/libcrs_motion_planning_path_processing_utils.so
-- Up-to-date: /root/crs_ws_fanuc/install/crs_motion_planning/lib/libcrs_motion_planning_path_planning_utils.so
-- Up-to-date: /root/crs_ws_fanuc/install/crs_motion_planning/lib/crs_motion_planning/crs_motion_planning_motion_planning_server
-- Up-to-date: /root/crs_ws_fanuc/install/crs_motion_planning/lib/crs_motion_planning/crs_motion_planning_process_planner_test
-- Up-to-date: /root/crs_ws_fanuc/install/crs_motion_planning/share/crs_motion_planning/cmake/-targetsExport.cmake
-- Installing: /root/crs_ws_fanuc/install/crs_motion_planning/share/crs_motion_planning/cmake/-targetsExport-debug.cmake
