Determining if the pthread_create exist failed with the following output:
Change Dir: /root/crs_ws_fanuc/build/trajopt_sqp/CMakeFiles/CMakeTmp

Run Build Command:"/usr/bin/make" "cmTC_481e7/fast"
/usr/bin/make -f CMakeFiles/cmTC_481e7.dir/build.make CMakeFiles/cmTC_481e7.dir/build
make[1]: Entering directory '/root/crs_ws_fanuc/build/trajopt_sqp/CMakeFiles/CMakeTmp'
Building CXX object CMakeFiles/cmTC_481e7.dir/CheckSymbolExists.cxx.o
/usr/bin/c++     -o CMakeFiles/cmTC_481e7.dir/CheckSymbolExists.cxx.o -c /root/crs_ws_fanuc/build/trajopt_sqp/CMakeFiles/CMakeTmp/CheckSymbolExists.cxx
Linking CXX executable cmTC_481e7
/usr/bin/cmake -E cmake_link_script CMakeFiles/cmTC_481e7.dir/link.txt --verbose=1
/usr/bin/c++       CMakeFiles/cmTC_481e7.dir/CheckSymbolExists.cxx.o  -o cmTC_481e7 
CMakeFiles/cmTC_481e7.dir/CheckSymbolExists.cxx.o: In function `main':
CheckSymbolExists.cxx:(.text+0x1b): undefined reference to `pthread_create'
collect2: error: ld returned 1 exit status
CMakeFiles/cmTC_481e7.dir/build.make:97: recipe for target 'cmTC_481e7' failed
make[1]: *** [cmTC_481e7] Error 1
make[1]: Leaving directory '/root/crs_ws_fanuc/build/trajopt_sqp/CMakeFiles/CMakeTmp'
Makefile:126: recipe for target 'cmTC_481e7/fast' failed
make: *** [cmTC_481e7/fast] Error 2

File /root/crs_ws_fanuc/build/trajopt_sqp/CMakeFiles/CMakeTmp/CheckSymbolExists.cxx:
/* */
#include <pthread.h>

int main(int argc, char** argv)
{
  (void)argv;
#ifndef pthread_create
  return ((int*)(&pthread_create))[argc];
#else
  (void)argc;
  return 0;
#endif
}

Determining if the function pthread_create exists in the pthreads failed with the following output:
Change Dir: /root/crs_ws_fanuc/build/trajopt_sqp/CMakeFiles/CMakeTmp

Run Build Command:"/usr/bin/make" "cmTC_8123f/fast"
/usr/bin/make -f CMakeFiles/cmTC_8123f.dir/build.make CMakeFiles/cmTC_8123f.dir/build
make[1]: Entering directory '/root/crs_ws_fanuc/build/trajopt_sqp/CMakeFiles/CMakeTmp'
Building CXX object CMakeFiles/cmTC_8123f.dir/CheckFunctionExists.cxx.o
/usr/bin/c++    -DCHECK_FUNCTION_EXISTS=pthread_create   -o CMakeFiles/cmTC_8123f.dir/CheckFunctionExists.cxx.o -c /root/crs_ws_fanuc/build/trajopt_sqp/CMakeFiles/CheckLibraryExists/CheckFunctionExists.cxx
Linking CXX executable cmTC_8123f
/usr/bin/cmake -E cmake_link_script CMakeFiles/cmTC_8123f.dir/link.txt --verbose=1
/usr/bin/c++   -DCHECK_FUNCTION_EXISTS=pthread_create    CMakeFiles/cmTC_8123f.dir/CheckFunctionExists.cxx.o  -o cmTC_8123f -lpthreads 
/usr/bin/ld: cannot find -lpthreads
collect2: error: ld returned 1 exit status
CMakeFiles/cmTC_8123f.dir/build.make:97: recipe for target 'cmTC_8123f' failed
make[1]: *** [cmTC_8123f] Error 1
make[1]: Leaving directory '/root/crs_ws_fanuc/build/trajopt_sqp/CMakeFiles/CMakeTmp'
Makefile:126: recipe for target 'cmTC_8123f/fast' failed
make: *** [cmTC_8123f/fast] Error 2


