[0.024s] Invoking command in '/root/crs_ws_fanuc/build/crs_perception': AMENT_PREFIX_PATH=/root/crs_ws_fanuc/install/crs_msgs:/root/crs_ws_fanuc/install/cartesian_trajectory_msgs:${AMENT_PREFIX_PATH} CMAKE_PREFIX_PATH=/root/crs_ws_fanuc/install/crs_msgs:/root/crs_ws_fanuc/install/cartesian_trajectory_msgs:/opt/qt513/lib/cmake:/opt/ros/eloquent LD_LIBRARY_PATH=/root/crs_ws_fanuc/install/crs_msgs/lib:/root/crs_ws_fanuc/install/cartesian_trajectory_msgs/lib:${LD_LIBRARY_PATH} PYTHONPATH=/root/crs_ws_fanuc/install/crs_msgs/lib/python3.6/site-packages:/root/crs_ws_fanuc/install/cartesian_trajectory_msgs/lib/python3.6/site-packages:${PYTHONPATH} /usr/bin/cmake --build /root/crs_ws_fanuc/build/crs_perception -- -j8 -l8
[0.114s] [ 22%] Built target crs_perception
[0.145s] [ 55%] Built target localize_to_part
[0.177s] [ 77%] Built target crs_perception_nodes
[0.179s] [100%] Built target test_localize_to_part
[0.187s] Invoked command in '/root/crs_ws_fanuc/build/crs_perception' returned '0': AMENT_PREFIX_PATH=/root/crs_ws_fanuc/install/crs_msgs:/root/crs_ws_fanuc/install/cartesian_trajectory_msgs:${AMENT_PREFIX_PATH} CMAKE_PREFIX_PATH=/root/crs_ws_fanuc/install/crs_msgs:/root/crs_ws_fanuc/install/cartesian_trajectory_msgs:/opt/qt513/lib/cmake:/opt/ros/eloquent LD_LIBRARY_PATH=/root/crs_ws_fanuc/install/crs_msgs/lib:/root/crs_ws_fanuc/install/cartesian_trajectory_msgs/lib:${LD_LIBRARY_PATH} PYTHONPATH=/root/crs_ws_fanuc/install/crs_msgs/lib/python3.6/site-packages:/root/crs_ws_fanuc/install/cartesian_trajectory_msgs/lib/python3.6/site-packages:${PYTHONPATH} /usr/bin/cmake --build /root/crs_ws_fanuc/build/crs_perception -- -j8 -l8
[0.226s] Invoking command in '/root/crs_ws_fanuc/build/crs_perception': AMENT_PREFIX_PATH=/root/crs_ws_fanuc/install/crs_msgs:/root/crs_ws_fanuc/install/cartesian_trajectory_msgs:${AMENT_PREFIX_PATH} CMAKE_PREFIX_PATH=/root/crs_ws_fanuc/install/crs_msgs:/root/crs_ws_fanuc/install/cartesian_trajectory_msgs:/opt/qt513/lib/cmake:/opt/ros/eloquent LD_LIBRARY_PATH=/root/crs_ws_fanuc/install/crs_msgs/lib:/root/crs_ws_fanuc/install/cartesian_trajectory_msgs/lib:${LD_LIBRARY_PATH} PYTHONPATH=/root/crs_ws_fanuc/install/crs_msgs/lib/python3.6/site-packages:/root/crs_ws_fanuc/install/cartesian_trajectory_msgs/lib/python3.6/site-packages:${PYTHONPATH} /usr/bin/cmake --build /root/crs_ws_fanuc/build/crs_perception --target install -- -j8 -l8
[0.311s] [ 22%] Built target crs_perception
[0.341s] [ 55%] Built target localize_to_part
[0.373s] [ 77%] Built target test_localize_to_part
[0.380s] [100%] Built target crs_perception_nodes
[0.403s] [36mInstall the project...[0m
[0.412s] -- Install configuration: "Debug"
[0.412s] -- Execute custom install script
[0.413s] -- Up-to-date symlink: /root/crs_ws_fanuc/install/crs_perception/lib/crs_perception/localize_to_part
[0.413s] -- Up-to-date symlink: /root/crs_ws_fanuc/install/crs_perception/lib/crs_perception/test_localize_to_part
[0.413s] -- Up-to-date symlink: /root/crs_ws_fanuc/install/crs_perception/include/crs_perception/model_to_point_cloud.hpp
[0.414s] -- Up-to-date symlink: /root/crs_ws_fanuc/install/crs_perception/lib/libcrs_perception.so
[0.414s] -- Up-to-date symlink: /root/crs_ws_fanuc/install/crs_perception/lib/libcrs_perception_nodes.so
[0.415s] -- Up-to-date symlink: /root/crs_ws_fanuc/install/crs_perception/share/ament_index/resource_index/package_run_dependencies/crs_perception
[0.415s] -- Up-to-date symlink: /root/crs_ws_fanuc/install/crs_perception/share/ament_index/resource_index/parent_prefix_path/crs_perception
[0.415s] -- Up-to-date symlink: /root/crs_ws_fanuc/install/crs_perception/share/crs_perception/environment/ament_prefix_path.sh
[0.416s] -- Up-to-date symlink: /root/crs_ws_fanuc/install/crs_perception/share/crs_perception/environment/ament_prefix_path.dsv
[0.416s] -- Up-to-date symlink: /root/crs_ws_fanuc/install/crs_perception/share/crs_perception/environment/path.sh
[0.416s] -- Up-to-date symlink: /root/crs_ws_fanuc/install/crs_perception/share/crs_perception/environment/path.dsv
[0.417s] -- Up-to-date symlink: /root/crs_ws_fanuc/install/crs_perception/share/crs_perception/local_setup.bash
[0.417s] -- Up-to-date symlink: /root/crs_ws_fanuc/install/crs_perception/share/crs_perception/local_setup.sh
[0.417s] -- Up-to-date symlink: /root/crs_ws_fanuc/install/crs_perception/share/crs_perception/local_setup.zsh
[0.417s] -- Up-to-date symlink: /root/crs_ws_fanuc/install/crs_perception/share/crs_perception/local_setup.dsv
[0.417s] -- Symlinking: /root/crs_ws_fanuc/install/crs_perception/share/crs_perception/package.dsv
[0.427s] -- Up-to-date symlink: /root/crs_ws_fanuc/install/crs_perception/share/ament_index/resource_index/packages/crs_perception
[0.427s] -- Up-to-date symlink: /root/crs_ws_fanuc/install/crs_perception/share/ament_index/resource_index/rclcpp_components/crs_perception
[0.428s] -- Up-to-date symlink: /root/crs_ws_fanuc/install/crs_perception/share/crs_perception/cmake/ament_cmake_export_dependencies-extras.cmake
[0.428s] -- Up-to-date symlink: /root/crs_ws_fanuc/install/crs_perception/share/crs_perception/cmake/crs_perceptionConfig.cmake
[0.428s] -- Up-to-date symlink: /root/crs_ws_fanuc/install/crs_perception/share/crs_perception/cmake/crs_perceptionConfig-version.cmake
[0.429s] -- Up-to-date symlink: /root/crs_ws_fanuc/install/crs_perception/share/crs_perception/package.xml
[0.438s] Invoked command in '/root/crs_ws_fanuc/build/crs_perception' returned '0': AMENT_PREFIX_PATH=/root/crs_ws_fanuc/install/crs_msgs:/root/crs_ws_fanuc/install/cartesian_trajectory_msgs:${AMENT_PREFIX_PATH} CMAKE_PREFIX_PATH=/root/crs_ws_fanuc/install/crs_msgs:/root/crs_ws_fanuc/install/cartesian_trajectory_msgs:/opt/qt513/lib/cmake:/opt/ros/eloquent LD_LIBRARY_PATH=/root/crs_ws_fanuc/install/crs_msgs/lib:/root/crs_ws_fanuc/install/cartesian_trajectory_msgs/lib:${LD_LIBRARY_PATH} PYTHONPATH=/root/crs_ws_fanuc/install/crs_msgs/lib/python3.6/site-packages:/root/crs_ws_fanuc/install/cartesian_trajectory_msgs/lib/python3.6/site-packages:${PYTHONPATH} /usr/bin/cmake --build /root/crs_ws_fanuc/build/crs_perception --target install -- -j8 -l8
