-- Using CATKIN_DEVEL_PREFIX: /root/crs_ws_fanuc/build/fanuc_r2000ic_moveit_config/devel
-- Using CMAKE_PREFIX_PATH: /root/crs_ws_fanuc/install/fanuc_r2000ic_support;/root/crs_ws_fanuc/install/trajopt_tools;/root/crs_ws_fanuc/install/vhacd;/root/crs_ws_fanuc/install/crs_gui;/root/crs_ws_fanuc/install/crs_application;/root/crs_ws_fanuc/install/crs_motion_planning;/root/crs_ws_fanuc/install/ur_ikfast_kinematics;/root/crs_ws_fanuc/install/crs_robot_comms;/root/crs_ws_fanuc/install/trajopt_sqp;/root/crs_ws_fanuc/install/trajopt_ifopt;/root/crs_ws_fanuc/install/tesseract_monitoring;/root/crs_ws_fanuc/install/tesseract_rosutils;/root/crs_ws_fanuc/install/tesseract_process_planners;/root/crs_ws_fanuc/install/tesseract_motion_planners;/root/crs_ws_fanuc/install/trajopt;/root/crs_ws_fanuc/install/trajopt_sco;/root/crs_ws_fanuc/install/tesseract_visualization;/root/crs_ws_fanuc/install/tesseract;/root/crs_ws_fanuc/install/tesseract_urdf;/root/crs_ws_fanuc/install/tesseract_plugins;/root/crs_ws_fanuc/install/tesseract_environment;/root/crs_ws_fanuc/install/tesseract_collision;/root/crs_ws_fanuc/install/tesseract_support;/root/crs_ws_fanuc/install/tesseract_kinematics;/root/crs_ws_fanuc/install/tesseract_scene_graph;/root/crs_ws_fanuc/install/tesseract_geometry;/root/crs_ws_fanuc/install/roscpp_scxml_demos;/root/crs_ws_fanuc/install/rclcpp_scxml_demos;/root/crs_ws_fanuc/install/region_detection_rclcpp;/root/crs_ws_fanuc/install/osqp_eigen;/root/crs_ws_fanuc/install/osqp;/root/crs_ws_fanuc/install/descartes_opw;/root/crs_ws_fanuc/install/fcl;/root/crs_ws_fanuc/install/fanuc_resources;/root/crs_ws_fanuc/install/fanuc_r2000ic_moveit_config;/root/crs_ws_fanuc/install/fanuc_r2000ic_moveit_plugins;/root/crs_ws_fanuc/install/descartes_ikfast;/root/crs_ws_fanuc/install/crs_perception;/root/crs_ws_fanuc/install/crs_gazebo_plugins;/root/crs_ws_fanuc/install/bullet3;/root/crs_ws_fanuc/install/ur_dashboard_msgs;/root/crs_ws_fanuc/install/tesseract_msgs;/root/crs_ws_fanuc/install/region_detection_msgs;/root/crs_ws_fanuc/install/libccd;/root/crs_ws_fanuc/install/ifopt;/root/crs_ws_fanuc/install/fanuc_driver;/root/crs_ws_fanuc/install/crs_toolpath_gen;/root/crs_ws_fanuc/install/crs_support;/root/crs_ws_fanuc/install/crs_process_data;/root/crs_ws_fanuc/install/crs_area_selection;/root/crs_ws_fanuc/install/crs_msgs;/root/crs_ws_fanuc/install/trajopt_utils;/root/crs_ws_fanuc/install/tesseract_common;/root/crs_ws_fanuc/install/scxml_core;/root/crs_ws_fanuc/install/region_detection_core;/root/crs_ws_fanuc/install/opw_kinematics;/root/crs_ws_fanuc/install/octomap_msgs;/root/crs_ws_fanuc/install/iterative_spline_parameterization;/root/crs_ws_fanuc/install/industrial_msgs;/root/crs_ws_fanuc/install/gtest;/root/crs_ws_fanuc/install/descartes_samplers;/root/crs_ws_fanuc/install/descartes_light;/root/crs_ws_fanuc/install/cartesian_trajectory_msgs;/opt/ros/melodic;/root/crs_ws/install/trajopt_tools;/root/crs_ws/install/vhacd;/root/crs_ws/install/crs_gui;/root/crs_ws/install/crs_application;/root/crs_ws/install/crs_motion_planning;/root/crs_ws/install/ur_ikfast_kinematics;/root/crs_ws/install/crs_robot_comms;/root/crs_ws/install/ur_dashboard_msgs;/root/crs_ws/install/trajopt_sqp;/root/crs_ws/install/trajopt_ifopt;/root/crs_ws/install/tesseract_monitoring;/root/crs_ws/install/tesseract_rosutils;/root/crs_ws/install/tesseract_process_planners;/root/crs_ws/install/tesseract_motion_planners;/root/crs_ws/install/trajopt;/root/crs_ws/install/trajopt_sco;/root/crs_ws/install/trajopt_utils;/root/crs_ws/install/tesseract_visualization;/root/crs_ws/install/tesseract;/root/crs_ws/install/tesseract_urdf;/root/crs_ws/install/tesseract_plugins;/root/crs_ws/install/tesseract_environment;/root/crs_ws/install/tesseract_collision;/root/crs_ws/install/tesseract_support;/root/crs_ws/install/tesseract_kinematics;/root/crs_ws/install/tesseract_scene_graph;/root/crs_ws/install/tesseract_msgs;/root/crs_ws/install/tesseract_geometry;/root/crs_ws/install/tesseract_common;/root/crs_ws/install/rclcpp_scxml_demos;/root/crs_ws/install/scxml_core;/root/crs_ws/install/region_detection_rclcpp;/root/crs_ws/install/region_detection_msgs;/root/crs_ws/install/region_detection_core;/root/crs_ws/install/osqp_eigen;/root/crs_ws/install/osqp;/root/crs_ws/install/descartes_opw;/root/crs_ws/install/opw_kinematics;/root/crs_ws/install/octomap_msgs;/root/crs_ws/install/fcl;/root/crs_ws/install/libccd;/root/crs_ws/install/iterative_spline_parameterization;/root/crs_ws/install/ifopt;/root/crs_ws/install/gtest;/root/crs_ws/install/descartes_samplers;/root/crs_ws/install/descartes_ikfast;/root/crs_ws/install/descartes_light;/root/crs_ws/install/crs_toolpath_gen;/root/crs_ws/install/crs_support;/root/crs_ws/install/crs_process_data;/root/crs_ws/install/crs_perception;/root/crs_ws/install/crs_area_selection;/root/crs_ws/install/crs_msgs;/root/crs_ws/install/crs_gazebo_plugins;/root/crs_ws/install/cartesian_trajectory_msgs;/root/crs_ws/install/bullet3;/opt/qt513/lib/cmake
-- This workspace overlays: /root/crs_ws_fanuc/install/fanuc_r2000ic_support;/root/crs_ws_fanuc/install/roscpp_scxml_demos;/root/crs_ws_fanuc/install/fanuc_resources;/root/crs_ws_fanuc/install/fanuc_r2000ic_moveit_config;/root/crs_ws_fanuc/install/fanuc_r2000ic_moveit_plugins;/root/crs_ws_fanuc/install/fanuc_driver;/opt/ros/melodic
-- Override CMake install command with custom implementation using symlinks instead of copying resources
-- Found PythonInterp: /usr/bin/python3 (found suitable version "3.6.9", minimum required is "3") 
-- Using PYTHON_EXECUTABLE: /usr/bin/python3
-- Using Debian Python package layout
-- Using empy: /usr/bin/empy
-- Using CATKIN_ENABLE_TESTING: ON
-- Call enable_testing()
-- Using CATKIN_TEST_RESULTS_DIR: /root/crs_ws_fanuc/build/fanuc_r2000ic_moveit_config/test_results
-- Forcing gtest/gmock from source, though one was otherwise available.
-- Found gtest sources under '/usr/src/googletest': gtests will be built
-- Found gmock sources under '/usr/src/googletest': gmock will be built
-- Found PythonInterp: /usr/bin/python3 (found version "3.6.9") 
-- Using Python nosetests: /usr/bin/nosetests
-- catkin 0.7.29
-- BUILD_SHARED_LIBS is on
-- Configuring done
-- Generating done
-- Build files have been written to: /root/crs_ws_fanuc/build/fanuc_r2000ic_moveit_config
Built target tests
Install the project...
-- Install configuration: "Debug"
-- Execute custom install script
-- Up-to-date symlink: /root/crs_ws_fanuc/install/fanuc_r2000ic_moveit_config/lib/pkgconfig/fanuc_r2000ic_moveit_config.pc
-- Up-to-date symlink: /root/crs_ws_fanuc/install/fanuc_r2000ic_moveit_config/share/fanuc_r2000ic_moveit_config/cmake/fanuc_r2000ic_moveit_configConfig.cmake
-- Up-to-date symlink: /root/crs_ws_fanuc/install/fanuc_r2000ic_moveit_config/share/fanuc_r2000ic_moveit_config/cmake/fanuc_r2000ic_moveit_configConfig-version.cmake
-- Up-to-date symlink: /root/crs_ws_fanuc/install/fanuc_r2000ic_moveit_config/share/fanuc_r2000ic_moveit_config/package.xml
-- Up-to-date symlink: /root/crs_ws_fanuc/install/fanuc_r2000ic_moveit_config/share/fanuc_r2000ic_moveit_config/launch/chomp_planning_pipeline.launch.xml
-- Up-to-date symlink: /root/crs_ws_fanuc/install/fanuc_r2000ic_moveit_config/share/fanuc_r2000ic_moveit_config/launch/default_warehouse_db.launch
-- Up-to-date symlink: /root/crs_ws_fanuc/install/fanuc_r2000ic_moveit_config/share/fanuc_r2000ic_moveit_config/launch/demo.launch
-- Up-to-date symlink: /root/crs_ws_fanuc/install/fanuc_r2000ic_moveit_config/share/fanuc_r2000ic_moveit_config/launch/demo_gazebo.launch
-- Up-to-date symlink: /root/crs_ws_fanuc/install/fanuc_r2000ic_moveit_config/share/fanuc_r2000ic_moveit_config/launch/fake_moveit_controller_manager.launch.xml
-- Up-to-date symlink: /root/crs_ws_fanuc/install/fanuc_r2000ic_moveit_config/share/fanuc_r2000ic_moveit_config/launch/fanuc_r2000ic165f_moveit_controller_manager.launch
-- Up-to-date symlink: /root/crs_ws_fanuc/install/fanuc_r2000ic_moveit_config/share/fanuc_r2000ic_moveit_config/launch/fanuc_r2000ic165f_moveit_controller_manager.launch.xml
-- Up-to-date symlink: /root/crs_ws_fanuc/install/fanuc_r2000ic_moveit_config/share/fanuc_r2000ic_moveit_config/launch/fanuc_r2000ic165f_moveit_sensor_manager.launch.xml
-- Up-to-date symlink: /root/crs_ws_fanuc/install/fanuc_r2000ic_moveit_config/share/fanuc_r2000ic_moveit_config/launch/gazebo.launch
-- Up-to-date symlink: /root/crs_ws_fanuc/install/fanuc_r2000ic_moveit_config/share/fanuc_r2000ic_moveit_config/launch/joystick_control.launch
-- Up-to-date symlink: /root/crs_ws_fanuc/install/fanuc_r2000ic_moveit_config/share/fanuc_r2000ic_moveit_config/launch/move_group.launch
-- Up-to-date symlink: /root/crs_ws_fanuc/install/fanuc_r2000ic_moveit_config/share/fanuc_r2000ic_moveit_config/launch/moveit.rviz
-- Up-to-date symlink: /root/crs_ws_fanuc/install/fanuc_r2000ic_moveit_config/share/fanuc_r2000ic_moveit_config/launch/moveit_planning_execution.launch
-- Up-to-date symlink: /root/crs_ws_fanuc/install/fanuc_r2000ic_moveit_config/share/fanuc_r2000ic_moveit_config/launch/moveit_rviz.launch
-- Up-to-date symlink: /root/crs_ws_fanuc/install/fanuc_r2000ic_moveit_config/share/fanuc_r2000ic_moveit_config/launch/ompl_planning_pipeline.launch.xml
-- Up-to-date symlink: /root/crs_ws_fanuc/install/fanuc_r2000ic_moveit_config/share/fanuc_r2000ic_moveit_config/launch/planning_context.launch
-- Up-to-date symlink: /root/crs_ws_fanuc/install/fanuc_r2000ic_moveit_config/share/fanuc_r2000ic_moveit_config/launch/planning_pipeline.launch.xml
-- Up-to-date symlink: /root/crs_ws_fanuc/install/fanuc_r2000ic_moveit_config/share/fanuc_r2000ic_moveit_config/launch/ros_controllers.launch
-- Up-to-date symlink: /root/crs_ws_fanuc/install/fanuc_r2000ic_moveit_config/share/fanuc_r2000ic_moveit_config/launch/run_benchmark_ompl.launch
-- Up-to-date symlink: /root/crs_ws_fanuc/install/fanuc_r2000ic_moveit_config/share/fanuc_r2000ic_moveit_config/launch/sensor_manager.launch.xml
-- Up-to-date symlink: /root/crs_ws_fanuc/install/fanuc_r2000ic_moveit_config/share/fanuc_r2000ic_moveit_config/launch/sim_moveit_planning_execution.launch
-- Up-to-date symlink: /root/crs_ws_fanuc/install/fanuc_r2000ic_moveit_config/share/fanuc_r2000ic_moveit_config/launch/trajectory_execution.launch.xml
-- Up-to-date symlink: /root/crs_ws_fanuc/install/fanuc_r2000ic_moveit_config/share/fanuc_r2000ic_moveit_config/launch/warehouse.launch
-- Up-to-date symlink: /root/crs_ws_fanuc/install/fanuc_r2000ic_moveit_config/share/fanuc_r2000ic_moveit_config/launch/warehouse_settings.launch.xml
-- Up-to-date symlink: /root/crs_ws_fanuc/install/fanuc_r2000ic_moveit_config/share/fanuc_r2000ic_moveit_config/config/chomp_planning.yaml
-- Up-to-date symlink: /root/crs_ws_fanuc/install/fanuc_r2000ic_moveit_config/share/fanuc_r2000ic_moveit_config/config/controllers.yaml
-- Up-to-date symlink: /root/crs_ws_fanuc/install/fanuc_r2000ic_moveit_config/share/fanuc_r2000ic_moveit_config/config/fake_controllers.yaml
-- Up-to-date symlink: /root/crs_ws_fanuc/install/fanuc_r2000ic_moveit_config/share/fanuc_r2000ic_moveit_config/config/fanuc_r2000ic165f.srdf
-- Up-to-date symlink: /root/crs_ws_fanuc/install/fanuc_r2000ic_moveit_config/share/fanuc_r2000ic_moveit_config/config/joint_limits.yaml
-- Up-to-date symlink: /root/crs_ws_fanuc/install/fanuc_r2000ic_moveit_config/share/fanuc_r2000ic_moveit_config/config/kinematics.yaml
-- Up-to-date symlink: /root/crs_ws_fanuc/install/fanuc_r2000ic_moveit_config/share/fanuc_r2000ic_moveit_config/config/ompl_planning.yaml
-- Up-to-date symlink: /root/crs_ws_fanuc/install/fanuc_r2000ic_moveit_config/share/fanuc_r2000ic_moveit_config/config/ros_controllers.yaml
-- Up-to-date symlink: /root/crs_ws_fanuc/install/fanuc_r2000ic_moveit_config/share/fanuc_r2000ic_moveit_config/config/sensors_3d.yaml
