[0.052s] Invoking command in '/root/crs_ws_fanuc/build/region_detection_rclcpp': AMENT_PREFIX_PATH=/root/crs_ws_fanuc/install/region_detection_msgs:${AMENT_PREFIX_PATH} CMAKE_PREFIX_PATH=/root/crs_ws_fanuc/install/region_detection_msgs:/root/crs_ws_fanuc/install/region_detection_core:/opt/qt513/lib/cmake:/opt/ros/eloquent LD_LIBRARY_PATH=/root/crs_ws_fanuc/install/region_detection_msgs/lib:/root/crs_ws_fanuc/install/region_detection_core/lib:${LD_LIBRARY_PATH} PATH=/root/crs_ws_fanuc/install/region_detection_core/bin:${PATH} PKG_CONFIG_PATH=/root/crs_ws_fanuc/install/region_detection_core/lib/x86_64-linux-gnu/pkgconfig:/root/crs_ws_fanuc/install/region_detection_core/lib/pkgconfig PYTHONPATH=/root/crs_ws_fanuc/install/region_detection_msgs/lib/python3.6/site-packages:${PYTHONPATH} /usr/bin/cmake --build /root/crs_ws_fanuc/build/region_detection_rclcpp -- -j8 -l8
[0.174s] [ 33%] Built target interactive_region_selection
[0.176s] [ 66%] Built target region_detector_server
[0.201s] [100%] Built target crop_data_server
[0.236s] Invoked command in '/root/crs_ws_fanuc/build/region_detection_rclcpp' returned '0': AMENT_PREFIX_PATH=/root/crs_ws_fanuc/install/region_detection_msgs:${AMENT_PREFIX_PATH} CMAKE_PREFIX_PATH=/root/crs_ws_fanuc/install/region_detection_msgs:/root/crs_ws_fanuc/install/region_detection_core:/opt/qt513/lib/cmake:/opt/ros/eloquent LD_LIBRARY_PATH=/root/crs_ws_fanuc/install/region_detection_msgs/lib:/root/crs_ws_fanuc/install/region_detection_core/lib:${LD_LIBRARY_PATH} PATH=/root/crs_ws_fanuc/install/region_detection_core/bin:${PATH} PKG_CONFIG_PATH=/root/crs_ws_fanuc/install/region_detection_core/lib/x86_64-linux-gnu/pkgconfig:/root/crs_ws_fanuc/install/region_detection_core/lib/pkgconfig PYTHONPATH=/root/crs_ws_fanuc/install/region_detection_msgs/lib/python3.6/site-packages:${PYTHONPATH} /usr/bin/cmake --build /root/crs_ws_fanuc/build/region_detection_rclcpp -- -j8 -l8
[0.374s] Invoking command in '/root/crs_ws_fanuc/build/region_detection_rclcpp': AMENT_PREFIX_PATH=/root/crs_ws_fanuc/install/region_detection_msgs:${AMENT_PREFIX_PATH} CMAKE_PREFIX_PATH=/root/crs_ws_fanuc/install/region_detection_msgs:/root/crs_ws_fanuc/install/region_detection_core:/opt/qt513/lib/cmake:/opt/ros/eloquent LD_LIBRARY_PATH=/root/crs_ws_fanuc/install/region_detection_msgs/lib:/root/crs_ws_fanuc/install/region_detection_core/lib:${LD_LIBRARY_PATH} PATH=/root/crs_ws_fanuc/install/region_detection_core/bin:${PATH} PKG_CONFIG_PATH=/root/crs_ws_fanuc/install/region_detection_core/lib/x86_64-linux-gnu/pkgconfig:/root/crs_ws_fanuc/install/region_detection_core/lib/pkgconfig PYTHONPATH=/root/crs_ws_fanuc/install/region_detection_msgs/lib/python3.6/site-packages:${PYTHONPATH} /usr/bin/cmake --build /root/crs_ws_fanuc/build/region_detection_rclcpp --target install -- -j8 -l8
[0.495s] [ 33%] Built target crop_data_server
[0.505s] [ 66%] Built target region_detector_server
[0.511s] [100%] Built target interactive_region_selection
[0.539s] [36mInstall the project...[0m
[0.552s] -- Install configuration: "Debug"
[0.553s] -- Execute custom install script
[0.554s] -- Up-to-date symlink: /root/crs_ws_fanuc/install/region_detection_rclcpp/lib/region_detection_rclcpp/interactive_region_selection
[0.556s] -- Up-to-date symlink: /root/crs_ws_fanuc/install/region_detection_rclcpp/lib/region_detection_rclcpp/region_detector_server
[0.557s] -- Up-to-date symlink: /root/crs_ws_fanuc/install/region_detection_rclcpp/lib/region_detection_rclcpp/crop_data_server
[0.557s] -- Up-to-date symlink: /root/crs_ws_fanuc/install/region_detection_rclcpp/share/ament_index/resource_index/package_run_dependencies/region_detection_rclcpp
[0.557s] -- Up-to-date symlink: /root/crs_ws_fanuc/install/region_detection_rclcpp/share/ament_index/resource_index/parent_prefix_path/region_detection_rclcpp
[0.557s] -- Up-to-date symlink: /root/crs_ws_fanuc/install/region_detection_rclcpp/share/region_detection_rclcpp/environment/ament_prefix_path.sh
[0.557s] -- Up-to-date symlink: /root/crs_ws_fanuc/install/region_detection_rclcpp/share/region_detection_rclcpp/environment/ament_prefix_path.dsv
[0.557s] -- Up-to-date symlink: /root/crs_ws_fanuc/install/region_detection_rclcpp/share/region_detection_rclcpp/environment/path.sh
[0.557s] -- Up-to-date symlink: /root/crs_ws_fanuc/install/region_detection_rclcpp/share/region_detection_rclcpp/environment/path.dsv
[0.557s] -- Up-to-date symlink: /root/crs_ws_fanuc/install/region_detection_rclcpp/share/region_detection_rclcpp/local_setup.bash
[0.558s] -- Up-to-date symlink: /root/crs_ws_fanuc/install/region_detection_rclcpp/share/region_detection_rclcpp/local_setup.sh
[0.558s] -- Up-to-date symlink: /root/crs_ws_fanuc/install/region_detection_rclcpp/share/region_detection_rclcpp/local_setup.zsh
[0.558s] -- Up-to-date symlink: /root/crs_ws_fanuc/install/region_detection_rclcpp/share/region_detection_rclcpp/local_setup.dsv
[0.558s] -- Symlinking: /root/crs_ws_fanuc/install/region_detection_rclcpp/share/region_detection_rclcpp/package.dsv
[0.572s] -- Up-to-date symlink: /root/crs_ws_fanuc/install/region_detection_rclcpp/share/ament_index/resource_index/packages/region_detection_rclcpp
[0.572s] -- Up-to-date symlink: /root/crs_ws_fanuc/install/region_detection_rclcpp/share/region_detection_rclcpp/cmake/region_detection_rclcppConfig.cmake
[0.572s] -- Up-to-date symlink: /root/crs_ws_fanuc/install/region_detection_rclcpp/share/region_detection_rclcpp/cmake/region_detection_rclcppConfig-version.cmake
[0.573s] -- Up-to-date symlink: /root/crs_ws_fanuc/install/region_detection_rclcpp/share/region_detection_rclcpp/package.xml
[0.579s] Invoked command in '/root/crs_ws_fanuc/build/region_detection_rclcpp' returned '0': AMENT_PREFIX_PATH=/root/crs_ws_fanuc/install/region_detection_msgs:${AMENT_PREFIX_PATH} CMAKE_PREFIX_PATH=/root/crs_ws_fanuc/install/region_detection_msgs:/root/crs_ws_fanuc/install/region_detection_core:/opt/qt513/lib/cmake:/opt/ros/eloquent LD_LIBRARY_PATH=/root/crs_ws_fanuc/install/region_detection_msgs/lib:/root/crs_ws_fanuc/install/region_detection_core/lib:${LD_LIBRARY_PATH} PATH=/root/crs_ws_fanuc/install/region_detection_core/bin:${PATH} PKG_CONFIG_PATH=/root/crs_ws_fanuc/install/region_detection_core/lib/x86_64-linux-gnu/pkgconfig:/root/crs_ws_fanuc/install/region_detection_core/lib/pkgconfig PYTHONPATH=/root/crs_ws_fanuc/install/region_detection_msgs/lib/python3.6/site-packages:${PYTHONPATH} /usr/bin/cmake --build /root/crs_ws_fanuc/build/region_detection_rclcpp --target install -- -j8 -l8
