[0.052s] Invoking command in '/root/crs_ws_fanuc/build/crs_area_selection': AMENT_PREFIX_PATH=/root/crs_ws_fanuc/install/crs_msgs:/root/crs_ws_fanuc/install/cartesian_trajectory_msgs:${AMENT_PREFIX_PATH} CMAKE_PREFIX_PATH=/root/crs_ws_fanuc/install/crs_msgs:/root/crs_ws_fanuc/install/cartesian_trajectory_msgs:/opt/qt513/lib/cmake:/opt/ros/eloquent LD_LIBRARY_PATH=/root/crs_ws_fanuc/install/crs_msgs/lib:/root/crs_ws_fanuc/install/cartesian_trajectory_msgs/lib:${LD_LIBRARY_PATH} PYTHONPATH=/root/crs_ws_fanuc/install/crs_msgs/lib/python3.6/site-packages:/root/crs_ws_fanuc/install/cartesian_trajectory_msgs/lib/python3.6/site-packages:${PYTHONPATH} /usr/bin/cmake --build /root/crs_ws_fanuc/build/crs_area_selection -- -j8 -l8
[0.172s] [ 60%] Built target crs_area_selection_area_selection
[0.225s] [100%] Built target crs_area_selection_area_selection_node
[0.241s] Invoked command in '/root/crs_ws_fanuc/build/crs_area_selection' returned '0': AMENT_PREFIX_PATH=/root/crs_ws_fanuc/install/crs_msgs:/root/crs_ws_fanuc/install/cartesian_trajectory_msgs:${AMENT_PREFIX_PATH} CMAKE_PREFIX_PATH=/root/crs_ws_fanuc/install/crs_msgs:/root/crs_ws_fanuc/install/cartesian_trajectory_msgs:/opt/qt513/lib/cmake:/opt/ros/eloquent LD_LIBRARY_PATH=/root/crs_ws_fanuc/install/crs_msgs/lib:/root/crs_ws_fanuc/install/cartesian_trajectory_msgs/lib:${LD_LIBRARY_PATH} PYTHONPATH=/root/crs_ws_fanuc/install/crs_msgs/lib/python3.6/site-packages:/root/crs_ws_fanuc/install/cartesian_trajectory_msgs/lib/python3.6/site-packages:${PYTHONPATH} /usr/bin/cmake --build /root/crs_ws_fanuc/build/crs_area_selection -- -j8 -l8
[0.281s] Invoking command in '/root/crs_ws_fanuc/build/crs_area_selection': AMENT_PREFIX_PATH=/root/crs_ws_fanuc/install/crs_msgs:/root/crs_ws_fanuc/install/cartesian_trajectory_msgs:${AMENT_PREFIX_PATH} CMAKE_PREFIX_PATH=/root/crs_ws_fanuc/install/crs_msgs:/root/crs_ws_fanuc/install/cartesian_trajectory_msgs:/opt/qt513/lib/cmake:/opt/ros/eloquent LD_LIBRARY_PATH=/root/crs_ws_fanuc/install/crs_msgs/lib:/root/crs_ws_fanuc/install/cartesian_trajectory_msgs/lib:${LD_LIBRARY_PATH} PYTHONPATH=/root/crs_ws_fanuc/install/crs_msgs/lib/python3.6/site-packages:/root/crs_ws_fanuc/install/cartesian_trajectory_msgs/lib/python3.6/site-packages:${PYTHONPATH} /usr/bin/cmake --build /root/crs_ws_fanuc/build/crs_area_selection --target install -- -j8 -l8
[0.399s] [ 60%] Built target crs_area_selection_area_selection
[0.450s] [100%] Built target crs_area_selection_area_selection_node
[0.472s] [36mInstall the project...[0m
[0.484s] -- Install configuration: "Debug"
[0.486s] -- Execute custom install script
[0.486s] -- Up-to-date symlink: /root/crs_ws_fanuc/install/crs_area_selection/share/ament_index/resource_index/package_run_dependencies/crs_area_selection
[0.486s] -- Up-to-date symlink: /root/crs_ws_fanuc/install/crs_area_selection/share/ament_index/resource_index/parent_prefix_path/crs_area_selection
[0.486s] -- Up-to-date symlink: /root/crs_ws_fanuc/install/crs_area_selection/share/crs_area_selection/environment/ament_prefix_path.sh
[0.486s] -- Up-to-date symlink: /root/crs_ws_fanuc/install/crs_area_selection/share/crs_area_selection/environment/ament_prefix_path.dsv
[0.486s] -- Up-to-date symlink: /root/crs_ws_fanuc/install/crs_area_selection/share/crs_area_selection/environment/path.sh
[0.487s] -- Up-to-date symlink: /root/crs_ws_fanuc/install/crs_area_selection/share/crs_area_selection/environment/path.dsv
[0.487s] -- Up-to-date symlink: /root/crs_ws_fanuc/install/crs_area_selection/share/crs_area_selection/local_setup.bash
[0.487s] -- Up-to-date symlink: /root/crs_ws_fanuc/install/crs_area_selection/share/crs_area_selection/local_setup.sh
[0.487s] -- Up-to-date symlink: /root/crs_ws_fanuc/install/crs_area_selection/share/crs_area_selection/local_setup.zsh
[0.488s] -- Up-to-date symlink: /root/crs_ws_fanuc/install/crs_area_selection/share/crs_area_selection/local_setup.dsv
[0.491s] -- Symlinking: /root/crs_ws_fanuc/install/crs_area_selection/share/crs_area_selection/package.dsv
[0.500s] -- Up-to-date symlink: /root/crs_ws_fanuc/install/crs_area_selection/share/ament_index/resource_index/packages/crs_area_selection
[0.500s] -- Up-to-date symlink: /root/crs_ws_fanuc/install/crs_area_selection/share/crs_area_selection/cmake/ament_cmake_export_interfaces-extras.cmake
[0.500s] -- Up-to-date symlink: /root/crs_ws_fanuc/install/crs_area_selection/share/crs_area_selection/cmake/ament_cmake_export_dependencies-extras.cmake
[0.500s] -- Up-to-date symlink: /root/crs_ws_fanuc/install/crs_area_selection/share/crs_area_selection/cmake/crs_area_selectionConfig.cmake
[0.501s] -- Up-to-date symlink: /root/crs_ws_fanuc/install/crs_area_selection/share/crs_area_selection/cmake/crs_area_selectionConfig-version.cmake
[0.501s] -- Up-to-date symlink: /root/crs_ws_fanuc/install/crs_area_selection/share/crs_area_selection/package.xml
[0.501s] -- Up-to-date: /root/crs_ws_fanuc/install/crs_area_selection/lib/libcrs_area_selection_area_selection.so
[0.502s] -- Up-to-date: /root/crs_ws_fanuc/install/crs_area_selection/lib/crs_area_selection/crs_area_selection_area_selection_node
[0.502s] -- Up-to-date: /root/crs_ws_fanuc/install/crs_area_selection/include
[0.502s] -- Up-to-date: /root/crs_ws_fanuc/install/crs_area_selection/include/crs_area_selection
[0.503s] -- Up-to-date: /root/crs_ws_fanuc/install/crs_area_selection/include/crs_area_selection/area_selector_parameters.h
[0.503s] -- Up-to-date: /root/crs_ws_fanuc/install/crs_area_selection/include/crs_area_selection/area_selector.h
[0.503s] -- Up-to-date: /root/crs_ws_fanuc/install/crs_area_selection/include/crs_area_selection/selection_artist.h
[0.503s] -- Up-to-date: /root/crs_ws_fanuc/install/crs_area_selection/include/crs_area_selection/filter_impl.h
[0.503s] -- Up-to-date: /root/crs_ws_fanuc/install/crs_area_selection/include/crs_area_selection/filter.h
[0.504s] -- Up-to-date: /root/crs_ws_fanuc/install/crs_area_selection/share/crs_area_selection/cmake/-targetsExport.cmake
[0.504s] -- Up-to-date: /root/crs_ws_fanuc/install/crs_area_selection/share/crs_area_selection/cmake/-targetsExport-debug.cmake
[0.510s] Invoked command in '/root/crs_ws_fanuc/build/crs_area_selection' returned '0': AMENT_PREFIX_PATH=/root/crs_ws_fanuc/install/crs_msgs:/root/crs_ws_fanuc/install/cartesian_trajectory_msgs:${AMENT_PREFIX_PATH} CMAKE_PREFIX_PATH=/root/crs_ws_fanuc/install/crs_msgs:/root/crs_ws_fanuc/install/cartesian_trajectory_msgs:/opt/qt513/lib/cmake:/opt/ros/eloquent LD_LIBRARY_PATH=/root/crs_ws_fanuc/install/crs_msgs/lib:/root/crs_ws_fanuc/install/cartesian_trajectory_msgs/lib:${LD_LIBRARY_PATH} PYTHONPATH=/root/crs_ws_fanuc/install/crs_msgs/lib/python3.6/site-packages:/root/crs_ws_fanuc/install/cartesian_trajectory_msgs/lib/python3.6/site-packages:${PYTHONPATH} /usr/bin/cmake --build /root/crs_ws_fanuc/build/crs_area_selection --target install -- -j8 -l8
