[0.044s] Invoking command in '/root/crs_ws_fanuc/build/crs_perception': AMENT_PREFIX_PATH=/root/crs_ws_fanuc/install/crs_msgs:/root/crs_ws_fanuc/install/cartesian_trajectory_msgs:${AMENT_PREFIX_PATH} CMAKE_PREFIX_PATH=/root/crs_ws_fanuc/install/crs_msgs:/root/crs_ws_fanuc/install/cartesian_trajectory_msgs:/opt/qt513/lib/cmake:/opt/ros/eloquent LD_LIBRARY_PATH=/root/crs_ws_fanuc/install/crs_msgs/lib:/root/crs_ws_fanuc/install/cartesian_trajectory_msgs/lib:${LD_LIBRARY_PATH} PYTHONPATH=/root/crs_ws_fanuc/install/crs_msgs/lib/python3.6/site-packages:/root/crs_ws_fanuc/install/cartesian_trajectory_msgs/lib/python3.6/site-packages:${PYTHONPATH} /usr/bin/cmake --build /root/crs_ws_fanuc/build/crs_perception -- -j8 -l8
[0.128s] [ 22%] Built target crs_perception
[0.173s] [ 55%] Built target localize_to_part
[0.191s] [ 77%] Built target test_localize_to_part
[0.204s] [100%] Built target crs_perception_nodes
[0.219s] Invoked command in '/root/crs_ws_fanuc/build/crs_perception' returned '0': AMENT_PREFIX_PATH=/root/crs_ws_fanuc/install/crs_msgs:/root/crs_ws_fanuc/install/cartesian_trajectory_msgs:${AMENT_PREFIX_PATH} CMAKE_PREFIX_PATH=/root/crs_ws_fanuc/install/crs_msgs:/root/crs_ws_fanuc/install/cartesian_trajectory_msgs:/opt/qt513/lib/cmake:/opt/ros/eloquent LD_LIBRARY_PATH=/root/crs_ws_fanuc/install/crs_msgs/lib:/root/crs_ws_fanuc/install/cartesian_trajectory_msgs/lib:${LD_LIBRARY_PATH} PYTHONPATH=/root/crs_ws_fanuc/install/crs_msgs/lib/python3.6/site-packages:/root/crs_ws_fanuc/install/cartesian_trajectory_msgs/lib/python3.6/site-packages:${PYTHONPATH} /usr/bin/cmake --build /root/crs_ws_fanuc/build/crs_perception -- -j8 -l8
[0.454s] Invoking command in '/root/crs_ws_fanuc/build/crs_perception': AMENT_PREFIX_PATH=/root/crs_ws_fanuc/install/crs_msgs:/root/crs_ws_fanuc/install/cartesian_trajectory_msgs:${AMENT_PREFIX_PATH} CMAKE_PREFIX_PATH=/root/crs_ws_fanuc/install/crs_msgs:/root/crs_ws_fanuc/install/cartesian_trajectory_msgs:/opt/qt513/lib/cmake:/opt/ros/eloquent LD_LIBRARY_PATH=/root/crs_ws_fanuc/install/crs_msgs/lib:/root/crs_ws_fanuc/install/cartesian_trajectory_msgs/lib:${LD_LIBRARY_PATH} PYTHONPATH=/root/crs_ws_fanuc/install/crs_msgs/lib/python3.6/site-packages:/root/crs_ws_fanuc/install/cartesian_trajectory_msgs/lib/python3.6/site-packages:${PYTHONPATH} /usr/bin/cmake --build /root/crs_ws_fanuc/build/crs_perception --target install -- -j8 -l8
[0.490s] [ 22%] Built target crs_perception
[0.538s] [ 55%] Built target localize_to_part
[0.554s] [ 77%] Built target test_localize_to_part
[0.563s] [100%] Built target crs_perception_nodes
[0.583s] [36mInstall the project...[0m
[0.592s] -- Install configuration: "Debug"
[0.977s] -- Execute custom install script
[0.977s] -- Up-to-date symlink: /root/crs_ws_fanuc/install/crs_perception/lib/crs_perception/localize_to_part
[0.978s] -- Up-to-date symlink: /root/crs_ws_fanuc/install/crs_perception/lib/crs_perception/test_localize_to_part
[0.979s] -- Up-to-date symlink: /root/crs_ws_fanuc/install/crs_perception/include/crs_perception/model_to_point_cloud.hpp
[0.979s] -- Up-to-date symlink: /root/crs_ws_fanuc/install/crs_perception/lib/libcrs_perception.so
[0.980s] -- Up-to-date symlink: /root/crs_ws_fanuc/install/crs_perception/lib/libcrs_perception_nodes.so
[0.980s] -- Up-to-date symlink: /root/crs_ws_fanuc/install/crs_perception/share/ament_index/resource_index/package_run_dependencies/crs_perception
[0.981s] -- Up-to-date symlink: /root/crs_ws_fanuc/install/crs_perception/share/ament_index/resource_index/parent_prefix_path/crs_perception
[0.981s] -- Up-to-date symlink: /root/crs_ws_fanuc/install/crs_perception/share/crs_perception/environment/ament_prefix_path.sh
[0.981s] -- Up-to-date symlink: /root/crs_ws_fanuc/install/crs_perception/share/crs_perception/environment/ament_prefix_path.dsv
[0.982s] -- Up-to-date symlink: /root/crs_ws_fanuc/install/crs_perception/share/crs_perception/environment/path.sh
[0.982s] -- Up-to-date symlink: /root/crs_ws_fanuc/install/crs_perception/share/crs_perception/environment/path.dsv
[0.982s] -- Up-to-date symlink: /root/crs_ws_fanuc/install/crs_perception/share/crs_perception/local_setup.bash
[0.982s] -- Up-to-date symlink: /root/crs_ws_fanuc/install/crs_perception/share/crs_perception/local_setup.sh
[0.983s] -- Up-to-date symlink: /root/crs_ws_fanuc/install/crs_perception/share/crs_perception/local_setup.zsh
[0.983s] -- Up-to-date symlink: /root/crs_ws_fanuc/install/crs_perception/share/crs_perception/local_setup.dsv
[0.983s] -- Symlinking: /root/crs_ws_fanuc/install/crs_perception/share/crs_perception/package.dsv
[0.993s] -- Up-to-date symlink: /root/crs_ws_fanuc/install/crs_perception/share/ament_index/resource_index/packages/crs_perception
[0.993s] -- Up-to-date symlink: /root/crs_ws_fanuc/install/crs_perception/share/ament_index/resource_index/rclcpp_components/crs_perception
[0.993s] -- Up-to-date symlink: /root/crs_ws_fanuc/install/crs_perception/share/crs_perception/cmake/ament_cmake_export_dependencies-extras.cmake
[0.994s] -- Up-to-date symlink: /root/crs_ws_fanuc/install/crs_perception/share/crs_perception/cmake/crs_perceptionConfig.cmake
[0.994s] -- Up-to-date symlink: /root/crs_ws_fanuc/install/crs_perception/share/crs_perception/cmake/crs_perceptionConfig-version.cmake
[0.994s] -- Up-to-date symlink: /root/crs_ws_fanuc/install/crs_perception/share/crs_perception/package.xml
[0.999s] Invoked command in '/root/crs_ws_fanuc/build/crs_perception' returned '0': AMENT_PREFIX_PATH=/root/crs_ws_fanuc/install/crs_msgs:/root/crs_ws_fanuc/install/cartesian_trajectory_msgs:${AMENT_PREFIX_PATH} CMAKE_PREFIX_PATH=/root/crs_ws_fanuc/install/crs_msgs:/root/crs_ws_fanuc/install/cartesian_trajectory_msgs:/opt/qt513/lib/cmake:/opt/ros/eloquent LD_LIBRARY_PATH=/root/crs_ws_fanuc/install/crs_msgs/lib:/root/crs_ws_fanuc/install/cartesian_trajectory_msgs/lib:${LD_LIBRARY_PATH} PYTHONPATH=/root/crs_ws_fanuc/install/crs_msgs/lib/python3.6/site-packages:/root/crs_ws_fanuc/install/cartesian_trajectory_msgs/lib/python3.6/site-packages:${PYTHONPATH} /usr/bin/cmake --build /root/crs_ws_fanuc/build/crs_perception --target install -- -j8 -l8
