-- Using CATKIN_DEVEL_PREFIX: /root/crs_ws_fanuc/build/Project/devel
-- Using CMAKE_PREFIX_PATH: /opt/ros/melodic;/root/crs_ws_fanuc/install/trajopt_tools;/root/crs_ws_fanuc/install/vhacd;/root/crs_ws_fanuc/install/crs_gui;/root/crs_ws_fanuc/install/crs_application;/root/crs_ws_fanuc/install/crs_motion_planning;/root/crs_ws_fanuc/install/ur_ikfast_kinematics;/root/crs_ws_fanuc/install/crs_robot_comms;/root/crs_ws_fanuc/install/ur_dashboard_msgs;/root/crs_ws_fanuc/install/trajopt_sqp;/root/crs_ws_fanuc/install/trajopt_ifopt;/root/crs_ws_fanuc/install/tesseract_monitoring;/root/crs_ws_fanuc/install/tesseract_rosutils;/root/crs_ws_fanuc/install/tesseract_process_planners;/root/crs_ws_fanuc/install/tesseract_motion_planners;/root/crs_ws_fanuc/install/trajopt;/root/crs_ws_fanuc/install/trajopt_sco;/root/crs_ws_fanuc/install/trajopt_utils;/root/crs_ws_fanuc/install/tesseract_visualization;/root/crs_ws_fanuc/install/tesseract;/root/crs_ws_fanuc/install/tesseract_urdf;/root/crs_ws_fanuc/install/tesseract_plugins;/root/crs_ws_fanuc/install/tesseract_environment;/root/crs_ws_fanuc/install/tesseract_collision;/root/crs_ws_fanuc/install/tesseract_support;/root/crs_ws_fanuc/install/tesseract_kinematics;/root/crs_ws_fanuc/install/tesseract_scene_graph;/root/crs_ws_fanuc/install/tesseract_msgs;/root/crs_ws_fanuc/install/tesseract_geometry;/root/crs_ws_fanuc/install/tesseract_common;/root/crs_ws_fanuc/install/rclcpp_scxml_demos;/root/crs_ws_fanuc/install/scxml_core;/root/crs_ws_fanuc/install/region_detection_rclcpp;/root/crs_ws_fanuc/install/region_detection_msgs;/root/crs_ws_fanuc/install/region_detection_core;/root/crs_ws_fanuc/install/osqp_eigen;/root/crs_ws_fanuc/install/osqp;/root/crs_ws_fanuc/install/descartes_opw;/root/crs_ws_fanuc/install/opw_kinematics;/root/crs_ws_fanuc/install/octomap_msgs;/root/crs_ws_fanuc/install/fcl;/root/crs_ws_fanuc/install/libccd;/root/crs_ws_fanuc/install/iterative_spline_parameterization;/root/crs_ws_fanuc/install/ifopt;/root/crs_ws_fanuc/install/gtest;/root/crs_ws_fanuc/install/descartes_samplers;/root/crs_ws_fanuc/install/descartes_ikfast;/root/crs_ws_fanuc/install/descartes_light;/root/crs_ws_fanuc/install/crs_toolpath_gen;/root/crs_ws_fanuc/install/crs_support;/root/crs_ws_fanuc/install/crs_process_data;/root/crs_ws_fanuc/install/crs_perception;/root/crs_ws_fanuc/install/crs_area_selection;/root/crs_ws_fanuc/install/crs_msgs;/root/crs_ws_fanuc/install/crs_gazebo_plugins;/root/crs_ws_fanuc/install/cartesian_trajectory_msgs;/root/crs_ws_fanuc/install/bullet3;/opt/qt513/lib/cmake
-- This workspace overlays: /opt/ros/melodic
-- Found PythonInterp: /usr/bin/python3 (found suitable version "3.6.9", minimum required is "3") 
-- Using PYTHON_EXECUTABLE: /usr/bin/python3
-- Using Debian Python package layout
-- Using empy: /usr/bin/empy
-- Using CATKIN_ENABLE_TESTING: ON
-- Call enable_testing()
-- Using CATKIN_TEST_RESULTS_DIR: /root/crs_ws_fanuc/build/Project/test_results
-- Forcing gtest/gmock from source, though one was otherwise available.
-- Found gtest sources under '/usr/src/googletest': gtests will be built
-- Found gmock sources under '/usr/src/googletest': gmock will be built
-- Found PythonInterp: /usr/bin/python3 (found version "3.6.9") 
-- Using Python nosetests: /usr/bin/nosetests
-- catkin 0.7.29
-- BUILD_SHARED_LIBS is on
-- BUILD_SHARED_LIBS is on
-- ~~~~~~~~~~~~~~~~~~~~~~~~~~~~~~~~~~~~~~~~~~~~~~~~~
-- ~~  traversing 43 packages in topological order:
-- ~~  - crs_process_data (plain cmake)
-- ~~  - crs_support (plain cmake)
-- ~~  - crs_toolpath_gen (plain cmake)
CMake Warning at /opt/ros/melodic/share/catkin/cmake/catkin_workspace.cmake:89 (message):
  Unknown build type 'ament_python' for package 'crs_utils_py'
Call Stack (most recent call first):
  CMakeLists.txt:69 (catkin_workspace)


-- ~~  - crs_utils_py (unknown)
-- ~~  - descartes_light (plain cmake)
-- ~~  - descartes_ikfast (plain cmake)
-- ~~  - descartes_samplers (plain cmake)
-- ~~  - fanuc_r2000ic_moveit_config
-- ~~  - fanuc_resources
-- ~~  - ifopt (plain cmake)
-- ~~  - iterative_spline_parameterization (plain cmake)
-- ~~  - opw_kinematics (plain cmake)
-- ~~  - descartes_opw (plain cmake)
-- ~~  - osqp (plain cmake)
-- ~~  - osqp_eigen (plain cmake)
-- ~~  - region_detection_core (plain cmake)
-- ~~  - scxml_core (plain cmake)
-- ~~  - octomap_msgs (plain cmake)
-- ~~  - rclcpp_scxml_demos (plain cmake)
-- ~~  - crs_gazebo_plugins (plain cmake)
-- ~~  - trajopt_utils (plain cmake)
-- ~~  - trajopt_sco (plain cmake)
-- ~~  - trajopt (plain cmake)
-- ~~  - trajopt_ifopt (plain cmake)
-- ~~  - trajopt_sqp (plain cmake)
-- ~~  - ur_dashboard_msgs (plain cmake)
-- ~~  - ur_ikfast_kinematics (plain cmake)
-- ~~  - vhacd (plain cmake)
-- ~~  - trajopt_tools (plain cmake)
-- ~~  - region_detection_roscpp_demo
-- ~~  - roscpp_scxml_demos
-- ~~  - fanuc_r2000ic_support
-- ~~  - cartesian_trajectory_msgs (plain cmake)
-- ~~  - crs_msgs (plain cmake)
-- ~~  - crs_motion_planning (plain cmake)
-- ~~  - crs_robot_comms (plain cmake)
-- ~~  - region_detection_msgs (plain cmake)
-- ~~  - crs_application (plain cmake)
-- ~~  - crs_area_selection (plain cmake)
-- ~~  - crs_gui (plain cmake)
-- ~~  - crs_perception (plain cmake)
-- ~~  - region_detection_rclcpp (plain cmake)
-- ~~  - fanuc_r2000ic_moveit_plugins
-- ~~~~~~~~~~~~~~~~~~~~~~~~~~~~~~~~~~~~~~~~~~~~~~~~~
CMake Error at /opt/ros/melodic/share/catkin/cmake/catkin_workspace.cmake:100 (message):
  This workspace contains non-catkin packages in it, and catkin cannot build
  a non-homogeneous workspace without isolation.  Try the
  'catkin_make_isolated' command instead.
Call Stack (most recent call first):
  CMakeLists.txt:69 (catkin_workspace)


-- Configuring incomplete, errors occurred!
See also "/root/crs_ws_fanuc/build/Project/CMakeFiles/CMakeOutput.log".
See also "/root/crs_ws_fanuc/build/Project/CMakeFiles/CMakeError.log".
