[0.015s] Invoking command in '/root/crs_ws_fanuc/build/Project': /usr/bin/cmake /root/crs_ws_fanuc/src -DCMAKE_INSTALL_PREFIX=/root/crs_ws_fanuc/install/Project
[0.268s] -- Using CATKIN_DEVEL_PREFIX: /root/crs_ws_fanuc/build/Project/devel
[0.268s] -- Using CMAKE_PREFIX_PATH: /opt/ros/melodic;/root/crs_ws_fanuc/install/trajopt_tools;/root/crs_ws_fanuc/install/vhacd;/root/crs_ws_fanuc/install/crs_gui;/root/crs_ws_fanuc/install/crs_application;/root/crs_ws_fanuc/install/crs_motion_planning;/root/crs_ws_fanuc/install/ur_ikfast_kinematics;/root/crs_ws_fanuc/install/crs_robot_comms;/root/crs_ws_fanuc/install/ur_dashboard_msgs;/root/crs_ws_fanuc/install/trajopt_sqp;/root/crs_ws_fanuc/install/trajopt_ifopt;/root/crs_ws_fanuc/install/tesseract_monitoring;/root/crs_ws_fanuc/install/tesseract_rosutils;/root/crs_ws_fanuc/install/tesseract_process_planners;/root/crs_ws_fanuc/install/tesseract_motion_planners;/root/crs_ws_fanuc/install/trajopt;/root/crs_ws_fanuc/install/trajopt_sco;/root/crs_ws_fanuc/install/trajopt_utils;/root/crs_ws_fanuc/install/tesseract_visualization;/root/crs_ws_fanuc/install/tesseract;/root/crs_ws_fanuc/install/tesseract_urdf;/root/crs_ws_fanuc/install/tesseract_plugins;/root/crs_ws_fanuc/install/tesseract_environment;/root/crs_ws_fanuc/install/tesseract_collision;/root/crs_ws_fanuc/install/tesseract_support;/root/crs_ws_fanuc/install/tesseract_kinematics;/root/crs_ws_fanuc/install/tesseract_scene_graph;/root/crs_ws_fanuc/install/tesseract_msgs;/root/crs_ws_fanuc/install/tesseract_geometry;/root/crs_ws_fanuc/install/tesseract_common;/root/crs_ws_fanuc/install/rclcpp_scxml_demos;/root/crs_ws_fanuc/install/scxml_core;/root/crs_ws_fanuc/install/region_detection_rclcpp;/root/crs_ws_fanuc/install/region_detection_msgs;/root/crs_ws_fanuc/install/region_detection_core;/root/crs_ws_fanuc/install/osqp_eigen;/root/crs_ws_fanuc/install/osqp;/root/crs_ws_fanuc/install/descartes_opw;/root/crs_ws_fanuc/install/opw_kinematics;/root/crs_ws_fanuc/install/octomap_msgs;/root/crs_ws_fanuc/install/fcl;/root/crs_ws_fanuc/install/libccd;/root/crs_ws_fanuc/install/iterative_spline_parameterization;/root/crs_ws_fanuc/install/ifopt;/root/crs_ws_fanuc/install/gtest;/root/crs_ws_fanuc/install/descartes_samplers;/root/crs_ws_fanuc/install/descartes_ikfast;/root/crs_ws_fanuc/install/descartes_light;/root/crs_ws_fanuc/install/crs_toolpath_gen;/root/crs_ws_fanuc/install/crs_support;/root/crs_ws_fanuc/install/crs_process_data;/root/crs_ws_fanuc/install/crs_perception;/root/crs_ws_fanuc/install/crs_area_selection;/root/crs_ws_fanuc/install/crs_msgs;/root/crs_ws_fanuc/install/crs_gazebo_plugins;/root/crs_ws_fanuc/install/cartesian_trajectory_msgs;/root/crs_ws_fanuc/install/bullet3;/opt/qt513/lib/cmake
[0.268s] -- This workspace overlays: /opt/ros/melodic
[0.307s] -- Found PythonInterp: /usr/bin/python3 (found suitable version "3.6.9", minimum required is "3") 
[0.307s] -- Using PYTHON_EXECUTABLE: /usr/bin/python3
[0.307s] -- Using Debian Python package layout
[0.307s] -- Using empy: /usr/bin/empy
[0.463s] -- Using CATKIN_ENABLE_TESTING: ON
[0.464s] -- Call enable_testing()
[0.464s] -- Using CATKIN_TEST_RESULTS_DIR: /root/crs_ws_fanuc/build/Project/test_results
[0.493s] -- Forcing gtest/gmock from source, though one was otherwise available.
[0.493s] -- Found gtest sources under '/usr/src/googletest': gtests will be built
[0.493s] -- Found gmock sources under '/usr/src/googletest': gmock will be built
[0.526s] -- Found PythonInterp: /usr/bin/python3 (found version "3.6.9") 
[0.531s] -- Using Python nosetests: /usr/bin/nosetests
[0.595s] -- catkin 0.7.29
[0.595s] -- BUILD_SHARED_LIBS is on
[0.746s] -- BUILD_SHARED_LIBS is on
[1.104s] -- ~~~~~~~~~~~~~~~~~~~~~~~~~~~~~~~~~~~~~~~~~~~~~~~~~
[1.104s] -- ~~  traversing 43 packages in topological order:
[1.104s] -- ~~  - crs_process_data (plain cmake)
[1.104s] -- ~~  - crs_support (plain cmake)
[1.104s] -- ~~  - crs_toolpath_gen (plain cmake)
[1.104s] CMake Warning at /opt/ros/melodic/share/catkin/cmake/catkin_workspace.cmake:89 (message):
[1.104s]   Unknown build type 'ament_python' for package 'crs_utils_py'
[1.105s] Call Stack (most recent call first):
[1.105s]   CMakeLists.txt:69 (catkin_workspace)
[1.105s] 
[1.105s] 
[1.105s] -- ~~  - crs_utils_py (unknown)
[1.105s] -- ~~  - descartes_light (plain cmake)
[1.105s] -- ~~  - descartes_ikfast (plain cmake)
[1.105s] -- ~~  - descartes_samplers (plain cmake)
[1.105s] -- ~~  - fanuc_r2000ic_moveit_config
[1.105s] -- ~~  - fanuc_resources
[1.106s] -- ~~  - ifopt (plain cmake)
[1.106s] -- ~~  - iterative_spline_parameterization (plain cmake)
[1.106s] -- ~~  - opw_kinematics (plain cmake)
[1.106s] -- ~~  - descartes_opw (plain cmake)
[1.106s] -- ~~  - osqp (plain cmake)
[1.106s] -- ~~  - osqp_eigen (plain cmake)
[1.106s] -- ~~  - region_detection_core (plain cmake)
[1.106s] -- ~~  - scxml_core (plain cmake)
[1.106s] -- ~~  - octomap_msgs (plain cmake)
[1.107s] -- ~~  - rclcpp_scxml_demos (plain cmake)
[1.107s] -- ~~  - crs_gazebo_plugins (plain cmake)
[1.107s] -- ~~  - trajopt_utils (plain cmake)
[1.107s] -- ~~  - trajopt_sco (plain cmake)
[1.107s] -- ~~  - trajopt (plain cmake)
[1.107s] -- ~~  - trajopt_ifopt (plain cmake)
[1.107s] -- ~~  - trajopt_sqp (plain cmake)
[1.107s] -- ~~  - ur_dashboard_msgs (plain cmake)
[1.107s] -- ~~  - ur_ikfast_kinematics (plain cmake)
[1.107s] -- ~~  - vhacd (plain cmake)
[1.107s] -- ~~  - trajopt_tools (plain cmake)
[1.108s] -- ~~  - region_detection_roscpp_demo
[1.108s] -- ~~  - roscpp_scxml_demos
[1.108s] -- ~~  - fanuc_r2000ic_support
[1.108s] -- ~~  - cartesian_trajectory_msgs (plain cmake)
[1.108s] -- ~~  - crs_msgs (plain cmake)
[1.108s] -- ~~  - crs_motion_planning (plain cmake)
[1.108s] -- ~~  - crs_robot_comms (plain cmake)
[1.108s] -- ~~  - region_detection_msgs (plain cmake)
[1.108s] -- ~~  - crs_application (plain cmake)
[1.108s] -- ~~  - crs_area_selection (plain cmake)
[1.108s] -- ~~  - crs_gui (plain cmake)
[1.108s] -- ~~  - crs_perception (plain cmake)
[1.109s] -- ~~  - region_detection_rclcpp (plain cmake)
[1.109s] -- ~~  - fanuc_r2000ic_moveit_plugins
[1.109s] -- ~~~~~~~~~~~~~~~~~~~~~~~~~~~~~~~~~~~~~~~~~~~~~~~~~
[1.109s] CMake Error at /opt/ros/melodic/share/catkin/cmake/catkin_workspace.cmake:100 (message):
[1.109s]   This workspace contains non-catkin packages in it, and catkin cannot build
[1.109s]   a non-homogeneous workspace without isolation.  Try the
[1.109s]   'catkin_make_isolated' command instead.
[1.109s] Call Stack (most recent call first):
[1.109s]   CMakeLists.txt:69 (catkin_workspace)
[1.109s] 
[1.109s] 
[1.110s] -- Configuring incomplete, errors occurred!
[1.110s] See also "/root/crs_ws_fanuc/build/Project/CMakeFiles/CMakeOutput.log".
[1.110s] See also "/root/crs_ws_fanuc/build/Project/CMakeFiles/CMakeError.log".
[1.111s] Invoked command in '/root/crs_ws_fanuc/build/Project' returned '1': /usr/bin/cmake /root/crs_ws_fanuc/src -DCMAKE_INSTALL_PREFIX=/root/crs_ws_fanuc/install/Project
