[0.123s] Invoking command in '/root/crs_ws_fanuc/build/crs_msgs': AMENT_PREFIX_PATH=/root/crs_ws_fanuc/install/cartesian_trajectory_msgs:${AMENT_PREFIX_PATH} CMAKE_PREFIX_PATH=/root/crs_ws_fanuc/install/cartesian_trajectory_msgs:/root/urdf_tutorial/install/urdf_tutorial:/opt/qt513/lib/cmake:/root/ros2-urdf-tutorial/install/urdf_tutorial:/opt/ros/eloquent LD_LIBRARY_PATH=/root/crs_ws_fanuc/install/cartesian_trajectory_msgs/lib:${LD_LIBRARY_PATH} PYTHONPATH=/root/crs_ws_fanuc/install/cartesian_trajectory_msgs/lib/python3.6/site-packages:${PYTHONPATH} /usr/bin/cmake --build /root/crs_ws_fanuc/build/crs_msgs -- -j8 -l8
[0.157s] [  0%] Built target crs_msgs__cpp
[0.179s] [ 12%] Built target crs_msgs__rosidl_generator_c
[0.243s] [ 24%] Built target crs_msgs__rosidl_typesupport_fastrtps_cpp
[0.250s] [ 37%] Built target crs_msgs__rosidl_typesupport_introspection_cpp
[0.255s] [ 49%] Built target crs_msgs__rosidl_typesupport_introspection_c
[0.316s] [ 61%] Built target crs_msgs__rosidl_typesupport_fastrtps_c
[0.318s] [ 73%] Built target crs_msgs__rosidl_typesupport_cpp
[0.366s] [ 85%] Built target crs_msgs__rosidl_typesupport_c
[0.396s] [ 85%] Built target crs_msgs
[0.424s] [ 86%] Built target crs_msgs__py
[0.477s] [ 97%] Built target crs_msgs__python
[0.519s] [ 99%] Built target crs_msgs__rosidl_typesupport_c__pyext
[0.524s] [100%] Built target crs_msgs__rosidl_typesupport_fastrtps_c__pyext
[0.689s] Invoked command in '/root/crs_ws_fanuc/build/crs_msgs' returned '0': AMENT_PREFIX_PATH=/root/crs_ws_fanuc/install/cartesian_trajectory_msgs:${AMENT_PREFIX_PATH} CMAKE_PREFIX_PATH=/root/crs_ws_fanuc/install/cartesian_trajectory_msgs:/root/urdf_tutorial/install/urdf_tutorial:/opt/qt513/lib/cmake:/root/ros2-urdf-tutorial/install/urdf_tutorial:/opt/ros/eloquent LD_LIBRARY_PATH=/root/crs_ws_fanuc/install/cartesian_trajectory_msgs/lib:${LD_LIBRARY_PATH} PYTHONPATH=/root/crs_ws_fanuc/install/cartesian_trajectory_msgs/lib/python3.6/site-packages:${PYTHONPATH} /usr/bin/cmake --build /root/crs_ws_fanuc/build/crs_msgs -- -j8 -l8
[1.340s] Invoking command in '/root/crs_ws_fanuc/build/crs_msgs': AMENT_PREFIX_PATH=/root/crs_ws_fanuc/install/cartesian_trajectory_msgs:${AMENT_PREFIX_PATH} CMAKE_PREFIX_PATH=/root/crs_ws_fanuc/install/cartesian_trajectory_msgs:/root/urdf_tutorial/install/urdf_tutorial:/opt/qt513/lib/cmake:/root/ros2-urdf-tutorial/install/urdf_tutorial:/opt/ros/eloquent LD_LIBRARY_PATH=/root/crs_ws_fanuc/install/cartesian_trajectory_msgs/lib:${LD_LIBRARY_PATH} PYTHONPATH=/root/crs_ws_fanuc/install/cartesian_trajectory_msgs/lib/python3.6/site-packages:${PYTHONPATH} /usr/bin/cmake --build /root/crs_ws_fanuc/build/crs_msgs --target install -- -j8 -l8
[1.434s] [  0%] Built target crs_msgs__cpp
[1.449s] [ 12%] Built target crs_msgs__rosidl_generator_c
[1.497s] [ 25%] Built target crs_msgs__rosidl_typesupport_introspection_cpp
[1.506s] [ 37%] Built target crs_msgs__rosidl_typesupport_fastrtps_cpp
[1.559s] [ 49%] Built target crs_msgs__rosidl_typesupport_introspection_c
[1.604s] [ 61%] Built target crs_msgs__rosidl_typesupport_cpp
[1.619s] [ 73%] Built target crs_msgs__rosidl_typesupport_fastrtps_c
[1.681s] [ 85%] Built target crs_msgs__rosidl_typesupport_c
[1.707s] [ 85%] Built target crs_msgs
[1.743s] [ 86%] Built target crs_msgs__py
[1.804s] [ 97%] Built target crs_msgs__python
[1.850s] [ 99%] Built target crs_msgs__rosidl_typesupport_c__pyext
[1.852s] [100%] Built target crs_msgs__rosidl_typesupport_fastrtps_c__pyext
[1.878s] [36mInstall the project...[0m
[1.891s] -- Install configuration: "Debug"
[1.892s] -- Execute custom install script
[1.892s] -- Up-to-date symlink: /root/crs_ws_fanuc/install/crs_msgs/share/ament_index/resource_index/rosidl_interfaces/crs_msgs
[1.893s] -- Up-to-date symlink: /root/crs_ws_fanuc/install/crs_msgs/lib/libcrs_msgs__rosidl_typesupport_c.so
[1.893s] -- Up-to-date symlink: /root/crs_ws_fanuc/install/crs_msgs/share/crs_msgs/environment/library_path.sh
[1.894s] -- Up-to-date symlink: /root/crs_ws_fanuc/install/crs_msgs/share/crs_msgs/environment/library_path.dsv
[1.894s] -- Up-to-date symlink: /root/crs_ws_fanuc/install/crs_msgs/lib/libcrs_msgs__rosidl_typesupport_cpp.so
[1.897s] -- Up-to-date symlink: /root/crs_ws_fanuc/install/crs_msgs/include/crs_msgs/msg/process_configuration__rosidl_typesupport_fastrtps_c.h
[1.898s] -- Up-to-date symlink: /root/crs_ws_fanuc/install/crs_msgs/include/crs_msgs/msg/process_motion_plan__rosidl_typesupport_fastrtps_c.h
[1.898s] -- Up-to-date symlink: /root/crs_ws_fanuc/install/crs_msgs/include/crs_msgs/msg/rosidl_typesupport_fastrtps_c__visibility_control.h
[1.898s] -- Up-to-date symlink: /root/crs_ws_fanuc/install/crs_msgs/include/crs_msgs/msg/tool_process_path__rosidl_typesupport_fastrtps_c.h
[1.899s] -- Up-to-date symlink: /root/crs_ws_fanuc/install/crs_msgs/include/crs_msgs/srv/call_freespace_motion__rosidl_typesupport_fastrtps_c.h
[1.899s] -- Up-to-date symlink: /root/crs_ws_fanuc/install/crs_msgs/include/crs_msgs/srv/crop_toolpaths__rosidl_typesupport_fastrtps_c.h
[1.899s] -- Up-to-date symlink: /root/crs_ws_fanuc/install/crs_msgs/include/crs_msgs/srv/execute_action__rosidl_typesupport_fastrtps_c.h
[1.899s] -- Up-to-date symlink: /root/crs_ws_fanuc/install/crs_msgs/include/crs_msgs/srv/get_available_actions__rosidl_typesupport_fastrtps_c.h
[1.900s] -- Up-to-date symlink: /root/crs_ws_fanuc/install/crs_msgs/include/crs_msgs/srv/get_configuration__rosidl_typesupport_fastrtps_c.h
[1.900s] -- Up-to-date symlink: /root/crs_ws_fanuc/install/crs_msgs/include/crs_msgs/srv/get_roi_selection__rosidl_typesupport_fastrtps_c.h
[1.900s] -- Up-to-date symlink: /root/crs_ws_fanuc/install/crs_msgs/include/crs_msgs/srv/load_part__rosidl_typesupport_fastrtps_c.h
[1.901s] -- Up-to-date symlink: /root/crs_ws_fanuc/install/crs_msgs/include/crs_msgs/srv/localize_to_part__rosidl_typesupport_fastrtps_c.h
[1.901s] -- Up-to-date symlink: /root/crs_ws_fanuc/install/crs_msgs/include/crs_msgs/srv/plan_process_motions__rosidl_typesupport_fastrtps_c.h
[1.902s] -- Up-to-date symlink: /root/crs_ws_fanuc/install/crs_msgs/include/crs_msgs/srv/robot_positioner__rosidl_typesupport_fastrtps_c.h
[1.902s] -- Up-to-date symlink: /root/crs_ws_fanuc/install/crs_msgs/include/crs_msgs/srv/run_robot_script__rosidl_typesupport_fastrtps_c.h
[1.902s] -- Up-to-date symlink: /root/crs_ws_fanuc/install/crs_msgs/lib/libcrs_msgs__rosidl_typesupport_fastrtps_c.so
[1.903s] -- Up-to-date symlink: /root/crs_ws_fanuc/install/crs_msgs/include/crs_msgs/msg/process_configuration.h
[1.903s] -- Up-to-date symlink: /root/crs_ws_fanuc/install/crs_msgs/include/crs_msgs/msg/process_configuration__functions.h
[1.903s] -- Up-to-date symlink: /root/crs_ws_fanuc/install/crs_msgs/include/crs_msgs/msg/process_configuration__struct.h
[1.904s] -- Up-to-date symlink: /root/crs_ws_fanuc/install/crs_msgs/include/crs_msgs/msg/process_configuration__type_support.h
[1.904s] -- Up-to-date symlink: /root/crs_ws_fanuc/install/crs_msgs/include/crs_msgs/msg/process_motion_plan.h
[1.904s] -- Up-to-date symlink: /root/crs_ws_fanuc/install/crs_msgs/include/crs_msgs/msg/process_motion_plan__functions.h
[1.907s] -- Up-to-date symlink: /root/crs_ws_fanuc/install/crs_msgs/include/crs_msgs/msg/process_motion_plan__struct.h
[1.908s] -- Up-to-date symlink: /root/crs_ws_fanuc/install/crs_msgs/include/crs_msgs/msg/process_motion_plan__type_support.h
[1.908s] -- Up-to-date symlink: /root/crs_ws_fanuc/install/crs_msgs/include/crs_msgs/msg/rosidl_generator_c__visibility_control.h
[1.909s] -- Up-to-date symlink: /root/crs_ws_fanuc/install/crs_msgs/include/crs_msgs/msg/tool_process_path.h
[1.909s] -- Up-to-date symlink: /root/crs_ws_fanuc/install/crs_msgs/include/crs_msgs/msg/tool_process_path__functions.h
[1.909s] -- Up-to-date symlink: /root/crs_ws_fanuc/install/crs_msgs/include/crs_msgs/msg/tool_process_path__struct.h
[1.909s] -- Up-to-date symlink: /root/crs_ws_fanuc/install/crs_msgs/include/crs_msgs/msg/tool_process_path__type_support.h
[1.910s] -- Up-to-date symlink: /root/crs_ws_fanuc/install/crs_msgs/include/crs_msgs/srv/call_freespace_motion.h
[1.910s] -- Up-to-date symlink: /root/crs_ws_fanuc/install/crs_msgs/include/crs_msgs/srv/call_freespace_motion__functions.h
[1.910s] -- Up-to-date symlink: /root/crs_ws_fanuc/install/crs_msgs/include/crs_msgs/srv/call_freespace_motion__struct.h
[1.911s] -- Up-to-date symlink: /root/crs_ws_fanuc/install/crs_msgs/include/crs_msgs/srv/call_freespace_motion__type_support.h
[1.911s] -- Up-to-date symlink: /root/crs_ws_fanuc/install/crs_msgs/include/crs_msgs/srv/crop_toolpaths.h
[1.911s] -- Up-to-date symlink: /root/crs_ws_fanuc/install/crs_msgs/include/crs_msgs/srv/crop_toolpaths__functions.h
[1.911s] -- Up-to-date symlink: /root/crs_ws_fanuc/install/crs_msgs/include/crs_msgs/srv/crop_toolpaths__struct.h
[1.911s] -- Up-to-date symlink: /root/crs_ws_fanuc/install/crs_msgs/include/crs_msgs/srv/crop_toolpaths__type_support.h
[1.912s] -- Up-to-date symlink: /root/crs_ws_fanuc/install/crs_msgs/include/crs_msgs/srv/execute_action.h
[1.912s] -- Up-to-date symlink: /root/crs_ws_fanuc/install/crs_msgs/include/crs_msgs/srv/execute_action__functions.h
[1.912s] -- Up-to-date symlink: /root/crs_ws_fanuc/install/crs_msgs/include/crs_msgs/srv/execute_action__struct.h
[1.912s] -- Up-to-date symlink: /root/crs_ws_fanuc/install/crs_msgs/include/crs_msgs/srv/execute_action__type_support.h
[1.912s] -- Up-to-date symlink: /root/crs_ws_fanuc/install/crs_msgs/include/crs_msgs/srv/get_available_actions.h
[1.913s] -- Up-to-date symlink: /root/crs_ws_fanuc/install/crs_msgs/include/crs_msgs/srv/get_available_actions__functions.h
[1.914s] -- Up-to-date symlink: /root/crs_ws_fanuc/install/crs_msgs/include/crs_msgs/srv/get_available_actions__struct.h
[1.915s] -- Up-to-date symlink: /root/crs_ws_fanuc/install/crs_msgs/include/crs_msgs/srv/get_available_actions__type_support.h
[1.915s] -- Up-to-date symlink: /root/crs_ws_fanuc/install/crs_msgs/include/crs_msgs/srv/get_configuration.h
[1.915s] -- Up-to-date symlink: /root/crs_ws_fanuc/install/crs_msgs/include/crs_msgs/srv/get_configuration__functions.h
[1.916s] -- Up-to-date symlink: /root/crs_ws_fanuc/install/crs_msgs/include/crs_msgs/srv/get_configuration__struct.h
[1.916s] -- Up-to-date symlink: /root/crs_ws_fanuc/install/crs_msgs/include/crs_msgs/srv/get_configuration__type_support.h
[1.916s] -- Up-to-date symlink: /root/crs_ws_fanuc/install/crs_msgs/include/crs_msgs/srv/get_roi_selection.h
[1.916s] -- Up-to-date symlink: /root/crs_ws_fanuc/install/crs_msgs/include/crs_msgs/srv/get_roi_selection__functions.h
[1.916s] -- Up-to-date symlink: /root/crs_ws_fanuc/install/crs_msgs/include/crs_msgs/srv/get_roi_selection__struct.h
[1.917s] -- Up-to-date symlink: /root/crs_ws_fanuc/install/crs_msgs/include/crs_msgs/srv/get_roi_selection__type_support.h
[1.918s] -- Up-to-date symlink: /root/crs_ws_fanuc/install/crs_msgs/include/crs_msgs/srv/load_part.h
[1.918s] -- Up-to-date symlink: /root/crs_ws_fanuc/install/crs_msgs/include/crs_msgs/srv/load_part__functions.h
[1.918s] -- Up-to-date symlink: /root/crs_ws_fanuc/install/crs_msgs/include/crs_msgs/srv/load_part__struct.h
[1.918s] -- Up-to-date symlink: /root/crs_ws_fanuc/install/crs_msgs/include/crs_msgs/srv/load_part__type_support.h
[1.918s] -- Up-to-date symlink: /root/crs_ws_fanuc/install/crs_msgs/include/crs_msgs/srv/localize_to_part.h
[1.920s] -- Up-to-date symlink: /root/crs_ws_fanuc/install/crs_msgs/include/crs_msgs/srv/localize_to_part__functions.h
[1.920s] -- Up-to-date symlink: /root/crs_ws_fanuc/install/crs_msgs/include/crs_msgs/srv/localize_to_part__struct.h
[1.920s] -- Up-to-date symlink: /root/crs_ws_fanuc/install/crs_msgs/include/crs_msgs/srv/localize_to_part__type_support.h
[1.920s] -- Up-to-date symlink: /root/crs_ws_fanuc/install/crs_msgs/include/crs_msgs/srv/plan_process_motions.h
[1.921s] -- Up-to-date symlink: /root/crs_ws_fanuc/install/crs_msgs/include/crs_msgs/srv/plan_process_motions__functions.h
[1.921s] -- Up-to-date symlink: /root/crs_ws_fanuc/install/crs_msgs/include/crs_msgs/srv/plan_process_motions__struct.h
[1.921s] -- Up-to-date symlink: /root/crs_ws_fanuc/install/crs_msgs/include/crs_msgs/srv/plan_process_motions__type_support.h
[1.921s] -- Up-to-date symlink: /root/crs_ws_fanuc/install/crs_msgs/include/crs_msgs/srv/robot_positioner.h
[1.922s] -- Up-to-date symlink: /root/crs_ws_fanuc/install/crs_msgs/include/crs_msgs/srv/robot_positioner__functions.h
[1.922s] -- Up-to-date symlink: /root/crs_ws_fanuc/install/crs_msgs/include/crs_msgs/srv/robot_positioner__struct.h
[1.922s] -- Up-to-date symlink: /root/crs_ws_fanuc/install/crs_msgs/include/crs_msgs/srv/robot_positioner__type_support.h
[1.923s] -- Up-to-date symlink: /root/crs_ws_fanuc/install/crs_msgs/include/crs_msgs/srv/run_robot_script.h
[1.924s] -- Up-to-date symlink: /root/crs_ws_fanuc/install/crs_msgs/include/crs_msgs/srv/run_robot_script__functions.h
[1.924s] -- Up-to-date symlink: /root/crs_ws_fanuc/install/crs_msgs/include/crs_msgs/srv/run_robot_script__struct.h
[1.925s] -- Up-to-date symlink: /root/crs_ws_fanuc/install/crs_msgs/include/crs_msgs/srv/run_robot_script__type_support.h
[1.925s] -- Up-to-date symlink: /root/crs_ws_fanuc/install/crs_msgs/lib/libcrs_msgs__rosidl_generator_c.so
[1.926s] -- Up-to-date symlink: /root/crs_ws_fanuc/install/crs_msgs/include/crs_msgs/msg/process_configuration__rosidl_typesupport_fastrtps_cpp.hpp
[1.926s] -- Up-to-date symlink: /root/crs_ws_fanuc/install/crs_msgs/include/crs_msgs/msg/process_motion_plan__rosidl_typesupport_fastrtps_cpp.hpp
[1.927s] -- Up-to-date symlink: /root/crs_ws_fanuc/install/crs_msgs/include/crs_msgs/msg/rosidl_typesupport_fastrtps_cpp__visibility_control.h
[1.927s] -- Up-to-date symlink: /root/crs_ws_fanuc/install/crs_msgs/include/crs_msgs/msg/tool_process_path__rosidl_typesupport_fastrtps_cpp.hpp
[1.928s] -- Up-to-date symlink: /root/crs_ws_fanuc/install/crs_msgs/include/crs_msgs/srv/call_freespace_motion__rosidl_typesupport_fastrtps_cpp.hpp
[1.928s] -- Up-to-date symlink: /root/crs_ws_fanuc/install/crs_msgs/include/crs_msgs/srv/crop_toolpaths__rosidl_typesupport_fastrtps_cpp.hpp
[1.928s] -- Up-to-date symlink: /root/crs_ws_fanuc/install/crs_msgs/include/crs_msgs/srv/execute_action__rosidl_typesupport_fastrtps_cpp.hpp
[1.929s] -- Up-to-date symlink: /root/crs_ws_fanuc/install/crs_msgs/include/crs_msgs/srv/get_available_actions__rosidl_typesupport_fastrtps_cpp.hpp
[1.929s] -- Up-to-date symlink: /root/crs_ws_fanuc/install/crs_msgs/include/crs_msgs/srv/get_configuration__rosidl_typesupport_fastrtps_cpp.hpp
[1.929s] -- Up-to-date symlink: /root/crs_ws_fanuc/install/crs_msgs/include/crs_msgs/srv/get_roi_selection__rosidl_typesupport_fastrtps_cpp.hpp
[1.930s] -- Up-to-date symlink: /root/crs_ws_fanuc/install/crs_msgs/include/crs_msgs/srv/load_part__rosidl_typesupport_fastrtps_cpp.hpp
[1.930s] -- Up-to-date symlink: /root/crs_ws_fanuc/install/crs_msgs/include/crs_msgs/srv/localize_to_part__rosidl_typesupport_fastrtps_cpp.hpp
[1.930s] -- Up-to-date symlink: /root/crs_ws_fanuc/install/crs_msgs/include/crs_msgs/srv/plan_process_motions__rosidl_typesupport_fastrtps_cpp.hpp
[1.931s] -- Up-to-date symlink: /root/crs_ws_fanuc/install/crs_msgs/include/crs_msgs/srv/robot_positioner__rosidl_typesupport_fastrtps_cpp.hpp
[1.931s] -- Up-to-date symlink: /root/crs_ws_fanuc/install/crs_msgs/include/crs_msgs/srv/run_robot_script__rosidl_typesupport_fastrtps_cpp.hpp
[1.931s] -- Up-to-date symlink: /root/crs_ws_fanuc/install/crs_msgs/lib/libcrs_msgs__rosidl_typesupport_fastrtps_cpp.so
[1.932s] -- Up-to-date symlink: /root/crs_ws_fanuc/install/crs_msgs/include/crs_msgs/msg/process_configuration.hpp
[1.932s] -- Up-to-date symlink: /root/crs_ws_fanuc/install/crs_msgs/include/crs_msgs/msg/process_configuration__struct.hpp
[1.935s] -- Up-to-date symlink: /root/crs_ws_fanuc/install/crs_msgs/include/crs_msgs/msg/process_configuration__traits.hpp
[1.935s] -- Up-to-date symlink: /root/crs_ws_fanuc/install/crs_msgs/include/crs_msgs/msg/process_motion_plan.hpp
[1.936s] -- Up-to-date symlink: /root/crs_ws_fanuc/install/crs_msgs/include/crs_msgs/msg/process_motion_plan__struct.hpp
[1.936s] -- Up-to-date symlink: /root/crs_ws_fanuc/install/crs_msgs/include/crs_msgs/msg/process_motion_plan__traits.hpp
[1.936s] -- Up-to-date symlink: /root/crs_ws_fanuc/install/crs_msgs/include/crs_msgs/msg/tool_process_path.hpp
[1.936s] -- Up-to-date symlink: /root/crs_ws_fanuc/install/crs_msgs/include/crs_msgs/msg/tool_process_path__struct.hpp
[1.937s] -- Up-to-date symlink: /root/crs_ws_fanuc/install/crs_msgs/include/crs_msgs/msg/tool_process_path__traits.hpp
[1.937s] -- Up-to-date symlink: /root/crs_ws_fanuc/install/crs_msgs/include/crs_msgs/srv/call_freespace_motion.hpp
[1.937s] -- Up-to-date symlink: /root/crs_ws_fanuc/install/crs_msgs/include/crs_msgs/srv/call_freespace_motion__struct.hpp
[1.937s] -- Up-to-date symlink: /root/crs_ws_fanuc/install/crs_msgs/include/crs_msgs/srv/call_freespace_motion__traits.hpp
[1.937s] -- Up-to-date symlink: /root/crs_ws_fanuc/install/crs_msgs/include/crs_msgs/srv/crop_toolpaths.hpp
[1.937s] -- Up-to-date symlink: /root/crs_ws_fanuc/install/crs_msgs/include/crs_msgs/srv/crop_toolpaths__struct.hpp
[1.938s] -- Up-to-date symlink: /root/crs_ws_fanuc/install/crs_msgs/include/crs_msgs/srv/crop_toolpaths__traits.hpp
[1.938s] -- Up-to-date symlink: /root/crs_ws_fanuc/install/crs_msgs/include/crs_msgs/srv/execute_action.hpp
[1.938s] -- Up-to-date symlink: /root/crs_ws_fanuc/install/crs_msgs/include/crs_msgs/srv/execute_action__struct.hpp
[1.938s] -- Up-to-date symlink: /root/crs_ws_fanuc/install/crs_msgs/include/crs_msgs/srv/execute_action__traits.hpp
[1.938s] -- Up-to-date symlink: /root/crs_ws_fanuc/install/crs_msgs/include/crs_msgs/srv/get_available_actions.hpp
[1.938s] -- Up-to-date symlink: /root/crs_ws_fanuc/install/crs_msgs/include/crs_msgs/srv/get_available_actions__struct.hpp
[1.938s] -- Up-to-date symlink: /root/crs_ws_fanuc/install/crs_msgs/include/crs_msgs/srv/get_available_actions__traits.hpp
[1.938s] -- Up-to-date symlink: /root/crs_ws_fanuc/install/crs_msgs/include/crs_msgs/srv/get_configuration.hpp
[1.939s] -- Up-to-date symlink: /root/crs_ws_fanuc/install/crs_msgs/include/crs_msgs/srv/get_configuration__struct.hpp
[1.939s] -- Up-to-date symlink: /root/crs_ws_fanuc/install/crs_msgs/include/crs_msgs/srv/get_configuration__traits.hpp
[1.939s] -- Up-to-date symlink: /root/crs_ws_fanuc/install/crs_msgs/include/crs_msgs/srv/get_roi_selection.hpp
[1.939s] -- Up-to-date symlink: /root/crs_ws_fanuc/install/crs_msgs/include/crs_msgs/srv/get_roi_selection__struct.hpp
[1.939s] -- Up-to-date symlink: /root/crs_ws_fanuc/install/crs_msgs/include/crs_msgs/srv/get_roi_selection__traits.hpp
[1.939s] -- Up-to-date symlink: /root/crs_ws_fanuc/install/crs_msgs/include/crs_msgs/srv/load_part.hpp
[1.940s] -- Up-to-date symlink: /root/crs_ws_fanuc/install/crs_msgs/include/crs_msgs/srv/load_part__struct.hpp
[1.940s] -- Up-to-date symlink: /root/crs_ws_fanuc/install/crs_msgs/include/crs_msgs/srv/load_part__traits.hpp
[1.940s] -- Up-to-date symlink: /root/crs_ws_fanuc/install/crs_msgs/include/crs_msgs/srv/localize_to_part.hpp
[1.940s] -- Up-to-date symlink: /root/crs_ws_fanuc/install/crs_msgs/include/crs_msgs/srv/localize_to_part__struct.hpp
[1.940s] -- Up-to-date symlink: /root/crs_ws_fanuc/install/crs_msgs/include/crs_msgs/srv/localize_to_part__traits.hpp
[1.940s] -- Up-to-date symlink: /root/crs_ws_fanuc/install/crs_msgs/include/crs_msgs/srv/plan_process_motions.hpp
[1.941s] -- Up-to-date symlink: /root/crs_ws_fanuc/install/crs_msgs/include/crs_msgs/srv/plan_process_motions__struct.hpp
[1.941s] -- Up-to-date symlink: /root/crs_ws_fanuc/install/crs_msgs/include/crs_msgs/srv/plan_process_motions__traits.hpp
[1.941s] -- Up-to-date symlink: /root/crs_ws_fanuc/install/crs_msgs/include/crs_msgs/srv/robot_positioner.hpp
[1.941s] -- Up-to-date symlink: /root/crs_ws_fanuc/install/crs_msgs/include/crs_msgs/srv/robot_positioner__struct.hpp
[1.941s] -- Up-to-date symlink: /root/crs_ws_fanuc/install/crs_msgs/include/crs_msgs/srv/robot_positioner__traits.hpp
[1.941s] -- Up-to-date symlink: /root/crs_ws_fanuc/install/crs_msgs/include/crs_msgs/srv/run_robot_script.hpp
[1.941s] -- Up-to-date symlink: /root/crs_ws_fanuc/install/crs_msgs/include/crs_msgs/srv/run_robot_script__struct.hpp
[1.942s] -- Up-to-date symlink: /root/crs_ws_fanuc/install/crs_msgs/include/crs_msgs/srv/run_robot_script__traits.hpp
[1.942s] -- Up-to-date symlink: /root/crs_ws_fanuc/install/crs_msgs/include/crs_msgs/msg/process_configuration__rosidl_typesupport_introspection_c.h
[1.942s] -- Up-to-date symlink: /root/crs_ws_fanuc/install/crs_msgs/include/crs_msgs/msg/process_motion_plan__rosidl_typesupport_introspection_c.h
[1.942s] -- Up-to-date symlink: /root/crs_ws_fanuc/install/crs_msgs/include/crs_msgs/msg/rosidl_typesupport_introspection_c__visibility_control.h
[1.942s] -- Up-to-date symlink: /root/crs_ws_fanuc/install/crs_msgs/include/crs_msgs/msg/tool_process_path__rosidl_typesupport_introspection_c.h
[1.942s] -- Up-to-date symlink: /root/crs_ws_fanuc/install/crs_msgs/include/crs_msgs/srv/call_freespace_motion__rosidl_typesupport_introspection_c.h
[1.943s] -- Up-to-date symlink: /root/crs_ws_fanuc/install/crs_msgs/include/crs_msgs/srv/crop_toolpaths__rosidl_typesupport_introspection_c.h
[1.943s] -- Up-to-date symlink: /root/crs_ws_fanuc/install/crs_msgs/include/crs_msgs/srv/execute_action__rosidl_typesupport_introspection_c.h
[1.943s] -- Up-to-date symlink: /root/crs_ws_fanuc/install/crs_msgs/include/crs_msgs/srv/get_available_actions__rosidl_typesupport_introspection_c.h
[1.943s] -- Up-to-date symlink: /root/crs_ws_fanuc/install/crs_msgs/include/crs_msgs/srv/get_configuration__rosidl_typesupport_introspection_c.h
[1.944s] -- Up-to-date symlink: /root/crs_ws_fanuc/install/crs_msgs/include/crs_msgs/srv/get_roi_selection__rosidl_typesupport_introspection_c.h
[1.944s] -- Up-to-date symlink: /root/crs_ws_fanuc/install/crs_msgs/include/crs_msgs/srv/load_part__rosidl_typesupport_introspection_c.h
[1.945s] -- Up-to-date symlink: /root/crs_ws_fanuc/install/crs_msgs/include/crs_msgs/srv/localize_to_part__rosidl_typesupport_introspection_c.h
[1.945s] -- Up-to-date symlink: /root/crs_ws_fanuc/install/crs_msgs/include/crs_msgs/srv/plan_process_motions__rosidl_typesupport_introspection_c.h
[1.945s] -- Up-to-date symlink: /root/crs_ws_fanuc/install/crs_msgs/include/crs_msgs/srv/robot_positioner__rosidl_typesupport_introspection_c.h
[1.945s] -- Up-to-date symlink: /root/crs_ws_fanuc/install/crs_msgs/include/crs_msgs/srv/run_robot_script__rosidl_typesupport_introspection_c.h
[1.946s] -- Up-to-date symlink: /root/crs_ws_fanuc/install/crs_msgs/lib/libcrs_msgs__rosidl_typesupport_introspection_c.so
[1.946s] -- Up-to-date symlink: /root/crs_ws_fanuc/install/crs_msgs/include/crs_msgs/msg/process_configuration__rosidl_typesupport_introspection_cpp.hpp
[1.946s] -- Up-to-date symlink: /root/crs_ws_fanuc/install/crs_msgs/include/crs_msgs/msg/process_motion_plan__rosidl_typesupport_introspection_cpp.hpp
[1.946s] -- Up-to-date symlink: /root/crs_ws_fanuc/install/crs_msgs/include/crs_msgs/msg/tool_process_path__rosidl_typesupport_introspection_cpp.hpp
[1.946s] -- Up-to-date symlink: /root/crs_ws_fanuc/install/crs_msgs/include/crs_msgs/srv/call_freespace_motion__rosidl_typesupport_introspection_cpp.hpp
[1.946s] -- Up-to-date symlink: /root/crs_ws_fanuc/install/crs_msgs/include/crs_msgs/srv/crop_toolpaths__rosidl_typesupport_introspection_cpp.hpp
[1.946s] -- Up-to-date symlink: /root/crs_ws_fanuc/install/crs_msgs/include/crs_msgs/srv/execute_action__rosidl_typesupport_introspection_cpp.hpp
[1.946s] -- Up-to-date symlink: /root/crs_ws_fanuc/install/crs_msgs/include/crs_msgs/srv/get_available_actions__rosidl_typesupport_introspection_cpp.hpp
[1.947s] -- Up-to-date symlink: /root/crs_ws_fanuc/install/crs_msgs/include/crs_msgs/srv/get_configuration__rosidl_typesupport_introspection_cpp.hpp
[1.947s] -- Up-to-date symlink: /root/crs_ws_fanuc/install/crs_msgs/include/crs_msgs/srv/get_roi_selection__rosidl_typesupport_introspection_cpp.hpp
[1.947s] -- Up-to-date symlink: /root/crs_ws_fanuc/install/crs_msgs/include/crs_msgs/srv/load_part__rosidl_typesupport_introspection_cpp.hpp
[1.947s] -- Up-to-date symlink: /root/crs_ws_fanuc/install/crs_msgs/include/crs_msgs/srv/localize_to_part__rosidl_typesupport_introspection_cpp.hpp
[1.947s] -- Up-to-date symlink: /root/crs_ws_fanuc/install/crs_msgs/include/crs_msgs/srv/plan_process_motions__rosidl_typesupport_introspection_cpp.hpp
[1.947s] -- Up-to-date symlink: /root/crs_ws_fanuc/install/crs_msgs/include/crs_msgs/srv/robot_positioner__rosidl_typesupport_introspection_cpp.hpp
[1.948s] -- Up-to-date symlink: /root/crs_ws_fanuc/install/crs_msgs/include/crs_msgs/srv/run_robot_script__rosidl_typesupport_introspection_cpp.hpp
[1.948s] -- Up-to-date symlink: /root/crs_ws_fanuc/install/crs_msgs/lib/libcrs_msgs__rosidl_typesupport_introspection_cpp.so
[1.948s] -- Up-to-date symlink: /root/crs_ws_fanuc/install/crs_msgs/share/crs_msgs/environment/pythonpath.sh
[1.948s] -- Up-to-date symlink: /root/crs_ws_fanuc/install/crs_msgs/share/crs_msgs/environment/pythonpath.dsv
[1.948s] -- Up-to-date symlink: /root/crs_ws_fanuc/install/crs_msgs/lib/python3.6/site-packages/crs_msgs/__init__.py
[1.948s] -- Up-to-date symlink: /root/crs_ws_fanuc/install/crs_msgs/lib/python3.6/site-packages/crs_msgs/msg/__init__.py
[1.949s] -- Up-to-date symlink: /root/crs_ws_fanuc/install/crs_msgs/lib/python3.6/site-packages/crs_msgs/msg/_process_configuration.py
[1.949s] -- Up-to-date symlink: /root/crs_ws_fanuc/install/crs_msgs/lib/python3.6/site-packages/crs_msgs/msg/_process_motion_plan.py
[1.949s] -- Up-to-date symlink: /root/crs_ws_fanuc/install/crs_msgs/lib/python3.6/site-packages/crs_msgs/msg/_tool_process_path.py
[1.949s] -- Up-to-date symlink: /root/crs_ws_fanuc/install/crs_msgs/lib/python3.6/site-packages/crs_msgs/srv/__init__.py
[1.949s] -- Up-to-date symlink: /root/crs_ws_fanuc/install/crs_msgs/lib/python3.6/site-packages/crs_msgs/srv/_call_freespace_motion.py
[1.949s] -- Up-to-date symlink: /root/crs_ws_fanuc/install/crs_msgs/lib/python3.6/site-packages/crs_msgs/srv/_crop_toolpaths.py
[1.950s] -- Up-to-date symlink: /root/crs_ws_fanuc/install/crs_msgs/lib/python3.6/site-packages/crs_msgs/srv/_execute_action.py
[1.950s] -- Up-to-date symlink: /root/crs_ws_fanuc/install/crs_msgs/lib/python3.6/site-packages/crs_msgs/srv/_get_available_actions.py
[1.950s] -- Up-to-date symlink: /root/crs_ws_fanuc/install/crs_msgs/lib/python3.6/site-packages/crs_msgs/srv/_get_configuration.py
[1.950s] -- Up-to-date symlink: /root/crs_ws_fanuc/install/crs_msgs/lib/python3.6/site-packages/crs_msgs/srv/_get_roi_selection.py
[1.950s] -- Up-to-date symlink: /root/crs_ws_fanuc/install/crs_msgs/lib/python3.6/site-packages/crs_msgs/srv/_load_part.py
[1.950s] -- Up-to-date symlink: /root/crs_ws_fanuc/install/crs_msgs/lib/python3.6/site-packages/crs_msgs/srv/_localize_to_part.py
[1.950s] -- Up-to-date symlink: /root/crs_ws_fanuc/install/crs_msgs/lib/python3.6/site-packages/crs_msgs/srv/_plan_process_motions.py
[1.950s] -- Up-to-date symlink: /root/crs_ws_fanuc/install/crs_msgs/lib/python3.6/site-packages/crs_msgs/srv/_robot_positioner.py
[1.950s] -- Up-to-date symlink: /root/crs_ws_fanuc/install/crs_msgs/lib/python3.6/site-packages/crs_msgs/srv/_run_robot_script.py
[1.951s] -- Up-to-date symlink: /root/crs_ws_fanuc/install/crs_msgs/lib/python3.6/site-packages/crs_msgs/crs_msgs_s__rosidl_typesupport_c.cpython-36m-x86_64-linux-gnu.so
[1.951s] -- Up-to-date symlink: /root/crs_ws_fanuc/install/crs_msgs/lib/python3.6/site-packages/crs_msgs/crs_msgs_s__rosidl_typesupport_fastrtps_c.cpython-36m-x86_64-linux-gnu.so
[1.951s] -- Up-to-date symlink: /root/crs_ws_fanuc/install/crs_msgs/lib/libcrs_msgs__python.so
[1.951s] -- Up-to-date symlink: /root/crs_ws_fanuc/install/crs_msgs/share/crs_msgs/msg/ProcessConfiguration.idl
[1.951s] -- Up-to-date symlink: /root/crs_ws_fanuc/install/crs_msgs/share/crs_msgs/msg/ProcessMotionPlan.idl
[1.951s] -- Up-to-date symlink: /root/crs_ws_fanuc/install/crs_msgs/share/crs_msgs/msg/ToolProcessPath.idl
[1.951s] -- Up-to-date symlink: /root/crs_ws_fanuc/install/crs_msgs/share/crs_msgs/srv/CallFreespaceMotion.idl
[1.952s] -- Up-to-date symlink: /root/crs_ws_fanuc/install/crs_msgs/share/crs_msgs/srv/GetROISelection.idl
[1.952s] -- Up-to-date symlink: /root/crs_ws_fanuc/install/crs_msgs/share/crs_msgs/srv/LoadPart.idl
[1.952s] -- Up-to-date symlink: /root/crs_ws_fanuc/install/crs_msgs/share/crs_msgs/srv/LocalizeToPart.idl
[1.952s] -- Up-to-date symlink: /root/crs_ws_fanuc/install/crs_msgs/share/crs_msgs/srv/ExecuteAction.idl
[1.952s] -- Up-to-date symlink: /root/crs_ws_fanuc/install/crs_msgs/share/crs_msgs/srv/GetAvailableActions.idl
[1.952s] -- Up-to-date symlink: /root/crs_ws_fanuc/install/crs_msgs/share/crs_msgs/srv/PlanProcessMotions.idl
[1.953s] -- Up-to-date symlink: /root/crs_ws_fanuc/install/crs_msgs/share/crs_msgs/srv/GetConfiguration.idl
[1.953s] -- Up-to-date symlink: /root/crs_ws_fanuc/install/crs_msgs/share/crs_msgs/srv/RobotPositioner.idl
[1.953s] -- Up-to-date symlink: /root/crs_ws_fanuc/install/crs_msgs/share/crs_msgs/srv/CropToolpaths.idl
[1.954s] -- Up-to-date symlink: /root/crs_ws_fanuc/install/crs_msgs/share/crs_msgs/srv/RunRobotScript.idl
[1.954s] -- Up-to-date symlink: /root/crs_ws_fanuc/install/crs_msgs/share/crs_msgs/msg/ProcessConfiguration.msg
[1.954s] -- Up-to-date symlink: /root/crs_ws_fanuc/install/crs_msgs/share/crs_msgs/msg/ProcessMotionPlan.msg
[1.954s] -- Up-to-date symlink: /root/crs_ws_fanuc/install/crs_msgs/share/crs_msgs/msg/ToolProcessPath.msg
[1.954s] -- Up-to-date symlink: /root/crs_ws_fanuc/install/crs_msgs/share/crs_msgs/srv/CallFreespaceMotion.srv
[1.955s] -- Up-to-date symlink: /root/crs_ws_fanuc/install/crs_msgs/share/crs_msgs/srv/CallFreespaceMotion_Request.msg
[1.955s] -- Up-to-date symlink: /root/crs_ws_fanuc/install/crs_msgs/share/crs_msgs/srv/CallFreespaceMotion_Response.msg
[1.956s] -- Up-to-date symlink: /root/crs_ws_fanuc/install/crs_msgs/share/crs_msgs/srv/GetROISelection.srv
[1.956s] -- Up-to-date symlink: /root/crs_ws_fanuc/install/crs_msgs/share/crs_msgs/srv/GetROISelection_Request.msg
[1.956s] -- Up-to-date symlink: /root/crs_ws_fanuc/install/crs_msgs/share/crs_msgs/srv/GetROISelection_Response.msg
[1.956s] -- Up-to-date symlink: /root/crs_ws_fanuc/install/crs_msgs/share/crs_msgs/srv/LoadPart.srv
[1.957s] -- Up-to-date symlink: /root/crs_ws_fanuc/install/crs_msgs/share/crs_msgs/srv/LoadPart_Request.msg
[1.957s] -- Up-to-date symlink: /root/crs_ws_fanuc/install/crs_msgs/share/crs_msgs/srv/LoadPart_Response.msg
[1.958s] -- Up-to-date symlink: /root/crs_ws_fanuc/install/crs_msgs/share/crs_msgs/srv/LocalizeToPart.srv
[1.958s] -- Up-to-date symlink: /root/crs_ws_fanuc/install/crs_msgs/share/crs_msgs/srv/LocalizeToPart_Request.msg
[1.958s] -- Up-to-date symlink: /root/crs_ws_fanuc/install/crs_msgs/share/crs_msgs/srv/LocalizeToPart_Response.msg
[1.958s] -- Up-to-date symlink: /root/crs_ws_fanuc/install/crs_msgs/share/crs_msgs/srv/ExecuteAction.srv
[1.958s] -- Up-to-date symlink: /root/crs_ws_fanuc/install/crs_msgs/share/crs_msgs/srv/ExecuteAction_Request.msg
[1.958s] -- Up-to-date symlink: /root/crs_ws_fanuc/install/crs_msgs/share/crs_msgs/srv/ExecuteAction_Response.msg
[1.959s] -- Up-to-date symlink: /root/crs_ws_fanuc/install/crs_msgs/share/crs_msgs/srv/GetAvailableActions.srv
[1.959s] -- Up-to-date symlink: /root/crs_ws_fanuc/install/crs_msgs/share/crs_msgs/srv/GetAvailableActions_Request.msg
[1.959s] -- Up-to-date symlink: /root/crs_ws_fanuc/install/crs_msgs/share/crs_msgs/srv/GetAvailableActions_Response.msg
[1.960s] -- Up-to-date symlink: /root/crs_ws_fanuc/install/crs_msgs/share/crs_msgs/srv/PlanProcessMotions.srv
[1.960s] -- Up-to-date symlink: /root/crs_ws_fanuc/install/crs_msgs/share/crs_msgs/srv/PlanProcessMotions_Request.msg
[1.960s] -- Up-to-date symlink: /root/crs_ws_fanuc/install/crs_msgs/share/crs_msgs/srv/PlanProcessMotions_Response.msg
[1.960s] -- Up-to-date symlink: /root/crs_ws_fanuc/install/crs_msgs/share/crs_msgs/srv/GetConfiguration.srv
[1.961s] -- Up-to-date symlink: /root/crs_ws_fanuc/install/crs_msgs/share/crs_msgs/srv/GetConfiguration_Request.msg
[1.961s] -- Up-to-date symlink: /root/crs_ws_fanuc/install/crs_msgs/share/crs_msgs/srv/GetConfiguration_Response.msg
[1.961s] -- Up-to-date symlink: /root/crs_ws_fanuc/install/crs_msgs/share/crs_msgs/srv/RobotPositioner.srv
[1.961s] -- Up-to-date symlink: /root/crs_ws_fanuc/install/crs_msgs/share/crs_msgs/srv/RobotPositioner_Request.msg
[1.962s] -- Up-to-date symlink: /root/crs_ws_fanuc/install/crs_msgs/share/crs_msgs/srv/RobotPositioner_Response.msg
[1.962s] -- Up-to-date symlink: /root/crs_ws_fanuc/install/crs_msgs/share/crs_msgs/srv/CropToolpaths.srv
[1.962s] -- Up-to-date symlink: /root/crs_ws_fanuc/install/crs_msgs/share/crs_msgs/srv/CropToolpaths_Request.msg
[1.962s] -- Up-to-date symlink: /root/crs_ws_fanuc/install/crs_msgs/share/crs_msgs/srv/CropToolpaths_Response.msg
[1.962s] -- Up-to-date symlink: /root/crs_ws_fanuc/install/crs_msgs/share/crs_msgs/srv/RunRobotScript.srv
[1.963s] -- Up-to-date symlink: /root/crs_ws_fanuc/install/crs_msgs/share/crs_msgs/srv/RunRobotScript_Request.msg
[1.963s] -- Up-to-date symlink: /root/crs_ws_fanuc/install/crs_msgs/share/crs_msgs/srv/RunRobotScript_Response.msg
[1.963s] -- Up-to-date symlink: /root/crs_ws_fanuc/install/crs_msgs/share/ament_index/resource_index/package_run_dependencies/crs_msgs
[1.963s] -- Up-to-date symlink: /root/crs_ws_fanuc/install/crs_msgs/share/ament_index/resource_index/parent_prefix_path/crs_msgs
[1.964s] -- Up-to-date symlink: /root/crs_ws_fanuc/install/crs_msgs/share/crs_msgs/environment/ament_prefix_path.sh
[1.964s] -- Up-to-date symlink: /root/crs_ws_fanuc/install/crs_msgs/share/crs_msgs/environment/ament_prefix_path.dsv
[1.964s] -- Up-to-date symlink: /root/crs_ws_fanuc/install/crs_msgs/share/crs_msgs/environment/path.sh
[1.964s] -- Up-to-date symlink: /root/crs_ws_fanuc/install/crs_msgs/share/crs_msgs/environment/path.dsv
[1.964s] -- Up-to-date symlink: /root/crs_ws_fanuc/install/crs_msgs/share/crs_msgs/local_setup.bash
[1.965s] -- Up-to-date symlink: /root/crs_ws_fanuc/install/crs_msgs/share/crs_msgs/local_setup.sh
[1.965s] -- Up-to-date symlink: /root/crs_ws_fanuc/install/crs_msgs/share/crs_msgs/local_setup.zsh
[1.965s] -- Up-to-date symlink: /root/crs_ws_fanuc/install/crs_msgs/share/crs_msgs/local_setup.dsv
[1.965s] -- Symlinking: /root/crs_ws_fanuc/install/crs_msgs/share/crs_msgs/package.dsv
[1.973s] -- Up-to-date symlink: /root/crs_ws_fanuc/install/crs_msgs/share/ament_index/resource_index/packages/crs_msgs
[1.973s] -- Up-to-date symlink: /root/crs_ws_fanuc/install/crs_msgs/share/crs_msgs/cmake/rosidl_cmake-extras.cmake
[1.973s] -- Up-to-date symlink: /root/crs_ws_fanuc/install/crs_msgs/share/crs_msgs/cmake/ament_cmake_export_dependencies-extras.cmake
[1.974s] -- Up-to-date symlink: /root/crs_ws_fanuc/install/crs_msgs/share/crs_msgs/cmake/ament_cmake_export_libraries-extras.cmake
[1.974s] -- Up-to-date symlink: /root/crs_ws_fanuc/install/crs_msgs/share/crs_msgs/cmake/ament_cmake_export_include_directories-extras.cmake
[1.974s] -- Up-to-date symlink: /root/crs_ws_fanuc/install/crs_msgs/share/crs_msgs/cmake/crs_msgsConfig.cmake
[1.975s] -- Up-to-date symlink: /root/crs_ws_fanuc/install/crs_msgs/share/crs_msgs/cmake/crs_msgsConfig-version.cmake
[1.975s] -- Up-to-date symlink: /root/crs_ws_fanuc/install/crs_msgs/share/crs_msgs/package.xml
[2.050s] Invoked command in '/root/crs_ws_fanuc/build/crs_msgs' returned '0': AMENT_PREFIX_PATH=/root/crs_ws_fanuc/install/cartesian_trajectory_msgs:${AMENT_PREFIX_PATH} CMAKE_PREFIX_PATH=/root/crs_ws_fanuc/install/cartesian_trajectory_msgs:/root/urdf_tutorial/install/urdf_tutorial:/opt/qt513/lib/cmake:/root/ros2-urdf-tutorial/install/urdf_tutorial:/opt/ros/eloquent LD_LIBRARY_PATH=/root/crs_ws_fanuc/install/cartesian_trajectory_msgs/lib:${LD_LIBRARY_PATH} PYTHONPATH=/root/crs_ws_fanuc/install/cartesian_trajectory_msgs/lib/python3.6/site-packages:${PYTHONPATH} /usr/bin/cmake --build /root/crs_ws_fanuc/build/crs_msgs --target install -- -j8 -l8
