[0.027s] Invoking command in '/root/crs_ws_fanuc/build/region_detection_msgs': CMAKE_PREFIX_PATH=${CMAKE_PREFIX_PATH}:/opt/ros/eloquent /usr/bin/cmake --build /root/crs_ws_fanuc/build/region_detection_msgs -- -j8 -l8
[0.088s] [  1%] Built target region_detection_msgs__cpp
[0.110s] [ 13%] Built target region_detection_msgs__rosidl_generator_c
[0.150s] [ 24%] Built target region_detection_msgs__rosidl_typesupport_introspection_cpp
[0.156s] [ 36%] Built target region_detection_msgs__rosidl_typesupport_fastrtps_cpp
[0.167s] [ 47%] Built target region_detection_msgs__rosidl_typesupport_introspection_c
[0.203s] [ 59%] Built target region_detection_msgs__rosidl_typesupport_fastrtps_c
[0.204s] [ 70%] Built target region_detection_msgs__rosidl_typesupport_cpp
[0.238s] [ 81%] Built target region_detection_msgs__rosidl_typesupport_c
[0.273s] [ 81%] Built target region_detection_msgs
[0.302s] [ 83%] Built target region_detection_msgs__py
[0.353s] [ 93%] Built target region_detection_msgs__python
[0.407s] [ 96%] Built target region_detection_msgs__rosidl_typesupport_c__pyext
[0.413s] [100%] Built target region_detection_msgs__rosidl_typesupport_fastrtps_c__pyext
[0.428s] Invoked command in '/root/crs_ws_fanuc/build/region_detection_msgs' returned '0': CMAKE_PREFIX_PATH=${CMAKE_PREFIX_PATH}:/opt/ros/eloquent /usr/bin/cmake --build /root/crs_ws_fanuc/build/region_detection_msgs -- -j8 -l8
[0.811s] Invoking command in '/root/crs_ws_fanuc/build/region_detection_msgs': CMAKE_PREFIX_PATH=${CMAKE_PREFIX_PATH}:/opt/ros/eloquent /usr/bin/cmake --build /root/crs_ws_fanuc/build/region_detection_msgs --target install -- -j8 -l8
[0.900s] [ 11%] Built target region_detection_msgs__rosidl_generator_c
[0.914s] [ 13%] Built target region_detection_msgs__cpp
[0.962s] [ 24%] Built target region_detection_msgs__rosidl_typesupport_introspection_c
[0.969s] [ 36%] Built target region_detection_msgs__rosidl_typesupport_fastrtps_cpp
[0.969s] [ 47%] Built target region_detection_msgs__rosidl_typesupport_introspection_cpp
[1.032s] [ 59%] Built target region_detection_msgs__rosidl_typesupport_cpp
[1.034s] [ 70%] Built target region_detection_msgs__rosidl_typesupport_fastrtps_c
[1.091s] [ 81%] Built target region_detection_msgs__rosidl_typesupport_c
[1.124s] [ 81%] Built target region_detection_msgs
[1.155s] [ 83%] Built target region_detection_msgs__py
[1.202s] [ 93%] Built target region_detection_msgs__python
[1.250s] [ 96%] Built target region_detection_msgs__rosidl_typesupport_c__pyext
[1.251s] [100%] Built target region_detection_msgs__rosidl_typesupport_fastrtps_c__pyext
[1.278s] [36mInstall the project...[0m
[1.296s] -- Install configuration: "Debug"
[1.316s] -- Execute custom install script
[1.317s] -- Up-to-date symlink: /root/crs_ws_fanuc/install/region_detection_msgs/share/ament_index/resource_index/rosidl_interfaces/region_detection_msgs
[1.321s] -- Up-to-date symlink: /root/crs_ws_fanuc/install/region_detection_msgs/lib/libregion_detection_msgs__rosidl_typesupport_c.so
[1.322s] -- Up-to-date symlink: /root/crs_ws_fanuc/install/region_detection_msgs/share/region_detection_msgs/environment/library_path.sh
[1.322s] -- Up-to-date symlink: /root/crs_ws_fanuc/install/region_detection_msgs/share/region_detection_msgs/environment/library_path.dsv
[1.323s] -- Up-to-date symlink: /root/crs_ws_fanuc/install/region_detection_msgs/lib/libregion_detection_msgs__rosidl_typesupport_cpp.so
[1.328s] -- Up-to-date symlink: /root/crs_ws_fanuc/install/region_detection_msgs/include/region_detection_msgs/msg/pose_set__rosidl_typesupport_fastrtps_c.h
[1.328s] -- Up-to-date symlink: /root/crs_ws_fanuc/install/region_detection_msgs/include/region_detection_msgs/msg/rosidl_typesupport_fastrtps_c__visibility_control.h
[1.329s] -- Up-to-date symlink: /root/crs_ws_fanuc/install/region_detection_msgs/include/region_detection_msgs/srv/crop_data__rosidl_typesupport_fastrtps_c.h
[1.330s] -- Up-to-date symlink: /root/crs_ws_fanuc/install/region_detection_msgs/include/region_detection_msgs/srv/detect_regions__rosidl_typesupport_fastrtps_c.h
[1.330s] -- Up-to-date symlink: /root/crs_ws_fanuc/install/region_detection_msgs/include/region_detection_msgs/srv/get_selected_regions__rosidl_typesupport_fastrtps_c.h
[1.331s] -- Up-to-date symlink: /root/crs_ws_fanuc/install/region_detection_msgs/include/region_detection_msgs/srv/show_selectable_regions__rosidl_typesupport_fastrtps_c.h
[1.332s] -- Up-to-date symlink: /root/crs_ws_fanuc/install/region_detection_msgs/lib/libregion_detection_msgs__rosidl_typesupport_fastrtps_c.so
[1.333s] -- Up-to-date symlink: /root/crs_ws_fanuc/install/region_detection_msgs/include/region_detection_msgs/msg/pose_set.h
[1.343s] -- Up-to-date symlink: /root/crs_ws_fanuc/install/region_detection_msgs/include/region_detection_msgs/msg/pose_set__functions.h
[1.349s] -- Up-to-date symlink: /root/crs_ws_fanuc/install/region_detection_msgs/include/region_detection_msgs/msg/pose_set__struct.h
[1.349s] -- Up-to-date symlink: /root/crs_ws_fanuc/install/region_detection_msgs/include/region_detection_msgs/msg/pose_set__type_support.h
[1.350s] -- Up-to-date symlink: /root/crs_ws_fanuc/install/region_detection_msgs/include/region_detection_msgs/msg/rosidl_generator_c__visibility_control.h
[1.351s] -- Up-to-date symlink: /root/crs_ws_fanuc/install/region_detection_msgs/include/region_detection_msgs/srv/crop_data.h
[1.352s] -- Up-to-date symlink: /root/crs_ws_fanuc/install/region_detection_msgs/include/region_detection_msgs/srv/crop_data__functions.h
[1.355s] -- Up-to-date symlink: /root/crs_ws_fanuc/install/region_detection_msgs/include/region_detection_msgs/srv/crop_data__struct.h
[1.355s] -- Up-to-date symlink: /root/crs_ws_fanuc/install/region_detection_msgs/include/region_detection_msgs/srv/crop_data__type_support.h
[1.356s] -- Up-to-date symlink: /root/crs_ws_fanuc/install/region_detection_msgs/include/region_detection_msgs/srv/detect_regions.h
[1.356s] -- Up-to-date symlink: /root/crs_ws_fanuc/install/region_detection_msgs/include/region_detection_msgs/srv/detect_regions__functions.h
[1.360s] -- Up-to-date symlink: /root/crs_ws_fanuc/install/region_detection_msgs/include/region_detection_msgs/srv/detect_regions__struct.h
[1.360s] -- Up-to-date symlink: /root/crs_ws_fanuc/install/region_detection_msgs/include/region_detection_msgs/srv/detect_regions__type_support.h
[1.361s] -- Up-to-date symlink: /root/crs_ws_fanuc/install/region_detection_msgs/include/region_detection_msgs/srv/get_selected_regions.h
[1.363s] -- Up-to-date symlink: /root/crs_ws_fanuc/install/region_detection_msgs/include/region_detection_msgs/srv/get_selected_regions__functions.h
[1.364s] -- Up-to-date symlink: /root/crs_ws_fanuc/install/region_detection_msgs/include/region_detection_msgs/srv/get_selected_regions__struct.h
[1.364s] -- Up-to-date symlink: /root/crs_ws_fanuc/install/region_detection_msgs/include/region_detection_msgs/srv/get_selected_regions__type_support.h
[1.365s] -- Up-to-date symlink: /root/crs_ws_fanuc/install/region_detection_msgs/include/region_detection_msgs/srv/show_selectable_regions.h
[1.366s] -- Up-to-date symlink: /root/crs_ws_fanuc/install/region_detection_msgs/include/region_detection_msgs/srv/show_selectable_regions__functions.h
[1.368s] -- Up-to-date symlink: /root/crs_ws_fanuc/install/region_detection_msgs/include/region_detection_msgs/srv/show_selectable_regions__struct.h
[1.369s] -- Up-to-date symlink: /root/crs_ws_fanuc/install/region_detection_msgs/include/region_detection_msgs/srv/show_selectable_regions__type_support.h
[1.370s] -- Up-to-date symlink: /root/crs_ws_fanuc/install/region_detection_msgs/lib/libregion_detection_msgs__rosidl_generator_c.so
[1.388s] -- Up-to-date symlink: /root/crs_ws_fanuc/install/region_detection_msgs/include/region_detection_msgs/msg/pose_set__rosidl_typesupport_fastrtps_cpp.hpp
[1.388s] -- Up-to-date symlink: /root/crs_ws_fanuc/install/region_detection_msgs/include/region_detection_msgs/msg/rosidl_typesupport_fastrtps_cpp__visibility_control.h
[1.388s] -- Up-to-date symlink: /root/crs_ws_fanuc/install/region_detection_msgs/include/region_detection_msgs/srv/crop_data__rosidl_typesupport_fastrtps_cpp.hpp
[1.388s] -- Up-to-date symlink: /root/crs_ws_fanuc/install/region_detection_msgs/include/region_detection_msgs/srv/detect_regions__rosidl_typesupport_fastrtps_cpp.hpp
[1.394s] -- Up-to-date symlink: /root/crs_ws_fanuc/install/region_detection_msgs/include/region_detection_msgs/srv/get_selected_regions__rosidl_typesupport_fastrtps_cpp.hpp
[1.395s] -- Up-to-date symlink: /root/crs_ws_fanuc/install/region_detection_msgs/include/region_detection_msgs/srv/show_selectable_regions__rosidl_typesupport_fastrtps_cpp.hpp
[1.404s] -- Up-to-date symlink: /root/crs_ws_fanuc/install/region_detection_msgs/lib/libregion_detection_msgs__rosidl_typesupport_fastrtps_cpp.so
[1.405s] -- Up-to-date symlink: /root/crs_ws_fanuc/install/region_detection_msgs/include/region_detection_msgs/msg/pose_set.hpp
[1.409s] -- Up-to-date symlink: /root/crs_ws_fanuc/install/region_detection_msgs/include/region_detection_msgs/msg/pose_set__struct.hpp
[1.414s] -- Up-to-date symlink: /root/crs_ws_fanuc/install/region_detection_msgs/include/region_detection_msgs/msg/pose_set__traits.hpp
[1.414s] -- Up-to-date symlink: /root/crs_ws_fanuc/install/region_detection_msgs/include/region_detection_msgs/srv/crop_data.hpp
[1.415s] -- Up-to-date symlink: /root/crs_ws_fanuc/install/region_detection_msgs/include/region_detection_msgs/srv/crop_data__struct.hpp
[1.417s] -- Up-to-date symlink: /root/crs_ws_fanuc/install/region_detection_msgs/include/region_detection_msgs/srv/crop_data__traits.hpp
[1.418s] -- Up-to-date symlink: /root/crs_ws_fanuc/install/region_detection_msgs/include/region_detection_msgs/srv/detect_regions.hpp
[1.418s] -- Up-to-date symlink: /root/crs_ws_fanuc/install/region_detection_msgs/include/region_detection_msgs/srv/detect_regions__struct.hpp
[1.418s] -- Up-to-date symlink: /root/crs_ws_fanuc/install/region_detection_msgs/include/region_detection_msgs/srv/detect_regions__traits.hpp
[1.418s] -- Up-to-date symlink: /root/crs_ws_fanuc/install/region_detection_msgs/include/region_detection_msgs/srv/get_selected_regions.hpp
[1.418s] -- Up-to-date symlink: /root/crs_ws_fanuc/install/region_detection_msgs/include/region_detection_msgs/srv/get_selected_regions__struct.hpp
[1.418s] -- Up-to-date symlink: /root/crs_ws_fanuc/install/region_detection_msgs/include/region_detection_msgs/srv/get_selected_regions__traits.hpp
[1.423s] -- Up-to-date symlink: /root/crs_ws_fanuc/install/region_detection_msgs/include/region_detection_msgs/srv/show_selectable_regions.hpp
[1.426s] -- Up-to-date symlink: /root/crs_ws_fanuc/install/region_detection_msgs/include/region_detection_msgs/srv/show_selectable_regions__struct.hpp
[1.426s] -- Up-to-date symlink: /root/crs_ws_fanuc/install/region_detection_msgs/include/region_detection_msgs/srv/show_selectable_regions__traits.hpp
[1.426s] -- Up-to-date symlink: /root/crs_ws_fanuc/install/region_detection_msgs/include/region_detection_msgs/msg/pose_set__rosidl_typesupport_introspection_c.h
[1.426s] -- Up-to-date symlink: /root/crs_ws_fanuc/install/region_detection_msgs/include/region_detection_msgs/msg/rosidl_typesupport_introspection_c__visibility_control.h
[1.426s] -- Up-to-date symlink: /root/crs_ws_fanuc/install/region_detection_msgs/include/region_detection_msgs/srv/crop_data__rosidl_typesupport_introspection_c.h
[1.427s] -- Up-to-date symlink: /root/crs_ws_fanuc/install/region_detection_msgs/include/region_detection_msgs/srv/detect_regions__rosidl_typesupport_introspection_c.h
[1.444s] -- Up-to-date symlink: /root/crs_ws_fanuc/install/region_detection_msgs/include/region_detection_msgs/srv/get_selected_regions__rosidl_typesupport_introspection_c.h
[1.449s] -- Up-to-date symlink: /root/crs_ws_fanuc/install/region_detection_msgs/include/region_detection_msgs/srv/show_selectable_regions__rosidl_typesupport_introspection_c.h
[1.450s] -- Up-to-date symlink: /root/crs_ws_fanuc/install/region_detection_msgs/lib/libregion_detection_msgs__rosidl_typesupport_introspection_c.so
[1.450s] -- Up-to-date symlink: /root/crs_ws_fanuc/install/region_detection_msgs/include/region_detection_msgs/msg/pose_set__rosidl_typesupport_introspection_cpp.hpp
[1.450s] -- Up-to-date symlink: /root/crs_ws_fanuc/install/region_detection_msgs/include/region_detection_msgs/srv/crop_data__rosidl_typesupport_introspection_cpp.hpp
[1.465s] -- Up-to-date symlink: /root/crs_ws_fanuc/install/region_detection_msgs/include/region_detection_msgs/srv/detect_regions__rosidl_typesupport_introspection_cpp.hpp
[1.465s] -- Up-to-date symlink: /root/crs_ws_fanuc/install/region_detection_msgs/include/region_detection_msgs/srv/get_selected_regions__rosidl_typesupport_introspection_cpp.hpp
[1.467s] -- Up-to-date symlink: /root/crs_ws_fanuc/install/region_detection_msgs/include/region_detection_msgs/srv/show_selectable_regions__rosidl_typesupport_introspection_cpp.hpp
[1.469s] -- Up-to-date symlink: /root/crs_ws_fanuc/install/region_detection_msgs/lib/libregion_detection_msgs__rosidl_typesupport_introspection_cpp.so
[1.475s] -- Up-to-date symlink: /root/crs_ws_fanuc/install/region_detection_msgs/share/region_detection_msgs/environment/pythonpath.sh
[1.475s] -- Up-to-date symlink: /root/crs_ws_fanuc/install/region_detection_msgs/share/region_detection_msgs/environment/pythonpath.dsv
[1.475s] -- Up-to-date symlink: /root/crs_ws_fanuc/install/region_detection_msgs/lib/python3.6/site-packages/region_detection_msgs/__init__.py
[1.475s] -- Up-to-date symlink: /root/crs_ws_fanuc/install/region_detection_msgs/lib/python3.6/site-packages/region_detection_msgs/msg/__init__.py
[1.475s] -- Up-to-date symlink: /root/crs_ws_fanuc/install/region_detection_msgs/lib/python3.6/site-packages/region_detection_msgs/msg/_pose_set.py
[1.476s] -- Up-to-date symlink: /root/crs_ws_fanuc/install/region_detection_msgs/lib/python3.6/site-packages/region_detection_msgs/srv/__init__.py
[1.476s] -- Up-to-date symlink: /root/crs_ws_fanuc/install/region_detection_msgs/lib/python3.6/site-packages/region_detection_msgs/srv/_crop_data.py
[1.476s] -- Up-to-date symlink: /root/crs_ws_fanuc/install/region_detection_msgs/lib/python3.6/site-packages/region_detection_msgs/srv/_detect_regions.py
[1.476s] -- Up-to-date symlink: /root/crs_ws_fanuc/install/region_detection_msgs/lib/python3.6/site-packages/region_detection_msgs/srv/_get_selected_regions.py
[1.476s] -- Up-to-date symlink: /root/crs_ws_fanuc/install/region_detection_msgs/lib/python3.6/site-packages/region_detection_msgs/srv/_show_selectable_regions.py
[1.477s] -- Up-to-date symlink: /root/crs_ws_fanuc/install/region_detection_msgs/lib/python3.6/site-packages/region_detection_msgs/region_detection_msgs_s__rosidl_typesupport_c.cpython-36m-x86_64-linux-gnu.so
[1.477s] -- Up-to-date symlink: /root/crs_ws_fanuc/install/region_detection_msgs/lib/python3.6/site-packages/region_detection_msgs/region_detection_msgs_s__rosidl_typesupport_fastrtps_c.cpython-36m-x86_64-linux-gnu.so
[1.477s] -- Up-to-date symlink: /root/crs_ws_fanuc/install/region_detection_msgs/lib/libregion_detection_msgs__python.so
[1.477s] -- Up-to-date symlink: /root/crs_ws_fanuc/install/region_detection_msgs/share/region_detection_msgs/msg/PoseSet.idl
[1.477s] -- Up-to-date symlink: /root/crs_ws_fanuc/install/region_detection_msgs/share/region_detection_msgs/srv/CropData.idl
[1.478s] -- Up-to-date symlink: /root/crs_ws_fanuc/install/region_detection_msgs/share/region_detection_msgs/srv/DetectRegions.idl
[1.478s] -- Up-to-date symlink: /root/crs_ws_fanuc/install/region_detection_msgs/share/region_detection_msgs/srv/ShowSelectableRegions.idl
[1.478s] -- Up-to-date symlink: /root/crs_ws_fanuc/install/region_detection_msgs/share/region_detection_msgs/srv/GetSelectedRegions.idl
[1.479s] -- Up-to-date symlink: /root/crs_ws_fanuc/install/region_detection_msgs/share/region_detection_msgs/msg/PoseSet.msg
[1.479s] -- Up-to-date symlink: /root/crs_ws_fanuc/install/region_detection_msgs/share/region_detection_msgs/srv/CropData.srv
[1.479s] -- Up-to-date symlink: /root/crs_ws_fanuc/install/region_detection_msgs/share/region_detection_msgs/srv/CropData_Request.msg
[1.479s] -- Up-to-date symlink: /root/crs_ws_fanuc/install/region_detection_msgs/share/region_detection_msgs/srv/CropData_Response.msg
[1.480s] -- Up-to-date symlink: /root/crs_ws_fanuc/install/region_detection_msgs/share/region_detection_msgs/srv/DetectRegions.srv
[1.480s] -- Up-to-date symlink: /root/crs_ws_fanuc/install/region_detection_msgs/share/region_detection_msgs/srv/DetectRegions_Request.msg
[1.480s] -- Up-to-date symlink: /root/crs_ws_fanuc/install/region_detection_msgs/share/region_detection_msgs/srv/DetectRegions_Response.msg
[1.481s] -- Up-to-date symlink: /root/crs_ws_fanuc/install/region_detection_msgs/share/region_detection_msgs/srv/ShowSelectableRegions.srv
[1.482s] -- Up-to-date symlink: /root/crs_ws_fanuc/install/region_detection_msgs/share/region_detection_msgs/srv/ShowSelectableRegions_Request.msg
[1.482s] -- Up-to-date symlink: /root/crs_ws_fanuc/install/region_detection_msgs/share/region_detection_msgs/srv/ShowSelectableRegions_Response.msg
[1.483s] -- Up-to-date symlink: /root/crs_ws_fanuc/install/region_detection_msgs/share/region_detection_msgs/srv/GetSelectedRegions.srv
[1.483s] -- Up-to-date symlink: /root/crs_ws_fanuc/install/region_detection_msgs/share/region_detection_msgs/srv/GetSelectedRegions_Request.msg
[1.483s] -- Up-to-date symlink: /root/crs_ws_fanuc/install/region_detection_msgs/share/region_detection_msgs/srv/GetSelectedRegions_Response.msg
[1.483s] -- Up-to-date symlink: /root/crs_ws_fanuc/install/region_detection_msgs/share/ament_index/resource_index/package_run_dependencies/region_detection_msgs
[1.484s] -- Up-to-date symlink: /root/crs_ws_fanuc/install/region_detection_msgs/share/ament_index/resource_index/parent_prefix_path/region_detection_msgs
[1.484s] -- Up-to-date symlink: /root/crs_ws_fanuc/install/region_detection_msgs/share/region_detection_msgs/environment/ament_prefix_path.sh
[1.485s] -- Up-to-date symlink: /root/crs_ws_fanuc/install/region_detection_msgs/share/region_detection_msgs/environment/ament_prefix_path.dsv
[1.486s] -- Up-to-date symlink: /root/crs_ws_fanuc/install/region_detection_msgs/share/region_detection_msgs/environment/path.sh
[1.486s] -- Up-to-date symlink: /root/crs_ws_fanuc/install/region_detection_msgs/share/region_detection_msgs/environment/path.dsv
[1.486s] -- Up-to-date symlink: /root/crs_ws_fanuc/install/region_detection_msgs/share/region_detection_msgs/local_setup.bash
[1.486s] -- Up-to-date symlink: /root/crs_ws_fanuc/install/region_detection_msgs/share/region_detection_msgs/local_setup.sh
[1.486s] -- Up-to-date symlink: /root/crs_ws_fanuc/install/region_detection_msgs/share/region_detection_msgs/local_setup.zsh
[1.487s] -- Up-to-date symlink: /root/crs_ws_fanuc/install/region_detection_msgs/share/region_detection_msgs/local_setup.dsv
[1.487s] -- Symlinking: /root/crs_ws_fanuc/install/region_detection_msgs/share/region_detection_msgs/package.dsv
[1.487s] -- Up-to-date symlink: /root/crs_ws_fanuc/install/region_detection_msgs/share/ament_index/resource_index/packages/region_detection_msgs
[1.488s] -- Up-to-date symlink: /root/crs_ws_fanuc/install/region_detection_msgs/share/region_detection_msgs/cmake/rosidl_cmake-extras.cmake
[1.488s] -- Up-to-date symlink: /root/crs_ws_fanuc/install/region_detection_msgs/share/region_detection_msgs/cmake/ament_cmake_export_dependencies-extras.cmake
[1.489s] -- Up-to-date symlink: /root/crs_ws_fanuc/install/region_detection_msgs/share/region_detection_msgs/cmake/ament_cmake_export_libraries-extras.cmake
[1.490s] -- Up-to-date symlink: /root/crs_ws_fanuc/install/region_detection_msgs/share/region_detection_msgs/cmake/ament_cmake_export_include_directories-extras.cmake
[1.490s] -- Up-to-date symlink: /root/crs_ws_fanuc/install/region_detection_msgs/share/region_detection_msgs/cmake/region_detection_msgsConfig.cmake
[1.490s] -- Up-to-date symlink: /root/crs_ws_fanuc/install/region_detection_msgs/share/region_detection_msgs/cmake/region_detection_msgsConfig-version.cmake
[1.490s] -- Up-to-date symlink: /root/crs_ws_fanuc/install/region_detection_msgs/share/region_detection_msgs/package.xml
[1.518s] Invoked command in '/root/crs_ws_fanuc/build/region_detection_msgs' returned '0': CMAKE_PREFIX_PATH=${CMAKE_PREFIX_PATH}:/opt/ros/eloquent /usr/bin/cmake --build /root/crs_ws_fanuc/build/region_detection_msgs --target install -- -j8 -l8
