[ 81%] Built target crs_application
[100%] Built target crs_application_node
[ 81%] Built target crs_application
[100%] Built target crs_application_node
[36mInstall the project...[0m
-- Install configuration: "Debug"
-- Execute custom install script
-- Up-to-date symlink: /root/crs_ws_fanuc/install/crs_application/lib/crs_application/crs_application_node
-- Up-to-date symlink: /root/crs_ws_fanuc/install/crs_application/share/crs_application//resources/crs.rviz
-- Up-to-date symlink: /root/crs_ws_fanuc/install/crs_application/share/crs_application//resources/crs_process.scxml
-- Up-to-date symlink: /root/crs_ws_fanuc/install/crs_application/share/crs_application//launch/crs.launch.py
-- Up-to-date symlink: /root/crs_ws_fanuc/install/crs_application/share/crs_application//launch/crs.launch.xml
-- Up-to-date symlink: /root/crs_ws_fanuc/install/crs_application/share/crs_application//launch/fanuc.launch.xml
-- Up-to-date symlink: /root/crs_ws_fanuc/install/crs_application/share/crs_application//launch/load_fanuc_robot_model.launch.xml
-- Up-to-date symlink: /root/crs_ws_fanuc/install/crs_application/share/crs_application//launch/load_preview_robot_model.launch.xml
-- Up-to-date symlink: /root/crs_ws_fanuc/install/crs_application/share/crs_application//launch/load_robot_model.launch.xml
-- Up-to-date symlink: /root/crs_ws_fanuc/install/crs_application/share/crs_application//launch/registration_startup.launch.py
-- Up-to-date symlink: /root/crs_ws_fanuc/install/crs_application/share/crs_application//launch/rework_startup.launch.py
-- Up-to-date symlink: /root/crs_ws_fanuc/install/crs_application/share/crs_application//config/main/crs.yaml
-- Up-to-date symlink: /root/crs_ws_fanuc/install/crs_application/share/crs_application//config/main/motion_planning/MP_config.yaml
-- Up-to-date symlink: /root/crs_ws_fanuc/install/crs_application/share/crs_application//config/main/part_localization.yaml
-- Up-to-date symlink: /root/crs_ws_fanuc/install/crs_application/share/crs_application//config/main/rework/region_crop.yaml
-- Up-to-date symlink: /root/crs_ws_fanuc/install/crs_application/share/crs_application//config/main/rework/region_detection.yaml
-- Up-to-date symlink: /root/crs_ws_fanuc/install/crs_application/share/crs_application//config/swri/crs.yaml
-- Up-to-date symlink: /root/crs_ws_fanuc/install/crs_application/share/crs_application//config/swri/motion_planning/MP_config.yaml
-- Up-to-date symlink: /root/crs_ws_fanuc/install/crs_application/share/crs_application//config/swri/part_localization.yaml
-- Up-to-date symlink: /root/crs_ws_fanuc/install/crs_application/share/crs_application//config/swri/rework/region_crop.yaml
-- Up-to-date symlink: /root/crs_ws_fanuc/install/crs_application/share/crs_application//config/swri/rework/region_detection.yaml
-- Up-to-date symlink: /root/crs_ws_fanuc/install/crs_application/share/ament_index/resource_index/package_run_dependencies/crs_application
-- Up-to-date symlink: /root/crs_ws_fanuc/install/crs_application/share/ament_index/resource_index/parent_prefix_path/crs_application
-- Up-to-date symlink: /root/crs_ws_fanuc/install/crs_application/share/crs_application/environment/ament_prefix_path.sh
-- Up-to-date symlink: /root/crs_ws_fanuc/install/crs_application/share/crs_application/environment/ament_prefix_path.dsv
-- Up-to-date symlink: /root/crs_ws_fanuc/install/crs_application/share/crs_application/environment/path.sh
-- Up-to-date symlink: /root/crs_ws_fanuc/install/crs_application/share/crs_application/environment/path.dsv
-- Up-to-date symlink: /root/crs_ws_fanuc/install/crs_application/share/crs_application/local_setup.bash
-- Up-to-date symlink: /root/crs_ws_fanuc/install/crs_application/share/crs_application/local_setup.sh
-- Up-to-date symlink: /root/crs_ws_fanuc/install/crs_application/share/crs_application/local_setup.zsh
-- Up-to-date symlink: /root/crs_ws_fanuc/install/crs_application/share/crs_application/local_setup.dsv
-- Symlinking: /root/crs_ws_fanuc/install/crs_application/share/crs_application/package.dsv
-- Up-to-date symlink: /root/crs_ws_fanuc/install/crs_application/share/ament_index/resource_index/packages/crs_application
-- Up-to-date symlink: /root/crs_ws_fanuc/install/crs_application/share/crs_application/cmake/crs_applicationConfig.cmake
-- Up-to-date symlink: /root/crs_ws_fanuc/install/crs_application/share/crs_application/cmake/crs_applicationConfig-version.cmake
-- Up-to-date symlink: /root/crs_ws_fanuc/install/crs_application/share/crs_application/package.xml
-- Up-to-date: /root/crs_ws_fanuc/install/crs_application/lib/libcrs_application.so
