[100%] Built target crs_gazebo_plugins_joint_pose_trajectory
[100%] Built target crs_gazebo_plugins_joint_pose_trajectory
[36mInstall the project...[0m
-- Install configuration: "Debug"
-- Execute custom install script
-- Up-to-date symlink: /root/crs_ws_fanuc/install/crs_gazebo_plugins/share/crs_gazebo_plugins/environment/library_path.sh
-- Up-to-date symlink: /root/crs_ws_fanuc/install/crs_gazebo_plugins/share/crs_gazebo_plugins/environment/library_path.dsv
-- Up-to-date symlink: /root/crs_ws_fanuc/install/crs_gazebo_plugins/share/ament_index/resource_index/package_run_dependencies/crs_gazebo_plugins
-- Up-to-date symlink: /root/crs_ws_fanuc/install/crs_gazebo_plugins/share/ament_index/resource_index/parent_prefix_path/crs_gazebo_plugins
-- Up-to-date symlink: /root/crs_ws_fanuc/install/crs_gazebo_plugins/share/crs_gazebo_plugins/environment/ament_prefix_path.sh
-- Up-to-date symlink: /root/crs_ws_fanuc/install/crs_gazebo_plugins/share/crs_gazebo_plugins/environment/ament_prefix_path.dsv
-- Up-to-date symlink: /root/crs_ws_fanuc/install/crs_gazebo_plugins/share/crs_gazebo_plugins/environment/path.sh
-- Up-to-date symlink: /root/crs_ws_fanuc/install/crs_gazebo_plugins/share/crs_gazebo_plugins/environment/path.dsv
-- Up-to-date symlink: /root/crs_ws_fanuc/install/crs_gazebo_plugins/share/crs_gazebo_plugins/local_setup.bash
-- Up-to-date symlink: /root/crs_ws_fanuc/install/crs_gazebo_plugins/share/crs_gazebo_plugins/local_setup.sh
-- Up-to-date symlink: /root/crs_ws_fanuc/install/crs_gazebo_plugins/share/crs_gazebo_plugins/local_setup.zsh
-- Up-to-date symlink: /root/crs_ws_fanuc/install/crs_gazebo_plugins/share/crs_gazebo_plugins/local_setup.dsv
-- Symlinking: /root/crs_ws_fanuc/install/crs_gazebo_plugins/share/crs_gazebo_plugins/package.dsv
-- Up-to-date symlink: /root/crs_ws_fanuc/install/crs_gazebo_plugins/share/ament_index/resource_index/packages/crs_gazebo_plugins
-- Up-to-date symlink: /root/crs_ws_fanuc/install/crs_gazebo_plugins/share/crs_gazebo_plugins/cmake/ament_cmake_export_libraries-extras.cmake
-- Up-to-date symlink: /root/crs_ws_fanuc/install/crs_gazebo_plugins/share/crs_gazebo_plugins/cmake/crs_gazebo_pluginsConfig.cmake
-- Up-to-date symlink: /root/crs_ws_fanuc/install/crs_gazebo_plugins/share/crs_gazebo_plugins/cmake/crs_gazebo_pluginsConfig-version.cmake
-- Up-to-date symlink: /root/crs_ws_fanuc/install/crs_gazebo_plugins/share/crs_gazebo_plugins/package.xml
-- Up-to-date symlink: /root/crs_ws_fanuc/install/crs_gazebo_plugins/include/crs_gazebo_plugins/joint_pose_trajectory.hpp
-- Up-to-date symlink: /root/crs_ws_fanuc/install/crs_gazebo_plugins/lib/libcrs_gazebo_plugins_joint_pose_trajectory.so
