[0.141s] Invoking command in '/root/crs_ws_fanuc/build/fanuc_r2000ic_support': /usr/bin/cmake /root/crs_ws_fanuc/src/collaborative-robotic-sanding/fanuc_r2000ic_support -DCATKIN_INSTALL_INTO_PREFIX_ROOT=0 -DCATKIN_SYMLINK_INSTALL=ON -DCMAKE_INSTALL_PREFIX=/root/crs_ws_fanuc/install/fanuc_r2000ic_support
[0.328s] -- Using CATKIN_DEVEL_PREFIX: /root/crs_ws_fanuc/build/fanuc_r2000ic_support/devel
[0.328s] -- Using CMAKE_PREFIX_PATH: /root/crs_ws_fanuc/install/trajopt_tools;/root/crs_ws_fanuc/install/vhacd;/root/crs_ws_fanuc/install/crs_gui;/root/crs_ws_fanuc/install/crs_application;/root/crs_ws_fanuc/install/crs_motion_planning;/root/crs_ws_fanuc/install/ur_ikfast_kinematics;/root/crs_ws_fanuc/install/crs_robot_comms;/root/crs_ws_fanuc/install/ur_dashboard_msgs;/root/crs_ws_fanuc/install/trajopt_sqp;/root/crs_ws_fanuc/install/trajopt_ifopt;/root/crs_ws_fanuc/install/tesseract_monitoring;/root/crs_ws_fanuc/install/tesseract_rosutils;/root/crs_ws_fanuc/install/tesseract_process_planners;/root/crs_ws_fanuc/install/tesseract_motion_planners;/root/crs_ws_fanuc/install/trajopt;/root/crs_ws_fanuc/install/trajopt_sco;/root/crs_ws_fanuc/install/trajopt_utils;/root/crs_ws_fanuc/install/tesseract_visualization;/root/crs_ws_fanuc/install/tesseract;/root/crs_ws_fanuc/install/tesseract_urdf;/root/crs_ws_fanuc/install/tesseract_plugins;/root/crs_ws_fanuc/install/tesseract_environment;/root/crs_ws_fanuc/install/tesseract_collision;/root/crs_ws_fanuc/install/tesseract_support;/root/crs_ws_fanuc/install/tesseract_kinematics;/root/crs_ws_fanuc/install/tesseract_scene_graph;/root/crs_ws_fanuc/install/tesseract_msgs;/root/crs_ws_fanuc/install/tesseract_geometry;/root/crs_ws_fanuc/install/tesseract_common;/root/crs_ws_fanuc/install/roscpp_scxml_demos;/root/crs_ws_fanuc/install/rclcpp_scxml_demos;/root/crs_ws_fanuc/install/scxml_core;/root/crs_ws_fanuc/install/region_detection_rclcpp;/root/crs_ws_fanuc/install/region_detection_msgs;/root/crs_ws_fanuc/install/region_detection_core;/root/crs_ws_fanuc/install/osqp_eigen;/root/crs_ws_fanuc/install/osqp;/root/crs_ws_fanuc/install/descartes_opw;/root/crs_ws_fanuc/install/opw_kinematics;/root/crs_ws_fanuc/install/octomap_msgs;/root/crs_ws_fanuc/install/fcl;/root/crs_ws_fanuc/install/libccd;/root/crs_ws_fanuc/install/iterative_spline_parameterization;/root/crs_ws_fanuc/install/ifopt;/root/crs_ws_fanuc/install/gtest;/root/crs_ws_fanuc/install/fanuc_resources;/root/crs_ws_fanuc/install/fanuc_r2000ic_moveit_config;/root/crs_ws_fanuc/install/fanuc_r2000ic_support;/root/crs_ws_fanuc/install/fanuc_r2000ic_moveit_plugins;/root/crs_ws_fanuc/install/descartes_samplers;/root/crs_ws_fanuc/install/descartes_ikfast;/root/crs_ws_fanuc/install/descartes_light;/root/crs_ws_fanuc/install/crs_toolpath_gen;/root/crs_ws_fanuc/install/crs_support;/root/crs_ws_fanuc/install/crs_process_data;/root/crs_ws_fanuc/install/crs_perception;/root/crs_ws_fanuc/install/crs_area_selection;/root/crs_ws_fanuc/install/crs_msgs;/root/crs_ws_fanuc/install/crs_gazebo_plugins;/root/crs_ws_fanuc/install/cartesian_trajectory_msgs;/root/crs_ws_fanuc/install/bullet3;/opt/qt513/lib/cmake;
[0.328s] -- This workspace overlays: /root/crs_ws_fanuc/install/roscpp_scxml_demos;/root/crs_ws_fanuc/install/fanuc_resources;/root/crs_ws_fanuc/install/fanuc_r2000ic_moveit_config;/root/crs_ws_fanuc/install/fanuc_r2000ic_support;/root/crs_ws_fanuc/install/fanuc_r2000ic_moveit_plugins
[0.650s] -- Override CMake install command with custom implementation using symlinks instead of copying resources
[0.990s] -- Found PythonInterp: /usr/bin/python3 (found suitable version "3.6.9", minimum required is "3") 
[0.990s] -- Using PYTHON_EXECUTABLE: /usr/bin/python3
[0.990s] -- Using Debian Python package layout
[1.014s] -- Using empy: /usr/bin/empy
[1.479s] -- Using CATKIN_ENABLE_TESTING: ON
[1.480s] -- Call enable_testing()
[1.480s] -- Using CATKIN_TEST_RESULTS_DIR: /root/crs_ws_fanuc/build/fanuc_r2000ic_support/test_results
[1.616s] -- Forcing gtest/gmock from source, though one was otherwise available.
[1.616s] -- Found gtest sources under '/usr/src/googletest': gtests will be built
[1.617s] -- Found gmock sources under '/usr/src/googletest': gmock will be built
[1.708s] -- Found PythonInterp: /usr/bin/python3 (found version "3.6.9") 
[1.717s] -- Using Python nosetests: /usr/bin/nosetests
[1.830s] -- catkin 0.7.29
[1.831s] -- BUILD_SHARED_LIBS is on
[1.985s] Traceback (most recent call last):
[1.985s]   File "/root/crs_ws_fanuc/build/fanuc_r2000ic_support/catkin_generated/generate_cached_setup.py", line 12, in <module>
[1.985s]     from catkin.environment_cache import generate_environment_script
[1.985s] ModuleNotFoundError: No module named 'catkin'
[1.985s] 
[1.986s] During handling of the above exception, another exception occurred:
[1.986s] 
[1.986s] Traceback (most recent call last):
[1.986s]   File "/root/crs_ws_fanuc/build/fanuc_r2000ic_support/catkin_generated/generate_cached_setup.py", line 20, in <module>
[1.986s]     from catkin.environment_cache import generate_environment_script
[1.986s] ModuleNotFoundError: No module named 'catkin'
[1.990s] CMake Error at /opt/ros/melodic/share/catkin/cmake/safe_execute_process.cmake:11 (message):
[1.991s]   execute_process(/usr/bin/python3
[1.991s]   "/root/crs_ws_fanuc/build/fanuc_r2000ic_support/catkin_generated/generate_cached_setup.py")
[1.991s]   returned error code 1
[1.991s] Call Stack (most recent call first):
[1.991s]   /opt/ros/melodic/share/catkin/cmake/all.cmake:208 (safe_execute_process)
[1.992s]   /opt/ros/melodic/share/catkin/cmake/catkinConfig.cmake:20 (include)
[1.992s]   CMakeLists.txt:5 (find_package)
[1.992s] 
[1.992s] 
[1.993s] -- Configuring incomplete, errors occurred!
[1.993s] See also "/root/crs_ws_fanuc/build/fanuc_r2000ic_support/CMakeFiles/CMakeOutput.log".
[1.993s] See also "/root/crs_ws_fanuc/build/fanuc_r2000ic_support/CMakeFiles/CMakeError.log".
[2.018s] Invoked command in '/root/crs_ws_fanuc/build/fanuc_r2000ic_support' returned '1': /usr/bin/cmake /root/crs_ws_fanuc/src/collaborative-robotic-sanding/fanuc_r2000ic_support -DCATKIN_INSTALL_INTO_PREFIX_ROOT=0 -DCATKIN_SYMLINK_INSTALL=ON -DCMAKE_INSTALL_PREFIX=/root/crs_ws_fanuc/install/fanuc_r2000ic_support
