[0.034s] Invoking command in '/root/crs_ws_fanuc/build/crs_gui': AMENT_PREFIX_PATH=/root/crs_ws_fanuc/install/crs_motion_planning:/root/crs_ws_fanuc/install/crs_area_selection:/root/crs_ws_fanuc/install/crs_msgs:/root/crs_ws_fanuc/install/cartesian_trajectory_msgs:${AMENT_PREFIX_PATH} CMAKE_PREFIX_PATH=/root/crs_ws_fanuc/install/crs_motion_planning:/root/crs_ws_fanuc/install/ur_ikfast_kinematics:/root/crs_ws_fanuc/install/trajopt:/root/crs_ws_fanuc/install/crs_area_selection:/root/crs_ws_fanuc/install/trajopt_sco:/root/crs_ws_fanuc/install/descartes_samplers:/root/crs_ws_fanuc/install/descartes_ikfast:/root/crs_ws_fanuc/install/crs_msgs:/root/crs_ws_fanuc/install/trajopt_utils:/root/crs_ws_fanuc/install/osqp:/root/crs_ws_fanuc/install/iterative_spline_parameterization:/root/crs_ws_fanuc/install/descartes_light:/root/crs_ws_fanuc/install/cartesian_trajectory_msgs:/opt/qt513/lib/cmake:/opt/ros/eloquent LD_LIBRARY_PATH=/root/crs_ws_fanuc/install/crs_motion_planning/lib:/root/crs_ws_fanuc/install/ur_ikfast_kinematics/lib:/root/crs_ws_fanuc/install/trajopt/lib:/root/crs_ws_fanuc/install/crs_area_selection/lib:/root/crs_ws_fanuc/install/trajopt_sco/lib:/root/crs_ws_fanuc/install/descartes_samplers/lib:/root/crs_ws_fanuc/install/crs_msgs/lib:/root/crs_ws_fanuc/install/trajopt_utils/lib:/root/crs_ws_fanuc/install/osqp/lib:/root/crs_ws_fanuc/install/descartes_light/lib:/root/crs_ws_fanuc/install/cartesian_trajectory_msgs/lib:${LD_LIBRARY_PATH} PATH=/root/crs_ws_fanuc/install/trajopt_sco/bin:${PATH} PKG_CONFIG_PATH=/root/crs_ws_fanuc/install/ur_ikfast_kinematics/lib/x86_64-linux-gnu/pkgconfig:/root/crs_ws_fanuc/install/ur_ikfast_kinematics/lib/pkgconfig:/root/crs_ws_fanuc/install/trajopt/lib/x86_64-linux-gnu/pkgconfig:/root/crs_ws_fanuc/install/trajopt/lib/pkgconfig:/root/crs_ws_fanuc/install/trajopt_sco/lib/x86_64-linux-gnu/pkgconfig:/root/crs_ws_fanuc/install/trajopt_sco/lib/pkgconfig:/root/crs_ws_fanuc/install/descartes_samplers/lib/x86_64-linux-gnu/pkgconfig:/root/crs_ws_fanuc/install/descartes_samplers/lib/pkgconfig:/root/crs_ws_fanuc/install/descartes_ikfast/lib/x86_64-linux-gnu/pkgconfig:/root/crs_ws_fanuc/install/descartes_ikfast/lib/pkgconfig:/root/crs_ws_fanuc/install/trajopt_utils/lib/x86_64-linux-gnu/pkgconfig:/root/crs_ws_fanuc/install/trajopt_utils/lib/pkgconfig:/root/crs_ws_fanuc/install/osqp/lib/x86_64-linux-gnu/pkgconfig:/root/crs_ws_fanuc/install/osqp/lib/pkgconfig:/root/crs_ws_fanuc/install/iterative_spline_parameterization/lib/x86_64-linux-gnu/pkgconfig:/root/crs_ws_fanuc/install/iterative_spline_parameterization/lib/pkgconfig:/root/crs_ws_fanuc/install/descartes_light/lib/x86_64-linux-gnu/pkgconfig:/root/crs_ws_fanuc/install/descartes_light/lib/pkgconfig PYTHONPATH=/root/crs_ws_fanuc/install/crs_msgs/lib/python3.6/site-packages:/root/crs_ws_fanuc/install/cartesian_trajectory_msgs/lib/python3.6/site-packages:${PYTHONPATH} /usr/bin/cmake --build /root/crs_ws_fanuc/build/crs_gui -- -j8 -l8
[0.151s] [ 58%] Built target crs_gui_widgets
[0.202s] [ 65%] Built target crs_gui_crs_application_demo
[0.204s] [ 72%] Built target crs_gui_state_machine_interface_demo
[0.206s] [ 79%] Built target crs_gui_part_selection_demo
[0.208s] [ 86%] Built target crs_gui_area_selection_demo
[0.215s] [100%] Built target crs_gui_panels
[0.227s] Invoked command in '/root/crs_ws_fanuc/build/crs_gui' returned '0': AMENT_PREFIX_PATH=/root/crs_ws_fanuc/install/crs_motion_planning:/root/crs_ws_fanuc/install/crs_area_selection:/root/crs_ws_fanuc/install/crs_msgs:/root/crs_ws_fanuc/install/cartesian_trajectory_msgs:${AMENT_PREFIX_PATH} CMAKE_PREFIX_PATH=/root/crs_ws_fanuc/install/crs_motion_planning:/root/crs_ws_fanuc/install/ur_ikfast_kinematics:/root/crs_ws_fanuc/install/trajopt:/root/crs_ws_fanuc/install/crs_area_selection:/root/crs_ws_fanuc/install/trajopt_sco:/root/crs_ws_fanuc/install/descartes_samplers:/root/crs_ws_fanuc/install/descartes_ikfast:/root/crs_ws_fanuc/install/crs_msgs:/root/crs_ws_fanuc/install/trajopt_utils:/root/crs_ws_fanuc/install/osqp:/root/crs_ws_fanuc/install/iterative_spline_parameterization:/root/crs_ws_fanuc/install/descartes_light:/root/crs_ws_fanuc/install/cartesian_trajectory_msgs:/opt/qt513/lib/cmake:/opt/ros/eloquent LD_LIBRARY_PATH=/root/crs_ws_fanuc/install/crs_motion_planning/lib:/root/crs_ws_fanuc/install/ur_ikfast_kinematics/lib:/root/crs_ws_fanuc/install/trajopt/lib:/root/crs_ws_fanuc/install/crs_area_selection/lib:/root/crs_ws_fanuc/install/trajopt_sco/lib:/root/crs_ws_fanuc/install/descartes_samplers/lib:/root/crs_ws_fanuc/install/crs_msgs/lib:/root/crs_ws_fanuc/install/trajopt_utils/lib:/root/crs_ws_fanuc/install/osqp/lib:/root/crs_ws_fanuc/install/descartes_light/lib:/root/crs_ws_fanuc/install/cartesian_trajectory_msgs/lib:${LD_LIBRARY_PATH} PATH=/root/crs_ws_fanuc/install/trajopt_sco/bin:${PATH} PKG_CONFIG_PATH=/root/crs_ws_fanuc/install/ur_ikfast_kinematics/lib/x86_64-linux-gnu/pkgconfig:/root/crs_ws_fanuc/install/ur_ikfast_kinematics/lib/pkgconfig:/root/crs_ws_fanuc/install/trajopt/lib/x86_64-linux-gnu/pkgconfig:/root/crs_ws_fanuc/install/trajopt/lib/pkgconfig:/root/crs_ws_fanuc/install/trajopt_sco/lib/x86_64-linux-gnu/pkgconfig:/root/crs_ws_fanuc/install/trajopt_sco/lib/pkgconfig:/root/crs_ws_fanuc/install/descartes_samplers/lib/x86_64-linux-gnu/pkgconfig:/root/crs_ws_fanuc/install/descartes_samplers/lib/pkgconfig:/root/crs_ws_fanuc/install/descartes_ikfast/lib/x86_64-linux-gnu/pkgconfig:/root/crs_ws_fanuc/install/descartes_ikfast/lib/pkgconfig:/root/crs_ws_fanuc/install/trajopt_utils/lib/x86_64-linux-gnu/pkgconfig:/root/crs_ws_fanuc/install/trajopt_utils/lib/pkgconfig:/root/crs_ws_fanuc/install/osqp/lib/x86_64-linux-gnu/pkgconfig:/root/crs_ws_fanuc/install/osqp/lib/pkgconfig:/root/crs_ws_fanuc/install/iterative_spline_parameterization/lib/x86_64-linux-gnu/pkgconfig:/root/crs_ws_fanuc/install/iterative_spline_parameterization/lib/pkgconfig:/root/crs_ws_fanuc/install/descartes_light/lib/x86_64-linux-gnu/pkgconfig:/root/crs_ws_fanuc/install/descartes_light/lib/pkgconfig PYTHONPATH=/root/crs_ws_fanuc/install/crs_msgs/lib/python3.6/site-packages:/root/crs_ws_fanuc/install/cartesian_trajectory_msgs/lib/python3.6/site-packages:${PYTHONPATH} /usr/bin/cmake --build /root/crs_ws_fanuc/build/crs_gui -- -j8 -l8
[0.285s] Invoking command in '/root/crs_ws_fanuc/build/crs_gui': AMENT_PREFIX_PATH=/root/crs_ws_fanuc/install/crs_motion_planning:/root/crs_ws_fanuc/install/crs_area_selection:/root/crs_ws_fanuc/install/crs_msgs:/root/crs_ws_fanuc/install/cartesian_trajectory_msgs:${AMENT_PREFIX_PATH} CMAKE_PREFIX_PATH=/root/crs_ws_fanuc/install/crs_motion_planning:/root/crs_ws_fanuc/install/ur_ikfast_kinematics:/root/crs_ws_fanuc/install/trajopt:/root/crs_ws_fanuc/install/crs_area_selection:/root/crs_ws_fanuc/install/trajopt_sco:/root/crs_ws_fanuc/install/descartes_samplers:/root/crs_ws_fanuc/install/descartes_ikfast:/root/crs_ws_fanuc/install/crs_msgs:/root/crs_ws_fanuc/install/trajopt_utils:/root/crs_ws_fanuc/install/osqp:/root/crs_ws_fanuc/install/iterative_spline_parameterization:/root/crs_ws_fanuc/install/descartes_light:/root/crs_ws_fanuc/install/cartesian_trajectory_msgs:/opt/qt513/lib/cmake:/opt/ros/eloquent LD_LIBRARY_PATH=/root/crs_ws_fanuc/install/crs_motion_planning/lib:/root/crs_ws_fanuc/install/ur_ikfast_kinematics/lib:/root/crs_ws_fanuc/install/trajopt/lib:/root/crs_ws_fanuc/install/crs_area_selection/lib:/root/crs_ws_fanuc/install/trajopt_sco/lib:/root/crs_ws_fanuc/install/descartes_samplers/lib:/root/crs_ws_fanuc/install/crs_msgs/lib:/root/crs_ws_fanuc/install/trajopt_utils/lib:/root/crs_ws_fanuc/install/osqp/lib:/root/crs_ws_fanuc/install/descartes_light/lib:/root/crs_ws_fanuc/install/cartesian_trajectory_msgs/lib:${LD_LIBRARY_PATH} PATH=/root/crs_ws_fanuc/install/trajopt_sco/bin:${PATH} PKG_CONFIG_PATH=/root/crs_ws_fanuc/install/ur_ikfast_kinematics/lib/x86_64-linux-gnu/pkgconfig:/root/crs_ws_fanuc/install/ur_ikfast_kinematics/lib/pkgconfig:/root/crs_ws_fanuc/install/trajopt/lib/x86_64-linux-gnu/pkgconfig:/root/crs_ws_fanuc/install/trajopt/lib/pkgconfig:/root/crs_ws_fanuc/install/trajopt_sco/lib/x86_64-linux-gnu/pkgconfig:/root/crs_ws_fanuc/install/trajopt_sco/lib/pkgconfig:/root/crs_ws_fanuc/install/descartes_samplers/lib/x86_64-linux-gnu/pkgconfig:/root/crs_ws_fanuc/install/descartes_samplers/lib/pkgconfig:/root/crs_ws_fanuc/install/descartes_ikfast/lib/x86_64-linux-gnu/pkgconfig:/root/crs_ws_fanuc/install/descartes_ikfast/lib/pkgconfig:/root/crs_ws_fanuc/install/trajopt_utils/lib/x86_64-linux-gnu/pkgconfig:/root/crs_ws_fanuc/install/trajopt_utils/lib/pkgconfig:/root/crs_ws_fanuc/install/osqp/lib/x86_64-linux-gnu/pkgconfig:/root/crs_ws_fanuc/install/osqp/lib/pkgconfig:/root/crs_ws_fanuc/install/iterative_spline_parameterization/lib/x86_64-linux-gnu/pkgconfig:/root/crs_ws_fanuc/install/iterative_spline_parameterization/lib/pkgconfig:/root/crs_ws_fanuc/install/descartes_light/lib/x86_64-linux-gnu/pkgconfig:/root/crs_ws_fanuc/install/descartes_light/lib/pkgconfig PYTHONPATH=/root/crs_ws_fanuc/install/crs_msgs/lib/python3.6/site-packages:/root/crs_ws_fanuc/install/cartesian_trajectory_msgs/lib/python3.6/site-packages:${PYTHONPATH} /usr/bin/cmake --build /root/crs_ws_fanuc/build/crs_gui --target install -- -j8 -l8
[0.405s] [ 58%] Built target crs_gui_widgets
[0.455s] [ 65%] Built target crs_gui_area_selection_demo
[0.460s] [ 72%] Built target crs_gui_crs_application_demo
[0.461s] [ 79%] Built target crs_gui_part_selection_demo
[0.462s] [ 86%] Built target crs_gui_state_machine_interface_demo
[0.471s] [100%] Built target crs_gui_panels
[0.493s] [36mInstall the project...[0m
[0.503s] -- Install configuration: "Debug"
[0.503s] -- Execute custom install script
[0.504s] -- Up-to-date symlink: /root/crs_ws_fanuc/install/crs_gui/share/crs_gui//launch/area_selection_demo.launch.xml
[0.504s] -- Up-to-date symlink: /root/crs_ws_fanuc/install/crs_gui/share/crs_gui//launch/crs_application_demo.launch.xml
[0.504s] -- Up-to-date symlink: /root/crs_ws_fanuc/install/crs_gui/share/crs_gui//launch/state_machine_interface_demo.launch.xml
[0.505s] -- Up-to-date symlink: /root/crs_ws_fanuc/install/crs_gui/share/crs_gui//config/crs_application_demo.rviz
[0.505s] -- Up-to-date symlink: /root/crs_ws_fanuc/install/crs_gui/share/crs_gui/ui/crs_application.ui
[0.505s] -- Up-to-date symlink: /root/crs_ws_fanuc/install/crs_gui/share/crs_gui/ui/part_selection.ui
[0.506s] -- Up-to-date symlink: /root/crs_ws_fanuc/install/crs_gui/share/crs_gui/ui/polygon_area_selection_widget.ui
[0.506s] -- Up-to-date symlink: /root/crs_ws_fanuc/install/crs_gui/share/crs_gui/ui/state_machine_interface.ui
[0.506s] -- Up-to-date symlink: /root/crs_ws_fanuc/install/crs_gui/share/crs_gui/plugin_description.xml
[0.506s] -- Up-to-date symlink: /root/crs_ws_fanuc/install/crs_gui/share/crs_gui//plugin_description.xml
[0.507s] -- Up-to-date symlink: /root/crs_ws_fanuc/install/crs_gui/share/ament_index/resource_index/package_run_dependencies/crs_gui
[0.507s] -- Up-to-date symlink: /root/crs_ws_fanuc/install/crs_gui/share/ament_index/resource_index/parent_prefix_path/crs_gui
[0.508s] -- Up-to-date symlink: /root/crs_ws_fanuc/install/crs_gui/share/crs_gui/environment/ament_prefix_path.sh
[0.508s] -- Up-to-date symlink: /root/crs_ws_fanuc/install/crs_gui/share/crs_gui/environment/ament_prefix_path.dsv
[0.508s] -- Up-to-date symlink: /root/crs_ws_fanuc/install/crs_gui/share/crs_gui/environment/path.sh
[0.508s] -- Up-to-date symlink: /root/crs_ws_fanuc/install/crs_gui/share/crs_gui/environment/path.dsv
[0.509s] -- Up-to-date symlink: /root/crs_ws_fanuc/install/crs_gui/share/crs_gui/local_setup.bash
[0.509s] -- Up-to-date symlink: /root/crs_ws_fanuc/install/crs_gui/share/crs_gui/local_setup.sh
[0.509s] -- Up-to-date symlink: /root/crs_ws_fanuc/install/crs_gui/share/crs_gui/local_setup.zsh
[0.510s] -- Up-to-date symlink: /root/crs_ws_fanuc/install/crs_gui/share/crs_gui/local_setup.dsv
[0.510s] -- Symlinking: /root/crs_ws_fanuc/install/crs_gui/share/crs_gui/package.dsv
[0.522s] -- Up-to-date symlink: /root/crs_ws_fanuc/install/crs_gui/share/ament_index/resource_index/packages/crs_gui
[0.522s] -- Up-to-date symlink: /root/crs_ws_fanuc/install/crs_gui/share/ament_index/resource_index/rviz_common__pluginlib__plugin/crs_gui
[0.523s] -- Up-to-date symlink: /root/crs_ws_fanuc/install/crs_gui/share/crs_gui/cmake/ament_cmake_export_interfaces-extras.cmake
[0.523s] -- Up-to-date symlink: /root/crs_ws_fanuc/install/crs_gui/share/crs_gui/cmake/ament_cmake_export_dependencies-extras.cmake
[0.523s] -- Up-to-date symlink: /root/crs_ws_fanuc/install/crs_gui/share/crs_gui/cmake/crs_guiConfig.cmake
[0.523s] -- Up-to-date symlink: /root/crs_ws_fanuc/install/crs_gui/share/crs_gui/cmake/crs_guiConfig-version.cmake
[0.524s] -- Up-to-date symlink: /root/crs_ws_fanuc/install/crs_gui/share/crs_gui/package.xml
[0.524s] -- Up-to-date: /root/crs_ws_fanuc/install/crs_gui/lib/libcrs_gui_panels.so
[0.524s] -- Up-to-date: /root/crs_ws_fanuc/install/crs_gui/lib/libcrs_gui_widgets.so
[0.525s] -- Up-to-date: /root/crs_ws_fanuc/install/crs_gui/lib/crs_gui/crs_gui_area_selection_demo
[0.525s] -- Up-to-date: /root/crs_ws_fanuc/install/crs_gui/lib/crs_gui/crs_gui_part_selection_demo
[0.525s] -- Up-to-date: /root/crs_ws_fanuc/install/crs_gui/lib/crs_gui/crs_gui_crs_application_demo
[0.526s] -- Up-to-date: /root/crs_ws_fanuc/install/crs_gui/lib/crs_gui/crs_gui_state_machine_interface_demo
[0.526s] -- Up-to-date: /root/crs_ws_fanuc/install/crs_gui/include
[0.526s] -- Up-to-date: /root/crs_ws_fanuc/install/crs_gui/include/crs_gui
[0.526s] -- Up-to-date: /root/crs_ws_fanuc/install/crs_gui/include/crs_gui/widgets
[0.526s] -- Up-to-date: /root/crs_ws_fanuc/install/crs_gui/include/crs_gui/widgets/polygon_area_selection_widget.h
[0.527s] -- Up-to-date: /root/crs_ws_fanuc/install/crs_gui/include/crs_gui/widgets/part_selection_widget.h
[0.527s] -- Up-to-date: /root/crs_ws_fanuc/install/crs_gui/include/crs_gui/widgets/crs_application_widget.h
[0.527s] -- Up-to-date: /root/crs_ws_fanuc/install/crs_gui/include/crs_gui/widgets/state_machine_interface_widget.h
[0.527s] -- Up-to-date: /root/crs_ws_fanuc/install/crs_gui/include/crs_gui/register_ros_msgs_for_qt.h
[0.527s] -- Up-to-date: /root/crs_ws_fanuc/install/crs_gui/include/crs_gui/application_panel.h
[0.527s] -- Up-to-date: /root/crs_ws_fanuc/install/crs_gui/share/crs_gui/cmake/-targetsExport.cmake
[0.527s] -- Up-to-date: /root/crs_ws_fanuc/install/crs_gui/share/crs_gui/cmake/-targetsExport-debug.cmake
[0.531s] Invoked command in '/root/crs_ws_fanuc/build/crs_gui' returned '0': AMENT_PREFIX_PATH=/root/crs_ws_fanuc/install/crs_motion_planning:/root/crs_ws_fanuc/install/crs_area_selection:/root/crs_ws_fanuc/install/crs_msgs:/root/crs_ws_fanuc/install/cartesian_trajectory_msgs:${AMENT_PREFIX_PATH} CMAKE_PREFIX_PATH=/root/crs_ws_fanuc/install/crs_motion_planning:/root/crs_ws_fanuc/install/ur_ikfast_kinematics:/root/crs_ws_fanuc/install/trajopt:/root/crs_ws_fanuc/install/crs_area_selection:/root/crs_ws_fanuc/install/trajopt_sco:/root/crs_ws_fanuc/install/descartes_samplers:/root/crs_ws_fanuc/install/descartes_ikfast:/root/crs_ws_fanuc/install/crs_msgs:/root/crs_ws_fanuc/install/trajopt_utils:/root/crs_ws_fanuc/install/osqp:/root/crs_ws_fanuc/install/iterative_spline_parameterization:/root/crs_ws_fanuc/install/descartes_light:/root/crs_ws_fanuc/install/cartesian_trajectory_msgs:/opt/qt513/lib/cmake:/opt/ros/eloquent LD_LIBRARY_PATH=/root/crs_ws_fanuc/install/crs_motion_planning/lib:/root/crs_ws_fanuc/install/ur_ikfast_kinematics/lib:/root/crs_ws_fanuc/install/trajopt/lib:/root/crs_ws_fanuc/install/crs_area_selection/lib:/root/crs_ws_fanuc/install/trajopt_sco/lib:/root/crs_ws_fanuc/install/descartes_samplers/lib:/root/crs_ws_fanuc/install/crs_msgs/lib:/root/crs_ws_fanuc/install/trajopt_utils/lib:/root/crs_ws_fanuc/install/osqp/lib:/root/crs_ws_fanuc/install/descartes_light/lib:/root/crs_ws_fanuc/install/cartesian_trajectory_msgs/lib:${LD_LIBRARY_PATH} PATH=/root/crs_ws_fanuc/install/trajopt_sco/bin:${PATH} PKG_CONFIG_PATH=/root/crs_ws_fanuc/install/ur_ikfast_kinematics/lib/x86_64-linux-gnu/pkgconfig:/root/crs_ws_fanuc/install/ur_ikfast_kinematics/lib/pkgconfig:/root/crs_ws_fanuc/install/trajopt/lib/x86_64-linux-gnu/pkgconfig:/root/crs_ws_fanuc/install/trajopt/lib/pkgconfig:/root/crs_ws_fanuc/install/trajopt_sco/lib/x86_64-linux-gnu/pkgconfig:/root/crs_ws_fanuc/install/trajopt_sco/lib/pkgconfig:/root/crs_ws_fanuc/install/descartes_samplers/lib/x86_64-linux-gnu/pkgconfig:/root/crs_ws_fanuc/install/descartes_samplers/lib/pkgconfig:/root/crs_ws_fanuc/install/descartes_ikfast/lib/x86_64-linux-gnu/pkgconfig:/root/crs_ws_fanuc/install/descartes_ikfast/lib/pkgconfig:/root/crs_ws_fanuc/install/trajopt_utils/lib/x86_64-linux-gnu/pkgconfig:/root/crs_ws_fanuc/install/trajopt_utils/lib/pkgconfig:/root/crs_ws_fanuc/install/osqp/lib/x86_64-linux-gnu/pkgconfig:/root/crs_ws_fanuc/install/osqp/lib/pkgconfig:/root/crs_ws_fanuc/install/iterative_spline_parameterization/lib/x86_64-linux-gnu/pkgconfig:/root/crs_ws_fanuc/install/iterative_spline_parameterization/lib/pkgconfig:/root/crs_ws_fanuc/install/descartes_light/lib/x86_64-linux-gnu/pkgconfig:/root/crs_ws_fanuc/install/descartes_light/lib/pkgconfig PYTHONPATH=/root/crs_ws_fanuc/install/crs_msgs/lib/python3.6/site-packages:/root/crs_ws_fanuc/install/cartesian_trajectory_msgs/lib/python3.6/site-packages:${PYTHONPATH} /usr/bin/cmake --build /root/crs_ws_fanuc/build/crs_gui --target install -- -j8 -l8
