[ 33%] Built target region_detector_server
[ 66%] Built target crop_data_server
[100%] Built target interactive_region_selection
[ 33%] Built target region_detector_server
[ 66%] Built target interactive_region_selection
[100%] Built target crop_data_server
[36mInstall the project...[0m
-- Install configuration: ""
-- Execute custom install script
-- Up-to-date symlink: /root/crs_ws_fanuc/install/region_detection_rclcpp/lib/region_detection_rclcpp/interactive_region_selection
-- Up-to-date symlink: /root/crs_ws_fanuc/install/region_detection_rclcpp/lib/region_detection_rclcpp/region_detector_server
-- Up-to-date symlink: /root/crs_ws_fanuc/install/region_detection_rclcpp/lib/region_detection_rclcpp/crop_data_server
-- Up-to-date symlink: /root/crs_ws_fanuc/install/region_detection_rclcpp/share/ament_index/resource_index/package_run_dependencies/region_detection_rclcpp
-- Up-to-date symlink: /root/crs_ws_fanuc/install/region_detection_rclcpp/share/ament_index/resource_index/parent_prefix_path/region_detection_rclcpp
-- Up-to-date symlink: /root/crs_ws_fanuc/install/region_detection_rclcpp/share/region_detection_rclcpp/environment/ament_prefix_path.sh
-- Up-to-date symlink: /root/crs_ws_fanuc/install/region_detection_rclcpp/share/region_detection_rclcpp/environment/ament_prefix_path.dsv
-- Up-to-date symlink: /root/crs_ws_fanuc/install/region_detection_rclcpp/share/region_detection_rclcpp/environment/path.sh
-- Up-to-date symlink: /root/crs_ws_fanuc/install/region_detection_rclcpp/share/region_detection_rclcpp/environment/path.dsv
-- Up-to-date symlink: /root/crs_ws_fanuc/install/region_detection_rclcpp/share/region_detection_rclcpp/local_setup.bash
-- Up-to-date symlink: /root/crs_ws_fanuc/install/region_detection_rclcpp/share/region_detection_rclcpp/local_setup.sh
-- Up-to-date symlink: /root/crs_ws_fanuc/install/region_detection_rclcpp/share/region_detection_rclcpp/local_setup.zsh
-- Up-to-date symlink: /root/crs_ws_fanuc/install/region_detection_rclcpp/share/region_detection_rclcpp/local_setup.dsv
-- Symlinking: /root/crs_ws_fanuc/install/region_detection_rclcpp/share/region_detection_rclcpp/package.dsv
-- Up-to-date symlink: /root/crs_ws_fanuc/install/region_detection_rclcpp/share/ament_index/resource_index/packages/region_detection_rclcpp
-- Up-to-date symlink: /root/crs_ws_fanuc/install/region_detection_rclcpp/share/region_detection_rclcpp/cmake/region_detection_rclcppConfig.cmake
-- Up-to-date symlink: /root/crs_ws_fanuc/install/region_detection_rclcpp/share/region_detection_rclcpp/cmake/region_detection_rclcppConfig-version.cmake
-- Up-to-date symlink: /root/crs_ws_fanuc/install/region_detection_rclcpp/share/region_detection_rclcpp/package.xml
