-- Found ament_cmake: 0.8.3 (/opt/ros/eloquent/share/ament_cmake/cmake)
-- Found PythonInterp: /usr/bin/python3 (found suitable version "3.6.9", minimum required is "3") 
-- Using PYTHON_EXECUTABLE: /usr/bin/python3
-- Override CMake install command with custom implementation using symlinks instead of copying resources
-- Found rosidl_default_generators: 0.8.0 (/opt/ros/eloquent/share/rosidl_default_generators/cmake)
-- Found rosidl_adapter: 0.8.3 (/opt/ros/eloquent/share/rosidl_adapter/cmake)
-- Found builtin_interfaces: 0.8.0 (/opt/ros/eloquent/share/builtin_interfaces/cmake)
-- Found sensor_msgs: 0.8.1 (/opt/ros/eloquent/share/sensor_msgs/cmake)
-- Found trajectory_msgs: 0.8.1 (/opt/ros/eloquent/share/trajectory_msgs/cmake)
-- Found cartesian_trajectory_msgs: 0.0.0 (/root/crs_ws_fanuc/install/cartesian_trajectory_msgs/share/cartesian_trajectory_msgs/cmake)
-- Found PythonInterp: /usr/bin/python3 (found version "3.6.9") 
-- Using single matching rosidl_typesupport_c: rosidl_typesupport_fastrtps_c
-- Using single matching rosidl_typesupport_cpp: rosidl_typesupport_fastrtps_cpp
-- Found rmw_implementation_cmake: 0.8.1 (/opt/ros/eloquent/share/rmw_implementation_cmake/cmake)
-- Found PythonInterp: /usr/bin/python3 (found suitable version "3.6.9", minimum required is "3.5") 
-- Found python_cmake_module: 0.8.0 (/opt/ros/eloquent/share/python_cmake_module/cmake)
-- Using PYTHON_EXECUTABLE: /usr/bin/python3
-- Using PYTHON_INCLUDE_DIRS: /usr/include/python3.6m
-- Using PYTHON_LIBRARIES: /usr/lib/x86_64-linux-gnu/libpython3.6m.so
-- Found ament_lint_auto: 0.8.2 (/opt/ros/eloquent/share/ament_lint_auto/cmake)
-- Added test 'copyright' to check for copyright in CMake / C / C++ / Python code
-- Added test 'cppcheck' to perform static code analysis on C / C++ code
-- Configured cppcheck include dirs: 
-- Added test 'cpplint' to check C / C++ code against the Google style
-- Added test 'flake8' to check Python code syntax and style conventions
-- Added test 'lint_cmake' to check CMake code style
-- Added test 'pep257' to check Python code against some of the style conventions in PEP 257
-- Added test 'uncrustify' to check C / C++ code style
-- Added test 'xmllint' to check XML markup files
-- Configuring done
-- Generating done
-- Build files have been written to: /root/crs_ws_fanuc/build/crs_msgs
[  0%] Built target crs_msgs__cpp
[  1%] Building C object CMakeFiles/crs_msgs__rosidl_generator_c.dir/rosidl_generator_c/crs_msgs/msg/process_configuration__functions.c.o
[  2%] Building C object CMakeFiles/crs_msgs__rosidl_generator_c.dir/rosidl_generator_c/crs_msgs/srv/load_part__functions.c.o
[  2%] Building C object CMakeFiles/crs_msgs__rosidl_generator_c.dir/rosidl_generator_c/crs_msgs/srv/localize_to_part__functions.c.o
[  3%] Building C object CMakeFiles/crs_msgs__rosidl_generator_c.dir/rosidl_generator_c/crs_msgs/srv/execute_action__functions.c.o
[  4%] Building C object CMakeFiles/crs_msgs__rosidl_generator_c.dir/rosidl_generator_c/crs_msgs/srv/get_available_actions__functions.c.o
[  5%] Building C object CMakeFiles/crs_msgs__rosidl_generator_c.dir/rosidl_generator_c/crs_msgs/srv/plan_process_motions__functions.c.o
[  5%] Building C object CMakeFiles/crs_msgs__rosidl_generator_c.dir/rosidl_generator_c/crs_msgs/srv/get_configuration__functions.c.o
[  6%] Building C object CMakeFiles/crs_msgs__rosidl_generator_c.dir/rosidl_generator_c/crs_msgs/srv/robot_positioner__functions.c.o
[  7%] Building C object CMakeFiles/crs_msgs__rosidl_generator_c.dir/rosidl_generator_c/crs_msgs/srv/crop_toolpaths__functions.c.o
[  8%] Building C object CMakeFiles/crs_msgs__rosidl_generator_c.dir/rosidl_generator_c/crs_msgs/srv/run_robot_script__functions.c.o
[  9%] Building C object CMakeFiles/crs_msgs__rosidl_generator_c.dir/rosidl_generator_c/crs_msgs/srv/get_roi_selection__functions.c.o
[ 10%] Building C object CMakeFiles/crs_msgs__rosidl_generator_c.dir/rosidl_generator_c/crs_msgs/srv/call_freespace_motion__functions.c.o
[ 10%] Building C object CMakeFiles/crs_msgs__rosidl_generator_c.dir/rosidl_generator_c/crs_msgs/msg/tool_process_path__functions.c.o
[ 11%] Building C object CMakeFiles/crs_msgs__rosidl_generator_c.dir/rosidl_generator_c/crs_msgs/msg/process_motion_plan__functions.c.o
[ 11%] Linking C shared library libcrs_msgs__rosidl_generator_c.so
[ 12%] Built target crs_msgs__rosidl_generator_c
[ 13%] Building CXX object CMakeFiles/crs_msgs__rosidl_typesupport_introspection_cpp.dir/rosidl_typesupport_introspection_cpp/crs_msgs/msg/process_configuration__type_support.cpp.o
[ 14%] Building CXX object CMakeFiles/crs_msgs__rosidl_typesupport_introspection_cpp.dir/rosidl_typesupport_introspection_cpp/crs_msgs/srv/load_part__type_support.cpp.o
[ 14%] Building CXX object CMakeFiles/crs_msgs__rosidl_typesupport_introspection_cpp.dir/rosidl_typesupport_introspection_cpp/crs_msgs/srv/localize_to_part__type_support.cpp.o
[ 15%] Building CXX object CMakeFiles/crs_msgs__rosidl_typesupport_introspection_cpp.dir/rosidl_typesupport_introspection_cpp/crs_msgs/srv/execute_action__type_support.cpp.o
[ 16%] Building CXX object CMakeFiles/crs_msgs__rosidl_typesupport_introspection_cpp.dir/rosidl_typesupport_introspection_cpp/crs_msgs/srv/get_available_actions__type_support.cpp.o
[ 17%] Building CXX object CMakeFiles/crs_msgs__rosidl_typesupport_introspection_cpp.dir/rosidl_typesupport_introspection_cpp/crs_msgs/srv/plan_process_motions__type_support.cpp.o
[ 17%] Building CXX object CMakeFiles/crs_msgs__rosidl_typesupport_introspection_cpp.dir/rosidl_typesupport_introspection_cpp/crs_msgs/srv/get_configuration__type_support.cpp.o
[ 18%] Building CXX object CMakeFiles/crs_msgs__rosidl_typesupport_introspection_cpp.dir/rosidl_typesupport_introspection_cpp/crs_msgs/srv/robot_positioner__type_support.cpp.o
[ 19%] Building CXX object CMakeFiles/crs_msgs__rosidl_typesupport_introspection_cpp.dir/rosidl_typesupport_introspection_cpp/crs_msgs/srv/crop_toolpaths__type_support.cpp.o
[ 20%] Building CXX object CMakeFiles/crs_msgs__rosidl_typesupport_introspection_cpp.dir/rosidl_typesupport_introspection_cpp/crs_msgs/srv/run_robot_script__type_support.cpp.o
[ 21%] Building CXX object CMakeFiles/crs_msgs__rosidl_typesupport_introspection_cpp.dir/rosidl_typesupport_introspection_cpp/crs_msgs/srv/get_roi_selection__type_support.cpp.o
[ 22%] Building CXX object CMakeFiles/crs_msgs__rosidl_typesupport_introspection_cpp.dir/rosidl_typesupport_introspection_cpp/crs_msgs/srv/call_freespace_motion__type_support.cpp.o
[ 22%] Building CXX object CMakeFiles/crs_msgs__rosidl_typesupport_introspection_cpp.dir/rosidl_typesupport_introspection_cpp/crs_msgs/msg/tool_process_path__type_support.cpp.o
[ 23%] Building CXX object CMakeFiles/crs_msgs__rosidl_typesupport_introspection_cpp.dir/rosidl_typesupport_introspection_cpp/crs_msgs/msg/process_motion_plan__type_support.cpp.o
[ 24%] Linking CXX shared library libcrs_msgs__rosidl_typesupport_introspection_cpp.so
[ 25%] Built target crs_msgs__rosidl_typesupport_introspection_cpp
[ 26%] Building C object CMakeFiles/crs_msgs__rosidl_typesupport_introspection_c.dir/rosidl_typesupport_introspection_c/crs_msgs/msg/process_configuration__type_support.c.o
[ 26%] Building C object CMakeFiles/crs_msgs__rosidl_typesupport_introspection_c.dir/rosidl_typesupport_introspection_c/crs_msgs/srv/localize_to_part__type_support.c.o
[ 27%] Building C object CMakeFiles/crs_msgs__rosidl_typesupport_introspection_c.dir/rosidl_typesupport_introspection_c/crs_msgs/srv/execute_action__type_support.c.o
[ 28%] Building C object CMakeFiles/crs_msgs__rosidl_typesupport_introspection_c.dir/rosidl_typesupport_introspection_c/crs_msgs/srv/get_available_actions__type_support.c.o
[ 29%] Building C object CMakeFiles/crs_msgs__rosidl_typesupport_introspection_c.dir/rosidl_typesupport_introspection_c/crs_msgs/srv/plan_process_motions__type_support.c.o
[ 29%] Building C object CMakeFiles/crs_msgs__rosidl_typesupport_introspection_c.dir/rosidl_typesupport_introspection_c/crs_msgs/srv/get_configuration__type_support.c.o
[ 30%] Building C object CMakeFiles/crs_msgs__rosidl_typesupport_introspection_c.dir/rosidl_typesupport_introspection_c/crs_msgs/srv/robot_positioner__type_support.c.o
[ 31%] Building C object CMakeFiles/crs_msgs__rosidl_typesupport_introspection_c.dir/rosidl_typesupport_introspection_c/crs_msgs/srv/crop_toolpaths__type_support.c.o
[ 32%] Building C object CMakeFiles/crs_msgs__rosidl_typesupport_introspection_c.dir/rosidl_typesupport_introspection_c/crs_msgs/srv/run_robot_script__type_support.c.o
[ 33%] Building C object CMakeFiles/crs_msgs__rosidl_typesupport_introspection_c.dir/rosidl_typesupport_introspection_c/crs_msgs/srv/load_part__type_support.c.o
[ 34%] Building C object CMakeFiles/crs_msgs__rosidl_typesupport_introspection_c.dir/rosidl_typesupport_introspection_c/crs_msgs/srv/get_roi_selection__type_support.c.o
[ 35%] Building C object CMakeFiles/crs_msgs__rosidl_typesupport_introspection_c.dir/rosidl_typesupport_introspection_c/crs_msgs/srv/call_freespace_motion__type_support.c.o
[ 35%] Building C object CMakeFiles/crs_msgs__rosidl_typesupport_introspection_c.dir/rosidl_typesupport_introspection_c/crs_msgs/msg/tool_process_path__type_support.c.o
[ 36%] Building C object CMakeFiles/crs_msgs__rosidl_typesupport_introspection_c.dir/rosidl_typesupport_introspection_c/crs_msgs/msg/process_motion_plan__type_support.c.o
[ 36%] Linking C shared library libcrs_msgs__rosidl_typesupport_introspection_c.so
[ 37%] Built target crs_msgs__rosidl_typesupport_introspection_c
[ 38%] Building CXX object CMakeFiles/crs_msgs__rosidl_typesupport_fastrtps_cpp.dir/rosidl_typesupport_fastrtps_cpp/crs_msgs/msg/dds_fastrtps/process_configuration__type_support.cpp.o
[ 39%] Building CXX object CMakeFiles/crs_msgs__rosidl_typesupport_fastrtps_cpp.dir/rosidl_typesupport_fastrtps_cpp/crs_msgs/srv/dds_fastrtps/execute_action__type_support.cpp.o
[ 40%] Building CXX object CMakeFiles/crs_msgs__rosidl_typesupport_fastrtps_cpp.dir/rosidl_typesupport_fastrtps_cpp/crs_msgs/srv/dds_fastrtps/get_available_actions__type_support.cpp.o
[ 41%] Building CXX object CMakeFiles/crs_msgs__rosidl_typesupport_fastrtps_cpp.dir/rosidl_typesupport_fastrtps_cpp/crs_msgs/srv/dds_fastrtps/plan_process_motions__type_support.cpp.o
[ 41%] Building CXX object CMakeFiles/crs_msgs__rosidl_typesupport_fastrtps_cpp.dir/rosidl_typesupport_fastrtps_cpp/crs_msgs/srv/dds_fastrtps/get_configuration__type_support.cpp.o
[ 42%] Building CXX object CMakeFiles/crs_msgs__rosidl_typesupport_fastrtps_cpp.dir/rosidl_typesupport_fastrtps_cpp/crs_msgs/srv/dds_fastrtps/robot_positioner__type_support.cpp.o
[ 43%] Building CXX object CMakeFiles/crs_msgs__rosidl_typesupport_fastrtps_cpp.dir/rosidl_typesupport_fastrtps_cpp/crs_msgs/srv/dds_fastrtps/crop_toolpaths__type_support.cpp.o
[ 44%] Building CXX object CMakeFiles/crs_msgs__rosidl_typesupport_fastrtps_cpp.dir/rosidl_typesupport_fastrtps_cpp/crs_msgs/srv/dds_fastrtps/run_robot_script__type_support.cpp.o
[ 44%] Building CXX object CMakeFiles/crs_msgs__rosidl_typesupport_fastrtps_cpp.dir/rosidl_typesupport_fastrtps_cpp/crs_msgs/srv/dds_fastrtps/localize_to_part__type_support.cpp.o
[ 45%] Building CXX object CMakeFiles/crs_msgs__rosidl_typesupport_fastrtps_cpp.dir/rosidl_typesupport_fastrtps_cpp/crs_msgs/srv/dds_fastrtps/load_part__type_support.cpp.o
[ 46%] Building CXX object CMakeFiles/crs_msgs__rosidl_typesupport_fastrtps_cpp.dir/rosidl_typesupport_fastrtps_cpp/crs_msgs/srv/dds_fastrtps/get_roi_selection__type_support.cpp.o
[ 47%] Building CXX object CMakeFiles/crs_msgs__rosidl_typesupport_fastrtps_cpp.dir/rosidl_typesupport_fastrtps_cpp/crs_msgs/srv/dds_fastrtps/call_freespace_motion__type_support.cpp.o
[ 47%] Building CXX object CMakeFiles/crs_msgs__rosidl_typesupport_fastrtps_cpp.dir/rosidl_typesupport_fastrtps_cpp/crs_msgs/msg/dds_fastrtps/tool_process_path__type_support.cpp.o
[ 48%] Building CXX object CMakeFiles/crs_msgs__rosidl_typesupport_fastrtps_cpp.dir/rosidl_typesupport_fastrtps_cpp/crs_msgs/msg/dds_fastrtps/process_motion_plan__type_support.cpp.o
[ 48%] Linking CXX shared library libcrs_msgs__rosidl_typesupport_fastrtps_cpp.so
[ 49%] Built target crs_msgs__rosidl_typesupport_fastrtps_cpp
[ 49%] Building CXX object CMakeFiles/crs_msgs__rosidl_typesupport_fastrtps_c.dir/rosidl_typesupport_fastrtps_c/crs_msgs/msg/process_configuration__type_support_c.cpp.o
[ 50%] Building CXX object CMakeFiles/crs_msgs__rosidl_typesupport_fastrtps_c.dir/rosidl_typesupport_fastrtps_c/crs_msgs/srv/localize_to_part__type_support_c.cpp.o
[ 51%] Building CXX object CMakeFiles/crs_msgs__rosidl_typesupport_fastrtps_c.dir/rosidl_typesupport_fastrtps_c/crs_msgs/srv/execute_action__type_support_c.cpp.o
[ 51%] Building CXX object CMakeFiles/crs_msgs__rosidl_typesupport_fastrtps_c.dir/rosidl_typesupport_fastrtps_c/crs_msgs/srv/get_available_actions__type_support_c.cpp.o
[ 52%] Building CXX object CMakeFiles/crs_msgs__rosidl_typesupport_fastrtps_c.dir/rosidl_typesupport_fastrtps_c/crs_msgs/srv/plan_process_motions__type_support_c.cpp.o
[ 53%] Building CXX object CMakeFiles/crs_msgs__rosidl_typesupport_fastrtps_c.dir/rosidl_typesupport_fastrtps_c/crs_msgs/srv/get_configuration__type_support_c.cpp.o
[ 54%] Building CXX object CMakeFiles/crs_msgs__rosidl_typesupport_fastrtps_c.dir/rosidl_typesupport_fastrtps_c/crs_msgs/srv/robot_positioner__type_support_c.cpp.o
[ 54%] Building CXX object CMakeFiles/crs_msgs__rosidl_typesupport_fastrtps_c.dir/rosidl_typesupport_fastrtps_c/crs_msgs/srv/crop_toolpaths__type_support_c.cpp.o
[ 55%] Building CXX object CMakeFiles/crs_msgs__rosidl_typesupport_fastrtps_c.dir/rosidl_typesupport_fastrtps_c/crs_msgs/srv/run_robot_script__type_support_c.cpp.o
[ 56%] Building CXX object CMakeFiles/crs_msgs__rosidl_typesupport_fastrtps_c.dir/rosidl_typesupport_fastrtps_c/crs_msgs/srv/load_part__type_support_c.cpp.o
[ 56%] Building CXX object CMakeFiles/crs_msgs__rosidl_typesupport_fastrtps_c.dir/rosidl_typesupport_fastrtps_c/crs_msgs/srv/get_roi_selection__type_support_c.cpp.o
[ 57%] Building CXX object CMakeFiles/crs_msgs__rosidl_typesupport_fastrtps_c.dir/rosidl_typesupport_fastrtps_c/crs_msgs/srv/call_freespace_motion__type_support_c.cpp.o
[ 58%] Building CXX object CMakeFiles/crs_msgs__rosidl_typesupport_fastrtps_c.dir/rosidl_typesupport_fastrtps_c/crs_msgs/msg/tool_process_path__type_support_c.cpp.o
[ 59%] Building CXX object CMakeFiles/crs_msgs__rosidl_typesupport_fastrtps_c.dir/rosidl_typesupport_fastrtps_c/crs_msgs/msg/process_motion_plan__type_support_c.cpp.o
[ 60%] Linking CXX shared library libcrs_msgs__rosidl_typesupport_fastrtps_c.so
[ 61%] Built target crs_msgs__rosidl_typesupport_fastrtps_c
[ 61%] Building CXX object CMakeFiles/crs_msgs__rosidl_typesupport_cpp.dir/rosidl_typesupport_cpp/crs_msgs/msg/process_configuration__type_support.cpp.o
[ 62%] Building CXX object CMakeFiles/crs_msgs__rosidl_typesupport_cpp.dir/rosidl_typesupport_cpp/crs_msgs/srv/localize_to_part__type_support.cpp.o
[ 63%] Building CXX object CMakeFiles/crs_msgs__rosidl_typesupport_cpp.dir/rosidl_typesupport_cpp/crs_msgs/srv/execute_action__type_support.cpp.o
[ 63%] Building CXX object CMakeFiles/crs_msgs__rosidl_typesupport_cpp.dir/rosidl_typesupport_cpp/crs_msgs/srv/get_available_actions__type_support.cpp.o
[ 64%] Building CXX object CMakeFiles/crs_msgs__rosidl_typesupport_cpp.dir/rosidl_typesupport_cpp/crs_msgs/srv/plan_process_motions__type_support.cpp.o
[ 65%] Building CXX object CMakeFiles/crs_msgs__rosidl_typesupport_cpp.dir/rosidl_typesupport_cpp/crs_msgs/srv/get_configuration__type_support.cpp.o
[ 66%] Building CXX object CMakeFiles/crs_msgs__rosidl_typesupport_cpp.dir/rosidl_typesupport_cpp/crs_msgs/srv/robot_positioner__type_support.cpp.o
[ 66%] Building CXX object CMakeFiles/crs_msgs__rosidl_typesupport_cpp.dir/rosidl_typesupport_cpp/crs_msgs/srv/crop_toolpaths__type_support.cpp.o
[ 67%] Building CXX object CMakeFiles/crs_msgs__rosidl_typesupport_cpp.dir/rosidl_typesupport_cpp/crs_msgs/srv/run_robot_script__type_support.cpp.o
[ 68%] Building CXX object CMakeFiles/crs_msgs__rosidl_typesupport_cpp.dir/rosidl_typesupport_cpp/crs_msgs/srv/load_part__type_support.cpp.o
[ 68%] Building CXX object CMakeFiles/crs_msgs__rosidl_typesupport_cpp.dir/rosidl_typesupport_cpp/crs_msgs/srv/get_roi_selection__type_support.cpp.o
[ 69%] Building CXX object CMakeFiles/crs_msgs__rosidl_typesupport_cpp.dir/rosidl_typesupport_cpp/crs_msgs/srv/call_freespace_motion__type_support.cpp.o
[ 70%] Building CXX object CMakeFiles/crs_msgs__rosidl_typesupport_cpp.dir/rosidl_typesupport_cpp/crs_msgs/msg/tool_process_path__type_support.cpp.o
[ 71%] Building CXX object CMakeFiles/crs_msgs__rosidl_typesupport_cpp.dir/rosidl_typesupport_cpp/crs_msgs/msg/process_motion_plan__type_support.cpp.o
[ 72%] Linking CXX shared library libcrs_msgs__rosidl_typesupport_cpp.so
[ 73%] Built target crs_msgs__rosidl_typesupport_cpp
[ 74%] Building CXX object CMakeFiles/crs_msgs__rosidl_typesupport_c.dir/rosidl_typesupport_c/crs_msgs/msg/process_configuration__type_support.cpp.o
[ 75%] Building CXX object CMakeFiles/crs_msgs__rosidl_typesupport_c.dir/rosidl_typesupport_c/crs_msgs/srv/execute_action__type_support.cpp.o
[ 76%] Building CXX object CMakeFiles/crs_msgs__rosidl_typesupport_c.dir/rosidl_typesupport_c/crs_msgs/srv/get_available_actions__type_support.cpp.o
[ 77%] Building CXX object CMakeFiles/crs_msgs__rosidl_typesupport_c.dir/rosidl_typesupport_c/crs_msgs/srv/plan_process_motions__type_support.cpp.o
[ 77%] Building CXX object CMakeFiles/crs_msgs__rosidl_typesupport_c.dir/rosidl_typesupport_c/crs_msgs/srv/get_configuration__type_support.cpp.o
[ 78%] Building CXX object CMakeFiles/crs_msgs__rosidl_typesupport_c.dir/rosidl_typesupport_c/crs_msgs/srv/robot_positioner__type_support.cpp.o
[ 79%] Building CXX object CMakeFiles/crs_msgs__rosidl_typesupport_c.dir/rosidl_typesupport_c/crs_msgs/srv/crop_toolpaths__type_support.cpp.o
[ 80%] Building CXX object CMakeFiles/crs_msgs__rosidl_typesupport_c.dir/rosidl_typesupport_c/crs_msgs/srv/run_robot_script__type_support.cpp.o
[ 80%] Building CXX object CMakeFiles/crs_msgs__rosidl_typesupport_c.dir/rosidl_typesupport_c/crs_msgs/srv/localize_to_part__type_support.cpp.o
[ 81%] Building CXX object CMakeFiles/crs_msgs__rosidl_typesupport_c.dir/rosidl_typesupport_c/crs_msgs/srv/load_part__type_support.cpp.o
[ 82%] Building CXX object CMakeFiles/crs_msgs__rosidl_typesupport_c.dir/rosidl_typesupport_c/crs_msgs/srv/get_roi_selection__type_support.cpp.o
[ 83%] Building CXX object CMakeFiles/crs_msgs__rosidl_typesupport_c.dir/rosidl_typesupport_c/crs_msgs/srv/call_freespace_motion__type_support.cpp.o
[ 83%] Building CXX object CMakeFiles/crs_msgs__rosidl_typesupport_c.dir/rosidl_typesupport_c/crs_msgs/msg/tool_process_path__type_support.cpp.o
[ 84%] Building CXX object CMakeFiles/crs_msgs__rosidl_typesupport_c.dir/rosidl_typesupport_c/crs_msgs/msg/process_motion_plan__type_support.cpp.o
[ 84%] Linking CXX shared library libcrs_msgs__rosidl_typesupport_c.so
[ 85%] Built target crs_msgs__rosidl_typesupport_c
[ 85%] Built target crs_msgs
[ 86%] Built target crs_msgs__py
[ 87%] Building C object CMakeFiles/crs_msgs__python.dir/rosidl_generator_py/crs_msgs/msg/_process_configuration_s.c.o
[ 88%] Building C object CMakeFiles/crs_msgs__python.dir/rosidl_generator_py/crs_msgs/srv/_execute_action_s.c.o
[ 89%] Building C object CMakeFiles/crs_msgs__python.dir/rosidl_generator_py/crs_msgs/srv/_get_available_actions_s.c.o
[ 90%] Building C object CMakeFiles/crs_msgs__python.dir/rosidl_generator_py/crs_msgs/srv/_plan_process_motions_s.c.o
[ 90%] Building C object CMakeFiles/crs_msgs__python.dir/rosidl_generator_py/crs_msgs/srv/_get_configuration_s.c.o
[ 91%] Building C object CMakeFiles/crs_msgs__python.dir/rosidl_generator_py/crs_msgs/srv/_robot_positioner_s.c.o
[ 92%] Building C object CMakeFiles/crs_msgs__python.dir/rosidl_generator_py/crs_msgs/srv/_crop_toolpaths_s.c.o
[ 93%] Building C object CMakeFiles/crs_msgs__python.dir/rosidl_generator_py/crs_msgs/srv/_run_robot_script_s.c.o
[ 93%] Building C object CMakeFiles/crs_msgs__python.dir/rosidl_generator_py/crs_msgs/srv/_localize_to_part_s.c.o
[ 94%] Building C object CMakeFiles/crs_msgs__python.dir/rosidl_generator_py/crs_msgs/srv/_load_part_s.c.o
[ 95%] Building C object CMakeFiles/crs_msgs__python.dir/rosidl_generator_py/crs_msgs/srv/_get_roi_selection_s.c.o
[ 96%] Building C object CMakeFiles/crs_msgs__python.dir/rosidl_generator_py/crs_msgs/srv/_call_freespace_motion_s.c.o
[ 96%] Building C object CMakeFiles/crs_msgs__python.dir/rosidl_generator_py/crs_msgs/msg/_tool_process_path_s.c.o
[ 97%] Building C object CMakeFiles/crs_msgs__python.dir/rosidl_generator_py/crs_msgs/msg/_process_motion_plan_s.c.o
[ 97%] Linking CXX shared library rosidl_generator_py/crs_msgs/libcrs_msgs__python.so
[ 97%] Built target crs_msgs__python
[ 98%] Building C object CMakeFiles/crs_msgs__rosidl_typesupport_c__pyext.dir/rosidl_generator_py/crs_msgs/_crs_msgs_s.ep.rosidl_typesupport_c.c.o
[ 99%] Building C object CMakeFiles/crs_msgs__rosidl_typesupport_fastrtps_c__pyext.dir/rosidl_generator_py/crs_msgs/_crs_msgs_s.ep.rosidl_typesupport_fastrtps_c.c.o
[ 99%] Linking CXX shared library rosidl_generator_py/crs_msgs/crs_msgs_s__rosidl_typesupport_fastrtps_c.cpython-36m-x86_64-linux-gnu.so
[100%] Linking CXX shared library rosidl_generator_py/crs_msgs/crs_msgs_s__rosidl_typesupport_c.cpython-36m-x86_64-linux-gnu.so
[100%] Built target crs_msgs__rosidl_typesupport_fastrtps_c__pyext
[100%] Built target crs_msgs__rosidl_typesupport_c__pyext
[  0%] Built target crs_msgs__cpp
[ 12%] Built target crs_msgs__rosidl_generator_c
[ 25%] Built target crs_msgs__rosidl_typesupport_introspection_cpp
[ 37%] Built target crs_msgs__rosidl_typesupport_fastrtps_cpp
[ 49%] Built target crs_msgs__rosidl_typesupport_introspection_c
[ 61%] Built target crs_msgs__rosidl_typesupport_fastrtps_c
[ 73%] Built target crs_msgs__rosidl_typesupport_cpp
[ 85%] Built target crs_msgs__rosidl_typesupport_c
[ 85%] Built target crs_msgs
[ 86%] Built target crs_msgs__py
[ 97%] Built target crs_msgs__python
[ 98%] Built target crs_msgs__rosidl_typesupport_fastrtps_c__pyext
[100%] Built target crs_msgs__rosidl_typesupport_c__pyext
Install the project...
-- Install configuration: "Debug"
-- Execute custom install script
-- Up-to-date symlink: /root/crs_ws_fanuc/install/crs_msgs/share/ament_index/resource_index/rosidl_interfaces/crs_msgs
-- Up-to-date symlink: /root/crs_ws_fanuc/install/crs_msgs/lib/libcrs_msgs__rosidl_typesupport_c.so
-- Up-to-date symlink: /root/crs_ws_fanuc/install/crs_msgs/share/crs_msgs/environment/library_path.sh
-- Up-to-date symlink: /root/crs_ws_fanuc/install/crs_msgs/share/crs_msgs/environment/library_path.dsv
-- Up-to-date symlink: /root/crs_ws_fanuc/install/crs_msgs/lib/libcrs_msgs__rosidl_typesupport_cpp.so
-- Up-to-date symlink: /root/crs_ws_fanuc/install/crs_msgs/include/crs_msgs/msg/process_configuration__rosidl_typesupport_fastrtps_c.h
-- Up-to-date symlink: /root/crs_ws_fanuc/install/crs_msgs/include/crs_msgs/msg/process_motion_plan__rosidl_typesupport_fastrtps_c.h
-- Up-to-date symlink: /root/crs_ws_fanuc/install/crs_msgs/include/crs_msgs/msg/rosidl_typesupport_fastrtps_c__visibility_control.h
-- Up-to-date symlink: /root/crs_ws_fanuc/install/crs_msgs/include/crs_msgs/msg/tool_process_path__rosidl_typesupport_fastrtps_c.h
-- Up-to-date symlink: /root/crs_ws_fanuc/install/crs_msgs/include/crs_msgs/srv/call_freespace_motion__rosidl_typesupport_fastrtps_c.h
-- Up-to-date symlink: /root/crs_ws_fanuc/install/crs_msgs/include/crs_msgs/srv/crop_toolpaths__rosidl_typesupport_fastrtps_c.h
-- Up-to-date symlink: /root/crs_ws_fanuc/install/crs_msgs/include/crs_msgs/srv/execute_action__rosidl_typesupport_fastrtps_c.h
-- Up-to-date symlink: /root/crs_ws_fanuc/install/crs_msgs/include/crs_msgs/srv/get_available_actions__rosidl_typesupport_fastrtps_c.h
-- Up-to-date symlink: /root/crs_ws_fanuc/install/crs_msgs/include/crs_msgs/srv/get_configuration__rosidl_typesupport_fastrtps_c.h
-- Up-to-date symlink: /root/crs_ws_fanuc/install/crs_msgs/include/crs_msgs/srv/get_roi_selection__rosidl_typesupport_fastrtps_c.h
-- Up-to-date symlink: /root/crs_ws_fanuc/install/crs_msgs/include/crs_msgs/srv/load_part__rosidl_typesupport_fastrtps_c.h
-- Up-to-date symlink: /root/crs_ws_fanuc/install/crs_msgs/include/crs_msgs/srv/localize_to_part__rosidl_typesupport_fastrtps_c.h
-- Up-to-date symlink: /root/crs_ws_fanuc/install/crs_msgs/include/crs_msgs/srv/plan_process_motions__rosidl_typesupport_fastrtps_c.h
-- Up-to-date symlink: /root/crs_ws_fanuc/install/crs_msgs/include/crs_msgs/srv/robot_positioner__rosidl_typesupport_fastrtps_c.h
-- Up-to-date symlink: /root/crs_ws_fanuc/install/crs_msgs/include/crs_msgs/srv/run_robot_script__rosidl_typesupport_fastrtps_c.h
-- Up-to-date symlink: /root/crs_ws_fanuc/install/crs_msgs/lib/libcrs_msgs__rosidl_typesupport_fastrtps_c.so
-- Up-to-date symlink: /root/crs_ws_fanuc/install/crs_msgs/include/crs_msgs/msg/process_configuration.h
-- Up-to-date symlink: /root/crs_ws_fanuc/install/crs_msgs/include/crs_msgs/msg/process_configuration__functions.h
-- Up-to-date symlink: /root/crs_ws_fanuc/install/crs_msgs/include/crs_msgs/msg/process_configuration__struct.h
-- Up-to-date symlink: /root/crs_ws_fanuc/install/crs_msgs/include/crs_msgs/msg/process_configuration__type_support.h
-- Up-to-date symlink: /root/crs_ws_fanuc/install/crs_msgs/include/crs_msgs/msg/process_motion_plan.h
-- Up-to-date symlink: /root/crs_ws_fanuc/install/crs_msgs/include/crs_msgs/msg/process_motion_plan__functions.h
-- Up-to-date symlink: /root/crs_ws_fanuc/install/crs_msgs/include/crs_msgs/msg/process_motion_plan__struct.h
-- Up-to-date symlink: /root/crs_ws_fanuc/install/crs_msgs/include/crs_msgs/msg/process_motion_plan__type_support.h
-- Up-to-date symlink: /root/crs_ws_fanuc/install/crs_msgs/include/crs_msgs/msg/rosidl_generator_c__visibility_control.h
-- Up-to-date symlink: /root/crs_ws_fanuc/install/crs_msgs/include/crs_msgs/msg/tool_process_path.h
-- Up-to-date symlink: /root/crs_ws_fanuc/install/crs_msgs/include/crs_msgs/msg/tool_process_path__functions.h
-- Up-to-date symlink: /root/crs_ws_fanuc/install/crs_msgs/include/crs_msgs/msg/tool_process_path__struct.h
-- Up-to-date symlink: /root/crs_ws_fanuc/install/crs_msgs/include/crs_msgs/msg/tool_process_path__type_support.h
-- Up-to-date symlink: /root/crs_ws_fanuc/install/crs_msgs/include/crs_msgs/srv/call_freespace_motion.h
-- Up-to-date symlink: /root/crs_ws_fanuc/install/crs_msgs/include/crs_msgs/srv/call_freespace_motion__functions.h
-- Up-to-date symlink: /root/crs_ws_fanuc/install/crs_msgs/include/crs_msgs/srv/call_freespace_motion__struct.h
-- Up-to-date symlink: /root/crs_ws_fanuc/install/crs_msgs/include/crs_msgs/srv/call_freespace_motion__type_support.h
-- Up-to-date symlink: /root/crs_ws_fanuc/install/crs_msgs/include/crs_msgs/srv/crop_toolpaths.h
-- Up-to-date symlink: /root/crs_ws_fanuc/install/crs_msgs/include/crs_msgs/srv/crop_toolpaths__functions.h
-- Up-to-date symlink: /root/crs_ws_fanuc/install/crs_msgs/include/crs_msgs/srv/crop_toolpaths__struct.h
-- Up-to-date symlink: /root/crs_ws_fanuc/install/crs_msgs/include/crs_msgs/srv/crop_toolpaths__type_support.h
-- Up-to-date symlink: /root/crs_ws_fanuc/install/crs_msgs/include/crs_msgs/srv/execute_action.h
-- Up-to-date symlink: /root/crs_ws_fanuc/install/crs_msgs/include/crs_msgs/srv/execute_action__functions.h
-- Up-to-date symlink: /root/crs_ws_fanuc/install/crs_msgs/include/crs_msgs/srv/execute_action__struct.h
-- Up-to-date symlink: /root/crs_ws_fanuc/install/crs_msgs/include/crs_msgs/srv/execute_action__type_support.h
-- Up-to-date symlink: /root/crs_ws_fanuc/install/crs_msgs/include/crs_msgs/srv/get_available_actions.h
-- Up-to-date symlink: /root/crs_ws_fanuc/install/crs_msgs/include/crs_msgs/srv/get_available_actions__functions.h
-- Up-to-date symlink: /root/crs_ws_fanuc/install/crs_msgs/include/crs_msgs/srv/get_available_actions__struct.h
-- Up-to-date symlink: /root/crs_ws_fanuc/install/crs_msgs/include/crs_msgs/srv/get_available_actions__type_support.h
-- Up-to-date symlink: /root/crs_ws_fanuc/install/crs_msgs/include/crs_msgs/srv/get_configuration.h
-- Up-to-date symlink: /root/crs_ws_fanuc/install/crs_msgs/include/crs_msgs/srv/get_configuration__functions.h
-- Up-to-date symlink: /root/crs_ws_fanuc/install/crs_msgs/include/crs_msgs/srv/get_configuration__struct.h
-- Up-to-date symlink: /root/crs_ws_fanuc/install/crs_msgs/include/crs_msgs/srv/get_configuration__type_support.h
-- Up-to-date symlink: /root/crs_ws_fanuc/install/crs_msgs/include/crs_msgs/srv/get_roi_selection.h
-- Up-to-date symlink: /root/crs_ws_fanuc/install/crs_msgs/include/crs_msgs/srv/get_roi_selection__functions.h
-- Up-to-date symlink: /root/crs_ws_fanuc/install/crs_msgs/include/crs_msgs/srv/get_roi_selection__struct.h
-- Up-to-date symlink: /root/crs_ws_fanuc/install/crs_msgs/include/crs_msgs/srv/get_roi_selection__type_support.h
-- Up-to-date symlink: /root/crs_ws_fanuc/install/crs_msgs/include/crs_msgs/srv/load_part.h
-- Up-to-date symlink: /root/crs_ws_fanuc/install/crs_msgs/include/crs_msgs/srv/load_part__functions.h
-- Up-to-date symlink: /root/crs_ws_fanuc/install/crs_msgs/include/crs_msgs/srv/load_part__struct.h
-- Up-to-date symlink: /root/crs_ws_fanuc/install/crs_msgs/include/crs_msgs/srv/load_part__type_support.h
-- Up-to-date symlink: /root/crs_ws_fanuc/install/crs_msgs/include/crs_msgs/srv/localize_to_part.h
-- Up-to-date symlink: /root/crs_ws_fanuc/install/crs_msgs/include/crs_msgs/srv/localize_to_part__functions.h
-- Up-to-date symlink: /root/crs_ws_fanuc/install/crs_msgs/include/crs_msgs/srv/localize_to_part__struct.h
-- Up-to-date symlink: /root/crs_ws_fanuc/install/crs_msgs/include/crs_msgs/srv/localize_to_part__type_support.h
-- Up-to-date symlink: /root/crs_ws_fanuc/install/crs_msgs/include/crs_msgs/srv/plan_process_motions.h
-- Up-to-date symlink: /root/crs_ws_fanuc/install/crs_msgs/include/crs_msgs/srv/plan_process_motions__functions.h
-- Up-to-date symlink: /root/crs_ws_fanuc/install/crs_msgs/include/crs_msgs/srv/plan_process_motions__struct.h
-- Up-to-date symlink: /root/crs_ws_fanuc/install/crs_msgs/include/crs_msgs/srv/plan_process_motions__type_support.h
-- Up-to-date symlink: /root/crs_ws_fanuc/install/crs_msgs/include/crs_msgs/srv/robot_positioner.h
-- Up-to-date symlink: /root/crs_ws_fanuc/install/crs_msgs/include/crs_msgs/srv/robot_positioner__functions.h
-- Up-to-date symlink: /root/crs_ws_fanuc/install/crs_msgs/include/crs_msgs/srv/robot_positioner__struct.h
-- Up-to-date symlink: /root/crs_ws_fanuc/install/crs_msgs/include/crs_msgs/srv/robot_positioner__type_support.h
-- Up-to-date symlink: /root/crs_ws_fanuc/install/crs_msgs/include/crs_msgs/srv/run_robot_script.h
-- Up-to-date symlink: /root/crs_ws_fanuc/install/crs_msgs/include/crs_msgs/srv/run_robot_script__functions.h
-- Up-to-date symlink: /root/crs_ws_fanuc/install/crs_msgs/include/crs_msgs/srv/run_robot_script__struct.h
-- Up-to-date symlink: /root/crs_ws_fanuc/install/crs_msgs/include/crs_msgs/srv/run_robot_script__type_support.h
-- Up-to-date symlink: /root/crs_ws_fanuc/install/crs_msgs/lib/libcrs_msgs__rosidl_generator_c.so
-- Up-to-date symlink: /root/crs_ws_fanuc/install/crs_msgs/include/crs_msgs/msg/process_configuration__rosidl_typesupport_fastrtps_cpp.hpp
-- Up-to-date symlink: /root/crs_ws_fanuc/install/crs_msgs/include/crs_msgs/msg/process_motion_plan__rosidl_typesupport_fastrtps_cpp.hpp
-- Up-to-date symlink: /root/crs_ws_fanuc/install/crs_msgs/include/crs_msgs/msg/rosidl_typesupport_fastrtps_cpp__visibility_control.h
-- Up-to-date symlink: /root/crs_ws_fanuc/install/crs_msgs/include/crs_msgs/msg/tool_process_path__rosidl_typesupport_fastrtps_cpp.hpp
-- Up-to-date symlink: /root/crs_ws_fanuc/install/crs_msgs/include/crs_msgs/srv/call_freespace_motion__rosidl_typesupport_fastrtps_cpp.hpp
-- Up-to-date symlink: /root/crs_ws_fanuc/install/crs_msgs/include/crs_msgs/srv/crop_toolpaths__rosidl_typesupport_fastrtps_cpp.hpp
-- Up-to-date symlink: /root/crs_ws_fanuc/install/crs_msgs/include/crs_msgs/srv/execute_action__rosidl_typesupport_fastrtps_cpp.hpp
-- Up-to-date symlink: /root/crs_ws_fanuc/install/crs_msgs/include/crs_msgs/srv/get_available_actions__rosidl_typesupport_fastrtps_cpp.hpp
-- Up-to-date symlink: /root/crs_ws_fanuc/install/crs_msgs/include/crs_msgs/srv/get_configuration__rosidl_typesupport_fastrtps_cpp.hpp
-- Up-to-date symlink: /root/crs_ws_fanuc/install/crs_msgs/include/crs_msgs/srv/get_roi_selection__rosidl_typesupport_fastrtps_cpp.hpp
-- Up-to-date symlink: /root/crs_ws_fanuc/install/crs_msgs/include/crs_msgs/srv/load_part__rosidl_typesupport_fastrtps_cpp.hpp
-- Up-to-date symlink: /root/crs_ws_fanuc/install/crs_msgs/include/crs_msgs/srv/localize_to_part__rosidl_typesupport_fastrtps_cpp.hpp
-- Up-to-date symlink: /root/crs_ws_fanuc/install/crs_msgs/include/crs_msgs/srv/plan_process_motions__rosidl_typesupport_fastrtps_cpp.hpp
-- Up-to-date symlink: /root/crs_ws_fanuc/install/crs_msgs/include/crs_msgs/srv/robot_positioner__rosidl_typesupport_fastrtps_cpp.hpp
-- Up-to-date symlink: /root/crs_ws_fanuc/install/crs_msgs/include/crs_msgs/srv/run_robot_script__rosidl_typesupport_fastrtps_cpp.hpp
-- Up-to-date symlink: /root/crs_ws_fanuc/install/crs_msgs/lib/libcrs_msgs__rosidl_typesupport_fastrtps_cpp.so
-- Up-to-date symlink: /root/crs_ws_fanuc/install/crs_msgs/include/crs_msgs/msg/process_configuration.hpp
-- Up-to-date symlink: /root/crs_ws_fanuc/install/crs_msgs/include/crs_msgs/msg/process_configuration__struct.hpp
-- Up-to-date symlink: /root/crs_ws_fanuc/install/crs_msgs/include/crs_msgs/msg/process_configuration__traits.hpp
-- Up-to-date symlink: /root/crs_ws_fanuc/install/crs_msgs/include/crs_msgs/msg/process_motion_plan.hpp
-- Up-to-date symlink: /root/crs_ws_fanuc/install/crs_msgs/include/crs_msgs/msg/process_motion_plan__struct.hpp
-- Up-to-date symlink: /root/crs_ws_fanuc/install/crs_msgs/include/crs_msgs/msg/process_motion_plan__traits.hpp
-- Up-to-date symlink: /root/crs_ws_fanuc/install/crs_msgs/include/crs_msgs/msg/tool_process_path.hpp
-- Up-to-date symlink: /root/crs_ws_fanuc/install/crs_msgs/include/crs_msgs/msg/tool_process_path__struct.hpp
-- Up-to-date symlink: /root/crs_ws_fanuc/install/crs_msgs/include/crs_msgs/msg/tool_process_path__traits.hpp
-- Up-to-date symlink: /root/crs_ws_fanuc/install/crs_msgs/include/crs_msgs/srv/call_freespace_motion.hpp
-- Up-to-date symlink: /root/crs_ws_fanuc/install/crs_msgs/include/crs_msgs/srv/call_freespace_motion__struct.hpp
-- Up-to-date symlink: /root/crs_ws_fanuc/install/crs_msgs/include/crs_msgs/srv/call_freespace_motion__traits.hpp
-- Up-to-date symlink: /root/crs_ws_fanuc/install/crs_msgs/include/crs_msgs/srv/crop_toolpaths.hpp
-- Up-to-date symlink: /root/crs_ws_fanuc/install/crs_msgs/include/crs_msgs/srv/crop_toolpaths__struct.hpp
-- Up-to-date symlink: /root/crs_ws_fanuc/install/crs_msgs/include/crs_msgs/srv/crop_toolpaths__traits.hpp
-- Up-to-date symlink: /root/crs_ws_fanuc/install/crs_msgs/include/crs_msgs/srv/execute_action.hpp
-- Up-to-date symlink: /root/crs_ws_fanuc/install/crs_msgs/include/crs_msgs/srv/execute_action__struct.hpp
-- Up-to-date symlink: /root/crs_ws_fanuc/install/crs_msgs/include/crs_msgs/srv/execute_action__traits.hpp
-- Up-to-date symlink: /root/crs_ws_fanuc/install/crs_msgs/include/crs_msgs/srv/get_available_actions.hpp
-- Up-to-date symlink: /root/crs_ws_fanuc/install/crs_msgs/include/crs_msgs/srv/get_available_actions__struct.hpp
-- Up-to-date symlink: /root/crs_ws_fanuc/install/crs_msgs/include/crs_msgs/srv/get_available_actions__traits.hpp
-- Up-to-date symlink: /root/crs_ws_fanuc/install/crs_msgs/include/crs_msgs/srv/get_configuration.hpp
-- Up-to-date symlink: /root/crs_ws_fanuc/install/crs_msgs/include/crs_msgs/srv/get_configuration__struct.hpp
-- Up-to-date symlink: /root/crs_ws_fanuc/install/crs_msgs/include/crs_msgs/srv/get_configuration__traits.hpp
-- Up-to-date symlink: /root/crs_ws_fanuc/install/crs_msgs/include/crs_msgs/srv/get_roi_selection.hpp
-- Up-to-date symlink: /root/crs_ws_fanuc/install/crs_msgs/include/crs_msgs/srv/get_roi_selection__struct.hpp
-- Up-to-date symlink: /root/crs_ws_fanuc/install/crs_msgs/include/crs_msgs/srv/get_roi_selection__traits.hpp
-- Up-to-date symlink: /root/crs_ws_fanuc/install/crs_msgs/include/crs_msgs/srv/load_part.hpp
-- Up-to-date symlink: /root/crs_ws_fanuc/install/crs_msgs/include/crs_msgs/srv/load_part__struct.hpp
-- Up-to-date symlink: /root/crs_ws_fanuc/install/crs_msgs/include/crs_msgs/srv/load_part__traits.hpp
-- Up-to-date symlink: /root/crs_ws_fanuc/install/crs_msgs/include/crs_msgs/srv/localize_to_part.hpp
-- Up-to-date symlink: /root/crs_ws_fanuc/install/crs_msgs/include/crs_msgs/srv/localize_to_part__struct.hpp
-- Up-to-date symlink: /root/crs_ws_fanuc/install/crs_msgs/include/crs_msgs/srv/localize_to_part__traits.hpp
-- Up-to-date symlink: /root/crs_ws_fanuc/install/crs_msgs/include/crs_msgs/srv/plan_process_motions.hpp
-- Up-to-date symlink: /root/crs_ws_fanuc/install/crs_msgs/include/crs_msgs/srv/plan_process_motions__struct.hpp
-- Up-to-date symlink: /root/crs_ws_fanuc/install/crs_msgs/include/crs_msgs/srv/plan_process_motions__traits.hpp
-- Up-to-date symlink: /root/crs_ws_fanuc/install/crs_msgs/include/crs_msgs/srv/robot_positioner.hpp
-- Up-to-date symlink: /root/crs_ws_fanuc/install/crs_msgs/include/crs_msgs/srv/robot_positioner__struct.hpp
-- Up-to-date symlink: /root/crs_ws_fanuc/install/crs_msgs/include/crs_msgs/srv/robot_positioner__traits.hpp
-- Up-to-date symlink: /root/crs_ws_fanuc/install/crs_msgs/include/crs_msgs/srv/run_robot_script.hpp
-- Up-to-date symlink: /root/crs_ws_fanuc/install/crs_msgs/include/crs_msgs/srv/run_robot_script__struct.hpp
-- Up-to-date symlink: /root/crs_ws_fanuc/install/crs_msgs/include/crs_msgs/srv/run_robot_script__traits.hpp
-- Up-to-date symlink: /root/crs_ws_fanuc/install/crs_msgs/include/crs_msgs/msg/process_configuration__rosidl_typesupport_introspection_c.h
-- Up-to-date symlink: /root/crs_ws_fanuc/install/crs_msgs/include/crs_msgs/msg/process_motion_plan__rosidl_typesupport_introspection_c.h
-- Up-to-date symlink: /root/crs_ws_fanuc/install/crs_msgs/include/crs_msgs/msg/rosidl_typesupport_introspection_c__visibility_control.h
-- Up-to-date symlink: /root/crs_ws_fanuc/install/crs_msgs/include/crs_msgs/msg/tool_process_path__rosidl_typesupport_introspection_c.h
-- Up-to-date symlink: /root/crs_ws_fanuc/install/crs_msgs/include/crs_msgs/srv/call_freespace_motion__rosidl_typesupport_introspection_c.h
-- Up-to-date symlink: /root/crs_ws_fanuc/install/crs_msgs/include/crs_msgs/srv/crop_toolpaths__rosidl_typesupport_introspection_c.h
-- Up-to-date symlink: /root/crs_ws_fanuc/install/crs_msgs/include/crs_msgs/srv/execute_action__rosidl_typesupport_introspection_c.h
-- Up-to-date symlink: /root/crs_ws_fanuc/install/crs_msgs/include/crs_msgs/srv/get_available_actions__rosidl_typesupport_introspection_c.h
-- Up-to-date symlink: /root/crs_ws_fanuc/install/crs_msgs/include/crs_msgs/srv/get_configuration__rosidl_typesupport_introspection_c.h
-- Up-to-date symlink: /root/crs_ws_fanuc/install/crs_msgs/include/crs_msgs/srv/get_roi_selection__rosidl_typesupport_introspection_c.h
-- Up-to-date symlink: /root/crs_ws_fanuc/install/crs_msgs/include/crs_msgs/srv/load_part__rosidl_typesupport_introspection_c.h
-- Up-to-date symlink: /root/crs_ws_fanuc/install/crs_msgs/include/crs_msgs/srv/localize_to_part__rosidl_typesupport_introspection_c.h
-- Up-to-date symlink: /root/crs_ws_fanuc/install/crs_msgs/include/crs_msgs/srv/plan_process_motions__rosidl_typesupport_introspection_c.h
-- Up-to-date symlink: /root/crs_ws_fanuc/install/crs_msgs/include/crs_msgs/srv/robot_positioner__rosidl_typesupport_introspection_c.h
-- Up-to-date symlink: /root/crs_ws_fanuc/install/crs_msgs/include/crs_msgs/srv/run_robot_script__rosidl_typesupport_introspection_c.h
-- Up-to-date symlink: /root/crs_ws_fanuc/install/crs_msgs/lib/libcrs_msgs__rosidl_typesupport_introspection_c.so
-- Up-to-date symlink: /root/crs_ws_fanuc/install/crs_msgs/include/crs_msgs/msg/process_configuration__rosidl_typesupport_introspection_cpp.hpp
-- Up-to-date symlink: /root/crs_ws_fanuc/install/crs_msgs/include/crs_msgs/msg/process_motion_plan__rosidl_typesupport_introspection_cpp.hpp
-- Up-to-date symlink: /root/crs_ws_fanuc/install/crs_msgs/include/crs_msgs/msg/tool_process_path__rosidl_typesupport_introspection_cpp.hpp
-- Up-to-date symlink: /root/crs_ws_fanuc/install/crs_msgs/include/crs_msgs/srv/call_freespace_motion__rosidl_typesupport_introspection_cpp.hpp
-- Up-to-date symlink: /root/crs_ws_fanuc/install/crs_msgs/include/crs_msgs/srv/crop_toolpaths__rosidl_typesupport_introspection_cpp.hpp
-- Up-to-date symlink: /root/crs_ws_fanuc/install/crs_msgs/include/crs_msgs/srv/execute_action__rosidl_typesupport_introspection_cpp.hpp
-- Up-to-date symlink: /root/crs_ws_fanuc/install/crs_msgs/include/crs_msgs/srv/get_available_actions__rosidl_typesupport_introspection_cpp.hpp
-- Up-to-date symlink: /root/crs_ws_fanuc/install/crs_msgs/include/crs_msgs/srv/get_configuration__rosidl_typesupport_introspection_cpp.hpp
-- Up-to-date symlink: /root/crs_ws_fanuc/install/crs_msgs/include/crs_msgs/srv/get_roi_selection__rosidl_typesupport_introspection_cpp.hpp
-- Up-to-date symlink: /root/crs_ws_fanuc/install/crs_msgs/include/crs_msgs/srv/load_part__rosidl_typesupport_introspection_cpp.hpp
-- Up-to-date symlink: /root/crs_ws_fanuc/install/crs_msgs/include/crs_msgs/srv/localize_to_part__rosidl_typesupport_introspection_cpp.hpp
-- Up-to-date symlink: /root/crs_ws_fanuc/install/crs_msgs/include/crs_msgs/srv/plan_process_motions__rosidl_typesupport_introspection_cpp.hpp
-- Up-to-date symlink: /root/crs_ws_fanuc/install/crs_msgs/include/crs_msgs/srv/robot_positioner__rosidl_typesupport_introspection_cpp.hpp
-- Up-to-date symlink: /root/crs_ws_fanuc/install/crs_msgs/include/crs_msgs/srv/run_robot_script__rosidl_typesupport_introspection_cpp.hpp
-- Up-to-date symlink: /root/crs_ws_fanuc/install/crs_msgs/lib/libcrs_msgs__rosidl_typesupport_introspection_cpp.so
-- Up-to-date symlink: /root/crs_ws_fanuc/install/crs_msgs/share/crs_msgs/environment/pythonpath.sh
-- Up-to-date symlink: /root/crs_ws_fanuc/install/crs_msgs/share/crs_msgs/environment/pythonpath.dsv
-- Up-to-date symlink: /root/crs_ws_fanuc/install/crs_msgs/lib/python3.6/site-packages/crs_msgs/__init__.py
-- Up-to-date symlink: /root/crs_ws_fanuc/install/crs_msgs/lib/python3.6/site-packages/crs_msgs/msg/__init__.py
-- Up-to-date symlink: /root/crs_ws_fanuc/install/crs_msgs/lib/python3.6/site-packages/crs_msgs/msg/_process_configuration.py
-- Up-to-date symlink: /root/crs_ws_fanuc/install/crs_msgs/lib/python3.6/site-packages/crs_msgs/msg/_process_motion_plan.py
-- Up-to-date symlink: /root/crs_ws_fanuc/install/crs_msgs/lib/python3.6/site-packages/crs_msgs/msg/_tool_process_path.py
-- Up-to-date symlink: /root/crs_ws_fanuc/install/crs_msgs/lib/python3.6/site-packages/crs_msgs/srv/__init__.py
-- Up-to-date symlink: /root/crs_ws_fanuc/install/crs_msgs/lib/python3.6/site-packages/crs_msgs/srv/_call_freespace_motion.py
-- Up-to-date symlink: /root/crs_ws_fanuc/install/crs_msgs/lib/python3.6/site-packages/crs_msgs/srv/_crop_toolpaths.py
-- Up-to-date symlink: /root/crs_ws_fanuc/install/crs_msgs/lib/python3.6/site-packages/crs_msgs/srv/_execute_action.py
-- Up-to-date symlink: /root/crs_ws_fanuc/install/crs_msgs/lib/python3.6/site-packages/crs_msgs/srv/_get_available_actions.py
-- Up-to-date symlink: /root/crs_ws_fanuc/install/crs_msgs/lib/python3.6/site-packages/crs_msgs/srv/_get_configuration.py
-- Up-to-date symlink: /root/crs_ws_fanuc/install/crs_msgs/lib/python3.6/site-packages/crs_msgs/srv/_get_roi_selection.py
-- Up-to-date symlink: /root/crs_ws_fanuc/install/crs_msgs/lib/python3.6/site-packages/crs_msgs/srv/_load_part.py
-- Up-to-date symlink: /root/crs_ws_fanuc/install/crs_msgs/lib/python3.6/site-packages/crs_msgs/srv/_localize_to_part.py
-- Up-to-date symlink: /root/crs_ws_fanuc/install/crs_msgs/lib/python3.6/site-packages/crs_msgs/srv/_plan_process_motions.py
-- Up-to-date symlink: /root/crs_ws_fanuc/install/crs_msgs/lib/python3.6/site-packages/crs_msgs/srv/_robot_positioner.py
-- Up-to-date symlink: /root/crs_ws_fanuc/install/crs_msgs/lib/python3.6/site-packages/crs_msgs/srv/_run_robot_script.py
-- Up-to-date symlink: /root/crs_ws_fanuc/install/crs_msgs/lib/python3.6/site-packages/crs_msgs/crs_msgs_s__rosidl_typesupport_c.cpython-36m-x86_64-linux-gnu.so
-- Up-to-date symlink: /root/crs_ws_fanuc/install/crs_msgs/lib/python3.6/site-packages/crs_msgs/crs_msgs_s__rosidl_typesupport_fastrtps_c.cpython-36m-x86_64-linux-gnu.so
-- Up-to-date symlink: /root/crs_ws_fanuc/install/crs_msgs/lib/libcrs_msgs__python.so
-- Up-to-date symlink: /root/crs_ws_fanuc/install/crs_msgs/share/crs_msgs/msg/ProcessConfiguration.idl
-- Up-to-date symlink: /root/crs_ws_fanuc/install/crs_msgs/share/crs_msgs/msg/ProcessMotionPlan.idl
-- Up-to-date symlink: /root/crs_ws_fanuc/install/crs_msgs/share/crs_msgs/msg/ToolProcessPath.idl
-- Up-to-date symlink: /root/crs_ws_fanuc/install/crs_msgs/share/crs_msgs/srv/CallFreespaceMotion.idl
-- Up-to-date symlink: /root/crs_ws_fanuc/install/crs_msgs/share/crs_msgs/srv/GetROISelection.idl
-- Up-to-date symlink: /root/crs_ws_fanuc/install/crs_msgs/share/crs_msgs/srv/LoadPart.idl
-- Up-to-date symlink: /root/crs_ws_fanuc/install/crs_msgs/share/crs_msgs/srv/LocalizeToPart.idl
-- Up-to-date symlink: /root/crs_ws_fanuc/install/crs_msgs/share/crs_msgs/srv/ExecuteAction.idl
-- Up-to-date symlink: /root/crs_ws_fanuc/install/crs_msgs/share/crs_msgs/srv/GetAvailableActions.idl
-- Up-to-date symlink: /root/crs_ws_fanuc/install/crs_msgs/share/crs_msgs/srv/PlanProcessMotions.idl
-- Up-to-date symlink: /root/crs_ws_fanuc/install/crs_msgs/share/crs_msgs/srv/GetConfiguration.idl
-- Up-to-date symlink: /root/crs_ws_fanuc/install/crs_msgs/share/crs_msgs/srv/RobotPositioner.idl
-- Up-to-date symlink: /root/crs_ws_fanuc/install/crs_msgs/share/crs_msgs/srv/CropToolpaths.idl
-- Up-to-date symlink: /root/crs_ws_fanuc/install/crs_msgs/share/crs_msgs/srv/RunRobotScript.idl
-- Up-to-date symlink: /root/crs_ws_fanuc/install/crs_msgs/share/crs_msgs/msg/ProcessConfiguration.msg
-- Up-to-date symlink: /root/crs_ws_fanuc/install/crs_msgs/share/crs_msgs/msg/ProcessMotionPlan.msg
-- Up-to-date symlink: /root/crs_ws_fanuc/install/crs_msgs/share/crs_msgs/msg/ToolProcessPath.msg
-- Up-to-date symlink: /root/crs_ws_fanuc/install/crs_msgs/share/crs_msgs/srv/CallFreespaceMotion.srv
-- Up-to-date symlink: /root/crs_ws_fanuc/install/crs_msgs/share/crs_msgs/srv/CallFreespaceMotion_Request.msg
-- Up-to-date symlink: /root/crs_ws_fanuc/install/crs_msgs/share/crs_msgs/srv/CallFreespaceMotion_Response.msg
-- Up-to-date symlink: /root/crs_ws_fanuc/install/crs_msgs/share/crs_msgs/srv/GetROISelection.srv
-- Up-to-date symlink: /root/crs_ws_fanuc/install/crs_msgs/share/crs_msgs/srv/GetROISelection_Request.msg
-- Up-to-date symlink: /root/crs_ws_fanuc/install/crs_msgs/share/crs_msgs/srv/GetROISelection_Response.msg
-- Up-to-date symlink: /root/crs_ws_fanuc/install/crs_msgs/share/crs_msgs/srv/LoadPart.srv
-- Up-to-date symlink: /root/crs_ws_fanuc/install/crs_msgs/share/crs_msgs/srv/LoadPart_Request.msg
-- Up-to-date symlink: /root/crs_ws_fanuc/install/crs_msgs/share/crs_msgs/srv/LoadPart_Response.msg
-- Up-to-date symlink: /root/crs_ws_fanuc/install/crs_msgs/share/crs_msgs/srv/LocalizeToPart.srv
-- Up-to-date symlink: /root/crs_ws_fanuc/install/crs_msgs/share/crs_msgs/srv/LocalizeToPart_Request.msg
-- Up-to-date symlink: /root/crs_ws_fanuc/install/crs_msgs/share/crs_msgs/srv/LocalizeToPart_Response.msg
-- Up-to-date symlink: /root/crs_ws_fanuc/install/crs_msgs/share/crs_msgs/srv/ExecuteAction.srv
-- Up-to-date symlink: /root/crs_ws_fanuc/install/crs_msgs/share/crs_msgs/srv/ExecuteAction_Request.msg
-- Up-to-date symlink: /root/crs_ws_fanuc/install/crs_msgs/share/crs_msgs/srv/ExecuteAction_Response.msg
-- Up-to-date symlink: /root/crs_ws_fanuc/install/crs_msgs/share/crs_msgs/srv/GetAvailableActions.srv
-- Up-to-date symlink: /root/crs_ws_fanuc/install/crs_msgs/share/crs_msgs/srv/GetAvailableActions_Request.msg
-- Up-to-date symlink: /root/crs_ws_fanuc/install/crs_msgs/share/crs_msgs/srv/GetAvailableActions_Response.msg
-- Up-to-date symlink: /root/crs_ws_fanuc/install/crs_msgs/share/crs_msgs/srv/PlanProcessMotions.srv
-- Up-to-date symlink: /root/crs_ws_fanuc/install/crs_msgs/share/crs_msgs/srv/PlanProcessMotions_Request.msg
-- Up-to-date symlink: /root/crs_ws_fanuc/install/crs_msgs/share/crs_msgs/srv/PlanProcessMotions_Response.msg
-- Up-to-date symlink: /root/crs_ws_fanuc/install/crs_msgs/share/crs_msgs/srv/GetConfiguration.srv
-- Up-to-date symlink: /root/crs_ws_fanuc/install/crs_msgs/share/crs_msgs/srv/GetConfiguration_Request.msg
-- Up-to-date symlink: /root/crs_ws_fanuc/install/crs_msgs/share/crs_msgs/srv/GetConfiguration_Response.msg
-- Up-to-date symlink: /root/crs_ws_fanuc/install/crs_msgs/share/crs_msgs/srv/RobotPositioner.srv
-- Up-to-date symlink: /root/crs_ws_fanuc/install/crs_msgs/share/crs_msgs/srv/RobotPositioner_Request.msg
-- Up-to-date symlink: /root/crs_ws_fanuc/install/crs_msgs/share/crs_msgs/srv/RobotPositioner_Response.msg
-- Up-to-date symlink: /root/crs_ws_fanuc/install/crs_msgs/share/crs_msgs/srv/CropToolpaths.srv
-- Up-to-date symlink: /root/crs_ws_fanuc/install/crs_msgs/share/crs_msgs/srv/CropToolpaths_Request.msg
-- Up-to-date symlink: /root/crs_ws_fanuc/install/crs_msgs/share/crs_msgs/srv/CropToolpaths_Response.msg
-- Up-to-date symlink: /root/crs_ws_fanuc/install/crs_msgs/share/crs_msgs/srv/RunRobotScript.srv
-- Up-to-date symlink: /root/crs_ws_fanuc/install/crs_msgs/share/crs_msgs/srv/RunRobotScript_Request.msg
-- Up-to-date symlink: /root/crs_ws_fanuc/install/crs_msgs/share/crs_msgs/srv/RunRobotScript_Response.msg
-- Up-to-date symlink: /root/crs_ws_fanuc/install/crs_msgs/share/ament_index/resource_index/package_run_dependencies/crs_msgs
-- Up-to-date symlink: /root/crs_ws_fanuc/install/crs_msgs/share/ament_index/resource_index/parent_prefix_path/crs_msgs
-- Up-to-date symlink: /root/crs_ws_fanuc/install/crs_msgs/share/crs_msgs/environment/ament_prefix_path.sh
-- Up-to-date symlink: /root/crs_ws_fanuc/install/crs_msgs/share/crs_msgs/environment/ament_prefix_path.dsv
-- Up-to-date symlink: /root/crs_ws_fanuc/install/crs_msgs/share/crs_msgs/environment/path.sh
-- Up-to-date symlink: /root/crs_ws_fanuc/install/crs_msgs/share/crs_msgs/environment/path.dsv
-- Up-to-date symlink: /root/crs_ws_fanuc/install/crs_msgs/share/crs_msgs/local_setup.bash
-- Up-to-date symlink: /root/crs_ws_fanuc/install/crs_msgs/share/crs_msgs/local_setup.sh
-- Up-to-date symlink: /root/crs_ws_fanuc/install/crs_msgs/share/crs_msgs/local_setup.zsh
-- Up-to-date symlink: /root/crs_ws_fanuc/install/crs_msgs/share/crs_msgs/local_setup.dsv
-- Symlinking: /root/crs_ws_fanuc/install/crs_msgs/share/crs_msgs/package.dsv
-- Up-to-date symlink: /root/crs_ws_fanuc/install/crs_msgs/share/ament_index/resource_index/packages/crs_msgs
-- Up-to-date symlink: /root/crs_ws_fanuc/install/crs_msgs/share/crs_msgs/cmake/rosidl_cmake-extras.cmake
-- Up-to-date symlink: /root/crs_ws_fanuc/install/crs_msgs/share/crs_msgs/cmake/ament_cmake_export_dependencies-extras.cmake
-- Up-to-date symlink: /root/crs_ws_fanuc/install/crs_msgs/share/crs_msgs/cmake/ament_cmake_export_libraries-extras.cmake
-- Up-to-date symlink: /root/crs_ws_fanuc/install/crs_msgs/share/crs_msgs/cmake/ament_cmake_export_include_directories-extras.cmake
-- Up-to-date symlink: /root/crs_ws_fanuc/install/crs_msgs/share/crs_msgs/cmake/crs_msgsConfig.cmake
-- Up-to-date symlink: /root/crs_ws_fanuc/install/crs_msgs/share/crs_msgs/cmake/crs_msgsConfig-version.cmake
-- Up-to-date symlink: /root/crs_ws_fanuc/install/crs_msgs/share/crs_msgs/package.xml
Compiling '/root/crs_ws_fanuc/install/crs_msgs/lib/python3.6/site-packages/crs_msgs/__init__.py'...
